main.py:19: FutureWarning: Passing a negative integer is deprecated in version 1.0 and will not be supported in future version. Instead, use None to not limit the column width.
  pd.set_option('max_colwidth', -1)
2022-07-11 16:21:27,807 - main.py[line:581] - INFO: load query config config/query/census2.json successfully
2022-07-11 16:21:27,808 - main.py[line:588] - INFO: load train config ./config/train/census2_a_torch_cvae.json successfully
2022-07-11 16:21:27,808 - main.py[line:588] - INFO: load train config ./config/train/census2_b_torch_cvae.json successfully
2022-07-11 16:21:27,808 - dataset_utils.py[line:567] - INFO: load existing dataset(light):census2-adult-a_a_education_num#a_relationship_a_fnlwgt#a_age#a_hours_per_week_a_education_num#a_relationship_binary_gaussian5_0
2022-07-11 16:21:27,926 - dataset_utils.py[line:576] - INFO: load dataset(light) time elapsed:0.11814074218273163
2022-07-11 16:21:27,926 - pytorch_cvae.py[line:276] - INFO: feature info:[('a_fnlwgt', 'numerical', 6), ('a_age', 'numerical', 6), ('a_hours_per_week', 'numerical', 6), ('a_education_num', 'categorical', 5), ('a_relationship', 'categorical', 4)]
2022-07-11 16:21:27,929 - model_utils.py[line:75] - INFO: load model name:torch_cvae_census2-adult-a_a_education_num_a_relationship_ld50_id100_bs512_ep150_0_binary_gaussian5
2022-07-11 16:21:30,008 - model_utils.py[line:86] - INFO: load torch model time elapsed:2.079095747321844
2022-07-11 16:21:30,008 - pytorch_cvae.py[line:286] - INFO: load model time elapsed:2.2000240720808506
2022-07-11 16:21:30,008 - dataset_utils.py[line:567] - INFO: load existing dataset(light):census2-adult-b_b_education_num__b_education_num_binary_gaussian5_0
2022-07-11 16:21:30,016 - dataset_utils.py[line:576] - INFO: load dataset(light) time elapsed:0.00859232246875763
2022-07-11 16:21:30,017 - pytorch_cvae.py[line:276] - INFO: feature info:[('b_education_num', 'categorical', 5)]
2022-07-11 16:21:30,017 - model_utils.py[line:75] - INFO: load model name:torch_cvae_census2-adult-b_b_education_num_ld50_id100_bs512_ep150_0_binary_gaussian5
2022-07-11 16:21:30,018 - model_utils.py[line:86] - INFO: load torch model time elapsed:0.0014100223779678345
2022-07-11 16:21:30,019 - pytorch_cvae.py[line:286] - INFO: load model time elapsed:0.010738316923379898
2022-07-11 16:21:30,019 - main.py[line:525] - INFO: multi_sampling No.0 epoch
2022-07-11 16:21:30,024 - main.py[line:525] - INFO: multi_sampling No.1 epoch
2022-07-11 16:21:30,026 - main.py[line:525] - INFO: multi_sampling No.2 epoch
2022-07-11 16:21:35,258 - pytorch_cvae.py[line:399] - INFO: sampling time:5.2309441938996315
2022-07-11 16:21:35,377 - pytorch_cvae.py[line:419] - INFO: house sampling rate:0.05
2022-07-11 16:21:35,416 - pytorch_cvae.py[line:399] - INFO: sampling time:0.0384993851184845
2022-07-11 16:21:35,593 - pytorch_cvae.py[line:399] - INFO: sampling time:5.573883511126041
2022-07-11 16:21:36,420 - pytorch_cvae.py[line:419] - INFO: house sampling rate:0.05
2022-07-11 16:21:36,697 - pytorch_cvae.py[line:399] - INFO: sampling time:6.6717443242669106
2022-07-11 16:21:37,020 - pytorch_cvae.py[line:399] - INFO: sampling time:0.5996979884803295
2022-07-11 16:21:37,100 - pytorch_cvae.py[line:419] - INFO: house sampling rate:0.05
2022-07-11 16:21:37,129 - pytorch_cvae.py[line:399] - INFO: sampling time:0.02894182875752449
2022-07-11 16:21:39,587 - main.py[line:509] - INFO: sample and aggregation time elapsed:9.560474045574665
2022-07-11 16:21:42,238 - main.py[line:509] - INFO: sample and aggregation time elapsed:12.218935493379831
2022-07-11 16:21:42,390 - main.py[line:509] - INFO: sample and aggregation time elapsed:12.365100599825382
2022-07-11 16:21:42,396 - main.py[line:542] - INFO: sample time: 12.377114098519087
2022-07-11 16:21:42,417 - main.py[line:99] - INFO: aqp result:
                 avg(a_age)  avg(a_hours_per_week)  avg(a_fnlwgt)  \
a_relationship                                                      
 Husband        38.39       39.57                  164499.41        
 Not-in-family  38.68       39.83                  162355.07        
 Other-relative 38.42       39.17                  165516.29        
 Own-child      38.43       39.48                  161668.14        
 Unmarried      38.54       39.51                  165441.72        
 Wife           38.40       39.77                  162843.26        

                    sum(a_age)  sum(a_hours_per_week)      sum(a_fnlwgt)  
a_relationship                                                            
 Husband        67099270456.48 69113742295.33         285257270818539.75  
 Not-in-family  41909876428.55 43195885456.91         174677679399826.78  
 Other-relative 4994928731.54  5080045174.64          21415544139658.41   
 Own-child      25602120562.25 26337677358.66         107233621004775.80  
 Unmarried      17350448913.96 17771654373.72         74179344279080.59   
 Wife           7917482390.00  8229232478.19          33278857806174.56   
2022-07-11 16:21:42,419 - main.py[line:100] - INFO: ground truth:
                  sum(a_age)  avg(a_age)  sum(a_hours_per_week)  \
a_relationship                                                    
 Husband         67336778711 38.56       68899110194.66           
 Not-in-family   41827073623 38.59       42810427388.84           
 Other-relative  5037094237  38.68       5141772942.15            
 Own-child       25797235202 38.55       26454626717.27           
 Unmarried       17331498534 38.45       17819579495.68           
 Wife            7997160861  38.65       8207121739.90            

                 avg(a_hours_per_week)      sum(a_fnlwgt)  avg(a_fnlwgt)  
a_relationship                                                            
 Husband        39.45                  310572167983047.88 177825.58       
 Not-in-family  39.50                  191808644855494.41 176987.00       
 Other-relative 39.49                  22869586720519.45  175631.92       
 Own-child      39.53                  118612573522643.98 177245.50       
 Unmarried      39.53                  79477737836955.09  176330.54       
 Wife           39.67                  36446539396432.31  176153.23       
2022-07-11 16:21:42,429 - main.py[line:550] - INFO: relative error:
                 avg(a_age)  avg(a_fnlwgt)  avg(a_hours_per_week)  sum(a_age)  \
a_relationship                                                                  
 Husband        0.00        0.07           0.00                   0.00          
 Not-in-family  0.00        0.08           0.01                   0.00          
 Other-relative 0.01        0.06           0.01                   0.01          
 Own-child      0.00        0.09           0.00                   0.01          
 Unmarried      0.00        0.06           0.00                   0.00          
 Wife           0.01        0.08           0.00                   0.01          

                 sum(a_fnlwgt)  sum(a_hours_per_week)  
a_relationship                                         
 Husband        0.08           0.00                    
 Not-in-family  0.09           0.01                    
 Other-relative 0.06           0.01                    
 Own-child      0.10           0.00                    
 Unmarried      0.07           0.00                    
 Wife           0.09           0.00                    
2022-07-11 16:21:42,430 - main.py[line:551] - INFO: relative error normalized:
                 avg(a_age)  avg(a_fnlwgt)  avg(a_hours_per_week)  sum(a_age)  \
a_relationship                                                                  
 Husband        0.00        0.07           0.00                   0.00          
 Not-in-family  0.00        0.08           0.01                   0.00          
 Other-relative 0.01        0.06           0.01                   0.01          
 Own-child      0.00        0.08           0.00                   0.01          
 Unmarried      0.00        0.06           0.00                   0.00          
 Wife           0.01        0.07           0.00                   0.01          

                 sum(a_fnlwgt)  sum(a_hours_per_week)  
a_relationship                                         
 Husband        0.08           0.00                    
 Not-in-family  0.09           0.01                    
 Other-relative 0.06           0.01                    
 Own-child      0.09           0.00                    
 Unmarried      0.06           0.00                    
 Wife           0.08           0.00                    
2022-07-11 16:21:42,430 - main.py[line:554] - INFO: relative error average: 0.028890669213740023
2022-07-11 16:21:42,430 - main.py[line:555] - INFO: relative error normalized average: 0.027894136874879887
2022-07-11 16:21:42,433 - main.py[line:601] - INFO: total_time:14.62511933222413
categorical_columns: ['a_education_num_0', 'a_education_num_1', 'a_education_num_2', 'a_education_num_3', 'a_education_num_4', 'a_relationship_0', 'a_relationship_1', 'a_relationship_2', 'a_relationship_3']
categorical_columns: ['a_education_num_0', 'a_education_num_1', 'a_education_num_2', 'a_education_num_3', 'a_education_num_4', 'a_relationship_0', 'a_relationship_1', 'a_relationship_2', 'a_relationship_3']
categorical_columns: ['a_education_num_0', 'a_education_num_1', 'a_education_num_2', 'a_education_num_3', 'a_education_num_4', 'a_relationship_0', 'a_relationship_1', 'a_relationship_2', 'a_relationship_3']
categorical_columns: ['b_education_num_0', 'b_education_num_1', 'b_education_num_2', 'b_education_num_3', 'b_education_num_4']
categorical_columns: ['b_education_num_0', 'b_education_num_1', 'b_education_num_2', 'b_education_num_3', 'b_education_num_4']
categorical_columns: ['b_education_num_0', 'b_education_num_1', 'b_education_num_2', 'b_education_num_3', 'b_education_num_4']
