main.py:19: FutureWarning: Passing a negative integer is deprecated in version 1.0 and will not be supported in future version. Instead, use None to not limit the column width.
  pd.set_option('max_colwidth', -1)
2022-07-11 16:19:45,490 - main.py[line:581] - INFO: load query config config/query/census2.json successfully
2022-07-11 16:19:45,490 - main.py[line:588] - INFO: load train config ./config/train/census2_a_torch_cvae.json successfully
2022-07-11 16:19:45,491 - main.py[line:588] - INFO: load train config ./config/train/census2_b_torch_cvae.json successfully
2022-07-11 16:19:45,491 - dataset_utils.py[line:567] - INFO: load existing dataset(light):census2-adult-a_a_education_num#a_relationship_a_fnlwgt#a_age#a_hours_per_week_a_education_num#a_relationship_binary_gaussian5_0
2022-07-11 16:19:45,609 - dataset_utils.py[line:576] - INFO: load dataset(light) time elapsed:0.1178826317191124
2022-07-11 16:19:45,609 - pytorch_cvae.py[line:276] - INFO: feature info:[('a_fnlwgt', 'numerical', 6), ('a_age', 'numerical', 6), ('a_hours_per_week', 'numerical', 6), ('a_education_num', 'categorical', 5), ('a_relationship', 'categorical', 4)]
2022-07-11 16:19:45,611 - model_utils.py[line:75] - INFO: load model name:torch_cvae_census2-adult-a_a_education_num_a_relationship_ld50_id100_bs512_ep150_0_binary_gaussian5
2022-07-11 16:19:47,681 - model_utils.py[line:86] - INFO: load torch model time elapsed:2.0699332170188427
2022-07-11 16:19:47,681 - pytorch_cvae.py[line:286] - INFO: load model time elapsed:2.190439209342003
2022-07-11 16:19:47,681 - dataset_utils.py[line:567] - INFO: load existing dataset(light):census2-adult-b_b_education_num__b_education_num_binary_gaussian5_0
2022-07-11 16:19:47,689 - dataset_utils.py[line:576] - INFO: load dataset(light) time elapsed:0.00806058943271637
2022-07-11 16:19:47,689 - pytorch_cvae.py[line:276] - INFO: feature info:[('b_education_num', 'categorical', 5)]
2022-07-11 16:19:47,690 - model_utils.py[line:75] - INFO: load model name:torch_cvae_census2-adult-b_b_education_num_ld50_id100_bs512_ep150_0_binary_gaussian5
2022-07-11 16:19:47,691 - model_utils.py[line:86] - INFO: load torch model time elapsed:0.0013666264712810516
2022-07-11 16:19:47,691 - pytorch_cvae.py[line:286] - INFO: load model time elapsed:0.010146867483854294
2022-07-11 16:19:47,691 - main.py[line:525] - INFO: multi_sampling No.0 epoch
2022-07-11 16:19:47,697 - main.py[line:525] - INFO: multi_sampling No.1 epoch
2022-07-11 16:19:47,698 - main.py[line:525] - INFO: multi_sampling No.2 epoch
2022-07-11 16:19:48,682 - pytorch_cvae.py[line:399] - INFO: sampling time:0.9823762327432632
2022-07-11 16:19:48,738 - pytorch_cvae.py[line:419] - INFO: house sampling rate:0.05
2022-07-11 16:19:49,024 - pytorch_cvae.py[line:399] - INFO: sampling time:1.3316588029265404
2022-07-11 16:19:49,317 - pytorch_cvae.py[line:419] - INFO: house sampling rate:0.05
2022-07-11 16:19:49,360 - pytorch_cvae.py[line:399] - INFO: sampling time:1.6627590171992779
2022-07-11 16:19:49,397 - pytorch_cvae.py[line:419] - INFO: house sampling rate:0.05
2022-07-11 16:19:49,432 - pytorch_cvae.py[line:399] - INFO: sampling time:0.6941537111997604
2022-07-11 16:19:49,504 - pytorch_cvae.py[line:399] - INFO: sampling time:0.1864451766014099
2022-07-11 16:19:49,656 - pytorch_cvae.py[line:399] - INFO: sampling time:0.258854653686285
2022-07-11 16:19:50,247 - main.py[line:509] - INFO: sample and aggregation time elapsed:2.5478284806013107
2022-07-11 16:19:50,585 - main.py[line:509] - INFO: sample and aggregation time elapsed:2.887826006859541
2022-07-11 16:19:50,619 - main.py[line:509] - INFO: sample and aggregation time elapsed:2.927331317216158
2022-07-11 16:19:50,623 - main.py[line:542] - INFO: sample time: 2.9319183453917503
2022-07-11 16:19:50,644 - main.py[line:99] - INFO: aqp result:
                 avg(a_age)  avg(a_hours_per_week)  avg(a_fnlwgt)  \
a_relationship                                                      
 Husband        38.20       39.67                  162044.77        
 Not-in-family  38.87       39.77                  160134.75        
 Other-relative 38.37       39.71                  168356.43        
 Own-child      38.78       39.75                  161433.15        
 Unmarried      38.98       39.65                  166687.51        
 Wife           38.11       39.27                  160691.62        

                    sum(a_age)  sum(a_hours_per_week)      sum(a_fnlwgt)  
a_relationship                                                            
 Husband        66400986646.17 69025691750.52         281371921618025.97  
 Not-in-family  41957294898.27 42870997925.28         170722108660188.22  
 Other-relative 4994862755.92  5163350168.32          21836787612687.09   
 Own-child      25825077663.98 26547556638.82         106810126782245.25  
 Unmarried      17542765445.28 17737856028.36         74750657886778.44   
 Wife           7747165125.98  8015071125.70          32938825095760.54   
2022-07-11 16:19:50,646 - main.py[line:100] - INFO: ground truth:
                  sum(a_age)  avg(a_age)  sum(a_hours_per_week)  \
a_relationship                                                    
 Husband         67336778711 38.56       68899110194.66           
 Not-in-family   41827073623 38.59       42810427388.84           
 Other-relative  5037094237  38.68       5141772942.15            
 Own-child       25797235202 38.55       26454626717.27           
 Unmarried       17331498534 38.45       17819579495.68           
 Wife            7997160861  38.65       8207121739.90            

                 avg(a_hours_per_week)      sum(a_fnlwgt)  avg(a_fnlwgt)  
a_relationship                                                            
 Husband        39.45                  310572167983047.88 177825.58       
 Not-in-family  39.50                  191808644855494.41 176987.00       
 Other-relative 39.49                  22869586720519.45  175631.92       
 Own-child      39.53                  118612573522643.98 177245.50       
 Unmarried      39.53                  79477737836955.09  176330.54       
 Wife           39.67                  36446539396432.31  176153.23       
2022-07-11 16:19:50,655 - main.py[line:550] - INFO: relative error:
                 avg(a_age)  avg(a_fnlwgt)  avg(a_hours_per_week)  sum(a_age)  \
a_relationship                                                                  
 Husband        0.01        0.09           0.01                   0.01          
 Not-in-family  0.01        0.10           0.01                   0.00          
 Other-relative 0.01        0.04           0.01                   0.01          
 Own-child      0.01        0.09           0.01                   0.00          
 Unmarried      0.01        0.05           0.00                   0.01          
 Wife           0.01        0.09           0.01                   0.03          

                 sum(a_fnlwgt)  sum(a_hours_per_week)  
a_relationship                                         
 Husband        0.09           0.00                    
 Not-in-family  0.11           0.00                    
 Other-relative 0.05           0.00                    
 Own-child      0.10           0.00                    
 Unmarried      0.06           0.00                    
 Wife           0.10           0.02                    
2022-07-11 16:19:50,656 - main.py[line:551] - INFO: relative error normalized:
                 avg(a_age)  avg(a_fnlwgt)  avg(a_hours_per_week)  sum(a_age)  \
a_relationship                                                                  
 Husband        0.01        0.08           0.01                   0.01          
 Not-in-family  0.01        0.09           0.01                   0.00          
 Other-relative 0.01        0.04           0.01                   0.01          
 Own-child      0.01        0.09           0.01                   0.00          
 Unmarried      0.01        0.05           0.00                   0.01          
 Wife           0.01        0.08           0.01                   0.03          

                 sum(a_fnlwgt)  sum(a_hours_per_week)  
a_relationship                                         
 Husband        0.09           0.00                    
 Not-in-family  0.10           0.00                    
 Other-relative 0.04           0.00                    
 Own-child      0.09           0.00                    
 Unmarried      0.06           0.00                    
 Wife           0.09           0.02                    
2022-07-11 16:19:50,657 - main.py[line:554] - INFO: relative error average: 0.03234970608512131
2022-07-11 16:19:50,657 - main.py[line:555] - INFO: relative error normalized average: 0.03119165313032526
2022-07-11 16:19:50,659 - main.py[line:601] - INFO: total_time:5.168924264609814
categorical_columns: ['a_education_num_0', 'a_education_num_1', 'a_education_num_2', 'a_education_num_3', 'a_education_num_4', 'a_relationship_0', 'a_relationship_1', 'a_relationship_2', 'a_relationship_3']
categorical_columns: ['a_education_num_0', 'a_education_num_1', 'a_education_num_2', 'a_education_num_3', 'a_education_num_4', 'a_relationship_0', 'a_relationship_1', 'a_relationship_2', 'a_relationship_3']
categorical_columns: ['a_education_num_0', 'a_education_num_1', 'a_education_num_2', 'a_education_num_3', 'a_education_num_4', 'a_relationship_0', 'a_relationship_1', 'a_relationship_2', 'a_relationship_3']
categorical_columns: ['b_education_num_0', 'b_education_num_1', 'b_education_num_2', 'b_education_num_3', 'b_education_num_4']
categorical_columns: ['b_education_num_0', 'b_education_num_1', 'b_education_num_2', 'b_education_num_3', 'b_education_num_4']
categorical_columns: ['b_education_num_0', 'b_education_num_1', 'b_education_num_2', 'b_education_num_3', 'b_education_num_4']
