main.py:19: FutureWarning: Passing a negative integer is deprecated in version 1.0 and will not be supported in future version. Instead, use None to not limit the column width.
  pd.set_option('max_colwidth', -1)
2022-07-11 16:20:02,634 - main.py[line:581] - INFO: load query config config/query/census2.json successfully
2022-07-11 16:20:02,635 - main.py[line:588] - INFO: load train config ./config/train/census2_a_torch_cvae.json successfully
2022-07-11 16:20:02,635 - main.py[line:588] - INFO: load train config ./config/train/census2_b_torch_cvae.json successfully
2022-07-11 16:20:02,635 - dataset_utils.py[line:567] - INFO: load existing dataset(light):census2-adult-a_a_education_num#a_relationship_a_fnlwgt#a_age#a_hours_per_week_a_education_num#a_relationship_binary_gaussian5_0
2022-07-11 16:20:02,752 - dataset_utils.py[line:576] - INFO: load dataset(light) time elapsed:0.11784419417381287
2022-07-11 16:20:02,753 - pytorch_cvae.py[line:276] - INFO: feature info:[('a_fnlwgt', 'numerical', 6), ('a_age', 'numerical', 6), ('a_hours_per_week', 'numerical', 6), ('a_education_num', 'categorical', 5), ('a_relationship', 'categorical', 4)]
2022-07-11 16:20:02,755 - model_utils.py[line:75] - INFO: load model name:torch_cvae_census2-adult-a_a_education_num_a_relationship_ld50_id100_bs512_ep150_0_binary_gaussian5
2022-07-11 16:20:04,828 - model_utils.py[line:86] - INFO: load torch model time elapsed:2.07328499853611
2022-07-11 16:20:04,829 - pytorch_cvae.py[line:286] - INFO: load model time elapsed:2.1939556896686554
2022-07-11 16:20:04,829 - dataset_utils.py[line:567] - INFO: load existing dataset(light):census2-adult-b_b_education_num__b_education_num_binary_gaussian5_0
2022-07-11 16:20:04,838 - dataset_utils.py[line:576] - INFO: load dataset(light) time elapsed:0.00912727415561676
2022-07-11 16:20:04,838 - pytorch_cvae.py[line:276] - INFO: feature info:[('b_education_num', 'categorical', 5)]
2022-07-11 16:20:04,838 - model_utils.py[line:75] - INFO: load model name:torch_cvae_census2-adult-b_b_education_num_ld50_id100_bs512_ep150_0_binary_gaussian5
2022-07-11 16:20:04,840 - model_utils.py[line:86] - INFO: load torch model time elapsed:0.0014030113816261292
2022-07-11 16:20:04,840 - pytorch_cvae.py[line:286] - INFO: load model time elapsed:0.011277873069047928
2022-07-11 16:20:04,840 - main.py[line:525] - INFO: multi_sampling No.0 epoch
2022-07-11 16:20:04,845 - main.py[line:525] - INFO: multi_sampling No.1 epoch
2022-07-11 16:20:04,847 - main.py[line:525] - INFO: multi_sampling No.2 epoch
2022-07-11 16:20:06,015 - pytorch_cvae.py[line:399] - INFO: sampling time:1.1689558736979961
2022-07-11 16:20:06,077 - pytorch_cvae.py[line:419] - INFO: house sampling rate:0.05
2022-07-11 16:20:08,106 - pytorch_cvae.py[line:399] - INFO: sampling time:2.029010158032179
2022-07-11 16:20:08,211 - pytorch_cvae.py[line:399] - INFO: sampling time:3.3623612634837627
2022-07-11 16:20:08,753 - pytorch_cvae.py[line:399] - INFO: sampling time:3.9121445305645466
2022-07-11 16:20:08,785 - pytorch_cvae.py[line:419] - INFO: house sampling rate:0.05
2022-07-11 16:20:08,841 - pytorch_cvae.py[line:419] - INFO: house sampling rate:0.05
2022-07-11 16:20:08,890 - pytorch_cvae.py[line:399] - INFO: sampling time:0.048602230846881866
2022-07-11 16:20:08,951 - pytorch_cvae.py[line:399] - INFO: sampling time:0.1654214821755886
2022-07-11 16:20:09,905 - main.py[line:509] - INFO: sample and aggregation time elapsed:5.05911261215806
2022-07-11 16:20:11,157 - main.py[line:509] - INFO: sample and aggregation time elapsed:6.309172842651606
2022-07-11 16:20:11,245 - main.py[line:509] - INFO: sample and aggregation time elapsed:6.404403369873762
2022-07-11 16:20:11,250 - main.py[line:542] - INFO: sample time: 6.409598108381033
2022-07-11 16:20:11,270 - main.py[line:99] - INFO: aqp result:
                 avg(a_age)  avg(a_hours_per_week)  avg(a_fnlwgt)  \
a_relationship                                                      
 Husband        38.29       39.56                  163646.10        
 Not-in-family  38.29       39.33                  161346.42        
 Other-relative 38.37       39.30                  168402.53        
 Own-child      38.50       39.62                  164131.63        
 Unmarried      38.47       39.51                  163719.53        
 Wife           38.70       39.40                  160264.38        

                    sum(a_age)  sum(a_hours_per_week)      sum(a_fnlwgt)  
a_relationship                                                            
 Husband        66724074041.83 68910605398.22         284749334461479.81  
 Not-in-family  41234345161.49 42313369282.00         172351647605120.22  
 Other-relative 4977589040.59  5053768106.77          21780300194949.33   
 Own-child      25727362799.03 26272603585.91         109634831515306.31  
 Unmarried      17322889642.96 17696653866.49         73143320425237.91   
 Wife           7983706526.51  8092978276.23          32704859368099.57   
2022-07-11 16:20:11,272 - main.py[line:100] - INFO: ground truth:
                  sum(a_age)  avg(a_age)  sum(a_hours_per_week)  \
a_relationship                                                    
 Husband         67336778711 38.56       68899110194.66           
 Not-in-family   41827073623 38.59       42810427388.84           
 Other-relative  5037094237  38.68       5141772942.15            
 Own-child       25797235202 38.55       26454626717.27           
 Unmarried       17331498534 38.45       17819579495.68           
 Wife            7997160861  38.65       8207121739.90            

                 avg(a_hours_per_week)      sum(a_fnlwgt)  avg(a_fnlwgt)  
a_relationship                                                            
 Husband        39.45                  310572167983047.88 177825.58       
 Not-in-family  39.50                  191808644855494.41 176987.00       
 Other-relative 39.49                  22869586720519.45  175631.92       
 Own-child      39.53                  118612573522643.98 177245.50       
 Unmarried      39.53                  79477737836955.09  176330.54       
 Wife           39.67                  36446539396432.31  176153.23       
2022-07-11 16:20:11,281 - main.py[line:550] - INFO: relative error:
                 avg(a_age)  avg(a_fnlwgt)  avg(a_hours_per_week)  sum(a_age)  \
a_relationship                                                                  
 Husband        0.01        0.08           0.00                   0.01          
 Not-in-family  0.01        0.09           0.00                   0.01          
 Other-relative 0.01        0.04           0.00                   0.01          
 Own-child      0.00        0.07           0.00                   0.00          
 Unmarried      0.00        0.07           0.00                   0.00          
 Wife           0.00        0.09           0.01                   0.00          

                 sum(a_fnlwgt)  sum(a_hours_per_week)  
a_relationship                                         
 Husband        0.08           0.00                    
 Not-in-family  0.10           0.01                    
 Other-relative 0.05           0.02                    
 Own-child      0.08           0.01                    
 Unmarried      0.08           0.01                    
 Wife           0.10           0.01                    
2022-07-11 16:20:11,283 - main.py[line:551] - INFO: relative error normalized:
                 avg(a_age)  avg(a_fnlwgt)  avg(a_hours_per_week)  sum(a_age)  \
a_relationship                                                                  
 Husband        0.01        0.08           0.00                   0.01          
 Not-in-family  0.01        0.08           0.00                   0.01          
 Other-relative 0.01        0.04           0.00                   0.01          
 Own-child      0.00        0.07           0.00                   0.00          
 Unmarried      0.00        0.07           0.00                   0.00          
 Wife           0.00        0.09           0.01                   0.00          

                 sum(a_fnlwgt)  sum(a_hours_per_week)  
a_relationship                                         
 Husband        0.08           0.00                    
 Not-in-family  0.10           0.01                    
 Other-relative 0.05           0.02                    
 Own-child      0.07           0.01                    
 Unmarried      0.08           0.01                    
 Wife           0.10           0.01                    
2022-07-11 16:20:11,283 - main.py[line:554] - INFO: relative error average: 0.02997707933594524
2022-07-11 16:20:11,283 - main.py[line:555] - INFO: relative error normalized average: 0.028921848605334
2022-07-11 16:20:11,285 - main.py[line:601] - INFO: total_time:8.65107598528266
categorical_columns: ['a_education_num_0', 'a_education_num_1', 'a_education_num_2', 'a_education_num_3', 'a_education_num_4', 'a_relationship_0', 'a_relationship_1', 'a_relationship_2', 'a_relationship_3']
categorical_columns: ['a_education_num_0', 'a_education_num_1', 'a_education_num_2', 'a_education_num_3', 'a_education_num_4', 'a_relationship_0', 'a_relationship_1', 'a_relationship_2', 'a_relationship_3']
categorical_columns: ['a_education_num_0', 'a_education_num_1', 'a_education_num_2', 'a_education_num_3', 'a_education_num_4', 'a_relationship_0', 'a_relationship_1', 'a_relationship_2', 'a_relationship_3']
categorical_columns: ['b_education_num_0', 'b_education_num_1', 'b_education_num_2', 'b_education_num_3', 'b_education_num_4']
categorical_columns: ['b_education_num_0', 'b_education_num_1', 'b_education_num_2', 'b_education_num_3', 'b_education_num_4']
categorical_columns: ['b_education_num_0', 'b_education_num_1', 'b_education_num_2', 'b_education_num_3', 'b_education_num_4']
