main.py:19: FutureWarning: Passing a negative integer is deprecated in version 1.0 and will not be supported in future version. Instead, use None to not limit the column width.
  pd.set_option('max_colwidth', -1)
2022-07-11 16:20:14,293 - main.py[line:581] - INFO: load query config config/query/census2.json successfully
2022-07-11 16:20:14,293 - main.py[line:588] - INFO: load train config ./config/train/census2_a_torch_cvae.json successfully
2022-07-11 16:20:14,293 - main.py[line:588] - INFO: load train config ./config/train/census2_b_torch_cvae.json successfully
2022-07-11 16:20:14,293 - dataset_utils.py[line:567] - INFO: load existing dataset(light):census2-adult-a_a_education_num#a_relationship_a_fnlwgt#a_age#a_hours_per_week_a_education_num#a_relationship_binary_gaussian5_0
2022-07-11 16:20:14,410 - dataset_utils.py[line:576] - INFO: load dataset(light) time elapsed:0.11611279845237732
2022-07-11 16:20:14,410 - pytorch_cvae.py[line:276] - INFO: feature info:[('a_fnlwgt', 'numerical', 6), ('a_age', 'numerical', 6), ('a_hours_per_week', 'numerical', 6), ('a_education_num', 'categorical', 5), ('a_relationship', 'categorical', 4)]
2022-07-11 16:20:14,412 - model_utils.py[line:75] - INFO: load model name:torch_cvae_census2-adult-a_a_education_num_a_relationship_ld50_id100_bs512_ep150_0_binary_gaussian5
2022-07-11 16:20:16,480 - model_utils.py[line:86] - INFO: load torch model time elapsed:2.0674194991588593
2022-07-11 16:20:16,480 - pytorch_cvae.py[line:286] - INFO: load model time elapsed:2.186345439404249
2022-07-11 16:20:16,480 - dataset_utils.py[line:567] - INFO: load existing dataset(light):census2-adult-b_b_education_num__b_education_num_binary_gaussian5_0
2022-07-11 16:20:16,489 - dataset_utils.py[line:576] - INFO: load dataset(light) time elapsed:0.009439121931791306
2022-07-11 16:20:16,489 - pytorch_cvae.py[line:276] - INFO: feature info:[('b_education_num', 'categorical', 5)]
2022-07-11 16:20:16,490 - model_utils.py[line:75] - INFO: load model name:torch_cvae_census2-adult-b_b_education_num_ld50_id100_bs512_ep150_0_binary_gaussian5
2022-07-11 16:20:16,491 - model_utils.py[line:86] - INFO: load torch model time elapsed:0.0013988502323627472
2022-07-11 16:20:16,491 - pytorch_cvae.py[line:286] - INFO: load model time elapsed:0.011577580124139786
2022-07-11 16:20:16,491 - main.py[line:525] - INFO: multi_sampling No.0 epoch
2022-07-11 16:20:16,497 - main.py[line:525] - INFO: multi_sampling No.1 epoch
2022-07-11 16:20:16,499 - main.py[line:525] - INFO: multi_sampling No.2 epoch
2022-07-11 16:20:17,754 - pytorch_cvae.py[line:399] - INFO: sampling time:1.2562753893435001
2022-07-11 16:20:17,831 - pytorch_cvae.py[line:419] - INFO: house sampling rate:0.05
2022-07-11 16:20:18,704 - pytorch_cvae.py[line:399] - INFO: sampling time:0.8734557032585144
2022-07-11 16:20:18,805 - pytorch_cvae.py[line:399] - INFO: sampling time:2.3129016757011414
2022-07-11 16:20:19,050 - pytorch_cvae.py[line:419] - INFO: house sampling rate:0.05
2022-07-11 16:20:19,445 - pytorch_cvae.py[line:399] - INFO: sampling time:2.9449364356696606
2022-07-11 16:20:19,668 - pytorch_cvae.py[line:419] - INFO: house sampling rate:0.05
2022-07-11 16:20:19,725 - pytorch_cvae.py[line:399] - INFO: sampling time:0.6747236400842667
2022-07-11 16:20:19,772 - pytorch_cvae.py[line:399] - INFO: sampling time:0.10384547337889671
2022-07-11 16:20:21,301 - main.py[line:509] - INFO: sample and aggregation time elapsed:4.804551120847464
2022-07-11 16:20:22,548 - main.py[line:509] - INFO: sample and aggregation time elapsed:6.056147336959839
2022-07-11 16:20:22,656 - main.py[line:509] - INFO: sample and aggregation time elapsed:6.1564177088439465
2022-07-11 16:20:22,658 - main.py[line:542] - INFO: sample time: 6.1669662073254585
2022-07-11 16:20:22,667 - main.py[line:99] - INFO: aqp result:
                 avg(a_age)  avg(a_hours_per_week)  avg(a_fnlwgt)  \
a_relationship                                                      
 Husband        38.41       39.83                  165129.10        
 Not-in-family  38.49       39.76                  164676.00        
 Other-relative 38.20       39.69                  165551.97        
 Own-child      38.49       39.76                  164045.02        
 Unmarried      38.13       39.41                  164567.86        
 Wife           38.43       39.70                  163824.59        

                    sum(a_age)  sum(a_hours_per_week)      sum(a_fnlwgt)  
a_relationship                                                            
 Husband        67053580891.68 69509501165.23         287617929845025.81  
 Not-in-family  41712929332.03 42992201725.02         178528582087915.41  
 Other-relative 4983258347.19  5155124318.20          21463304284374.68   
 Own-child      25665452015.52 26593442350.14         108500799004386.05  
 Unmarried      17123266543.88 17704784525.97         73657200187124.44   
 Wife           7918730150.37  8190975552.40          33804488119947.02   
2022-07-11 16:20:22,668 - main.py[line:100] - INFO: ground truth:
                  sum(a_age)  avg(a_age)  sum(a_hours_per_week)  \
a_relationship                                                    
 Husband         67336778711 38.56       68899110194.66           
 Not-in-family   41827073623 38.59       42810427388.84           
 Other-relative  5037094237  38.68       5141772942.15            
 Own-child       25797235202 38.55       26454626717.27           
 Unmarried       17331498534 38.45       17819579495.68           
 Wife            7997160861  38.65       8207121739.90            

                 avg(a_hours_per_week)      sum(a_fnlwgt)  avg(a_fnlwgt)  
a_relationship                                                            
 Husband        39.45                  310572167983047.88 177825.58       
 Not-in-family  39.50                  191808644855494.41 176987.00       
 Other-relative 39.49                  22869586720519.45  175631.92       
 Own-child      39.53                  118612573522643.98 177245.50       
 Unmarried      39.53                  79477737836955.09  176330.54       
 Wife           39.67                  36446539396432.31  176153.23       
2022-07-11 16:20:22,675 - main.py[line:550] - INFO: relative error:
                 avg(a_age)  avg(a_fnlwgt)  avg(a_hours_per_week)  sum(a_age)  \
a_relationship                                                                  
 Husband        0.00        0.07           0.01                   0.00          
 Not-in-family  0.00        0.07           0.01                   0.00          
 Other-relative 0.01        0.06           0.01                   0.01          
 Own-child      0.00        0.07           0.01                   0.01          
 Unmarried      0.01        0.07           0.00                   0.01          
 Wife           0.01        0.07           0.00                   0.01          

                 sum(a_fnlwgt)  sum(a_hours_per_week)  
a_relationship                                         
 Husband        0.07           0.01                    
 Not-in-family  0.07           0.00                    
 Other-relative 0.06           0.00                    
 Own-child      0.09           0.01                    
 Unmarried      0.07           0.01                    
 Wife           0.07           0.00                    
2022-07-11 16:20:22,676 - main.py[line:551] - INFO: relative error normalized:
                 avg(a_age)  avg(a_fnlwgt)  avg(a_hours_per_week)  sum(a_age)  \
a_relationship                                                                  
 Husband        0.00        0.07           0.01                   0.00          
 Not-in-family  0.00        0.07           0.01                   0.00          
 Other-relative 0.01        0.06           0.01                   0.01          
 Own-child      0.00        0.07           0.01                   0.01          
 Unmarried      0.01        0.06           0.00                   0.01          
 Wife           0.01        0.07           0.00                   0.01          

                 sum(a_fnlwgt)  sum(a_hours_per_week)  
a_relationship                                         
 Husband        0.07           0.01                    
 Not-in-family  0.07           0.00                    
 Other-relative 0.06           0.00                    
 Own-child      0.08           0.01                    
 Unmarried      0.07           0.01                    
 Wife           0.07           0.00                    
2022-07-11 16:20:22,676 - main.py[line:554] - INFO: relative error average: 0.027345944400150993
2022-07-11 16:20:22,676 - main.py[line:555] - INFO: relative error normalized average: 0.026516754528484187
2022-07-11 16:20:22,679 - main.py[line:601] - INFO: total_time:8.385793060064316
categorical_columns: ['a_education_num_0', 'a_education_num_1', 'a_education_num_2', 'a_education_num_3', 'a_education_num_4', 'a_relationship_0', 'a_relationship_1', 'a_relationship_2', 'a_relationship_3']
categorical_columns: ['a_education_num_0', 'a_education_num_1', 'a_education_num_2', 'a_education_num_3', 'a_education_num_4', 'a_relationship_0', 'a_relationship_1', 'a_relationship_2', 'a_relationship_3']
categorical_columns: ['a_education_num_0', 'a_education_num_1', 'a_education_num_2', 'a_education_num_3', 'a_education_num_4', 'a_relationship_0', 'a_relationship_1', 'a_relationship_2', 'a_relationship_3']
categorical_columns: ['b_education_num_0', 'b_education_num_1', 'b_education_num_2', 'b_education_num_3', 'b_education_num_4']
categorical_columns: ['b_education_num_0', 'b_education_num_1', 'b_education_num_2', 'b_education_num_3', 'b_education_num_4']
categorical_columns: ['b_education_num_0', 'b_education_num_1', 'b_education_num_2', 'b_education_num_3', 'b_education_num_4']
