main.py:19: FutureWarning: Passing a negative integer is deprecated in version 1.0 and will not be supported in future version. Instead, use None to not limit the column width.
  pd.set_option('max_colwidth', -1)
2022-07-11 16:20:25,690 - main.py[line:581] - INFO: load query config config/query/census2.json successfully
2022-07-11 16:20:25,691 - main.py[line:588] - INFO: load train config ./config/train/census2_a_torch_cvae.json successfully
2022-07-11 16:20:25,691 - main.py[line:588] - INFO: load train config ./config/train/census2_b_torch_cvae.json successfully
2022-07-11 16:20:25,691 - dataset_utils.py[line:567] - INFO: load existing dataset(light):census2-adult-a_a_education_num#a_relationship_a_fnlwgt#a_age#a_hours_per_week_a_education_num#a_relationship_binary_gaussian5_0
2022-07-11 16:20:25,806 - dataset_utils.py[line:576] - INFO: load dataset(light) time elapsed:0.11506415531039238
2022-07-11 16:20:25,806 - pytorch_cvae.py[line:276] - INFO: feature info:[('a_fnlwgt', 'numerical', 6), ('a_age', 'numerical', 6), ('a_hours_per_week', 'numerical', 6), ('a_education_num', 'categorical', 5), ('a_relationship', 'categorical', 4)]
2022-07-11 16:20:25,808 - model_utils.py[line:75] - INFO: load model name:torch_cvae_census2-adult-a_a_education_num_a_relationship_ld50_id100_bs512_ep150_0_binary_gaussian5
2022-07-11 16:20:27,875 - model_utils.py[line:86] - INFO: load torch model time elapsed:2.066269777715206
2022-07-11 16:20:27,875 - pytorch_cvae.py[line:286] - INFO: load model time elapsed:2.1840412318706512
2022-07-11 16:20:27,875 - dataset_utils.py[line:567] - INFO: load existing dataset(light):census2-adult-b_b_education_num__b_education_num_binary_gaussian5_0
2022-07-11 16:20:27,884 - dataset_utils.py[line:576] - INFO: load dataset(light) time elapsed:0.008845522999763489
2022-07-11 16:20:27,884 - pytorch_cvae.py[line:276] - INFO: feature info:[('b_education_num', 'categorical', 5)]
2022-07-11 16:20:27,884 - model_utils.py[line:75] - INFO: load model name:torch_cvae_census2-adult-b_b_education_num_ld50_id100_bs512_ep150_0_binary_gaussian5
2022-07-11 16:20:27,886 - model_utils.py[line:86] - INFO: load torch model time elapsed:0.0013891719281673431
2022-07-11 16:20:27,886 - pytorch_cvae.py[line:286] - INFO: load model time elapsed:0.010970603674650192
2022-07-11 16:20:27,886 - main.py[line:525] - INFO: multi_sampling No.0 epoch
2022-07-11 16:20:27,891 - main.py[line:525] - INFO: multi_sampling No.1 epoch
2022-07-11 16:20:27,893 - main.py[line:525] - INFO: multi_sampling No.2 epoch
2022-07-11 16:20:29,232 - pytorch_cvae.py[line:399] - INFO: sampling time:1.3377465792000294
2022-07-11 16:20:29,501 - pytorch_cvae.py[line:419] - INFO: house sampling rate:0.05
2022-07-11 16:20:30,226 - pytorch_cvae.py[line:399] - INFO: sampling time:2.3337523378431797
2022-07-11 16:20:30,907 - pytorch_cvae.py[line:419] - INFO: house sampling rate:0.05
2022-07-11 16:20:30,945 - pytorch_cvae.py[line:399] - INFO: sampling time:1.4432433918118477
2022-07-11 16:20:31,076 - pytorch_cvae.py[line:399] - INFO: sampling time:3.1893428340554237
2022-07-11 16:20:31,607 - pytorch_cvae.py[line:399] - INFO: sampling time:0.6996578946709633
2022-07-11 16:20:31,725 - pytorch_cvae.py[line:419] - INFO: house sampling rate:0.05
2022-07-11 16:20:31,771 - pytorch_cvae.py[line:399] - INFO: sampling time:0.04639264568686485
2022-07-11 16:20:33,526 - main.py[line:509] - INFO: sample and aggregation time elapsed:5.632832992821932
2022-07-11 16:20:35,245 - main.py[line:509] - INFO: sample and aggregation time elapsed:7.3592359609901905
2022-07-11 16:20:35,327 - main.py[line:509] - INFO: sample and aggregation time elapsed:7.435792200267315
2022-07-11 16:20:35,332 - main.py[line:542] - INFO: sample time: 7.446094565093517
2022-07-11 16:20:35,351 - main.py[line:99] - INFO: aqp result:
                 avg(a_age)  avg(a_hours_per_week)  avg(a_fnlwgt)  \
a_relationship                                                      
 Husband        38.66       39.50                  162493.49        
 Not-in-family  38.52       39.70                  163167.59        
 Other-relative 38.33       39.20                  164480.94        
 Own-child      38.65       39.19                  166908.80        
 Unmarried      38.40       39.38                  163743.70        
 Wife           38.15       39.66                  165893.25        

                    sum(a_age)  sum(a_hours_per_week)      sum(a_fnlwgt)  
a_relationship                                                            
 Husband        67467374272.68 68569819270.67         280276846673286.53  
 Not-in-family  41757096964.40 42975506330.57         175254520266390.53  
 Other-relative 4975025677.03  5063569603.20          21144378679020.86   
 Own-child      25795580057.69 25985546265.18         111093259513130.38  
 Unmarried      17177451802.86 17680306462.14         73005718112601.64   
 Wife           7844021618.03  8166585582.70          34137393065795.43   
2022-07-11 16:20:35,354 - main.py[line:100] - INFO: ground truth:
                  sum(a_age)  avg(a_age)  sum(a_hours_per_week)  \
a_relationship                                                    
 Husband         67336778711 38.56       68899110194.66           
 Not-in-family   41827073623 38.59       42810427388.84           
 Other-relative  5037094237  38.68       5141772942.15            
 Own-child       25797235202 38.55       26454626717.27           
 Unmarried       17331498534 38.45       17819579495.68           
 Wife            7997160861  38.65       8207121739.90            

                 avg(a_hours_per_week)      sum(a_fnlwgt)  avg(a_fnlwgt)  
a_relationship                                                            
 Husband        39.45                  310572167983047.88 177825.58       
 Not-in-family  39.50                  191808644855494.41 176987.00       
 Other-relative 39.49                  22869586720519.45  175631.92       
 Own-child      39.53                  118612573522643.98 177245.50       
 Unmarried      39.53                  79477737836955.09  176330.54       
 Wife           39.67                  36446539396432.31  176153.23       
2022-07-11 16:20:35,363 - main.py[line:550] - INFO: relative error:
                 avg(a_age)  avg(a_fnlwgt)  avg(a_hours_per_week)  sum(a_age)  \
a_relationship                                                                  
 Husband        0.00        0.09           0.00                   0.00          
 Not-in-family  0.00        0.08           0.00                   0.00          
 Other-relative 0.01        0.06           0.01                   0.01          
 Own-child      0.00        0.06           0.01                   0.00          
 Unmarried      0.00        0.07           0.00                   0.01          
 Wife           0.01        0.06           0.00                   0.02          

                 sum(a_fnlwgt)  sum(a_hours_per_week)  
a_relationship                                         
 Husband        0.10           0.00                    
 Not-in-family  0.09           0.00                    
 Other-relative 0.08           0.02                    
 Own-child      0.06           0.02                    
 Unmarried      0.08           0.01                    
 Wife           0.06           0.00                    
2022-07-11 16:20:35,364 - main.py[line:551] - INFO: relative error normalized:
                 avg(a_age)  avg(a_fnlwgt)  avg(a_hours_per_week)  sum(a_age)  \
a_relationship                                                                  
 Husband        0.00        0.08           0.00                   0.00          
 Not-in-family  0.00        0.08           0.00                   0.00          
 Other-relative 0.01        0.06           0.01                   0.01          
 Own-child      0.00        0.06           0.01                   0.00          
 Unmarried      0.00        0.07           0.00                   0.01          
 Wife           0.01        0.06           0.00                   0.02          

                 sum(a_fnlwgt)  sum(a_hours_per_week)  
a_relationship                                         
 Husband        0.09           0.00                    
 Not-in-family  0.08           0.00                    
 Other-relative 0.07           0.02                    
 Own-child      0.06           0.02                    
 Unmarried      0.08           0.01                    
 Wife           0.06           0.00                    
2022-07-11 16:20:35,364 - main.py[line:554] - INFO: relative error average: 0.028834224635655006
2022-07-11 16:20:35,364 - main.py[line:555] - INFO: relative error normalized average: 0.027906803458858417
2022-07-11 16:20:35,367 - main.py[line:601] - INFO: total_time:9.676353115588427
categorical_columns: ['a_education_num_0', 'a_education_num_1', 'a_education_num_2', 'a_education_num_3', 'a_education_num_4', 'a_relationship_0', 'a_relationship_1', 'a_relationship_2', 'a_relationship_3']
categorical_columns: ['a_education_num_0', 'a_education_num_1', 'a_education_num_2', 'a_education_num_3', 'a_education_num_4', 'a_relationship_0', 'a_relationship_1', 'a_relationship_2', 'a_relationship_3']
categorical_columns: ['a_education_num_0', 'a_education_num_1', 'a_education_num_2', 'a_education_num_3', 'a_education_num_4', 'a_relationship_0', 'a_relationship_1', 'a_relationship_2', 'a_relationship_3']
categorical_columns: ['b_education_num_0', 'b_education_num_1', 'b_education_num_2', 'b_education_num_3', 'b_education_num_4']
categorical_columns: ['b_education_num_0', 'b_education_num_1', 'b_education_num_2', 'b_education_num_3', 'b_education_num_4']
categorical_columns: ['b_education_num_0', 'b_education_num_1', 'b_education_num_2', 'b_education_num_3', 'b_education_num_4']
