main.py:19: FutureWarning: Passing a negative integer is deprecated in version 1.0 and will not be supported in future version. Instead, use None to not limit the column width.
  pd.set_option('max_colwidth', -1)
2022-07-11 16:20:38,379 - main.py[line:581] - INFO: load query config config/query/census2.json successfully
2022-07-11 16:20:38,379 - main.py[line:588] - INFO: load train config ./config/train/census2_a_torch_cvae.json successfully
2022-07-11 16:20:38,379 - main.py[line:588] - INFO: load train config ./config/train/census2_b_torch_cvae.json successfully
2022-07-11 16:20:38,379 - dataset_utils.py[line:567] - INFO: load existing dataset(light):census2-adult-a_a_education_num#a_relationship_a_fnlwgt#a_age#a_hours_per_week_a_education_num#a_relationship_binary_gaussian5_0
2022-07-11 16:20:38,498 - dataset_utils.py[line:576] - INFO: load dataset(light) time elapsed:0.11836402490735054
2022-07-11 16:20:38,498 - pytorch_cvae.py[line:276] - INFO: feature info:[('a_fnlwgt', 'numerical', 6), ('a_age', 'numerical', 6), ('a_hours_per_week', 'numerical', 6), ('a_education_num', 'categorical', 5), ('a_relationship', 'categorical', 4)]
2022-07-11 16:20:38,500 - model_utils.py[line:75] - INFO: load model name:torch_cvae_census2-adult-a_a_education_num_a_relationship_ld50_id100_bs512_ep150_0_binary_gaussian5
2022-07-11 16:20:40,577 - model_utils.py[line:86] - INFO: load torch model time elapsed:2.0771328695118427
2022-07-11 16:20:40,578 - pytorch_cvae.py[line:286] - INFO: load model time elapsed:2.1983044371008873
2022-07-11 16:20:40,578 - dataset_utils.py[line:567] - INFO: load existing dataset(light):census2-adult-b_b_education_num__b_education_num_binary_gaussian5_0
2022-07-11 16:20:40,586 - dataset_utils.py[line:576] - INFO: load dataset(light) time elapsed:0.007941629737615585
2022-07-11 16:20:40,586 - pytorch_cvae.py[line:276] - INFO: feature info:[('b_education_num', 'categorical', 5)]
2022-07-11 16:20:40,586 - model_utils.py[line:75] - INFO: load model name:torch_cvae_census2-adult-b_b_education_num_ld50_id100_bs512_ep150_0_binary_gaussian5
2022-07-11 16:20:40,588 - model_utils.py[line:86] - INFO: load torch model time elapsed:0.0013658925890922546
2022-07-11 16:20:40,588 - pytorch_cvae.py[line:286] - INFO: load model time elapsed:0.010029949247837067
2022-07-11 16:20:40,588 - main.py[line:525] - INFO: multi_sampling No.0 epoch
2022-07-11 16:20:40,593 - main.py[line:525] - INFO: multi_sampling No.1 epoch
2022-07-11 16:20:40,595 - main.py[line:525] - INFO: multi_sampling No.2 epoch
2022-07-11 16:20:42,171 - pytorch_cvae.py[line:399] - INFO: sampling time:1.5771698020398617
2022-07-11 16:20:42,738 - pytorch_cvae.py[line:419] - INFO: house sampling rate:0.05
2022-07-11 16:20:45,251 - pytorch_cvae.py[line:399] - INFO: sampling time:2.5132924616336823
2022-07-11 16:20:45,381 - pytorch_cvae.py[line:399] - INFO: sampling time:4.784820154309273
2022-07-11 16:20:45,548 - pytorch_cvae.py[line:419] - INFO: house sampling rate:0.05
2022-07-11 16:20:46,195 - pytorch_cvae.py[line:399] - INFO: sampling time:5.606778152287006
2022-07-11 16:20:46,414 - pytorch_cvae.py[line:419] - INFO: house sampling rate:0.05
2022-07-11 16:20:46,452 - pytorch_cvae.py[line:399] - INFO: sampling time:0.903683003038168
2022-07-11 16:20:46,526 - pytorch_cvae.py[line:399] - INFO: sampling time:0.11116613447666168
2022-07-11 16:20:48,290 - main.py[line:509] - INFO: sample and aggregation time elapsed:7.697177678346634
2022-07-11 16:20:50,202 - main.py[line:509] - INFO: sample and aggregation time elapsed:9.60690787807107
2022-07-11 16:20:50,313 - main.py[line:509] - INFO: sample and aggregation time elapsed:9.724911615252495
2022-07-11 16:20:50,318 - main.py[line:542] - INFO: sample time: 9.730448767542839
2022-07-11 16:20:50,339 - main.py[line:99] - INFO: aqp result:
                 avg(a_age)  avg(a_hours_per_week)  avg(a_fnlwgt)  \
a_relationship                                                      
 Husband        38.41       39.81                  164199.22        
 Not-in-family  38.85       39.75                  164305.42        
 Other-relative 38.10       39.64                  164259.54        
 Own-child      38.56       39.42                  164153.96        
 Unmarried      38.77       39.75                  164034.34        
 Wife           38.88       39.76                  163107.38        

                    sum(a_age)  sum(a_hours_per_week)      sum(a_fnlwgt)  
a_relationship                                                            
 Husband        67144559432.50 69422793525.44         287079520014203.06  
 Not-in-family  42182408129.94 42993438537.46         177060927989266.28  
 Other-relative 4950556255.41  5135653743.43          21232124436377.95   
 Own-child      25734408149.67 26279577409.19         108989940100534.62  
 Unmarried      17483999782.37 17931554051.61         73274060567361.00   
 Wife           8013949756.50  8191958744.24          33516538532191.86   
2022-07-11 16:20:50,341 - main.py[line:100] - INFO: ground truth:
                  sum(a_age)  avg(a_age)  sum(a_hours_per_week)  \
a_relationship                                                    
 Husband         67336778711 38.56       68899110194.66           
 Not-in-family   41827073623 38.59       42810427388.84           
 Other-relative  5037094237  38.68       5141772942.15            
 Own-child       25797235202 38.55       26454626717.27           
 Unmarried       17331498534 38.45       17819579495.68           
 Wife            7997160861  38.65       8207121739.90            

                 avg(a_hours_per_week)      sum(a_fnlwgt)  avg(a_fnlwgt)  
a_relationship                                                            
 Husband        39.45                  310572167983047.88 177825.58       
 Not-in-family  39.50                  191808644855494.41 176987.00       
 Other-relative 39.49                  22869586720519.45  175631.92       
 Own-child      39.53                  118612573522643.98 177245.50       
 Unmarried      39.53                  79477737836955.09  176330.54       
 Wife           39.67                  36446539396432.31  176153.23       
2022-07-11 16:20:50,351 - main.py[line:550] - INFO: relative error:
                 avg(a_age)  avg(a_fnlwgt)  avg(a_hours_per_week)  sum(a_age)  \
a_relationship                                                                  
 Husband        0.00        0.08           0.01                   0.00          
 Not-in-family  0.01        0.07           0.01                   0.01          
 Other-relative 0.02        0.06           0.00                   0.02          
 Own-child      0.00        0.07           0.00                   0.00          
 Unmarried      0.01        0.07           0.01                   0.01          
 Wife           0.01        0.07           0.00                   0.00          

                 sum(a_fnlwgt)  sum(a_hours_per_week)  
a_relationship                                         
 Husband        0.08           0.01                    
 Not-in-family  0.08           0.00                    
 Other-relative 0.07           0.00                    
 Own-child      0.08           0.01                    
 Unmarried      0.08           0.01                    
 Wife           0.08           0.00                    
2022-07-11 16:20:50,352 - main.py[line:551] - INFO: relative error normalized:
                 avg(a_age)  avg(a_fnlwgt)  avg(a_hours_per_week)  sum(a_age)  \
a_relationship                                                                  
 Husband        0.00        0.07           0.01                   0.00          
 Not-in-family  0.01        0.07           0.01                   0.01          
 Other-relative 0.02        0.06           0.00                   0.02          
 Own-child      0.00        0.07           0.00                   0.00          
 Unmarried      0.01        0.07           0.01                   0.01          
 Wife           0.01        0.07           0.00                   0.00          

                 sum(a_fnlwgt)  sum(a_hours_per_week)  
a_relationship                                         
 Husband        0.07           0.01                    
 Not-in-family  0.07           0.00                    
 Other-relative 0.07           0.00                    
 Own-child      0.08           0.01                    
 Unmarried      0.08           0.01                    
 Wife           0.08           0.00                    
2022-07-11 16:20:50,352 - main.py[line:554] - INFO: relative error average: 0.028712478804257893
2022-07-11 16:20:50,352 - main.py[line:555] - INFO: relative error normalized average: 0.027789614278317942
2022-07-11 16:20:50,355 - main.py[line:601] - INFO: total_time:11.97594179213047
categorical_columns: ['a_education_num_0', 'a_education_num_1', 'a_education_num_2', 'a_education_num_3', 'a_education_num_4', 'a_relationship_0', 'a_relationship_1', 'a_relationship_2', 'a_relationship_3']
categorical_columns: ['a_education_num_0', 'a_education_num_1', 'a_education_num_2', 'a_education_num_3', 'a_education_num_4', 'a_relationship_0', 'a_relationship_1', 'a_relationship_2', 'a_relationship_3']
categorical_columns: ['a_education_num_0', 'a_education_num_1', 'a_education_num_2', 'a_education_num_3', 'a_education_num_4', 'a_relationship_0', 'a_relationship_1', 'a_relationship_2', 'a_relationship_3']
categorical_columns: ['b_education_num_0', 'b_education_num_1', 'b_education_num_2', 'b_education_num_3', 'b_education_num_4']
categorical_columns: ['b_education_num_0', 'b_education_num_1', 'b_education_num_2', 'b_education_num_3', 'b_education_num_4']
categorical_columns: ['b_education_num_0', 'b_education_num_1', 'b_education_num_2', 'b_education_num_3', 'b_education_num_4']
