main.py:19: FutureWarning: Passing a negative integer is deprecated in version 1.0 and will not be supported in future version. Instead, use None to not limit the column width.
  pd.set_option('max_colwidth', -1)
2022-07-11 16:20:53,387 - main.py[line:581] - INFO: load query config config/query/census2.json successfully
2022-07-11 16:20:53,387 - main.py[line:588] - INFO: load train config ./config/train/census2_a_torch_cvae.json successfully
2022-07-11 16:20:53,387 - main.py[line:588] - INFO: load train config ./config/train/census2_b_torch_cvae.json successfully
2022-07-11 16:20:53,387 - dataset_utils.py[line:567] - INFO: load existing dataset(light):census2-adult-a_a_education_num#a_relationship_a_fnlwgt#a_age#a_hours_per_week_a_education_num#a_relationship_binary_gaussian5_0
2022-07-11 16:20:53,505 - dataset_utils.py[line:576] - INFO: load dataset(light) time elapsed:0.11735989153385162
2022-07-11 16:20:53,505 - pytorch_cvae.py[line:276] - INFO: feature info:[('a_fnlwgt', 'numerical', 6), ('a_age', 'numerical', 6), ('a_hours_per_week', 'numerical', 6), ('a_education_num', 'categorical', 5), ('a_relationship', 'categorical', 4)]
2022-07-11 16:20:53,507 - model_utils.py[line:75] - INFO: load model name:torch_cvae_census2-adult-a_a_education_num_a_relationship_ld50_id100_bs512_ep150_0_binary_gaussian5
2022-07-11 16:20:55,589 - model_utils.py[line:86] - INFO: load torch model time elapsed:2.081446912139654
2022-07-11 16:20:55,589 - pytorch_cvae.py[line:286] - INFO: load model time elapsed:2.2014009952545166
2022-07-11 16:20:55,589 - dataset_utils.py[line:567] - INFO: load existing dataset(light):census2-adult-b_b_education_num__b_education_num_binary_gaussian5_0
2022-07-11 16:20:55,598 - dataset_utils.py[line:576] - INFO: load dataset(light) time elapsed:0.00901636853814125
2022-07-11 16:20:55,598 - pytorch_cvae.py[line:276] - INFO: feature info:[('b_education_num', 'categorical', 5)]
2022-07-11 16:20:55,599 - model_utils.py[line:75] - INFO: load model name:torch_cvae_census2-adult-b_b_education_num_ld50_id100_bs512_ep150_0_binary_gaussian5
2022-07-11 16:20:55,600 - model_utils.py[line:86] - INFO: load torch model time elapsed:0.0013855397701263428
2022-07-11 16:20:55,600 - pytorch_cvae.py[line:286] - INFO: load model time elapsed:0.011129174381494522
2022-07-11 16:20:55,600 - main.py[line:525] - INFO: multi_sampling No.0 epoch
2022-07-11 16:20:55,605 - main.py[line:525] - INFO: multi_sampling No.1 epoch
2022-07-11 16:20:55,608 - main.py[line:525] - INFO: multi_sampling No.2 epoch
2022-07-11 16:20:57,368 - pytorch_cvae.py[line:399] - INFO: sampling time:1.7592853792011738
2022-07-11 16:20:58,036 - pytorch_cvae.py[line:419] - INFO: house sampling rate:0.05
2022-07-11 16:21:01,503 - pytorch_cvae.py[line:399] - INFO: sampling time:3.451484050601721
2022-07-11 16:21:01,666 - pytorch_cvae.py[line:399] - INFO: sampling time:6.065102092921734
2022-07-11 16:21:02,569 - pytorch_cvae.py[line:399] - INFO: sampling time:6.962055128067732
2022-07-11 16:21:02,891 - pytorch_cvae.py[line:419] - INFO: house sampling rate:0.05
2022-07-11 16:21:03,012 - pytorch_cvae.py[line:419] - INFO: house sampling rate:0.05
2022-07-11 16:21:03,115 - pytorch_cvae.py[line:399] - INFO: sampling time:0.22317440062761307
2022-07-11 16:21:03,125 - pytorch_cvae.py[line:399] - INFO: sampling time:0.1130468137562275
2022-07-11 16:21:05,075 - main.py[line:509] - INFO: sample and aggregation time elapsed:9.467345055192709
2022-07-11 16:21:07,553 - main.py[line:509] - INFO: sample and aggregation time elapsed:11.952462568879128
2022-07-11 16:21:07,657 - main.py[line:509] - INFO: sample and aggregation time elapsed:12.050381187349558
2022-07-11 16:21:07,662 - main.py[line:542] - INFO: sample time: 12.062204483896494
2022-07-11 16:21:07,683 - main.py[line:99] - INFO: aqp result:
                 avg(a_age)  avg(a_hours_per_week)  avg(a_fnlwgt)  \
a_relationship                                                      
 Husband        38.13       39.75                  165616.02        
 Not-in-family  38.42       39.51                  164007.77        
 Other-relative 38.52       39.48                  165623.63        
 Own-child      38.39       39.41                  164594.64        
 Unmarried      38.38       39.63                  165311.53        
 Wife           38.91       39.68                  160242.38        

                    sum(a_age)  sum(a_hours_per_week)      sum(a_fnlwgt)  
a_relationship                                                            
 Husband        66605700963.44 69395821578.77         287695463843820.44  
 Not-in-family  41615439939.36 42811140857.91         176900651778884.09  
 Other-relative 5017810839.48  5135790401.62          21513576105182.52   
 Own-child      25639999724.45 26287663561.71         109032226599516.75  
 Unmarried      17273224925.69 17852874402.40         74147403777127.64   
 Wife           8027370554.16  8183719499.21          32756446665023.38   
2022-07-11 16:21:07,685 - main.py[line:100] - INFO: ground truth:
                  sum(a_age)  avg(a_age)  sum(a_hours_per_week)  \
a_relationship                                                    
 Husband         67336778711 38.56       68899110194.66           
 Not-in-family   41827073623 38.59       42810427388.84           
 Other-relative  5037094237  38.68       5141772942.15            
 Own-child       25797235202 38.55       26454626717.27           
 Unmarried       17331498534 38.45       17819579495.68           
 Wife            7997160861  38.65       8207121739.90            

                 avg(a_hours_per_week)      sum(a_fnlwgt)  avg(a_fnlwgt)  
a_relationship                                                            
 Husband        39.45                  310572167983047.88 177825.58       
 Not-in-family  39.50                  191808644855494.41 176987.00       
 Other-relative 39.49                  22869586720519.45  175631.92       
 Own-child      39.53                  118612573522643.98 177245.50       
 Unmarried      39.53                  79477737836955.09  176330.54       
 Wife           39.67                  36446539396432.31  176153.23       
2022-07-11 16:21:07,694 - main.py[line:550] - INFO: relative error:
                 avg(a_age)  avg(a_fnlwgt)  avg(a_hours_per_week)  sum(a_age)  \
a_relationship                                                                  
 Husband        0.01        0.07           0.01                   0.01          
 Not-in-family  0.00        0.07           0.00                   0.01          
 Other-relative 0.00        0.06           0.00                   0.00          
 Own-child      0.00        0.07           0.00                   0.01          
 Unmarried      0.00        0.06           0.00                   0.00          
 Wife           0.01        0.09           0.00                   0.00          

                 sum(a_fnlwgt)  sum(a_hours_per_week)  
a_relationship                                         
 Husband        0.07           0.01                    
 Not-in-family  0.08           0.00                    
 Other-relative 0.06           0.00                    
 Own-child      0.08           0.01                    
 Unmarried      0.07           0.00                    
 Wife           0.10           0.00                    
2022-07-11 16:21:07,695 - main.py[line:551] - INFO: relative error normalized:
                 avg(a_age)  avg(a_fnlwgt)  avg(a_hours_per_week)  sum(a_age)  \
a_relationship                                                                  
 Husband        0.01        0.07           0.01                   0.01          
 Not-in-family  0.00        0.07           0.00                   0.01          
 Other-relative 0.00        0.06           0.00                   0.00          
 Own-child      0.00        0.07           0.00                   0.01          
 Unmarried      0.00        0.06           0.00                   0.00          
 Wife           0.01        0.09           0.00                   0.00          

                 sum(a_fnlwgt)  sum(a_hours_per_week)  
a_relationship                                         
 Husband        0.07           0.01                    
 Not-in-family  0.07           0.00                    
 Other-relative 0.06           0.00                    
 Own-child      0.08           0.01                    
 Unmarried      0.06           0.00                    
 Wife           0.10           0.00                    
2022-07-11 16:21:07,695 - main.py[line:554] - INFO: relative error average: 0.02726584753017705
2022-07-11 16:21:07,695 - main.py[line:555] - INFO: relative error normalized average: 0.02635370881391881
2022-07-11 16:21:07,698 - main.py[line:601] - INFO: total_time:14.31086714565754
categorical_columns: ['a_education_num_0', 'a_education_num_1', 'a_education_num_2', 'a_education_num_3', 'a_education_num_4', 'a_relationship_0', 'a_relationship_1', 'a_relationship_2', 'a_relationship_3']
categorical_columns: ['a_education_num_0', 'a_education_num_1', 'a_education_num_2', 'a_education_num_3', 'a_education_num_4', 'a_relationship_0', 'a_relationship_1', 'a_relationship_2', 'a_relationship_3']
categorical_columns: ['a_education_num_0', 'a_education_num_1', 'a_education_num_2', 'a_education_num_3', 'a_education_num_4', 'a_relationship_0', 'a_relationship_1', 'a_relationship_2', 'a_relationship_3']
categorical_columns: ['b_education_num_0', 'b_education_num_1', 'b_education_num_2', 'b_education_num_3', 'b_education_num_4']
categorical_columns: ['b_education_num_0', 'b_education_num_1', 'b_education_num_2', 'b_education_num_3', 'b_education_num_4']
categorical_columns: ['b_education_num_0', 'b_education_num_1', 'b_education_num_2', 'b_education_num_3', 'b_education_num_4']
