main.py:19: FutureWarning: Passing a negative integer is deprecated in version 1.0 and will not be supported in future version. Instead, use None to not limit the column width.
  pd.set_option('max_colwidth', -1)
2022-06-19 09:31:26,387 - main.py[line:438] - INFO: load query config config/query/census.json successfully
2022-06-19 09:31:26,387 - main.py[line:445] - INFO: load train config ./config/train/census_a_torch_cvae.json successfully
2022-06-19 09:31:26,387 - main.py[line:445] - INFO: load train config ./config/train/census_b_torch_cvae.json successfully
2022-06-19 09:31:26,387 - pytorch_cvae.py[line:242] - INFO: epoch:100
2022-06-19 09:31:26,387 - pytorch_cvae.py[line:243] - INFO: batch size:512
2022-06-19 09:31:26,388 - pytorch_cvae.py[line:244] - INFO: latent dimension:50
2022-06-19 09:31:26,388 - pytorch_cvae.py[line:245] - INFO: intermediate dimension:100
2022-06-19 09:31:26,388 - pytorch_cvae.py[line:246] - INFO: gpu num:0
2022-06-19 09:31:26,388 - dataset_utils.py[line:543] - INFO: load existing dataset:census-adult-a_a_education_num_a_fnlwgt#a_age#a_hours_per_week_a_education_num_binary_gaussian5_0
2022-06-19 09:31:34,747 - dataset_utils.py[line:555] - INFO: load dataset time elapsed:8.359324302524328
2022-06-19 09:31:34,747 - pytorch_cvae.py[line:251] - INFO: feature info:[('a_fnlwgt', 'numerical', 6), ('a_age', 'numerical', 6), ('a_hours_per_week', 'numerical', 6), ('a_education_num', 'categorical', 5)]
2022-06-19 09:31:39,094 - pytorch_cvae.py[line:169] - INFO: ----------------------------No.1 epoch----------------------------
2022-06-19 09:31:39,094 - pytorch_cvae.py[line:176] - INFO: loss:528.0476899147034, numeric_loss:40.681629195809364, categorical_loss:428.7852065041661, kld_loss:10867.711954951286, epoch_train_time:4.331291072070599
2022-06-19 09:31:41,877 - pytorch_cvae.py[line:169] - INFO: ----------------------------No.2 epoch----------------------------
2022-06-19 09:31:41,877 - pytorch_cvae.py[line:176] - INFO: loss:93.07022765278816, numeric_loss:11.59491384588182, categorical_loss:20.24952930212021, kld_loss:10282.636672973633, epoch_train_time:2.7824718318879604
2022-06-19 09:31:44,540 - pytorch_cvae.py[line:169] - INFO: ----------------------------No.3 epoch----------------------------
2022-06-19 09:31:44,540 - pytorch_cvae.py[line:176] - INFO: loss:77.86864618957043, numeric_loss:9.28391014970839, categorical_loss:12.478664245456457, kld_loss:8538.900875091553, epoch_train_time:2.663045734167099
2022-06-19 09:31:47,148 - pytorch_cvae.py[line:169] - INFO: ----------------------------No.4 epoch----------------------------
2022-06-19 09:31:47,148 - pytorch_cvae.py[line:176] - INFO: loss:72.22790323197842, numeric_loss:8.495470499619842, categorical_loss:9.29480255395174, kld_loss:7515.322374343872, epoch_train_time:2.6079375483095646
2022-06-19 09:31:49,906 - pytorch_cvae.py[line:169] - INFO: ----------------------------No.5 epoch----------------------------
2022-06-19 09:31:49,906 - pytorch_cvae.py[line:176] - INFO: loss:69.35327753424644, numeric_loss:7.822773879393935, categorical_loss:7.916591154411435, kld_loss:6720.730625152588, epoch_train_time:2.7572803273797035
2022-06-19 09:31:52,627 - pytorch_cvae.py[line:169] - INFO: ----------------------------No.6 epoch----------------------------
2022-06-19 09:31:52,627 - pytorch_cvae.py[line:176] - INFO: loss:67.73124900460243, numeric_loss:7.460512625053525, categorical_loss:7.310145898722112, kld_loss:6034.1579303741455, epoch_train_time:2.7206951826810837
2022-06-19 09:31:55,379 - pytorch_cvae.py[line:169] - INFO: ----------------------------No.7 epoch----------------------------
2022-06-19 09:31:55,379 - pytorch_cvae.py[line:176] - INFO: loss:67.0497612953186, numeric_loss:7.331702899187803, categorical_loss:6.712865697219968, kld_loss:5494.668025970459, epoch_train_time:2.7518558762967587
2022-06-19 09:31:58,082 - pytorch_cvae.py[line:169] - INFO: ----------------------------No.8 epoch----------------------------
2022-06-19 09:31:58,082 - pytorch_cvae.py[line:176] - INFO: loss:66.76090201735497, numeric_loss:7.368012493476272, categorical_loss:6.199452247470617, kld_loss:5021.975158691406, epoch_train_time:2.7027325443923473
2022-06-19 09:32:00,878 - pytorch_cvae.py[line:169] - INFO: ----------------------------No.9 epoch----------------------------
2022-06-19 09:32:00,878 - pytorch_cvae.py[line:176] - INFO: loss:68.11945252120495, numeric_loss:7.526835400611162, categorical_loss:6.0393529664725065, kld_loss:4695.318062782288, epoch_train_time:2.7963982596993446
2022-06-19 09:32:03,583 - pytorch_cvae.py[line:169] - INFO: ----------------------------No.10 epoch----------------------------
2022-06-19 09:32:03,583 - pytorch_cvae.py[line:176] - INFO: loss:69.48012386262417, numeric_loss:7.756886841729283, categorical_loss:5.942356780637056, kld_loss:4381.185922622681, epoch_train_time:2.7045584470033646
2022-06-19 09:32:06,235 - pytorch_cvae.py[line:169] - INFO: ----------------------------No.11 epoch----------------------------
2022-06-19 09:32:06,235 - pytorch_cvae.py[line:176] - INFO: loss:71.01724952459335, numeric_loss:7.849175598472357, categorical_loss:5.728797239717096, kld_loss:4121.085485458374, epoch_train_time:2.6516237407922745
2022-06-19 09:32:08,952 - pytorch_cvae.py[line:169] - INFO: ----------------------------No.12 epoch----------------------------
2022-06-19 09:32:08,952 - pytorch_cvae.py[line:176] - INFO: loss:73.29886569082737, numeric_loss:8.15778229944408, categorical_loss:5.770871160086244, kld_loss:3894.950206756592, epoch_train_time:2.7170120179653168
2022-06-19 09:32:11,716 - pytorch_cvae.py[line:169] - INFO: ----------------------------No.13 epoch----------------------------
2022-06-19 09:32:11,716 - pytorch_cvae.py[line:176] - INFO: loss:76.25202621519566, numeric_loss:8.279538353905082, categorical_loss:5.797889531124383, kld_loss:3733.457766532898, epoch_train_time:2.7640801817178726
2022-06-19 09:32:14,546 - pytorch_cvae.py[line:169] - INFO: ----------------------------No.14 epoch----------------------------
2022-06-19 09:32:14,546 - pytorch_cvae.py[line:176] - INFO: loss:79.59426927566528, numeric_loss:8.687198590487242, categorical_loss:5.760099933017045, kld_loss:3584.195715904236, epoch_train_time:2.829633891582489
2022-06-19 09:32:17,241 - pytorch_cvae.py[line:169] - INFO: ----------------------------No.15 epoch----------------------------
2022-06-19 09:32:17,241 - pytorch_cvae.py[line:176] - INFO: loss:83.64522612094879, numeric_loss:9.081127535551786, categorical_loss:6.013620898593217, kld_loss:3458.927872657776, epoch_train_time:2.6946272663772106
2022-06-19 09:32:19,920 - pytorch_cvae.py[line:169] - INFO: ----------------------------No.16 epoch----------------------------
2022-06-19 09:32:19,920 - pytorch_cvae.py[line:176] - INFO: loss:88.62646946310997, numeric_loss:9.569451812654734, categorical_loss:6.256585789844394, kld_loss:3372.3512029647827, epoch_train_time:2.6784039437770844
2022-06-19 09:32:22,588 - pytorch_cvae.py[line:169] - INFO: ----------------------------No.17 epoch----------------------------
2022-06-19 09:32:22,588 - pytorch_cvae.py[line:176] - INFO: loss:94.5187517106533, numeric_loss:10.061215473338962, categorical_loss:6.733080743346363, kld_loss:3308.709589958191, epoch_train_time:2.6679580248892307
2022-06-19 09:32:25,439 - pytorch_cvae.py[line:169] - INFO: ----------------------------No.18 epoch----------------------------
2022-06-19 09:32:25,439 - pytorch_cvae.py[line:176] - INFO: loss:100.02377739548683, numeric_loss:10.663936102762818, categorical_loss:7.105911445338279, kld_loss:3221.0244359970093, epoch_train_time:2.8512576557695866
2022-06-19 09:32:28,129 - pytorch_cvae.py[line:169] - INFO: ----------------------------No.19 epoch----------------------------
2022-06-19 09:32:28,130 - pytorch_cvae.py[line:176] - INFO: loss:106.35709953308105, numeric_loss:11.15768937021494, categorical_loss:7.55874075461179, kld_loss:3160.193922996521, epoch_train_time:2.6898932233452797
2022-06-19 09:32:30,885 - pytorch_cvae.py[line:169] - INFO: ----------------------------No.20 epoch----------------------------
2022-06-19 09:32:30,885 - pytorch_cvae.py[line:176] - INFO: loss:112.56673976778984, numeric_loss:11.945768855512142, categorical_loss:8.00782882142812, kld_loss:3078.120882987976, epoch_train_time:2.754974465817213
2022-06-19 09:32:33,611 - pytorch_cvae.py[line:169] - INFO: ----------------------------No.21 epoch----------------------------
2022-06-19 09:32:33,611 - pytorch_cvae.py[line:176] - INFO: loss:119.5838991701603, numeric_loss:12.60499194264412, categorical_loss:8.543725841678679, kld_loss:3018.5799474716187, epoch_train_time:2.7265247851610184
2022-06-19 09:32:36,370 - pytorch_cvae.py[line:169] - INFO: ----------------------------No.22 epoch----------------------------
2022-06-19 09:32:36,370 - pytorch_cvae.py[line:176] - INFO: loss:126.77524304389954, numeric_loss:13.337579995393753, categorical_loss:9.048520501703024, kld_loss:2956.522960662842, epoch_train_time:2.7583976052701473
2022-06-19 09:32:39,099 - pytorch_cvae.py[line:169] - INFO: ----------------------------No.23 epoch----------------------------
2022-06-19 09:32:39,099 - pytorch_cvae.py[line:176] - INFO: loss:134.644657433033, numeric_loss:14.130246363580227, categorical_loss:9.901427916251123, kld_loss:2896.2758741378784, epoch_train_time:2.7283735014498234
2022-06-19 09:32:41,863 - pytorch_cvae.py[line:169] - INFO: ----------------------------No.24 epoch----------------------------
2022-06-19 09:32:41,863 - pytorch_cvae.py[line:176] - INFO: loss:143.22604250907898, numeric_loss:15.195912718772888, categorical_loss:10.537070105783641, kld_loss:2847.0049543380737, epoch_train_time:2.7637897171080112
2022-06-19 09:32:44,572 - pytorch_cvae.py[line:169] - INFO: ----------------------------No.25 epoch----------------------------
2022-06-19 09:32:44,573 - pytorch_cvae.py[line:176] - INFO: loss:151.87657570838928, numeric_loss:16.27394950762391, categorical_loss:11.424496431834996, kld_loss:2787.3891611099243, epoch_train_time:2.7096946723759174
2022-06-19 09:32:47,346 - pytorch_cvae.py[line:169] - INFO: ----------------------------No.26 epoch----------------------------
2022-06-19 09:32:47,346 - pytorch_cvae.py[line:176] - INFO: loss:160.11906272172928, numeric_loss:17.443666972219944, categorical_loss:11.95030818413943, kld_loss:2720.9601278305054, epoch_train_time:2.773174189031124
2022-06-19 09:32:50,121 - pytorch_cvae.py[line:169] - INFO: ----------------------------No.27 epoch----------------------------
2022-06-19 09:32:50,121 - pytorch_cvae.py[line:176] - INFO: loss:170.13733273744583, numeric_loss:18.89680429920554, categorical_loss:12.890301074832678, kld_loss:2672.9336547851562, epoch_train_time:2.774605121463537
2022-06-19 09:32:52,721 - pytorch_cvae.py[line:169] - INFO: ----------------------------No.28 epoch----------------------------
2022-06-19 09:32:52,722 - pytorch_cvae.py[line:176] - INFO: loss:179.518541097641, numeric_loss:20.754417955875397, categorical_loss:13.947949834167957, kld_loss:2599.5892877578735, epoch_train_time:2.600304327905178
2022-06-19 09:32:55,502 - pytorch_cvae.py[line:169] - INFO: ----------------------------No.29 epoch----------------------------
2022-06-19 09:32:55,502 - pytorch_cvae.py[line:176] - INFO: loss:190.0616716146469, numeric_loss:22.407175108790398, categorical_loss:15.386895477771759, kld_loss:2542.19478225708, epoch_train_time:2.780263941735029
2022-06-19 09:32:58,154 - pytorch_cvae.py[line:169] - INFO: ----------------------------No.30 epoch----------------------------
2022-06-19 09:32:58,154 - pytorch_cvae.py[line:176] - INFO: loss:199.64049911499023, numeric_loss:24.458440966904163, categorical_loss:15.916425174102187, kld_loss:2475.547823905945, epoch_train_time:2.6515957415103912
2022-06-19 09:33:01,007 - pytorch_cvae.py[line:169] - INFO: ----------------------------No.31 epoch----------------------------
2022-06-19 09:33:01,007 - pytorch_cvae.py[line:176] - INFO: loss:211.19360488653183, numeric_loss:26.49365009367466, categorical_loss:17.504853170365095, kld_loss:2421.8935961723328, epoch_train_time:2.853150088340044
2022-06-19 09:33:03,656 - pytorch_cvae.py[line:169] - INFO: ----------------------------No.32 epoch----------------------------
2022-06-19 09:33:03,656 - pytorch_cvae.py[line:176] - INFO: loss:221.9461321234703, numeric_loss:28.53498114645481, categorical_loss:18.40295838750899, kld_loss:2364.8653016090393, epoch_train_time:2.6484429910779
2022-06-19 09:33:06,392 - pytorch_cvae.py[line:169] - INFO: ----------------------------No.33 epoch----------------------------
2022-06-19 09:33:06,392 - pytorch_cvae.py[line:176] - INFO: loss:233.86407262086868, numeric_loss:30.48316852748394, categorical_loss:20.019770618528128, kld_loss:2313.695140838623, epoch_train_time:2.735720630735159
2022-06-19 09:33:09,132 - pytorch_cvae.py[line:169] - INFO: ----------------------------No.34 epoch----------------------------
2022-06-19 09:33:09,132 - pytorch_cvae.py[line:176] - INFO: loss:246.52332919836044, numeric_loss:32.516520880162716, categorical_loss:21.673951368778944, kld_loss:2268.493169784546, epoch_train_time:2.740196358412504
2022-06-19 09:33:11,934 - pytorch_cvae.py[line:169] - INFO: ----------------------------No.35 epoch----------------------------
2022-06-19 09:33:11,934 - pytorch_cvae.py[line:176] - INFO: loss:258.0869982242584, numeric_loss:34.941968873143196, categorical_loss:22.895584097132087, kld_loss:2209.9106097221375, epoch_train_time:2.801469024270773
2022-06-19 09:33:14,592 - pytorch_cvae.py[line:169] - INFO: ----------------------------No.36 epoch----------------------------
2022-06-19 09:33:14,592 - pytorch_cvae.py[line:176] - INFO: loss:271.1053762435913, numeric_loss:37.603984981775284, categorical_loss:24.772589646279812, kld_loss:2157.443703651428, epoch_train_time:2.657707139849663
2022-06-19 09:33:17,268 - pytorch_cvae.py[line:169] - INFO: ----------------------------No.37 epoch----------------------------
2022-06-19 09:33:17,268 - pytorch_cvae.py[line:176] - INFO: loss:282.3525538444519, numeric_loss:41.300553888082504, categorical_loss:26.489012721925974, kld_loss:2079.2175331115723, epoch_train_time:2.675893120467663
2022-06-19 09:33:19,941 - pytorch_cvae.py[line:169] - INFO: ----------------------------No.38 epoch----------------------------
2022-06-19 09:33:19,941 - pytorch_cvae.py[line:176] - INFO: loss:292.6351538300514, numeric_loss:45.81987750530243, categorical_loss:27.363984040915966, kld_loss:1995.7472658157349, epoch_train_time:2.672754395753145
2022-06-19 09:33:22,619 - pytorch_cvae.py[line:169] - INFO: ----------------------------No.39 epoch----------------------------
2022-06-19 09:33:22,619 - pytorch_cvae.py[line:176] - INFO: loss:304.99497985839844, numeric_loss:48.82392317056656, categorical_loss:29.31503476947546, kld_loss:1938.0916390419006, epoch_train_time:2.677951190620661
2022-06-19 09:33:25,352 - pytorch_cvae.py[line:169] - INFO: ----------------------------No.40 epoch----------------------------
2022-06-19 09:33:25,353 - pytorch_cvae.py[line:176] - INFO: loss:319.06274938583374, numeric_loss:50.790472432971, categorical_loss:31.22676868736744, kld_loss:1904.3493766784668, epoch_train_time:2.732988353818655
2022-06-19 09:33:27,928 - pytorch_cvae.py[line:169] - INFO: ----------------------------No.41 epoch----------------------------
2022-06-19 09:33:27,928 - pytorch_cvae.py[line:176] - INFO: loss:333.8950753211975, numeric_loss:52.33721449971199, categorical_loss:33.793936874717474, kld_loss:1873.6055779457092, epoch_train_time:2.5752168260514736
2022-06-19 09:33:30,701 - pytorch_cvae.py[line:169] - INFO: ----------------------------No.42 epoch----------------------------
2022-06-19 09:33:30,702 - pytorch_cvae.py[line:176] - INFO: loss:348.25435745716095, numeric_loss:53.536405220627785, categorical_loss:35.974402245134115, kld_loss:1843.6102075576782, epoch_train_time:2.773438286036253
2022-06-19 09:33:33,350 - pytorch_cvae.py[line:169] - INFO: ----------------------------No.43 epoch----------------------------
2022-06-19 09:33:33,350 - pytorch_cvae.py[line:176] - INFO: loss:362.02369225025177, numeric_loss:54.196704149246216, categorical_loss:38.329937517642975, kld_loss:1811.120493888855, epoch_train_time:2.6478224471211433
2022-06-19 09:33:36,060 - pytorch_cvae.py[line:169] - INFO: ----------------------------No.44 epoch----------------------------
2022-06-19 09:33:36,060 - pytorch_cvae.py[line:176] - INFO: loss:377.64580500125885, numeric_loss:54.70713768899441, categorical_loss:41.234369695186615, kld_loss:1787.3717041015625, epoch_train_time:2.710406094789505
2022-06-19 09:33:38,784 - pytorch_cvae.py[line:169] - INFO: ----------------------------No.45 epoch----------------------------
2022-06-19 09:33:38,784 - pytorch_cvae.py[line:176] - INFO: loss:392.6577365398407, numeric_loss:54.972247660160065, categorical_loss:43.45114692300558, kld_loss:1764.319001674652, epoch_train_time:2.723224699497223
2022-06-19 09:33:41,438 - pytorch_cvae.py[line:169] - INFO: ----------------------------No.46 epoch----------------------------
2022-06-19 09:33:41,438 - pytorch_cvae.py[line:176] - INFO: loss:409.2072730064392, numeric_loss:55.1250738799572, categorical_loss:46.446290239691734, kld_loss:1745.08846616745, epoch_train_time:2.6537760235369205
2022-06-19 09:33:44,161 - pytorch_cvae.py[line:169] - INFO: ----------------------------No.47 epoch----------------------------
2022-06-19 09:33:44,161 - pytorch_cvae.py[line:176] - INFO: loss:426.06750667095184, numeric_loss:55.26360505819321, categorical_loss:49.922911152243614, kld_loss:1723.6749277114868, epoch_train_time:2.7232066057622433
2022-06-19 09:33:46,968 - pytorch_cvae.py[line:169] - INFO: ----------------------------No.48 epoch----------------------------
2022-06-19 09:33:46,968 - pytorch_cvae.py[line:176] - INFO: loss:442.98323249816895, numeric_loss:55.297916650772095, categorical_loss:53.71168231219053, kld_loss:1700.5475754737854, epoch_train_time:2.806597016751766
2022-06-19 09:33:49,694 - pytorch_cvae.py[line:169] - INFO: ----------------------------No.49 epoch----------------------------
2022-06-19 09:33:49,694 - pytorch_cvae.py[line:176] - INFO: loss:458.6997079849243, numeric_loss:55.280668810009956, categorical_loss:56.94122752547264, kld_loss:1673.9850273132324, epoch_train_time:2.7262467592954636
2022-06-19 09:33:52,436 - pytorch_cvae.py[line:169] - INFO: ----------------------------No.50 epoch----------------------------
2022-06-19 09:33:52,436 - pytorch_cvae.py[line:176] - INFO: loss:476.9150700569153, numeric_loss:55.31975768506527, categorical_loss:60.67658559978008, kld_loss:1656.225296497345, epoch_train_time:2.7413350753486156
2022-06-19 09:33:55,174 - pytorch_cvae.py[line:169] - INFO: ----------------------------No.51 epoch----------------------------
2022-06-19 09:33:55,174 - pytorch_cvae.py[line:176] - INFO: loss:494.214781165123, numeric_loss:55.31528729200363, categorical_loss:64.32365377992392, kld_loss:1634.2476935386658, epoch_train_time:2.73812822625041
2022-06-19 09:33:57,875 - pytorch_cvae.py[line:169] - INFO: ----------------------------No.52 epoch----------------------------
2022-06-19 09:33:57,875 - pytorch_cvae.py[line:176] - INFO: loss:512.9631705284119, numeric_loss:55.3258181065321, categorical_loss:68.43317494541407, kld_loss:1616.062054157257, epoch_train_time:2.7006231173872948
2022-06-19 09:34:00,570 - pytorch_cvae.py[line:169] - INFO: ----------------------------No.53 epoch----------------------------
2022-06-19 09:34:00,570 - pytorch_cvae.py[line:176] - INFO: loss:531.7391887903214, numeric_loss:55.29890239238739, categorical_loss:72.89961169660091, kld_loss:1596.2635078430176, epoch_train_time:2.6951155439019203
2022-06-19 09:34:03,248 - pytorch_cvae.py[line:169] - INFO: ----------------------------No.54 epoch----------------------------
2022-06-19 09:34:03,248 - pytorch_cvae.py[line:176] - INFO: loss:549.6181474924088, numeric_loss:55.29036071896553, categorical_loss:77.75222270190716, kld_loss:1571.3830270767212, epoch_train_time:2.677339047193527
2022-06-19 09:34:06,017 - pytorch_cvae.py[line:169] - INFO: ----------------------------No.55 epoch----------------------------
2022-06-19 09:34:06,017 - pytorch_cvae.py[line:176] - INFO: loss:568.2799271345139, numeric_loss:55.3068775087595, categorical_loss:82.36815923452377, kld_loss:1550.502746105194, epoch_train_time:2.769102353602648
2022-06-19 09:34:08,686 - pytorch_cvae.py[line:169] - INFO: ----------------------------No.56 epoch----------------------------
2022-06-19 09:34:08,686 - pytorch_cvae.py[line:176] - INFO: loss:588.5255659818649, numeric_loss:55.33929243683815, categorical_loss:88.00965332984924, kld_loss:1531.671115398407, epoch_train_time:2.6687947511672974
2022-06-19 09:34:11,337 - pytorch_cvae.py[line:169] - INFO: ----------------------------No.57 epoch----------------------------
2022-06-19 09:34:11,337 - pytorch_cvae.py[line:176] - INFO: loss:606.165219783783, numeric_loss:55.317673698067665, categorical_loss:92.51628609001637, kld_loss:1508.2959094047546, epoch_train_time:2.6507347002625465
2022-06-19 09:34:14,051 - pytorch_cvae.py[line:169] - INFO: ----------------------------No.58 epoch----------------------------
2022-06-19 09:34:14,052 - pytorch_cvae.py[line:176] - INFO: loss:627.4290912151337, numeric_loss:55.307456344366074, categorical_loss:98.23593144118786, kld_loss:1493.0998635292053, epoch_train_time:2.713989108800888
2022-06-19 09:34:16,780 - pytorch_cvae.py[line:169] - INFO: ----------------------------No.59 epoch----------------------------
2022-06-19 09:34:16,780 - pytorch_cvae.py[line:176] - INFO: loss:647.1612384319305, numeric_loss:55.30492348968983, categorical_loss:104.17388865351677, kld_loss:1472.634060382843, epoch_train_time:2.7283669151365757
2022-06-19 09:34:19,473 - pytorch_cvae.py[line:169] - INFO: ----------------------------No.60 epoch----------------------------
2022-06-19 09:34:19,473 - pytorch_cvae.py[line:176] - INFO: loss:666.685525894165, numeric_loss:55.30269621312618, categorical_loss:110.17100790143013, kld_loss:1451.9639716148376, epoch_train_time:2.6930608600378036
2022-06-19 09:34:22,167 - pytorch_cvae.py[line:169] - INFO: ----------------------------No.61 epoch----------------------------
2022-06-19 09:34:22,167 - pytorch_cvae.py[line:176] - INFO: loss:686.2825946807861, numeric_loss:55.3077639490366, categorical_loss:116.40892219543457, kld_loss:1431.4843049049377, epoch_train_time:2.6932081431150436
2022-06-19 09:34:24,892 - pytorch_cvae.py[line:169] - INFO: ----------------------------No.62 epoch----------------------------
2022-06-19 09:34:24,892 - pytorch_cvae.py[line:176] - INFO: loss:706.3350005149841, numeric_loss:55.297301203012466, categorical_loss:123.45877459645271, kld_loss:1410.842047214508, epoch_train_time:2.724913541227579
2022-06-19 09:34:27,595 - pytorch_cvae.py[line:169] - INFO: ----------------------------No.63 epoch----------------------------
2022-06-19 09:34:27,595 - pytorch_cvae.py[line:176] - INFO: loss:724.9565260410309, numeric_loss:55.29293631017208, categorical_loss:130.2716372013092, kld_loss:1387.9540791511536, epoch_train_time:2.7029411159455776
2022-06-19 09:34:30,313 - pytorch_cvae.py[line:169] - INFO: ----------------------------No.64 epoch----------------------------
2022-06-19 09:34:30,313 - pytorch_cvae.py[line:176] - INFO: loss:747.0428545475006, numeric_loss:55.310846984386444, categorical_loss:137.4206990301609, kld_loss:1373.8468046188354, epoch_train_time:2.7181536480784416
2022-06-19 09:34:32,989 - pytorch_cvae.py[line:169] - INFO: ----------------------------No.65 epoch----------------------------
2022-06-19 09:34:32,989 - pytorch_cvae.py[line:176] - INFO: loss:764.869357585907, numeric_loss:55.28757719695568, categorical_loss:144.29470086097717, kld_loss:1350.8337092399597, epoch_train_time:2.675180833786726
2022-06-19 09:34:35,709 - pytorch_cvae.py[line:169] - INFO: ----------------------------No.66 epoch----------------------------
2022-06-19 09:34:35,710 - pytorch_cvae.py[line:176] - INFO: loss:785.9857454299927, numeric_loss:55.29120348393917, categorical_loss:152.71546557545662, kld_loss:1332.9918503761292, epoch_train_time:2.720522068440914
2022-06-19 09:34:38,320 - pytorch_cvae.py[line:169] - INFO: ----------------------------No.67 epoch----------------------------
2022-06-19 09:34:38,320 - pytorch_cvae.py[line:176] - INFO: loss:802.7597250938416, numeric_loss:55.285947382450104, categorical_loss:159.55536597967148, kld_loss:1309.9335765838623, epoch_train_time:2.6099985912442207
2022-06-19 09:34:41,092 - pytorch_cvae.py[line:169] - INFO: ----------------------------No.68 epoch----------------------------
2022-06-19 09:34:41,092 - pytorch_cvae.py[line:176] - INFO: loss:823.5079181194305, numeric_loss:55.293106481432915, categorical_loss:167.98065143823624, kld_loss:1293.3142395019531, epoch_train_time:2.7723955772817135
2022-06-19 09:34:43,766 - pytorch_cvae.py[line:169] - INFO: ----------------------------No.69 epoch----------------------------
2022-06-19 09:34:43,766 - pytorch_cvae.py[line:176] - INFO: loss:843.3459529876709, numeric_loss:55.30775132775307, categorical_loss:177.41282650828362, kld_loss:1273.6310238838196, epoch_train_time:2.6735112257301807
2022-06-19 09:34:46,450 - pytorch_cvae.py[line:169] - INFO: ----------------------------No.70 epoch----------------------------
2022-06-19 09:34:46,451 - pytorch_cvae.py[line:176] - INFO: loss:859.9775099754333, numeric_loss:55.30662326514721, categorical_loss:185.22368091344833, kld_loss:1251.966802597046, epoch_train_time:2.6842564716935158
2022-06-19 09:34:49,120 - pytorch_cvae.py[line:169] - INFO: ----------------------------No.71 epoch----------------------------
2022-06-19 09:34:49,120 - pytorch_cvae.py[line:176] - INFO: loss:878.9860298633575, numeric_loss:55.2828638702631, categorical_loss:193.76119774580002, kld_loss:1234.9321055412292, epoch_train_time:2.6692795865237713
2022-06-19 09:34:51,786 - pytorch_cvae.py[line:169] - INFO: ----------------------------No.72 epoch----------------------------
2022-06-19 09:34:51,786 - pytorch_cvae.py[line:176] - INFO: loss:899.4426522254944, numeric_loss:55.27899259328842, categorical_loss:204.1862267255783, kld_loss:1218.1352090835571, epoch_train_time:2.6654029302299023
2022-06-19 09:34:54,527 - pytorch_cvae.py[line:169] - INFO: ----------------------------No.73 epoch----------------------------
2022-06-19 09:34:54,527 - pytorch_cvae.py[line:176] - INFO: loss:915.9072093963623, numeric_loss:55.26757004857063, categorical_loss:214.31255412101746, kld_loss:1195.6547937393188, epoch_train_time:2.740914676338434
2022-06-19 09:34:57,282 - pytorch_cvae.py[line:169] - INFO: ----------------------------No.74 epoch----------------------------
2022-06-19 09:34:57,282 - pytorch_cvae.py[line:176] - INFO: loss:934.6532888412476, numeric_loss:55.27722631394863, categorical_loss:223.26364946365356, kld_loss:1180.8332815170288, epoch_train_time:2.754828315228224
2022-06-19 09:34:59,977 - pytorch_cvae.py[line:169] - INFO: ----------------------------No.75 epoch----------------------------
2022-06-19 09:34:59,977 - pytorch_cvae.py[line:176] - INFO: loss:950.9570953845978, numeric_loss:55.282051876187325, categorical_loss:233.6773945093155, kld_loss:1160.2671611309052, epoch_train_time:2.6948722302913666
2022-06-19 09:35:02,643 - pytorch_cvae.py[line:169] - INFO: ----------------------------No.76 epoch----------------------------
2022-06-19 09:35:02,643 - pytorch_cvae.py[line:176] - INFO: loss:967.0488131046295, numeric_loss:55.268702015280724, categorical_loss:243.100033223629, kld_loss:1142.4715950489044, epoch_train_time:2.666149787604809
2022-06-19 09:35:05,289 - pytorch_cvae.py[line:169] - INFO: ----------------------------No.77 epoch----------------------------
2022-06-19 09:35:05,289 - pytorch_cvae.py[line:176] - INFO: loss:983.0642368793488, numeric_loss:55.266554310917854, categorical_loss:253.56941139698029, kld_loss:1124.0710730552673, epoch_train_time:2.645987920463085
2022-06-19 09:35:07,965 - pytorch_cvae.py[line:169] - INFO: ----------------------------No.78 epoch----------------------------
2022-06-19 09:35:07,965 - pytorch_cvae.py[line:176] - INFO: loss:997.5071158409119, numeric_loss:55.2619276791811, categorical_loss:263.950401365757, kld_loss:1104.585601568222, epoch_train_time:2.67509737983346
2022-06-19 09:35:10,729 - pytorch_cvae.py[line:169] - INFO: ----------------------------No.79 epoch----------------------------
2022-06-19 09:35:10,729 - pytorch_cvae.py[line:176] - INFO: loss:1011.1956477165222, numeric_loss:55.25621683895588, categorical_loss:273.93594467639923, kld_loss:1085.9150636196136, epoch_train_time:2.7645140811800957
2022-06-19 09:35:13,402 - pytorch_cvae.py[line:169] - INFO: ----------------------------No.80 epoch----------------------------
2022-06-19 09:35:13,402 - pytorch_cvae.py[line:176] - INFO: loss:1026.9477343559265, numeric_loss:55.27435106039047, categorical_loss:284.69661939144135, kld_loss:1070.5673246383667, epoch_train_time:2.6722879968583584
2022-06-19 09:35:16,208 - pytorch_cvae.py[line:169] - INFO: ----------------------------No.81 epoch----------------------------
2022-06-19 09:35:16,208 - pytorch_cvae.py[line:176] - INFO: loss:1040.467975139618, numeric_loss:55.26367923617363, categorical_loss:296.5112810730934, kld_loss:1051.4644529819489, epoch_train_time:2.8060916028916836
2022-06-19 09:35:18,797 - pytorch_cvae.py[line:169] - INFO: ----------------------------No.82 epoch----------------------------
2022-06-19 09:35:18,797 - pytorch_cvae.py[line:176] - INFO: loss:1053.0405614376068, numeric_loss:55.268386751413345, categorical_loss:306.7050030827522, kld_loss:1034.7142531871796, epoch_train_time:2.5886544547975063
2022-06-19 09:35:21,536 - pytorch_cvae.py[line:169] - INFO: ----------------------------No.83 epoch----------------------------
2022-06-19 09:35:21,536 - pytorch_cvae.py[line:176] - INFO: loss:1066.1887731552124, numeric_loss:55.27004736661911, categorical_loss:316.53248316049576, kld_loss:1020.6264398097992, epoch_train_time:2.7386557050049305
2022-06-19 09:35:24,271 - pytorch_cvae.py[line:169] - INFO: ----------------------------No.84 epoch----------------------------
2022-06-19 09:35:24,271 - pytorch_cvae.py[line:176] - INFO: loss:1078.390596628189, numeric_loss:55.27035081386566, categorical_loss:328.7057395577431, kld_loss:1002.961718082428, epoch_train_time:2.73495751619339
2022-06-19 09:35:27,063 - pytorch_cvae.py[line:169] - INFO: ----------------------------No.85 epoch----------------------------
2022-06-19 09:35:27,063 - pytorch_cvae.py[line:176] - INFO: loss:1089.7299025058746, numeric_loss:55.25976087152958, categorical_loss:339.38671934604645, kld_loss:987.4989514350891, epoch_train_time:2.791764434427023
2022-06-19 09:35:29,752 - pytorch_cvae.py[line:169] - INFO: ----------------------------No.86 epoch----------------------------
2022-06-19 09:35:29,752 - pytorch_cvae.py[line:176] - INFO: loss:1097.8384339809418, numeric_loss:55.254455253481865, categorical_loss:348.04619938135147, kld_loss:971.5474138259888, epoch_train_time:2.688499167561531
2022-06-19 09:35:32,431 - pytorch_cvae.py[line:169] - INFO: ----------------------------No.87 epoch----------------------------
2022-06-19 09:35:32,431 - pytorch_cvae.py[line:176] - INFO: loss:1108.4576919078827, numeric_loss:55.25331272184849, categorical_loss:358.5801559686661, kld_loss:957.6808023452759, epoch_train_time:2.6792356222867966
2022-06-19 09:35:35,129 - pytorch_cvae.py[line:169] - INFO: ----------------------------No.88 epoch----------------------------
2022-06-19 09:35:35,129 - pytorch_cvae.py[line:176] - INFO: loss:1117.9496653079987, numeric_loss:55.25119186937809, categorical_loss:368.51779866218567, kld_loss:944.2356858253479, epoch_train_time:2.697537384927273
2022-06-19 09:35:37,851 - pytorch_cvae.py[line:169] - INFO: ----------------------------No.89 epoch----------------------------
2022-06-19 09:35:37,851 - pytorch_cvae.py[line:176] - INFO: loss:1126.8257060050964, numeric_loss:55.2529583722353, categorical_loss:378.14092695713043, kld_loss:931.5002841949463, epoch_train_time:2.721763789653778
2022-06-19 09:35:40,569 - pytorch_cvae.py[line:169] - INFO: ----------------------------No.90 epoch----------------------------
2022-06-19 09:35:40,570 - pytorch_cvae.py[line:176] - INFO: loss:1134.1837246418, numeric_loss:55.24143761396408, categorical_loss:387.5288723707199, kld_loss:918.1690189838409, epoch_train_time:2.718363154679537
2022-06-19 09:35:43,269 - pytorch_cvae.py[line:169] - INFO: ----------------------------No.91 epoch----------------------------
2022-06-19 09:35:43,269 - pytorch_cvae.py[line:176] - INFO: loss:1141.1267838478088, numeric_loss:55.24852891266346, categorical_loss:395.45544147491455, kld_loss:907.2769532203674, epoch_train_time:2.6990119703114033
2022-06-19 09:35:46,045 - pytorch_cvae.py[line:169] - INFO: ----------------------------No.92 epoch----------------------------
2022-06-19 09:35:46,045 - pytorch_cvae.py[line:176] - INFO: loss:1148.1398158073425, numeric_loss:55.25021843612194, categorical_loss:406.7156744003296, kld_loss:893.1680164337158, epoch_train_time:2.7763552889227867
2022-06-19 09:35:48,648 - pytorch_cvae.py[line:169] - INFO: ----------------------------No.93 epoch----------------------------
2022-06-19 09:35:48,648 - pytorch_cvae.py[line:176] - INFO: loss:1152.9959125518799, numeric_loss:55.26060362160206, categorical_loss:414.1811668872833, kld_loss:882.2270421981812, epoch_train_time:2.602662980556488
2022-06-19 09:35:51,383 - pytorch_cvae.py[line:169] - INFO: ----------------------------No.94 epoch----------------------------
2022-06-19 09:35:51,383 - pytorch_cvae.py[line:176] - INFO: loss:1156.693202495575, numeric_loss:55.23227892816067, categorical_loss:422.4163615703583, kld_loss:869.8582789897919, epoch_train_time:2.734463382512331
2022-06-19 09:35:54,037 - pytorch_cvae.py[line:169] - INFO: ----------------------------No.95 epoch----------------------------
2022-06-19 09:35:54,037 - pytorch_cvae.py[line:176] - INFO: loss:1163.020162820816, numeric_loss:55.25485800206661, categorical_loss:429.21007001399994, kld_loss:863.599790096283, epoch_train_time:2.654184006154537
2022-06-19 09:35:56,760 - pytorch_cvae.py[line:169] - INFO: ----------------------------No.96 epoch----------------------------
2022-06-19 09:35:56,760 - pytorch_cvae.py[line:176] - INFO: loss:1164.7765822410583, numeric_loss:55.239988550543785, categorical_loss:433.8235639333725, kld_loss:855.2655558586121, epoch_train_time:2.72220578789711
2022-06-19 09:35:59,574 - pytorch_cvae.py[line:169] - INFO: ----------------------------No.97 epoch----------------------------
2022-06-19 09:35:59,574 - pytorch_cvae.py[line:176] - INFO: loss:1169.4477286338806, numeric_loss:55.244942933321, categorical_loss:438.99315309524536, kld_loss:850.791214466095, epoch_train_time:2.8137155659496784
2022-06-19 09:36:02,259 - pytorch_cvae.py[line:169] - INFO: ----------------------------No.98 epoch----------------------------
2022-06-19 09:36:02,259 - pytorch_cvae.py[line:176] - INFO: loss:1170.8262751102448, numeric_loss:55.25608171522617, categorical_loss:443.05434370040894, kld_loss:844.4362125396729, epoch_train_time:2.684677265584469
2022-06-19 09:36:04,929 - pytorch_cvae.py[line:169] - INFO: ----------------------------No.99 epoch----------------------------
2022-06-19 09:36:04,930 - pytorch_cvae.py[line:176] - INFO: loss:1171.0210072994232, numeric_loss:55.2364507317543, categorical_loss:445.8383209705353, kld_loss:839.1093468666077, epoch_train_time:2.6706644408404827
2022-06-19 09:36:07,593 - pytorch_cvae.py[line:169] - INFO: ----------------------------No.100 epoch----------------------------
2022-06-19 09:36:07,593 - pytorch_cvae.py[line:176] - INFO: loss:1175.0514554977417, numeric_loss:55.234430715441704, categorical_loss:449.21081137657166, kld_loss:838.6769742965698, epoch_train_time:2.663694851100445
2022-06-19 09:36:07,594 - pytorch_cvae.py[line:185] - INFO: training time elapsed:272.8322827704251
2022-06-19 09:36:07,599 - model_utils.py[line:67] - INFO: save model successfully
2022-06-19 09:36:08,367 - pytorch_cvae.py[line:261] - INFO: train model time elapsed:281.97958209365606
2022-06-19 09:36:08,367 - pytorch_cvae.py[line:242] - INFO: epoch:100
2022-06-19 09:36:08,367 - pytorch_cvae.py[line:243] - INFO: batch size:512
2022-06-19 09:36:08,367 - pytorch_cvae.py[line:244] - INFO: latent dimension:50
2022-06-19 09:36:08,367 - pytorch_cvae.py[line:245] - INFO: intermediate dimension:100
2022-06-19 09:36:08,367 - pytorch_cvae.py[line:246] - INFO: gpu num:0
2022-06-19 09:36:08,367 - dataset_utils.py[line:543] - INFO: load existing dataset:census-adult-b_b_education_num__b_education_num_binary_gaussian5_0
2022-06-19 09:36:08,787 - dataset_utils.py[line:555] - INFO: load dataset time elapsed:0.4194825105369091
2022-06-19 09:36:08,787 - pytorch_cvae.py[line:251] - INFO: feature info:[('b_education_num', 'categorical', 5)]
2022-06-19 09:36:10,777 - pytorch_cvae.py[line:169] - INFO: ----------------------------No.1 epoch----------------------------
2022-06-19 09:36:10,777 - pytorch_cvae.py[line:176] - INFO: loss:47.992218509316444, numeric_loss:0.0, categorical_loss:35.10960306413472, kld_loss:2389.9370438456535, epoch_train_time:1.9878461547195911
2022-06-19 09:36:12,730 - pytorch_cvae.py[line:169] - INFO: ----------------------------No.2 epoch----------------------------
2022-06-19 09:36:12,730 - pytorch_cvae.py[line:176] - INFO: loss:15.762721810489893, numeric_loss:0.0, categorical_loss:4.134171192534268, kld_loss:1952.9706692695618, epoch_train_time:1.953172616660595
2022-06-19 09:36:14,630 - pytorch_cvae.py[line:169] - INFO: ----------------------------No.3 epoch----------------------------
2022-06-19 09:36:14,630 - pytorch_cvae.py[line:176] - INFO: loss:13.5137719810009, numeric_loss:0.0, categorical_loss:3.304804547224194, kld_loss:1553.7241897583008, epoch_train_time:1.899672295898199
2022-06-19 09:36:16,665 - pytorch_cvae.py[line:169] - INFO: ----------------------------No.4 epoch----------------------------
2022-06-19 09:36:16,665 - pytorch_cvae.py[line:176] - INFO: loss:9.479353234171867, numeric_loss:0.0, categorical_loss:2.373574343044311, kld_loss:980.9798626899719, epoch_train_time:2.0346225425601006
2022-06-19 09:36:18,566 - pytorch_cvae.py[line:169] - INFO: ----------------------------No.5 epoch----------------------------
2022-06-19 09:36:18,566 - pytorch_cvae.py[line:176] - INFO: loss:4.90038499282673, numeric_loss:0.0, categorical_loss:1.5067069050855935, kld_loss:425.41189551353455, epoch_train_time:1.901223037391901
2022-06-19 09:36:20,536 - pytorch_cvae.py[line:169] - INFO: ----------------------------No.6 epoch----------------------------
2022-06-19 09:36:20,536 - pytorch_cvae.py[line:176] - INFO: loss:1.4472646133508533, numeric_loss:0.0, categorical_loss:0.6732519456418231, kld_loss:88.1884936094284, epoch_train_time:1.9693333953619003
2022-06-19 09:36:22,567 - pytorch_cvae.py[line:169] - INFO: ----------------------------No.7 epoch----------------------------
2022-06-19 09:36:22,567 - pytorch_cvae.py[line:176] - INFO: loss:0.7728935785125941, numeric_loss:0.0, categorical_loss:0.3860734361805953, kld_loss:40.09886860847473, epoch_train_time:2.0306051038205624
2022-06-19 09:36:24,544 - pytorch_cvae.py[line:169] - INFO: ----------------------------No.8 epoch----------------------------
2022-06-19 09:36:24,544 - pytorch_cvae.py[line:176] - INFO: loss:0.4436259600915946, numeric_loss:0.0, categorical_loss:0.2601675864716526, kld_loss:17.320245664566755, epoch_train_time:1.9772677198052406
2022-06-19 09:36:26,512 - pytorch_cvae.py[line:169] - INFO: ----------------------------No.9 epoch----------------------------
2022-06-19 09:36:26,512 - pytorch_cvae.py[line:176] - INFO: loss:0.2565254318760708, numeric_loss:0.0, categorical_loss:0.17852026439504698, kld_loss:6.713788376189768, epoch_train_time:1.9674905203282833
2022-06-19 09:36:28,525 - pytorch_cvae.py[line:169] - INFO: ----------------------------No.10 epoch----------------------------
2022-06-19 09:36:28,525 - pytorch_cvae.py[line:176] - INFO: loss:0.15427694690879434, numeric_loss:0.0, categorical_loss:0.12316371771157719, kld_loss:2.443719809409231, epoch_train_time:2.0126809924840927
2022-06-19 09:36:30,510 - pytorch_cvae.py[line:169] - INFO: ----------------------------No.11 epoch----------------------------
2022-06-19 09:36:30,510 - pytorch_cvae.py[line:176] - INFO: loss:0.103515836657607, numeric_loss:0.0, categorical_loss:0.09019207626988646, kld_loss:0.955937432590872, epoch_train_time:1.98544055595994
2022-06-19 09:36:32,543 - pytorch_cvae.py[line:169] - INFO: ----------------------------No.12 epoch----------------------------
2022-06-19 09:36:32,543 - pytorch_cvae.py[line:176] - INFO: loss:0.07354915831820108, numeric_loss:0.0, categorical_loss:0.06777632230659947, kld_loss:0.3787237426149659, epoch_train_time:2.0328058898448944
2022-06-19 09:36:34,540 - pytorch_cvae.py[line:169] - INFO: ----------------------------No.13 epoch----------------------------
2022-06-19 09:36:34,540 - pytorch_cvae.py[line:176] - INFO: loss:0.05828945661778562, numeric_loss:0.0, categorical_loss:0.05531469115521759, kld_loss:0.17862858896842226, epoch_train_time:1.9961839579045773
2022-06-19 09:36:36,456 - pytorch_cvae.py[line:169] - INFO: ----------------------------No.14 epoch----------------------------
2022-06-19 09:36:36,456 - pytorch_cvae.py[line:176] - INFO: loss:0.048724680294981226, numeric_loss:0.0, categorical_loss:0.04704312352987472, kld_loss:0.0925143334607128, epoch_train_time:1.9157824590802193
2022-06-19 09:36:38,538 - pytorch_cvae.py[line:169] - INFO: ----------------------------No.15 epoch----------------------------
2022-06-19 09:36:38,539 - pytorch_cvae.py[line:176] - INFO: loss:0.043361242533137556, numeric_loss:0.0, categorical_loss:0.04230070581252221, kld_loss:0.05351268827507738, epoch_train_time:2.0826224386692047
2022-06-19 09:36:40,484 - pytorch_cvae.py[line:169] - INFO: ----------------------------No.16 epoch----------------------------
2022-06-19 09:36:40,484 - pytorch_cvae.py[line:176] - INFO: loss:0.04018482147512259, numeric_loss:0.0, categorical_loss:0.03948558198317187, kld_loss:0.03239103611122118, epoch_train_time:1.9456773214042187
2022-06-19 09:36:42,549 - pytorch_cvae.py[line:169] - INFO: ----------------------------No.17 epoch----------------------------
2022-06-19 09:36:42,549 - pytorch_cvae.py[line:176] - INFO: loss:0.038246082527621184, numeric_loss:0.0, categorical_loss:0.0377913829361205, kld_loss:0.019356442368007265, epoch_train_time:2.0641535744071007
2022-06-19 09:36:44,507 - pytorch_cvae.py[line:169] - INFO: ----------------------------No.18 epoch----------------------------
2022-06-19 09:36:44,507 - pytorch_cvae.py[line:176] - INFO: loss:0.037135852086066734, numeric_loss:0.0, categorical_loss:0.03685953882813919, kld_loss:0.010820298302860465, epoch_train_time:1.9583944752812386
2022-06-19 09:36:46,526 - pytorch_cvae.py[line:169] - INFO: ----------------------------No.19 epoch----------------------------
2022-06-19 09:36:46,526 - pytorch_cvae.py[line:176] - INFO: loss:0.03643288993043825, numeric_loss:0.0, categorical_loss:0.036275826751079876, kld_loss:0.0056634661777934525, epoch_train_time:2.0183051750063896
2022-06-19 09:36:48,497 - pytorch_cvae.py[line:169] - INFO: ----------------------------No.20 epoch----------------------------
2022-06-19 09:36:48,497 - pytorch_cvae.py[line:176] - INFO: loss:0.03587638031604001, numeric_loss:0.0, categorical_loss:0.035784659085038584, kld_loss:0.0030484776261801017, epoch_train_time:1.9708742424845695
2022-06-19 09:36:50,507 - pytorch_cvae.py[line:169] - INFO: ----------------------------No.21 epoch----------------------------
2022-06-19 09:36:50,507 - pytorch_cvae.py[line:176] - INFO: loss:0.03542858300352236, numeric_loss:0.0, categorical_loss:0.035374030339880846, kld_loss:0.001672893039540213, epoch_train_time:2.009800061583519
2022-06-19 09:36:52,528 - pytorch_cvae.py[line:169] - INFO: ----------------------------No.22 epoch----------------------------
2022-06-19 09:36:52,528 - pytorch_cvae.py[line:176] - INFO: loss:0.03491919796942966, numeric_loss:0.0, categorical_loss:0.03488521798863076, kld_loss:0.000962387984372981, epoch_train_time:2.0206664130091667
2022-06-19 09:36:54,546 - pytorch_cvae.py[line:169] - INFO: ----------------------------No.23 epoch----------------------------
2022-06-19 09:36:54,546 - pytorch_cvae.py[line:176] - INFO: loss:0.03438703560095746, numeric_loss:0.0, categorical_loss:0.034364572071353905, kld_loss:0.0005881800973384088, epoch_train_time:2.0183143317699432
2022-06-19 09:36:56,530 - pytorch_cvae.py[line:169] - INFO: ----------------------------No.24 epoch----------------------------
2022-06-19 09:36:56,530 - pytorch_cvae.py[line:176] - INFO: loss:0.03383032634155825, numeric_loss:0.0, categorical_loss:0.033815051763667725, kld_loss:0.00037012200596109324, epoch_train_time:1.9835933484137058
2022-06-19 09:36:58,544 - pytorch_cvae.py[line:169] - INFO: ----------------------------No.25 epoch----------------------------
2022-06-19 09:36:58,544 - pytorch_cvae.py[line:176] - INFO: loss:0.03324687808344606, numeric_loss:0.0, categorical_loss:0.03323612816166133, kld_loss:0.00024130116327114592, epoch_train_time:2.0140469036996365
2022-06-19 09:37:00,532 - pytorch_cvae.py[line:169] - INFO: ----------------------------No.26 epoch----------------------------
2022-06-19 09:37:00,532 - pytorch_cvae.py[line:176] - INFO: loss:0.03267613584466744, numeric_loss:0.0, categorical_loss:0.032668815860233735, kld_loss:0.00015235950252190378, epoch_train_time:1.9874719344079494
2022-06-19 09:37:02,420 - pytorch_cvae.py[line:169] - INFO: ----------------------------No.27 epoch----------------------------
2022-06-19 09:37:02,420 - pytorch_cvae.py[line:176] - INFO: loss:0.032120147086970974, numeric_loss:0.0, categorical_loss:0.03211505780927837, kld_loss:9.832437893919632e-05, epoch_train_time:1.8877924904227257
2022-06-19 09:37:04,478 - pytorch_cvae.py[line:169] - INFO: ----------------------------No.28 epoch----------------------------
2022-06-19 09:37:04,478 - pytorch_cvae.py[line:176] - INFO: loss:0.031612293860234786, numeric_loss:0.0, categorical_loss:0.03160847785329679, kld_loss:6.85006398839505e-05, epoch_train_time:2.0581690445542336
2022-06-19 09:37:06,379 - pytorch_cvae.py[line:169] - INFO: ----------------------------No.29 epoch----------------------------
2022-06-19 09:37:06,380 - pytorch_cvae.py[line:176] - INFO: loss:0.031153057199844625, numeric_loss:0.0, categorical_loss:0.031149896800343413, kld_loss:5.2763862655069715e-05, epoch_train_time:1.9012456499040127
2022-06-19 09:37:08,375 - pytorch_cvae.py[line:169] - INFO: ----------------------------No.30 epoch----------------------------
2022-06-19 09:37:08,376 - pytorch_cvae.py[line:176] - INFO: loss:0.030751081671041902, numeric_loss:0.0, categorical_loss:0.030748329918424133, kld_loss:4.2771777856387416e-05, epoch_train_time:1.995796624571085
2022-06-19 09:37:10,381 - pytorch_cvae.py[line:169] - INFO: ----------------------------No.31 epoch----------------------------
2022-06-19 09:37:10,381 - pytorch_cvae.py[line:176] - INFO: loss:0.030424588556343224, numeric_loss:0.0, categorical_loss:0.03042186240054434, kld_loss:3.948989849789086e-05, epoch_train_time:2.005114123225212
2022-06-19 09:37:12,402 - pytorch_cvae.py[line:169] - INFO: ----------------------------No.32 epoch----------------------------
2022-06-19 09:37:12,402 - pytorch_cvae.py[line:176] - INFO: loss:0.03015083294303622, numeric_loss:0.0, categorical_loss:0.03014795228955336, kld_loss:3.892628686230637e-05, epoch_train_time:2.0211846232414246
2022-06-19 09:37:14,402 - pytorch_cvae.py[line:169] - INFO: ----------------------------No.33 epoch----------------------------
2022-06-19 09:37:14,402 - pytorch_cvae.py[line:176] - INFO: loss:0.02993706512643257, numeric_loss:0.0, categorical_loss:0.02993402412539581, kld_loss:3.837200910083993e-05, epoch_train_time:1.9994435608386993
2022-06-19 09:37:16,415 - pytorch_cvae.py[line:169] - INFO: ----------------------------No.34 epoch----------------------------
2022-06-19 09:37:16,415 - pytorch_cvae.py[line:176] - INFO: loss:0.02975437566783512, numeric_loss:0.0, categorical_loss:0.02975082246848615, kld_loss:4.1908601431828174e-05, epoch_train_time:2.0132558345794678
2022-06-19 09:37:18,414 - pytorch_cvae.py[line:169] - INFO: ----------------------------No.35 epoch----------------------------
2022-06-19 09:37:18,414 - pytorch_cvae.py[line:176] - INFO: loss:0.02961425721878186, numeric_loss:0.0, categorical_loss:0.029610085824970156, kld_loss:4.603504953593074e-05, epoch_train_time:1.9983001798391342
2022-06-19 09:37:20,420 - pytorch_cvae.py[line:169] - INFO: ----------------------------No.36 epoch----------------------------
2022-06-19 09:37:20,420 - pytorch_cvae.py[line:176] - INFO: loss:0.029508636609534733, numeric_loss:0.0, categorical_loss:0.029503420686523896, kld_loss:5.391252887676501e-05, epoch_train_time:2.006471633911133
2022-06-19 09:37:22,407 - pytorch_cvae.py[line:169] - INFO: ----------------------------No.37 epoch----------------------------
2022-06-19 09:37:22,407 - pytorch_cvae.py[line:176] - INFO: loss:0.02941356886003632, numeric_loss:0.0, categorical_loss:0.02940764027152909, kld_loss:5.7450995115004844e-05, epoch_train_time:1.98685547336936
2022-06-19 09:37:24,394 - pytorch_cvae.py[line:169] - INFO: ----------------------------No.38 epoch----------------------------
2022-06-19 09:37:24,394 - pytorch_cvae.py[line:176] - INFO: loss:0.029339000466279685, numeric_loss:0.0, categorical_loss:0.029331709192774724, kld_loss:6.630889425451869e-05, epoch_train_time:1.986157689243555
2022-06-19 09:37:26,397 - pytorch_cvae.py[line:169] - INFO: ----------------------------No.39 epoch----------------------------
2022-06-19 09:37:26,397 - pytorch_cvae.py[line:176] - INFO: loss:0.029250193911138922, numeric_loss:0.0, categorical_loss:0.02924206334137125, kld_loss:6.946114889672117e-05, epoch_train_time:2.0027049630880356
2022-06-19 09:37:28,318 - pytorch_cvae.py[line:169] - INFO: ----------------------------No.40 epoch----------------------------
2022-06-19 09:37:28,318 - pytorch_cvae.py[line:176] - INFO: loss:0.029177528944273945, numeric_loss:0.0, categorical_loss:0.02916871903289575, kld_loss:7.077604119132275e-05, epoch_train_time:1.9211957603693008
2022-06-19 09:37:30,379 - pytorch_cvae.py[line:169] - INFO: ----------------------------No.41 epoch----------------------------
2022-06-19 09:37:30,379 - pytorch_cvae.py[line:176] - INFO: loss:0.029103329186909832, numeric_loss:0.0, categorical_loss:0.029094059085764457, kld_loss:7.01012566537429e-05, epoch_train_time:2.0604294389486313
2022-06-19 09:37:32,262 - pytorch_cvae.py[line:169] - INFO: ----------------------------No.42 epoch----------------------------
2022-06-19 09:37:32,262 - pytorch_cvae.py[line:176] - INFO: loss:0.029024340765317902, numeric_loss:0.0, categorical_loss:0.029013842780841514, kld_loss:7.480069160692437e-05, epoch_train_time:1.8830988071858883
2022-06-19 09:37:34,230 - pytorch_cvae.py[line:169] - INFO: ----------------------------No.43 epoch----------------------------
2022-06-19 09:37:34,230 - pytorch_cvae.py[line:176] - INFO: loss:0.028937578230397776, numeric_loss:0.0, categorical_loss:0.028926518993102945, kld_loss:7.432251004502177e-05, epoch_train_time:1.9679287523031235
2022-06-19 09:37:36,187 - pytorch_cvae.py[line:169] - INFO: ----------------------------No.44 epoch----------------------------
2022-06-19 09:37:36,187 - pytorch_cvae.py[line:176] - INFO: loss:0.028856304481450934, numeric_loss:0.0, categorical_loss:0.028845171626016963, kld_loss:7.063581142574549e-05, epoch_train_time:1.9571631141006947
2022-06-19 09:37:38,149 - pytorch_cvae.py[line:169] - INFO: ----------------------------No.45 epoch----------------------------
2022-06-19 09:37:38,149 - pytorch_cvae.py[line:176] - INFO: loss:0.028761006586137228, numeric_loss:0.0, categorical_loss:0.028749001612595748, kld_loss:7.198518142104149e-05, epoch_train_time:1.9613017477095127
2022-06-19 09:37:40,136 - pytorch_cvae.py[line:169] - INFO: ----------------------------No.46 epoch----------------------------
2022-06-19 09:37:40,136 - pytorch_cvae.py[line:176] - INFO: loss:0.028680759518465493, numeric_loss:0.0, categorical_loss:0.028669186489423737, kld_loss:6.564956856891513e-05, epoch_train_time:1.9866937883198261
2022-06-19 09:37:42,176 - pytorch_cvae.py[line:169] - INFO: ----------------------------No.47 epoch----------------------------
2022-06-19 09:37:42,176 - pytorch_cvae.py[line:176] - INFO: loss:0.0285934040293796, numeric_loss:0.0, categorical_loss:0.028579268109751865, kld_loss:7.593311602249742e-05, epoch_train_time:2.0403225980699062
2022-06-19 09:37:44,157 - pytorch_cvae.py[line:169] - INFO: ----------------------------No.48 epoch----------------------------
2022-06-19 09:37:44,157 - pytorch_cvae.py[line:176] - INFO: loss:0.02852618056931533, numeric_loss:0.0, categorical_loss:0.028511520053143613, kld_loss:7.464922964572906e-05, epoch_train_time:1.9802727922797203
2022-06-19 09:37:46,148 - pytorch_cvae.py[line:169] - INFO: ----------------------------No.49 epoch----------------------------
2022-06-19 09:37:46,149 - pytorch_cvae.py[line:176] - INFO: loss:0.028457493222958874, numeric_loss:0.0, categorical_loss:0.028442103088309523, kld_loss:7.43567943572998e-05, epoch_train_time:1.9917798899114132
2022-06-19 09:37:48,148 - pytorch_cvae.py[line:169] - INFO: ----------------------------No.50 epoch----------------------------
2022-06-19 09:37:48,148 - pytorch_cvae.py[line:176] - INFO: loss:0.028398962720530108, numeric_loss:0.0, categorical_loss:0.02838305787736317, kld_loss:7.298588752746582e-05, epoch_train_time:1.9990376755595207
2022-06-19 09:37:50,124 - pytorch_cvae.py[line:169] - INFO: ----------------------------No.51 epoch----------------------------
2022-06-19 09:37:50,124 - pytorch_cvae.py[line:176] - INFO: loss:0.02834694476769073, numeric_loss:0.0, categorical_loss:0.028331377296126448, kld_loss:6.791949272155762e-05, epoch_train_time:1.9763290993869305
2022-06-19 09:37:52,119 - pytorch_cvae.py[line:169] - INFO: ----------------------------No.52 epoch----------------------------
2022-06-19 09:37:52,119 - pytorch_cvae.py[line:176] - INFO: loss:0.028316928226558957, numeric_loss:0.0, categorical_loss:0.0282988195103826, kld_loss:7.519125938415527e-05, epoch_train_time:1.994657326489687
2022-06-19 09:37:54,119 - pytorch_cvae.py[line:169] - INFO: ----------------------------No.53 epoch----------------------------
2022-06-19 09:37:54,120 - pytorch_cvae.py[line:176] - INFO: loss:0.02827162112953374, numeric_loss:0.0, categorical_loss:0.028254006458155345, kld_loss:6.967782974243164e-05, epoch_train_time:2.0002086013555527
2022-06-19 09:37:56,198 - pytorch_cvae.py[line:169] - INFO: ----------------------------No.54 epoch----------------------------
2022-06-19 09:37:56,198 - pytorch_cvae.py[line:176] - INFO: loss:0.028261051622394007, numeric_loss:0.0, categorical_loss:0.028242050502740312, kld_loss:7.167458534240723e-05, epoch_train_time:2.0786016322672367
2022-06-19 09:37:58,120 - pytorch_cvae.py[line:169] - INFO: ----------------------------No.55 epoch----------------------------
2022-06-19 09:37:58,120 - pytorch_cvae.py[line:176] - INFO: loss:0.028240985091542825, numeric_loss:0.0, categorical_loss:0.02822101344645489, kld_loss:7.191300392150879e-05, epoch_train_time:1.9214147292077541
2022-06-19 09:38:00,112 - pytorch_cvae.py[line:169] - INFO: ----------------------------No.56 epoch----------------------------
2022-06-19 09:38:00,112 - pytorch_cvae.py[line:176] - INFO: loss:0.02822097877651686, numeric_loss:0.0, categorical_loss:0.028202096007589716, kld_loss:6.496906280517578e-05, epoch_train_time:1.991799246519804
2022-06-19 09:38:02,097 - pytorch_cvae.py[line:169] - INFO: ----------------------------No.57 epoch----------------------------
2022-06-19 09:38:02,097 - pytorch_cvae.py[line:176] - INFO: loss:0.02820945293206023, numeric_loss:0.0, categorical_loss:0.028190100012579933, kld_loss:6.368756294250488e-05, epoch_train_time:1.985158834606409
2022-06-19 09:38:04,077 - pytorch_cvae.py[line:169] - INFO: ----------------------------No.58 epoch----------------------------
2022-06-19 09:38:04,077 - pytorch_cvae.py[line:176] - INFO: loss:0.028191727804369293, numeric_loss:0.0, categorical_loss:0.028171173951704986, kld_loss:6.476044654846191e-05, epoch_train_time:1.9799443669617176
2022-06-19 09:38:06,100 - pytorch_cvae.py[line:169] - INFO: ----------------------------No.59 epoch----------------------------
2022-06-19 09:38:06,101 - pytorch_cvae.py[line:176] - INFO: loss:0.028197993102367036, numeric_loss:0.0, categorical_loss:0.028175865838420577, kld_loss:6.681680679321289e-05, epoch_train_time:2.023067656904459
2022-06-19 09:38:08,115 - pytorch_cvae.py[line:169] - INFO: ----------------------------No.60 epoch----------------------------
2022-06-19 09:38:08,115 - pytorch_cvae.py[line:176] - INFO: loss:0.028191628538479563, numeric_loss:0.0, categorical_loss:0.028168584212835412, kld_loss:6.67572021484375e-05, epoch_train_time:2.014152355492115
2022-06-19 09:38:10,087 - pytorch_cvae.py[line:169] - INFO: ----------------------------No.61 epoch----------------------------
2022-06-19 09:38:10,088 - pytorch_cvae.py[line:176] - INFO: loss:0.0281870191465714, numeric_loss:0.0, categorical_loss:0.028161661764897872, kld_loss:7.05420970916748e-05, epoch_train_time:1.972444698214531
2022-06-19 09:38:12,052 - pytorch_cvae.py[line:169] - INFO: ----------------------------No.62 epoch----------------------------
2022-06-19 09:38:12,053 - pytorch_cvae.py[line:176] - INFO: loss:0.028181020272313617, numeric_loss:0.0, categorical_loss:0.02815659163024975, kld_loss:6.532669067382812e-05, epoch_train_time:1.9647889994084835
2022-06-19 09:38:14,086 - pytorch_cvae.py[line:169] - INFO: ----------------------------No.63 epoch----------------------------
2022-06-19 09:38:14,086 - pytorch_cvae.py[line:176] - INFO: loss:0.028189469914650545, numeric_loss:0.0, categorical_loss:0.028163202201540116, kld_loss:6.759166717529297e-05, epoch_train_time:2.0334995687007904
2022-06-19 09:38:15,986 - pytorch_cvae.py[line:169] - INFO: ----------------------------No.64 epoch----------------------------
2022-06-19 09:38:15,986 - pytorch_cvae.py[line:176] - INFO: loss:0.02817694812983973, numeric_loss:0.0, categorical_loss:0.028150843019830063, kld_loss:6.470084190368652e-05, epoch_train_time:1.8993611000478268
2022-06-19 09:38:18,096 - pytorch_cvae.py[line:169] - INFO: ----------------------------No.65 epoch----------------------------
2022-06-19 09:38:18,096 - pytorch_cvae.py[line:176] - INFO: loss:0.02818303878302686, numeric_loss:0.0, categorical_loss:0.028156050510006025, kld_loss:6.449222564697266e-05, epoch_train_time:2.1103117018938065
2022-06-19 09:38:20,008 - pytorch_cvae.py[line:169] - INFO: ----------------------------No.66 epoch----------------------------
2022-06-19 09:38:20,008 - pytorch_cvae.py[line:176] - INFO: loss:0.02818387994193472, numeric_loss:0.0, categorical_loss:0.028156330023193732, kld_loss:6.35385513305664e-05, epoch_train_time:1.9119904860854149
2022-06-19 09:38:22,068 - pytorch_cvae.py[line:169] - INFO: ----------------------------No.67 epoch----------------------------
2022-06-19 09:38:22,068 - pytorch_cvae.py[line:176] - INFO: loss:0.02817923425754998, numeric_loss:0.0, categorical_loss:0.028149821126135066, kld_loss:6.553530693054199e-05, epoch_train_time:2.059614911675453
2022-06-19 09:38:23,975 - pytorch_cvae.py[line:169] - INFO: ----------------------------No.68 epoch----------------------------
2022-06-19 09:38:23,975 - pytorch_cvae.py[line:176] - INFO: loss:0.028182952039060183, numeric_loss:0.0, categorical_loss:0.02815629855467705, kld_loss:5.742907524108887e-05, epoch_train_time:1.9068399406969547
2022-06-19 09:38:25,976 - pytorch_cvae.py[line:169] - INFO: ----------------------------No.69 epoch----------------------------
2022-06-19 09:38:25,976 - pytorch_cvae.py[line:176] - INFO: loss:0.028177307845908217, numeric_loss:0.0, categorical_loss:0.028146173608547542, kld_loss:6.493926048278809e-05, epoch_train_time:2.0007055178284645
2022-06-19 09:38:27,966 - pytorch_cvae.py[line:169] - INFO: ----------------------------No.70 epoch----------------------------
2022-06-19 09:38:27,966 - pytorch_cvae.py[line:176] - INFO: loss:0.02817731732648099, numeric_loss:0.0, categorical_loss:0.02814890261652181, kld_loss:5.742907524108887e-05, epoch_train_time:1.989315900951624
2022-06-19 09:38:29,954 - pytorch_cvae.py[line:169] - INFO: ----------------------------No.71 epoch----------------------------
2022-06-19 09:38:29,954 - pytorch_cvae.py[line:176] - INFO: loss:0.028188485201098956, numeric_loss:0.0, categorical_loss:0.028154568986792583, kld_loss:6.648898124694824e-05, epoch_train_time:1.9879270382225513
2022-06-19 09:38:31,931 - pytorch_cvae.py[line:169] - INFO: ----------------------------No.72 epoch----------------------------
2022-06-19 09:38:31,931 - pytorch_cvae.py[line:176] - INFO: loss:0.028182738424220588, numeric_loss:0.0, categorical_loss:0.028149403864517808, kld_loss:6.344914436340332e-05, epoch_train_time:1.9770245142281055
2022-06-19 09:38:33,939 - pytorch_cvae.py[line:169] - INFO: ----------------------------No.73 epoch----------------------------
2022-06-19 09:38:33,940 - pytorch_cvae.py[line:176] - INFO: loss:0.028187721924041398, numeric_loss:0.0, categorical_loss:0.02815060439024819, kld_loss:6.866455078125e-05, epoch_train_time:2.0084477812051773
2022-06-19 09:38:35,948 - pytorch_cvae.py[line:169] - INFO: ----------------------------No.74 epoch----------------------------
2022-06-19 09:38:35,948 - pytorch_cvae.py[line:176] - INFO: loss:0.02819504149374552, numeric_loss:0.0, categorical_loss:0.02815576306602452, kld_loss:7.069110870361328e-05, epoch_train_time:2.008556842803955
2022-06-19 09:38:38,012 - pytorch_cvae.py[line:169] - INFO: ----------------------------No.75 epoch----------------------------
2022-06-19 09:38:38,012 - pytorch_cvae.py[line:176] - INFO: loss:0.028192760291858576, numeric_loss:0.0, categorical_loss:0.02815361728426069, kld_loss:6.860494613647461e-05, epoch_train_time:2.063902422785759
2022-06-19 09:38:40,042 - pytorch_cvae.py[line:169] - INFO: ----------------------------No.76 epoch----------------------------
2022-06-19 09:38:40,042 - pytorch_cvae.py[line:176] - INFO: loss:0.028183430469653104, numeric_loss:0.0, categorical_loss:0.028144828873337246, kld_loss:6.595253944396973e-05, epoch_train_time:2.0294573567807674
2022-06-19 09:38:41,974 - pytorch_cvae.py[line:169] - INFO: ----------------------------No.77 epoch----------------------------
2022-06-19 09:38:41,974 - pytorch_cvae.py[line:176] - INFO: loss:0.02819593266758602, numeric_loss:0.0, categorical_loss:0.028154246530903038, kld_loss:6.949901580810547e-05, epoch_train_time:1.9320885986089706
2022-06-19 09:38:44,037 - pytorch_cvae.py[line:169] - INFO: ----------------------------No.78 epoch----------------------------
2022-06-19 09:38:44,037 - pytorch_cvae.py[line:176] - INFO: loss:0.028193806487252004, numeric_loss:0.0, categorical_loss:0.028151000980869867, kld_loss:6.970763206481934e-05, epoch_train_time:2.0626460053026676
2022-06-19 09:38:45,932 - pytorch_cvae.py[line:169] - INFO: ----------------------------No.79 epoch----------------------------
2022-06-19 09:38:45,932 - pytorch_cvae.py[line:176] - INFO: loss:0.028192803292768076, numeric_loss:0.0, categorical_loss:0.02814580441918224, kld_loss:7.483363151550293e-05, epoch_train_time:1.8947630673646927
2022-06-19 09:38:47,945 - pytorch_cvae.py[line:169] - INFO: ----------------------------No.80 epoch----------------------------
2022-06-19 09:38:47,945 - pytorch_cvae.py[line:176] - INFO: loss:0.028194939994136803, numeric_loss:0.0, categorical_loss:0.02815131811075844, kld_loss:6.797909736633301e-05, epoch_train_time:2.012400709092617
2022-06-19 09:38:49,939 - pytorch_cvae.py[line:169] - INFO: ----------------------------No.81 epoch----------------------------
2022-06-19 09:38:49,939 - pytorch_cvae.py[line:176] - INFO: loss:0.028192672136356123, numeric_loss:0.0, categorical_loss:0.028147971192083787, kld_loss:6.824731826782227e-05, epoch_train_time:1.9940212219953537
2022-06-19 09:38:51,949 - pytorch_cvae.py[line:169] - INFO: ----------------------------No.82 epoch----------------------------
2022-06-19 09:38:51,949 - pytorch_cvae.py[line:176] - INFO: loss:0.02819866965728579, numeric_loss:0.0, categorical_loss:0.02815350645687431, kld_loss:6.762146949768066e-05, epoch_train_time:2.0101908333599567
2022-06-19 09:38:53,927 - pytorch_cvae.py[line:169] - INFO: ----------------------------No.83 epoch----------------------------
2022-06-19 09:38:53,927 - pytorch_cvae.py[line:176] - INFO: loss:0.028194533566420432, numeric_loss:0.0, categorical_loss:0.028148689358204138, kld_loss:6.73830509185791e-05, epoch_train_time:1.9774274565279484
2022-06-19 09:38:55,966 - pytorch_cvae.py[line:169] - INFO: ----------------------------No.84 epoch----------------------------
2022-06-19 09:38:55,966 - pytorch_cvae.py[line:176] - INFO: loss:0.028191144760057796, numeric_loss:0.0, categorical_loss:0.028143005518359132, kld_loss:6.952881813049316e-05, epoch_train_time:2.039195340126753
2022-06-19 09:38:57,994 - pytorch_cvae.py[line:169] - INFO: ----------------------------No.85 epoch----------------------------
2022-06-19 09:38:57,994 - pytorch_cvae.py[line:176] - INFO: loss:0.02820485213305801, numeric_loss:0.0, categorical_loss:0.028154296640423127, kld_loss:7.18235969543457e-05, epoch_train_time:2.027686193585396
2022-06-19 09:38:59,985 - pytorch_cvae.py[line:169] - INFO: ----------------------------No.86 epoch----------------------------
2022-06-19 09:38:59,985 - pytorch_cvae.py[line:176] - INFO: loss:0.028201504595926963, numeric_loss:0.0, categorical_loss:0.028151309852546547, kld_loss:7.021427154541016e-05, epoch_train_time:1.990633089095354
2022-06-19 09:39:01,979 - pytorch_cvae.py[line:169] - INFO: ----------------------------No.87 epoch----------------------------
2022-06-19 09:39:01,979 - pytorch_cvae.py[line:176] - INFO: loss:0.028198747844726313, numeric_loss:0.0, categorical_loss:0.028147214798082132, kld_loss:7.104873657226562e-05, epoch_train_time:1.9944006688892841
2022-06-19 09:39:04,030 - pytorch_cvae.py[line:169] - INFO: ----------------------------No.88 epoch----------------------------
2022-06-19 09:39:04,030 - pytorch_cvae.py[line:176] - INFO: loss:0.028198197549500037, numeric_loss:0.0, categorical_loss:0.028147848366643302, kld_loss:6.848573684692383e-05, epoch_train_time:2.0502782203257084
2022-06-19 09:39:06,055 - pytorch_cvae.py[line:169] - INFO: ----------------------------No.89 epoch----------------------------
2022-06-19 09:39:06,055 - pytorch_cvae.py[line:176] - INFO: loss:0.028201669789268635, numeric_loss:0.0, categorical_loss:0.02814869069698034, kld_loss:7.11679458618164e-05, epoch_train_time:2.024708341807127
2022-06-19 09:39:08,002 - pytorch_cvae.py[line:169] - INFO: ----------------------------No.90 epoch----------------------------
2022-06-19 09:39:08,002 - pytorch_cvae.py[line:176] - INFO: loss:0.028196428567753173, numeric_loss:0.0, categorical_loss:0.028141736998804845, kld_loss:7.262825965881348e-05, epoch_train_time:1.9473151564598083
2022-06-19 09:39:10,050 - pytorch_cvae.py[line:169] - INFO: ----------------------------No.91 epoch----------------------------
2022-06-19 09:39:10,050 - pytorch_cvae.py[line:176] - INFO: loss:0.028202278997923713, numeric_loss:0.0, categorical_loss:0.028149935496912804, kld_loss:6.878376007080078e-05, epoch_train_time:2.0472706966102123
2022-06-19 09:39:11,959 - pytorch_cvae.py[line:169] - INFO: ----------------------------No.92 epoch----------------------------
2022-06-19 09:39:11,960 - pytorch_cvae.py[line:176] - INFO: loss:0.02820268824143568, numeric_loss:0.0, categorical_loss:0.0281443275307538, kld_loss:7.596611976623535e-05, epoch_train_time:1.9095050506293774
2022-06-19 09:39:13,927 - pytorch_cvae.py[line:169] - INFO: ----------------------------No.93 epoch----------------------------
2022-06-19 09:39:13,927 - pytorch_cvae.py[line:176] - INFO: loss:0.028199600623338483, numeric_loss:0.0, categorical_loss:0.0281447364250198, kld_loss:7.081031799316406e-05, epoch_train_time:1.9676513336598873
2022-06-19 09:39:15,929 - pytorch_cvae.py[line:169] - INFO: ----------------------------No.94 epoch----------------------------
2022-06-19 09:39:15,930 - pytorch_cvae.py[line:176] - INFO: loss:0.028199136308103334, numeric_loss:0.0, categorical_loss:0.028141742339357734, kld_loss:7.352232933044434e-05, epoch_train_time:2.0020720586180687
2022-06-19 09:39:17,933 - pytorch_cvae.py[line:169] - INFO: ----------------------------No.95 epoch----------------------------
2022-06-19 09:39:17,933 - pytorch_cvae.py[line:176] - INFO: loss:0.028199653141200542, numeric_loss:0.0, categorical_loss:0.028143664334493224, kld_loss:7.125735282897949e-05, epoch_train_time:2.0033105053007603
2022-06-19 09:39:19,925 - pytorch_cvae.py[line:169] - INFO: ----------------------------No.96 epoch----------------------------
2022-06-19 09:39:19,925 - pytorch_cvae.py[line:176] - INFO: loss:0.028201413275382947, numeric_loss:0.0, categorical_loss:0.028143090603407472, kld_loss:7.382035255432129e-05, epoch_train_time:1.9921659715473652
2022-06-19 09:39:21,941 - pytorch_cvae.py[line:169] - INFO: ----------------------------No.97 epoch----------------------------
2022-06-19 09:39:21,941 - pytorch_cvae.py[line:176] - INFO: loss:0.028202862878970336, numeric_loss:0.0, categorical_loss:0.028143165560322814, kld_loss:7.522106170654297e-05, epoch_train_time:2.0158107690513134
2022-06-19 09:39:23,981 - pytorch_cvae.py[line:169] - INFO: ----------------------------No.98 epoch----------------------------
2022-06-19 09:39:23,981 - pytorch_cvae.py[line:176] - INFO: loss:0.028203444417158607, numeric_loss:0.0, categorical_loss:0.028144083655206487, kld_loss:7.453560829162598e-05, epoch_train_time:2.0396329052746296
2022-06-19 09:39:25,952 - pytorch_cvae.py[line:169] - INFO: ----------------------------No.99 epoch----------------------------
2022-06-19 09:39:25,953 - pytorch_cvae.py[line:176] - INFO: loss:0.028210350865265355, numeric_loss:0.0, categorical_loss:0.028148009812866803, kld_loss:7.808208465576172e-05, epoch_train_time:1.9711268208920956
2022-06-19 09:39:27,944 - pytorch_cvae.py[line:169] - INFO: ----------------------------No.100 epoch----------------------------
2022-06-19 09:39:27,944 - pytorch_cvae.py[line:176] - INFO: loss:0.028199930100527126, numeric_loss:0.0, categorical_loss:0.028137019093264826, kld_loss:7.867813110351562e-05, epoch_train_time:1.991649478673935
2022-06-19 09:39:27,944 - pytorch_cvae.py[line:185] - INFO: training time elapsed:199.1556622311473
2022-06-19 09:39:27,945 - model_utils.py[line:67] - INFO: save model successfully
2022-06-19 09:39:28,211 - pytorch_cvae.py[line:261] - INFO: train model time elapsed:199.84431184455752
2022-06-19 09:39:28,212 - main.py[line:382] - INFO: multi_sampling No.0 epoch
2022-06-19 09:39:28,217 - main.py[line:382] - INFO: multi_sampling No.1 epoch
2022-06-19 09:39:28,219 - main.py[line:382] - INFO: multi_sampling No.2 epoch
2022-06-19 09:39:28,395 - pytorch_cvae.py[line:395] - INFO: sampling time:0.17397474497556686
2022-06-19 09:39:28,460 - pytorch_cvae.py[line:395] - INFO: sampling time:0.2475036419928074
2022-06-19 09:39:28,550 - pytorch_cvae.py[line:415] - INFO: house sampling rate:0.05
2022-06-19 09:39:28,552 - pytorch_cvae.py[line:395] - INFO: sampling time:0.3352600820362568
2022-06-19 09:39:28,624 - pytorch_cvae.py[line:415] - INFO: house sampling rate:0.05
2022-06-19 09:39:28,660 - pytorch_cvae.py[line:415] - INFO: house sampling rate:0.05
2022-06-19 09:39:28,774 - pytorch_cvae.py[line:395] - INFO: sampling time:0.11383573710918427
2022-06-19 09:39:28,838 - pytorch_cvae.py[line:395] - INFO: sampling time:0.21336960420012474
2022-06-19 09:39:28,873 - pytorch_cvae.py[line:395] - INFO: sampling time:0.32208917289972305
2022-06-19 09:39:29,574 - main.py[line:366] - INFO: sample and aggregation time elapsed:1.3616450428962708
2022-06-19 09:39:29,672 - main.py[line:366] - INFO: sample and aggregation time elapsed:1.4519378505647182
2022-06-19 09:39:29,679 - main.py[line:366] - INFO: sample and aggregation time elapsed:1.461860816925764
2022-06-19 09:39:29,683 - main.py[line:399] - INFO: sample time:1.471490565687418
2022-06-19 09:39:29,725 - main.py[line:99] - INFO: aqp result:
                 avg(a_age)  avg(a_hours_per_week)  avg(a_fnlwgt)  \
a_education_num                                                     
1               38.62       39.76                  173805.79        
2               39.17       39.55                  168792.43        
3               37.88       39.67                  171406.89        
4               38.19       39.67                  167924.08        
5               38.56       39.65                  172217.00        
6               38.53       39.66                  165657.44        
7               38.16       39.52                  170336.20        
8               38.64       39.44                  169509.70        
9               38.76       39.44                  170185.24        
10              38.44       39.43                  170318.25        
11              38.04       39.57                  170557.61        
12              38.55       39.74                  171526.41        
13              38.65       39.40                  170963.50        
14              37.91       39.81                  170807.17        
15              37.67       40.05                  172828.69        
16              38.02       40.23                  166556.21        

                    sum(a_age)  sum(a_hours_per_week)      sum(a_fnlwgt)  
a_education_num                                                           
1               2007431.36     2066847.15             9035120302.43       
2               23263380.80    23490523.00            100255763056.99     
3               93765846.71    98203181.64            424317191545.98     
4               348224985.24   361734871.93           1531324770096.68    
5               207556468.86   213436296.55           927000405002.49     
6               686844402.73   707138372.59           2953332894090.82    
7               1148467348.18  1189248869.71          5126076323160.50    
8               145152896.46   148175140.08           636797824023.89     
9               89820470767.42 91411990796.26         394425533932017.50  
10              44274327429.80 45413852289.00         196175179142208.91  
11              1514959926.54  1575889445.79          6791978631752.91    
12              934942789.37   963961311.66           4160519173407.18    
13              23527463755.56 23984019535.10         104059513877154.62  
14              2344312950.77  2461788709.34          10562684168561.02   
15              260956102.70   277395497.45           1197147646983.06    
16              137192252.16   145148617.21           601004625024.57     
2022-06-19 09:39:29,728 - main.py[line:100] - INFO: ground truth:
                  sum(a_age)  avg(a_age)  sum(a_hours_per_week)  \
a_education_num                                                   
1                2031480     39.08       2082643.20               
10               44452980128 38.56       45549279985.55           
11               1525713214  38.28       1584781427.69            
12               944372871   38.90       966552746.34             
13               23507072916 38.59       24078556514.48           
14               2392708715  38.66       2446393121.33            
15               267829688   38.66       274754216.44             
16               138387097   38.29       143994096.38             
2                23100702    38.86       23688203.98              
3                96651470    39.01       99301299.12              
4                351713883   38.54       362354449.21             
5                208430442   38.69       211279237.14             
6                682399872   38.25       699976780.53             
7                1167390896  38.76       1197998019.35            
8                143650815   38.21       147510782.09             
9                89422406979 38.55       91544134894.67           

                 avg(a_hours_per_week)      sum(a_fnlwgt)  avg(a_fnlwgt)  
a_education_num                                                           
1               40.06                  9230224059.94      177558.94       
10              39.51                  205404792384807.09 178188.57       
11              39.76                  7056779504246.63   177065.92       
12              39.82                  4299598708023.12   177118.04       
13              39.53                  107642516109517.23 176708.86       
14              39.53                  10917581923528.38  176403.89       
15              39.66                  1227094390856.00   177135.74       
16              39.85                  633778561363.00    175377.27       
2               39.85                  103819245989.45    174650.21       
3               40.08                  438226364458.29    176884.20       
4               39.70                  1642737882074.27   179997.64       
5               39.22                  961460560464.34    178476.56       
6               39.23                  3146896115757.28   176374.01       
7               39.78                  5236529708342.73   173866.28       
8               39.23                  666164527647.66    177184.56       
9               39.47                  410400044228388.38 176936.08       
2022-06-19 09:39:29,741 - main.py[line:407] - INFO: relative error:
                 avg(a_age)  avg(a_fnlwgt)  avg(a_hours_per_week)  sum(a_age)  \
a_education_num                                                                 
1               0.01        0.02           0.01                   0.01          
2               0.01        0.03           0.01                   0.01          
3               0.03        0.03           0.01                   0.03          
4               0.01        0.07           0.00                   0.01          
5               0.00        0.04           0.01                   0.00          
6               0.01        0.06           0.01                   0.01          
7               0.02        0.02           0.01                   0.02          
8               0.01        0.04           0.01                   0.01          
9               0.01        0.04           0.00                   0.00          
10              0.00        0.04           0.00                   0.00          
11              0.01        0.04           0.00                   0.01          
12              0.01        0.03           0.00                   0.01          
13              0.00        0.03           0.00                   0.00          
14              0.02        0.03           0.01                   0.02          
15              0.03        0.02           0.01                   0.03          
16              0.01        0.05           0.01                   0.01          

                 sum(a_fnlwgt)  sum(a_hours_per_week)  
a_education_num                                        
1               0.02           0.01                    
2               0.03           0.01                    
3               0.03           0.01                    
4               0.07           0.00                    
5               0.04           0.01                    
6               0.06           0.01                    
7               0.02           0.01                    
8               0.04           0.00                    
9               0.04           0.00                    
10              0.04           0.00                    
11              0.04           0.01                    
12              0.03           0.00                    
13              0.03           0.00                    
14              0.03           0.01                    
15              0.02           0.01                    
16              0.05           0.01                    
2022-06-19 09:39:29,742 - main.py[line:408] - INFO: relative error normalized:
                 avg(a_age)  avg(a_fnlwgt)  avg(a_hours_per_week)  sum(a_age)  \
a_education_num                                                                 
1               0.01        0.02           0.01                   0.01          
2               0.01        0.03           0.01                   0.01          
3               0.03        0.03           0.01                   0.03          
4               0.01        0.06           0.00                   0.01          
5               0.00        0.03           0.01                   0.00          
6               0.01        0.06           0.01                   0.01          
7               0.02        0.02           0.01                   0.02          
8               0.01        0.04           0.01                   0.01          
9               0.01        0.04           0.00                   0.00          
10              0.00        0.04           0.00                   0.00          
11              0.01        0.04           0.00                   0.01          
12              0.01        0.03           0.00                   0.01          
13              0.00        0.03           0.00                   0.00          
14              0.02        0.03           0.01                   0.02          
15              0.03        0.02           0.01                   0.03          
16              0.01        0.05           0.01                   0.01          

                 sum(a_fnlwgt)  sum(a_hours_per_week)  
a_education_num                                        
1               0.02           0.01                    
2               0.03           0.01                    
3               0.03           0.01                    
4               0.07           0.00                    
5               0.04           0.01                    
6               0.06           0.01                    
7               0.02           0.01                    
8               0.04           0.00                    
9               0.04           0.00                    
10              0.04           0.00                    
11              0.04           0.01                    
12              0.03           0.00                    
13              0.03           0.00                    
14              0.03           0.01                    
15              0.02           0.01                    
16              0.05           0.01                    
2022-06-19 09:39:29,742 - main.py[line:411] - INFO: relative error average :0.018390672185912716
2022-06-19 09:39:29,742 - main.py[line:412] - INFO: relative error normalized average :0.018089561016605558
2022-06-19 09:39:29,743 - main.py[line:458] - INFO: total_time:483.3563321493566
categorical_columns: ['a_education_num_0', 'a_education_num_1', 'a_education_num_2', 'a_education_num_3', 'a_education_num_4']
categorical_columns: ['a_education_num_0', 'a_education_num_1', 'a_education_num_2', 'a_education_num_3', 'a_education_num_4']
categorical_columns: ['a_education_num_0', 'a_education_num_1', 'a_education_num_2', 'a_education_num_3', 'a_education_num_4']
   a_education_num  a_fnlwgt  a_age  a_hours_per_week  census-adult-a_rate
0  1               166804.82 30.99  39.05             1.00                
1  1               67271.70  31.16  39.04             1.00                
2  1               164117.41 31.62  46.91             1.00                
3  1               164079.03 55.36  39.07             1.00                
4  1               163323.03 54.83  47.10             1.00                
5  1               249881.02 43.28  50.50             1.00                
6  1               248526.07 31.25  47.22             1.00                
7  1               309742.81 31.28  18.94             1.00                
8  1               69753.65  31.09  39.08             1.00                
9  1               161578.87 31.30  49.09             1.00                
   a_education_num  a_fnlwgt  a_age  a_hours_per_week  census-adult-a_rate
0  1               68363.47  31.04  50.13             1.00                
1  1               250861.06 42.92  39.07             1.00                
2  1               68328.59  31.38  18.38             1.00                
3  1               316029.09 42.91  39.07             1.00                
4  1               71079.88  42.97  39.05             1.00                
5  1               246485.97 43.24  49.32             1.00                
6  1               308180.86 61.21  39.07             1.00                
7  1               66686.10  21.17  19.11             1.00                
8  1               68207.52  54.96  52.10             1.00                
9  1               167152.61 55.01  39.08             1.00                
   a_education_num  a_fnlwgt  a_age  a_hours_per_week  census-adult-a_rate
0  1               166139.11 43.07  39.08             1.00                
1  1               67366.90  21.03  39.07             1.00                
2  1               67740.63  43.48  19.17             1.00                
3  1               163000.65 31.63  46.90             1.00                
4  1               305306.61 43.24  50.56             1.00                
5  1               252892.13 31.54  39.05             1.00                
6  1               310874.08 55.08  19.37             1.00                
7  1               162097.08 31.04  18.94             1.00                
8  1               162288.55 31.26  50.88             1.00                
9  1               251683.04 43.17  39.05             1.00                
categorical_columns: ['b_education_num_0', 'b_education_num_1', 'b_education_num_2', 'b_education_num_3', 'b_education_num_4']
categorical_columns: ['b_education_num_0', 'b_education_num_1', 'b_education_num_2', 'b_education_num_3', 'b_education_num_4']
categorical_columns: ['b_education_num_0', 'b_education_num_1', 'b_education_num_2', 'b_education_num_3', 'b_education_num_4']
   b_education_num  census-adult-b_rate
0  1               0.05                
1  1               0.05                
2  1               0.05                
3  1               0.05                
4  1               0.05                
5  1               0.05                
6  1               0.05                
7  1               0.05                
8  1               0.05                
9  1               0.05                
   b_education_num  census-adult-b_rate
0  1               0.05                
1  1               0.05                
2  1               0.05                
3  1               0.05                
4  1               0.05                
5  1               0.05                
6  1               0.05                
7  1               0.05                
8  1               0.05                
9  1               0.05                
   b_education_num  census-adult-b_rate
0  1               0.05                
1  1               0.05                
2  1               0.05                
3  1               0.05                
4  1               0.05                
5  1               0.05                
6  1               0.05                
7  1               0.05                
8  1               0.05                
9  1               0.05                
