main.py:19: FutureWarning: Passing a negative integer is deprecated in version 1.0 and will not be supported in future version. Instead, use None to not limit the column width.
  pd.set_option('max_colwidth', -1)
2022-06-23 09:39:51,670 - main.py[line:438] - INFO: load query config config/query/flights2.json successfully
2022-06-23 09:39:51,670 - main.py[line:445] - INFO: load train config ./config/train/flights2_a_torch_cvae.json successfully
2022-06-23 09:39:51,670 - main.py[line:445] - INFO: load train config ./config/train/flights2_b_torch_cvae.json successfully
2022-06-23 09:39:51,670 - pytorch_cvae.py[line:242] - INFO: epoch:100
2022-06-23 09:39:51,670 - pytorch_cvae.py[line:243] - INFO: batch size:512
2022-06-23 09:39:51,670 - pytorch_cvae.py[line:244] - INFO: latent dimension:50
2022-06-23 09:39:51,670 - pytorch_cvae.py[line:245] - INFO: intermediate dimension:100
2022-06-23 09:39:51,670 - pytorch_cvae.py[line:246] - INFO: gpu num:0
2022-06-23 09:39:51,670 - dataset_utils.py[line:543] - INFO: load existing dataset:flights2-flight-a_a_origin#a_unique_carrier_a_taxi_out#a_air_time#a_distance_a_origin#a_unique_carrier_binary_gaussian5_0
2022-06-23 09:39:55,112 - dataset_utils.py[line:555] - INFO: load dataset time elapsed:3.441740307956934
2022-06-23 09:39:55,112 - pytorch_cvae.py[line:251] - INFO: feature info:[('a_taxi_out', 'numerical', 6), ('a_air_time', 'numerical', 6), ('a_distance', 'numerical', 6), ('a_origin', 'categorical', 10), ('a_unique_carrier', 'categorical', 6)]
2022-06-23 09:40:01,350 - pytorch_cvae.py[line:169] - INFO: ----------------------------No.1 epoch----------------------------
2022-06-23 09:40:01,350 - pytorch_cvae.py[line:176] - INFO: loss:905.7338325083256, numeric_loss:50.85421813838184, categorical_loss:722.988732457161, kld_loss:24467.92779994011, epoch_train_time:6.235236641019583
2022-06-23 09:40:06,588 - pytorch_cvae.py[line:169] - INFO: ----------------------------No.2 epoch----------------------------
2022-06-23 09:40:06,588 - pytorch_cvae.py[line:176] - INFO: loss:221.0182989537716, numeric_loss:16.09404730051756, categorical_loss:57.71348040550947, kld_loss:24723.48680114746, epoch_train_time:5.237913765013218
2022-06-23 09:40:12,490 - pytorch_cvae.py[line:169] - INFO: ----------------------------No.3 epoch----------------------------
2022-06-23 09:40:12,490 - pytorch_cvae.py[line:176] - INFO: loss:178.9393630027771, numeric_loss:12.948623726144433, categorical_loss:28.911358535289764, kld_loss:20862.398834228516, epoch_train_time:5.9013292863965034
2022-06-23 09:40:18,258 - pytorch_cvae.py[line:169] - INFO: ----------------------------No.4 epoch----------------------------
2022-06-23 09:40:18,258 - pytorch_cvae.py[line:176] - INFO: loss:166.34624442458153, numeric_loss:11.585277751088142, categorical_loss:21.683623738586903, kld_loss:18371.834503173828, epoch_train_time:5.767836842685938
2022-06-23 09:40:24,194 - pytorch_cvae.py[line:169] - INFO: ----------------------------No.5 epoch----------------------------
2022-06-23 09:40:24,194 - pytorch_cvae.py[line:176] - INFO: loss:162.25383353233337, numeric_loss:11.111987128853798, categorical_loss:18.789202576503158, kld_loss:16590.96353149414, epoch_train_time:5.936230447143316
2022-06-23 09:40:30,095 - pytorch_cvae.py[line:169] - INFO: ----------------------------No.6 epoch----------------------------
2022-06-23 09:40:30,095 - pytorch_cvae.py[line:176] - INFO: loss:162.86354210972786, numeric_loss:11.07890130393207, categorical_loss:17.37680513970554, kld_loss:15313.99296760559, epoch_train_time:5.900472674518824
2022-06-23 09:40:35,867 - pytorch_cvae.py[line:169] - INFO: ----------------------------No.7 epoch----------------------------
2022-06-23 09:40:35,867 - pytorch_cvae.py[line:176] - INFO: loss:168.26378482580185, numeric_loss:11.368517387658358, categorical_loss:17.054074365645647, kld_loss:14496.33316230774, epoch_train_time:5.77224762737751
2022-06-23 09:40:41,751 - pytorch_cvae.py[line:169] - INFO: ----------------------------No.8 epoch----------------------------
2022-06-23 09:40:41,752 - pytorch_cvae.py[line:176] - INFO: loss:176.70352202653885, numeric_loss:11.610386662185192, categorical_loss:17.306977109983563, kld_loss:13952.443244934082, epoch_train_time:5.88392722979188
2022-06-23 09:40:47,665 - pytorch_cvae.py[line:169] - INFO: ----------------------------No.9 epoch----------------------------
2022-06-23 09:40:47,666 - pytorch_cvae.py[line:176] - INFO: loss:187.2494583427906, numeric_loss:12.156803933903575, categorical_loss:18.153892757371068, kld_loss:13507.485094070435, epoch_train_time:5.913728926330805
2022-06-23 09:40:53,363 - pytorch_cvae.py[line:169] - INFO: ----------------------------No.10 epoch----------------------------
2022-06-23 09:40:53,364 - pytorch_cvae.py[line:176] - INFO: loss:199.2213273048401, numeric_loss:12.688587857410312, categorical_loss:19.16297653876245, kld_loss:13145.688045501709, epoch_train_time:5.697810959070921
2022-06-23 09:40:59,077 - pytorch_cvae.py[line:169] - INFO: ----------------------------No.11 epoch----------------------------
2022-06-23 09:40:59,077 - pytorch_cvae.py[line:176] - INFO: loss:212.6306612789631, numeric_loss:13.158303122967482, categorical_loss:20.51675856113434, kld_loss:12839.495304107666, epoch_train_time:5.712836243212223
2022-06-23 09:41:04,973 - pytorch_cvae.py[line:169] - INFO: ----------------------------No.12 epoch----------------------------
2022-06-23 09:41:04,974 - pytorch_cvae.py[line:176] - INFO: loss:227.85371127724648, numeric_loss:13.831199403852224, categorical_loss:22.270323410630226, kld_loss:12579.797142028809, epoch_train_time:5.896711017936468
2022-06-23 09:41:10,818 - pytorch_cvae.py[line:169] - INFO: ----------------------------No.13 epoch----------------------------
2022-06-23 09:41:10,818 - pytorch_cvae.py[line:176] - INFO: loss:243.55611377954483, numeric_loss:14.43311839364469, categorical_loss:24.036177318543196, kld_loss:12315.044956207275, epoch_train_time:5.844234693795443
2022-06-23 09:41:16,642 - pytorch_cvae.py[line:169] - INFO: ----------------------------No.14 epoch----------------------------
2022-06-23 09:41:16,643 - pytorch_cvae.py[line:176] - INFO: loss:260.38799673318863, numeric_loss:15.196106428280473, categorical_loss:26.154622921720147, kld_loss:12050.789573669434, epoch_train_time:5.824319440871477
2022-06-23 09:41:20,271 - pytorch_cvae.py[line:169] - INFO: ----------------------------No.15 epoch----------------------------
2022-06-23 09:41:20,271 - pytorch_cvae.py[line:176] - INFO: loss:278.81566286087036, numeric_loss:16.14426170103252, categorical_loss:28.633117070421576, kld_loss:11809.130641937256, epoch_train_time:3.62788774818182
2022-06-23 09:41:23,865 - pytorch_cvae.py[line:169] - INFO: ----------------------------No.16 epoch----------------------------
2022-06-23 09:41:23,866 - pytorch_cvae.py[line:176] - INFO: loss:297.23379454016685, numeric_loss:16.848533149808645, categorical_loss:30.932213630527258, kld_loss:11555.471088409424, epoch_train_time:3.5943572968244553
2022-06-23 09:41:27,464 - pytorch_cvae.py[line:169] - INFO: ----------------------------No.17 epoch----------------------------
2022-06-23 09:41:27,464 - pytorch_cvae.py[line:176] - INFO: loss:317.6547797322273, numeric_loss:17.845473183318973, categorical_loss:33.958490755409, kld_loss:11317.199146270752, epoch_train_time:3.5983386114239693
2022-06-23 09:41:31,060 - pytorch_cvae.py[line:169] - INFO: ----------------------------No.18 epoch----------------------------
2022-06-23 09:41:31,060 - pytorch_cvae.py[line:176] - INFO: loss:339.4799630641937, numeric_loss:18.76346304640174, categorical_loss:37.36901292949915, kld_loss:11095.751602172852, epoch_train_time:3.5955214872956276
2022-06-23 09:41:34,658 - pytorch_cvae.py[line:169] - INFO: ----------------------------No.19 epoch----------------------------
2022-06-23 09:41:34,658 - pytorch_cvae.py[line:176] - INFO: loss:362.61418467760086, numeric_loss:19.772100323811173, categorical_loss:40.99463150650263, kld_loss:10884.176267623901, epoch_train_time:3.598282463848591
2022-06-23 09:41:38,254 - pytorch_cvae.py[line:169] - INFO: ----------------------------No.20 epoch----------------------------
2022-06-23 09:41:38,254 - pytorch_cvae.py[line:176] - INFO: loss:386.28660291433334, numeric_loss:20.741291008889675, categorical_loss:45.1422639451921, kld_loss:10649.021154403687, epoch_train_time:3.596026483923197
2022-06-23 09:41:41,861 - pytorch_cvae.py[line:169] - INFO: ----------------------------No.21 epoch----------------------------
2022-06-23 09:41:41,861 - pytorch_cvae.py[line:176] - INFO: loss:411.61955177783966, numeric_loss:21.918111879378557, categorical_loss:49.842236280441284, kld_loss:10422.00732421875, epoch_train_time:3.6063627526164055
2022-06-23 09:41:45,385 - pytorch_cvae.py[line:169] - INFO: ----------------------------No.22 epoch----------------------------
2022-06-23 09:41:45,385 - pytorch_cvae.py[line:176] - INFO: loss:437.6293457746506, numeric_loss:23.101989530026913, categorical_loss:54.735548079013824, kld_loss:10190.070602416992, epoch_train_time:3.524045191705227
2022-06-23 09:41:48,982 - pytorch_cvae.py[line:169] - INFO: ----------------------------No.23 epoch----------------------------
2022-06-23 09:41:48,982 - pytorch_cvae.py[line:176] - INFO: loss:465.04030203819275, numeric_loss:24.354314122349024, categorical_loss:60.47454111278057, kld_loss:9955.406787872314, epoch_train_time:3.5963986851274967
2022-06-23 09:41:52,576 - pytorch_cvae.py[line:169] - INFO: ----------------------------No.24 epoch----------------------------
2022-06-23 09:41:52,576 - pytorch_cvae.py[line:176] - INFO: loss:494.00124245882034, numeric_loss:26.05859362706542, categorical_loss:66.81194961071014, kld_loss:9719.902523040771, epoch_train_time:3.5937556326389313
2022-06-23 09:41:56,174 - pytorch_cvae.py[line:169] - INFO: ----------------------------No.25 epoch----------------------------
2022-06-23 09:41:56,175 - pytorch_cvae.py[line:176] - INFO: loss:523.6395827531815, numeric_loss:27.40781418979168, categorical_loss:73.43414951115847, kld_loss:9490.41113948822, epoch_train_time:3.598737083375454
2022-06-23 09:41:59,776 - pytorch_cvae.py[line:169] - INFO: ----------------------------No.26 epoch----------------------------
2022-06-23 09:41:59,776 - pytorch_cvae.py[line:176] - INFO: loss:552.5497099757195, numeric_loss:28.963629137724638, categorical_loss:81.01717694103718, kld_loss:9211.792157173157, epoch_train_time:3.6008538603782654
2022-06-23 09:42:03,295 - pytorch_cvae.py[line:169] - INFO: ----------------------------No.27 epoch----------------------------
2022-06-23 09:42:03,295 - pytorch_cvae.py[line:176] - INFO: loss:583.7315238714218, numeric_loss:30.884883504360914, categorical_loss:90.14107649028301, kld_loss:8939.495798110962, epoch_train_time:3.5192393101751804
2022-06-23 09:42:06,894 - pytorch_cvae.py[line:169] - INFO: ----------------------------No.28 epoch----------------------------
2022-06-23 09:42:06,894 - pytorch_cvae.py[line:176] - INFO: loss:610.9987472295761, numeric_loss:32.87203152477741, categorical_loss:98.46522103250027, kld_loss:8610.384162902832, epoch_train_time:3.5992845706641674
2022-06-23 09:42:10,492 - pytorch_cvae.py[line:169] - INFO: ----------------------------No.29 epoch----------------------------
2022-06-23 09:42:10,492 - pytorch_cvae.py[line:176] - INFO: loss:638.7789354324341, numeric_loss:35.25563981384039, categorical_loss:108.7407824844122, kld_loss:8260.677315711975, epoch_train_time:3.597803760319948
2022-06-23 09:42:14,090 - pytorch_cvae.py[line:169] - INFO: ----------------------------No.30 epoch----------------------------
2022-06-23 09:42:14,090 - pytorch_cvae.py[line:176] - INFO: loss:665.2714722156525, numeric_loss:37.93190860003233, categorical_loss:120.10435944795609, kld_loss:7884.21826839447, epoch_train_time:3.597412146627903
2022-06-23 09:42:17,697 - pytorch_cvae.py[line:169] - INFO: ----------------------------No.31 epoch----------------------------
2022-06-23 09:42:17,697 - pytorch_cvae.py[line:176] - INFO: loss:689.5963921546936, numeric_loss:41.33257173001766, categorical_loss:132.52493844926357, kld_loss:7470.701457977295, epoch_train_time:3.6071290113031864
2022-06-23 09:42:21,293 - pytorch_cvae.py[line:169] - INFO: ----------------------------No.32 epoch----------------------------
2022-06-23 09:42:21,293 - pytorch_cvae.py[line:176] - INFO: loss:710.307293176651, numeric_loss:46.42082463204861, categorical_loss:145.3246779292822, kld_loss:7007.265036582947, epoch_train_time:3.5958086363971233
2022-06-23 09:42:24,892 - pytorch_cvae.py[line:169] - INFO: ----------------------------No.33 epoch----------------------------
2022-06-23 09:42:24,892 - pytorch_cvae.py[line:176] - INFO: loss:732.6206500530243, numeric_loss:51.96420223265886, categorical_loss:157.48523603379726, kld_loss:6601.500900268555, epoch_train_time:3.598470378667116
2022-06-23 09:42:28,490 - pytorch_cvae.py[line:169] - INFO: ----------------------------No.34 epoch----------------------------
2022-06-23 09:42:28,491 - pytorch_cvae.py[line:176] - INFO: loss:753.0772173404694, numeric_loss:57.46363527327776, categorical_loss:171.9369653314352, kld_loss:6176.567274093628, epoch_train_time:3.598406944423914
2022-06-23 09:42:32,011 - pytorch_cvae.py[line:169] - INFO: ----------------------------No.35 epoch----------------------------
2022-06-23 09:42:32,011 - pytorch_cvae.py[line:176] - INFO: loss:774.6692136526108, numeric_loss:62.09910097718239, categorical_loss:187.41657795011997, kld_loss:5795.4835386276245, epoch_train_time:3.5203905180096626
2022-06-23 09:42:35,606 - pytorch_cvae.py[line:169] - INFO: ----------------------------No.36 epoch----------------------------
2022-06-23 09:42:35,607 - pytorch_cvae.py[line:176] - INFO: loss:798.3125507831573, numeric_loss:66.87555091828108, categorical_loss:203.0437304675579, kld_loss:5461.530583381653, epoch_train_time:3.5952916145324707
2022-06-23 09:42:39,203 - pytorch_cvae.py[line:169] - INFO: ----------------------------No.37 epoch----------------------------
2022-06-23 09:42:39,204 - pytorch_cvae.py[line:176] - INFO: loss:822.0473392009735, numeric_loss:71.20910900831223, categorical_loss:218.45621237158775, kld_loss:5159.035285949707, epoch_train_time:3.5967682488262653
2022-06-23 09:42:42,804 - pytorch_cvae.py[line:169] - INFO: ----------------------------No.38 epoch----------------------------
2022-06-23 09:42:42,804 - pytorch_cvae.py[line:176] - INFO: loss:846.1613763570786, numeric_loss:75.73211638629436, categorical_loss:231.73691377043724, kld_loss:4899.008594512939, epoch_train_time:3.6003099754452705
2022-06-23 09:42:46,322 - pytorch_cvae.py[line:169] - INFO: ----------------------------No.39 epoch----------------------------
2022-06-23 09:42:46,323 - pytorch_cvae.py[line:176] - INFO: loss:871.7921075820923, numeric_loss:79.4619688168168, categorical_loss:245.07460230588913, kld_loss:4675.3503432273865, epoch_train_time:3.518377635627985
2022-06-23 09:42:49,920 - pytorch_cvae.py[line:169] - INFO: ----------------------------No.40 epoch----------------------------
2022-06-23 09:42:49,920 - pytorch_cvae.py[line:176] - INFO: loss:897.7963273525238, numeric_loss:82.73192150890827, categorical_loss:257.5911031961441, kld_loss:4478.565886497498, epoch_train_time:3.5971474833786488
2022-06-23 09:42:53,516 - pytorch_cvae.py[line:169] - INFO: ----------------------------No.41 epoch----------------------------
2022-06-23 09:42:53,516 - pytorch_cvae.py[line:176] - INFO: loss:926.2031368017197, numeric_loss:85.72488836944103, categorical_loss:271.889607667923, kld_loss:4299.701256275177, epoch_train_time:3.5962661430239677
2022-06-23 09:42:57,116 - pytorch_cvae.py[line:169] - INFO: ----------------------------No.42 epoch----------------------------
2022-06-23 09:42:57,116 - pytorch_cvae.py[line:176] - INFO: loss:952.6075357198715, numeric_loss:88.39156819880009, categorical_loss:286.3103052675724, kld_loss:4117.717279434204, epoch_train_time:3.5993159525096416
2022-06-23 09:43:00,715 - pytorch_cvae.py[line:169] - INFO: ----------------------------No.43 epoch----------------------------
2022-06-23 09:43:00,716 - pytorch_cvae.py[line:176] - INFO: loss:981.3989800214767, numeric_loss:90.14037682116032, categorical_loss:303.94179806113243, kld_loss:3946.9875388145447, epoch_train_time:3.5995421446859837
2022-06-23 09:43:04,313 - pytorch_cvae.py[line:169] - INFO: ----------------------------No.44 epoch----------------------------
2022-06-23 09:43:04,313 - pytorch_cvae.py[line:176] - INFO: loss:1009.2883079051971, numeric_loss:91.37030942738056, categorical_loss:322.3741483986378, kld_loss:3778.636814594269, epoch_train_time:3.597601428627968
2022-06-23 09:43:07,913 - pytorch_cvae.py[line:169] - INFO: ----------------------------No.45 epoch----------------------------
2022-06-23 09:43:07,913 - pytorch_cvae.py[line:176] - INFO: loss:1036.568623304367, numeric_loss:92.337258040905, categorical_loss:342.5229642391205, kld_loss:3608.027371406555, epoch_train_time:3.5996567383408546
2022-06-23 09:43:11,515 - pytorch_cvae.py[line:169] - INFO: ----------------------------No.46 epoch----------------------------
2022-06-23 09:43:11,515 - pytorch_cvae.py[line:176] - INFO: loss:1065.3694509267807, numeric_loss:92.75587247312069, categorical_loss:363.73613488674164, kld_loss:3453.904354572296, epoch_train_time:3.601742774248123
2022-06-23 09:43:15,035 - pytorch_cvae.py[line:169] - INFO: ----------------------------No.47 epoch----------------------------
2022-06-23 09:43:15,035 - pytorch_cvae.py[line:176] - INFO: loss:1090.8975639343262, numeric_loss:93.17489522695541, categorical_loss:383.91653138399124, kld_loss:3297.1795692443848, epoch_train_time:3.519900731742382
2022-06-23 09:43:18,631 - pytorch_cvae.py[line:169] - INFO: ----------------------------No.48 epoch----------------------------
2022-06-23 09:43:18,631 - pytorch_cvae.py[line:176] - INFO: loss:1116.9671202898026, numeric_loss:93.48684532940388, categorical_loss:404.70177763700485, kld_loss:3150.734552383423, epoch_train_time:3.5953901670873165
2022-06-23 09:43:22,227 - pytorch_cvae.py[line:169] - INFO: ----------------------------No.49 epoch----------------------------
2022-06-23 09:43:22,228 - pytorch_cvae.py[line:176] - INFO: loss:1142.7223428487778, numeric_loss:93.70991891622543, categorical_loss:424.42783254384995, kld_loss:3017.6398606300354, epoch_train_time:3.59670726954937
2022-06-23 09:43:27,243 - pytorch_cvae.py[line:169] - INFO: ----------------------------No.50 epoch----------------------------
2022-06-23 09:43:27,243 - pytorch_cvae.py[line:176] - INFO: loss:1168.828196644783, numeric_loss:93.96470268070698, categorical_loss:442.9750877022743, kld_loss:2899.6820855140686, epoch_train_time:5.015610605478287
2022-06-23 09:43:33,082 - pytorch_cvae.py[line:169] - INFO: ----------------------------No.51 epoch----------------------------
2022-06-23 09:43:33,082 - pytorch_cvae.py[line:176] - INFO: loss:1196.7447900772095, numeric_loss:93.92223373055458, categorical_loss:457.81386345624924, kld_loss:2814.126964569092, epoch_train_time:5.838208518922329
2022-06-23 09:43:38,824 - pytorch_cvae.py[line:169] - INFO: ----------------------------No.52 epoch----------------------------
2022-06-23 09:43:38,824 - pytorch_cvae.py[line:176] - INFO: loss:1222.4500749111176, numeric_loss:94.16546531021595, categorical_loss:470.44070315361023, kld_loss:2731.5137667655945, epoch_train_time:5.7417793571949005
2022-06-23 09:43:44,654 - pytorch_cvae.py[line:169] - INFO: ----------------------------No.53 epoch----------------------------
2022-06-23 09:43:44,654 - pytorch_cvae.py[line:176] - INFO: loss:1249.4530827999115, numeric_loss:94.23696590960026, categorical_loss:479.4098265171051, kld_loss:2673.249512195587, epoch_train_time:5.829697612673044
2022-06-23 09:43:50,464 - pytorch_cvae.py[line:169] - INFO: ----------------------------No.54 epoch----------------------------
2022-06-23 09:43:50,464 - pytorch_cvae.py[line:176] - INFO: loss:1276.4072391986847, numeric_loss:94.22272990643978, categorical_loss:486.19891488552094, kld_loss:2625.35791349411, epoch_train_time:5.809945542365313
2022-06-23 09:43:56,230 - pytorch_cvae.py[line:169] - INFO: ----------------------------No.55 epoch----------------------------
2022-06-23 09:43:56,230 - pytorch_cvae.py[line:176] - INFO: loss:1305.9716532230377, numeric_loss:94.34687227010727, categorical_loss:491.4886512160301, kld_loss:2593.0338368415833, epoch_train_time:5.765807136893272
2022-06-23 09:44:02,150 - pytorch_cvae.py[line:169] - INFO: ----------------------------No.56 epoch----------------------------
2022-06-23 09:44:02,151 - pytorch_cvae.py[line:176] - INFO: loss:1334.1219601631165, numeric_loss:94.52859191596508, categorical_loss:495.44443196058273, kld_loss:2560.312877178192, epoch_train_time:5.9202117919921875
2022-06-23 09:44:08,075 - pytorch_cvae.py[line:169] - INFO: ----------------------------No.57 epoch----------------------------
2022-06-23 09:44:08,075 - pytorch_cvae.py[line:176] - INFO: loss:1365.2138938903809, numeric_loss:94.61864292621613, categorical_loss:500.4714047908783, kld_loss:2534.356137752533, epoch_train_time:5.9245804734528065
2022-06-23 09:44:13,882 - pytorch_cvae.py[line:169] - INFO: ----------------------------No.58 epoch----------------------------
2022-06-23 09:44:13,882 - pytorch_cvae.py[line:176] - INFO: loss:1396.5155346393585, numeric_loss:94.88745631277561, categorical_loss:506.4347766637802, kld_loss:2505.462821006775, epoch_train_time:5.8067608661949635
2022-06-23 09:44:19,768 - pytorch_cvae.py[line:169] - INFO: ----------------------------No.59 epoch----------------------------
2022-06-23 09:44:19,768 - pytorch_cvae.py[line:176] - INFO: loss:1427.9624326229095, numeric_loss:95.10822813212872, categorical_loss:512.8918602466583, kld_loss:2476.0057163238525, epoch_train_time:5.885872229933739
2022-06-23 09:44:25,477 - pytorch_cvae.py[line:169] - INFO: ----------------------------No.60 epoch----------------------------
2022-06-23 09:44:25,477 - pytorch_cvae.py[line:176] - INFO: loss:1460.3054025173187, numeric_loss:95.40175819396973, categorical_loss:519.9535932540894, kld_loss:2447.741619825363, epoch_train_time:5.708500020205975
2022-06-23 09:44:31,335 - pytorch_cvae.py[line:169] - INFO: ----------------------------No.61 epoch----------------------------
2022-06-23 09:44:31,336 - pytorch_cvae.py[line:176] - INFO: loss:1491.2960262298584, numeric_loss:95.70469008386135, categorical_loss:527.0917346477509, kld_loss:2416.101678133011, epoch_train_time:5.858209501951933
2022-06-23 09:44:37,103 - pytorch_cvae.py[line:169] - INFO: ----------------------------No.62 epoch----------------------------
2022-06-23 09:44:37,103 - pytorch_cvae.py[line:176] - INFO: loss:1523.6224522590637, numeric_loss:95.84799689054489, categorical_loss:534.2771887183189, kld_loss:2389.374279022217, epoch_train_time:5.767509941011667
2022-06-23 09:44:43,250 - pytorch_cvae.py[line:169] - INFO: ----------------------------No.63 epoch----------------------------
2022-06-23 09:44:43,250 - pytorch_cvae.py[line:176] - INFO: loss:1555.6171963214874, numeric_loss:96.17214161157608, categorical_loss:542.0738555788994, kld_loss:2360.563768863678, epoch_train_time:6.146704647690058
2022-06-23 09:44:49,143 - pytorch_cvae.py[line:169] - INFO: ----------------------------No.64 epoch----------------------------
2022-06-23 09:44:49,143 - pytorch_cvae.py[line:176] - INFO: loss:1585.1762645244598, numeric_loss:96.30726340413094, categorical_loss:548.7966059446335, kld_loss:2329.9460813999176, epoch_train_time:5.892844211310148
2022-06-23 09:44:55,029 - pytorch_cvae.py[line:169] - INFO: ----------------------------No.65 epoch----------------------------
2022-06-23 09:44:55,029 - pytorch_cvae.py[line:176] - INFO: loss:1617.4666583538055, numeric_loss:96.56538011133671, categorical_loss:557.7949967980385, kld_loss:2301.4791593551636, epoch_train_time:5.885774917900562
2022-06-23 09:45:00,973 - pytorch_cvae.py[line:169] - INFO: ----------------------------No.66 epoch----------------------------
2022-06-23 09:45:00,973 - pytorch_cvae.py[line:176] - INFO: loss:1651.439476966858, numeric_loss:96.80120903253555, categorical_loss:566.4626286029816, kld_loss:2279.0272557735443, epoch_train_time:5.943886663764715
2022-06-23 09:45:06,819 - pytorch_cvae.py[line:169] - INFO: ----------------------------No.67 epoch----------------------------
2022-06-23 09:45:06,819 - pytorch_cvae.py[line:176] - INFO: loss:1682.3163588047028, numeric_loss:96.97088785469532, categorical_loss:576.0212237238884, kld_loss:2248.8625926971436, epoch_train_time:5.84559828042984
2022-06-23 09:45:12,871 - pytorch_cvae.py[line:169] - INFO: ----------------------------No.68 epoch----------------------------
2022-06-23 09:45:12,872 - pytorch_cvae.py[line:176] - INFO: loss:1714.6893599033356, numeric_loss:97.13813464343548, categorical_loss:585.0084671974182, kld_loss:2224.8021655082703, epoch_train_time:6.052049830555916
2022-06-23 09:45:18,669 - pytorch_cvae.py[line:169] - INFO: ----------------------------No.69 epoch----------------------------
2022-06-23 09:45:18,669 - pytorch_cvae.py[line:176] - INFO: loss:1746.0679121017456, numeric_loss:97.27363699674606, categorical_loss:596.4606548547745, kld_loss:2194.9378490448, epoch_train_time:5.79722585901618
2022-06-23 09:45:24,545 - pytorch_cvae.py[line:169] - INFO: ----------------------------No.70 epoch----------------------------
2022-06-23 09:45:24,545 - pytorch_cvae.py[line:176] - INFO: loss:1776.9831264019012, numeric_loss:97.4277165979147, categorical_loss:606.4974473118782, kld_loss:2168.7610039711, epoch_train_time:5.876098643988371
2022-06-23 09:45:30,441 - pytorch_cvae.py[line:169] - INFO: ----------------------------No.71 epoch----------------------------
2022-06-23 09:45:30,441 - pytorch_cvae.py[line:176] - INFO: loss:1807.3582065105438, numeric_loss:97.60617116093636, categorical_loss:617.9795626997948, kld_loss:2140.300144672394, epoch_train_time:5.895737994462252
2022-06-23 09:45:36,257 - pytorch_cvae.py[line:169] - INFO: ----------------------------No.72 epoch----------------------------
2022-06-23 09:45:36,257 - pytorch_cvae.py[line:176] - INFO: loss:1837.1018676757812, numeric_loss:97.7304657548666, categorical_loss:628.1838570833206, kld_loss:2115.03812623024, epoch_train_time:5.815509762614965
2022-06-23 09:45:42,076 - pytorch_cvae.py[line:169] - INFO: ----------------------------No.73 epoch----------------------------
2022-06-23 09:45:42,077 - pytorch_cvae.py[line:176] - INFO: loss:1865.3653826713562, numeric_loss:97.78258340060711, categorical_loss:638.9565293192863, kld_loss:2087.87073969841, epoch_train_time:5.819258365780115
2022-06-23 09:45:47,926 - pytorch_cvae.py[line:169] - INFO: ----------------------------No.74 epoch----------------------------
2022-06-23 09:45:47,926 - pytorch_cvae.py[line:176] - INFO: loss:1891.474685907364, numeric_loss:97.84950491786003, categorical_loss:648.4520077705383, kld_loss:2061.0166358947754, epoch_train_time:5.8493834510445595
2022-06-23 09:45:53,700 - pytorch_cvae.py[line:169] - INFO: ----------------------------No.75 epoch----------------------------
2022-06-23 09:45:53,700 - pytorch_cvae.py[line:176] - INFO: loss:1920.5953936576843, numeric_loss:97.88070306181908, categorical_loss:658.0094744563103, kld_loss:2041.3504748344421, epoch_train_time:5.77391180023551
2022-06-23 09:45:59,364 - pytorch_cvae.py[line:169] - INFO: ----------------------------No.76 epoch----------------------------
2022-06-23 09:45:59,364 - pytorch_cvae.py[line:176] - INFO: loss:1945.5175786018372, numeric_loss:97.98265033960342, categorical_loss:668.3610598444939, kld_loss:2014.6744198799133, epoch_train_time:5.663376405835152
2022-06-23 09:46:05,207 - pytorch_cvae.py[line:169] - INFO: ----------------------------No.77 epoch----------------------------
2022-06-23 09:46:05,207 - pytorch_cvae.py[line:176] - INFO: loss:1973.5856080055237, numeric_loss:97.99696053564548, categorical_loss:680.3748269081116, kld_loss:1992.6564061641693, epoch_train_time:5.843084294348955
2022-06-23 09:46:10,960 - pytorch_cvae.py[line:169] - INFO: ----------------------------No.78 epoch----------------------------
2022-06-23 09:46:10,961 - pytorch_cvae.py[line:176] - INFO: loss:1999.5369539260864, numeric_loss:98.20844231545925, categorical_loss:692.3126233816147, kld_loss:1968.8512570858002, epoch_train_time:5.753177415579557
2022-06-23 09:46:16,752 - pytorch_cvae.py[line:169] - INFO: ----------------------------No.79 epoch----------------------------
2022-06-23 09:46:16,752 - pytorch_cvae.py[line:176] - INFO: loss:2022.9844698905945, numeric_loss:98.37763351202011, categorical_loss:703.3969039916992, kld_loss:1944.4625737667084, epoch_train_time:5.791581381112337
2022-06-23 09:46:22,638 - pytorch_cvae.py[line:169] - INFO: ----------------------------No.80 epoch----------------------------
2022-06-23 09:46:22,639 - pytorch_cvae.py[line:176] - INFO: loss:2049.4427609443665, numeric_loss:98.46729190647602, categorical_loss:716.5327798128128, kld_loss:1923.724449634552, epoch_train_time:5.886007953435183
2022-06-23 09:46:28,491 - pytorch_cvae.py[line:169] - INFO: ----------------------------No.81 epoch----------------------------
2022-06-23 09:46:28,491 - pytorch_cvae.py[line:176] - INFO: loss:2073.691056251526, numeric_loss:98.60341866314411, categorical_loss:729.8070394992828, kld_loss:1901.236475944519, epoch_train_time:5.851930823177099
2022-06-23 09:46:34,412 - pytorch_cvae.py[line:169] - INFO: ----------------------------No.82 epoch----------------------------
2022-06-23 09:46:34,412 - pytorch_cvae.py[line:176] - INFO: loss:2095.4964299201965, numeric_loss:98.7307990193367, categorical_loss:742.2271459102631, kld_loss:1878.3830261230469, epoch_train_time:5.9211542047560215
2022-06-23 09:46:40,529 - pytorch_cvae.py[line:169] - INFO: ----------------------------No.83 epoch----------------------------
2022-06-23 09:46:40,529 - pytorch_cvae.py[line:176] - INFO: loss:2114.0583760738373, numeric_loss:98.95248009264469, categorical_loss:756.3432223796844, kld_loss:1850.161167383194, epoch_train_time:6.116553749889135
2022-06-23 09:46:46,624 - pytorch_cvae.py[line:169] - INFO: ----------------------------No.84 epoch----------------------------
2022-06-23 09:46:46,624 - pytorch_cvae.py[line:176] - INFO: loss:2137.157960176468, numeric_loss:99.03773568570614, categorical_loss:766.3441132307053, kld_loss:1836.860758781433, epoch_train_time:6.095115292817354
2022-06-23 09:46:52,611 - pytorch_cvae.py[line:169] - INFO: ----------------------------No.85 epoch----------------------------
2022-06-23 09:46:52,611 - pytorch_cvae.py[line:176] - INFO: loss:2156.5217864513397, numeric_loss:99.22461406886578, categorical_loss:779.5136022567749, kld_loss:1815.3359546661377, epoch_train_time:5.986469082534313
2022-06-23 09:46:58,438 - pytorch_cvae.py[line:169] - INFO: ----------------------------No.86 epoch----------------------------
2022-06-23 09:46:58,439 - pytorch_cvae.py[line:176] - INFO: loss:2178.0027844905853, numeric_loss:99.39493663609028, categorical_loss:792.076593875885, kld_loss:1799.6517298221588, epoch_train_time:5.827335629612207
2022-06-23 09:47:04,380 - pytorch_cvae.py[line:169] - INFO: ----------------------------No.87 epoch----------------------------
2022-06-23 09:47:04,380 - pytorch_cvae.py[line:176] - INFO: loss:2193.6064438819885, numeric_loss:99.59365470707417, categorical_loss:804.9365956783295, kld_loss:1777.2537729740143, epoch_train_time:5.941316094249487
2022-06-23 09:47:10,404 - pytorch_cvae.py[line:169] - INFO: ----------------------------No.88 epoch----------------------------
2022-06-23 09:47:10,405 - pytorch_cvae.py[line:176] - INFO: loss:2209.6003017425537, numeric_loss:99.69136767089367, categorical_loss:817.1953963041306, kld_loss:1758.3696739673615, epoch_train_time:6.024231694638729
2022-06-23 09:47:16,221 - pytorch_cvae.py[line:169] - INFO: ----------------------------No.89 epoch----------------------------
2022-06-23 09:47:16,221 - pytorch_cvae.py[line:176] - INFO: loss:2223.7463171482086, numeric_loss:99.92020681500435, categorical_loss:828.0218377113342, kld_loss:1740.6787712574005, epoch_train_time:5.816548407077789
2022-06-23 09:47:22,095 - pytorch_cvae.py[line:169] - INFO: ----------------------------No.90 epoch----------------------------
2022-06-23 09:47:22,095 - pytorch_cvae.py[line:176] - INFO: loss:2238.6441667079926, numeric_loss:100.12637583911419, categorical_loss:839.8642222881317, kld_loss:1724.5593547821045, epoch_train_time:5.873649697750807
2022-06-23 09:47:27,992 - pytorch_cvae.py[line:169] - INFO: ----------------------------No.91 epoch----------------------------
2022-06-23 09:47:27,992 - pytorch_cvae.py[line:176] - INFO: loss:2250.0638093948364, numeric_loss:100.30375857651234, categorical_loss:850.4740680456161, kld_loss:1707.3772776126862, epoch_train_time:5.896740533411503
2022-06-23 09:47:33,903 - pytorch_cvae.py[line:169] - INFO: ----------------------------No.92 epoch----------------------------
2022-06-23 09:47:33,903 - pytorch_cvae.py[line:176] - INFO: loss:2261.2149844169617, numeric_loss:100.35018739104271, categorical_loss:859.6202952861786, kld_loss:1693.783361196518, epoch_train_time:5.910264495760202
2022-06-23 09:47:39,813 - pytorch_cvae.py[line:169] - INFO: ----------------------------No.93 epoch----------------------------
2022-06-23 09:47:39,813 - pytorch_cvae.py[line:176] - INFO: loss:2271.6279253959656, numeric_loss:100.56876739859581, categorical_loss:867.8377380371094, kld_loss:1681.998701095581, epoch_train_time:5.909822963178158
2022-06-23 09:47:45,839 - pytorch_cvae.py[line:169] - INFO: ----------------------------No.94 epoch----------------------------
2022-06-23 09:47:45,840 - pytorch_cvae.py[line:176] - INFO: loss:2282.4009652137756, numeric_loss:100.62103189527988, categorical_loss:876.8007044792175, kld_loss:1671.6826002597809, epoch_train_time:6.02653594315052
2022-06-23 09:47:51,757 - pytorch_cvae.py[line:169] - INFO: ----------------------------No.95 epoch----------------------------
2022-06-23 09:47:51,758 - pytorch_cvae.py[line:176] - INFO: loss:2287.156972169876, numeric_loss:100.69523917138577, categorical_loss:883.6438845396042, kld_loss:1658.1011545658112, epoch_train_time:5.917642693966627
2022-06-23 09:47:57,614 - pytorch_cvae.py[line:169] - INFO: ----------------------------No.96 epoch----------------------------
2022-06-23 09:47:57,614 - pytorch_cvae.py[line:176] - INFO: loss:2293.5856490135193, numeric_loss:100.83375924825668, categorical_loss:889.5191184282303, kld_loss:1649.531756401062, epoch_train_time:5.856743674725294
2022-06-23 09:48:03,433 - pytorch_cvae.py[line:169] - INFO: ----------------------------No.97 epoch----------------------------
2022-06-23 09:48:03,433 - pytorch_cvae.py[line:176] - INFO: loss:2299.6023528575897, numeric_loss:100.97910331189632, categorical_loss:895.9890388250351, kld_loss:1641.3713488578796, epoch_train_time:5.818375002592802
2022-06-23 09:48:09,156 - pytorch_cvae.py[line:169] - INFO: ----------------------------No.98 epoch----------------------------
2022-06-23 09:48:09,157 - pytorch_cvae.py[line:176] - INFO: loss:2298.4451377391815, numeric_loss:101.01016965508461, categorical_loss:899.4115875959396, kld_loss:1629.8469970226288, epoch_train_time:5.722996156662703
2022-06-23 09:48:15,128 - pytorch_cvae.py[line:169] - INFO: ----------------------------No.99 epoch----------------------------
2022-06-23 09:48:15,129 - pytorch_cvae.py[line:176] - INFO: loss:2304.562881708145, numeric_loss:101.04819889366627, categorical_loss:904.538614988327, kld_loss:1626.9707815647125, epoch_train_time:5.971649795770645
2022-06-23 09:48:20,984 - pytorch_cvae.py[line:169] - INFO: ----------------------------No.100 epoch----------------------------
2022-06-23 09:48:20,985 - pytorch_cvae.py[line:176] - INFO: loss:2305.5592710971832, numeric_loss:101.11724501848221, categorical_loss:907.691101193428, kld_loss:1621.7492804527283, epoch_train_time:5.8558737598359585
2022-06-23 09:48:20,985 - pytorch_cvae.py[line:185] - INFO: training time elapsed:505.8708023875952
2022-06-23 09:48:20,986 - model_utils.py[line:67] - INFO: save model successfully
2022-06-23 09:48:23,318 - pytorch_cvae.py[line:261] - INFO: train model time elapsed:511.6477710157633
2022-06-23 09:48:23,318 - pytorch_cvae.py[line:242] - INFO: epoch:100
2022-06-23 09:48:23,318 - pytorch_cvae.py[line:243] - INFO: batch size:512
2022-06-23 09:48:23,318 - pytorch_cvae.py[line:244] - INFO: latent dimension:50
2022-06-23 09:48:23,318 - pytorch_cvae.py[line:245] - INFO: intermediate dimension:100
2022-06-23 09:48:23,319 - pytorch_cvae.py[line:246] - INFO: gpu num:0
2022-06-23 09:48:23,319 - dataset_utils.py[line:543] - INFO: load existing dataset:flights2-flight-b_b_origin__b_origin_binary_gaussian5_0
2022-06-23 09:48:24,296 - dataset_utils.py[line:555] - INFO: load dataset time elapsed:0.9771581403911114
2022-06-23 09:48:24,296 - pytorch_cvae.py[line:251] - INFO: feature info:[('b_origin', 'categorical', 10)]
2022-06-23 09:48:28,309 - pytorch_cvae.py[line:169] - INFO: ----------------------------No.1 epoch----------------------------
2022-06-23 09:48:28,309 - pytorch_cvae.py[line:176] - INFO: loss:95.38773863762617, numeric_loss:0.0, categorical_loss:58.96762669086456, kld_loss:6756.529720127583, epoch_train_time:4.011888649314642
2022-06-23 09:48:32,270 - pytorch_cvae.py[line:169] - INFO: ----------------------------No.2 epoch----------------------------
2022-06-23 09:48:32,270 - pytorch_cvae.py[line:176] - INFO: loss:22.252693568356335, numeric_loss:0.0, categorical_loss:7.569448430556804, kld_loss:2465.9949452877045, epoch_train_time:3.9608838222920895
2022-06-23 09:48:36,135 - pytorch_cvae.py[line:169] - INFO: ----------------------------No.3 epoch----------------------------
2022-06-23 09:48:36,135 - pytorch_cvae.py[line:176] - INFO: loss:2.0633445292478427, numeric_loss:0.0, categorical_loss:1.4431016986491159, kld_loss:94.39605834148824, epoch_train_time:3.8645381033420563
2022-06-23 09:48:40,095 - pytorch_cvae.py[line:169] - INFO: ----------------------------No.4 epoch----------------------------
2022-06-23 09:48:40,095 - pytorch_cvae.py[line:176] - INFO: loss:0.5407298082718626, numeric_loss:0.0, categorical_loss:0.49011827033245936, kld_loss:6.987115775234997, epoch_train_time:3.9595846869051456
2022-06-23 09:48:44,015 - pytorch_cvae.py[line:169] - INFO: ----------------------------No.5 epoch----------------------------
2022-06-23 09:48:44,015 - pytorch_cvae.py[line:176] - INFO: loss:0.2769067066546995, numeric_loss:0.0, categorical_loss:0.2627338780439459, kld_loss:1.7766239577904344, epoch_train_time:3.9203740656375885
2022-06-23 09:48:47,996 - pytorch_cvae.py[line:169] - INFO: ----------------------------No.6 epoch----------------------------
2022-06-23 09:48:47,996 - pytorch_cvae.py[line:176] - INFO: loss:0.1921119355247356, numeric_loss:0.0, categorical_loss:0.18606123226345517, kld_loss:0.6893975548737217, epoch_train_time:3.980490479618311
2022-06-23 09:48:51,892 - pytorch_cvae.py[line:169] - INFO: ----------------------------No.7 epoch----------------------------
2022-06-23 09:48:51,892 - pytorch_cvae.py[line:176] - INFO: loss:0.15959926437062677, numeric_loss:0.0, categorical_loss:0.15695022932777647, kld_loss:0.2746064777165884, epoch_train_time:3.896091639995575
2022-06-23 09:48:55,818 - pytorch_cvae.py[line:169] - INFO: ----------------------------No.8 epoch----------------------------
2022-06-23 09:48:55,818 - pytorch_cvae.py[line:176] - INFO: loss:0.14818480188841932, numeric_loss:0.0, categorical_loss:0.14704513612377923, kld_loss:0.10759548368514515, epoch_train_time:3.9253645688295364
2022-06-23 09:48:59,801 - pytorch_cvae.py[line:169] - INFO: ----------------------------No.9 epoch----------------------------
2022-06-23 09:48:59,801 - pytorch_cvae.py[line:176] - INFO: loss:0.14448240729689132, numeric_loss:0.0, categorical_loss:0.14401778411411215, kld_loss:0.03998938529366569, epoch_train_time:3.9826776310801506
2022-06-23 09:49:03,722 - pytorch_cvae.py[line:169] - INFO: ----------------------------No.10 epoch----------------------------
2022-06-23 09:49:03,722 - pytorch_cvae.py[line:176] - INFO: loss:0.142176247536554, numeric_loss:0.0, categorical_loss:0.14200854406226426, kld_loss:0.013171899625376682, epoch_train_time:3.9213632829487324
2022-06-23 09:49:07,691 - pytorch_cvae.py[line:169] - INFO: ----------------------------No.11 epoch----------------------------
2022-06-23 09:49:07,691 - pytorch_cvae.py[line:176] - INFO: loss:0.13926132180495188, numeric_loss:0.0, categorical_loss:0.13920831514406018, kld_loss:0.0038030610110126872, epoch_train_time:3.968542132526636
2022-06-23 09:49:11,659 - pytorch_cvae.py[line:169] - INFO: ----------------------------No.12 epoch----------------------------
2022-06-23 09:49:11,659 - pytorch_cvae.py[line:176] - INFO: loss:0.13615942501928657, numeric_loss:0.0, categorical_loss:0.13614492998749483, kld_loss:0.0009509385602370912, epoch_train_time:3.9682220742106438
2022-06-23 09:49:15,626 - pytorch_cvae.py[line:169] - INFO: ----------------------------No.13 epoch----------------------------
2022-06-23 09:49:15,627 - pytorch_cvae.py[line:176] - INFO: loss:0.13348873746872414, numeric_loss:0.0, categorical_loss:0.13348413692438044, kld_loss:0.00027626201433861297, epoch_train_time:3.967083692550659
2022-06-23 09:49:19,645 - pytorch_cvae.py[line:169] - INFO: ----------------------------No.14 epoch----------------------------
2022-06-23 09:49:19,645 - pytorch_cvae.py[line:176] - INFO: loss:0.1314905264734989, numeric_loss:0.0, categorical_loss:0.13148813687439542, kld_loss:0.00013147511054967254, epoch_train_time:4.017980571836233
2022-06-23 09:49:23,528 - pytorch_cvae.py[line:169] - INFO: ----------------------------No.15 epoch----------------------------
2022-06-23 09:49:23,528 - pytorch_cvae.py[line:176] - INFO: loss:0.1301414378831396, numeric_loss:0.0, categorical_loss:0.13013954189955257, kld_loss:9.566280060369081e-05, epoch_train_time:3.8831414319574833
2022-06-23 09:49:27,444 - pytorch_cvae.py[line:169] - INFO: ----------------------------No.16 epoch----------------------------
2022-06-23 09:49:27,445 - pytorch_cvae.py[line:176] - INFO: loss:0.1293310108158039, numeric_loss:0.0, categorical_loss:0.129328961687861, kld_loss:9.49241337480089e-05, epoch_train_time:3.9162625409662724
2022-06-23 09:49:31,426 - pytorch_cvae.py[line:169] - INFO: ----------------------------No.17 epoch----------------------------
2022-06-23 09:49:31,426 - pytorch_cvae.py[line:176] - INFO: loss:0.12883076662546955, numeric_loss:0.0, categorical_loss:0.12882830062881112, kld_loss:0.00010497969731204648, epoch_train_time:3.9817032665014267
2022-06-23 09:49:35,407 - pytorch_cvae.py[line:169] - INFO: ----------------------------No.18 epoch----------------------------
2022-06-23 09:49:35,407 - pytorch_cvae.py[line:176] - INFO: loss:0.1284386567567708, numeric_loss:0.0, categorical_loss:0.12843563816568349, kld_loss:0.00011820778794913167, epoch_train_time:3.9800501875579357
2022-06-23 09:49:39,399 - pytorch_cvae.py[line:169] - INFO: ----------------------------No.19 epoch----------------------------
2022-06-23 09:49:39,399 - pytorch_cvae.py[line:176] - INFO: loss:0.12807464523939416, numeric_loss:0.0, categorical_loss:0.1280712897569174, kld_loss:0.00012099347856064924, epoch_train_time:3.991829637438059
2022-06-23 09:49:43,276 - pytorch_cvae.py[line:169] - INFO: ----------------------------No.20 epoch----------------------------
2022-06-23 09:49:43,276 - pytorch_cvae.py[line:176] - INFO: loss:0.1276740847970359, numeric_loss:0.0, categorical_loss:0.12767016980797052, kld_loss:0.00013012823183089495, epoch_train_time:3.8768115676939487
2022-06-23 09:49:47,240 - pytorch_cvae.py[line:169] - INFO: ----------------------------No.21 epoch----------------------------
2022-06-23 09:49:47,240 - pytorch_cvae.py[line:176] - INFO: loss:0.12724414373224135, numeric_loss:0.0, categorical_loss:0.12723935923713725, kld_loss:0.00014672894032230488, epoch_train_time:3.9644358046352863
2022-06-23 09:49:51,214 - pytorch_cvae.py[line:169] - INFO: ----------------------------No.22 epoch----------------------------
2022-06-23 09:49:51,214 - pytorch_cvae.py[line:176] - INFO: loss:0.12678492433042265, numeric_loss:0.0, categorical_loss:0.12677946010080632, kld_loss:0.00015476346018772347, epoch_train_time:3.9735026247799397
2022-06-23 09:49:55,171 - pytorch_cvae.py[line:169] - INFO: ----------------------------No.23 epoch----------------------------
2022-06-23 09:49:55,171 - pytorch_cvae.py[line:176] - INFO: loss:0.126261675322894, numeric_loss:0.0, categorical_loss:0.12625544249021914, kld_loss:0.00016319751739501953, epoch_train_time:3.9567994214594364
2022-06-23 09:49:59,215 - pytorch_cvae.py[line:169] - INFO: ----------------------------No.24 epoch----------------------------
2022-06-23 09:49:59,215 - pytorch_cvae.py[line:176] - INFO: loss:0.12563394015887752, numeric_loss:0.0, categorical_loss:0.1256272059690673, kld_loss:0.00016316771510105355, epoch_train_time:4.043776273727417
2022-06-23 09:50:03,180 - pytorch_cvae.py[line:169] - INFO: ----------------------------No.25 epoch----------------------------
2022-06-23 09:50:03,180 - pytorch_cvae.py[line:176] - INFO: loss:0.12490404454001691, numeric_loss:0.0, categorical_loss:0.12489695481781382, kld_loss:0.00015914440155029297, epoch_train_time:3.9645285345613956
2022-06-23 09:50:07,256 - pytorch_cvae.py[line:169] - INFO: ----------------------------No.26 epoch----------------------------
2022-06-23 09:50:07,256 - pytorch_cvae.py[line:176] - INFO: loss:0.12412322527961805, numeric_loss:0.0, categorical_loss:0.12411545883514918, kld_loss:0.00016164779665928108, epoch_train_time:4.076230630278587
2022-06-23 09:50:11,252 - pytorch_cvae.py[line:169] - INFO: ----------------------------No.27 epoch----------------------------
2022-06-23 09:50:11,252 - pytorch_cvae.py[line:176] - INFO: loss:0.1232737394166179, numeric_loss:0.0, categorical_loss:0.12326536671025679, kld_loss:0.00016176700592041016, epoch_train_time:3.995739411562681
2022-06-23 09:50:15,253 - pytorch_cvae.py[line:169] - INFO: ----------------------------No.28 epoch----------------------------
2022-06-23 09:50:15,253 - pytorch_cvae.py[line:176] - INFO: loss:0.12243909250537399, numeric_loss:0.0, categorical_loss:0.12243041777401231, kld_loss:0.000155717134475708, epoch_train_time:4.001110166311264
2022-06-23 09:50:19,330 - pytorch_cvae.py[line:169] - INFO: ----------------------------No.29 epoch----------------------------
2022-06-23 09:50:19,330 - pytorch_cvae.py[line:176] - INFO: loss:0.12175783138081897, numeric_loss:0.0, categorical_loss:0.12174810105352663, kld_loss:0.00016245245933532715, epoch_train_time:4.076138600707054
2022-06-23 09:50:23,331 - pytorch_cvae.py[line:169] - INFO: ----------------------------No.30 epoch----------------------------
2022-06-23 09:50:23,331 - pytorch_cvae.py[line:176] - INFO: loss:0.12126474016986322, numeric_loss:0.0, categorical_loss:0.1212546220922377, kld_loss:0.00015726685523986816, epoch_train_time:4.001068469136953
2022-06-23 09:50:27,321 - pytorch_cvae.py[line:169] - INFO: ----------------------------No.31 epoch----------------------------
2022-06-23 09:50:27,321 - pytorch_cvae.py[line:176] - INFO: loss:0.1209008903533686, numeric_loss:0.0, categorical_loss:0.12089013207878452, kld_loss:0.0001558363437936805, epoch_train_time:3.989868339151144
2022-06-23 09:50:31,267 - pytorch_cvae.py[line:169] - INFO: ----------------------------No.32 epoch----------------------------
2022-06-23 09:50:31,267 - pytorch_cvae.py[line:176] - INFO: loss:0.12063455478346441, numeric_loss:0.0, categorical_loss:0.120623251888901, kld_loss:0.00015273690223693848, epoch_train_time:3.9457212015986443
2022-06-23 09:50:35,204 - pytorch_cvae.py[line:169] - INFO: ----------------------------No.33 epoch----------------------------
2022-06-23 09:50:35,204 - pytorch_cvae.py[line:176] - INFO: loss:0.12044881825568154, numeric_loss:0.0, categorical_loss:0.12043599336175248, kld_loss:0.00016182661059360726, epoch_train_time:3.9370721206068993
2022-06-23 09:50:39,167 - pytorch_cvae.py[line:169] - INFO: ----------------------------No.34 epoch----------------------------
2022-06-23 09:50:39,167 - pytorch_cvae.py[line:176] - INFO: loss:0.1202978166838875, numeric_loss:0.0, categorical_loss:0.12028495555568952, kld_loss:0.00015169382095336914, epoch_train_time:3.962967112660408
2022-06-23 09:50:43,133 - pytorch_cvae.py[line:169] - INFO: ----------------------------No.35 epoch----------------------------
2022-06-23 09:50:43,133 - pytorch_cvae.py[line:176] - INFO: loss:0.12017819569155108, numeric_loss:0.0, categorical_loss:0.12016438506543636, kld_loss:0.00015240907669067383, epoch_train_time:3.965101718902588
2022-06-23 09:50:47,126 - pytorch_cvae.py[line:169] - INFO: ----------------------------No.36 epoch----------------------------
2022-06-23 09:50:47,126 - pytorch_cvae.py[line:176] - INFO: loss:0.12008444205275737, numeric_loss:0.0, categorical_loss:0.12006971387017984, kld_loss:0.00015223026278476937, epoch_train_time:3.993011564016342
2022-06-23 09:50:51,102 - pytorch_cvae.py[line:169] - INFO: ----------------------------No.37 epoch----------------------------
2022-06-23 09:50:51,103 - pytorch_cvae.py[line:176] - INFO: loss:0.12001293389766943, numeric_loss:0.0, categorical_loss:0.11999729892704636, kld_loss:0.00015151500703325382, epoch_train_time:3.9765417464077473
2022-06-23 09:50:55,094 - pytorch_cvae.py[line:169] - INFO: ----------------------------No.38 epoch----------------------------
2022-06-23 09:50:55,094 - pytorch_cvae.py[line:176] - INFO: loss:0.11996208125492558, numeric_loss:0.0, categorical_loss:0.11994608904933557, kld_loss:0.00014543533328037483, epoch_train_time:3.991219822317362
2022-06-23 09:50:59,087 - pytorch_cvae.py[line:169] - INFO: ----------------------------No.39 epoch----------------------------
2022-06-23 09:50:59,087 - pytorch_cvae.py[line:176] - INFO: loss:0.11992315309180412, numeric_loss:0.0, categorical_loss:0.11990613344823942, kld_loss:0.00014540553094377628, epoch_train_time:3.993286434561014
2022-06-23 09:51:02,982 - pytorch_cvae.py[line:169] - INFO: ----------------------------No.40 epoch----------------------------
2022-06-23 09:51:02,982 - pytorch_cvae.py[line:176] - INFO: loss:0.11990226214402355, numeric_loss:0.0, categorical_loss:0.11988372128689662, kld_loss:0.00014895200732212288, epoch_train_time:3.8941171914339066
2022-06-23 09:51:06,975 - pytorch_cvae.py[line:169] - INFO: ----------------------------No.41 epoch----------------------------
2022-06-23 09:51:06,975 - pytorch_cvae.py[line:176] - INFO: loss:0.11988581005425658, numeric_loss:0.0, categorical_loss:0.11986691690981388, kld_loss:0.00014287233354082218, epoch_train_time:3.9932836554944515
2022-06-23 09:51:10,976 - pytorch_cvae.py[line:169] - INFO: ----------------------------No.42 epoch----------------------------
2022-06-23 09:51:10,976 - pytorch_cvae.py[line:176] - INFO: loss:0.11988341489632148, numeric_loss:0.0, categorical_loss:0.11986323361634277, kld_loss:0.00014379620552062988, epoch_train_time:4.0005208514630795
2022-06-23 09:51:15,004 - pytorch_cvae.py[line:169] - INFO: ----------------------------No.43 epoch----------------------------
2022-06-23 09:51:15,004 - pytorch_cvae.py[line:176] - INFO: loss:0.11987339213374071, numeric_loss:0.0, categorical_loss:0.11985249673307408, kld_loss:0.0001404285430908203, epoch_train_time:4.028138268738985
2022-06-23 09:51:19,059 - pytorch_cvae.py[line:169] - INFO: ----------------------------No.44 epoch----------------------------
2022-06-23 09:51:19,059 - pytorch_cvae.py[line:176] - INFO: loss:0.11986469208204653, numeric_loss:0.0, categorical_loss:0.11984256887808442, kld_loss:0.00014036893844604492, epoch_train_time:4.054899238049984
2022-06-23 09:51:22,985 - pytorch_cvae.py[line:169] - INFO: ----------------------------No.45 epoch----------------------------
2022-06-23 09:51:22,985 - pytorch_cvae.py[line:176] - INFO: loss:0.11986220093967859, numeric_loss:0.0, categorical_loss:0.11983911461720709, kld_loss:0.00013843178749084473, epoch_train_time:3.925691857933998
2022-06-23 09:51:27,039 - pytorch_cvae.py[line:169] - INFO: ----------------------------No.46 epoch----------------------------
2022-06-23 09:51:27,039 - pytorch_cvae.py[line:176] - INFO: loss:0.11986655708460603, numeric_loss:0.0, categorical_loss:0.11984180794388521, kld_loss:0.00014039874078264347, epoch_train_time:4.053830701857805
2022-06-23 09:51:31,050 - pytorch_cvae.py[line:169] - INFO: ----------------------------No.47 epoch----------------------------
2022-06-23 09:51:31,050 - pytorch_cvae.py[line:176] - INFO: loss:0.1198579536867328, numeric_loss:0.0, categorical_loss:0.11983422434423119, kld_loss:0.00012746453288059456, epoch_train_time:4.0108149610459805
2022-06-23 09:51:35,005 - pytorch_cvae.py[line:169] - INFO: ----------------------------No.48 epoch----------------------------
2022-06-23 09:51:35,005 - pytorch_cvae.py[line:176] - INFO: loss:0.11986362775496673, numeric_loss:0.0, categorical_loss:0.1198363706789678, kld_loss:0.00013878941538791878, epoch_train_time:3.954835142940283
2022-06-23 09:51:39,011 - pytorch_cvae.py[line:169] - INFO: ----------------------------No.49 epoch----------------------------
2022-06-23 09:51:39,011 - pytorch_cvae.py[line:176] - INFO: loss:0.11986225043074228, numeric_loss:0.0, categorical_loss:0.11983466547098942, kld_loss:0.00013327598574619515, epoch_train_time:4.006014309823513
2022-06-23 09:51:43,017 - pytorch_cvae.py[line:169] - INFO: ----------------------------No.50 epoch----------------------------
2022-06-23 09:51:43,017 - pytorch_cvae.py[line:176] - INFO: loss:0.11985874494712334, numeric_loss:0.0, categorical_loss:0.11983005896036047, kld_loss:0.00013163685800066105, epoch_train_time:4.005394645035267
2022-06-23 09:51:47,072 - pytorch_cvae.py[line:169] - INFO: ----------------------------No.51 epoch----------------------------
2022-06-23 09:51:47,072 - pytorch_cvae.py[line:176] - INFO: loss:0.11986333852109965, numeric_loss:0.0, categorical_loss:0.11983313261589501, kld_loss:0.00013178586961259953, epoch_train_time:4.054632060229778
2022-06-23 09:51:51,105 - pytorch_cvae.py[line:169] - INFO: ----------------------------No.52 epoch----------------------------
2022-06-23 09:51:51,105 - pytorch_cvae.py[line:176] - INFO: loss:0.11986244698346127, numeric_loss:0.0, categorical_loss:0.11983044285443611, kld_loss:0.0001328885555267334, epoch_train_time:4.033460650593042
2022-06-23 09:51:55,042 - pytorch_cvae.py[line:169] - INFO: ----------------------------No.53 epoch----------------------------
2022-06-23 09:51:55,042 - pytorch_cvae.py[line:176] - INFO: loss:0.11986047275422607, numeric_loss:0.0, categorical_loss:0.1198295154463267, kld_loss:0.00012245774269104004, epoch_train_time:3.9368684962391853
2022-06-23 09:51:59,021 - pytorch_cvae.py[line:169] - INFO: ----------------------------No.54 epoch----------------------------
2022-06-23 09:51:59,021 - pytorch_cvae.py[line:176] - INFO: loss:0.11986401601461694, numeric_loss:0.0, categorical_loss:0.11983116542978678, kld_loss:0.0001239180564880371, epoch_train_time:3.978642977774143
2022-06-23 09:52:03,064 - pytorch_cvae.py[line:169] - INFO: ----------------------------No.55 epoch----------------------------
2022-06-23 09:52:03,064 - pytorch_cvae.py[line:176] - INFO: loss:0.11986146341951098, numeric_loss:0.0, categorical_loss:0.1198263951955596, kld_loss:0.0001262724399708759, epoch_train_time:4.0426177605986595
2022-06-23 09:52:07,060 - pytorch_cvae.py[line:169] - INFO: ----------------------------No.56 epoch----------------------------
2022-06-23 09:52:07,060 - pytorch_cvae.py[line:176] - INFO: loss:0.11985881975851953, numeric_loss:0.0, categorical_loss:0.11982361803529784, kld_loss:0.00012111663821201546, epoch_train_time:3.9955455139279366
2022-06-23 09:52:10,986 - pytorch_cvae.py[line:169] - INFO: ----------------------------No.57 epoch----------------------------
2022-06-23 09:52:10,986 - pytorch_cvae.py[line:176] - INFO: loss:0.11986317337141372, numeric_loss:0.0, categorical_loss:0.11982565381913446, kld_loss:0.0001234710216593271, epoch_train_time:3.9261414892971516
2022-06-23 09:52:15,002 - pytorch_cvae.py[line:169] - INFO: ----------------------------No.58 epoch----------------------------
2022-06-23 09:52:15,002 - pytorch_cvae.py[line:176] - INFO: loss:0.11987093806965277, numeric_loss:0.0, categorical_loss:0.11982996278675273, kld_loss:0.0001291036605834961, epoch_train_time:4.0159433744847775
2022-06-23 09:52:19,026 - pytorch_cvae.py[line:169] - INFO: ----------------------------No.59 epoch----------------------------
2022-06-23 09:52:19,027 - pytorch_cvae.py[line:176] - INFO: loss:0.11986838083248585, numeric_loss:0.0, categorical_loss:0.11982581386109814, kld_loss:0.00012853741645812988, epoch_train_time:4.024169526994228
2022-06-23 09:52:23,036 - pytorch_cvae.py[line:169] - INFO: ----------------------------No.60 epoch----------------------------
2022-06-23 09:52:23,036 - pytorch_cvae.py[line:176] - INFO: loss:0.11986832752882037, numeric_loss:0.0, categorical_loss:0.11982474818069022, kld_loss:0.00012624263763427734, epoch_train_time:4.009510777890682
2022-06-23 09:52:27,050 - pytorch_cvae.py[line:169] - INFO: ----------------------------No.61 epoch----------------------------
2022-06-23 09:52:27,050 - pytorch_cvae.py[line:176] - INFO: loss:0.11986617901129648, numeric_loss:0.0, categorical_loss:0.11982320979586802, kld_loss:0.00011953711510415133, epoch_train_time:4.013493303209543
2022-06-23 09:52:31,080 - pytorch_cvae.py[line:169] - INFO: ----------------------------No.62 epoch----------------------------
2022-06-23 09:52:31,080 - pytorch_cvae.py[line:176] - INFO: loss:0.11987538760877214, numeric_loss:0.0, categorical_loss:0.11982602867647074, kld_loss:0.0001319944858693134, epoch_train_time:4.029791370034218
2022-06-23 09:52:35,077 - pytorch_cvae.py[line:169] - INFO: ----------------------------No.63 epoch----------------------------
2022-06-23 09:52:35,077 - pytorch_cvae.py[line:176] - INFO: loss:0.11987652834795881, numeric_loss:0.0, categorical_loss:0.11982533615082502, kld_loss:0.00013172626495361328, epoch_train_time:3.9972261786460876
2022-06-23 09:52:39,105 - pytorch_cvae.py[line:169] - INFO: ----------------------------No.64 epoch----------------------------
2022-06-23 09:52:39,105 - pytorch_cvae.py[line:176] - INFO: loss:0.11987985382438637, numeric_loss:0.0, categorical_loss:0.11982475758122746, kld_loss:0.00013655424120884163, epoch_train_time:4.027773443609476
2022-06-23 09:52:43,020 - pytorch_cvae.py[line:169] - INFO: ----------------------------No.65 epoch----------------------------
2022-06-23 09:52:43,020 - pytorch_cvae.py[line:176] - INFO: loss:0.11987782952201087, numeric_loss:0.0, categorical_loss:0.11982285675185267, kld_loss:0.00013136863708496094, epoch_train_time:3.9145508781075478
2022-06-23 09:52:47,054 - pytorch_cvae.py[line:169] - INFO: ----------------------------No.66 epoch----------------------------
2022-06-23 09:52:47,054 - pytorch_cvae.py[line:176] - INFO: loss:0.1198812422080664, numeric_loss:0.0, categorical_loss:0.1198295925714774, kld_loss:0.00011911988259782902, epoch_train_time:4.034008406102657
2022-06-23 09:52:51,044 - pytorch_cvae.py[line:169] - INFO: ----------------------------No.67 epoch----------------------------
2022-06-23 09:52:51,044 - pytorch_cvae.py[line:176] - INFO: loss:0.11987690950627439, numeric_loss:0.0, categorical_loss:0.11982117254228797, kld_loss:0.00012418627741794808, epoch_train_time:3.9897255897521973
2022-06-23 09:52:55,020 - pytorch_cvae.py[line:169] - INFO: ----------------------------No.68 epoch----------------------------
2022-06-23 09:52:55,020 - pytorch_cvae.py[line:176] - INFO: loss:0.119881152670132, numeric_loss:0.0, categorical_loss:0.11982241169607732, kld_loss:0.000126570463180542, epoch_train_time:3.9757212288677692
2022-06-23 09:52:58,979 - pytorch_cvae.py[line:169] - INFO: ----------------------------No.69 epoch----------------------------
2022-06-23 09:52:58,979 - pytorch_cvae.py[line:176] - INFO: loss:0.11987952060007956, numeric_loss:0.0, categorical_loss:0.11982003807497676, kld_loss:0.00012406706809997559, epoch_train_time:3.958529256284237
2022-06-23 09:53:02,925 - pytorch_cvae.py[line:169] - INFO: ----------------------------No.70 epoch----------------------------
2022-06-23 09:53:02,925 - pytorch_cvae.py[line:176] - INFO: loss:0.11988623610523064, numeric_loss:0.0, categorical_loss:0.1198212230228819, kld_loss:0.0001313984394215595, epoch_train_time:3.945842683315277
2022-06-23 09:53:06,943 - pytorch_cvae.py[line:169] - INFO: ----------------------------No.71 epoch----------------------------
2022-06-23 09:53:06,943 - pytorch_cvae.py[line:176] - INFO: loss:0.11988770600873977, numeric_loss:0.0, categorical_loss:0.11982028376951348, kld_loss:0.0001321732997894287, epoch_train_time:4.017892021685839
2022-06-23 09:53:10,936 - pytorch_cvae.py[line:169] - INFO: ----------------------------No.72 epoch----------------------------
2022-06-23 09:53:10,936 - pytorch_cvae.py[line:176] - INFO: loss:0.11989141193043906, numeric_loss:0.0, categorical_loss:0.11982298780640122, kld_loss:0.00013023614883422852, epoch_train_time:3.9926566891372204
2022-06-23 09:53:14,964 - pytorch_cvae.py[line:169] - INFO: ----------------------------No.73 epoch----------------------------
2022-06-23 09:53:14,964 - pytorch_cvae.py[line:176] - INFO: loss:0.11988820591068361, numeric_loss:0.0, categorical_loss:0.11981569440104067, kld_loss:0.0001341402530954383, epoch_train_time:4.028307743370533
2022-06-23 09:53:18,939 - pytorch_cvae.py[line:169] - INFO: ----------------------------No.74 epoch----------------------------
2022-06-23 09:53:18,940 - pytorch_cvae.py[line:176] - INFO: loss:0.11989702649589162, numeric_loss:0.0, categorical_loss:0.1198209863359807, kld_loss:0.0001368522644611403, epoch_train_time:3.9751740247011185
2022-06-23 09:53:22,962 - pytorch_cvae.py[line:169] - INFO: ----------------------------No.75 epoch----------------------------
2022-06-23 09:53:22,962 - pytorch_cvae.py[line:176] - INFO: loss:0.11989200791867916, numeric_loss:0.0, categorical_loss:0.11981464209384285, kld_loss:0.00013560056689243538, epoch_train_time:4.022409297525883
2022-06-23 09:53:26,974 - pytorch_cvae.py[line:169] - INFO: ----------------------------No.76 epoch----------------------------
2022-06-23 09:53:26,974 - pytorch_cvae.py[line:176] - INFO: loss:0.1198954500578111, numeric_loss:0.0, categorical_loss:0.11981618887512013, kld_loss:0.0001354217529581092, epoch_train_time:4.0114953219890594
2022-06-23 09:53:30,946 - pytorch_cvae.py[line:169] - INFO: ----------------------------No.77 epoch----------------------------
2022-06-23 09:53:30,947 - pytorch_cvae.py[line:176] - INFO: loss:0.1199038748309249, numeric_loss:0.0, categorical_loss:0.11982404172886163, kld_loss:0.00013309717178344727, epoch_train_time:3.9724980741739273
2022-06-23 09:53:34,903 - pytorch_cvae.py[line:169] - INFO: ----------------------------No.78 epoch----------------------------
2022-06-23 09:53:34,903 - pytorch_cvae.py[line:176] - INFO: loss:0.11990234875702299, numeric_loss:0.0, categorical_loss:0.11981595092220232, kld_loss:0.00014069676400652043, epoch_train_time:3.955937810242176
2022-06-23 09:53:38,866 - pytorch_cvae.py[line:169] - INFO: ----------------------------No.79 epoch----------------------------
2022-06-23 09:53:38,866 - pytorch_cvae.py[line:176] - INFO: loss:0.11990269192028791, numeric_loss:0.0, categorical_loss:0.11981326111708768, kld_loss:0.0001423954963684082, epoch_train_time:3.963115446269512
2022-06-23 09:53:42,900 - pytorch_cvae.py[line:169] - INFO: ----------------------------No.80 epoch----------------------------
2022-06-23 09:53:42,900 - pytorch_cvae.py[line:176] - INFO: loss:0.11990212020464242, numeric_loss:0.0, categorical_loss:0.11981436009227764, kld_loss:0.0001367628574371338, epoch_train_time:4.033855352550745
2022-06-23 09:53:46,896 - pytorch_cvae.py[line:169] - INFO: ----------------------------No.81 epoch----------------------------
2022-06-23 09:53:46,896 - pytorch_cvae.py[line:176] - INFO: loss:0.11991063875029795, numeric_loss:0.0, categorical_loss:0.11981762602226809, kld_loss:0.00014200806620578987, epoch_train_time:3.99579681456089
2022-06-23 09:53:50,787 - pytorch_cvae.py[line:169] - INFO: ----------------------------No.82 epoch----------------------------
2022-06-23 09:53:50,787 - pytorch_cvae.py[line:176] - INFO: loss:0.11990697238070425, numeric_loss:0.0, categorical_loss:0.11981588960043155, kld_loss:0.00013637542724609375, epoch_train_time:3.8907401338219643
2022-06-23 09:53:54,826 - pytorch_cvae.py[line:169] - INFO: ----------------------------No.83 epoch----------------------------
2022-06-23 09:53:54,826 - pytorch_cvae.py[line:176] - INFO: loss:0.11990704375784844, numeric_loss:0.0, categorical_loss:0.11981348972767591, kld_loss:0.00013750791551103703, epoch_train_time:4.03858620300889
2022-06-23 09:53:58,818 - pytorch_cvae.py[line:169] - INFO: ----------------------------No.84 epoch----------------------------
2022-06-23 09:53:58,819 - pytorch_cvae.py[line:176] - INFO: loss:0.1199140170647297, numeric_loss:0.0, categorical_loss:0.1198159631312592, kld_loss:0.00014162063600053898, epoch_train_time:3.992700334638357
2022-06-23 09:54:02,798 - pytorch_cvae.py[line:169] - INFO: ----------------------------No.85 epoch----------------------------
2022-06-23 09:54:02,798 - pytorch_cvae.py[line:176] - INFO: loss:0.11991555542044807, numeric_loss:0.0, categorical_loss:0.11981465441931505, kld_loss:0.00014334917071323616, epoch_train_time:3.9792252108454704
2022-06-23 09:54:06,781 - pytorch_cvae.py[line:169] - INFO: ----------------------------No.86 epoch----------------------------
2022-06-23 09:54:06,781 - pytorch_cvae.py[line:176] - INFO: loss:0.11991844144358765, numeric_loss:0.0, categorical_loss:0.11981924559222534, kld_loss:0.00013875961306553108, epoch_train_time:3.983204685151577
2022-06-23 09:54:10,773 - pytorch_cvae.py[line:169] - INFO: ----------------------------No.87 epoch----------------------------
2022-06-23 09:54:10,774 - pytorch_cvae.py[line:176] - INFO: loss:0.11992441868642345, numeric_loss:0.0, categorical_loss:0.11981748312246054, kld_loss:0.0001474320888519287, epoch_train_time:3.992100242525339
2022-06-23 09:54:14,783 - pytorch_cvae.py[line:169] - INFO: ----------------------------No.88 epoch----------------------------
2022-06-23 09:54:14,783 - pytorch_cvae.py[line:176] - INFO: loss:0.11991553133702837, numeric_loss:0.0, categorical_loss:0.11981172146624885, kld_loss:0.0001412034035013221, epoch_train_time:4.008876767009497
2022-06-23 09:54:18,760 - pytorch_cvae.py[line:169] - INFO: ----------------------------No.89 epoch----------------------------
2022-06-23 09:54:18,761 - pytorch_cvae.py[line:176] - INFO: loss:0.11992347809427883, numeric_loss:0.0, categorical_loss:0.11981647716311272, kld_loss:0.0001437366009042762, epoch_train_time:3.977681215852499
2022-06-23 09:54:22,689 - pytorch_cvae.py[line:169] - INFO: ----------------------------No.90 epoch----------------------------
2022-06-23 09:54:22,689 - pytorch_cvae.py[line:176] - INFO: loss:0.11992188723525032, numeric_loss:0.0, categorical_loss:0.11981360366917215, kld_loss:0.0001437962055490516, epoch_train_time:3.928390759974718
2022-06-23 09:54:26,697 - pytorch_cvae.py[line:169] - INFO: ----------------------------No.91 epoch----------------------------
2022-06-23 09:54:26,697 - pytorch_cvae.py[line:176] - INFO: loss:0.11991399180260487, numeric_loss:0.0, categorical_loss:0.11981146132166032, kld_loss:0.00013473629954319222, epoch_train_time:4.007745116949081
2022-06-23 09:54:30,771 - pytorch_cvae.py[line:169] - INFO: ----------------------------No.92 epoch----------------------------
2022-06-23 09:54:30,771 - pytorch_cvae.py[line:176] - INFO: loss:0.11991724083782174, numeric_loss:0.0, categorical_loss:0.11981199016736355, kld_loss:0.00013700127601623535, epoch_train_time:4.073812305927277
2022-06-23 09:54:34,753 - pytorch_cvae.py[line:169] - INFO: ----------------------------No.93 epoch----------------------------
2022-06-23 09:54:34,753 - pytorch_cvae.py[line:176] - INFO: loss:0.11992711870698258, numeric_loss:0.0, categorical_loss:0.11981334957818035, kld_loss:0.00014683604243259651, epoch_train_time:3.9823165014386177
2022-06-23 09:54:38,754 - pytorch_cvae.py[line:169] - INFO: ----------------------------No.94 epoch----------------------------
2022-06-23 09:54:38,754 - pytorch_cvae.py[line:176] - INFO: loss:0.11992604791885242, numeric_loss:0.0, categorical_loss:0.11981775097956415, kld_loss:0.0001387298107218271, epoch_train_time:4.000800807029009
2022-06-23 09:54:42,665 - pytorch_cvae.py[line:169] - INFO: ----------------------------No.95 epoch----------------------------
2022-06-23 09:54:42,666 - pytorch_cvae.py[line:176] - INFO: loss:0.11992631100292783, numeric_loss:0.0, categorical_loss:0.11981051568000112, kld_loss:0.00014737248423557503, epoch_train_time:3.910932745784521
2022-06-23 09:54:46,690 - pytorch_cvae.py[line:169] - INFO: ----------------------------No.96 epoch----------------------------
2022-06-23 09:54:46,690 - pytorch_cvae.py[line:176] - INFO: loss:0.11992710594495293, numeric_loss:0.0, categorical_loss:0.11981389854918234, kld_loss:0.00014328956604003906, epoch_train_time:4.024559073150158
2022-06-23 09:54:50,655 - pytorch_cvae.py[line:169] - INFO: ----------------------------No.97 epoch----------------------------
2022-06-23 09:54:50,655 - pytorch_cvae.py[line:176] - INFO: loss:0.11992521179490723, numeric_loss:0.0, categorical_loss:0.11981144682795275, kld_loss:0.00014334917068481445, epoch_train_time:3.9647748321294785
2022-06-23 09:54:54,681 - pytorch_cvae.py[line:169] - INFO: ----------------------------No.98 epoch----------------------------
2022-06-23 09:54:54,681 - pytorch_cvae.py[line:176] - INFO: loss:0.11993063261616044, numeric_loss:0.0, categorical_loss:0.11981212557293475, kld_loss:0.00014880299568886812, epoch_train_time:4.025864701718092
2022-06-23 09:54:58,671 - pytorch_cvae.py[line:169] - INFO: ----------------------------No.99 epoch----------------------------
2022-06-23 09:54:58,671 - pytorch_cvae.py[line:176] - INFO: loss:0.1199300064909039, numeric_loss:0.0, categorical_loss:0.11981553208897822, kld_loss:0.00014337897303562386, epoch_train_time:3.9893539510667324
2022-06-23 09:55:02,679 - pytorch_cvae.py[line:169] - INFO: ----------------------------No.100 epoch----------------------------
2022-06-23 09:55:02,680 - pytorch_cvae.py[line:176] - INFO: loss:0.11992748868942726, numeric_loss:0.0, categorical_loss:0.1198094353749184, kld_loss:0.00014764070510864258, epoch_train_time:4.008442003279924
2022-06-23 09:55:02,680 - pytorch_cvae.py[line:185] - INFO: training time elapsed:398.38245372101665
2022-06-23 09:55:02,681 - model_utils.py[line:67] - INFO: save model successfully
2022-06-23 09:55:03,126 - pytorch_cvae.py[line:261] - INFO: train model time elapsed:399.8078459203243
2022-06-23 09:55:03,126 - main.py[line:382] - INFO: multi_sampling No.0 epoch
2022-06-23 09:55:03,132 - main.py[line:382] - INFO: multi_sampling No.1 epoch
2022-06-23 09:55:03,152 - main.py[line:382] - INFO: multi_sampling No.2 epoch
2022-06-23 09:55:27,821 - pytorch_cvae.py[line:395] - INFO: sampling time:24.619463074952364
2022-06-23 09:55:27,881 - pytorch_cvae.py[line:415] - INFO: house sampling rate:0.05
2022-06-23 09:55:29,898 - pytorch_cvae.py[line:395] - INFO: sampling time:26.725025739520788
2022-06-23 09:55:29,958 - pytorch_cvae.py[line:415] - INFO: house sampling rate:0.05
2022-06-23 09:55:30,063 - pytorch_cvae.py[line:395] - INFO: sampling time:26.884461581707
2022-06-23 09:55:30,132 - pytorch_cvae.py[line:415] - INFO: house sampling rate:0.05
2022-06-23 09:55:30,955 - pytorch_cvae.py[line:395] - INFO: sampling time:3.0735022462904453
2022-06-23 09:55:31,198 - main.py[line:366] - INFO: sample and aggregation time elapsed:28.0179611928761
2022-06-23 09:55:31,266 - pytorch_cvae.py[line:395] - INFO: sampling time:1.307540688663721
2022-06-23 09:55:31,430 - pytorch_cvae.py[line:395] - INFO: sampling time:1.2981577701866627
2022-06-23 09:55:31,618 - main.py[line:366] - INFO: sample and aggregation time elapsed:28.49187971279025
2022-06-23 09:55:31,743 - main.py[line:366] - INFO: sample and aggregation time elapsed:28.60655177384615
2022-06-23 09:55:31,748 - main.py[line:399] - INFO: sample time:28.622006468474865
2022-06-23 09:55:31,782 - main.py[line:99] - INFO: aqp result:
                  avg(a_taxi_out)  avg(a_air_time)  avg(a_distance)  \
a_unique_carrier                                                      
9E               15.07            1201.74          730.06             
AA               14.84            1198.49          706.37             
AQ               18.02            1183.21          595.70             
AS               14.56            1175.77          458.64             
B6               15.17            1209.70          797.23             
CO               15.12            1205.37          749.19             
DH               14.28            1197.95          727.88             
DL               14.80            1201.31          726.62             
EV               15.07            1198.57          706.62             
F9               14.00            1198.89          719.20             
FL               12.44            1187.87          787.23             
HA               15.32            1195.56          702.61             
HP               15.54            1210.46          793.68             
MQ               19.37            1218.99          897.49             
NK               20.26            1220.53          923.74             
NW               18.49            1198.30          684.03             
OH (1)           15.64            1200.61          672.06             
OO               14.56            1198.61          708.59             
UA               15.39            1204.89          749.62             
US               14.84            1201.32          720.24             
VX               14.62            1203.92          714.09             
WN               14.78            1202.26          732.16             
XE               14.65            1194.33          655.52             
YV               21.47            1144.85          320.71             

                  sum(a_taxi_out)  sum(a_air_time)  sum(a_distance)  
a_unique_carrier                                                     
9E               851607774.33     68463098549.29   40664284828.86    
AA               12813628783.03   1042838679703.20 619967216133.90   
AQ               5204.32          308848.75        119713.64         
AS               103015974.09     7357379464.37    2842441058.41     
B6               975447029.62     79459567720.57   54811010319.99    
CO               7429080250.93    580458030200.00  361559907231.48   
DH               55859161.08      4902467501.15    2922078739.64     
DL               20831383701.61   1684485829420.96 1009221238323.44  
EV               4196403984.18    330258676058.92  197969538119.53   
F9               39063769.01      3403883180.25    2001897183.34     
FL               14348542.68      1224133856.09    1287243726.91     
HA               10175216.24      663382423.85     279688868.66      
HP               218654280.28     17037182987.76   11754773270.92    
MQ               59352842.47      3116239572.67    2369299522.43     
NK               19668385.32      1192779371.81    933090491.25      
NW               214889144.24     12874356590.83   6497462017.53     
OH (1)           360441840.49     27385792750.69   15657450936.13    
OO               487602792.49     42237399604.34   23629197299.69    
UA               13447916062.05   1057228108643.20 658572462670.14   
US               10908202584.77   880360362636.95  520795302013.50   
VX               94026007.67      7802106761.95    4638680575.32     
WN               20318928187.59   1647443564405.54 1042060490358.72  
XE               166888306.60     13674375224.33   6896452126.74     
YV               4492938.53       166085376.11     63817506.45       
2022-06-23 09:55:31,786 - main.py[line:100] - INFO: ground truth:
                  sum(a_taxi_out)  avg(a_taxi_out)  sum(a_air_time)  \
a_unique_carrier                                                      
9E               271310121.00     15.41            21198212728.78     
AA               2971224005.92    15.58            229925887387.02    
AQ               28737645.35      15.28            2265567865.18      
AS               682235527.07     15.46            53187792961.53     
B6               542242116.98     15.54            42123464812.56     
CO               1135574721.80    15.57            87824387890.86     
DH               135833515.09     15.25            10697322968.11     
DL               3344461948.00    15.57            259020514285.65    
EV               1193025889.76    15.72            91462990174.83     
F9               211035963.34     15.31            16587322451.22     
FL               522845513.82     15.59            40432930096.08     
HA               180199730.74     15.80            13735460760.99     
HP               456649504.05     15.71            35040188267.35     
MQ               1387069379.24    15.64            106810022700.56    
NK               57918304.17      16.21            4291144580.35      
NW               1462638965.08    15.54            113338971380.97    
OH (1)           355019627.42     15.42            27743229645.60     
OO               1633863406.52    15.63            125980756812.07    
TW               372897323.06     15.36            29261062383.78     
TZ               44038519.99      15.80            3358990611.60      
UA               2554421426.79    15.70            196074009627.29    
US               2250663251.01    15.70            172648104721.72    
VX               62888743.60      14.98            5063331102.09      
WN               4614266739.93    15.52            358213919253.33    
XE               685196204.47     15.61            52961838329.85     
YV               358912008.33     15.86            27339314721.61     

                  avg(a_air_time)  sum(a_distance)  avg(a_distance)  
a_unique_carrier                                                     
9E               1204.06          12882919599.11   731.75            
AA               1205.67          141738143709.28  743.24            
AQ               1204.30          1395339187.09    741.72            
AS               1205.08          32599636424.71   738.61            
B6               1207.31          26473739510.66   758.77            
CO               1204.39          53275798749.35   730.61            
DH               1200.60          6298112071.91    706.86            
DL               1205.77          159735498377.29  743.59            
EV               1204.95          56051809220.51   738.44            
F9               1203.15          9891258226.23    717.45            
FL               1205.42          24931507039.87   743.28            
HA               1204.14          8315283574.58    728.97            
HP               1205.20          21546973599.20   741.10            
MQ               1204.19          64997946018.33   732.79            
NK               1201.34          2538246940.51    710.60            
NW               1204.40          69129318406.52   734.61            
OH (1)           1205.25          17048260701.86   740.63            
OO               1205.12          77380265282.89   740.21            
TW               1205.04          17907180709.20   737.46            
TZ               1204.98          2040098099.24    731.85            
UA               1204.87          119841626357.14  736.43            
US               1204.30          105117179652.01  733.24            
VX               1206.27          3138061812.41    747.60            
WN               1204.92          219425314657.86  738.08            
XE               1206.20          32865427942.25   748.51            
YV               1207.91          17270104625.57   763.03            
2022-06-23 09:55:31,799 - main.py[line:407] - INFO: relative error:
                  avg(a_air_time)  avg(a_distance)  avg(a_taxi_out)  \
a_unique_carrier                                                      
9E               0.00             0.00             0.02               
AA               0.01             0.05             0.05               
AQ               0.02             0.20             0.18               
AS               0.02             0.38             0.06               
B6               0.00             0.05             0.02               
CO               0.00             0.03             0.03               
DH               0.00             0.03             0.06               
DL               0.00             0.02             0.05               
EV               0.01             0.04             0.04               
F9               0.00             0.00             0.09               
FL               0.01             0.06             0.20               
HA               0.01             0.04             0.03               
HP               0.00             0.07             0.01               
MQ               0.01             0.22             0.24               
NK               0.02             0.30             0.25               
NW               0.01             0.07             0.19               
OH (1)           0.00             0.09             0.01               
OO               0.01             0.04             0.07               
TW               1.00             1.00             1.00               
TZ               1.00             1.00             1.00               
UA               0.00             0.02             0.02               
US               0.00             0.02             0.05               
VX               0.00             0.04             0.02               
WN               0.00             0.01             0.05               
XE               0.01             0.12             0.06               
YV               0.05             0.58             0.35               

                  sum(a_air_time)  sum(a_distance)  sum(a_taxi_out)  
a_unique_carrier                                                     
9E               2.23             2.16             2.14              
AA               3.54             3.37             3.31              
AQ               1.00             1.00             1.00              
AS               0.86             0.91             0.85              
B6               0.89             1.07             0.80              
CO               5.61             5.79             5.54              
DH               0.54             0.54             0.59              
DL               5.50             5.32             5.23              
EV               2.61             2.53             2.52              
F9               0.79             0.80             0.81              
FL               0.97             0.95             0.97              
HA               0.95             0.97             0.94              
HP               0.51             0.45             0.52              
MQ               0.97             0.96             0.96              
NK               0.72             0.63             0.66              
NW               0.89             0.91             0.85              
OH (1)           0.01             0.08             0.02              
OO               0.66             0.69             0.70              
TW               1.00             1.00             1.00              
TZ               1.00             1.00             1.00              
UA               4.39             4.50             4.26              
US               4.10             3.95             3.85              
VX               0.54             0.48             0.50              
WN               3.60             3.75             3.40              
XE               0.74             0.79             0.76              
YV               0.99             1.00             0.99              
2022-06-23 09:55:31,802 - main.py[line:408] - INFO: relative error normalized:
                  avg(a_air_time)  avg(a_distance)  avg(a_taxi_out)  \
a_unique_carrier                                                      
9E               0.00             0.00             0.02               
AA               0.01             0.05             0.05               
AQ               0.02             0.18             0.16               
AS               0.02             0.32             0.06               
B6               0.00             0.05             0.02               
CO               0.00             0.03             0.03               
DH               0.00             0.03             0.06               
DL               0.00             0.02             0.05               
EV               0.01             0.04             0.04               
F9               0.00             0.00             0.08               
FL               0.01             0.06             0.18               
HA               0.01             0.04             0.03               
HP               0.00             0.07             0.01               
MQ               0.01             0.20             0.21               
NK               0.02             0.26             0.22               
NW               0.01             0.07             0.17               
OH (1)           0.00             0.09             0.01               
OO               0.01             0.04             0.07               
TW               1.00             1.00             1.00               
TZ               1.00             1.00             1.00               
UA               0.00             0.02             0.02               
US               0.00             0.02             0.05               
VX               0.00             0.04             0.02               
WN               0.00             0.01             0.05               
XE               0.01             0.12             0.06               
YV               0.05             0.44             0.30               

                  sum(a_air_time)  sum(a_distance)  sum(a_taxi_out)  
a_unique_carrier                                                     
9E               0.89             0.88             0.88              
AA               0.97             0.97             0.96              
AQ               0.63             0.63             0.63              
AS               0.58             0.60             0.57              
B6               0.59             0.66             0.55              
CO               1.00             1.00             1.00              
DH               0.42             0.41             0.44              
DL               1.00             1.00             0.99              
EV               0.93             0.92             0.92              
F9               0.55             0.55             0.56              
FL               0.62             0.61             0.62              
HA               0.61             0.62             0.61              
HP               0.40             0.37             0.41              
MQ               0.62             0.62             0.62              
NK               0.51             0.47             0.48              
NW               0.59             0.60             0.57              
OH (1)           0.01             0.08             0.02              
OO               0.49             0.50             0.50              
TW               1.00             1.00             1.00              
TZ               1.00             1.00             1.00              
UA               0.99             0.99             0.99              
US               0.98             0.98             0.98              
VX               0.42             0.38             0.39              
WN               0.97             0.98             0.97              
XE               0.52             0.55             0.53              
YV               0.63             0.63             0.63              
2022-06-23 09:55:31,802 - main.py[line:411] - INFO: relative error average :0.9375364388538002
2022-06-23 09:55:31,802 - main.py[line:412] - INFO: relative error normalized average :0.4108061019723173
2022-06-23 09:55:31,809 - main.py[line:458] - INFO: total_time:940.1389741897583
categorical_columns: ['a_origin_0', 'a_origin_1', 'a_origin_2', 'a_origin_3', 'a_origin_4', 'a_origin_5', 'a_origin_6', 'a_origin_7', 'a_origin_8', 'a_origin_9', 'a_unique_carrier_0', 'a_unique_carrier_1', 'a_unique_carrier_2', 'a_unique_carrier_3', 'a_unique_carrier_4', 'a_unique_carrier_5']
  a_origin a_unique_carrier  a_taxi_out  a_air_time  a_distance  \
0  APF      AA              8.47        1156.51     173.08        
1  APF      AA              8.69        1148.45     530.27        
2  APF      F9              14.65       1312.01     2410.00       
3  APF      F9              36.46       1337.82     2047.82       
4  BTR      DL              8.46        1147.79     220.27        
5  BTR      AA              13.90       1144.81     256.90        
6  ABQ      AA              14.29       1279.86     556.82        
7  APF      AA              13.82       1144.60     232.49        
8  ABQ      AA              22.58       1363.07     1916.32       
9  ABQ      AA              8.42        1151.08     181.63        

  a_origin-a_unique_carrier  flights2-flight-a_rate  
0  APF-AA                   1.00                     
1  APF-AA                   1.00                     
2  APF-F9                   nan                      
3  APF-F9                   nan                      
4  BTR-DL                   0.06                     
5  BTR-AA                   0.06                     
6  ABQ-AA                   0.01                     
7  APF-AA                   1.00                     
8  ABQ-AA                   0.01                     
9  ABQ-AA                   0.01                     
categorical_columns: ['a_origin_0', 'a_origin_1', 'a_origin_2', 'a_origin_3', 'a_origin_4', 'a_origin_5', 'a_origin_6', 'a_origin_7', 'a_origin_8', 'a_origin_9', 'a_unique_carrier_0', 'a_unique_carrier_1', 'a_unique_carrier_2', 'a_unique_carrier_3', 'a_unique_carrier_4', 'a_unique_carrier_5']
categorical_columns: ['a_origin_0', 'a_origin_1', 'a_origin_2', 'a_origin_3', 'a_origin_4', 'a_origin_5', 'a_origin_6', 'a_origin_7', 'a_origin_8', 'a_origin_9', 'a_unique_carrier_0', 'a_unique_carrier_1', 'a_unique_carrier_2', 'a_unique_carrier_3', 'a_unique_carrier_4', 'a_unique_carrier_5']
  a_origin a_unique_carrier  a_taxi_out  a_air_time  a_distance  \
0  BTR      F9              8.79        1218.12     972.75        
1  APF      F9              14.33       1230.04     871.84        
2  BTR      AA              14.01       1137.07     290.23        
3  APF      AA              21.79       1171.91     294.52        
4  APF      DL              14.26       1221.06     993.26        
5  BTR      AS              8.61        1136.73     297.56        
6  ABQ      AA              14.13       1169.70     972.30        
7  APF      AA              8.62        1157.44     454.36        
8  ABQ      AA              22.29       1224.22     571.86        
9  ABQ      AA              8.57        1141.36     247.76        

  a_origin-a_unique_carrier  flights2-flight-a_rate  
0  BTR-F9                   0.41                     
1  APF-F9                   nan                      
2  BTR-AA                   0.06                     
3  APF-AA                   1.00                     
4  APF-DL                   nan                      
5  BTR-AS                   0.21                     
6  ABQ-AA                   0.01                     
7  APF-AA                   1.00                     
8  ABQ-AA                   0.01                     
9  ABQ-AA                   0.01                     
  a_origin a_unique_carrier  a_taxi_out  a_air_time  a_distance  \
0  APF      AA              21.42       1155.04     185.38        
1  APF      AA              14.25       1186.83     892.44        
2  APF      AA              35.85       1180.95     536.39        
3  APF      AA              8.58        1170.55     271.96        
4  BTR      DL              8.77        1231.08     1475.41       
5  BTR      DL              13.98       1149.31     514.79        
6  ABQ      AA              14.37       1236.09     839.63        
7  ABQ      AA              14.10       1185.43     503.64        
8  APF      AA              8.54        1148.79     212.04        
9  ABQ      AA              8.80        1336.33     1488.75       

  a_origin-a_unique_carrier  flights2-flight-a_rate  
0  APF-AA                   1.00                     
1  APF-AA                   1.00                     
2  APF-AA                   1.00                     
3  APF-AA                   1.00                     
4  BTR-DL                   0.06                     
5  BTR-DL                   0.06                     
6  ABQ-AA                   0.01                     
7  ABQ-AA                   0.01                     
8  APF-AA                   1.00                     
9  ABQ-AA                   0.01                     
categorical_columns: ['b_origin_0', 'b_origin_1', 'b_origin_2', 'b_origin_3', 'b_origin_4', 'b_origin_5', 'b_origin_6', 'b_origin_7', 'b_origin_8', 'b_origin_9']
  b_origin  flights2-flight-b_rate
0  ABE     0.05                   
1  ABE     0.05                   
2  ABE     0.05                   
3  ABE     0.05                   
4  ABE     0.05                   
5  ABE     0.05                   
6  ABE     0.05                   
7  ABE     0.05                   
8  ABE     0.05                   
9  ABE     0.05                   
categorical_columns: ['b_origin_0', 'b_origin_1', 'b_origin_2', 'b_origin_3', 'b_origin_4', 'b_origin_5', 'b_origin_6', 'b_origin_7', 'b_origin_8', 'b_origin_9']
  b_origin  flights2-flight-b_rate
0  ABE     0.05                   
1  ABE     0.05                   
2  ABE     0.05                   
3  ABE     0.05                   
4  ABE     0.05                   
5  ABE     0.05                   
6  ABE     0.05                   
7  ABE     0.05                   
8  ABE     0.05                   
9  ABE     0.05                   
categorical_columns: ['b_origin_0', 'b_origin_1', 'b_origin_2', 'b_origin_3', 'b_origin_4', 'b_origin_5', 'b_origin_6', 'b_origin_7', 'b_origin_8', 'b_origin_9']
  b_origin  flights2-flight-b_rate
0  ABE     0.05                   
1  ABE     0.05                   
2  ABE     0.05                   
3  ABE     0.05                   
4  ABE     0.05                   
5  ABE     0.05                   
6  ABE     0.05                   
7  ABE     0.05                   
8  ABE     0.05                   
9  ABE     0.05                   
