main.py:19: FutureWarning: Passing a negative integer is deprecated in version 1.0 and will not be supported in future version. Instead, use None to not limit the column width.
  pd.set_option('max_colwidth', -1)
2022-06-23 09:57:49,743 - main.py[line:438] - INFO: load query config config/query/flights2.json successfully
2022-06-23 09:57:49,743 - main.py[line:445] - INFO: load train config ./config/train/flights2_a_torch_cvae.json successfully
2022-06-23 09:57:49,744 - main.py[line:445] - INFO: load train config ./config/train/flights2_b_torch_cvae.json successfully
2022-06-23 09:57:49,744 - pytorch_cvae.py[line:242] - INFO: epoch:100
2022-06-23 09:57:49,744 - pytorch_cvae.py[line:243] - INFO: batch size:512
2022-06-23 09:57:49,744 - pytorch_cvae.py[line:244] - INFO: latent dimension:50
2022-06-23 09:57:49,744 - pytorch_cvae.py[line:245] - INFO: intermediate dimension:100
2022-06-23 09:57:49,744 - pytorch_cvae.py[line:246] - INFO: gpu num:0
2022-06-23 09:57:49,744 - dataset_utils.py[line:543] - INFO: load existing dataset:flights2-flight-a_a_origin#a_unique_carrier_a_taxi_out#a_air_time#a_distance_a_origin#a_unique_carrier_binary_mm_0
2022-06-23 09:57:52,762 - dataset_utils.py[line:555] - INFO: load dataset time elapsed:3.0186570174992085
2022-06-23 09:57:52,763 - pytorch_cvae.py[line:251] - INFO: feature info:[('a_taxi_out', 'numerical', 1), ('a_air_time', 'numerical', 1), ('a_distance', 'numerical', 1), ('a_origin', 'categorical', 10), ('a_unique_carrier', 'categorical', 6)]
2022-06-23 09:57:57,895 - pytorch_cvae.py[line:169] - INFO: ----------------------------No.1 epoch----------------------------
2022-06-23 09:57:57,895 - pytorch_cvae.py[line:176] - INFO: loss:276.093973249197, numeric_loss:14.916423103772104, categorical_loss:192.745292827487, kld_loss:12695.309225678444, epoch_train_time:5.13044310733676
2022-06-23 09:58:02,524 - pytorch_cvae.py[line:169] - INFO: ----------------------------No.2 epoch----------------------------
2022-06-23 09:58:02,524 - pytorch_cvae.py[line:176] - INFO: loss:94.00446350872517, numeric_loss:4.697363139130175, categorical_loss:18.977444991469383, kld_loss:11811.597051620483, epoch_train_time:4.628044005483389
2022-06-23 09:58:07,150 - pytorch_cvae.py[line:169] - INFO: ----------------------------No.3 epoch----------------------------
2022-06-23 09:58:07,150 - pytorch_cvae.py[line:176] - INFO: loss:77.57032112032175, numeric_loss:3.2136598587967455, categorical_loss:12.18787840846926, kld_loss:9461.597609519958, epoch_train_time:4.626387096941471
2022-06-23 09:58:11,903 - pytorch_cvae.py[line:169] - INFO: ----------------------------No.4 epoch----------------------------
2022-06-23 09:58:11,904 - pytorch_cvae.py[line:176] - INFO: loss:72.49020412564278, numeric_loss:2.884695895947516, categorical_loss:9.655343995429575, kld_loss:8276.348717689514, epoch_train_time:4.753173194825649
2022-06-23 09:58:16,540 - pytorch_cvae.py[line:169] - INFO: ----------------------------No.5 epoch----------------------------
2022-06-23 09:58:16,540 - pytorch_cvae.py[line:176] - INFO: loss:74.07124607264996, numeric_loss:2.720160875003785, categorical_loss:9.13598068524152, kld_loss:7798.926410675049, epoch_train_time:4.6365205235779285
2022-06-23 09:58:21,178 - pytorch_cvae.py[line:169] - INFO: ----------------------------No.6 epoch----------------------------
2022-06-23 09:58:21,178 - pytorch_cvae.py[line:176] - INFO: loss:77.84677222371101, numeric_loss:2.699761520838365, categorical_loss:9.362817710265517, kld_loss:7495.23760509491, epoch_train_time:4.6374620124697685
2022-06-23 09:58:25,868 - pytorch_cvae.py[line:169] - INFO: ----------------------------No.7 epoch----------------------------
2022-06-23 09:58:25,869 - pytorch_cvae.py[line:176] - INFO: loss:82.28222751617432, numeric_loss:2.815339574124664, categorical_loss:9.828405770473182, kld_loss:7218.921788215637, epoch_train_time:4.690448381006718
2022-06-23 09:58:30,563 - pytorch_cvae.py[line:169] - INFO: ----------------------------No.8 epoch----------------------------
2022-06-23 09:58:30,563 - pytorch_cvae.py[line:176] - INFO: loss:87.26820905506611, numeric_loss:2.9684201944619417, categorical_loss:10.412591349333525, kld_loss:6975.666354179382, epoch_train_time:4.694117289036512
2022-06-23 09:58:35,175 - pytorch_cvae.py[line:169] - INFO: ----------------------------No.9 epoch----------------------------
2022-06-23 09:58:35,176 - pytorch_cvae.py[line:176] - INFO: loss:92.93368396162987, numeric_loss:3.1518255257979035, categorical_loss:11.191532137803733, kld_loss:6764.15216255188, epoch_train_time:4.612349778413773
2022-06-23 09:58:39,673 - pytorch_cvae.py[line:169] - INFO: ----------------------------No.10 epoch----------------------------
2022-06-23 09:58:39,673 - pytorch_cvae.py[line:176] - INFO: loss:99.06296709179878, numeric_loss:3.3792106537148356, categorical_loss:12.082902011461556, kld_loss:6566.244303703308, epoch_train_time:4.497169308364391
2022-06-23 09:58:44,362 - pytorch_cvae.py[line:169] - INFO: ----------------------------No.11 epoch----------------------------
2022-06-23 09:58:44,363 - pytorch_cvae.py[line:176] - INFO: loss:105.78440713882446, numeric_loss:3.6743606426753104, categorical_loss:13.336568519473076, kld_loss:6369.214813232422, epoch_train_time:4.689519263803959
2022-06-23 09:58:48,940 - pytorch_cvae.py[line:169] - INFO: ----------------------------No.12 epoch----------------------------
2022-06-23 09:58:48,940 - pytorch_cvae.py[line:176] - INFO: loss:112.53920769691467, numeric_loss:4.003648274112493, categorical_loss:14.637828009203076, kld_loss:6160.10918712616, epoch_train_time:4.577353898435831
2022-06-23 09:58:53,524 - pytorch_cvae.py[line:169] - INFO: ----------------------------No.13 epoch----------------------------
2022-06-23 09:58:53,524 - pytorch_cvae.py[line:176] - INFO: loss:119.40910069644451, numeric_loss:4.376782832667232, categorical_loss:16.124631566926837, kld_loss:5939.204754829407, epoch_train_time:4.583817329257727
2022-06-23 09:58:58,097 - pytorch_cvae.py[line:169] - INFO: ----------------------------No.14 epoch----------------------------
2022-06-23 09:58:58,097 - pytorch_cvae.py[line:176] - INFO: loss:125.66967847943306, numeric_loss:4.744392346125096, categorical_loss:17.55224708467722, kld_loss:5687.282133102417, epoch_train_time:4.572884250432253
2022-06-23 09:59:02,733 - pytorch_cvae.py[line:169] - INFO: ----------------------------No.15 epoch----------------------------
2022-06-23 09:59:02,733 - pytorch_cvae.py[line:176] - INFO: loss:131.63818250596523, numeric_loss:5.099270040169358, categorical_loss:19.506158877164125, kld_loss:5400.67098903656, epoch_train_time:4.635399501770735
2022-06-23 09:59:07,360 - pytorch_cvae.py[line:169] - INFO: ----------------------------No.16 epoch----------------------------
2022-06-23 09:59:07,360 - pytorch_cvae.py[line:176] - INFO: loss:136.9308159649372, numeric_loss:5.547121422365308, categorical_loss:21.38569193147123, kld_loss:5095.462868690491, epoch_train_time:4.626618213951588
2022-06-23 09:59:11,947 - pytorch_cvae.py[line:169] - INFO: ----------------------------No.17 epoch----------------------------
2022-06-23 09:59:11,947 - pytorch_cvae.py[line:176] - INFO: loss:142.02159747481346, numeric_loss:6.041402034461498, categorical_loss:23.445243068039417, kld_loss:4790.583268165588, epoch_train_time:4.587527401745319
2022-06-23 09:59:16,552 - pytorch_cvae.py[line:169] - INFO: ----------------------------No.18 epoch----------------------------
2022-06-23 09:59:16,552 - pytorch_cvae.py[line:176] - INFO: loss:146.8478134125471, numeric_loss:6.554828550666571, categorical_loss:25.417522763833404, kld_loss:4498.467971801758, epoch_train_time:4.604684080928564
2022-06-23 09:59:21,143 - pytorch_cvae.py[line:169] - INFO: ----------------------------No.19 epoch----------------------------
2022-06-23 09:59:21,143 - pytorch_cvae.py[line:176] - INFO: loss:151.63416129350662, numeric_loss:7.089694888330996, categorical_loss:27.608111914247274, kld_loss:4216.5533447265625, epoch_train_time:4.590673875063658
2022-06-23 09:59:25,726 - pytorch_cvae.py[line:169] - INFO: ----------------------------No.20 epoch----------------------------
2022-06-23 09:59:25,726 - pytorch_cvae.py[line:176] - INFO: loss:156.2282798588276, numeric_loss:7.729449867270887, categorical_loss:29.621388666331768, kld_loss:3951.04976272583, epoch_train_time:4.582811318337917
2022-06-23 09:59:30,332 - pytorch_cvae.py[line:169] - INFO: ----------------------------No.21 epoch----------------------------
2022-06-23 09:59:30,332 - pytorch_cvae.py[line:176] - INFO: loss:161.0575446486473, numeric_loss:8.3432737281546, categorical_loss:31.463176392018795, kld_loss:3718.2450280189514, epoch_train_time:4.605541542172432
2022-06-23 09:59:34,845 - pytorch_cvae.py[line:169] - INFO: ----------------------------No.22 epoch----------------------------
2022-06-23 09:59:34,845 - pytorch_cvae.py[line:176] - INFO: loss:166.3926553428173, numeric_loss:8.883972805924714, categorical_loss:33.5299475826323, kld_loss:3511.3419485092163, epoch_train_time:4.513024799525738
2022-06-23 09:59:39,456 - pytorch_cvae.py[line:169] - INFO: ----------------------------No.23 epoch----------------------------
2022-06-23 09:59:39,456 - pytorch_cvae.py[line:176] - INFO: loss:172.24893406033516, numeric_loss:9.359721945598722, categorical_loss:36.041165605187416, kld_loss:3321.3726687431335, epoch_train_time:4.611060183495283
2022-06-23 09:59:44,038 - pytorch_cvae.py[line:169] - INFO: ----------------------------No.24 epoch----------------------------
2022-06-23 09:59:44,038 - pytorch_cvae.py[line:176] - INFO: loss:178.2235714495182, numeric_loss:9.748929032124579, categorical_loss:38.93704903870821, kld_loss:3138.85919380188, epoch_train_time:4.581912603229284
2022-06-23 09:59:48,714 - pytorch_cvae.py[line:169] - INFO: ----------------------------No.25 epoch----------------------------
2022-06-23 09:59:48,714 - pytorch_cvae.py[line:176] - INFO: loss:184.39736872911453, numeric_loss:9.925003777258098, categorical_loss:41.80342963710427, kld_loss:2977.979742527008, epoch_train_time:4.6751625165343285
2022-06-23 09:59:53,289 - pytorch_cvae.py[line:169] - INFO: ----------------------------No.26 epoch----------------------------
2022-06-23 09:59:53,289 - pytorch_cvae.py[line:176] - INFO: loss:191.04777079820633, numeric_loss:9.983067073859274, categorical_loss:45.063476510345936, kld_loss:2830.779631614685, epoch_train_time:4.575449220836163
2022-06-23 09:59:57,802 - pytorch_cvae.py[line:169] - INFO: ----------------------------No.27 epoch----------------------------
2022-06-23 09:59:57,802 - pytorch_cvae.py[line:176] - INFO: loss:197.50735142827034, numeric_loss:10.004539177753031, categorical_loss:48.43212667107582, kld_loss:2686.8529443740845, epoch_train_time:4.51271453872323
2022-06-23 10:00:02,407 - pytorch_cvae.py[line:169] - INFO: ----------------------------No.28 epoch----------------------------
2022-06-23 10:00:02,407 - pytorch_cvae.py[line:176] - INFO: loss:204.45038384199142, numeric_loss:10.00596758723259, categorical_loss:51.9911931976676, kld_loss:2557.172064781189, epoch_train_time:4.604268677532673
2022-06-23 10:00:07,060 - pytorch_cvae.py[line:169] - INFO: ----------------------------No.29 epoch----------------------------
2022-06-23 10:00:07,060 - pytorch_cvae.py[line:176] - INFO: loss:211.6223328113556, numeric_loss:10.012102597393095, categorical_loss:56.04922339320183, kld_loss:2430.224354982376, epoch_train_time:4.653328087180853
2022-06-23 10:00:11,713 - pytorch_cvae.py[line:169] - INFO: ----------------------------No.30 epoch----------------------------
2022-06-23 10:00:11,713 - pytorch_cvae.py[line:176] - INFO: loss:218.8627263903618, numeric_loss:10.002105323597789, categorical_loss:60.661208130419254, kld_loss:2303.5398750305176, epoch_train_time:4.652496829628944
2022-06-23 10:00:16,370 - pytorch_cvae.py[line:169] - INFO: ----------------------------No.31 epoch----------------------------
2022-06-23 10:00:16,371 - pytorch_cvae.py[line:176] - INFO: loss:225.5903381407261, numeric_loss:10.000813758000731, categorical_loss:65.50445722043514, kld_loss:2174.0473141670227, epoch_train_time:4.657312501221895
2022-06-23 10:00:20,947 - pytorch_cvae.py[line:169] - INFO: ----------------------------No.32 epoch----------------------------
2022-06-23 10:00:20,947 - pytorch_cvae.py[line:176] - INFO: loss:232.45743307471275, numeric_loss:10.002161332406104, categorical_loss:70.91674593091011, kld_loss:2047.7224349975586, epoch_train_time:4.576629918068647
2022-06-23 10:00:25,544 - pytorch_cvae.py[line:169] - INFO: ----------------------------No.33 epoch----------------------------
2022-06-23 10:00:25,544 - pytorch_cvae.py[line:176] - INFO: loss:239.0978410243988, numeric_loss:10.000230838544667, categorical_loss:76.95400228351355, kld_loss:1919.7848517894745, epoch_train_time:4.596479054540396
2022-06-23 10:00:30,190 - pytorch_cvae.py[line:169] - INFO: ----------------------------No.34 epoch----------------------------
2022-06-23 10:00:30,190 - pytorch_cvae.py[line:176] - INFO: loss:244.8534193634987, numeric_loss:9.996752503328025, categorical_loss:83.10708161443472, kld_loss:1789.8288583755493, epoch_train_time:4.6460473500192165
2022-06-23 10:00:34,706 - pytorch_cvae.py[line:169] - INFO: ----------------------------No.35 epoch----------------------------
2022-06-23 10:00:34,706 - pytorch_cvae.py[line:176] - INFO: loss:250.5560254752636, numeric_loss:9.99700496904552, categorical_loss:89.51968042552471, kld_loss:1666.8382742404938, epoch_train_time:4.5155209340155125
2022-06-23 10:00:39,317 - pytorch_cvae.py[line:169] - INFO: ----------------------------No.36 epoch----------------------------
2022-06-23 10:00:39,317 - pytorch_cvae.py[line:176] - INFO: loss:255.82056885957718, numeric_loss:9.995547245256603, categorical_loss:95.98241184651852, kld_loss:1548.7895865440369, epoch_train_time:4.611148029565811
2022-06-23 10:00:43,900 - pytorch_cvae.py[line:169] - INFO: ----------------------------No.37 epoch----------------------------
2022-06-23 10:00:43,900 - pytorch_cvae.py[line:176] - INFO: loss:261.09109979867935, numeric_loss:9.994954624213278, categorical_loss:102.63203857839108, kld_loss:1438.6879017353058, epoch_train_time:4.582923725247383
2022-06-23 10:00:48,493 - pytorch_cvae.py[line:169] - INFO: ----------------------------No.38 epoch----------------------------
2022-06-23 10:00:48,494 - pytorch_cvae.py[line:176] - INFO: loss:266.48672610521317, numeric_loss:9.993896344676614, categorical_loss:109.89835514128208, kld_loss:1333.1683628559113, epoch_train_time:4.59291048720479
2022-06-23 10:00:53,096 - pytorch_cvae.py[line:169] - INFO: ----------------------------No.39 epoch----------------------------
2022-06-23 10:00:53,096 - pytorch_cvae.py[line:176] - INFO: loss:271.7671902477741, numeric_loss:9.992935828864574, categorical_loss:117.80836763978004, kld_loss:1229.9390547275543, epoch_train_time:4.602395333349705
2022-06-23 10:00:57,745 - pytorch_cvae.py[line:169] - INFO: ----------------------------No.40 epoch----------------------------
2022-06-23 10:00:57,745 - pytorch_cvae.py[line:176] - INFO: loss:275.8777771294117, numeric_loss:9.993921088054776, categorical_loss:125.98898747563362, kld_loss:1123.8715517520905, epoch_train_time:4.649115238338709
2022-06-23 10:01:02,372 - pytorch_cvae.py[line:169] - INFO: ----------------------------No.41 epoch----------------------------
2022-06-23 10:01:02,372 - pytorch_cvae.py[line:176] - INFO: loss:280.34470441937447, numeric_loss:9.991294366307557, categorical_loss:135.73746199905872, kld_loss:1017.9738427400589, epoch_train_time:4.6260946579277515
2022-06-23 10:01:07,115 - pytorch_cvae.py[line:169] - INFO: ----------------------------No.42 epoch----------------------------
2022-06-23 10:01:07,115 - pytorch_cvae.py[line:176] - INFO: loss:283.0929591655731, numeric_loss:9.993550701066852, categorical_loss:146.31741240620613, kld_loss:903.3523117303848, epoch_train_time:4.743161927908659
2022-06-23 10:01:11,777 - pytorch_cvae.py[line:169] - INFO: ----------------------------No.43 epoch----------------------------
2022-06-23 10:01:11,777 - pytorch_cvae.py[line:176] - INFO: loss:284.8081784546375, numeric_loss:9.991759579628706, categorical_loss:158.5777207762003, kld_loss:781.1673122644424, epoch_train_time:4.662040371447802
2022-06-23 10:01:16,551 - pytorch_cvae.py[line:169] - INFO: ----------------------------No.44 epoch----------------------------
2022-06-23 10:01:16,552 - pytorch_cvae.py[line:176] - INFO: loss:286.30227690935135, numeric_loss:9.992447261698544, categorical_loss:172.27398705482483, kld_loss:660.0918887853622, epoch_train_time:4.7740158550441265
2022-06-23 10:01:21,131 - pytorch_cvae.py[line:169] - INFO: ----------------------------No.45 epoch----------------------------
2022-06-23 10:01:21,131 - pytorch_cvae.py[line:176] - INFO: loss:286.7589861750603, numeric_loss:9.99102457612753, categorical_loss:187.84132373332977, kld_loss:533.2312846779823, epoch_train_time:4.579545356333256
2022-06-23 10:01:25,753 - pytorch_cvae.py[line:169] - INFO: ----------------------------No.46 epoch----------------------------
2022-06-23 10:01:25,753 - pytorch_cvae.py[line:176] - INFO: loss:285.53311201930046, numeric_loss:9.990835222415626, categorical_loss:202.73861402273178, kld_loss:412.98440051078796, epoch_train_time:4.621789835393429
2022-06-23 10:01:30,282 - pytorch_cvae.py[line:169] - INFO: ----------------------------No.47 epoch----------------------------
2022-06-23 10:01:30,282 - pytorch_cvae.py[line:176] - INFO: loss:283.2631589472294, numeric_loss:9.993230482563376, categorical_loss:215.32335206866264, kld_loss:311.27135637402534, epoch_train_time:4.528422430157661
2022-06-23 10:01:34,987 - pytorch_cvae.py[line:169] - INFO: ----------------------------No.48 epoch----------------------------
2022-06-23 10:01:34,987 - pytorch_cvae.py[line:176] - INFO: loss:280.1605307459831, numeric_loss:9.993401828221977, categorical_loss:225.40124973654747, kld_loss:227.94166785478592, epoch_train_time:4.705278247594833
2022-06-23 10:01:39,582 - pytorch_cvae.py[line:169] - INFO: ----------------------------No.49 epoch----------------------------
2022-06-23 10:01:39,582 - pytorch_cvae.py[line:176] - INFO: loss:276.3517048358917, numeric_loss:9.993260737508535, categorical_loss:233.78827530145645, kld_loss:157.36065191030502, epoch_train_time:4.5947148613631725
2022-06-23 10:01:44,203 - pytorch_cvae.py[line:169] - INFO: ----------------------------No.50 epoch----------------------------
2022-06-23 10:01:44,203 - pytorch_cvae.py[line:176] - INFO: loss:272.38006871938705, numeric_loss:9.994252933189273, categorical_loss:240.49368551373482, kld_loss:100.46112033724785, epoch_train_time:4.620941009372473
2022-06-23 10:01:48,801 - pytorch_cvae.py[line:169] - INFO: ----------------------------No.51 epoch----------------------------
2022-06-23 10:01:48,802 - pytorch_cvae.py[line:176] - INFO: loss:267.8940549492836, numeric_loss:9.994065401144326, categorical_loss:245.90245446562767, kld_loss:52.34439165517688, epoch_train_time:4.597954612225294
2022-06-23 10:01:53,378 - pytorch_cvae.py[line:169] - INFO: ----------------------------No.52 epoch----------------------------
2022-06-23 10:01:53,378 - pytorch_cvae.py[line:176] - INFO: loss:263.0440097153187, numeric_loss:9.995714196935296, categorical_loss:247.42993873357773, kld_loss:23.32866228185594, epoch_train_time:4.576485492289066
2022-06-23 10:01:58,008 - pytorch_cvae.py[line:169] - INFO: ----------------------------No.53 epoch----------------------------
2022-06-23 10:01:58,008 - pytorch_cvae.py[line:176] - INFO: loss:258.51080176234245, numeric_loss:9.997209938243032, categorical_loss:246.0720031261444, kld_loss:9.65805531013757, epoch_train_time:4.629348713904619
2022-06-23 10:02:02,694 - pytorch_cvae.py[line:169] - INFO: ----------------------------No.54 epoch----------------------------
2022-06-23 10:02:02,694 - pytorch_cvae.py[line:176] - INFO: loss:254.36500683426857, numeric_loss:9.998085133731365, categorical_loss:243.34499529004097, kld_loss:3.8548517297022045, epoch_train_time:4.6858827620744705
2022-06-23 10:02:07,273 - pytorch_cvae.py[line:169] - INFO: ----------------------------No.55 epoch----------------------------
2022-06-23 10:02:07,273 - pytorch_cvae.py[line:176] - INFO: loss:250.35809633135796, numeric_loss:9.999924876727164, categorical_loss:239.84397837519646, kld_loss:1.8514833548106253, epoch_train_time:4.579003553837538
2022-06-23 10:02:11,912 - pytorch_cvae.py[line:169] - INFO: ----------------------------No.56 epoch----------------------------
2022-06-23 10:02:11,912 - pytorch_cvae.py[line:176] - INFO: loss:246.5680212378502, numeric_loss:10.002942836843431, categorical_loss:236.2825826704502, kld_loss:0.9719508943380788, epoch_train_time:4.638756591826677
2022-06-23 10:02:16,621 - pytorch_cvae.py[line:169] - INFO: ----------------------------No.57 epoch----------------------------
2022-06-23 10:02:16,621 - pytorch_cvae.py[line:176] - INFO: loss:242.98007708787918, numeric_loss:10.004184911958873, categorical_loss:232.80766195058823, kld_loss:0.5536185595556162, epoch_train_time:4.709054447710514
2022-06-23 10:02:21,199 - pytorch_cvae.py[line:169] - INFO: ----------------------------No.58 epoch----------------------------
2022-06-23 10:02:21,199 - pytorch_cvae.py[line:176] - INFO: loss:239.64254146814346, numeric_loss:10.005948340520263, categorical_loss:229.54703730344772, kld_loss:0.2821699153864756, epoch_train_time:4.577314134687185
2022-06-23 10:02:25,884 - pytorch_cvae.py[line:169] - INFO: ----------------------------No.59 epoch----------------------------
2022-06-23 10:02:25,884 - pytorch_cvae.py[line:176] - INFO: loss:236.56306475400925, numeric_loss:10.007292146794498, categorical_loss:226.50322523713112, kld_loss:0.1586737684556283, epoch_train_time:4.684954054653645
2022-06-23 10:02:30,413 - pytorch_cvae.py[line:169] - INFO: ----------------------------No.60 epoch----------------------------
2022-06-23 10:02:30,413 - pytorch_cvae.py[line:176] - INFO: loss:233.9742026925087, numeric_loss:10.008900992572308, categorical_loss:223.91374200582504, kld_loss:0.14936397415294778, epoch_train_time:4.528725888580084
2022-06-23 10:02:34,996 - pytorch_cvae.py[line:169] - INFO: ----------------------------No.61 epoch----------------------------
2022-06-23 10:02:34,996 - pytorch_cvae.py[line:176] - INFO: loss:231.71378707885742, numeric_loss:10.01018844358623, categorical_loss:221.67215731739998, kld_loss:0.0874660509871319, epoch_train_time:4.5826643370091915
2022-06-23 10:02:39,636 - pytorch_cvae.py[line:169] - INFO: ----------------------------No.62 epoch----------------------------
2022-06-23 10:02:39,636 - pytorch_cvae.py[line:176] - INFO: loss:229.64673456549644, numeric_loss:10.011761269532144, categorical_loss:219.6065597832203, kld_loss:0.07598274863266852, epoch_train_time:4.640228230506182
2022-06-23 10:02:44,259 - pytorch_cvae.py[line:169] - INFO: ----------------------------No.63 epoch----------------------------
2022-06-23 10:02:44,259 - pytorch_cvae.py[line:176] - INFO: loss:227.6813416481018, numeric_loss:10.013564453460276, categorical_loss:217.6326150894165, kld_loss:0.0904795123351505, epoch_train_time:4.622434124350548
2022-06-23 10:02:48,792 - pytorch_cvae.py[line:169] - INFO: ----------------------------No.64 epoch----------------------------
2022-06-23 10:02:48,792 - pytorch_cvae.py[line:176] - INFO: loss:225.9029039144516, numeric_loss:10.014491103589535, categorical_loss:215.85422539710999, kld_loss:0.08473288426466752, epoch_train_time:4.533252280205488
2022-06-23 10:02:53,549 - pytorch_cvae.py[line:169] - INFO: ----------------------------No.65 epoch----------------------------
2022-06-23 10:02:53,549 - pytorch_cvae.py[line:176] - INFO: loss:224.2263921201229, numeric_loss:10.01547395158559, categorical_loss:214.17197075486183, kld_loss:0.09306899705552496, epoch_train_time:4.756842032074928
2022-06-23 10:02:58,186 - pytorch_cvae.py[line:169] - INFO: ----------------------------No.66 epoch----------------------------
2022-06-23 10:02:58,187 - pytorch_cvae.py[line:176] - INFO: loss:222.6617377102375, numeric_loss:10.016943792812526, categorical_loss:212.61484897136688, kld_loss:0.06906219377560774, epoch_train_time:4.63719217479229
2022-06-23 10:03:02,763 - pytorch_cvae.py[line:169] - INFO: ----------------------------No.67 epoch----------------------------
2022-06-23 10:03:02,763 - pytorch_cvae.py[line:176] - INFO: loss:221.24448975920677, numeric_loss:10.01809804700315, categorical_loss:211.19917458295822, kld_loss:0.06064168462762609, epoch_train_time:4.576539408415556
2022-06-23 10:03:07,367 - pytorch_cvae.py[line:169] - INFO: ----------------------------No.68 epoch----------------------------
2022-06-23 10:03:07,367 - pytorch_cvae.py[line:176] - INFO: loss:219.81245002150536, numeric_loss:10.018932507373393, categorical_loss:209.75759363174438, kld_loss:0.07740569856832735, epoch_train_time:4.603409320116043
2022-06-23 10:03:11,985 - pytorch_cvae.py[line:169] - INFO: ----------------------------No.69 epoch----------------------------
2022-06-23 10:03:11,985 - pytorch_cvae.py[line:176] - INFO: loss:218.47829321026802, numeric_loss:10.02029122877866, categorical_loss:208.417177349329, kld_loss:0.08515164807613473, epoch_train_time:4.617934174835682
2022-06-23 10:03:16,563 - pytorch_cvae.py[line:169] - INFO: ----------------------------No.70 epoch----------------------------
2022-06-23 10:03:16,563 - pytorch_cvae.py[line:176] - INFO: loss:217.271918207407, numeric_loss:10.021681647747755, categorical_loss:207.23067969083786, kld_loss:0.039526404110802105, epoch_train_time:4.577563513070345
2022-06-23 10:03:21,202 - pytorch_cvae.py[line:169] - INFO: ----------------------------No.71 epoch----------------------------
2022-06-23 10:03:21,202 - pytorch_cvae.py[line:176] - INFO: loss:216.10192760825157, numeric_loss:10.023196117021143, categorical_loss:206.04853785037994, kld_loss:0.059192010972765274, epoch_train_time:4.639149960130453
2022-06-23 10:03:25,698 - pytorch_cvae.py[line:169] - INFO: ----------------------------No.72 epoch----------------------------
2022-06-23 10:03:25,698 - pytorch_cvae.py[line:176] - INFO: loss:215.02577430009842, numeric_loss:10.02447964437306, categorical_loss:204.96681061387062, kld_loss:0.06563603131507989, epoch_train_time:4.495883911848068
2022-06-23 10:03:30,335 - pytorch_cvae.py[line:169] - INFO: ----------------------------No.73 epoch----------------------------
2022-06-23 10:03:30,335 - pytorch_cvae.py[line:176] - INFO: loss:214.03445053100586, numeric_loss:10.025567372329533, categorical_loss:203.97930347919464, kld_loss:0.054720495754736476, epoch_train_time:4.636294815689325
2022-06-23 10:03:34,967 - pytorch_cvae.py[line:169] - INFO: ----------------------------No.74 epoch----------------------------
2022-06-23 10:03:34,967 - pytorch_cvae.py[line:176] - INFO: loss:212.95263278484344, numeric_loss:10.026757941581309, categorical_loss:202.8998090326786, kld_loss:0.04691158236528281, epoch_train_time:4.6320305317640305
2022-06-23 10:03:39,595 - pytorch_cvae.py[line:169] - INFO: ----------------------------No.75 epoch----------------------------
2022-06-23 10:03:39,595 - pytorch_cvae.py[line:176] - INFO: loss:212.12007531523705, numeric_loss:10.027383284643292, categorical_loss:202.07428693771362, kld_loss:0.03225798302446492, epoch_train_time:4.627437673509121
2022-06-23 10:03:44,212 - pytorch_cvae.py[line:169] - INFO: ----------------------------No.76 epoch----------------------------
2022-06-23 10:03:44,212 - pytorch_cvae.py[line:176] - INFO: loss:211.2254553437233, numeric_loss:10.028359993360937, categorical_loss:201.16743883490562, kld_loss:0.050669512354943436, epoch_train_time:4.617011833935976
2022-06-23 10:03:48,742 - pytorch_cvae.py[line:169] - INFO: ----------------------------No.77 epoch----------------------------
2022-06-23 10:03:48,742 - pytorch_cvae.py[line:176] - INFO: loss:210.41350159049034, numeric_loss:10.029264566488564, categorical_loss:200.3602245748043, kld_loss:0.040033676335951895, epoch_train_time:4.530200466513634
2022-06-23 10:03:53,320 - pytorch_cvae.py[line:169] - INFO: ----------------------------No.78 epoch----------------------------
2022-06-23 10:03:53,321 - pytorch_cvae.py[line:176] - INFO: loss:209.50966531038284, numeric_loss:10.030499764718115, categorical_loss:199.4508276283741, kld_loss:0.04614631258573354, epoch_train_time:4.578125528991222
2022-06-23 10:03:57,948 - pytorch_cvae.py[line:169] - INFO: ----------------------------No.79 epoch----------------------------
2022-06-23 10:03:57,949 - pytorch_cvae.py[line:176] - INFO: loss:208.80761057138443, numeric_loss:10.03112898953259, categorical_loss:198.74606132507324, kld_loss:0.04843605976930121, epoch_train_time:4.627775847911835
2022-06-23 10:04:02,611 - pytorch_cvae.py[line:169] - INFO: ----------------------------No.80 epoch----------------------------
2022-06-23 10:04:02,611 - pytorch_cvae.py[line:176] - INFO: loss:208.01743099093437, numeric_loss:10.03194771707058, categorical_loss:197.94805499911308, kld_loss:0.05832771273617254, epoch_train_time:4.662492375820875
2022-06-23 10:04:07,339 - pytorch_cvae.py[line:169] - INFO: ----------------------------No.81 epoch----------------------------
2022-06-23 10:04:07,339 - pytorch_cvae.py[line:176] - INFO: loss:207.34805485606194, numeric_loss:10.032411108724773, categorical_loss:197.29402950406075, kld_loss:0.032999842369463295, epoch_train_time:4.727477919310331
2022-06-23 10:04:11,942 - pytorch_cvae.py[line:169] - INFO: ----------------------------No.82 epoch----------------------------
2022-06-23 10:04:11,942 - pytorch_cvae.py[line:176] - INFO: loss:206.57502618432045, numeric_loss:10.033493208698928, categorical_loss:196.5147611796856, kld_loss:0.040084137152007315, epoch_train_time:4.602725204080343
2022-06-23 10:04:16,537 - pytorch_cvae.py[line:169] - INFO: ----------------------------No.83 epoch----------------------------
2022-06-23 10:04:16,537 - pytorch_cvae.py[line:176] - INFO: loss:205.9828526377678, numeric_loss:10.034256355836987, categorical_loss:195.93291687965393, kld_loss:0.023045393545544357, epoch_train_time:4.5950327552855015
2022-06-23 10:04:21,163 - pytorch_cvae.py[line:169] - INFO: ----------------------------No.84 epoch----------------------------
2022-06-23 10:04:21,163 - pytorch_cvae.py[line:176] - INFO: loss:205.40955591201782, numeric_loss:10.034794033505023, categorical_loss:195.35826113820076, kld_loss:0.02383211963751819, epoch_train_time:4.62549589946866
2022-06-23 10:04:25,660 - pytorch_cvae.py[line:169] - INFO: ----------------------------No.85 epoch----------------------------
2022-06-23 10:04:25,660 - pytorch_cvae.py[line:176] - INFO: loss:204.79739421606064, numeric_loss:10.035853176377714, categorical_loss:194.7310647368431, kld_loss:0.04329715568383108, epoch_train_time:4.497197445482016
2022-06-23 10:04:30,246 - pytorch_cvae.py[line:169] - INFO: ----------------------------No.86 epoch----------------------------
2022-06-23 10:04:30,246 - pytorch_cvae.py[line:176] - INFO: loss:204.20877036452293, numeric_loss:10.036329987458885, categorical_loss:194.14950037002563, kld_loss:0.03208984219418198, epoch_train_time:4.585879150778055
2022-06-23 10:04:34,827 - pytorch_cvae.py[line:169] - INFO: ----------------------------No.87 epoch----------------------------
2022-06-23 10:04:34,827 - pytorch_cvae.py[line:176] - INFO: loss:203.71513479948044, numeric_loss:10.03726847562939, categorical_loss:193.6647166311741, kld_loss:0.018129515628970694, epoch_train_time:4.580518309026957
2022-06-23 10:04:39,400 - pytorch_cvae.py[line:169] - INFO: ----------------------------No.88 epoch----------------------------
2022-06-23 10:04:39,400 - pytorch_cvae.py[line:176] - INFO: loss:203.25161895155907, numeric_loss:10.037855297327042, categorical_loss:193.19246247410774, kld_loss:0.028973778349609347, epoch_train_time:4.572905719280243
2022-06-23 10:04:43,986 - pytorch_cvae.py[line:169] - INFO: ----------------------------No.89 epoch----------------------------
2022-06-23 10:04:43,987 - pytorch_cvae.py[line:176] - INFO: loss:202.70279943943024, numeric_loss:10.038775889202952, categorical_loss:192.647248595953, kld_loss:0.022534438838192727, epoch_train_time:4.586344517767429
2022-06-23 10:04:48,590 - pytorch_cvae.py[line:169] - INFO: ----------------------------No.90 epoch----------------------------
2022-06-23 10:04:48,590 - pytorch_cvae.py[line:176] - INFO: loss:202.25958368182182, numeric_loss:10.039428201504052, categorical_loss:192.19827577471733, kld_loss:0.029055636830889853, epoch_train_time:4.603317506611347
2022-06-23 10:04:53,216 - pytorch_cvae.py[line:169] - INFO: ----------------------------No.91 epoch----------------------------
2022-06-23 10:04:53,216 - pytorch_cvae.py[line:176] - INFO: loss:201.799888163805, numeric_loss:10.039912247098982, categorical_loss:191.7437613606453, kld_loss:0.021308448756826692, epoch_train_time:4.625779367983341
2022-06-23 10:04:57,923 - pytorch_cvae.py[line:169] - INFO: ----------------------------No.92 epoch----------------------------
2022-06-23 10:04:57,923 - pytorch_cvae.py[line:176] - INFO: loss:201.30476954579353, numeric_loss:10.040496911853552, categorical_loss:191.24691399931908, kld_loss:0.022594882204430178, epoch_train_time:4.70640616863966
2022-06-23 10:05:02,572 - pytorch_cvae.py[line:169] - INFO: ----------------------------No.93 epoch----------------------------
2022-06-23 10:05:02,572 - pytorch_cvae.py[line:176] - INFO: loss:200.84322795271873, numeric_loss:10.041351147927344, categorical_loss:190.78607839345932, kld_loss:0.020390395875438116, epoch_train_time:4.649505648761988
2022-06-23 10:05:07,174 - pytorch_cvae.py[line:169] - INFO: ----------------------------No.94 epoch----------------------------
2022-06-23 10:05:07,174 - pytorch_cvae.py[line:176] - INFO: loss:200.35250756144524, numeric_loss:10.041989222168922, categorical_loss:190.28821802139282, kld_loss:0.028566174593834148, epoch_train_time:4.601228546351194
2022-06-23 10:05:11,833 - pytorch_cvae.py[line:169] - INFO: ----------------------------No.95 epoch----------------------------
2022-06-23 10:05:11,833 - pytorch_cvae.py[line:176] - INFO: loss:199.97394546866417, numeric_loss:10.042192225344479, categorical_loss:189.91450956463814, kld_loss:0.021946277032839134, epoch_train_time:4.658983323723078
2022-06-23 10:05:16,448 - pytorch_cvae.py[line:169] - INFO: ----------------------------No.96 epoch----------------------------
2022-06-23 10:05:16,448 - pytorch_cvae.py[line:176] - INFO: loss:199.54319977760315, numeric_loss:10.04291679803282, categorical_loss:189.47192585468292, kld_loss:0.03589299389568623, epoch_train_time:4.6147551871836185
2022-06-23 10:05:20,942 - pytorch_cvae.py[line:169] - INFO: ----------------------------No.97 epoch----------------------------
2022-06-23 10:05:20,942 - pytorch_cvae.py[line:176] - INFO: loss:199.0207202732563, numeric_loss:10.043482188135386, categorical_loss:188.95747989416122, kld_loss:0.024895999908039812, epoch_train_time:4.493979975581169
2022-06-23 10:05:25,619 - pytorch_cvae.py[line:169] - INFO: ----------------------------No.98 epoch----------------------------
2022-06-23 10:05:25,619 - pytorch_cvae.py[line:176] - INFO: loss:198.72476270794868, numeric_loss:10.044066295959055, categorical_loss:188.65866908431053, kld_loss:0.02765781944253831, epoch_train_time:4.6767750680446625
2022-06-23 10:05:30,215 - pytorch_cvae.py[line:169] - INFO: ----------------------------No.99 epoch----------------------------
2022-06-23 10:05:30,215 - pytorch_cvae.py[line:176] - INFO: loss:198.26596412062645, numeric_loss:10.044797394424677, categorical_loss:188.20164149999619, kld_loss:0.0244550822662859, epoch_train_time:4.595854964107275
2022-06-23 10:05:34,869 - pytorch_cvae.py[line:169] - INFO: ----------------------------No.100 epoch----------------------------
2022-06-23 10:05:34,869 - pytorch_cvae.py[line:176] - INFO: loss:197.89080303907394, numeric_loss:10.045415258966386, categorical_loss:187.83006045222282, kld_loss:0.01916804466964095, epoch_train_time:4.653388097882271
2022-06-23 10:05:34,869 - pytorch_cvae.py[line:185] - INFO: training time elapsed:462.1044231057167
2022-06-23 10:05:34,870 - model_utils.py[line:67] - INFO: save model successfully
2022-06-23 10:05:36,122 - pytorch_cvae.py[line:261] - INFO: train model time elapsed:466.3785180747509
2022-06-23 10:05:36,123 - pytorch_cvae.py[line:242] - INFO: epoch:100
2022-06-23 10:05:36,123 - pytorch_cvae.py[line:243] - INFO: batch size:512
2022-06-23 10:05:36,123 - pytorch_cvae.py[line:244] - INFO: latent dimension:50
2022-06-23 10:05:36,123 - pytorch_cvae.py[line:245] - INFO: intermediate dimension:100
2022-06-23 10:05:36,123 - pytorch_cvae.py[line:246] - INFO: gpu num:0
2022-06-23 10:05:36,123 - dataset_utils.py[line:543] - INFO: load existing dataset:flights2-flight-b_b_origin__b_origin_binary_mm_0
2022-06-23 10:05:37,182 - dataset_utils.py[line:555] - INFO: load dataset time elapsed:1.0588126927614212
2022-06-23 10:05:37,182 - pytorch_cvae.py[line:251] - INFO: feature info:[('b_origin', 'categorical', 10)]
2022-06-23 10:05:41,145 - pytorch_cvae.py[line:169] - INFO: ----------------------------No.1 epoch----------------------------
2022-06-23 10:05:41,145 - pytorch_cvae.py[line:176] - INFO: loss:97.51446702331305, numeric_loss:0.0, categorical_loss:60.099489361047745, kld_loss:6941.093658089638, epoch_train_time:3.9616625793278217
2022-06-23 10:05:45,103 - pytorch_cvae.py[line:169] - INFO: ----------------------------No.2 epoch----------------------------
2022-06-23 10:05:45,103 - pytorch_cvae.py[line:176] - INFO: loss:23.492342728190124, numeric_loss:0.0, categorical_loss:8.221184946596622, kld_loss:2564.7326294779778, epoch_train_time:3.9579591043293476
2022-06-23 10:05:49,058 - pytorch_cvae.py[line:169] - INFO: ----------------------------No.3 epoch----------------------------
2022-06-23 10:05:49,058 - pytorch_cvae.py[line:176] - INFO: loss:2.091097460826859, numeric_loss:0.0, categorical_loss:1.4785500810248777, kld_loss:93.22487192600965, epoch_train_time:3.9547477178275585
2022-06-23 10:05:53,002 - pytorch_cvae.py[line:169] - INFO: ----------------------------No.4 epoch----------------------------
2022-06-23 10:05:53,002 - pytorch_cvae.py[line:176] - INFO: loss:0.543936344969552, numeric_loss:0.0, categorical_loss:0.5011938656680286, kld_loss:5.900762289064005, epoch_train_time:3.9434676468372345
2022-06-23 10:05:57,008 - pytorch_cvae.py[line:169] - INFO: ----------------------------No.5 epoch----------------------------
2022-06-23 10:05:57,008 - pytorch_cvae.py[line:176] - INFO: loss:0.2784094234521035, numeric_loss:0.0, categorical_loss:0.26572544072405435, kld_loss:1.5899908806895837, epoch_train_time:4.005814544856548
2022-06-23 10:06:00,948 - pytorch_cvae.py[line:169] - INFO: ----------------------------No.6 epoch----------------------------
2022-06-23 10:06:00,948 - pytorch_cvae.py[line:176] - INFO: loss:0.19339798984583467, numeric_loss:0.0, categorical_loss:0.1881885269540362, kld_loss:0.593549342098413, epoch_train_time:3.94040484726429
2022-06-23 10:06:04,971 - pytorch_cvae.py[line:169] - INFO: ----------------------------No.7 epoch----------------------------
2022-06-23 10:06:04,971 - pytorch_cvae.py[line:176] - INFO: loss:0.16073930145648774, numeric_loss:0.0, categorical_loss:0.15851599384041037, kld_loss:0.23047436792694498, epoch_train_time:4.022217955440283
2022-06-23 10:06:08,961 - pytorch_cvae.py[line:169] - INFO: ----------------------------No.8 epoch----------------------------
2022-06-23 10:06:08,961 - pytorch_cvae.py[line:176] - INFO: loss:0.14896610427240375, numeric_loss:0.0, categorical_loss:0.1479871979681775, kld_loss:0.09241824788114172, epoch_train_time:3.9902226254343987
2022-06-23 10:06:12,905 - pytorch_cvae.py[line:169] - INFO: ----------------------------No.9 epoch----------------------------
2022-06-23 10:06:12,905 - pytorch_cvae.py[line:176] - INFO: loss:0.14505748968804255, numeric_loss:0.0, categorical_loss:0.14463732049625833, kld_loss:0.03616334407706745, epoch_train_time:3.9432272650301456
2022-06-23 10:06:16,769 - pytorch_cvae.py[line:169] - INFO: ----------------------------No.10 epoch----------------------------
2022-06-23 10:06:16,769 - pytorch_cvae.py[line:176] - INFO: loss:0.1426036007615039, numeric_loss:0.0, categorical_loss:0.14243081444874406, kld_loss:0.013571098641477874, epoch_train_time:3.8642195872962475
2022-06-23 10:06:20,739 - pytorch_cvae.py[line:169] - INFO: ----------------------------No.11 epoch----------------------------
2022-06-23 10:06:20,739 - pytorch_cvae.py[line:176] - INFO: loss:0.1396282163914293, numeric_loss:0.0, categorical_loss:0.13956527454138268, kld_loss:0.004515868902899456, epoch_train_time:3.9701243340969086
2022-06-23 10:06:24,705 - pytorch_cvae.py[line:169] - INFO: ----------------------------No.12 epoch----------------------------
2022-06-23 10:06:24,705 - pytorch_cvae.py[line:176] - INFO: loss:0.13649419973080512, numeric_loss:0.0, categorical_loss:0.13647620363917667, kld_loss:0.0011806251753228025, epoch_train_time:3.965125259011984
2022-06-23 10:06:28,630 - pytorch_cvae.py[line:169] - INFO: ----------------------------No.13 epoch----------------------------
2022-06-23 10:06:28,630 - pytorch_cvae.py[line:176] - INFO: loss:0.13375839541549794, numeric_loss:0.0, categorical_loss:0.13375293542048894, kld_loss:0.0003278683677194749, epoch_train_time:3.9255187548696995
2022-06-23 10:06:32,527 - pytorch_cvae.py[line:169] - INFO: ----------------------------No.14 epoch----------------------------
2022-06-23 10:06:32,527 - pytorch_cvae.py[line:176] - INFO: loss:0.13165344804292545, numeric_loss:0.0, categorical_loss:0.13165097350429278, kld_loss:0.00013614847171083966, epoch_train_time:3.896109960973263
2022-06-23 10:06:36,496 - pytorch_cvae.py[line:169] - INFO: ----------------------------No.15 epoch----------------------------
2022-06-23 10:06:36,496 - pytorch_cvae.py[line:176] - INFO: loss:0.1302229933644412, numeric_loss:0.0, categorical_loss:0.13022119223023765, kld_loss:9.08901177680832e-05, epoch_train_time:3.9690313190221786
2022-06-23 10:06:40,465 - pytorch_cvae.py[line:169] - INFO: ----------------------------No.16 epoch----------------------------
2022-06-23 10:06:40,465 - pytorch_cvae.py[line:176] - INFO: loss:0.12932610820280388, numeric_loss:0.0, categorical_loss:0.1293241841631243, kld_loss:8.91288315614247e-05, epoch_train_time:3.9687563814222813
2022-06-23 10:06:44,417 - pytorch_cvae.py[line:169] - INFO: ----------------------------No.17 epoch----------------------------
2022-06-23 10:06:44,417 - pytorch_cvae.py[line:176] - INFO: loss:0.12874679433298297, numeric_loss:0.0, categorical_loss:0.12874448612274136, kld_loss:9.82548110357584e-05, epoch_train_time:3.952315177768469
2022-06-23 10:06:48,418 - pytorch_cvae.py[line:169] - INFO: ----------------------------No.18 epoch----------------------------
2022-06-23 10:06:48,418 - pytorch_cvae.py[line:176] - INFO: loss:0.12830119821592234, numeric_loss:0.0, categorical_loss:0.12829827785026282, kld_loss:0.00011435513928859109, epoch_train_time:4.000828064978123
2022-06-23 10:06:52,384 - pytorch_cvae.py[line:169] - INFO: ----------------------------No.19 epoch----------------------------
2022-06-23 10:06:52,385 - pytorch_cvae.py[line:176] - INFO: loss:0.1279034153703833, numeric_loss:0.0, categorical_loss:0.12790012166078668, kld_loss:0.00011876693073986644, epoch_train_time:3.9659152142703533
2022-06-23 10:06:56,340 - pytorch_cvae.py[line:169] - INFO: ----------------------------No.20 epoch----------------------------
2022-06-23 10:06:56,341 - pytorch_cvae.py[line:176] - INFO: loss:0.1274769382289378, numeric_loss:0.0, categorical_loss:0.1274730218865443, kld_loss:0.00013016955929856522, epoch_train_time:3.9558273404836655
2022-06-23 10:07:00,287 - pytorch_cvae.py[line:169] - INFO: ----------------------------No.21 epoch----------------------------
2022-06-23 10:07:00,287 - pytorch_cvae.py[line:176] - INFO: loss:0.12699737682123668, numeric_loss:0.0, categorical_loss:0.1269928585679736, kld_loss:0.0001385615323812317, epoch_train_time:3.9459445141255856
2022-06-23 10:07:04,166 - pytorch_cvae.py[line:169] - INFO: ----------------------------No.22 epoch----------------------------
2022-06-23 10:07:04,166 - pytorch_cvae.py[line:176] - INFO: loss:0.1264148891059449, numeric_loss:0.0, categorical_loss:0.12640965431637596, kld_loss:0.00014826655387878418, epoch_train_time:3.8789456374943256
2022-06-23 10:07:08,179 - pytorch_cvae.py[line:169] - INFO: ----------------------------No.23 epoch----------------------------
2022-06-23 10:07:08,179 - pytorch_cvae.py[line:176] - INFO: loss:0.12573616462759674, numeric_loss:0.0, categorical_loss:0.12573006830643862, kld_loss:0.0001596212387369178, epoch_train_time:4.013076808303595
2022-06-23 10:07:12,156 - pytorch_cvae.py[line:169] - INFO: ----------------------------No.24 epoch----------------------------
2022-06-23 10:07:12,156 - pytorch_cvae.py[line:176] - INFO: loss:0.12496167150675319, numeric_loss:0.0, categorical_loss:0.12495507253333926, kld_loss:0.00015988945961709078, epoch_train_time:3.976746879518032
2022-06-23 10:07:16,082 - pytorch_cvae.py[line:169] - INFO: ----------------------------No.25 epoch----------------------------
2022-06-23 10:07:16,082 - pytorch_cvae.py[line:176] - INFO: loss:0.12407969441846944, numeric_loss:0.0, categorical_loss:0.12407234832062386, kld_loss:0.00016489624977111816, epoch_train_time:3.9260950945317745
2022-06-23 10:07:20,014 - pytorch_cvae.py[line:169] - INFO: ----------------------------No.26 epoch----------------------------
2022-06-23 10:07:20,014 - pytorch_cvae.py[line:176] - INFO: loss:0.12318721688643564, numeric_loss:0.0, categorical_loss:0.12317942304071039, kld_loss:0.00016221404075622559, epoch_train_time:3.931466929614544
2022-06-23 10:07:23,862 - pytorch_cvae.py[line:169] - INFO: ----------------------------No.27 epoch----------------------------
2022-06-23 10:07:23,862 - pytorch_cvae.py[line:176] - INFO: loss:0.12237117245967966, numeric_loss:0.0, categorical_loss:0.12236268252308946, kld_loss:0.0001640319824502967, epoch_train_time:3.8476699627935886
2022-06-23 10:07:27,793 - pytorch_cvae.py[line:169] - INFO: ----------------------------No.28 epoch----------------------------
2022-06-23 10:07:27,793 - pytorch_cvae.py[line:176] - INFO: loss:0.12166345590958372, numeric_loss:0.0, categorical_loss:0.1216546616924461, kld_loss:0.00015786290168762207, epoch_train_time:3.9308156818151474
2022-06-23 10:07:31,767 - pytorch_cvae.py[line:169] - INFO: ----------------------------No.29 epoch----------------------------
2022-06-23 10:07:31,767 - pytorch_cvae.py[line:176] - INFO: loss:0.12115244469896425, numeric_loss:0.0, categorical_loss:0.12114296952495351, kld_loss:0.00015819072726230843, epoch_train_time:3.9739403426647186
2022-06-23 10:07:35,693 - pytorch_cvae.py[line:169] - INFO: ----------------------------No.30 epoch----------------------------
2022-06-23 10:07:35,693 - pytorch_cvae.py[line:176] - INFO: loss:0.12080087742651813, numeric_loss:0.0, categorical_loss:0.12079054274363443, kld_loss:0.00016063451769809944, epoch_train_time:3.926238462328911
2022-06-23 10:07:39,608 - pytorch_cvae.py[line:169] - INFO: ----------------------------No.31 epoch----------------------------
2022-06-23 10:07:39,608 - pytorch_cvae.py[line:176] - INFO: loss:0.12055761062947568, numeric_loss:0.0, categorical_loss:0.1205466589453863, kld_loss:0.000158637762083913, epoch_train_time:3.9146125204861164
2022-06-23 10:07:43,616 - pytorch_cvae.py[line:169] - INFO: ----------------------------No.32 epoch----------------------------
2022-06-23 10:07:43,616 - pytorch_cvae.py[line:176] - INFO: loss:0.12036037814687006, numeric_loss:0.0, categorical_loss:0.1203488258906873, kld_loss:0.00015610456469516976, epoch_train_time:4.00814026966691
2022-06-23 10:07:47,605 - pytorch_cvae.py[line:169] - INFO: ----------------------------No.33 epoch----------------------------
2022-06-23 10:07:47,605 - pytorch_cvae.py[line:176] - INFO: loss:0.1202167609881144, numeric_loss:0.0, categorical_loss:0.12020502502855379, kld_loss:0.00014808773997287972, epoch_train_time:3.9880721010267735
2022-06-23 10:07:51,543 - pytorch_cvae.py[line:169] - INFO: ----------------------------No.34 epoch----------------------------
2022-06-23 10:07:51,543 - pytorch_cvae.py[line:176] - INFO: loss:0.12010242660471704, numeric_loss:0.0, categorical_loss:0.12008951998723205, kld_loss:0.00015223026278476937, epoch_train_time:3.93802896887064
2022-06-23 10:07:55,383 - pytorch_cvae.py[line:169] - INFO: ----------------------------No.35 epoch----------------------------
2022-06-23 10:07:55,383 - pytorch_cvae.py[line:176] - INFO: loss:0.12003955095133279, numeric_loss:0.0, categorical_loss:0.1200256082956912, kld_loss:0.0001538693904876709, epoch_train_time:3.8401519171893597
2022-06-23 10:07:59,370 - pytorch_cvae.py[line:169] - INFO: ----------------------------No.36 epoch----------------------------
2022-06-23 10:07:59,370 - pytorch_cvae.py[line:176] - INFO: loss:0.11999057645152789, numeric_loss:0.0, categorical_loss:0.11997641921334434, kld_loss:0.0001463294029520057, epoch_train_time:3.986428465694189
2022-06-23 10:08:03,342 - pytorch_cvae.py[line:169] - INFO: ----------------------------No.37 epoch----------------------------
2022-06-23 10:08:03,342 - pytorch_cvae.py[line:176] - INFO: loss:0.11995842414034996, numeric_loss:0.0, categorical_loss:0.1199433519213926, kld_loss:0.00014606118203630558, epoch_train_time:3.9723151586949825
2022-06-23 10:08:07,286 - pytorch_cvae.py[line:169] - INFO: ----------------------------No.38 epoch----------------------------
2022-06-23 10:08:07,286 - pytorch_cvae.py[line:176] - INFO: loss:0.11992613553593401, numeric_loss:0.0, categorical_loss:0.11990981541748624, kld_loss:0.00014841556551914437, epoch_train_time:3.9436200223863125
2022-06-23 10:08:11,172 - pytorch_cvae.py[line:169] - INFO: ----------------------------No.39 epoch----------------------------
2022-06-23 10:08:11,173 - pytorch_cvae.py[line:176] - INFO: loss:0.11991042294539511, numeric_loss:0.0, categorical_loss:0.11989295668900013, kld_loss:0.00014922022825203385, epoch_train_time:3.886228919029236
2022-06-23 10:08:15,149 - pytorch_cvae.py[line:169] - INFO: ----------------------------No.40 epoch----------------------------
2022-06-23 10:08:15,149 - pytorch_cvae.py[line:176] - INFO: loss:0.11988805221335497, numeric_loss:0.0, categorical_loss:0.1198694191116374, kld_loss:0.00014969706538181526, epoch_train_time:3.9764608703553677
2022-06-23 10:08:19,122 - pytorch_cvae.py[line:169] - INFO: ----------------------------No.41 epoch----------------------------
2022-06-23 10:08:19,122 - pytorch_cvae.py[line:176] - INFO: loss:0.11987559004046489, numeric_loss:0.0, categorical_loss:0.11985755212663207, kld_loss:0.00013640522956848145, epoch_train_time:3.972306527197361
2022-06-23 10:08:23,102 - pytorch_cvae.py[line:169] - INFO: ----------------------------No.42 epoch----------------------------
2022-06-23 10:08:23,102 - pytorch_cvae.py[line:176] - INFO: loss:0.11987376160686836, numeric_loss:0.0, categorical_loss:0.119853496667929, kld_loss:0.0001443922519968055, epoch_train_time:3.9803974516689777
2022-06-23 10:08:27,113 - pytorch_cvae.py[line:169] - INFO: ----------------------------No.43 epoch----------------------------
2022-06-23 10:08:27,114 - pytorch_cvae.py[line:176] - INFO: loss:0.1198665140545927, numeric_loss:0.0, categorical_loss:0.1198450201045489, kld_loss:0.00014445185662737003, epoch_train_time:4.010938815772533
2022-06-23 10:08:31,097 - pytorch_cvae.py[line:169] - INFO: ----------------------------No.44 epoch----------------------------
2022-06-23 10:08:31,097 - pytorch_cvae.py[line:176] - INFO: loss:0.11986894092115108, numeric_loss:0.0, categorical_loss:0.11984728743846063, kld_loss:0.0001373887062072754, epoch_train_time:3.9835573881864548
2022-06-23 10:08:35,025 - pytorch_cvae.py[line:169] - INFO: ----------------------------No.45 epoch----------------------------
2022-06-23 10:08:35,025 - pytorch_cvae.py[line:176] - INFO: loss:0.11985861558059696, numeric_loss:0.0, categorical_loss:0.11983637910452671, kld_loss:0.00013333559039097054, epoch_train_time:3.9279361739754677
2022-06-23 10:08:38,982 - pytorch_cvae.py[line:169] - INFO: ----------------------------No.46 epoch----------------------------
2022-06-23 10:08:38,982 - pytorch_cvae.py[line:176] - INFO: loss:0.11986626240832265, numeric_loss:0.0, categorical_loss:0.11984134522208478, kld_loss:0.00014135241508483887, epoch_train_time:3.9564615301787853
2022-06-23 10:08:42,846 - pytorch_cvae.py[line:169] - INFO: ----------------------------No.47 epoch----------------------------
2022-06-23 10:08:42,846 - pytorch_cvae.py[line:176] - INFO: loss:0.11986531675211154, numeric_loss:0.0, categorical_loss:0.1198413546953816, kld_loss:0.0001287162304066669, epoch_train_time:3.863479968160391
2022-06-23 10:08:46,834 - pytorch_cvae.py[line:169] - INFO: ----------------------------No.48 epoch----------------------------
2022-06-23 10:08:46,835 - pytorch_cvae.py[line:176] - INFO: loss:0.1198596657050075, numeric_loss:0.0, categorical_loss:0.11983294723904692, kld_loss:0.0001360476017282508, epoch_train_time:3.9885921739041805
2022-06-23 10:08:50,770 - pytorch_cvae.py[line:169] - INFO: ----------------------------No.49 epoch----------------------------
2022-06-23 10:08:50,770 - pytorch_cvae.py[line:176] - INFO: loss:0.11986391556274612, numeric_loss:0.0, categorical_loss:0.11983652161143254, kld_loss:0.0001323521137521766, epoch_train_time:3.9353365413844585
2022-06-23 10:08:54,748 - pytorch_cvae.py[line:169] - INFO: ----------------------------No.50 epoch----------------------------
2022-06-23 10:08:54,748 - pytorch_cvae.py[line:176] - INFO: loss:0.11986754096869845, numeric_loss:0.0, categorical_loss:0.11983588713337667, kld_loss:0.0001452565193318378, epoch_train_time:3.978091087192297
2022-06-23 10:08:58,776 - pytorch_cvae.py[line:169] - INFO: ----------------------------No.51 epoch----------------------------
2022-06-23 10:08:58,776 - pytorch_cvae.py[line:176] - INFO: loss:0.11986268320470117, numeric_loss:0.0, categorical_loss:0.11983111801964696, kld_loss:0.00013771653178196175, epoch_train_time:4.027140233665705
2022-06-23 10:09:02,638 - pytorch_cvae.py[line:169] - INFO: ----------------------------No.52 epoch----------------------------
2022-06-23 10:09:02,639 - pytorch_cvae.py[line:176] - INFO: loss:0.11986436555162072, numeric_loss:0.0, categorical_loss:0.11983387581130955, kld_loss:0.0001266002655029297, epoch_train_time:3.862658865749836
2022-06-23 10:09:06,593 - pytorch_cvae.py[line:169] - INFO: ----------------------------No.53 epoch----------------------------
2022-06-23 10:09:06,594 - pytorch_cvae.py[line:176] - INFO: loss:0.11986196305952035, numeric_loss:0.0, categorical_loss:0.11983108094136696, kld_loss:0.00012215971948137394, epoch_train_time:3.9548128731548786
2022-06-23 10:09:10,516 - pytorch_cvae.py[line:169] - INFO: ----------------------------No.54 epoch----------------------------
2022-06-23 10:09:10,516 - pytorch_cvae.py[line:176] - INFO: loss:0.11986882505880203, numeric_loss:0.0, categorical_loss:0.11983353315736167, kld_loss:0.00013312697413425667, epoch_train_time:3.922006294131279
2022-06-23 10:09:14,506 - pytorch_cvae.py[line:169] - INFO: ----------------------------No.55 epoch----------------------------
2022-06-23 10:09:14,506 - pytorch_cvae.py[line:176] - INFO: loss:0.11986105522373691, numeric_loss:0.0, categorical_loss:0.11982649198034778, kld_loss:0.00012445449829101562, epoch_train_time:3.9900954365730286
2022-06-23 10:09:18,500 - pytorch_cvae.py[line:169] - INFO: ----------------------------No.56 epoch----------------------------
2022-06-23 10:09:18,500 - pytorch_cvae.py[line:176] - INFO: loss:0.11986425357463304, numeric_loss:0.0, categorical_loss:0.11982845434977207, kld_loss:0.00012317299842834473, epoch_train_time:3.993934355676174
2022-06-23 10:09:22,447 - pytorch_cvae.py[line:169] - INFO: ----------------------------No.57 epoch----------------------------
2022-06-23 10:09:22,447 - pytorch_cvae.py[line:176] - INFO: loss:0.11985951550013851, numeric_loss:0.0, categorical_loss:0.11982144345529377, kld_loss:0.00012528896333208195, epoch_train_time:3.9467816837131977
2022-06-23 10:09:26,445 - pytorch_cvae.py[line:169] - INFO: ----------------------------No.58 epoch----------------------------
2022-06-23 10:09:26,445 - pytorch_cvae.py[line:176] - INFO: loss:0.11986825248459354, numeric_loss:0.0, categorical_loss:0.11982920678565279, kld_loss:0.00012302398681640625, epoch_train_time:3.9978139586746693
2022-06-23 10:09:30,393 - pytorch_cvae.py[line:169] - INFO: ----------------------------No.59 epoch----------------------------
2022-06-23 10:09:30,393 - pytorch_cvae.py[line:176] - INFO: loss:0.11987060181854758, numeric_loss:0.0, categorical_loss:0.11982950536184944, kld_loss:0.000124096870450785, epoch_train_time:3.947927676141262
2022-06-23 10:09:34,263 - pytorch_cvae.py[line:169] - INFO: ----------------------------No.60 epoch----------------------------
2022-06-23 10:09:34,263 - pytorch_cvae.py[line:176] - INFO: loss:0.11987122597929556, numeric_loss:0.0, categorical_loss:0.11982463250751607, kld_loss:0.00013497471812229378, epoch_train_time:3.8698497898876667
2022-06-23 10:09:38,188 - pytorch_cvae.py[line:169] - INFO: ----------------------------No.61 epoch----------------------------
2022-06-23 10:09:38,189 - pytorch_cvae.py[line:176] - INFO: loss:0.11987065967696253, numeric_loss:0.0, categorical_loss:0.11982615863962565, kld_loss:0.00012379884722690804, epoch_train_time:3.9251575507223606
2022-06-23 10:09:42,176 - pytorch_cvae.py[line:169] - INFO: ----------------------------No.62 epoch----------------------------
2022-06-23 10:09:42,176 - pytorch_cvae.py[line:176] - INFO: loss:0.11986910890846048, numeric_loss:0.0, categorical_loss:0.11982355035434011, kld_loss:0.00012183189393510929, epoch_train_time:3.9873787984251976
2022-06-23 10:09:46,098 - pytorch_cvae.py[line:169] - INFO: ----------------------------No.63 epoch----------------------------
2022-06-23 10:09:46,098 - pytorch_cvae.py[line:176] - INFO: loss:0.11987781780771911, numeric_loss:0.0, categorical_loss:0.11982590742991306, kld_loss:0.0001335740089700721, epoch_train_time:3.921883426606655
2022-06-23 10:09:49,976 - pytorch_cvae.py[line:169] - INFO: ----------------------------No.64 epoch----------------------------
2022-06-23 10:09:49,976 - pytorch_cvae.py[line:176] - INFO: loss:0.11987481793039478, numeric_loss:0.0, categorical_loss:0.119825757923536, kld_loss:0.00012159347535600773, epoch_train_time:3.8772794790565968
2022-06-23 10:09:53,940 - pytorch_cvae.py[line:169] - INFO: ----------------------------No.65 epoch----------------------------
2022-06-23 10:09:53,940 - pytorch_cvae.py[line:176] - INFO: loss:0.11987956881057471, numeric_loss:0.0, categorical_loss:0.11982433406228665, kld_loss:0.00013199448588352425, epoch_train_time:3.964203104376793
2022-06-23 10:09:57,864 - pytorch_cvae.py[line:169] - INFO: ----------------------------No.66 epoch----------------------------
2022-06-23 10:09:57,864 - pytorch_cvae.py[line:176] - INFO: loss:0.11989428842207417, numeric_loss:0.0, categorical_loss:0.11983381299069151, kld_loss:0.00013947486880283577, epoch_train_time:3.9236974827945232
2022-06-23 10:10:01,802 - pytorch_cvae.py[line:169] - INFO: ----------------------------No.67 epoch----------------------------
2022-06-23 10:10:01,802 - pytorch_cvae.py[line:176] - INFO: loss:0.11988477713020984, numeric_loss:0.0, categorical_loss:0.119824813620653, kld_loss:0.00013360381126403809, epoch_train_time:3.9382776990532875
2022-06-23 10:10:05,730 - pytorch_cvae.py[line:169] - INFO: ----------------------------No.68 epoch----------------------------
2022-06-23 10:10:05,730 - pytorch_cvae.py[line:176] - INFO: loss:0.11988446036411915, numeric_loss:0.0, categorical_loss:0.11982452974189073, kld_loss:0.0001291334629058838, epoch_train_time:3.927743475884199
2022-06-23 10:10:09,691 - pytorch_cvae.py[line:169] - INFO: ----------------------------No.69 epoch----------------------------
2022-06-23 10:10:09,692 - pytorch_cvae.py[line:176] - INFO: loss:0.11988600960467011, numeric_loss:0.0, categorical_loss:0.11982472690579016, kld_loss:0.00012782216073503605, epoch_train_time:3.960929688066244
2022-06-23 10:10:13,660 - pytorch_cvae.py[line:169] - INFO: ----------------------------No.70 epoch----------------------------
2022-06-23 10:10:13,660 - pytorch_cvae.py[line:176] - INFO: loss:0.11989070051640738, numeric_loss:0.0, categorical_loss:0.11982865119352937, kld_loss:0.00012540817260742188, epoch_train_time:3.968711022287607
2022-06-23 10:10:17,648 - pytorch_cvae.py[line:169] - INFO: ----------------------------No.71 epoch----------------------------
2022-06-23 10:10:17,648 - pytorch_cvae.py[line:176] - INFO: loss:0.11989678067038767, numeric_loss:0.0, categorical_loss:0.11982627255201805, kld_loss:0.00013822317123413086, epoch_train_time:3.9874574951827526
2022-06-23 10:10:21,477 - pytorch_cvae.py[line:169] - INFO: ----------------------------No.72 epoch----------------------------
2022-06-23 10:10:21,477 - pytorch_cvae.py[line:176] - INFO: loss:0.11989275766245555, numeric_loss:0.0, categorical_loss:0.11982217265176587, kld_loss:0.00013434886932373047, epoch_train_time:3.828724257647991
2022-06-23 10:10:25,387 - pytorch_cvae.py[line:169] - INFO: ----------------------------No.73 epoch----------------------------
2022-06-23 10:10:25,387 - pytorch_cvae.py[line:176] - INFO: loss:0.11989992091548629, numeric_loss:0.0, categorical_loss:0.1198279249801999, kld_loss:0.00013318657875061035, epoch_train_time:3.9098754972219467
2022-06-23 10:10:29,336 - pytorch_cvae.py[line:169] - INFO: ----------------------------No.74 epoch----------------------------
2022-06-23 10:10:29,336 - pytorch_cvae.py[line:176] - INFO: loss:0.11989709567569662, numeric_loss:0.0, categorical_loss:0.11982249621360097, kld_loss:0.0001342594623849891, epoch_train_time:3.949222832918167
2022-06-23 10:10:33,264 - pytorch_cvae.py[line:169] - INFO: ----------------------------No.75 epoch----------------------------
2022-06-23 10:10:33,264 - pytorch_cvae.py[line:176] - INFO: loss:0.11989844201889355, numeric_loss:0.0, categorical_loss:0.11982197724864818, kld_loss:0.00013402104378457125, epoch_train_time:3.927170556038618
2022-06-23 10:10:37,248 - pytorch_cvae.py[line:169] - INFO: ----------------------------No.76 epoch----------------------------
2022-06-23 10:10:37,248 - pytorch_cvae.py[line:176] - INFO: loss:0.11990426205738913, numeric_loss:0.0, categorical_loss:0.11982334406638984, kld_loss:0.00013825297355651855, epoch_train_time:3.984061162918806
2022-06-23 10:10:41,084 - pytorch_cvae.py[line:169] - INFO: ----------------------------No.77 epoch----------------------------
2022-06-23 10:10:41,085 - pytorch_cvae.py[line:176] - INFO: loss:0.11990836888435297, numeric_loss:0.0, categorical_loss:0.11982530036766548, kld_loss:0.00013849139214983097, epoch_train_time:3.836335316300392
2022-06-23 10:10:45,035 - pytorch_cvae.py[line:169] - INFO: ----------------------------No.78 epoch----------------------------
2022-06-23 10:10:45,035 - pytorch_cvae.py[line:176] - INFO: loss:0.1199040378414793, numeric_loss:0.0, categorical_loss:0.11981806094991043, kld_loss:0.00014001131056318172, epoch_train_time:3.9506730288267136
2022-06-23 10:10:48,985 - pytorch_cvae.py[line:169] - INFO: ----------------------------No.79 epoch----------------------------
2022-06-23 10:10:48,985 - pytorch_cvae.py[line:176] - INFO: loss:0.11990523563872557, numeric_loss:0.0, categorical_loss:0.11982093368715141, kld_loss:0.0001342296600341797, epoch_train_time:3.9494355879724026
2022-06-23 10:10:52,913 - pytorch_cvae.py[line:169] - INFO: ----------------------------No.80 epoch----------------------------
2022-06-23 10:10:52,913 - pytorch_cvae.py[line:176] - INFO: loss:0.11991146464424673, numeric_loss:0.0, categorical_loss:0.11982093141705263, kld_loss:0.00014108419419756046, epoch_train_time:3.927622679620981
2022-06-23 10:10:56,884 - pytorch_cvae.py[line:169] - INFO: ----------------------------No.81 epoch----------------------------
2022-06-23 10:10:56,884 - pytorch_cvae.py[line:176] - INFO: loss:0.11991306066920515, numeric_loss:0.0, categorical_loss:0.11982045801414642, kld_loss:0.00014138221743564827, epoch_train_time:3.9708773382008076
2022-06-23 10:11:00,811 - pytorch_cvae.py[line:169] - INFO: ----------------------------No.82 epoch----------------------------
2022-06-23 10:11:00,811 - pytorch_cvae.py[line:176] - INFO: loss:0.11990742397028953, numeric_loss:0.0, categorical_loss:0.11981924741121475, kld_loss:0.0001320242881917011, epoch_train_time:3.9265116155147552
2022-06-23 10:11:04,798 - pytorch_cvae.py[line:169] - INFO: ----------------------------No.83 epoch----------------------------
2022-06-23 10:11:04,798 - pytorch_cvae.py[line:176] - INFO: loss:0.11991225069505163, numeric_loss:0.0, categorical_loss:0.11981567557086237, kld_loss:0.00014194846156101448, epoch_train_time:3.986867878586054
2022-06-23 10:11:08,825 - pytorch_cvae.py[line:169] - INFO: ----------------------------No.84 epoch----------------------------
2022-06-23 10:11:08,825 - pytorch_cvae.py[line:176] - INFO: loss:0.11991007224423811, numeric_loss:0.0, categorical_loss:0.11981484509306028, kld_loss:0.00013753771784763558, epoch_train_time:4.027284257113934
2022-06-23 10:11:12,758 - pytorch_cvae.py[line:169] - INFO: ----------------------------No.85 epoch----------------------------
2022-06-23 10:11:12,758 - pytorch_cvae.py[line:176] - INFO: loss:0.11991835714434274, numeric_loss:0.0, categorical_loss:0.11981982649012934, kld_loss:0.00013998150826921574, epoch_train_time:3.9322646260261536
2022-06-23 10:11:16,739 - pytorch_cvae.py[line:169] - INFO: ----------------------------No.86 epoch----------------------------
2022-06-23 10:11:16,739 - pytorch_cvae.py[line:176] - INFO: loss:0.11991267625126056, numeric_loss:0.0, categorical_loss:0.11981411941815168, kld_loss:0.00013786554336547852, epoch_train_time:3.981198374181986
2022-06-23 10:11:20,693 - pytorch_cvae.py[line:169] - INFO: ----------------------------No.87 epoch----------------------------
2022-06-23 10:11:20,693 - pytorch_cvae.py[line:176] - INFO: loss:0.1199145824793959, numeric_loss:0.0, categorical_loss:0.11981516961532179, kld_loss:0.00013706088066101074, epoch_train_time:3.953580055385828
2022-06-23 10:11:24,654 - pytorch_cvae.py[line:169] - INFO: ----------------------------No.88 epoch----------------------------
2022-06-23 10:11:24,654 - pytorch_cvae.py[line:176] - INFO: loss:0.11991888964257669, numeric_loss:0.0, categorical_loss:0.11981212200771552, kld_loss:0.0001452267170094501, epoch_train_time:3.9612515792250633
2022-06-23 10:11:28,558 - pytorch_cvae.py[line:169] - INFO: ----------------------------No.89 epoch----------------------------
2022-06-23 10:11:28,558 - pytorch_cvae.py[line:176] - INFO: loss:0.11991898722772021, numeric_loss:0.0, categorical_loss:0.11981416068738326, kld_loss:0.0001408159732676495, epoch_train_time:3.903902843594551
2022-06-23 10:11:32,484 - pytorch_cvae.py[line:169] - INFO: ----------------------------No.90 epoch----------------------------
2022-06-23 10:11:32,484 - pytorch_cvae.py[line:176] - INFO: loss:0.11992333325906657, numeric_loss:0.0, categorical_loss:0.11981309682596475, kld_loss:0.00014638900756835938, epoch_train_time:3.925685331225395
2022-06-23 10:11:36,500 - pytorch_cvae.py[line:169] - INFO: ----------------------------No.91 epoch----------------------------
2022-06-23 10:11:36,500 - pytorch_cvae.py[line:176] - INFO: loss:0.11992543790256605, numeric_loss:0.0, categorical_loss:0.11981648915389087, kld_loss:0.00014317035677891, epoch_train_time:4.0153957568109035
2022-06-23 10:11:40,472 - pytorch_cvae.py[line:169] - INFO: ----------------------------No.92 epoch----------------------------
2022-06-23 10:11:40,472 - pytorch_cvae.py[line:176] - INFO: loss:0.11991809032042511, numeric_loss:0.0, categorical_loss:0.11981043554260395, kld_loss:0.00014013051988115421, epoch_train_time:3.9715983793139458
2022-06-23 10:11:44,479 - pytorch_cvae.py[line:169] - INFO: ----------------------------No.93 epoch----------------------------
2022-06-23 10:11:44,479 - pytorch_cvae.py[line:176] - INFO: loss:0.11991974075499456, numeric_loss:0.0, categorical_loss:0.1198120444023516, kld_loss:0.0001389980316304218, epoch_train_time:4.007367763668299
2022-06-23 10:11:48,469 - pytorch_cvae.py[line:169] - INFO: ----------------------------No.94 epoch----------------------------
2022-06-23 10:11:48,469 - pytorch_cvae.py[line:176] - INFO: loss:0.11991972682881169, numeric_loss:0.0, categorical_loss:0.11981133655353915, kld_loss:0.00013884902003269417, epoch_train_time:3.9896520785987377
2022-06-23 10:11:52,403 - pytorch_cvae.py[line:169] - INFO: ----------------------------No.95 epoch----------------------------
2022-06-23 10:11:52,403 - pytorch_cvae.py[line:176] - INFO: loss:0.11992453731363639, numeric_loss:0.0, categorical_loss:0.11981110731721856, kld_loss:0.0001443624496744178, epoch_train_time:3.9337210096418858
2022-06-23 10:11:56,375 - pytorch_cvae.py[line:169] - INFO: ----------------------------No.96 epoch----------------------------
2022-06-23 10:11:56,375 - pytorch_cvae.py[line:176] - INFO: loss:0.1199240983260097, numeric_loss:0.0, categorical_loss:0.11980943148955703, kld_loss:0.00014513731005649788, epoch_train_time:3.9719215855002403
2022-06-23 10:12:00,242 - pytorch_cvae.py[line:169] - INFO: ----------------------------No.97 epoch----------------------------
2022-06-23 10:12:00,243 - pytorch_cvae.py[line:176] - INFO: loss:0.11991819889226463, numeric_loss:0.0, categorical_loss:0.11980786327330861, kld_loss:0.00013902783393859863, epoch_train_time:3.8672950714826584
2022-06-23 10:12:04,183 - pytorch_cvae.py[line:169] - INFO: ----------------------------No.98 epoch----------------------------
2022-06-23 10:12:04,183 - pytorch_cvae.py[line:176] - INFO: loss:0.11992880555044394, numeric_loss:0.0, categorical_loss:0.11981036956422031, kld_loss:0.0001487135887145996, epoch_train_time:3.940693322569132
2022-06-23 10:12:08,117 - pytorch_cvae.py[line:169] - INFO: ----------------------------No.99 epoch----------------------------
2022-06-23 10:12:08,117 - pytorch_cvae.py[line:176] - INFO: loss:0.11991966272762511, numeric_loss:0.0, categorical_loss:0.11980873378342949, kld_loss:0.00013893842697143555, epoch_train_time:3.93353521078825
2022-06-23 10:12:12,077 - pytorch_cvae.py[line:169] - INFO: ----------------------------No.100 epoch----------------------------
2022-06-23 10:12:12,077 - pytorch_cvae.py[line:176] - INFO: loss:0.11992221923719626, numeric_loss:0.0, categorical_loss:0.11980642974958755, kld_loss:0.00014480948448181152, epoch_train_time:3.9593903087079525
2022-06-23 10:12:12,077 - pytorch_cvae.py[line:185] - INFO: training time elapsed:394.893596034497
2022-06-23 10:12:12,078 - model_utils.py[line:67] - INFO: save model successfully
2022-06-23 10:12:12,806 - pytorch_cvae.py[line:261] - INFO: train model time elapsed:396.68340522423387
2022-06-23 10:12:12,806 - main.py[line:382] - INFO: multi_sampling No.0 epoch
2022-06-23 10:12:12,812 - main.py[line:382] - INFO: multi_sampling No.1 epoch
2022-06-23 10:12:12,837 - main.py[line:382] - INFO: multi_sampling No.2 epoch
2022-06-23 10:12:34,522 - pytorch_cvae.py[line:395] - INFO: sampling time:21.636632464826107
2022-06-23 10:12:34,656 - pytorch_cvae.py[line:415] - INFO: house sampling rate:0.05
2022-06-23 10:12:36,191 - pytorch_cvae.py[line:395] - INFO: sampling time:23.335822999477386
2022-06-23 10:12:36,241 - pytorch_cvae.py[line:415] - INFO: house sampling rate:0.05
2022-06-23 10:12:36,346 - pytorch_cvae.py[line:395] - INFO: sampling time:23.482514198869467
2022-06-23 10:12:36,398 - pytorch_cvae.py[line:415] - INFO: house sampling rate:0.05
2022-06-23 10:12:37,299 - pytorch_cvae.py[line:395] - INFO: sampling time:2.642363764345646
2022-06-23 10:12:37,495 - pytorch_cvae.py[line:395] - INFO: sampling time:1.2541303783655167
2022-06-23 10:12:37,604 - main.py[line:366] - INFO: sample and aggregation time elapsed:24.7607111223042
2022-06-23 10:12:37,819 - pytorch_cvae.py[line:395] - INFO: sampling time:1.419803749769926
2022-06-23 10:12:38,036 - main.py[line:366] - INFO: sample and aggregation time elapsed:25.21928359940648
2022-06-23 10:12:38,120 - main.py[line:366] - INFO: sample and aggregation time elapsed:25.313723113387823
2022-06-23 10:12:38,126 - main.py[line:399] - INFO: sample time:25.31974847614765
2022-06-23 10:12:38,145 - main.py[line:99] - INFO: aqp result:
                  avg(a_taxi_out)  avg(a_air_time)  avg(a_distance)  \
a_unique_carrier                                                      
9E               15.65            1209.08          749.82             
AA               15.88            1208.39          749.51             
AQ               16.93            1211.96          746.26             
AS               15.39            1211.16          753.25             
B6               16.23            1209.36          755.06             
CO               16.04            1208.16          748.79             
DH               15.67            1209.24          770.13             
DL               15.71            1208.64          749.19             
EV               15.76            1208.14          754.17             
F9               15.87            1206.91          747.45             
FL               16.36            1210.76          776.18             
HA               15.62            1208.85          741.62             
HP               15.48            1206.39          739.17             
MQ               16.20            1207.04          742.62             
NK               16.45            1211.29          780.28             
NW               15.60            1207.57          742.09             
OH (1)           15.71            1208.01          745.93             
OO               15.96            1207.85          747.16             
TW               15.15            1218.41          795.47             
TZ               16.21            1211.97          753.60             
UA               15.78            1207.38          751.64             
US               16.01            1207.40          743.58             
VX               15.51            1207.51          770.94             
WN               15.46            1208.68          752.13             
XE               15.50            1207.15          749.93             
YV               16.26            1206.71          741.25             

                  sum(a_taxi_out)  sum(a_air_time)  sum(a_distance)  
a_unique_carrier                                                     
9E               540577054.44     42754403446.98   26693832784.73    
AA               8415025323.26    638067392186.78  398430188385.55   
AQ               3985545.86       283185020.68     174303446.73      
AS               772684008.06     61142826839.89   38333675744.08    
B6               848029212.54     65042592561.08   40829518201.12    
CO               2935084154.90    221711719986.24  138654312684.96   
DH               68968835.12      5480521241.29    3528199022.91     
DL               12035663261.37   939318512504.69  589560817988.12   
EV               3216762935.50    253503599012.76  160424891841.62   
F9               237131473.49     18402259257.52   11587142025.28    
FL               248692867.64     18361732281.70   11987870825.88    
HA               75687315.24      5819806767.58    3623021128.81     
HP               656683110.83     51075827412.55   31395005671.89    
MQ               1765224511.55    133639774549.68  82893290217.24    
NK               38277661.30      2847700376.82    1852624250.39     
NW               1596021611.90    126435218973.26  78880719515.95    
OH (1)           616049117.61     48039319308.26   29972810061.33    
OO               3452705098.97    262636810672.07  164117978332.73   
TW               47885741.19      3812718681.31    2519345839.72     
TZ               18654973.94      1404871151.89    874422457.02      
UA               7936571241.32    609072495716.02  381499067979.07   
US               5808474773.05    447371460303.75  277636351007.49   
VX               43970773.12      3483759753.00    2261654935.10     
WN               13738229743.97   1091317493979.66 686497877032.38   
XE               647594803.48     50849964206.95   31955857812.38    
YV               65756037.39      4784774439.33    3002979464.82     
2022-06-23 10:12:38,147 - main.py[line:100] - INFO: ground truth:
                  sum(a_taxi_out)  avg(a_taxi_out)  sum(a_air_time)  \
a_unique_carrier                                                      
9E               271310121.00     15.41            21198212728.78     
AA               2971224005.92    15.58            229925887387.02    
AQ               28737645.35      15.28            2265567865.18      
AS               682235527.07     15.46            53187792961.53     
B6               542242116.98     15.54            42123464812.56     
CO               1135574721.80    15.57            87824387890.86     
DH               135833515.09     15.25            10697322968.11     
DL               3344461948.00    15.57            259020514285.65    
EV               1193025889.76    15.72            91462990174.83     
F9               211035963.34     15.31            16587322451.22     
FL               522845513.82     15.59            40432930096.08     
HA               180199730.74     15.80            13735460760.99     
HP               456649504.05     15.71            35040188267.35     
MQ               1387069379.24    15.64            106810022700.56    
NK               57918304.17      16.21            4291144580.35      
NW               1462638965.08    15.54            113338971380.97    
OH (1)           355019627.42     15.42            27743229645.60     
OO               1633863406.52    15.63            125980756812.07    
TW               372897323.06     15.36            29261062383.78     
TZ               44038519.99      15.80            3358990611.60      
UA               2554421426.79    15.70            196074009627.29    
US               2250663251.01    15.70            172648104721.72    
VX               62888743.60      14.98            5063331102.09      
WN               4614266739.93    15.52            358213919253.33    
XE               685196204.47     15.61            52961838329.85     
YV               358912008.33     15.86            27339314721.61     

                  avg(a_air_time)  sum(a_distance)  avg(a_distance)  
a_unique_carrier                                                     
9E               1204.06          12882919599.11   731.75            
AA               1205.67          141738143709.28  743.24            
AQ               1204.30          1395339187.09    741.72            
AS               1205.08          32599636424.71   738.61            
B6               1207.31          26473739510.66   758.77            
CO               1204.39          53275798749.35   730.61            
DH               1200.60          6298112071.91    706.86            
DL               1205.77          159735498377.29  743.59            
EV               1204.95          56051809220.51   738.44            
F9               1203.15          9891258226.23    717.45            
FL               1205.42          24931507039.87   743.28            
HA               1204.14          8315283574.58    728.97            
HP               1205.20          21546973599.20   741.10            
MQ               1204.19          64997946018.33   732.79            
NK               1201.34          2538246940.51    710.60            
NW               1204.40          69129318406.52   734.61            
OH (1)           1205.25          17048260701.86   740.63            
OO               1205.12          77380265282.89   740.21            
TW               1205.04          17907180709.20   737.46            
TZ               1204.98          2040098099.24    731.85            
UA               1204.87          119841626357.14  736.43            
US               1204.30          105117179652.01  733.24            
VX               1206.27          3138061812.41    747.60            
WN               1204.92          219425314657.86  738.08            
XE               1206.20          32865427942.25   748.51            
YV               1207.91          17270104625.57   763.03            
2022-06-23 10:12:38,157 - main.py[line:407] - INFO: relative error:
                  avg(a_air_time)  avg(a_distance)  avg(a_taxi_out)  \
a_unique_carrier                                                      
9E               0.00             0.02             0.02               
AA               0.00             0.01             0.02               
AQ               0.01             0.01             0.11               
AS               0.01             0.02             0.00               
B6               0.00             0.00             0.04               
CO               0.00             0.02             0.03               
DH               0.01             0.09             0.03               
DL               0.00             0.01             0.01               
EV               0.00             0.02             0.00               
F9               0.00             0.04             0.04               
FL               0.00             0.04             0.05               
HA               0.00             0.02             0.01               
HP               0.00             0.00             0.01               
MQ               0.00             0.01             0.04               
NK               0.01             0.10             0.01               
NW               0.00             0.01             0.00               
OH (1)           0.00             0.01             0.02               
OO               0.00             0.01             0.02               
TW               0.01             0.08             0.01               
TZ               0.01             0.03             0.03               
UA               0.00             0.02             0.01               
US               0.00             0.01             0.02               
VX               0.00             0.03             0.04               
WN               0.00             0.02             0.00               
XE               0.00             0.00             0.01               
YV               0.00             0.03             0.03               

                  sum(a_air_time)  sum(a_distance)  sum(a_taxi_out)  
a_unique_carrier                                                     
9E               1.02             1.07             0.99              
AA               1.78             1.81             1.83              
AQ               0.88             0.88             0.86              
AS               0.15             0.18             0.13              
B6               0.54             0.54             0.56              
CO               1.52             1.60             1.58              
DH               0.49             0.44             0.49              
DL               2.63             2.69             2.60              
EV               1.77             1.86             1.70              
F9               0.11             0.17             0.12              
FL               0.55             0.52             0.52              
HA               0.58             0.56             0.58              
HP               0.46             0.46             0.44              
MQ               0.25             0.28             0.27              
NK               0.34             0.27             0.34              
NW               0.12             0.14             0.09              
OH (1)           0.73             0.76             0.74              
OO               1.08             1.12             1.11              
TW               0.87             0.86             0.87              
TZ               0.58             0.57             0.58              
UA               2.11             2.18             2.11              
US               1.59             1.64             1.58              
VX               0.31             0.28             0.30              
WN               2.05             2.13             1.98              
XE               0.04             0.03             0.05              
YV               0.82             0.83             0.82              
2022-06-23 10:12:38,159 - main.py[line:408] - INFO: relative error normalized:
                  avg(a_air_time)  avg(a_distance)  avg(a_taxi_out)  \
a_unique_carrier                                                      
9E               0.00             0.02             0.02               
AA               0.00             0.01             0.02               
AQ               0.01             0.01             0.10               
AS               0.01             0.02             0.00               
B6               0.00             0.00             0.04               
CO               0.00             0.02             0.03               
DH               0.01             0.09             0.03               
DL               0.00             0.01             0.01               
EV               0.00             0.02             0.00               
F9               0.00             0.04             0.04               
FL               0.00             0.04             0.05               
HA               0.00             0.02             0.01               
HP               0.00             0.00             0.01               
MQ               0.00             0.01             0.04               
NK               0.01             0.09             0.01               
NW               0.00             0.01             0.00               
OH (1)           0.00             0.01             0.02               
OO               0.00             0.01             0.02               
TW               0.01             0.08             0.01               
TZ               0.01             0.03             0.03               
UA               0.00             0.02             0.01               
US               0.00             0.01             0.02               
VX               0.00             0.03             0.03               
WN               0.00             0.02             0.00               
XE               0.00             0.00             0.01               
YV               0.00             0.03             0.02               

                  sum(a_air_time)  sum(a_distance)  sum(a_taxi_out)  
a_unique_carrier                                                     
9E               0.64             0.66             0.63              
AA               0.83             0.84             0.84              
AQ               0.58             0.58             0.58              
AS               0.14             0.16             0.12              
B6               0.42             0.42             0.43              
CO               0.78             0.80             0.79              
DH               0.39             0.36             0.39              
DL               0.93             0.93             0.93              
EV               0.83             0.84             0.82              
F9               0.10             0.16             0.12              
FL               0.42             0.40             0.41              
HA               0.44             0.43             0.44              
HP               0.37             0.37             0.35              
MQ               0.22             0.24             0.24              
NK               0.29             0.24             0.29              
NW               0.11             0.13             0.09              
OH (1)           0.52             0.53             0.52              
OO               0.66             0.67             0.67              
TW               0.58             0.58             0.58              
TZ               0.44             0.44             0.44              
UA               0.88             0.89             0.88              
US               0.80             0.81             0.79              
VX               0.27             0.24             0.26              
WN               0.87             0.88             0.86              
XE               0.04             0.03             0.05              
YV               0.56             0.56             0.56              
2022-06-23 10:12:38,159 - main.py[line:411] - INFO: relative error average :0.4605487768443166
2022-06-23 10:12:38,159 - main.py[line:412] - INFO: relative error normalized average :0.26090802864065143
2022-06-23 10:12:38,162 - main.py[line:458] - INFO: total_time:888.4190604016185
categorical_columns: ['a_origin_0', 'a_origin_1', 'a_origin_2', 'a_origin_3', 'a_origin_4', 'a_origin_5', 'a_origin_6', 'a_origin_7', 'a_origin_8', 'a_origin_9', 'a_unique_carrier_0', 'a_unique_carrier_1', 'a_unique_carrier_2', 'a_unique_carrier_3', 'a_unique_carrier_4', 'a_unique_carrier_5']
  a_origin a_unique_carrier  a_taxi_out  a_air_time  a_distance  \
0  CIC      HP              17.01       1205.60     721.23        
1  ABE      CO              16.87       1201.82     710.74        
2  BGR      MQ              16.90       1201.81     707.00        
3  ABE      MQ              16.96       1202.79     711.93        
4  ABE      NK              15.32       1207.50     724.00        
5  ABE      DL              15.28       1203.69     707.72        
6  ABE      XE              17.71       1210.65     755.57        
7  ABE      XE              17.72       1210.66     754.25        
8  ABE      OO              17.25       1207.16     731.68        
9  ABE      US              17.29       1206.64     729.07        

  a_origin-a_unique_carrier  flights2-flight-a_rate  
0  CIC-HP                   1.00                     
1  ABE-CO                   0.22                     
2  BGR-MQ                   0.21                     
3  ABE-MQ                   0.14                     
4  ABE-NK                   nan                      
5  ABE-DL                   0.08                     
6  ABE-XE                   0.45                     
7  ABE-XE                   0.45                     
8  ABE-OO                   0.40                     
9  ABE-US                   0.15                     
categorical_columns: ['a_origin_0', 'a_origin_1', 'a_origin_2', 'a_origin_3', 'a_origin_4', 'a_origin_5', 'a_origin_6', 'a_origin_7', 'a_origin_8', 'a_origin_9', 'a_unique_carrier_0', 'a_unique_carrier_1', 'a_unique_carrier_2', 'a_unique_carrier_3', 'a_unique_carrier_4', 'a_unique_carrier_5']
categorical_columns: ['a_origin_0', 'a_origin_1', 'a_origin_2', 'a_origin_3', 'a_origin_4', 'a_origin_5', 'a_origin_6', 'a_origin_7', 'a_origin_8', 'a_origin_9', 'a_unique_carrier_0', 'a_unique_carrier_1', 'a_unique_carrier_2', 'a_unique_carrier_3', 'a_unique_carrier_4', 'a_unique_carrier_5']
  a_origin a_unique_carrier  a_taxi_out  a_air_time  a_distance  \
0  CID      HP              17.13       1204.78     718.27        
1  ABE      CO              16.80       1202.39     713.05        
2  ABE      CO              16.91       1201.92     708.84        
3  ABE      MQ              16.82       1201.99     710.80        
4  ABE      NW              15.27       1207.28     722.47        
5  ABE      DL              15.25       1204.00     709.24        
6  ABE      XE              17.70       1210.67     756.65        
7  ABE      XE              17.68       1210.22     755.70        
8  ABE      OO              17.27       1206.80     731.00        
9  ABE      OO              17.26       1206.79     731.43        

  a_origin-a_unique_carrier  flights2-flight-a_rate  
0  CID-HP                   0.31                     
1  ABE-CO                   0.22                     
2  ABE-CO                   0.22                     
3  ABE-MQ                   0.14                     
4  ABE-NW                   0.12                     
5  ABE-DL                   0.08                     
6  ABE-XE                   0.45                     
7  ABE-XE                   0.45                     
8  ABE-OO                   0.40                     
9  ABE-OO                   0.40                     
  a_origin a_unique_carrier  a_taxi_out  a_air_time  a_distance  \
0  DRO      HP              17.15       1205.68     720.71        
1  ABE      MQ              16.86       1201.74     708.90        
2  CIC      CO              16.88       1201.90     709.69        
3  ABE      CO              16.91       1202.17     709.26        
4  ABE      NW              15.40       1207.58     723.90        
5  ABE      DL              15.22       1203.93     709.17        
6  ABE      XE              17.66       1210.63     756.76        
7  ABE      XE              17.73       1210.53     754.02        
8  ABE      OO              17.22       1206.97     731.90        
9  ABE      OO              17.28       1206.82     730.67        

  a_origin-a_unique_carrier  flights2-flight-a_rate  
0  DRO-HP                   1.00                     
1  ABE-MQ                   0.14                     
2  CIC-CO                   0.56                     
3  ABE-CO                   0.22                     
4  ABE-NW                   0.12                     
5  ABE-DL                   0.08                     
6  ABE-XE                   0.45                     
7  ABE-XE                   0.45                     
8  ABE-OO                   0.40                     
9  ABE-OO                   0.40                     
categorical_columns: ['b_origin_0', 'b_origin_1', 'b_origin_2', 'b_origin_3', 'b_origin_4', 'b_origin_5', 'b_origin_6', 'b_origin_7', 'b_origin_8', 'b_origin_9']
  b_origin  flights2-flight-b_rate
0  ABE     0.05                   
1  ABE     0.05                   
2  ABE     0.05                   
3  ABE     0.05                   
4  ABE     0.05                   
5  ABE     0.05                   
6  ABE     0.05                   
7  ABE     0.05                   
8  ABE     0.05                   
9  ABE     0.05                   
categorical_columns: ['b_origin_0', 'b_origin_1', 'b_origin_2', 'b_origin_3', 'b_origin_4', 'b_origin_5', 'b_origin_6', 'b_origin_7', 'b_origin_8', 'b_origin_9']
  b_origin  flights2-flight-b_rate
0  ABE     0.05                   
1  ABE     0.05                   
2  ABE     0.05                   
3  ABE     0.05                   
4  ABE     0.05                   
5  ABE     0.05                   
6  ABE     0.05                   
7  ABE     0.05                   
8  ABE     0.05                   
9  ABE     0.05                   
categorical_columns: ['b_origin_0', 'b_origin_1', 'b_origin_2', 'b_origin_3', 'b_origin_4', 'b_origin_5', 'b_origin_6', 'b_origin_7', 'b_origin_8', 'b_origin_9']
  b_origin  flights2-flight-b_rate
0  ABE     0.05                   
1  ABE     0.05                   
2  ABE     0.05                   
3  ABE     0.05                   
4  ABE     0.05                   
5  ABE     0.05                   
6  ABE     0.05                   
7  ABE     0.05                   
8  ABE     0.05                   
9  ABE     0.05                   
