main.py:19: FutureWarning: Passing a negative integer is deprecated in version 1.0 and will not be supported in future version. Instead, use None to not limit the column width.
  pd.set_option('max_colwidth', -1)
2022-06-22 23:26:16,131 - main.py[line:438] - INFO: load query config config/query/flights.json successfully
2022-06-22 23:26:16,131 - main.py[line:445] - INFO: load train config ./config/train/flights_a_torch_cvae.json successfully
2022-06-22 23:26:16,132 - main.py[line:445] - INFO: load train config ./config/train/flights_b_torch_cvae.json successfully
2022-06-22 23:26:16,132 - pytorch_cvae.py[line:242] - INFO: epoch:100
2022-06-22 23:26:16,132 - pytorch_cvae.py[line:243] - INFO: batch size:512
2022-06-22 23:26:16,132 - pytorch_cvae.py[line:244] - INFO: latent dimension:50
2022-06-22 23:26:16,132 - pytorch_cvae.py[line:245] - INFO: intermediate dimension:100
2022-06-22 23:26:16,132 - pytorch_cvae.py[line:246] - INFO: gpu num:0
2022-06-22 23:26:16,132 - dataset_utils.py[line:543] - INFO: load existing dataset:flights-flight-a_a_unique_carrier_a_taxi_out#a_air_time#a_distance_a_unique_carrier_binary_gaussian5_0
2022-06-22 23:26:19,072 - dataset_utils.py[line:555] - INFO: load dataset time elapsed:2.939904134720564
2022-06-22 23:26:19,072 - pytorch_cvae.py[line:251] - INFO: feature info:[('a_taxi_out', 'numerical', 6), ('a_air_time', 'numerical', 6), ('a_distance', 'numerical', 6), ('a_unique_carrier', 'categorical', 6)]
2022-06-22 23:26:24,803 - pytorch_cvae.py[line:169] - INFO: ----------------------------No.1 epoch----------------------------
2022-06-22 23:26:24,803 - pytorch_cvae.py[line:176] - INFO: loss:616.9942114800215, numeric_loss:50.43885983712971, categorical_loss:458.5910179875791, kld_loss:20029.15915888548, epoch_train_time:5.728748183697462
2022-06-22 23:26:30,073 - pytorch_cvae.py[line:169] - INFO: ----------------------------No.2 epoch----------------------------
2022-06-22 23:26:30,073 - pytorch_cvae.py[line:176] - INFO: loss:128.5982055515051, numeric_loss:13.73701267503202, categorical_loss:19.294087512418628, kld_loss:16050.130407333374, epoch_train_time:5.269357994198799
2022-06-22 23:26:35,462 - pytorch_cvae.py[line:169] - INFO: ----------------------------No.3 epoch----------------------------
2022-06-22 23:26:35,462 - pytorch_cvae.py[line:176] - INFO: loss:108.78069557249546, numeric_loss:11.072336742654443, categorical_loss:13.29332697764039, kld_loss:12847.301010131836, epoch_train_time:5.388443868607283
2022-06-22 23:26:40,800 - pytorch_cvae.py[line:169] - INFO: ----------------------------No.4 epoch----------------------------
2022-06-22 23:26:40,800 - pytorch_cvae.py[line:176] - INFO: loss:96.91098855435848, numeric_loss:10.254957566037774, categorical_loss:10.224075412377715, kld_loss:10551.72279548645, epoch_train_time:5.3380900248885155
2022-06-22 23:26:46,212 - pytorch_cvae.py[line:169] - INFO: ----------------------------No.5 epoch----------------------------
2022-06-22 23:26:46,212 - pytorch_cvae.py[line:176] - INFO: loss:89.6880346685648, numeric_loss:9.82915524020791, categorical_loss:8.205454712733626, kld_loss:8982.059723854065, epoch_train_time:5.4117592722177505
2022-06-22 23:26:51,538 - pytorch_cvae.py[line:169] - INFO: ----------------------------No.6 epoch----------------------------
2022-06-22 23:26:51,538 - pytorch_cvae.py[line:176] - INFO: loss:86.15981481969357, numeric_loss:9.734293987974524, categorical_loss:6.940596001688391, kld_loss:7916.887038230896, epoch_train_time:5.325724445283413
2022-06-22 23:26:56,860 - pytorch_cvae.py[line:169] - INFO: ----------------------------No.7 epoch----------------------------
2022-06-22 23:26:56,861 - pytorch_cvae.py[line:176] - INFO: loss:85.91260978579521, numeric_loss:9.707507782615721, categorical_loss:6.194561908952892, kld_loss:7257.490384101868, epoch_train_time:5.322446934878826
2022-06-22 23:27:02,323 - pytorch_cvae.py[line:169] - INFO: ----------------------------No.8 epoch----------------------------
2022-06-22 23:27:02,323 - pytorch_cvae.py[line:176] - INFO: loss:87.81410762667656, numeric_loss:10.043824794702232, categorical_loss:5.586389088071883, kld_loss:6814.858006477356, epoch_train_time:5.462120443582535
2022-06-22 23:27:07,678 - pytorch_cvae.py[line:169] - INFO: ----------------------------No.9 epoch----------------------------
2022-06-22 23:27:07,678 - pytorch_cvae.py[line:176] - INFO: loss:91.99383302032948, numeric_loss:10.563549214974046, categorical_loss:5.447321815416217, kld_loss:6539.740191459656, epoch_train_time:5.355378825217485
2022-06-22 23:27:12,888 - pytorch_cvae.py[line:169] - INFO: ----------------------------No.10 epoch----------------------------
2022-06-22 23:27:12,888 - pytorch_cvae.py[line:176] - INFO: loss:97.34073117375374, numeric_loss:11.065503585152328, categorical_loss:5.568254767218605, kld_loss:6338.950773239136, epoch_train_time:5.209281958639622
2022-06-22 23:27:18,220 - pytorch_cvae.py[line:169] - INFO: ----------------------------No.11 epoch----------------------------
2022-06-22 23:27:18,220 - pytorch_cvae.py[line:176] - INFO: loss:103.34556619822979, numeric_loss:11.763250587508082, categorical_loss:5.785563430516049, kld_loss:6155.644181251526, epoch_train_time:5.331767603754997
2022-06-22 23:27:23,507 - pytorch_cvae.py[line:169] - INFO: ----------------------------No.12 epoch----------------------------
2022-06-22 23:27:23,507 - pytorch_cvae.py[line:176] - INFO: loss:110.05412974953651, numeric_loss:12.523511357605457, categorical_loss:6.205613328376785, kld_loss:5991.326858520508, epoch_train_time:5.286895249038935
2022-06-22 23:27:28,841 - pytorch_cvae.py[line:169] - INFO: ----------------------------No.13 epoch----------------------------
2022-06-22 23:27:28,841 - pytorch_cvae.py[line:176] - INFO: loss:117.4175606071949, numeric_loss:13.313801620155573, categorical_loss:6.6008710593450814, kld_loss:5854.84948348999, epoch_train_time:5.33365960419178
2022-06-22 23:27:34,146 - pytorch_cvae.py[line:169] - INFO: ----------------------------No.14 epoch----------------------------
2022-06-22 23:27:34,146 - pytorch_cvae.py[line:176] - INFO: loss:124.87810337543488, numeric_loss:14.218683173879981, categorical_loss:6.994287790497765, kld_loss:5703.352265357971, epoch_train_time:5.304728642106056
2022-06-22 23:27:39,384 - pytorch_cvae.py[line:169] - INFO: ----------------------------No.15 epoch----------------------------
2022-06-22 23:27:39,384 - pytorch_cvae.py[line:176] - INFO: loss:133.00047229230404, numeric_loss:15.356661200523376, categorical_loss:7.4291655832203105, kld_loss:5561.2232456207275, epoch_train_time:5.2378290966153145
2022-06-22 23:27:44,780 - pytorch_cvae.py[line:169] - INFO: ----------------------------No.16 epoch----------------------------
2022-06-22 23:27:44,780 - pytorch_cvae.py[line:176] - INFO: loss:141.3807317763567, numeric_loss:16.417240258306265, categorical_loss:8.125190654303879, kld_loss:5412.327577590942, epoch_train_time:5.396254610270262
2022-06-22 23:27:50,230 - pytorch_cvae.py[line:169] - INFO: ----------------------------No.17 epoch----------------------------
2022-06-22 23:27:50,231 - pytorch_cvae.py[line:176] - INFO: loss:150.46520544588566, numeric_loss:17.858520694077015, categorical_loss:8.730474619776942, kld_loss:5273.377583503723, epoch_train_time:5.449880309402943
2022-06-22 23:27:55,627 - pytorch_cvae.py[line:169] - INFO: ----------------------------No.18 epoch----------------------------
2022-06-22 23:27:55,627 - pytorch_cvae.py[line:176] - INFO: loss:159.1036494076252, numeric_loss:19.502064367756248, categorical_loss:9.105596801033244, kld_loss:5110.160286903381, epoch_train_time:5.396713230758905
2022-06-22 23:28:01,021 - pytorch_cvae.py[line:169] - INFO: ----------------------------No.19 epoch----------------------------
2022-06-22 23:28:01,021 - pytorch_cvae.py[line:176] - INFO: loss:167.89960810542107, numeric_loss:21.134554021060467, categorical_loss:9.705116298981011, kld_loss:4942.180229663849, epoch_train_time:5.393395897001028
2022-06-22 23:28:06,379 - pytorch_cvae.py[line:169] - INFO: ----------------------------No.20 epoch----------------------------
2022-06-22 23:28:06,379 - pytorch_cvae.py[line:176] - INFO: loss:177.89327490329742, numeric_loss:23.03832170367241, categorical_loss:10.206034443574026, kld_loss:4807.599064826965, epoch_train_time:5.357485111802816
2022-06-22 23:28:11,728 - pytorch_cvae.py[line:169] - INFO: ----------------------------No.21 epoch----------------------------
2022-06-22 23:28:11,728 - pytorch_cvae.py[line:176] - INFO: loss:188.1450896859169, numeric_loss:24.839630614966154, categorical_loss:10.806978871580213, kld_loss:4676.466770648956, epoch_train_time:5.349152568727732
2022-06-22 23:28:17,027 - pytorch_cvae.py[line:169] - INFO: ----------------------------No.22 epoch----------------------------
2022-06-22 23:28:17,028 - pytorch_cvae.py[line:176] - INFO: loss:199.7023807168007, numeric_loss:26.89554523676634, categorical_loss:11.734602679498494, kld_loss:4561.9088435173035, epoch_train_time:5.299072023481131
2022-06-22 23:28:22,265 - pytorch_cvae.py[line:169] - INFO: ----------------------------No.23 epoch----------------------------
2022-06-22 23:28:22,265 - pytorch_cvae.py[line:176] - INFO: loss:211.24111661314964, numeric_loss:28.977261021733284, categorical_loss:12.516212988644838, kld_loss:4444.6500635147095, epoch_train_time:5.236969295889139
2022-06-22 23:28:27,601 - pytorch_cvae.py[line:169] - INFO: ----------------------------No.24 epoch----------------------------
2022-06-22 23:28:27,601 - pytorch_cvae.py[line:176] - INFO: loss:224.03841817378998, numeric_loss:31.148931719362736, categorical_loss:13.537312907166779, kld_loss:4345.92924451828, epoch_train_time:5.336231462657452
2022-06-22 23:28:32,962 - pytorch_cvae.py[line:169] - INFO: ----------------------------No.25 epoch----------------------------
2022-06-22 23:28:32,962 - pytorch_cvae.py[line:176] - INFO: loss:237.09779939055443, numeric_loss:33.16955104470253, categorical_loss:14.548107263632119, kld_loss:4250.959132194519, epoch_train_time:5.360507614910603
2022-06-22 23:28:38,324 - pytorch_cvae.py[line:169] - INFO: ----------------------------No.26 epoch----------------------------
2022-06-22 23:28:38,324 - pytorch_cvae.py[line:176] - INFO: loss:250.00688689947128, numeric_loss:35.713478628546, categorical_loss:15.396095905918628, kld_loss:4139.921914577484, epoch_train_time:5.362295933067799
2022-06-22 23:28:43,665 - pytorch_cvae.py[line:169] - INFO: ----------------------------No.27 epoch----------------------------
2022-06-22 23:28:43,665 - pytorch_cvae.py[line:176] - INFO: loss:263.57114413380623, numeric_loss:38.14077975228429, categorical_loss:16.562214077450335, kld_loss:4035.343623161316, epoch_train_time:5.340209160000086
2022-06-22 23:28:49,143 - pytorch_cvae.py[line:169] - INFO: ----------------------------No.28 epoch----------------------------
2022-06-22 23:28:49,143 - pytorch_cvae.py[line:176] - INFO: loss:278.06072148680687, numeric_loss:40.85572976619005, categorical_loss:17.76206777477637, kld_loss:3939.2110834121704, epoch_train_time:5.477731615304947
2022-06-22 23:28:54,494 - pytorch_cvae.py[line:169] - INFO: ----------------------------No.29 epoch----------------------------
2022-06-22 23:28:54,495 - pytorch_cvae.py[line:176] - INFO: loss:293.66973769664764, numeric_loss:43.38603837043047, categorical_loss:19.16079862602055, kld_loss:3858.729156970978, epoch_train_time:5.351530559360981
2022-06-22 23:28:59,817 - pytorch_cvae.py[line:169] - INFO: ----------------------------No.30 epoch----------------------------
2022-06-22 23:28:59,817 - pytorch_cvae.py[line:176] - INFO: loss:309.98165422677994, numeric_loss:46.441381484270096, categorical_loss:20.82003732677549, kld_loss:3772.7257418632507, epoch_train_time:5.322530049830675
2022-06-22 23:29:05,264 - pytorch_cvae.py[line:169] - INFO: ----------------------------No.31 epoch----------------------------
2022-06-22 23:29:05,264 - pytorch_cvae.py[line:176] - INFO: loss:325.83453035354614, numeric_loss:49.37011656165123, categorical_loss:22.27902263402939, kld_loss:3681.985677242279, epoch_train_time:5.446294359862804
2022-06-22 23:29:10,646 - pytorch_cvae.py[line:169] - INFO: ----------------------------No.32 epoch----------------------------
2022-06-22 23:29:10,646 - pytorch_cvae.py[line:176] - INFO: loss:342.0746334195137, numeric_loss:52.732122614979744, categorical_loss:23.353711744770408, kld_loss:3594.2756390571594, epoch_train_time:5.382015340030193
2022-06-22 23:29:15,967 - pytorch_cvae.py[line:169] - INFO: ----------------------------No.33 epoch----------------------------
2022-06-22 23:29:15,967 - pytorch_cvae.py[line:176] - INFO: loss:359.89845991134644, numeric_loss:55.925604559481144, categorical_loss:25.22533429134637, kld_loss:3517.303641796112, epoch_train_time:5.3202027678489685
2022-06-22 23:29:21,284 - pytorch_cvae.py[line:169] - INFO: ----------------------------No.34 epoch----------------------------
2022-06-22 23:29:21,284 - pytorch_cvae.py[line:176] - INFO: loss:377.8085431456566, numeric_loss:59.12703198194504, categorical_loss:27.210978304967284, kld_loss:3437.784489631653, epoch_train_time:5.317476596683264
2022-06-22 23:29:26,472 - pytorch_cvae.py[line:169] - INFO: ----------------------------No.35 epoch----------------------------
2022-06-22 23:29:26,472 - pytorch_cvae.py[line:176] - INFO: loss:395.27524095773697, numeric_loss:62.97120504081249, categorical_loss:28.390602020546794, kld_loss:3353.9244956970215, epoch_train_time:5.187276482582092
2022-06-22 23:29:31,778 - pytorch_cvae.py[line:169] - INFO: ----------------------------No.36 epoch----------------------------
2022-06-22 23:29:31,778 - pytorch_cvae.py[line:176] - INFO: loss:415.30634742975235, numeric_loss:66.59131642431021, categorical_loss:30.80061067081988, kld_loss:3285.9982018470764, epoch_train_time:5.30561588704586
2022-06-22 23:29:37,042 - pytorch_cvae.py[line:169] - INFO: ----------------------------No.37 epoch----------------------------
2022-06-22 23:29:37,042 - pytorch_cvae.py[line:176] - INFO: loss:434.13328897953033, numeric_loss:70.12895974516869, categorical_loss:32.736219288781285, kld_loss:3210.1457471847534, epoch_train_time:5.264345943927765
2022-06-22 23:29:42,329 - pytorch_cvae.py[line:169] - INFO: ----------------------------No.38 epoch----------------------------
2022-06-22 23:29:42,329 - pytorch_cvae.py[line:176] - INFO: loss:455.45425152778625, numeric_loss:74.06204020231962, categorical_loss:35.270593240857124, kld_loss:3147.72021484375, epoch_train_time:5.286364648491144
2022-06-22 23:29:47,647 - pytorch_cvae.py[line:169] - INFO: ----------------------------No.39 epoch----------------------------
2022-06-22 23:29:47,647 - pytorch_cvae.py[line:176] - INFO: loss:475.60012793540955, numeric_loss:77.7345247939229, categorical_loss:37.409120466560125, kld_loss:3079.4760794639587, epoch_train_time:5.318125162273645
2022-06-22 23:29:53,004 - pytorch_cvae.py[line:169] - INFO: ----------------------------No.40 epoch----------------------------
2022-06-22 23:29:53,004 - pytorch_cvae.py[line:176] - INFO: loss:497.61465734243393, numeric_loss:81.05203904211521, categorical_loss:40.19355492666364, kld_loss:3023.6311616897583, epoch_train_time:5.356973182410002
2022-06-22 23:29:58,319 - pytorch_cvae.py[line:169] - INFO: ----------------------------No.41 epoch----------------------------
2022-06-22 23:29:58,319 - pytorch_cvae.py[line:176] - INFO: loss:519.5815442204475, numeric_loss:83.73131048679352, categorical_loss:42.66770305670798, kld_loss:2973.2697801589966, epoch_train_time:5.314847480505705
2022-06-22 23:30:03,612 - pytorch_cvae.py[line:169] - INFO: ----------------------------No.42 epoch----------------------------
2022-06-22 23:30:03,612 - pytorch_cvae.py[line:176] - INFO: loss:543.1324207186699, numeric_loss:85.90406294167042, categorical_loss:45.491026896983385, kld_loss:2933.727812767029, epoch_train_time:5.291980087757111
2022-06-22 23:30:08,929 - pytorch_cvae.py[line:169] - INFO: ----------------------------No.43 epoch----------------------------
2022-06-22 23:30:08,929 - pytorch_cvae.py[line:176] - INFO: loss:565.7665066719055, numeric_loss:87.31721995770931, categorical_loss:48.285347651690245, kld_loss:2890.8617725372314, epoch_train_time:5.317300081253052
2022-06-22 23:30:14,227 - pytorch_cvae.py[line:169] - INFO: ----------------------------No.44 epoch----------------------------
2022-06-22 23:30:14,227 - pytorch_cvae.py[line:176] - INFO: loss:589.3503919243813, numeric_loss:88.05213637650013, categorical_loss:51.61559584736824, kld_loss:2853.1693387031555, epoch_train_time:5.297641918063164
2022-06-22 23:30:19,559 - pytorch_cvae.py[line:169] - INFO: ----------------------------No.45 epoch----------------------------
2022-06-22 23:30:19,559 - pytorch_cvae.py[line:176] - INFO: loss:614.4211495518684, numeric_loss:88.32332903146744, categorical_loss:54.95773646980524, kld_loss:2825.09987449646, epoch_train_time:5.331611339002848
2022-06-22 23:30:24,969 - pytorch_cvae.py[line:169] - INFO: ----------------------------No.46 epoch----------------------------
2022-06-22 23:30:24,969 - pytorch_cvae.py[line:176] - INFO: loss:639.1916824579239, numeric_loss:88.09975253045559, categorical_loss:58.34878357127309, kld_loss:2795.1235842704773, epoch_train_time:5.41021666303277
2022-06-22 23:30:30,242 - pytorch_cvae.py[line:169] - INFO: ----------------------------No.47 epoch----------------------------
2022-06-22 23:30:30,242 - pytorch_cvae.py[line:176] - INFO: loss:665.5973523855209, numeric_loss:87.69933815300465, categorical_loss:62.42953680455685, kld_loss:2768.939621448517, epoch_train_time:5.272838544100523
2022-06-22 23:30:35,674 - pytorch_cvae.py[line:169] - INFO: ----------------------------No.48 epoch----------------------------
2022-06-22 23:30:35,674 - pytorch_cvae.py[line:176] - INFO: loss:691.9088789224625, numeric_loss:87.3001490086317, categorical_loss:66.45415778458118, kld_loss:2740.2086787223816, epoch_train_time:5.431368034332991
2022-06-22 23:30:41,025 - pytorch_cvae.py[line:169] - INFO: ----------------------------No.49 epoch----------------------------
2022-06-22 23:30:41,025 - pytorch_cvae.py[line:176] - INFO: loss:720.180664896965, numeric_loss:87.04996545612812, categorical_loss:70.99079293385148, kld_loss:2715.942415714264, epoch_train_time:5.350803777575493
2022-06-22 23:30:46,413 - pytorch_cvae.py[line:169] - INFO: ----------------------------No.50 epoch----------------------------
2022-06-22 23:30:46,413 - pytorch_cvae.py[line:176] - INFO: loss:748.5565714836121, numeric_loss:86.9832901507616, categorical_loss:75.28581808507442, kld_loss:2690.423236846924, epoch_train_time:5.387535274028778
2022-06-22 23:30:51,764 - pytorch_cvae.py[line:169] - INFO: ----------------------------No.51 epoch----------------------------
2022-06-22 23:30:51,765 - pytorch_cvae.py[line:176] - INFO: loss:778.0420122146606, numeric_loss:86.97333319485188, categorical_loss:80.30654661357403, kld_loss:2664.7116589546204, epoch_train_time:5.3516576141119
2022-06-22 23:30:57,067 - pytorch_cvae.py[line:169] - INFO: ----------------------------No.52 epoch----------------------------
2022-06-22 23:30:57,067 - pytorch_cvae.py[line:176] - INFO: loss:808.1784867048264, numeric_loss:86.98889935016632, categorical_loss:85.41063432395458, kld_loss:2639.89519739151, epoch_train_time:5.302680227905512
2022-06-22 23:31:02,409 - pytorch_cvae.py[line:169] - INFO: ----------------------------No.53 epoch----------------------------
2022-06-22 23:31:02,409 - pytorch_cvae.py[line:176] - INFO: loss:838.0330243110657, numeric_loss:87.25697427988052, categorical_loss:90.76583846658468, kld_loss:2610.7658529281616, epoch_train_time:5.341466888785362
2022-06-22 23:31:07,765 - pytorch_cvae.py[line:169] - INFO: ----------------------------No.54 epoch----------------------------
2022-06-22 23:31:07,765 - pytorch_cvae.py[line:176] - INFO: loss:869.837485909462, numeric_loss:87.64984534680843, categorical_loss:97.14935333281755, kld_loss:2584.063084125519, epoch_train_time:5.355789326131344
2022-06-22 23:31:13,043 - pytorch_cvae.py[line:169] - INFO: ----------------------------No.55 epoch----------------------------
2022-06-22 23:31:13,043 - pytorch_cvae.py[line:176] - INFO: loss:899.7130500078201, numeric_loss:87.84897965192795, categorical_loss:102.43784487247467, kld_loss:2554.4700860977173, epoch_train_time:5.27784663438797
2022-06-22 23:31:18,356 - pytorch_cvae.py[line:169] - INFO: ----------------------------No.56 epoch----------------------------
2022-06-22 23:31:18,356 - pytorch_cvae.py[line:176] - INFO: loss:932.7912718057632, numeric_loss:88.27642285823822, categorical_loss:108.44428257644176, kld_loss:2532.5184960365295, epoch_train_time:5.312966976314783
2022-06-22 23:31:23,729 - pytorch_cvae.py[line:169] - INFO: ----------------------------No.57 epoch----------------------------
2022-06-22 23:31:23,729 - pytorch_cvae.py[line:176] - INFO: loss:964.4539377689362, numeric_loss:88.74107502400875, categorical_loss:115.32969610393047, kld_loss:2502.30109834671, epoch_train_time:5.372424498200417
2022-06-22 23:31:29,089 - pytorch_cvae.py[line:169] - INFO: ----------------------------No.58 epoch----------------------------
2022-06-22 23:31:29,089 - pytorch_cvae.py[line:176] - INFO: loss:998.7570058107376, numeric_loss:89.0758623033762, categorical_loss:122.92347030341625, kld_loss:2478.8841853141785, epoch_train_time:5.359732154756784
2022-06-22 23:31:34,406 - pytorch_cvae.py[line:169] - INFO: ----------------------------No.59 epoch----------------------------
2022-06-22 23:31:34,406 - pytorch_cvae.py[line:176] - INFO: loss:1030.208924651146, numeric_loss:89.49556376039982, categorical_loss:130.2651048526168, kld_loss:2447.2764422893524, epoch_train_time:5.317112632095814
2022-06-22 23:31:39,754 - pytorch_cvae.py[line:169] - INFO: ----------------------------No.60 epoch----------------------------
2022-06-22 23:31:39,754 - pytorch_cvae.py[line:176] - INFO: loss:1065.4002199172974, numeric_loss:89.98858192563057, categorical_loss:137.82637171447277, kld_loss:2426.406520843506, epoch_train_time:5.347530025988817
2022-06-22 23:31:45,070 - pytorch_cvae.py[line:169] - INFO: ----------------------------No.61 epoch----------------------------
2022-06-22 23:31:45,070 - pytorch_cvae.py[line:176] - INFO: loss:1097.0755491256714, numeric_loss:90.54322604835033, categorical_loss:145.61793288588524, kld_loss:2395.0001742839813, epoch_train_time:5.315238777548075
2022-06-22 23:31:50,307 - pytorch_cvae.py[line:169] - INFO: ----------------------------No.62 epoch----------------------------
2022-06-22 23:31:50,308 - pytorch_cvae.py[line:176] - INFO: loss:1130.5193736553192, numeric_loss:90.96539460122585, categorical_loss:153.70766331255436, kld_loss:2368.9142501354218, epoch_train_time:5.23764231428504
2022-06-22 23:31:55,635 - pytorch_cvae.py[line:169] - INFO: ----------------------------No.63 epoch----------------------------
2022-06-22 23:31:55,635 - pytorch_cvae.py[line:176] - INFO: loss:1165.308363199234, numeric_loss:91.36966750025749, categorical_loss:162.72089105844498, kld_loss:2344.729957342148, epoch_train_time:5.3273068852722645
2022-06-22 23:32:00,939 - pytorch_cvae.py[line:169] - INFO: ----------------------------No.64 epoch----------------------------
2022-06-22 23:32:00,939 - pytorch_cvae.py[line:176] - INFO: loss:1199.2522611618042, numeric_loss:91.97482077777386, categorical_loss:171.48531267046928, kld_loss:2319.3375494480133, epoch_train_time:5.30340776219964
2022-06-22 23:32:06,413 - pytorch_cvae.py[line:169] - INFO: ----------------------------No.65 epoch----------------------------
2022-06-22 23:32:06,414 - pytorch_cvae.py[line:176] - INFO: loss:1232.3144533634186, numeric_loss:92.2355444431305, categorical_loss:181.1286320835352, kld_loss:2291.5478019714355, epoch_train_time:5.474693693220615
2022-06-22 23:32:11,694 - pytorch_cvae.py[line:169] - INFO: ----------------------------No.66 epoch----------------------------
2022-06-22 23:32:11,694 - pytorch_cvae.py[line:176] - INFO: loss:1264.2135152816772, numeric_loss:92.58859610557556, categorical_loss:189.9605887979269, kld_loss:2264.0102303028107, epoch_train_time:5.280072033405304
2022-06-22 23:32:17,005 - pytorch_cvae.py[line:169] - INFO: ----------------------------No.67 epoch----------------------------
2022-06-22 23:32:17,005 - pytorch_cvae.py[line:176] - INFO: loss:1299.2991704940796, numeric_loss:93.00195747613907, categorical_loss:200.06331948935986, kld_loss:2241.977025747299, epoch_train_time:5.311045717447996
2022-06-22 23:32:22,309 - pytorch_cvae.py[line:169] - INFO: ----------------------------No.68 epoch----------------------------
2022-06-22 23:32:22,309 - pytorch_cvae.py[line:176] - INFO: loss:1330.470489025116, numeric_loss:93.42888969182968, categorical_loss:209.39973883330822, kld_loss:2214.2422757148743, epoch_train_time:5.304025445133448
2022-06-22 23:32:27,559 - pytorch_cvae.py[line:169] - INFO: ----------------------------No.69 epoch----------------------------
2022-06-22 23:32:27,559 - pytorch_cvae.py[line:176] - INFO: loss:1363.597327709198, numeric_loss:93.79835227131844, categorical_loss:219.7250434756279, kld_loss:2190.2246334552765, epoch_train_time:5.24961257353425
2022-06-22 23:32:32,850 - pytorch_cvae.py[line:169] - INFO: ----------------------------No.70 epoch----------------------------
2022-06-22 23:32:32,851 - pytorch_cvae.py[line:176] - INFO: loss:1397.2027606964111, numeric_loss:94.1951383203268, categorical_loss:230.1617693901062, kld_loss:2168.3323101997375, epoch_train_time:5.291005004197359
2022-06-22 23:32:38,127 - pytorch_cvae.py[line:169] - INFO: ----------------------------No.71 epoch----------------------------
2022-06-22 23:32:38,127 - pytorch_cvae.py[line:176] - INFO: loss:1430.395421743393, numeric_loss:94.56295576691628, categorical_loss:241.8744752407074, kld_loss:2144.58461022377, epoch_train_time:5.276325672864914
2022-06-22 23:32:43,285 - pytorch_cvae.py[line:169] - INFO: ----------------------------No.72 epoch----------------------------
2022-06-22 23:32:43,285 - pytorch_cvae.py[line:176] - INFO: loss:1458.936404466629, numeric_loss:94.86761200428009, categorical_loss:253.74018555879593, kld_loss:2113.403218984604, epoch_train_time:5.1578697338700294
2022-06-22 23:32:48,614 - pytorch_cvae.py[line:169] - INFO: ----------------------------No.73 epoch----------------------------
2022-06-22 23:32:48,614 - pytorch_cvae.py[line:176] - INFO: loss:1491.0572793483734, numeric_loss:95.18513864278793, categorical_loss:263.25944820046425, kld_loss:2095.245322227478, epoch_train_time:5.3283713683485985
2022-06-22 23:32:53,953 - pytorch_cvae.py[line:169] - INFO: ----------------------------No.74 epoch----------------------------
2022-06-22 23:32:53,953 - pytorch_cvae.py[line:176] - INFO: loss:1521.1907873153687, numeric_loss:95.52725225687027, categorical_loss:275.0848975777626, kld_loss:2070.745079278946, epoch_train_time:5.338977996259928
2022-06-22 23:32:59,275 - pytorch_cvae.py[line:169] - INFO: ----------------------------No.75 epoch----------------------------
2022-06-22 23:32:59,275 - pytorch_cvae.py[line:176] - INFO: loss:1549.94193983078, numeric_loss:95.81846085190773, categorical_loss:288.0388620197773, kld_loss:2043.7681157588959, epoch_train_time:5.321306720376015
2022-06-22 23:33:04,658 - pytorch_cvae.py[line:169] - INFO: ----------------------------No.76 epoch----------------------------
2022-06-22 23:33:04,659 - pytorch_cvae.py[line:176] - INFO: loss:1577.5304443836212, numeric_loss:96.13658668100834, categorical_loss:298.0259191393852, kld_loss:2021.8401992321014, epoch_train_time:5.383563991636038
2022-06-22 23:33:09,814 - pytorch_cvae.py[line:169] - INFO: ----------------------------No.77 epoch----------------------------
2022-06-22 23:33:09,814 - pytorch_cvae.py[line:176] - INFO: loss:1605.9095029830933, numeric_loss:96.50125339627266, categorical_loss:310.8774349987507, kld_loss:1998.1864819526672, epoch_train_time:5.15572851523757
2022-06-22 23:33:15,172 - pytorch_cvae.py[line:169] - INFO: ----------------------------No.78 epoch----------------------------
2022-06-22 23:33:15,172 - pytorch_cvae.py[line:176] - INFO: loss:1631.309338092804, numeric_loss:96.79553717374802, categorical_loss:322.07250306010246, kld_loss:1974.429435491562, epoch_train_time:5.357647839933634
2022-06-22 23:33:20,522 - pytorch_cvae.py[line:169] - INFO: ----------------------------No.79 epoch----------------------------
2022-06-22 23:33:20,523 - pytorch_cvae.py[line:176] - INFO: loss:1656.002056837082, numeric_loss:96.87183666229248, categorical_loss:331.866937071085, kld_loss:1954.1009798049927, epoch_train_time:5.3500375263392925
2022-06-22 23:33:25,951 - pytorch_cvae.py[line:169] - INFO: ----------------------------No.80 epoch----------------------------
2022-06-22 23:33:25,951 - pytorch_cvae.py[line:176] - INFO: loss:1681.6013233661652, numeric_loss:97.10894700884819, categorical_loss:343.0476760864258, kld_loss:1934.6362164020538, epoch_train_time:5.428428929299116
2022-06-22 23:33:31,295 - pytorch_cvae.py[line:169] - INFO: ----------------------------No.81 epoch----------------------------
2022-06-22 23:33:31,295 - pytorch_cvae.py[line:176] - INFO: loss:1707.9663541316986, numeric_loss:97.20050030946732, categorical_loss:355.0460878312588, kld_loss:1917.1745138168335, epoch_train_time:5.343406572937965
2022-06-22 23:33:36,710 - pytorch_cvae.py[line:169] - INFO: ----------------------------No.82 epoch----------------------------
2022-06-22 23:33:36,711 - pytorch_cvae.py[line:176] - INFO: loss:1728.6665897369385, numeric_loss:97.4261991083622, categorical_loss:365.76524472236633, kld_loss:1894.7581679821014, epoch_train_time:5.415565323084593
2022-06-22 23:33:42,085 - pytorch_cvae.py[line:169] - INFO: ----------------------------No.83 epoch----------------------------
2022-06-22 23:33:42,085 - pytorch_cvae.py[line:176] - INFO: loss:1753.9488549232483, numeric_loss:97.51136134564877, categorical_loss:376.18742072582245, kld_loss:1881.7438893318176, epoch_train_time:5.373978156596422
2022-06-22 23:33:47,388 - pytorch_cvae.py[line:169] - INFO: ----------------------------No.84 epoch----------------------------
2022-06-22 23:33:47,388 - pytorch_cvae.py[line:176] - INFO: loss:1774.300964832306, numeric_loss:97.6640003323555, categorical_loss:386.80593663454056, kld_loss:1862.9379570484161, epoch_train_time:5.303303420543671
2022-06-22 23:33:52,811 - pytorch_cvae.py[line:169] - INFO: ----------------------------No.85 epoch----------------------------
2022-06-22 23:33:52,812 - pytorch_cvae.py[line:176] - INFO: loss:1795.9969627857208, numeric_loss:97.79839986562729, categorical_loss:399.81780183315277, kld_loss:1844.5982110500336, epoch_train_time:5.4230405278503895
2022-06-22 23:33:58,268 - pytorch_cvae.py[line:169] - INFO: ----------------------------No.86 epoch----------------------------
2022-06-22 23:33:58,268 - pytorch_cvae.py[line:176] - INFO: loss:1815.7242667675018, numeric_loss:98.04446023702621, categorical_loss:412.31925719976425, kld_loss:1825.9908978939056, epoch_train_time:5.45600825548172
2022-06-22 23:34:03,621 - pytorch_cvae.py[line:169] - INFO: ----------------------------No.87 epoch----------------------------
2022-06-22 23:34:03,622 - pytorch_cvae.py[line:176] - INFO: loss:1836.9868948459625, numeric_loss:98.15507180988789, categorical_loss:425.4323145747185, kld_loss:1810.7884142398834, epoch_train_time:5.3535171039402485
2022-06-22 23:34:08,951 - pytorch_cvae.py[line:169] - INFO: ----------------------------No.88 epoch----------------------------
2022-06-22 23:34:08,951 - pytorch_cvae.py[line:176] - INFO: loss:1850.7993335723877, numeric_loss:98.33730965852737, categorical_loss:435.09982603788376, kld_loss:1791.8971862792969, epoch_train_time:5.329551517963409
2022-06-22 23:34:14,251 - pytorch_cvae.py[line:169] - INFO: ----------------------------No.89 epoch----------------------------
2022-06-22 23:34:14,251 - pytorch_cvae.py[line:176] - INFO: loss:1865.7345764636993, numeric_loss:98.53048242628574, categorical_loss:445.474289894104, kld_loss:1775.5050370693207, epoch_train_time:5.299643587321043
2022-06-22 23:34:19,578 - pytorch_cvae.py[line:169] - INFO: ----------------------------No.90 epoch----------------------------
2022-06-22 23:34:19,578 - pytorch_cvae.py[line:176] - INFO: loss:1881.9693381786346, numeric_loss:98.6036277860403, categorical_loss:457.3455982208252, kld_loss:1760.90100979805, epoch_train_time:5.326590172946453
2022-06-22 23:34:25,004 - pytorch_cvae.py[line:169] - INFO: ----------------------------No.91 epoch----------------------------
2022-06-22 23:34:25,004 - pytorch_cvae.py[line:176] - INFO: loss:1897.2517659664154, numeric_loss:98.80673795938492, categorical_loss:467.5012192726135, kld_loss:1748.9784727096558, epoch_train_time:5.425631873309612
2022-06-22 23:34:30,401 - pytorch_cvae.py[line:169] - INFO: ----------------------------No.92 epoch----------------------------
2022-06-22 23:34:30,401 - pytorch_cvae.py[line:176] - INFO: loss:1909.6907272338867, numeric_loss:98.97318796813488, categorical_loss:475.6880161166191, kld_loss:1737.7601091861725, epoch_train_time:5.396783888339996
2022-06-22 23:34:35,733 - pytorch_cvae.py[line:169] - INFO: ----------------------------No.93 epoch----------------------------
2022-06-22 23:34:35,733 - pytorch_cvae.py[line:176] - INFO: loss:1917.9368722438812, numeric_loss:98.99030981957912, categorical_loss:482.6379210948944, kld_loss:1724.7026224136353, epoch_train_time:5.3315733671188354
2022-06-22 23:34:41,027 - pytorch_cvae.py[line:169] - INFO: ----------------------------No.94 epoch----------------------------
2022-06-22 23:34:41,027 - pytorch_cvae.py[line:176] - INFO: loss:1929.378053188324, numeric_loss:98.99149660766125, categorical_loss:493.8039152622223, kld_loss:1712.1666736602783, epoch_train_time:5.294144481420517
2022-06-22 23:34:46,343 - pytorch_cvae.py[line:169] - INFO: ----------------------------No.95 epoch----------------------------
2022-06-22 23:34:46,343 - pytorch_cvae.py[line:176] - INFO: loss:1936.274729013443, numeric_loss:99.2088905274868, categorical_loss:501.3927039504051, kld_loss:1699.9161975383759, epoch_train_time:5.31550856679678
2022-06-22 23:34:51,654 - pytorch_cvae.py[line:169] - INFO: ----------------------------No.96 epoch----------------------------
2022-06-22 23:34:51,654 - pytorch_cvae.py[line:176] - INFO: loss:1943.4783675670624, numeric_loss:99.3405242562294, categorical_loss:504.0942910313606, kld_loss:1696.124011516571, epoch_train_time:5.310700852423906
2022-06-22 23:34:56,976 - pytorch_cvae.py[line:169] - INFO: ----------------------------No.97 epoch----------------------------
2022-06-22 23:34:56,976 - pytorch_cvae.py[line:176] - INFO: loss:1949.235196352005, numeric_loss:99.39815071225166, categorical_loss:511.9080474972725, kld_loss:1685.8441936969757, epoch_train_time:5.321982983499765
2022-06-22 23:35:02,301 - pytorch_cvae.py[line:169] - INFO: ----------------------------No.98 epoch----------------------------
2022-06-22 23:35:02,301 - pytorch_cvae.py[line:176] - INFO: loss:1953.8289847373962, numeric_loss:99.41521972417831, categorical_loss:516.3045948147774, kld_loss:1680.180226802826, epoch_train_time:5.325078837573528
2022-06-22 23:35:07,658 - pytorch_cvae.py[line:169] - INFO: ----------------------------No.99 epoch----------------------------
2022-06-22 23:35:07,658 - pytorch_cvae.py[line:176] - INFO: loss:1955.633808374405, numeric_loss:99.45769889652729, categorical_loss:519.7285221815109, kld_loss:1673.9039578437805, epoch_train_time:5.35669083148241
2022-06-22 23:35:13,005 - pytorch_cvae.py[line:169] - INFO: ----------------------------No.100 epoch----------------------------
2022-06-22 23:35:13,005 - pytorch_cvae.py[line:176] - INFO: loss:1958.2159976959229, numeric_loss:99.47032578289509, categorical_loss:522.4456038475037, kld_loss:1671.2104361057281, epoch_train_time:5.3468012586236
2022-06-22 23:35:13,005 - pytorch_cvae.py[line:185] - INFO: training time elapsed:533.9312761500478
2022-06-22 23:35:13,007 - model_utils.py[line:67] - INFO: save model successfully
2022-06-22 23:35:14,252 - pytorch_cvae.py[line:261] - INFO: train model time elapsed:538.1206091195345
2022-06-22 23:35:14,253 - pytorch_cvae.py[line:242] - INFO: epoch:100
2022-06-22 23:35:14,253 - pytorch_cvae.py[line:243] - INFO: batch size:512
2022-06-22 23:35:14,253 - pytorch_cvae.py[line:244] - INFO: latent dimension:50
2022-06-22 23:35:14,253 - pytorch_cvae.py[line:245] - INFO: intermediate dimension:100
2022-06-22 23:35:14,253 - pytorch_cvae.py[line:246] - INFO: gpu num:0
2022-06-22 23:35:14,253 - dataset_utils.py[line:543] - INFO: load existing dataset:flights-flight-b_b_unique_carrier__b_unique_carrier_binary_gaussian5_0
2022-06-22 23:35:15,116 - dataset_utils.py[line:555] - INFO: load dataset time elapsed:0.8629883639514446
2022-06-22 23:35:15,116 - pytorch_cvae.py[line:251] - INFO: feature info:[('b_unique_carrier', 'categorical', 6)]
2022-06-22 23:35:19,072 - pytorch_cvae.py[line:169] - INFO: ----------------------------No.1 epoch----------------------------
2022-06-22 23:35:19,072 - pytorch_cvae.py[line:176] - INFO: loss:76.82515379786491, numeric_loss:0.0, categorical_loss:47.64584964700043, kld_loss:5413.24077641964, epoch_train_time:3.954679600894451
2022-06-22 23:35:22,998 - pytorch_cvae.py[line:169] - INFO: ----------------------------No.2 epoch----------------------------
2022-06-22 23:35:22,998 - pytorch_cvae.py[line:176] - INFO: loss:27.034154042601585, numeric_loss:0.0, categorical_loss:6.855395857710391, kld_loss:3388.945360183716, epoch_train_time:3.9255076721310616
2022-06-22 23:35:26,877 - pytorch_cvae.py[line:169] - INFO: ----------------------------No.3 epoch----------------------------
2022-06-22 23:35:26,878 - pytorch_cvae.py[line:176] - INFO: loss:8.580949407769367, numeric_loss:0.0, categorical_loss:2.9303982977289706, kld_loss:859.9692379832268, epoch_train_time:3.8792560175061226
2022-06-22 23:35:30,885 - pytorch_cvae.py[line:169] - INFO: ----------------------------No.4 epoch----------------------------
2022-06-22 23:35:30,885 - pytorch_cvae.py[line:176] - INFO: loss:0.9935452896170318, numeric_loss:0.0, categorical_loss:0.673900697089266, kld_loss:44.12815449386835, epoch_train_time:4.0071702264249325
2022-06-22 23:35:34,951 - pytorch_cvae.py[line:169] - INFO: ----------------------------No.5 epoch----------------------------
2022-06-22 23:35:34,951 - pytorch_cvae.py[line:176] - INFO: loss:0.27306367037817836, numeric_loss:0.0, categorical_loss:0.24198668717872351, kld_loss:3.895631239982322, epoch_train_time:4.06609495356679
2022-06-22 23:35:38,902 - pytorch_cvae.py[line:169] - INFO: ----------------------------No.6 epoch----------------------------
2022-06-22 23:35:38,903 - pytorch_cvae.py[line:176] - INFO: loss:0.14538288704352453, numeric_loss:0.0, categorical_loss:0.13702347737853415, kld_loss:0.9524440437671728, epoch_train_time:3.9511322118341923
2022-06-22 23:35:42,726 - pytorch_cvae.py[line:169] - INFO: ----------------------------No.7 epoch----------------------------
2022-06-22 23:35:42,727 - pytorch_cvae.py[line:176] - INFO: loss:0.10435330779000651, numeric_loss:0.0, categorical_loss:0.10123933499562554, kld_loss:0.3228032268816605, epoch_train_time:3.823885042220354
2022-06-22 23:35:46,705 - pytorch_cvae.py[line:169] - INFO: ----------------------------No.8 epoch----------------------------
2022-06-22 23:35:46,705 - pytorch_cvae.py[line:176] - INFO: loss:0.08945042527921032, numeric_loss:0.0, categorical_loss:0.08793880497978535, kld_loss:0.14271159235795494, epoch_train_time:3.97849702462554
2022-06-22 23:35:50,598 - pytorch_cvae.py[line:169] - INFO: ----------------------------No.9 epoch----------------------------
2022-06-22 23:35:50,598 - pytorch_cvae.py[line:176] - INFO: loss:0.08432267284661066, numeric_loss:0.0, categorical_loss:0.08362244600721169, kld_loss:0.06026747022406198, epoch_train_time:3.8922354504466057
2022-06-22 23:35:54,542 - pytorch_cvae.py[line:169] - INFO: ----------------------------No.10 epoch----------------------------
2022-06-22 23:35:54,542 - pytorch_cvae.py[line:176] - INFO: loss:0.08264803036581725, numeric_loss:0.0, categorical_loss:0.08237047980946954, kld_loss:0.021799608892251854, epoch_train_time:3.944176319986582
2022-06-22 23:35:58,502 - pytorch_cvae.py[line:169] - INFO: ----------------------------No.11 epoch----------------------------
2022-06-22 23:35:58,502 - pytorch_cvae.py[line:176] - INFO: loss:0.08161066309548914, numeric_loss:0.0, categorical_loss:0.08151415803877171, kld_loss:0.006923925841874734, epoch_train_time:3.9595151133835316
2022-06-22 23:36:02,502 - pytorch_cvae.py[line:169] - INFO: ----------------------------No.12 epoch----------------------------
2022-06-22 23:36:02,503 - pytorch_cvae.py[line:176] - INFO: loss:0.08006399148143828, numeric_loss:0.0, categorical_loss:0.0800317811081186, kld_loss:0.0021131349340066663, epoch_train_time:4.000624563544989
2022-06-22 23:36:06,447 - pytorch_cvae.py[line:169] - INFO: ----------------------------No.13 epoch----------------------------
2022-06-22 23:36:06,448 - pytorch_cvae.py[line:176] - INFO: loss:0.07820884848479182, numeric_loss:0.0, categorical_loss:0.07819762613507919, kld_loss:0.0006738830746257918, epoch_train_time:3.944808304309845
2022-06-22 23:36:10,389 - pytorch_cvae.py[line:169] - INFO: ----------------------------No.14 epoch----------------------------
2022-06-22 23:36:10,389 - pytorch_cvae.py[line:176] - INFO: loss:0.07635766494058771, numeric_loss:0.0, categorical_loss:0.07635389652568847, kld_loss:0.000207321462227128, epoch_train_time:3.9411365054547787
2022-06-22 23:36:14,242 - pytorch_cvae.py[line:169] - INFO: ----------------------------No.15 epoch----------------------------
2022-06-22 23:36:14,242 - pytorch_cvae.py[line:176] - INFO: loss:0.074833556660451, numeric_loss:0.0, categorical_loss:0.07483183487056522, kld_loss:8.68748097389016e-05, epoch_train_time:3.852768525481224
2022-06-22 23:36:18,150 - pytorch_cvae.py[line:169] - INFO: ----------------------------No.16 epoch----------------------------
2022-06-22 23:36:18,150 - pytorch_cvae.py[line:176] - INFO: loss:0.07372328984638443, numeric_loss:0.0, categorical_loss:0.07372195211792132, kld_loss:6.196395261781618e-05, epoch_train_time:3.9081779941916466
2022-06-22 23:36:22,121 - pytorch_cvae.py[line:169] - INFO: ----------------------------No.17 epoch----------------------------
2022-06-22 23:36:22,121 - pytorch_cvae.py[line:176] - INFO: loss:0.07297973347158404, numeric_loss:0.0, categorical_loss:0.07297820824169321, kld_loss:6.492765000132295e-05, epoch_train_time:3.970797400921583
2022-06-22 23:36:26,048 - pytorch_cvae.py[line:169] - INFO: ----------------------------No.18 epoch----------------------------
2022-06-22 23:36:26,048 - pytorch_cvae.py[line:176] - INFO: loss:0.07245386459544534, numeric_loss:0.0, categorical_loss:0.07245203673664946, kld_loss:7.157788689937661e-05, epoch_train_time:3.926325161010027
2022-06-22 23:36:30,002 - pytorch_cvae.py[line:169] - INFO: ----------------------------No.19 epoch----------------------------
2022-06-22 23:36:30,002 - pytorch_cvae.py[line:176] - INFO: loss:0.07202465271257097, numeric_loss:0.0, categorical_loss:0.07202230797702214, kld_loss:8.454793133694238e-05, epoch_train_time:3.9544905237853527
2022-06-22 23:36:33,840 - pytorch_cvae.py[line:169] - INFO: ----------------------------No.20 epoch----------------------------
2022-06-22 23:36:33,840 - pytorch_cvae.py[line:176] - INFO: loss:0.07160600916540716, numeric_loss:0.0, categorical_loss:0.07160306782316184, kld_loss:9.776387208493276e-05, epoch_train_time:3.8371980637311935
2022-06-22 23:36:37,775 - pytorch_cvae.py[line:169] - INFO: ----------------------------No.21 epoch----------------------------
2022-06-22 23:36:37,775 - pytorch_cvae.py[line:176] - INFO: loss:0.07120331215992337, numeric_loss:0.0, categorical_loss:0.07119948856416158, kld_loss:0.00011725197546752497, epoch_train_time:3.934736169874668
2022-06-22 23:36:41,725 - pytorch_cvae.py[line:169] - INFO: ----------------------------No.22 epoch----------------------------
2022-06-22 23:36:41,725 - pytorch_cvae.py[line:176] - INFO: loss:0.0708302422426641, numeric_loss:0.0, categorical_loss:0.07082545166485943, kld_loss:0.00013568199939584247, epoch_train_time:3.950466137379408
2022-06-22 23:36:45,722 - pytorch_cvae.py[line:169] - INFO: ----------------------------No.23 epoch----------------------------
2022-06-22 23:36:45,722 - pytorch_cvae.py[line:176] - INFO: loss:0.07049048560293159, numeric_loss:0.0, categorical_loss:0.07048493396723643, kld_loss:0.00014536734676084961, epoch_train_time:3.9965411871671677
2022-06-22 23:36:49,683 - pytorch_cvae.py[line:169] - INFO: ----------------------------No.24 epoch----------------------------
2022-06-22 23:36:49,684 - pytorch_cvae.py[line:176] - INFO: loss:0.07020719756837934, numeric_loss:0.0, categorical_loss:0.07020068033307325, kld_loss:0.00015793240163475275, epoch_train_time:3.9612614028155804
2022-06-22 23:36:53,581 - pytorch_cvae.py[line:169] - INFO: ----------------------------No.25 epoch----------------------------
2022-06-22 23:36:53,582 - pytorch_cvae.py[line:176] - INFO: loss:0.06997961355227744, numeric_loss:0.0, categorical_loss:0.06997254768793937, kld_loss:0.00015860795977573616, epoch_train_time:3.8977546878159046
2022-06-22 23:36:57,497 - pytorch_cvae.py[line:169] - INFO: ----------------------------No.26 epoch----------------------------
2022-06-22 23:36:57,497 - pytorch_cvae.py[line:176] - INFO: loss:0.06981274967984064, numeric_loss:0.0, categorical_loss:0.0698050578503171, kld_loss:0.00016009807586669922, epoch_train_time:3.915788982063532
2022-06-22 23:37:01,442 - pytorch_cvae.py[line:169] - INFO: ----------------------------No.27 epoch----------------------------
2022-06-22 23:37:01,443 - pytorch_cvae.py[line:176] - INFO: loss:0.06969050265615806, numeric_loss:0.0, categorical_loss:0.06968245696043596, kld_loss:0.00015544891357421875, epoch_train_time:3.9448608867824078
2022-06-22 23:37:05,259 - pytorch_cvae.py[line:169] - INFO: ----------------------------No.28 epoch----------------------------
2022-06-22 23:37:05,259 - pytorch_cvae.py[line:176] - INFO: loss:0.06960202830669004, numeric_loss:0.0, categorical_loss:0.06959302662289701, kld_loss:0.0001615881920145057, epoch_train_time:3.8161555230617523
2022-06-22 23:37:09,246 - pytorch_cvae.py[line:169] - INFO: ----------------------------No.29 epoch----------------------------
2022-06-22 23:37:09,247 - pytorch_cvae.py[line:176] - INFO: loss:0.06952997775078984, numeric_loss:0.0, categorical_loss:0.06952047235972714, kld_loss:0.0001586973667286884, epoch_train_time:3.987406447529793
2022-06-22 23:37:13,136 - pytorch_cvae.py[line:169] - INFO: ----------------------------No.30 epoch----------------------------
2022-06-22 23:37:13,136 - pytorch_cvae.py[line:176] - INFO: loss:0.06947177752590505, numeric_loss:0.0, categorical_loss:0.06946222891565412, kld_loss:0.00014841556549072266, epoch_train_time:3.8892197236418724
2022-06-22 23:37:17,034 - pytorch_cvae.py[line:169] - INFO: ----------------------------No.31 epoch----------------------------
2022-06-22 23:37:17,034 - pytorch_cvae.py[line:176] - INFO: loss:0.0694311682091211, numeric_loss:0.0, categorical_loss:0.06942027834156761, kld_loss:0.000157743692426493, epoch_train_time:3.8980430588126183
2022-06-22 23:37:20,905 - pytorch_cvae.py[line:169] - INFO: ----------------------------No.32 epoch----------------------------
2022-06-22 23:37:20,905 - pytorch_cvae.py[line:176] - INFO: loss:0.06939226709801005, numeric_loss:0.0, categorical_loss:0.0693811405217275, kld_loss:0.00015035271644592285, epoch_train_time:3.8708726167678833
2022-06-22 23:37:24,902 - pytorch_cvae.py[line:169] - INFO: ----------------------------No.33 epoch----------------------------
2022-06-22 23:37:24,902 - pytorch_cvae.py[line:176] - INFO: loss:0.0693679308242281, numeric_loss:0.0, categorical_loss:0.06935591148067033, kld_loss:0.00015166401863808687, epoch_train_time:3.9968991726636887
2022-06-22 23:37:28,887 - pytorch_cvae.py[line:169] - INFO: ----------------------------No.34 epoch----------------------------
2022-06-22 23:37:28,887 - pytorch_cvae.py[line:176] - INFO: loss:0.06934813557745656, numeric_loss:0.0, categorical_loss:0.06933507233043201, kld_loss:0.00015407800677280648, epoch_train_time:3.9850039705634117
2022-06-22 23:37:32,837 - pytorch_cvae.py[line:169] - INFO: ----------------------------No.35 epoch----------------------------
2022-06-22 23:37:32,838 - pytorch_cvae.py[line:176] - INFO: loss:0.06933541424223222, numeric_loss:0.0, categorical_loss:0.06932172810047632, kld_loss:0.00015103816988926155, epoch_train_time:3.9498850405216217
2022-06-22 23:37:36,800 - pytorch_cvae.py[line:169] - INFO: ----------------------------No.36 epoch----------------------------
2022-06-22 23:37:36,801 - pytorch_cvae.py[line:176] - INFO: loss:0.06932387876440771, numeric_loss:0.0, categorical_loss:0.06930968129017856, kld_loss:0.00014674663543701172, epoch_train_time:3.9628368206322193
2022-06-22 23:37:40,781 - pytorch_cvae.py[line:169] - INFO: ----------------------------No.37 epoch----------------------------
2022-06-22 23:37:40,781 - pytorch_cvae.py[line:176] - INFO: loss:0.06931240699486807, numeric_loss:0.0, categorical_loss:0.06929651018435834, kld_loss:0.00015404820442199707, epoch_train_time:3.979978658258915
2022-06-22 23:37:44,701 - pytorch_cvae.py[line:169] - INFO: ----------------------------No.38 epoch----------------------------
2022-06-22 23:37:44,701 - pytorch_cvae.py[line:176] - INFO: loss:0.06930839014967205, numeric_loss:0.0, categorical_loss:0.06929269951069728, kld_loss:0.00014269351962070687, epoch_train_time:3.9200675524771214
2022-06-22 23:37:48,745 - pytorch_cvae.py[line:169] - INFO: ----------------------------No.39 epoch----------------------------
2022-06-22 23:37:48,745 - pytorch_cvae.py[line:176] - INFO: loss:0.06930350697075482, numeric_loss:0.0, categorical_loss:0.06928651849011658, kld_loss:0.00014513731002807617, epoch_train_time:4.043560143560171
2022-06-22 23:37:52,618 - pytorch_cvae.py[line:169] - INFO: ----------------------------No.40 epoch----------------------------
2022-06-22 23:37:52,618 - pytorch_cvae.py[line:176] - INFO: loss:0.06930121945333667, numeric_loss:0.0, categorical_loss:0.06928346480708569, kld_loss:0.00014263391500435318, epoch_train_time:3.8732706494629383
2022-06-22 23:37:56,558 - pytorch_cvae.py[line:169] - INFO: ----------------------------No.41 epoch----------------------------
2022-06-22 23:37:56,558 - pytorch_cvae.py[line:176] - INFO: loss:0.06930008500057738, numeric_loss:0.0, categorical_loss:0.06928139649244258, kld_loss:0.00014132261277666203, epoch_train_time:3.940034691244364
2022-06-22 23:38:00,482 - pytorch_cvae.py[line:169] - INFO: ----------------------------No.42 epoch----------------------------
2022-06-22 23:38:00,482 - pytorch_cvae.py[line:176] - INFO: loss:0.06929942722490523, numeric_loss:0.0, categorical_loss:0.06927986501978012, kld_loss:0.00013938546180725098, epoch_train_time:3.923444412648678
2022-06-22 23:38:04,461 - pytorch_cvae.py[line:169] - INFO: ----------------------------No.43 epoch----------------------------
2022-06-22 23:38:04,461 - pytorch_cvae.py[line:176] - INFO: loss:0.06930233794992091, numeric_loss:0.0, categorical_loss:0.06928201466507744, kld_loss:0.00013658404350280762, epoch_train_time:3.978585544973612
2022-06-22 23:38:08,430 - pytorch_cvae.py[line:169] - INFO: ----------------------------No.44 epoch----------------------------
2022-06-22 23:38:08,430 - pytorch_cvae.py[line:176] - INFO: loss:0.06930207648838405, numeric_loss:0.0, categorical_loss:0.06928140923992032, kld_loss:0.00013113021849875395, epoch_train_time:3.969131100922823
2022-06-22 23:38:12,382 - pytorch_cvae.py[line:169] - INFO: ----------------------------No.45 epoch----------------------------
2022-06-22 23:38:12,382 - pytorch_cvae.py[line:176] - INFO: loss:0.06929921203845879, numeric_loss:0.0, categorical_loss:0.06927785526931984, kld_loss:0.00012806057932834847, epoch_train_time:3.9515281431376934
2022-06-22 23:38:16,389 - pytorch_cvae.py[line:169] - INFO: ----------------------------No.46 epoch----------------------------
2022-06-22 23:38:16,389 - pytorch_cvae.py[line:176] - INFO: loss:0.06929470573959406, numeric_loss:0.0, categorical_loss:0.06927132674172753, kld_loss:0.00013262033462524414, epoch_train_time:4.007039941847324
2022-06-22 23:38:20,374 - pytorch_cvae.py[line:169] - INFO: ----------------------------No.47 epoch----------------------------
2022-06-22 23:38:20,375 - pytorch_cvae.py[line:176] - INFO: loss:0.06929797590419184, numeric_loss:0.0, categorical_loss:0.06927365841693245, kld_loss:0.0001306235790110577, epoch_train_time:3.98524971306324
2022-06-22 23:38:24,378 - pytorch_cvae.py[line:169] - INFO: ----------------------------No.48 epoch----------------------------
2022-06-22 23:38:24,378 - pytorch_cvae.py[line:176] - INFO: loss:0.06929839681106387, numeric_loss:0.0, categorical_loss:0.0692743997569778, kld_loss:0.0001221895217966562, epoch_train_time:4.0037512332201
2022-06-22 23:38:28,333 - pytorch_cvae.py[line:169] - INFO: ----------------------------No.49 epoch----------------------------
2022-06-22 23:38:28,334 - pytorch_cvae.py[line:176] - INFO: loss:0.06929569567728322, numeric_loss:0.0, categorical_loss:0.0692679934145417, kld_loss:0.00013384222987156136, epoch_train_time:3.954885669052601
2022-06-22 23:38:32,303 - pytorch_cvae.py[line:169] - INFO: ----------------------------No.50 epoch----------------------------
2022-06-22 23:38:32,303 - pytorch_cvae.py[line:176] - INFO: loss:0.06929397041676566, numeric_loss:0.0, categorical_loss:0.06926820045191562, kld_loss:0.000118255615234375, epoch_train_time:3.969481684267521
2022-06-22 23:38:36,238 - pytorch_cvae.py[line:169] - INFO: ----------------------------No.51 epoch----------------------------
2022-06-22 23:38:36,238 - pytorch_cvae.py[line:176] - INFO: loss:0.06929551385110244, numeric_loss:0.0, categorical_loss:0.06926903081330238, kld_loss:0.00011554360392551644, epoch_train_time:3.9350865744054317
2022-06-22 23:38:40,211 - pytorch_cvae.py[line:169] - INFO: ----------------------------No.52 epoch----------------------------
2022-06-22 23:38:40,211 - pytorch_cvae.py[line:176] - INFO: loss:0.06929629841761198, numeric_loss:0.0, categorical_loss:0.06926659102464328, kld_loss:0.00012335181237688175, epoch_train_time:3.972624000161886
2022-06-22 23:38:44,058 - pytorch_cvae.py[line:169] - INFO: ----------------------------No.53 epoch----------------------------
2022-06-22 23:38:44,058 - pytorch_cvae.py[line:176] - INFO: loss:0.06930412424117094, numeric_loss:0.0, categorical_loss:0.06927239831566112, kld_loss:0.00012549757958879582, epoch_train_time:3.84658295288682
2022-06-22 23:38:47,983 - pytorch_cvae.py[line:169] - INFO: ----------------------------No.54 epoch----------------------------
2022-06-22 23:38:47,983 - pytorch_cvae.py[line:176] - INFO: loss:0.06930158320028568, numeric_loss:0.0, categorical_loss:0.06926881135586882, kld_loss:0.00012362003329258187, epoch_train_time:3.925111398100853
2022-06-22 23:38:51,895 - pytorch_cvae.py[line:169] - INFO: ----------------------------No.55 epoch----------------------------
2022-06-22 23:38:51,895 - pytorch_cvae.py[line:176] - INFO: loss:0.06929601180308964, numeric_loss:0.0, categorical_loss:0.06926433691114653, kld_loss:0.00011405348783455338, epoch_train_time:3.91111870855093
2022-06-22 23:38:55,864 - pytorch_cvae.py[line:169] - INFO: ----------------------------No.56 epoch----------------------------
2022-06-22 23:38:55,864 - pytorch_cvae.py[line:176] - INFO: loss:0.06930328200542135, numeric_loss:0.0, categorical_loss:0.06926592355739558, kld_loss:0.00012853741647234074, epoch_train_time:3.9691300094127655
2022-06-22 23:38:59,736 - pytorch_cvae.py[line:169] - INFO: ----------------------------No.57 epoch----------------------------
2022-06-22 23:38:59,736 - pytorch_cvae.py[line:176] - INFO: loss:0.06930287713475991, numeric_loss:0.0, categorical_loss:0.0692663990193978, kld_loss:0.00012004375460605843, epoch_train_time:3.871911272406578
2022-06-22 23:39:03,672 - pytorch_cvae.py[line:169] - INFO: ----------------------------No.58 epoch----------------------------
2022-06-22 23:39:03,672 - pytorch_cvae.py[line:176] - INFO: loss:0.06930211335566128, numeric_loss:0.0, categorical_loss:0.06926425943674985, kld_loss:0.00011926889422397835, epoch_train_time:3.9361707754433155
2022-06-22 23:39:07,672 - pytorch_cvae.py[line:169] - INFO: ----------------------------No.59 epoch----------------------------
2022-06-22 23:39:07,672 - pytorch_cvae.py[line:176] - INFO: loss:0.06930385323357768, numeric_loss:0.0, categorical_loss:0.06926255953294458, kld_loss:0.0001246929168985389, epoch_train_time:3.999409906566143
2022-06-22 23:39:11,608 - pytorch_cvae.py[line:169] - INFO: ----------------------------No.60 epoch----------------------------
2022-06-22 23:39:11,608 - pytorch_cvae.py[line:176] - INFO: loss:0.06930600262421649, numeric_loss:0.0, categorical_loss:0.06926521199056879, kld_loss:0.00011816620826721191, epoch_train_time:3.9362320490181446
2022-06-22 23:39:15,516 - pytorch_cvae.py[line:169] - INFO: ----------------------------No.61 epoch----------------------------
2022-06-22 23:39:15,516 - pytorch_cvae.py[line:176] - INFO: loss:0.06931158422958106, numeric_loss:0.0, categorical_loss:0.06926770437712548, kld_loss:0.00012207031255684342, epoch_train_time:3.907166577875614
2022-06-22 23:39:19,509 - pytorch_cvae.py[line:169] - INFO: ----------------------------No.62 epoch----------------------------
2022-06-22 23:39:19,509 - pytorch_cvae.py[line:176] - INFO: loss:0.06930477287824033, numeric_loss:0.0, categorical_loss:0.0692559712115326, kld_loss:0.00013050436973571777, epoch_train_time:3.9928026609122753
2022-06-22 23:39:23,475 - pytorch_cvae.py[line:169] - INFO: ----------------------------No.63 epoch----------------------------
2022-06-22 23:39:23,475 - pytorch_cvae.py[line:176] - INFO: loss:0.06931512657320127, numeric_loss:0.0, categorical_loss:0.06926524340087781, kld_loss:0.00012835860255222542, epoch_train_time:3.966331407427788
2022-06-22 23:39:27,467 - pytorch_cvae.py[line:169] - INFO: ----------------------------No.64 epoch----------------------------
2022-06-22 23:39:27,468 - pytorch_cvae.py[line:176] - INFO: loss:0.06930957343865884, numeric_loss:0.0, categorical_loss:0.06926136730908183, kld_loss:0.00011947751046648136, epoch_train_time:3.992146361619234
2022-06-22 23:39:31,358 - pytorch_cvae.py[line:169] - INFO: ----------------------------No.65 epoch----------------------------
2022-06-22 23:39:31,358 - pytorch_cvae.py[line:176] - INFO: loss:0.06931592587352498, numeric_loss:0.0, categorical_loss:0.06926222390757175, kld_loss:0.00012832880022983773, epoch_train_time:3.889870136976242
2022-06-22 23:39:35,299 - pytorch_cvae.py[line:169] - INFO: ----------------------------No.66 epoch----------------------------
2022-06-22 23:39:35,299 - pytorch_cvae.py[line:176] - INFO: loss:0.06931159449595725, numeric_loss:0.0, categorical_loss:0.0692588077072287, kld_loss:0.0001217424869679462, epoch_train_time:3.9411710128188133
2022-06-22 23:39:39,259 - pytorch_cvae.py[line:169] - INFO: ----------------------------No.67 epoch----------------------------
2022-06-22 23:39:39,260 - pytorch_cvae.py[line:176] - INFO: loss:0.06931341828749282, numeric_loss:0.0, categorical_loss:0.06925707984919427, kld_loss:0.00012552738192539437, epoch_train_time:3.960395209491253
2022-06-22 23:39:43,224 - pytorch_cvae.py[line:169] - INFO: ----------------------------No.68 epoch----------------------------
2022-06-22 23:39:43,225 - pytorch_cvae.py[line:176] - INFO: loss:0.06932262924965471, numeric_loss:0.0, categorical_loss:0.06926343025406823, kld_loss:0.00012755393984775765, epoch_train_time:3.9647539854049683
2022-06-22 23:39:47,188 - pytorch_cvae.py[line:169] - INFO: ----------------------------No.69 epoch----------------------------
2022-06-22 23:39:47,188 - pytorch_cvae.py[line:176] - INFO: loss:0.0693254961151979, numeric_loss:0.0, categorical_loss:0.06925878402398666, kld_loss:0.00013914704322814941, epoch_train_time:3.9631030932068825
2022-06-22 23:39:51,106 - pytorch_cvae.py[line:169] - INFO: ----------------------------No.70 epoch----------------------------
2022-06-22 23:39:51,106 - pytorch_cvae.py[line:176] - INFO: loss:0.06931867985258577, numeric_loss:0.0, categorical_loss:0.06925651254277909, kld_loss:0.00012564659118652344, epoch_train_time:3.9179883524775505
2022-06-22 23:39:55,109 - pytorch_cvae.py[line:169] - INFO: ----------------------------No.71 epoch----------------------------
2022-06-22 23:39:55,109 - pytorch_cvae.py[line:176] - INFO: loss:0.06932718282041606, numeric_loss:0.0, categorical_loss:0.06925954789767275, kld_loss:0.00013259053233127815, epoch_train_time:4.002439513802528
2022-06-22 23:39:59,082 - pytorch_cvae.py[line:169] - INFO: ----------------------------No.72 epoch----------------------------
2022-06-22 23:39:59,083 - pytorch_cvae.py[line:176] - INFO: loss:0.06932689831592143, numeric_loss:0.0, categorical_loss:0.0692556726935436, kld_loss:0.00013557076457004769, epoch_train_time:3.9737192429602146
2022-06-22 23:40:03,039 - pytorch_cvae.py[line:169] - INFO: ----------------------------No.73 epoch----------------------------
2022-06-22 23:40:03,039 - pytorch_cvae.py[line:176] - INFO: loss:0.06932721800694708, numeric_loss:0.0, categorical_loss:0.06925518999196356, kld_loss:0.0001332461834095966, epoch_train_time:3.9558950290083885
2022-06-22 23:40:07,000 - pytorch_cvae.py[line:169] - INFO: ----------------------------No.74 epoch----------------------------
2022-06-22 23:40:07,000 - pytorch_cvae.py[line:176] - INFO: loss:0.06932632980169728, numeric_loss:0.0, categorical_loss:0.069253965979442, kld_loss:0.00013023614883422852, epoch_train_time:3.9614726714789867
2022-06-22 23:40:10,951 - pytorch_cvae.py[line:169] - INFO: ----------------------------No.75 epoch----------------------------
2022-06-22 23:40:10,951 - pytorch_cvae.py[line:176] - INFO: loss:0.06932538877299521, numeric_loss:0.0, categorical_loss:0.06925460170168662, kld_loss:0.0001240670681283973, epoch_train_time:3.9505432657897472
2022-06-22 23:40:14,892 - pytorch_cvae.py[line:169] - INFO: ----------------------------No.76 epoch----------------------------
2022-06-22 23:40:14,892 - pytorch_cvae.py[line:176] - INFO: loss:0.06933327537990408, numeric_loss:0.0, categorical_loss:0.06925478144694353, kld_loss:0.0001341104507446289, epoch_train_time:3.941194411367178
2022-06-22 23:40:18,815 - pytorch_cvae.py[line:169] - INFO: ----------------------------No.77 epoch----------------------------
2022-06-22 23:40:18,815 - pytorch_cvae.py[line:176] - INFO: loss:0.06933573191781761, numeric_loss:0.0, categorical_loss:0.06925577395304572, kld_loss:0.000133305788054372, epoch_train_time:3.922705490142107
2022-06-22 23:40:22,786 - pytorch_cvae.py[line:169] - INFO: ----------------------------No.78 epoch----------------------------
2022-06-22 23:40:22,786 - pytorch_cvae.py[line:176] - INFO: loss:0.06933954531268682, numeric_loss:0.0, categorical_loss:0.06925382466579322, kld_loss:0.00013959407806396484, epoch_train_time:3.9703546091914177
2022-06-22 23:40:26,763 - pytorch_cvae.py[line:169] - INFO: ----------------------------No.79 epoch----------------------------
2022-06-22 23:40:26,764 - pytorch_cvae.py[line:176] - INFO: loss:0.06933065866178367, numeric_loss:0.0, categorical_loss:0.06925114815385314, kld_loss:0.0001266002655313514, epoch_train_time:3.9775026626884937
2022-06-22 23:40:30,710 - pytorch_cvae.py[line:169] - INFO: ----------------------------No.80 epoch----------------------------
2022-06-22 23:40:30,710 - pytorch_cvae.py[line:176] - INFO: loss:0.06934296543477103, numeric_loss:0.0, categorical_loss:0.06925317820423516, kld_loss:0.0001399219036386512, epoch_train_time:3.9463399052619934
2022-06-22 23:40:34,672 - pytorch_cvae.py[line:169] - INFO: ----------------------------No.81 epoch----------------------------
2022-06-22 23:40:34,672 - pytorch_cvae.py[line:176] - INFO: loss:0.0693422121257754, numeric_loss:0.0, categorical_loss:0.06925441083876649, kld_loss:0.00013405084612827523, epoch_train_time:3.961400371044874
2022-06-22 23:40:38,596 - pytorch_cvae.py[line:169] - INFO: ----------------------------No.82 epoch----------------------------
2022-06-22 23:40:38,597 - pytorch_cvae.py[line:176] - INFO: loss:0.06934424661449157, numeric_loss:0.0, categorical_loss:0.06925318392313784, kld_loss:0.00013634562495212776, epoch_train_time:3.924714792519808
2022-06-22 23:40:42,552 - pytorch_cvae.py[line:169] - INFO: ----------------------------No.83 epoch----------------------------
2022-06-22 23:40:42,552 - pytorch_cvae.py[line:176] - INFO: loss:0.06934398158045951, numeric_loss:0.0, categorical_loss:0.06925194823270431, kld_loss:0.00013527274134617073, epoch_train_time:3.955244190990925
2022-06-22 23:40:46,500 - pytorch_cvae.py[line:169] - INFO: ----------------------------No.84 epoch----------------------------
2022-06-22 23:40:46,500 - pytorch_cvae.py[line:176] - INFO: loss:0.06934325573092792, numeric_loss:0.0, categorical_loss:0.06925013407453662, kld_loss:0.00013449788096409065, epoch_train_time:3.9475391693413258
2022-06-22 23:40:50,416 - pytorch_cvae.py[line:169] - INFO: ----------------------------No.85 epoch----------------------------
2022-06-22 23:40:50,416 - pytorch_cvae.py[line:176] - INFO: loss:0.06934971478767693, numeric_loss:0.0, categorical_loss:0.06925391120603308, kld_loss:0.0001361072063730262, epoch_train_time:3.9159436970949173
2022-06-22 23:40:54,386 - pytorch_cvae.py[line:169] - INFO: ----------------------------No.86 epoch----------------------------
2022-06-22 23:40:54,387 - pytorch_cvae.py[line:176] - INFO: loss:0.0693556674013962, numeric_loss:0.0, categorical_loss:0.06925417026650393, kld_loss:0.00014197826388340218, epoch_train_time:3.9705450646579266
2022-06-22 23:40:58,328 - pytorch_cvae.py[line:169] - INFO: ----------------------------No.87 epoch----------------------------
2022-06-22 23:40:58,328 - pytorch_cvae.py[line:176] - INFO: loss:0.06935747303941753, numeric_loss:0.0, categorical_loss:0.06925416909507476, kld_loss:0.0001424252987192176, epoch_train_time:3.9408379457890987
2022-06-22 23:41:02,249 - pytorch_cvae.py[line:169] - INFO: ----------------------------No.88 epoch----------------------------
2022-06-22 23:41:02,249 - pytorch_cvae.py[line:176] - INFO: loss:0.06934744027967099, numeric_loss:0.0, categorical_loss:0.06924761832488002, kld_loss:0.00013577938079833984, epoch_train_time:3.92154249176383
2022-06-22 23:41:06,284 - pytorch_cvae.py[line:169] - INFO: ----------------------------No.89 epoch----------------------------
2022-06-22 23:41:06,284 - pytorch_cvae.py[line:176] - INFO: loss:0.06935933666682104, numeric_loss:0.0, categorical_loss:0.06925007281824946, kld_loss:0.00014677643778782112, epoch_train_time:4.0342214703559875
2022-06-22 23:41:10,160 - pytorch_cvae.py[line:169] - INFO: ----------------------------No.90 epoch----------------------------
2022-06-22 23:41:10,160 - pytorch_cvae.py[line:176] - INFO: loss:0.06935977754619671, numeric_loss:0.0, categorical_loss:0.06925180811958853, kld_loss:0.00014337897300720215, epoch_train_time:3.8762752190232277
2022-06-22 23:41:14,108 - pytorch_cvae.py[line:169] - INFO: ----------------------------No.91 epoch----------------------------
2022-06-22 23:41:14,109 - pytorch_cvae.py[line:176] - INFO: loss:0.06936173805297585, numeric_loss:0.0, categorical_loss:0.06925097330531571, kld_loss:0.00014555454255571476, epoch_train_time:3.9481888823211193
2022-06-22 23:41:18,044 - pytorch_cvae.py[line:169] - INFO: ----------------------------No.92 epoch----------------------------
2022-06-22 23:41:18,045 - pytorch_cvae.py[line:176] - INFO: loss:0.06936142013728386, numeric_loss:0.0, categorical_loss:0.0692514529946493, kld_loss:0.00014314055444231144, epoch_train_time:3.9357694908976555
2022-06-22 23:41:21,984 - pytorch_cvae.py[line:169] - INFO: ----------------------------No.93 epoch----------------------------
2022-06-22 23:41:21,984 - pytorch_cvae.py[line:176] - INFO: loss:0.06936092497926438, numeric_loss:0.0, categorical_loss:0.06925145054992754, kld_loss:0.00014129281045427433, epoch_train_time:3.9390690065920353
2022-06-22 23:41:25,900 - pytorch_cvae.py[line:169] - INFO: ----------------------------No.94 epoch----------------------------
2022-06-22 23:41:25,900 - pytorch_cvae.py[line:176] - INFO: loss:0.06936018228589091, numeric_loss:0.0, categorical_loss:0.06924974488356384, kld_loss:0.00014147162440281136, epoch_train_time:3.915835238993168
2022-06-22 23:41:29,802 - pytorch_cvae.py[line:169] - INFO: ----------------------------No.95 epoch----------------------------
2022-06-22 23:41:29,802 - pytorch_cvae.py[line:176] - INFO: loss:0.06936864434101153, numeric_loss:0.0, categorical_loss:0.0692519599251682, kld_loss:0.0001485049724720966, epoch_train_time:3.9016140550374985
2022-06-22 23:41:33,733 - pytorch_cvae.py[line:169] - INFO: ----------------------------No.96 epoch----------------------------
2022-06-22 23:41:33,733 - pytorch_cvae.py[line:176] - INFO: loss:0.06936455764662242, numeric_loss:0.0, categorical_loss:0.06925000794581138, kld_loss:0.00014498829843034855, epoch_train_time:3.931197378784418
2022-06-22 23:41:37,686 - pytorch_cvae.py[line:169] - INFO: ----------------------------No.97 epoch----------------------------
2022-06-22 23:41:37,686 - pytorch_cvae.py[line:176] - INFO: loss:0.06936544529889943, numeric_loss:0.0, categorical_loss:0.06925089926517103, kld_loss:0.0001443326473520301, epoch_train_time:3.9523888900876045
2022-06-22 23:41:41,631 - pytorch_cvae.py[line:169] - INFO: ----------------------------No.98 epoch----------------------------
2022-06-22 23:41:41,631 - pytorch_cvae.py[line:176] - INFO: loss:0.06936546491488116, numeric_loss:0.0, categorical_loss:0.06924883215106092, kld_loss:0.00014644861221313477, epoch_train_time:3.9451860673725605
2022-06-22 23:41:45,679 - pytorch_cvae.py[line:169] - INFO: ----------------------------No.99 epoch----------------------------
2022-06-22 23:41:45,679 - pytorch_cvae.py[line:176] - INFO: loss:0.06936590420082211, numeric_loss:0.0, categorical_loss:0.06924600469210418, kld_loss:0.00015017390251159668, epoch_train_time:4.047500312328339
2022-06-22 23:41:49,662 - pytorch_cvae.py[line:169] - INFO: ----------------------------No.100 epoch----------------------------
2022-06-22 23:41:49,662 - pytorch_cvae.py[line:176] - INFO: loss:0.06936610345292138, numeric_loss:0.0, categorical_loss:0.06924964668723987, kld_loss:0.00014564394952287785, epoch_train_time:3.9833318553864956
2022-06-22 23:41:49,662 - pytorch_cvae.py[line:185] - INFO: training time elapsed:394.5448779165745
2022-06-22 23:41:49,663 - model_utils.py[line:67] - INFO: save model successfully
2022-06-22 23:41:49,806 - pytorch_cvae.py[line:261] - INFO: train model time elapsed:395.5533235259354
2022-06-22 23:41:49,806 - main.py[line:382] - INFO: multi_sampling No.0 epoch
2022-06-22 23:41:49,811 - main.py[line:382] - INFO: multi_sampling No.1 epoch
2022-06-22 23:41:49,812 - main.py[line:382] - INFO: multi_sampling No.2 epoch
2022-06-22 23:41:49,998 - pytorch_cvae.py[line:395] - INFO: sampling time:0.18480463325977325
2022-06-22 23:41:50,153 - pytorch_cvae.py[line:395] - INFO: sampling time:0.3465421013534069
2022-06-22 23:41:50,278 - pytorch_cvae.py[line:415] - INFO: house sampling rate:0.05
2022-06-22 23:41:50,338 - pytorch_cvae.py[line:395] - INFO: sampling time:0.5262218154966831
2022-06-22 23:41:50,421 - pytorch_cvae.py[line:415] - INFO: house sampling rate:0.05
2022-06-22 23:41:50,469 - pytorch_cvae.py[line:415] - INFO: house sampling rate:0.05
2022-06-22 23:41:50,565 - pytorch_cvae.py[line:395] - INFO: sampling time:0.2840360067784786
2022-06-22 23:41:50,721 - pytorch_cvae.py[line:395] - INFO: sampling time:0.25259023904800415
2022-06-22 23:41:50,757 - pytorch_cvae.py[line:395] - INFO: sampling time:0.3353440426290035
2022-06-22 23:41:52,907 - main.py[line:366] - INFO: sample and aggregation time elapsed:3.094426542520523
2022-06-22 23:41:53,538 - main.py[line:366] - INFO: sample and aggregation time elapsed:3.731885589659214
2022-06-22 23:41:53,674 - main.py[line:366] - INFO: sample and aggregation time elapsed:3.8627437613904476
2022-06-22 23:41:53,679 - main.py[line:399] - INFO: sample time:3.8731247670948505
2022-06-22 23:41:53,709 - main.py[line:99] - INFO: aqp result:
                  avg(a_taxi_out)  avg(a_air_time)  avg(a_distance)  \
a_unique_carrier                                                      
9E               14.49            1205.21          743.09             
AA               14.68            1201.45          699.05             
AQ               14.40            1202.49          721.53             
AS               14.39            1203.93          722.58             
B6               14.71            1202.58          723.36             
CO               14.54            1202.77          719.51             
DH               14.49            1206.88          757.84             
DL               14.64            1203.12          709.07             
EV               14.72            1203.26          724.22             
F9               14.69            1202.87          711.92             
FL               14.62            1207.29          759.32             
HA               14.84            1204.77          720.45             
HP               14.90            1205.05          734.08             
MQ               14.35            1203.26          721.64             
NK               14.75            1204.01          734.10             
NW               14.69            1201.96          707.88             
OH (1)           14.30            1202.85          715.68             
OO               14.49            1205.72          741.89             
TW               14.28            1201.34          729.51             
TZ               14.49            1204.13          727.10             
UA               14.70            1202.22          718.12             
US               14.75            1201.56          698.30             
VX               14.29            1202.94          720.47             
WN               15.05            1205.27          727.00             
XE               14.98            1204.84          742.23             
YV               14.62            1203.01          705.94             

                  sum(a_taxi_out)  sum(a_air_time)  sum(a_distance)  
a_unique_carrier                                                     
9E               134398715.85     11180322703.45   6893395328.53     
AA               15374931202.42   1258131710353.77 732025977208.85   
AQ               1644909.26       137377339.75     82429933.27       
AS               820252635.67     68608017610.93   41177249735.51    
B6               520991898.46     42597154794.30   25622386590.04    
CO               2310205929.41    191101596700.74  114318551806.63   
DH               34343014.42      2859872967.22    1795799843.16     
DL               19523391757.37   1603941494120.66 945297273152.32   
EV               2446100883.15    200012108606.18  120383799240.20   
F9               77323098.66      6330464632.04    3746684550.12     
FL               465870932.01     38467677070.74   24194170499.96    
HA               56576163.14      4591540086.74    2745734429.11     
HP               370975210.15     29994192753.15   18271594459.08    
MQ               3290290422.27    275955619638.93  165502281617.74   
NK               5412798.20       441797556.44     269370358.70      
NW               3678920353.40    300994116219.22  177268160754.91   
OH (1)           220956881.53     18591204698.09   11061469505.04    
OO               4548962097.79    378549561013.34  232926109908.38   
TW               243812019.65     20504324051.47   12451100693.71    
TZ               3187376.93       264861808.26     159934492.38      
UA               11117462512.25   909111102989.73  543035855516.45   
US               8753944041.36    713217750734.74  414491091495.78   
VX               6958208.86       585599715.36     350730701.74      
WN               38514423687.65   3084797547138.49 1860695531501.03  
XE               838627350.25     67465968723.55   41561552509.08    
YV               205301921.25     16894838090.26   9914017309.47     
2022-06-22 23:41:53,713 - main.py[line:100] - INFO: ground truth:
                  sum(a_taxi_out)  avg(a_taxi_out)  sum(a_air_time)  \
a_unique_carrier                                                      
9E               142284540.12     15.33            11173140586.24     
AA               16300686048.88   15.55            1263236350723.25   
AQ               1759966.00       15.41            137234624.71       
AS               876450380.96     15.37            68708755273.38     
B6               549788787.51     15.51            42793262804.14     
CO               2485211586.17    15.63            191613223535.47    
DH               35746942.01      15.07            2848202435.65      
DL               20738744853.55   15.54            1608686034109.96   
EV               2595112426.59    15.60            200460459274.38    
F9               80439061.46      15.27            6344125870.52      
FL               495879446.36     15.55            38408814777.63     
HA               59769807.29      15.67            4590749728.71      
HP               388476481.01     15.60            30000936923.38     
MQ               3590401529.60    15.64            276410780365.79    
NK               5829780.60       15.87            441769394.49       
NW               3909682334.52    15.60            301807796014.13    
OH (1)           238510098.84     15.42            18645751639.88     
OO               4895151892.62    15.58            378599313971.27    
TW               261763968.22     15.32            20584482964.54     
TZ               3494894.20       15.89            264811610.15       
UA               11794846477.28   15.59            911710654104.45    
US               9316915599.48    15.68            715580660601.78    
VX               7390703.22       15.17            586691056.44       
WN               39755967904.82   15.52            3085646169518.35   
XE               875611219.36     15.62            67533052769.33     
YV               221860571.32     15.79            16975037496.76     

                  avg(a_air_time)  sum(a_distance)  avg(a_distance)  
a_unique_carrier                                                     
9E               1203.46          6746625346.28    726.68            
AA               1205.37          777087416304.94  741.49            
AQ               1201.24          80971279.97      708.76            
AS               1204.73          42037430883.37   737.08            
B6               1207.14          26827027097.25   756.75            
CO               1205.02          117399219829.68  738.30            
DH               1200.96          1678544713.64    707.77            
DL               1205.71          991984599921.34  743.49            
EV               1204.99          122887838715.02  738.69            
F9               1204.50          3860634311.65    732.98            
FL               1204.47          23464764525.57   735.84            
HA               1203.59          2772250304.97    726.82            
HP               1204.37          18262881042.59   733.15            
MQ               1204.29          168201520541.46  732.83            
NK               1202.96          265373521.21     722.62            
NW               1204.24          183162573964.31  730.84            
OH (1)           1205.40          11511808801.00   744.21            
OO               1204.92          231963276318.29  738.24            
TW               1205.06          12616862839.76   738.62            
TZ               1203.90          158652522.82     721.28            
UA               1204.69          556578465756.17  735.44            
US               1204.59          437180046113.38  735.94            
VX               1204.20          357991356.52     734.79            
WN               1204.64          1885240669478.28 736.00            
XE               1205.08          41407851540.77   738.90            
YV               1207.76          10681610707.48   759.99            
2022-06-22 23:41:53,723 - main.py[line:407] - INFO: relative error:
                  avg(a_air_time)  avg(a_distance)  avg(a_taxi_out)  \
a_unique_carrier                                                      
9E               0.00             0.02             0.05               
AA               0.00             0.06             0.06               
AQ               0.00             0.02             0.07               
AS               0.00             0.02             0.06               
B6               0.00             0.04             0.05               
CO               0.00             0.03             0.07               
DH               0.00             0.07             0.04               
DL               0.00             0.05             0.06               
EV               0.00             0.02             0.06               
F9               0.00             0.03             0.04               
FL               0.00             0.03             0.06               
HA               0.00             0.01             0.05               
HP               0.00             0.00             0.04               
MQ               0.00             0.02             0.08               
NK               0.00             0.02             0.07               
NW               0.00             0.03             0.06               
OH (1)           0.00             0.04             0.07               
OO               0.00             0.00             0.07               
TW               0.00             0.01             0.07               
TZ               0.00             0.01             0.09               
UA               0.00             0.02             0.06               
US               0.00             0.05             0.06               
VX               0.00             0.02             0.06               
WN               0.00             0.01             0.03               
XE               0.00             0.00             0.04               
YV               0.00             0.07             0.07               

                  sum(a_air_time)  sum(a_distance)  sum(a_taxi_out)  
a_unique_carrier                                                     
9E               0.00             0.02             0.06              
AA               0.00             0.06             0.06              
AQ               0.00             0.02             0.07              
AS               0.00             0.02             0.06              
B6               0.00             0.04             0.05              
CO               0.00             0.03             0.07              
DH               0.00             0.07             0.04              
DL               0.00             0.05             0.06              
EV               0.00             0.02             0.06              
F9               0.00             0.03             0.04              
FL               0.00             0.03             0.06              
HA               0.00             0.01             0.05              
HP               0.00             0.00             0.05              
MQ               0.00             0.02             0.08              
NK               0.00             0.02             0.07              
NW               0.00             0.03             0.06              
OH (1)           0.00             0.04             0.07              
OO               0.00             0.00             0.07              
TW               0.00             0.01             0.07              
TZ               0.00             0.01             0.09              
UA               0.00             0.02             0.06              
US               0.00             0.05             0.06              
VX               0.00             0.02             0.06              
WN               0.00             0.01             0.03              
XE               0.00             0.00             0.04              
YV               0.00             0.07             0.07              
2022-06-22 23:41:53,725 - main.py[line:408] - INFO: relative error normalized:
                  avg(a_air_time)  avg(a_distance)  avg(a_taxi_out)  \
a_unique_carrier                                                      
9E               0.00             0.02             0.05               
AA               0.00             0.06             0.05               
AQ               0.00             0.02             0.06               
AS               0.00             0.02             0.06               
B6               0.00             0.04             0.05               
CO               0.00             0.03             0.07               
DH               0.00             0.07             0.04               
DL               0.00             0.05             0.06               
EV               0.00             0.02             0.06               
F9               0.00             0.03             0.04               
FL               0.00             0.03             0.06               
HA               0.00             0.01             0.05               
HP               0.00             0.00             0.04               
MQ               0.00             0.02             0.08               
NK               0.00             0.02             0.07               
NW               0.00             0.03             0.06               
OH (1)           0.00             0.04             0.07               
OO               0.00             0.00             0.07               
TW               0.00             0.01             0.07               
TZ               0.00             0.01             0.08               
UA               0.00             0.02             0.06               
US               0.00             0.05             0.06               
VX               0.00             0.02             0.06               
WN               0.00             0.01             0.03               
XE               0.00             0.00             0.04               
YV               0.00             0.07             0.07               

                  sum(a_air_time)  sum(a_distance)  sum(a_taxi_out)  
a_unique_carrier                                                     
9E               0.00             0.02             0.05              
AA               0.00             0.06             0.06              
AQ               0.00             0.02             0.06              
AS               0.00             0.02             0.06              
B6               0.00             0.04             0.05              
CO               0.00             0.03             0.07              
DH               0.00             0.07             0.04              
DL               0.00             0.05             0.06              
EV               0.00             0.02             0.06              
F9               0.00             0.03             0.04              
FL               0.00             0.03             0.06              
HA               0.00             0.01             0.05              
HP               0.00             0.00             0.04              
MQ               0.00             0.02             0.08              
NK               0.00             0.01             0.07              
NW               0.00             0.03             0.06              
OH (1)           0.00             0.04             0.07              
OO               0.00             0.00             0.07              
TW               0.00             0.01             0.07              
TZ               0.00             0.01             0.08              
UA               0.00             0.02             0.06              
US               0.00             0.05             0.06              
VX               0.00             0.02             0.06              
WN               0.00             0.01             0.03              
XE               0.00             0.00             0.04              
YV               0.00             0.07             0.07              
2022-06-22 23:41:53,725 - main.py[line:411] - INFO: relative error average :0.029538013272200205
2022-06-22 23:41:53,725 - main.py[line:412] - INFO: relative error normalized average :0.02874832919787515
2022-06-22 23:41:53,727 - main.py[line:458] - INFO: total_time:937.5952476486564
categorical_columns: ['a_unique_carrier_0', 'a_unique_carrier_1', 'a_unique_carrier_2', 'a_unique_carrier_3', 'a_unique_carrier_4', 'a_unique_carrier_5']
categorical_columns: ['a_unique_carrier_0', 'a_unique_carrier_1', 'a_unique_carrier_2', 'a_unique_carrier_3', 'a_unique_carrier_4', 'a_unique_carrier_5']
  a_unique_carrier  a_taxi_out  a_air_time  a_distance  flights-flight-a_rate
0  9E              8.33        1143.39     222.56      0.19                  
1  9E              13.92       1176.65     294.82      0.19                  
2  9E              14.03       1354.44     2212.05     0.19                  
3  9E              69.80       1243.06     1353.39     0.19                  
4  9E              8.30        1142.86     253.43      0.19                  
5  9E              13.94       1275.30     964.96      0.19                  
6  9E              13.67       1141.07     278.87      0.19                  
7  9E              13.83       1182.32     249.90      0.19                  
8  9E              13.97       1182.18     949.43      0.19                  
9  9E              13.50       1140.70     217.93      0.19                  
categorical_columns: ['a_unique_carrier_0', 'a_unique_carrier_1', 'a_unique_carrier_2', 'a_unique_carrier_3', 'a_unique_carrier_4', 'a_unique_carrier_5']
  a_unique_carrier  a_taxi_out  a_air_time  a_distance  flights-flight-a_rate
0  9E              8.37        1228.86     911.29      0.19                  
1  9E              13.55       1142.54     238.85      0.19                  
2  9E              8.30        1142.02     244.10      0.19                  
3  9E              21.59       1226.61     548.95      0.19                  
4  9E              13.94       1342.81     2155.10     0.19                  
5  9E              8.48        1311.63     992.61      0.19                  
6  9E              8.34        1146.54     209.42      0.19                  
7  9E              13.55       1140.03     234.30      0.19                  
8  9E              13.64       1141.84     238.55      0.19                  
9  9E              8.40        1186.42     533.00      0.19                  
  a_unique_carrier  a_taxi_out  a_air_time  a_distance  flights-flight-a_rate
0  9E              13.93       1276.49     966.05      0.19                  
1  9E              13.80       1231.81     910.41      0.19                  
2  9E              13.87       1329.17     2155.29     0.19                  
3  9E              13.75       1143.93     213.32      0.19                  
4  9E              13.78       1148.45     230.33      0.19                  
5  9E              34.57       1149.66     528.65      0.19                  
6  9E              8.24        1136.88     250.39      0.19                  
7  9E              13.65       1147.62     220.69      0.19                  
8  9E              8.45        1224.27     570.06      0.19                  
9  9E              14.14       1289.03     1490.62     0.19                  
categorical_columns: ['b_unique_carrier_0', 'b_unique_carrier_1', 'b_unique_carrier_2', 'b_unique_carrier_3', 'b_unique_carrier_4', 'b_unique_carrier_5']
  b_unique_carrier  flights-flight-b_rate
0  9E              0.05                  
1  9E              0.05                  
2  9E              0.05                  
3  9E              0.05                  
4  9E              0.05                  
5  9E              0.05                  
6  9E              0.05                  
7  9E              0.05                  
8  9E              0.05                  
9  9E              0.05                  
categorical_columns: ['b_unique_carrier_0', 'b_unique_carrier_1', 'b_unique_carrier_2', 'b_unique_carrier_3', 'b_unique_carrier_4', 'b_unique_carrier_5']
categorical_columns: ['b_unique_carrier_0', 'b_unique_carrier_1', 'b_unique_carrier_2', 'b_unique_carrier_3', 'b_unique_carrier_4', 'b_unique_carrier_5']
  b_unique_carrier  flights-flight-b_rate
0  9E              0.05                  
1  9E              0.05                  
2  9E              0.05                  
3  9E              0.05                  
4  9E              0.05                  
5  9E              0.05                  
6  9E              0.05                  
7  9E              0.05                  
8  9E              0.05                  
9  9E              0.05                  
  b_unique_carrier  flights-flight-b_rate
0  9E              0.05                  
1  9E              0.05                  
2  9E              0.05                  
3  9E              0.05                  
4  9E              0.05                  
5  9E              0.05                  
6  9E              0.05                  
7  9E              0.05                  
8  9E              0.05                  
9  9E              0.05                  
