main.py:19: FutureWarning: Passing a negative integer is deprecated in version 1.0 and will not be supported in future version. Instead, use None to not limit the column width.
  pd.set_option('max_colwidth', -1)
2022-06-21 00:55:35,906 - main.py[line:438] - INFO: load query config config/query/customer_join_nation.json successfully
2022-06-21 00:55:35,906 - main.py[line:445] - INFO: load train config ./config/train/tpch_customer_torch_cvae.json successfully
2022-06-21 00:55:35,906 - main.py[line:445] - INFO: load train config ./config/train/tpch_nation_torch_cvae.json successfully
2022-06-21 00:55:35,906 - dataset_utils.py[line:562] - INFO: load existing dataset(light):tpch-1m-customer_c_nationkey_c_acctbal_c_nationkey_binary_gaussian5_0
2022-06-21 00:55:36,084 - dataset_utils.py[line:571] - INFO: load dataset(light) time elapsed:0.17748814076185226
2022-06-21 00:55:36,084 - pytorch_cvae.py[line:273] - INFO: feature info:[('c_acctbal', 'numerical', 6), ('c_nationkey', 'categorical', 6)]
2022-06-21 00:55:36,085 - model_utils.py[line:75] - INFO: load model name:torch_cvae_tpch-1m-customer_c_nationkey_ld100_id100_bs512_ep150_0_binary_gaussian5
2022-06-21 00:55:38,150 - model_utils.py[line:86] - INFO: load torch model time elapsed:2.0648913867771626
2022-06-21 00:55:38,150 - pytorch_cvae.py[line:283] - INFO: load model time elapsed:2.243915695697069
2022-06-21 00:55:38,150 - pytorch_cvae.py[line:242] - INFO: epoch:100
2022-06-21 00:55:38,150 - pytorch_cvae.py[line:243] - INFO: batch size:128
2022-06-21 00:55:38,150 - pytorch_cvae.py[line:244] - INFO: latent dimension:100
2022-06-21 00:55:38,150 - pytorch_cvae.py[line:245] - INFO: intermediate dimension:150
2022-06-21 00:55:38,150 - pytorch_cvae.py[line:246] - INFO: gpu num:0
2022-06-21 00:55:38,150 - dataset_utils.py[line:543] - INFO: load existing dataset:tpch-35g-nation_n_nationkey#n_name__n_nationkey_binary_gaussian5_0
2022-06-21 00:55:38,154 - dataset_utils.py[line:555] - INFO: load dataset time elapsed:0.0037258490920066833
2022-06-21 00:55:38,154 - pytorch_cvae.py[line:251] - INFO: feature info:[('n_nationkey', 'categorical', 6), ('n_name', 'categorical', 6)]
2022-06-21 00:55:38,624 - pytorch_cvae.py[line:169] - INFO: ----------------------------No.1 epoch----------------------------
2022-06-21 00:55:38,624 - pytorch_cvae.py[line:170] - INFO: loss:1.4116566181182861, numeric_loss:0.0, categorical_loss:1.399503231048584, kld_loss:2.2546632289886475, epoch_train_time:0.4689280614256859
2022-06-21 00:55:38,628 - pytorch_cvae.py[line:169] - INFO: ----------------------------No.2 epoch----------------------------
2022-06-21 00:55:38,628 - pytorch_cvae.py[line:170] - INFO: loss:1.3778663873672485, numeric_loss:0.0, categorical_loss:1.3652031421661377, kld_loss:2.126744031906128, epoch_train_time:0.003577250987291336
2022-06-21 00:55:38,631 - pytorch_cvae.py[line:169] - INFO: ----------------------------No.3 epoch----------------------------
2022-06-21 00:55:38,631 - pytorch_cvae.py[line:170] - INFO: loss:1.3727048635482788, numeric_loss:0.0, categorical_loss:1.3593014478683472, kld_loss:2.039889335632324, epoch_train_time:0.003243289887905121
2022-06-21 00:55:38,635 - pytorch_cvae.py[line:169] - INFO: ----------------------------No.4 epoch----------------------------
2022-06-21 00:55:38,635 - pytorch_cvae.py[line:170] - INFO: loss:1.3600150346755981, numeric_loss:0.0, categorical_loss:1.3456209897994995, kld_loss:1.9871578216552734, epoch_train_time:0.003307253122329712
2022-06-21 00:55:38,638 - pytorch_cvae.py[line:169] - INFO: ----------------------------No.5 epoch----------------------------
2022-06-21 00:55:38,638 - pytorch_cvae.py[line:170] - INFO: loss:1.3376083374023438, numeric_loss:0.0, categorical_loss:1.321915626525879, kld_loss:1.9671419858932495, epoch_train_time:0.0034128129482269287
2022-06-21 00:55:38,642 - pytorch_cvae.py[line:169] - INFO: ----------------------------No.6 epoch----------------------------
2022-06-21 00:55:38,642 - pytorch_cvae.py[line:170] - INFO: loss:1.361575961112976, numeric_loss:0.0, categorical_loss:1.344198226928711, kld_loss:1.979960322380066, epoch_train_time:0.003432001918554306
2022-06-21 00:55:38,646 - pytorch_cvae.py[line:169] - INFO: ----------------------------No.7 epoch----------------------------
2022-06-21 00:55:38,646 - pytorch_cvae.py[line:170] - INFO: loss:1.3203322887420654, numeric_loss:0.0, categorical_loss:1.3009793758392334, kld_loss:2.006183385848999, epoch_train_time:0.00395449623465538
2022-06-21 00:55:38,650 - pytorch_cvae.py[line:169] - INFO: ----------------------------No.8 epoch----------------------------
2022-06-21 00:55:38,650 - pytorch_cvae.py[line:170] - INFO: loss:1.3049651384353638, numeric_loss:0.0, categorical_loss:1.2833471298217773, kld_loss:2.040952205657959, epoch_train_time:0.00401773676276207
2022-06-21 00:55:38,654 - pytorch_cvae.py[line:169] - INFO: ----------------------------No.9 epoch----------------------------
2022-06-21 00:55:38,654 - pytorch_cvae.py[line:170] - INFO: loss:1.282233476638794, numeric_loss:0.0, categorical_loss:1.2580540180206299, kld_loss:2.081092596054077, epoch_train_time:0.0042434558272361755
2022-06-21 00:55:38,659 - pytorch_cvae.py[line:169] - INFO: ----------------------------No.10 epoch----------------------------
2022-06-21 00:55:38,659 - pytorch_cvae.py[line:170] - INFO: loss:1.2839733362197876, numeric_loss:0.0, categorical_loss:1.2570064067840576, kld_loss:2.118061065673828, epoch_train_time:0.004459764808416367
2022-06-21 00:55:38,664 - pytorch_cvae.py[line:169] - INFO: ----------------------------No.11 epoch----------------------------
2022-06-21 00:55:38,664 - pytorch_cvae.py[line:170] - INFO: loss:1.288530707359314, numeric_loss:0.0, categorical_loss:1.2586067914962769, kld_loss:2.146944999694824, epoch_train_time:0.004607461392879486
2022-06-21 00:55:38,669 - pytorch_cvae.py[line:169] - INFO: ----------------------------No.12 epoch----------------------------
2022-06-21 00:55:38,669 - pytorch_cvae.py[line:170] - INFO: loss:1.2841064929962158, numeric_loss:0.0, categorical_loss:1.2511358261108398, kld_loss:2.163022518157959, epoch_train_time:0.004852898418903351
2022-06-21 00:55:38,674 - pytorch_cvae.py[line:169] - INFO: ----------------------------No.13 epoch----------------------------
2022-06-21 00:55:38,674 - pytorch_cvae.py[line:170] - INFO: loss:1.2853584289550781, numeric_loss:0.0, categorical_loss:1.249356985092163, kld_loss:2.1618130207061768, epoch_train_time:0.0049123615026474
2022-06-21 00:55:38,679 - pytorch_cvae.py[line:169] - INFO: ----------------------------No.14 epoch----------------------------
2022-06-21 00:55:38,679 - pytorch_cvae.py[line:170] - INFO: loss:1.291338324546814, numeric_loss:0.0, categorical_loss:1.2524142265319824, kld_loss:2.141493082046509, epoch_train_time:0.005004666745662689
2022-06-21 00:55:38,684 - pytorch_cvae.py[line:169] - INFO: ----------------------------No.15 epoch----------------------------
2022-06-21 00:55:38,684 - pytorch_cvae.py[line:170] - INFO: loss:1.2576103210449219, numeric_loss:0.0, categorical_loss:1.215977668762207, kld_loss:2.1007022857666016, epoch_train_time:0.005002234131097794
2022-06-21 00:55:38,689 - pytorch_cvae.py[line:169] - INFO: ----------------------------No.16 epoch----------------------------
2022-06-21 00:55:38,690 - pytorch_cvae.py[line:170] - INFO: loss:1.260615587234497, numeric_loss:0.0, categorical_loss:1.2164993286132812, kld_loss:2.0436089038848877, epoch_train_time:0.00501631572842598
2022-06-21 00:55:38,695 - pytorch_cvae.py[line:169] - INFO: ----------------------------No.17 epoch----------------------------
2022-06-21 00:55:38,695 - pytorch_cvae.py[line:170] - INFO: loss:1.2442116737365723, numeric_loss:0.0, categorical_loss:1.1979883909225464, kld_loss:1.9677149057388306, epoch_train_time:0.005003463476896286
2022-06-21 00:55:38,700 - pytorch_cvae.py[line:169] - INFO: ----------------------------No.18 epoch----------------------------
2022-06-21 00:55:38,700 - pytorch_cvae.py[line:170] - INFO: loss:1.2526443004608154, numeric_loss:0.0, categorical_loss:1.2046695947647095, kld_loss:1.878664493560791, epoch_train_time:0.004960879683494568
2022-06-21 00:55:38,705 - pytorch_cvae.py[line:169] - INFO: ----------------------------No.19 epoch----------------------------
2022-06-21 00:55:38,705 - pytorch_cvae.py[line:170] - INFO: loss:1.265099048614502, numeric_loss:0.0, categorical_loss:1.2157282829284668, kld_loss:1.7802386283874512, epoch_train_time:0.004920359700918198
2022-06-21 00:55:38,710 - pytorch_cvae.py[line:169] - INFO: ----------------------------No.20 epoch----------------------------
2022-06-21 00:55:38,710 - pytorch_cvae.py[line:170] - INFO: loss:1.2528822422027588, numeric_loss:0.0, categorical_loss:1.2024590969085693, kld_loss:1.6758794784545898, epoch_train_time:0.00494958832859993
2022-06-21 00:55:38,715 - pytorch_cvae.py[line:169] - INFO: ----------------------------No.21 epoch----------------------------
2022-06-21 00:55:38,715 - pytorch_cvae.py[line:170] - INFO: loss:1.2175599336624146, numeric_loss:0.0, categorical_loss:1.1664674282073975, kld_loss:1.566785216331482, epoch_train_time:0.004953764379024506
2022-06-21 00:55:38,720 - pytorch_cvae.py[line:169] - INFO: ----------------------------No.22 epoch----------------------------
2022-06-21 00:55:38,721 - pytorch_cvae.py[line:170] - INFO: loss:1.2436225414276123, numeric_loss:0.0, categorical_loss:1.1922128200531006, kld_loss:1.4560343027114868, epoch_train_time:0.004995066672563553
2022-06-21 00:55:38,726 - pytorch_cvae.py[line:169] - INFO: ----------------------------No.23 epoch----------------------------
2022-06-21 00:55:38,726 - pytorch_cvae.py[line:170] - INFO: loss:1.2081859111785889, numeric_loss:0.0, categorical_loss:1.1566946506500244, kld_loss:1.3482390642166138, epoch_train_time:0.0049743615090847015
2022-06-21 00:55:38,731 - pytorch_cvae.py[line:169] - INFO: ----------------------------No.24 epoch----------------------------
2022-06-21 00:55:38,731 - pytorch_cvae.py[line:170] - INFO: loss:1.2095509767532349, numeric_loss:0.0, categorical_loss:1.1580637693405151, kld_loss:1.2476005554199219, epoch_train_time:0.005014993250370026
2022-06-21 00:55:38,736 - pytorch_cvae.py[line:169] - INFO: ----------------------------No.25 epoch----------------------------
2022-06-21 00:55:38,736 - pytorch_cvae.py[line:170] - INFO: loss:1.2267646789550781, numeric_loss:0.0, categorical_loss:1.1753404140472412, kld_loss:1.1543055772781372, epoch_train_time:0.005085621029138565
2022-06-21 00:55:38,742 - pytorch_cvae.py[line:169] - INFO: ----------------------------No.26 epoch----------------------------
2022-06-21 00:55:38,742 - pytorch_cvae.py[line:170] - INFO: loss:1.228827714920044, numeric_loss:0.0, categorical_loss:1.1772654056549072, kld_loss:1.0732377767562866, epoch_train_time:0.005180001258850098
2022-06-21 00:55:38,747 - pytorch_cvae.py[line:169] - INFO: ----------------------------No.27 epoch----------------------------
2022-06-21 00:55:38,747 - pytorch_cvae.py[line:170] - INFO: loss:1.2217798233032227, numeric_loss:0.0, categorical_loss:1.1699421405792236, kld_loss:1.00150728225708, epoch_train_time:0.005309384316205978
2022-06-21 00:55:38,753 - pytorch_cvae.py[line:169] - INFO: ----------------------------No.28 epoch----------------------------
2022-06-21 00:55:38,753 - pytorch_cvae.py[line:170] - INFO: loss:1.1794092655181885, numeric_loss:0.0, categorical_loss:1.1271944046020508, kld_loss:0.9373063445091248, epoch_train_time:0.005373042076826096
2022-06-21 00:55:38,758 - pytorch_cvae.py[line:169] - INFO: ----------------------------No.29 epoch----------------------------
2022-06-21 00:55:38,759 - pytorch_cvae.py[line:170] - INFO: loss:1.1945233345031738, numeric_loss:0.0, categorical_loss:1.1417641639709473, kld_loss:0.8808447122573853, epoch_train_time:0.005575347691774368
2022-06-21 00:55:38,764 - pytorch_cvae.py[line:169] - INFO: ----------------------------No.30 epoch----------------------------
2022-06-21 00:55:38,764 - pytorch_cvae.py[line:170] - INFO: loss:1.209766149520874, numeric_loss:0.0, categorical_loss:1.1563639640808105, kld_loss:0.8300580978393555, epoch_train_time:0.0056337229907512665
2022-06-21 00:55:38,770 - pytorch_cvae.py[line:169] - INFO: ----------------------------No.31 epoch----------------------------
2022-06-21 00:55:38,771 - pytorch_cvae.py[line:170] - INFO: loss:1.2051719427108765, numeric_loss:0.0, categorical_loss:1.1510683298110962, kld_loss:0.7837142944335938, epoch_train_time:0.005819249898195267
2022-06-21 00:55:38,776 - pytorch_cvae.py[line:169] - INFO: ----------------------------No.32 epoch----------------------------
2022-06-21 00:55:38,776 - pytorch_cvae.py[line:170] - INFO: loss:1.1790169477462769, numeric_loss:0.0, categorical_loss:1.1241602897644043, kld_loss:0.7412715554237366, epoch_train_time:0.005595896393060684
2022-06-21 00:55:38,784 - pytorch_cvae.py[line:169] - INFO: ----------------------------No.33 epoch----------------------------
2022-06-21 00:55:38,785 - pytorch_cvae.py[line:170] - INFO: loss:1.1823196411132812, numeric_loss:0.0, categorical_loss:1.1267207860946655, kld_loss:0.7015602588653564, epoch_train_time:0.0075765252113342285
2022-06-21 00:55:38,792 - pytorch_cvae.py[line:169] - INFO: ----------------------------No.34 epoch----------------------------
2022-06-21 00:55:38,792 - pytorch_cvae.py[line:170] - INFO: loss:1.198452353477478, numeric_loss:0.0, categorical_loss:1.1421709060668945, kld_loss:0.663818895816803, epoch_train_time:0.007498249411582947
2022-06-21 00:55:38,800 - pytorch_cvae.py[line:169] - INFO: ----------------------------No.35 epoch----------------------------
2022-06-21 00:55:38,800 - pytorch_cvae.py[line:170] - INFO: loss:1.1925623416900635, numeric_loss:0.0, categorical_loss:1.135759711265564, kld_loss:0.6268612742424011, epoch_train_time:0.0070929378271102905
2022-06-21 00:55:38,806 - pytorch_cvae.py[line:169] - INFO: ----------------------------No.36 epoch----------------------------
2022-06-21 00:55:38,807 - pytorch_cvae.py[line:170] - INFO: loss:1.1771184206008911, numeric_loss:0.0, categorical_loss:1.119987964630127, kld_loss:0.590506374835968, epoch_train_time:0.006667107343673706
2022-06-21 00:55:38,813 - pytorch_cvae.py[line:169] - INFO: ----------------------------No.37 epoch----------------------------
2022-06-21 00:55:38,813 - pytorch_cvae.py[line:170] - INFO: loss:1.1920942068099976, numeric_loss:0.0, categorical_loss:1.1348990201950073, kld_loss:0.5542490482330322, epoch_train_time:0.006229285150766373
2022-06-21 00:55:38,819 - pytorch_cvae.py[line:169] - INFO: ----------------------------No.38 epoch----------------------------
2022-06-21 00:55:38,820 - pytorch_cvae.py[line:170] - INFO: loss:1.2269366979599, numeric_loss:0.0, categorical_loss:1.1698893308639526, kld_loss:0.518804132938385, epoch_train_time:0.006220921874046326
2022-06-21 00:55:38,826 - pytorch_cvae.py[line:169] - INFO: ----------------------------No.39 epoch----------------------------
2022-06-21 00:55:38,826 - pytorch_cvae.py[line:170] - INFO: loss:1.1792665719985962, numeric_loss:0.0, categorical_loss:1.1226601600646973, kld_loss:0.4836040437221527, epoch_train_time:0.00615200400352478
2022-06-21 00:55:38,832 - pytorch_cvae.py[line:169] - INFO: ----------------------------No.40 epoch----------------------------
2022-06-21 00:55:38,832 - pytorch_cvae.py[line:170] - INFO: loss:1.2000482082366943, numeric_loss:0.0, categorical_loss:1.1441853046417236, kld_loss:0.44878530502319336, epoch_train_time:0.006021078675985336
2022-06-21 00:55:38,838 - pytorch_cvae.py[line:169] - INFO: ----------------------------No.41 epoch----------------------------
2022-06-21 00:55:38,838 - pytorch_cvae.py[line:170] - INFO: loss:1.1757967472076416, numeric_loss:0.0, categorical_loss:1.1209208965301514, kld_loss:0.41497474908828735, epoch_train_time:0.0059272609651088715
2022-06-21 00:55:38,844 - pytorch_cvae.py[line:169] - INFO: ----------------------------No.42 epoch----------------------------
2022-06-21 00:55:38,844 - pytorch_cvae.py[line:170] - INFO: loss:1.197027564048767, numeric_loss:0.0, categorical_loss:1.1433517932891846, kld_loss:0.3824526071548462, epoch_train_time:0.00588984414935112
2022-06-21 00:55:38,851 - pytorch_cvae.py[line:169] - INFO: ----------------------------No.43 epoch----------------------------
2022-06-21 00:55:38,851 - pytorch_cvae.py[line:170] - INFO: loss:1.173508644104004, numeric_loss:0.0, categorical_loss:1.1212894916534424, kld_loss:0.35093173384666443, epoch_train_time:0.006024044007062912
2022-06-21 00:55:38,857 - pytorch_cvae.py[line:169] - INFO: ----------------------------No.44 epoch----------------------------
2022-06-21 00:55:38,857 - pytorch_cvae.py[line:170] - INFO: loss:1.1907742023468018, numeric_loss:0.0, categorical_loss:1.1401746273040771, kld_loss:0.3210464119911194, epoch_train_time:0.0057804882526397705
2022-06-21 00:55:38,862 - pytorch_cvae.py[line:169] - INFO: ----------------------------No.45 epoch----------------------------
2022-06-21 00:55:38,862 - pytorch_cvae.py[line:170] - INFO: loss:1.1802808046340942, numeric_loss:0.0, categorical_loss:1.1314486265182495, kld_loss:0.292812317609787, epoch_train_time:0.005403030663728714
2022-06-21 00:55:38,868 - pytorch_cvae.py[line:169] - INFO: ----------------------------No.46 epoch----------------------------
2022-06-21 00:55:38,868 - pytorch_cvae.py[line:170] - INFO: loss:1.1846330165863037, numeric_loss:0.0, categorical_loss:1.1376347541809082, kld_loss:0.26660120487213135, epoch_train_time:0.005511641502380371
2022-06-21 00:55:38,874 - pytorch_cvae.py[line:169] - INFO: ----------------------------No.47 epoch----------------------------
2022-06-21 00:55:38,874 - pytorch_cvae.py[line:170] - INFO: loss:1.1581672430038452, numeric_loss:0.0, categorical_loss:1.113012671470642, kld_loss:0.2425563931465149, epoch_train_time:0.005564775317907333
2022-06-21 00:55:38,880 - pytorch_cvae.py[line:169] - INFO: ----------------------------No.48 epoch----------------------------
2022-06-21 00:55:38,880 - pytorch_cvae.py[line:170] - INFO: loss:1.1536768674850464, numeric_loss:0.0, categorical_loss:1.1103805303573608, kld_loss:0.22045914828777313, epoch_train_time:0.005876149982213974
2022-06-21 00:55:38,886 - pytorch_cvae.py[line:169] - INFO: ----------------------------No.49 epoch----------------------------
2022-06-21 00:55:38,886 - pytorch_cvae.py[line:170] - INFO: loss:1.180290699005127, numeric_loss:0.0, categorical_loss:1.1388835906982422, kld_loss:0.20005565881729126, epoch_train_time:0.005801662802696228
2022-06-21 00:55:38,892 - pytorch_cvae.py[line:169] - INFO: ----------------------------No.50 epoch----------------------------
2022-06-21 00:55:38,892 - pytorch_cvae.py[line:170] - INFO: loss:1.1322507858276367, numeric_loss:0.0, categorical_loss:1.092726469039917, kld_loss:0.18137359619140625, epoch_train_time:0.005678873509168625
2022-06-21 00:55:38,898 - pytorch_cvae.py[line:169] - INFO: ----------------------------No.51 epoch----------------------------
2022-06-21 00:55:38,898 - pytorch_cvae.py[line:170] - INFO: loss:1.1511486768722534, numeric_loss:0.0, categorical_loss:1.1134015321731567, kld_loss:0.16468791663646698, epoch_train_time:0.005719959735870361
2022-06-21 00:55:38,903 - pytorch_cvae.py[line:169] - INFO: ----------------------------No.52 epoch----------------------------
2022-06-21 00:55:38,904 - pytorch_cvae.py[line:170] - INFO: loss:1.169258713722229, numeric_loss:0.0, categorical_loss:1.1332451105117798, kld_loss:0.14953650534152985, epoch_train_time:0.005581296980381012
2022-06-21 00:55:38,909 - pytorch_cvae.py[line:169] - INFO: ----------------------------No.53 epoch----------------------------
2022-06-21 00:55:38,910 - pytorch_cvae.py[line:170] - INFO: loss:1.1540305614471436, numeric_loss:0.0, categorical_loss:1.1196637153625488, kld_loss:0.13594290614128113, epoch_train_time:0.005712542682886124
2022-06-21 00:55:38,915 - pytorch_cvae.py[line:169] - INFO: ----------------------------No.54 epoch----------------------------
2022-06-21 00:55:38,915 - pytorch_cvae.py[line:170] - INFO: loss:1.1747021675109863, numeric_loss:0.0, categorical_loss:1.141993761062622, kld_loss:0.12338104099035263, epoch_train_time:0.005707927048206329
2022-06-21 00:55:38,921 - pytorch_cvae.py[line:169] - INFO: ----------------------------No.55 epoch----------------------------
2022-06-21 00:55:38,921 - pytorch_cvae.py[line:170] - INFO: loss:1.1291745901107788, numeric_loss:0.0, categorical_loss:1.098082184791565, kld_loss:0.11195618659257889, epoch_train_time:0.005688484758138657
2022-06-21 00:55:38,927 - pytorch_cvae.py[line:169] - INFO: ----------------------------No.56 epoch----------------------------
2022-06-21 00:55:38,927 - pytorch_cvae.py[line:170] - INFO: loss:1.1416536569595337, numeric_loss:0.0, categorical_loss:1.112090826034546, kld_loss:0.10171367228031158, epoch_train_time:0.005531203001737595
2022-06-21 00:55:38,933 - pytorch_cvae.py[line:169] - INFO: ----------------------------No.57 epoch----------------------------
2022-06-21 00:55:38,933 - pytorch_cvae.py[line:170] - INFO: loss:1.1507139205932617, numeric_loss:0.0, categorical_loss:1.122554063796997, kld_loss:0.09266966581344604, epoch_train_time:0.0053560733795166016
2022-06-21 00:55:38,938 - pytorch_cvae.py[line:169] - INFO: ----------------------------No.58 epoch----------------------------
2022-06-21 00:55:38,938 - pytorch_cvae.py[line:170] - INFO: loss:1.1507532596588135, numeric_loss:0.0, categorical_loss:1.1238036155700684, kld_loss:0.08491172641515732, epoch_train_time:0.005397286266088486
2022-06-21 00:55:38,944 - pytorch_cvae.py[line:169] - INFO: ----------------------------No.59 epoch----------------------------
2022-06-21 00:55:38,944 - pytorch_cvae.py[line:170] - INFO: loss:1.1713160276412964, numeric_loss:0.0, categorical_loss:1.145425796508789, kld_loss:0.07817959785461426, epoch_train_time:0.005435016006231308
2022-06-21 00:55:38,950 - pytorch_cvae.py[line:169] - INFO: ----------------------------No.60 epoch----------------------------
2022-06-21 00:55:38,950 - pytorch_cvae.py[line:170] - INFO: loss:1.1579723358154297, numeric_loss:0.0, categorical_loss:1.1330474615097046, kld_loss:0.0722050592303276, epoch_train_time:0.0056945644319057465
2022-06-21 00:55:38,956 - pytorch_cvae.py[line:169] - INFO: ----------------------------No.61 epoch----------------------------
2022-06-21 00:55:38,956 - pytorch_cvae.py[line:170] - INFO: loss:1.130184531211853, numeric_loss:0.0, categorical_loss:1.1061606407165527, kld_loss:0.06683258712291718, epoch_train_time:0.00569596141576767
2022-06-21 00:55:38,962 - pytorch_cvae.py[line:169] - INFO: ----------------------------No.62 epoch----------------------------
2022-06-21 00:55:38,962 - pytorch_cvae.py[line:170] - INFO: loss:1.166458010673523, numeric_loss:0.0, categorical_loss:1.1433017253875732, kld_loss:0.06192426383495331, epoch_train_time:0.00569523498415947
2022-06-21 00:55:38,967 - pytorch_cvae.py[line:169] - INFO: ----------------------------No.63 epoch----------------------------
2022-06-21 00:55:38,967 - pytorch_cvae.py[line:170] - INFO: loss:1.1254067420959473, numeric_loss:0.0, categorical_loss:1.1031382083892822, kld_loss:0.05730113014578819, epoch_train_time:0.005557402968406677
2022-06-21 00:55:38,973 - pytorch_cvae.py[line:169] - INFO: ----------------------------No.64 epoch----------------------------
2022-06-21 00:55:38,973 - pytorch_cvae.py[line:170] - INFO: loss:1.1383938789367676, numeric_loss:0.0, categorical_loss:1.11698579788208, kld_loss:0.053059376776218414, epoch_train_time:0.005349230021238327
2022-06-21 00:55:38,979 - pytorch_cvae.py[line:169] - INFO: ----------------------------No.65 epoch----------------------------
2022-06-21 00:55:38,979 - pytorch_cvae.py[line:170] - INFO: loss:1.1626099348068237, numeric_loss:0.0, categorical_loss:1.1420323848724365, kld_loss:0.04917289689183235, epoch_train_time:0.005434554070234299
2022-06-21 00:55:38,984 - pytorch_cvae.py[line:169] - INFO: ----------------------------No.66 epoch----------------------------
2022-06-21 00:55:38,984 - pytorch_cvae.py[line:170] - INFO: loss:1.1262211799621582, numeric_loss:0.0, categorical_loss:1.10640549659729, kld_loss:0.045700907707214355, epoch_train_time:0.0054513439536094666
2022-06-21 00:55:38,990 - pytorch_cvae.py[line:169] - INFO: ----------------------------No.67 epoch----------------------------
2022-06-21 00:55:38,990 - pytorch_cvae.py[line:170] - INFO: loss:1.1163586378097534, numeric_loss:0.0, categorical_loss:1.0972604751586914, kld_loss:0.04255228862166405, epoch_train_time:0.005562346428632736
2022-06-21 00:55:38,996 - pytorch_cvae.py[line:169] - INFO: ----------------------------No.68 epoch----------------------------
2022-06-21 00:55:38,996 - pytorch_cvae.py[line:170] - INFO: loss:1.1358833312988281, numeric_loss:0.0, categorical_loss:1.117458701133728, kld_loss:0.03969911113381386, epoch_train_time:0.005629498511552811
2022-06-21 00:55:39,002 - pytorch_cvae.py[line:169] - INFO: ----------------------------No.69 epoch----------------------------
2022-06-21 00:55:39,002 - pytorch_cvae.py[line:170] - INFO: loss:1.1409581899642944, numeric_loss:0.0, categorical_loss:1.123232364654541, kld_loss:0.036972276866436005, epoch_train_time:0.0056963637471199036
2022-06-21 00:55:39,007 - pytorch_cvae.py[line:169] - INFO: ----------------------------No.70 epoch----------------------------
2022-06-21 00:55:39,008 - pytorch_cvae.py[line:170] - INFO: loss:1.177287220954895, numeric_loss:0.0, categorical_loss:1.1602362394332886, kld_loss:0.034461796283721924, epoch_train_time:0.005536194890737534
2022-06-21 00:55:39,013 - pytorch_cvae.py[line:169] - INFO: ----------------------------No.71 epoch----------------------------
2022-06-21 00:55:39,013 - pytorch_cvae.py[line:170] - INFO: loss:1.0872632265090942, numeric_loss:0.0, categorical_loss:1.0708394050598145, kld_loss:0.032197099179029465, epoch_train_time:0.005529716610908508
2022-06-21 00:55:39,019 - pytorch_cvae.py[line:169] - INFO: ----------------------------No.72 epoch----------------------------
2022-06-21 00:55:39,019 - pytorch_cvae.py[line:170] - INFO: loss:1.1228609085083008, numeric_loss:0.0, categorical_loss:1.107010841369629, kld_loss:0.030169174075126648, epoch_train_time:0.005397852510213852
2022-06-21 00:55:39,024 - pytorch_cvae.py[line:169] - INFO: ----------------------------No.73 epoch----------------------------
2022-06-21 00:55:39,025 - pytorch_cvae.py[line:170] - INFO: loss:1.0893408060073853, numeric_loss:0.0, categorical_loss:1.0740561485290527, kld_loss:0.028275499120354652, epoch_train_time:0.005451299250125885
2022-06-21 00:55:39,030 - pytorch_cvae.py[line:169] - INFO: ----------------------------No.74 epoch----------------------------
2022-06-21 00:55:39,030 - pytorch_cvae.py[line:170] - INFO: loss:1.075636863708496, numeric_loss:0.0, categorical_loss:1.0609369277954102, kld_loss:0.02645607851445675, epoch_train_time:0.005682166665792465
2022-06-21 00:55:39,036 - pytorch_cvae.py[line:169] - INFO: ----------------------------No.75 epoch----------------------------
2022-06-21 00:55:39,036 - pytorch_cvae.py[line:170] - INFO: loss:1.0935893058776855, numeric_loss:0.0, categorical_loss:1.0794050693511963, kld_loss:0.024860449135303497, epoch_train_time:0.005765385925769806
2022-06-21 00:55:39,042 - pytorch_cvae.py[line:169] - INFO: ----------------------------No.76 epoch----------------------------
2022-06-21 00:55:39,043 - pytorch_cvae.py[line:170] - INFO: loss:1.10872220993042, numeric_loss:0.0, categorical_loss:1.0950798988342285, kld_loss:0.023308591917157173, epoch_train_time:0.005828984081745148
2022-06-21 00:55:39,048 - pytorch_cvae.py[line:169] - INFO: ----------------------------No.77 epoch----------------------------
2022-06-21 00:55:39,048 - pytorch_cvae.py[line:170] - INFO: loss:1.0828088521957397, numeric_loss:0.0, categorical_loss:1.0696746110916138, kld_loss:0.021897368133068085, epoch_train_time:0.005650673061609268
2022-06-21 00:55:39,054 - pytorch_cvae.py[line:169] - INFO: ----------------------------No.78 epoch----------------------------
2022-06-21 00:55:39,054 - pytorch_cvae.py[line:170] - INFO: loss:1.1511621475219727, numeric_loss:0.0, categorical_loss:1.1385074853897095, kld_loss:0.02060774341225624, epoch_train_time:0.005477290600538254
2022-06-21 00:55:39,060 - pytorch_cvae.py[line:169] - INFO: ----------------------------No.79 epoch----------------------------
2022-06-21 00:55:39,060 - pytorch_cvae.py[line:170] - INFO: loss:1.067887783050537, numeric_loss:0.0, categorical_loss:1.0556640625, kld_loss:0.019463220611214638, epoch_train_time:0.005565933883190155
2022-06-21 00:55:39,066 - pytorch_cvae.py[line:169] - INFO: ----------------------------No.80 epoch----------------------------
2022-06-21 00:55:39,066 - pytorch_cvae.py[line:170] - INFO: loss:1.0572686195373535, numeric_loss:0.0, categorical_loss:1.0454468727111816, kld_loss:0.018422773107886314, epoch_train_time:0.00560726597905159
2022-06-21 00:55:39,072 - pytorch_cvae.py[line:169] - INFO: ----------------------------No.81 epoch----------------------------
2022-06-21 00:55:39,072 - pytorch_cvae.py[line:170] - INFO: loss:1.0872201919555664, numeric_loss:0.0, categorical_loss:1.0757914781570435, kld_loss:0.017448870465159416, epoch_train_time:0.005859255790710449
2022-06-21 00:55:39,078 - pytorch_cvae.py[line:169] - INFO: ----------------------------No.82 epoch----------------------------
2022-06-21 00:55:39,078 - pytorch_cvae.py[line:170] - INFO: loss:1.0409138202667236, numeric_loss:0.0, categorical_loss:1.0298405885696411, kld_loss:0.01657959073781967, epoch_train_time:0.006347782909870148
2022-06-21 00:55:39,085 - pytorch_cvae.py[line:169] - INFO: ----------------------------No.83 epoch----------------------------
2022-06-21 00:55:39,086 - pytorch_cvae.py[line:170] - INFO: loss:1.1068888902664185, numeric_loss:0.0, categorical_loss:1.0961620807647705, kld_loss:0.015766538679599762, epoch_train_time:0.0069513507187366486
2022-06-21 00:55:39,093 - pytorch_cvae.py[line:169] - INFO: ----------------------------No.84 epoch----------------------------
2022-06-21 00:55:39,093 - pytorch_cvae.py[line:170] - INFO: loss:1.0459330081939697, numeric_loss:0.0, categorical_loss:1.0354913473129272, kld_loss:0.01508115604519844, epoch_train_time:0.007037550210952759
2022-06-21 00:55:39,100 - pytorch_cvae.py[line:169] - INFO: ----------------------------No.85 epoch----------------------------
2022-06-21 00:55:39,100 - pytorch_cvae.py[line:170] - INFO: loss:1.0738880634307861, numeric_loss:0.0, categorical_loss:1.0637259483337402, kld_loss:0.014437203295528889, epoch_train_time:0.006499648094177246
2022-06-21 00:55:39,106 - pytorch_cvae.py[line:169] - INFO: ----------------------------No.86 epoch----------------------------
2022-06-21 00:55:39,106 - pytorch_cvae.py[line:170] - INFO: loss:1.0663665533065796, numeric_loss:0.0, categorical_loss:1.0564442873001099, kld_loss:0.013879713602364063, epoch_train_time:0.006317205727100372
2022-06-21 00:55:39,113 - pytorch_cvae.py[line:169] - INFO: ----------------------------No.87 epoch----------------------------
2022-06-21 00:55:39,113 - pytorch_cvae.py[line:170] - INFO: loss:1.04863440990448, numeric_loss:0.0, categorical_loss:1.038928747177124, kld_loss:0.013381192460656166, epoch_train_time:0.006657000631093979
2022-06-21 00:55:39,119 - pytorch_cvae.py[line:169] - INFO: ----------------------------No.88 epoch----------------------------
2022-06-21 00:55:39,120 - pytorch_cvae.py[line:170] - INFO: loss:1.095914363861084, numeric_loss:0.0, categorical_loss:1.0863988399505615, kld_loss:0.012943204492330551, epoch_train_time:0.006192646920681
2022-06-21 00:55:39,126 - pytorch_cvae.py[line:169] - INFO: ----------------------------No.89 epoch----------------------------
2022-06-21 00:55:39,126 - pytorch_cvae.py[line:170] - INFO: loss:1.1310042142868042, numeric_loss:0.0, categorical_loss:1.1217015981674194, kld_loss:0.01249632053077221, epoch_train_time:0.005860459059476852
2022-06-21 00:55:39,132 - pytorch_cvae.py[line:169] - INFO: ----------------------------No.90 epoch----------------------------
2022-06-21 00:55:39,132 - pytorch_cvae.py[line:170] - INFO: loss:1.1010226011276245, numeric_loss:0.0, categorical_loss:1.091904640197754, kld_loss:0.012108310125768185, epoch_train_time:0.006027180701494217
2022-06-21 00:55:39,138 - pytorch_cvae.py[line:169] - INFO: ----------------------------No.91 epoch----------------------------
2022-06-21 00:55:39,138 - pytorch_cvae.py[line:170] - INFO: loss:1.096786618232727, numeric_loss:0.0, categorical_loss:1.087778091430664, kld_loss:0.011837977916002274, epoch_train_time:0.005870874971151352
2022-06-21 00:55:39,144 - pytorch_cvae.py[line:169] - INFO: ----------------------------No.92 epoch----------------------------
2022-06-21 00:55:39,144 - pytorch_cvae.py[line:170] - INFO: loss:1.0810911655426025, numeric_loss:0.0, categorical_loss:1.0721302032470703, kld_loss:0.01166415773332119, epoch_train_time:0.005691640079021454
2022-06-21 00:55:39,150 - pytorch_cvae.py[line:169] - INFO: ----------------------------No.93 epoch----------------------------
2022-06-21 00:55:39,150 - pytorch_cvae.py[line:170] - INFO: loss:1.0855084657669067, numeric_loss:0.0, categorical_loss:1.0766394138336182, kld_loss:0.011446742340922356, epoch_train_time:0.005644850432872772
2022-06-21 00:55:39,156 - pytorch_cvae.py[line:169] - INFO: ----------------------------No.94 epoch----------------------------
2022-06-21 00:55:39,156 - pytorch_cvae.py[line:170] - INFO: loss:1.078126072883606, numeric_loss:0.0, categorical_loss:1.0693564414978027, kld_loss:0.011233850382268429, epoch_train_time:0.005563013255596161
2022-06-21 00:55:39,161 - pytorch_cvae.py[line:169] - INFO: ----------------------------No.95 epoch----------------------------
2022-06-21 00:55:39,162 - pytorch_cvae.py[line:170] - INFO: loss:1.1243226528167725, numeric_loss:0.0, categorical_loss:1.1156319379806519, kld_loss:0.011060770601034164, epoch_train_time:0.0057220980525016785
2022-06-21 00:55:39,167 - pytorch_cvae.py[line:169] - INFO: ----------------------------No.96 epoch----------------------------
2022-06-21 00:55:39,167 - pytorch_cvae.py[line:170] - INFO: loss:1.0529283285140991, numeric_loss:0.0, categorical_loss:1.0443307161331177, kld_loss:0.010882268659770489, epoch_train_time:0.005683358758687973
2022-06-21 00:55:39,173 - pytorch_cvae.py[line:169] - INFO: ----------------------------No.97 epoch----------------------------
2022-06-21 00:55:39,173 - pytorch_cvae.py[line:170] - INFO: loss:1.057611346244812, numeric_loss:0.0, categorical_loss:1.0492013692855835, kld_loss:0.010596957057714462, epoch_train_time:0.005691554397344589
2022-06-21 00:55:39,179 - pytorch_cvae.py[line:169] - INFO: ----------------------------No.98 epoch----------------------------
2022-06-21 00:55:39,179 - pytorch_cvae.py[line:170] - INFO: loss:1.0671836137771606, numeric_loss:0.0, categorical_loss:1.058990240097046, kld_loss:0.010287917219102383, epoch_train_time:0.005533397197723389
2022-06-21 00:55:39,185 - pytorch_cvae.py[line:169] - INFO: ----------------------------No.99 epoch----------------------------
2022-06-21 00:55:39,185 - pytorch_cvae.py[line:170] - INFO: loss:1.0822951793670654, numeric_loss:0.0, categorical_loss:1.0742290019989014, kld_loss:0.010102835483849049, epoch_train_time:0.005752570927143097
2022-06-21 00:55:39,191 - pytorch_cvae.py[line:169] - INFO: ----------------------------No.100 epoch----------------------------
2022-06-21 00:55:39,191 - pytorch_cvae.py[line:170] - INFO: loss:1.0615880489349365, numeric_loss:0.0, categorical_loss:1.0536653995513916, kld_loss:0.009908298961818218, epoch_train_time:0.005416657775640488
2022-06-21 00:55:39,191 - pytorch_cvae.py[line:185] - INFO: training time elapsed:1.03577334061265
2022-06-21 00:55:39,197 - model_utils.py[line:67] - INFO: save model successfully
2022-06-21 00:55:39,200 - pytorch_cvae.py[line:261] - INFO: train model time elapsed:1.0497196801006794
2022-06-21 00:55:39,200 - main.py[line:382] - INFO: multi_sampling No.0 epoch
2022-06-21 00:55:39,203 - main.py[line:382] - INFO: multi_sampling No.1 epoch
2022-06-21 00:55:39,205 - main.py[line:382] - INFO: multi_sampling No.2 epoch
2022-06-21 00:55:39,489 - pytorch_cvae.py[line:395] - INFO: sampling time:0.2845891863107681
2022-06-21 00:55:39,503 - pytorch_cvae.py[line:395] - INFO: sampling time:0.2961476035416126
2022-06-21 00:55:39,742 - pytorch_cvae.py[line:395] - INFO: sampling time:0.5407522208988667
2022-06-21 00:55:39,879 - dataset_utils.py[line:543] - INFO: load existing dataset:tpch-35g-nation_n_nationkey#n_name__n_nationkey_binary_gaussian5_0
2022-06-21 00:55:39,956 - dataset_utils.py[line:543] - INFO: load existing dataset:tpch-35g-nation_n_nationkey#n_name__n_nationkey_binary_gaussian5_0
2022-06-21 00:55:39,970 - dataset_utils.py[line:555] - INFO: load dataset time elapsed:0.09104727581143379
2022-06-21 00:55:39,978 - dataset_utils.py[line:555] - INFO: load dataset time elapsed:0.021698303520679474
2022-06-21 00:55:40,050 - dataset_utils.py[line:543] - INFO: load existing dataset:tpch-35g-nation_n_nationkey#n_name__n_nationkey_binary_gaussian5_0
2022-06-21 00:55:40,054 - dataset_utils.py[line:555] - INFO: load dataset time elapsed:0.004578899592161179
2022-06-21 00:55:40,123 - main.py[line:366] - INFO: sample and aggregation time elapsed:0.9164234176278114
2022-06-21 00:55:40,125 - main.py[line:366] - INFO: sample and aggregation time elapsed:0.9210672080516815
2022-06-21 00:55:40,145 - main.py[line:366] - INFO: sample and aggregation time elapsed:0.9441143497824669
2022-06-21 00:55:40,149 - main.py[line:399] - INFO: sample time:0.9493667855858803
2022-06-21 00:55:40,167 - main.py[line:99] - INFO: aqp result:
                avg(c_acctbal)  sum(c_acctbal)
n_name                                        
ALGERIA        4567.77         956815497.43   
ARGENTINA      4524.87         950425565.68   
BRAZIL         4543.88         954587342.77   
CANADA         4534.30         953376876.85   
CHINA          4590.83         963844515.55   
EGYPT          4449.72         936884223.96   
ETHIOPIA       4370.30         920808160.78   
FRANCE         4414.14         927667519.02   
GERMANY        4492.41         944294895.27   
INDIA          4434.43         932002509.13   
INDONESIA      4545.68         955325105.93   
IRAN           4474.45         941127973.68   
IRAQ           4513.58         947116268.70   
JAPAN          4512.01         943903550.68   
JORDAN         4458.34         933666272.54   
KENYA          4495.89         940544415.74   
MOROCCO        4420.57         929566425.25   
MOZAMBIQUE     4565.33         957555983.82   
PERU           4585.65         964201619.37   
ROMANIA        4521.14         950202777.28   
RUSSIA         4441.76         932813166.69   
SAUDI ARABIA   4527.21         950207218.65   
UNITED KINGDOM 4544.95         957090213.12   
UNITED STATES  4474.33         937784772.37   
VIETNAM        4461.24         935664760.56   
2022-06-21 00:55:40,170 - main.py[line:100] - INFO: ground truth:
                avg(c_acctbal)  sum(c_acctbal)
n_name                                        
ALGERIA        4498.95         942399631.68   
ARGENTINA      4483.88         941816808.61   
BRAZIL         4511.85         947858318.41   
CANADA         4490.01         944064844.06   
CHINA          4504.31         945679440.88   
EGYPT          4499.30         947323811.48   
ETHIOPIA       4493.96         946864251.97   
FRANCE         4496.91         945061618.32   
GERMANY        4496.45         945145072.96   
INDIA          4508.75         947621736.24   
INDONESIA      4495.16         944706347.10   
IRAN           4508.78         948349182.43   
IRAQ           4505.86         945495447.51   
JAPAN          4486.76         938621285.05   
JORDAN         4498.32         942038984.41   
KENYA          4492.92         939923709.64   
MOROCCO        4496.65         945564714.81   
MOZAMBIQUE     4497.97         943426627.93   
PERU           4498.89         945959166.36   
ROMANIA        4493.86         944470531.83   
RUSSIA         4509.35         947009565.44   
SAUDI ARABIA   4508.24         946225279.07   
UNITED KINGDOM 4491.46         945824613.02   
UNITED STATES  4497.85         942713372.66   
VIETNAM        4497.42         943253101.24   
2022-06-21 00:55:40,177 - main.py[line:407] - INFO: relative error:
                avg(c_acctbal)  sum(c_acctbal)
n_name                                        
ALGERIA        0.02            0.02           
ARGENTINA      0.01            0.01           
BRAZIL         0.01            0.01           
CANADA         0.01            0.01           
CHINA          0.02            0.02           
EGYPT          0.01            0.01           
ETHIOPIA       0.03            0.03           
FRANCE         0.02            0.02           
GERMANY        0.00            0.00           
INDIA          0.02            0.02           
INDONESIA      0.01            0.01           
IRAN           0.01            0.01           
IRAQ           0.00            0.00           
JAPAN          0.01            0.01           
JORDAN         0.01            0.01           
KENYA          0.00            0.00           
MOROCCO        0.02            0.02           
MOZAMBIQUE     0.01            0.01           
PERU           0.02            0.02           
ROMANIA        0.01            0.01           
RUSSIA         0.01            0.01           
SAUDI ARABIA   0.00            0.00           
UNITED KINGDOM 0.01            0.01           
UNITED STATES  0.01            0.01           
VIETNAM        0.01            0.01           
2022-06-21 00:55:40,179 - main.py[line:408] - INFO: relative error normalized:
                avg(c_acctbal)  sum(c_acctbal)
n_name                                        
ALGERIA        0.02            0.02           
ARGENTINA      0.01            0.01           
BRAZIL         0.01            0.01           
CANADA         0.01            0.01           
CHINA          0.02            0.02           
EGYPT          0.01            0.01           
ETHIOPIA       0.03            0.03           
FRANCE         0.02            0.02           
GERMANY        0.00            0.00           
INDIA          0.02            0.02           
INDONESIA      0.01            0.01           
IRAN           0.01            0.01           
IRAQ           0.00            0.00           
JAPAN          0.01            0.01           
JORDAN         0.01            0.01           
KENYA          0.00            0.00           
MOROCCO        0.02            0.02           
MOZAMBIQUE     0.01            0.01           
PERU           0.02            0.02           
ROMANIA        0.01            0.01           
RUSSIA         0.01            0.01           
SAUDI ARABIA   0.00            0.00           
UNITED KINGDOM 0.01            0.01           
UNITED STATES  0.01            0.01           
VIETNAM        0.01            0.01           
2022-06-21 00:55:40,180 - main.py[line:411] - INFO: relative error average :0.010892493037573135
2022-06-21 00:55:40,180 - main.py[line:412] - INFO: relative error normalized average :0.010812592881753574
2022-06-21 00:55:40,181 - main.py[line:458] - INFO: total_time:4.275478877127171
categorical_columns: ['c_nationkey_0', 'c_nationkey_1', 'c_nationkey_2', 'c_nationkey_3', 'c_nationkey_4', 'c_nationkey_5']
categorical_columns: ['c_nationkey_0', 'c_nationkey_1', 'c_nationkey_2', 'c_nationkey_3', 'c_nationkey_4', 'c_nationkey_5']
categorical_columns: ['c_nationkey_0', 'c_nationkey_1', 'c_nationkey_2', 'c_nationkey_3', 'c_nationkey_4', 'c_nationkey_5']
   c_nationkey  c_acctbal  tpch-1m-customer_rate
0  0           4613.43    0.01                  
1  0           7632.85    0.01                  
2  0           -303.16    0.01                  
3  0           1725.94    0.01                  
4  0           -317.17    0.01                  
5  0           4679.60    0.01                  
6  0           7553.63    0.01                  
7  0           7569.45    0.01                  
8  0           4651.35    0.01                  
9  0           1871.66    0.01                  
   c_nationkey  c_acctbal  tpch-1m-customer_rate
0  0           7514.06    0.01                  
1  0           4623.54    0.01                  
2  0           1747.99    0.01                  
3  0           -358.89    0.01                  
4  0           1651.80    0.01                  
5  0           -310.60    0.01                  
6  0           4795.44    0.01                  
7  0           7557.48    0.01                  
8  0           1717.23    0.01                  
9  0           -318.55    0.01                  
   c_nationkey  c_acctbal  tpch-1m-customer_rate
0  0           9412.02    0.01                  
1  0           4723.22    0.01                  
2  0           7668.83    0.01                  
3  0           7461.29    0.01                  
4  0           7558.00    0.01                  
5  0           7538.01    0.01                  
6  0           4720.18    0.01                  
7  0           4662.87    0.01                  
8  0           4754.18    0.01                  
9  0           1677.48    0.01                  
