main.py:19: FutureWarning: Passing a negative integer is deprecated in version 1.0 and will not be supported in future version. Instead, use None to not limit the column width.
  pd.set_option('max_colwidth', -1)
2022-06-29 16:50:45,613 - main.py[line:440] - INFO: load query config config/query/sales_nooutlier_join_store.json successfully
2022-06-29 16:50:45,613 - main.py[line:447] - INFO: load train config ./config/train/tpcds_ssales_store_nooutlier_torch_cvae.json successfully
2022-06-29 16:50:45,613 - main.py[line:447] - INFO: load train config ./config/train/tpcds_store_torch_cvae.json successfully
2022-06-29 16:50:45,613 - pytorch_cvae.py[line:244] - INFO: epoch:150
2022-06-29 16:50:45,613 - pytorch_cvae.py[line:245] - INFO: batch size:512
2022-06-29 16:50:45,613 - pytorch_cvae.py[line:246] - INFO: latent dimension:100
2022-06-29 16:50:45,613 - pytorch_cvae.py[line:247] - INFO: intermediate dimension:100
2022-06-29 16:50:45,613 - pytorch_cvae.py[line:248] - INFO: gpu num:0
2022-06-29 16:50:45,635 - dataset_utils.py[line:292] - INFO: loading data:/home/lihan/train_dataset/tpcds_0.6667g/store_sales_outlier.csv
2022-06-29 16:50:47,896 - dataset_utils.py[line:313] - INFO: data total rows:1735865
2022-06-29 16:50:47,896 - dataset_utils.py[line:345] - INFO: sample the training data sample rows:1735865
2022-06-29 16:50:47,896 - dataset_utils.py[line:349] - INFO: load data time elapsed:2.2614375948905945
2022-06-29 16:50:48,073 - dataset_utils.py[line:43] - INFO: encode categorical columns time elapsed:0.17612064257264137
2022-06-29 16:50:48,145 - dataset_utils.py[line:56] - INFO: encode numeric columnstime elapsed:0.07210303097963333
2022-06-29 16:50:48,347 - dataset_utils.py[line:107] - INFO: data shape:(1735865, 9)
2022-06-29 16:50:48,347 - dataset_utils.py[line:136] - INFO: feature info:[('ss_wholesale_cost', 'numerical', 1), ('ss_list_price', 'numerical', 1), ('ss_sales_price', 'numerical', 1), ('ss_ext_sales_price', 'numerical', 1), ('ss_store_sk', 'categorical', 5)]
2022-06-29 16:50:48,347 - dataset_utils.py[line:137] - INFO: output info list:[(1, 'no'), (1, 'no'), (1, 'no'), (1, 'no'), (5, 'sigmoid')]
2022-06-29 16:50:50,450 - dataset_utils.py[line:140] - INFO: load data successfully
2022-06-29 16:50:50,451 - pytorch_cvae.py[line:253] - INFO: feature info:[('ss_wholesale_cost', 'numerical', 1), ('ss_list_price', 'numerical', 1), ('ss_sales_price', 'numerical', 1), ('ss_ext_sales_price', 'numerical', 1), ('ss_store_sk', 'categorical', 5)]
2022-06-29 16:51:17,498 - pytorch_cvae.py[line:169] - INFO: ----------------------------No.1 epoch----------------------------
2022-06-29 16:51:17,498 - pytorch_cvae.py[line:176] - INFO: loss:236.49541977979243, numeric_loss:60.72960518486798, categorical_loss:71.84733617978054, kld_loss:19278.58679151535, epoch_train_time:27.04436780512333
2022-06-29 16:51:44,208 - pytorch_cvae.py[line:169] - INFO: ----------------------------No.2 epoch----------------------------
2022-06-29 16:51:44,208 - pytorch_cvae.py[line:176] - INFO: loss:77.22281348705292, numeric_loss:29.666223951149732, categorical_loss:0.6054737551748985, kld_loss:7885.260606050491, epoch_train_time:26.71011870354414
2022-06-29 16:52:11,070 - pytorch_cvae.py[line:169] - INFO: ----------------------------No.3 epoch----------------------------
2022-06-29 16:52:11,070 - pytorch_cvae.py[line:176] - INFO: loss:80.0290977563709, numeric_loss:29.60763402702287, categorical_loss:0.379931020863296, kld_loss:7615.925952911377, epoch_train_time:26.861586067825556
2022-06-29 16:52:38,118 - pytorch_cvae.py[line:169] - INFO: ----------------------------No.4 epoch----------------------------
2022-06-29 16:52:38,118 - pytorch_cvae.py[line:176] - INFO: loss:84.20053059235215, numeric_loss:30.71134690893814, categorical_loss:0.3713791847912944, kld_loss:7333.115388989449, epoch_train_time:27.048252400010824
2022-06-29 16:53:04,731 - pytorch_cvae.py[line:169] - INFO: ----------------------------No.5 epoch----------------------------
2022-06-29 16:53:04,731 - pytorch_cvae.py[line:176] - INFO: loss:89.04243580624461, numeric_loss:32.16534207575023, categorical_loss:0.36918956337467534, kld_loss:7083.50471496582, epoch_train_time:26.612927813082933
2022-06-29 16:53:31,439 - pytorch_cvae.py[line:169] - INFO: ----------------------------No.6 epoch----------------------------
2022-06-29 16:53:31,440 - pytorch_cvae.py[line:176] - INFO: loss:94.50924573093653, numeric_loss:34.71158115565777, categorical_loss:0.36727175940905, kld_loss:6771.306237339973, epoch_train_time:26.70806549862027
2022-06-29 16:53:58,335 - pytorch_cvae.py[line:169] - INFO: ----------------------------No.7 epoch----------------------------
2022-06-29 16:53:58,335 - pytorch_cvae.py[line:176] - INFO: loss:100.28011696785688, numeric_loss:37.56016488187015, categorical_loss:0.3686632683456992, kld_loss:6463.51075387001, epoch_train_time:26.89501715451479
2022-06-29 16:54:25,204 - pytorch_cvae.py[line:169] - INFO: ----------------------------No.8 epoch----------------------------
2022-06-29 16:54:25,204 - pytorch_cvae.py[line:176] - INFO: loss:106.23469564691186, numeric_loss:40.60164591856301, categorical_loss:0.3682078941492364, kld_loss:6161.632560968399, epoch_train_time:26.868962608277798
2022-06-29 16:54:52,262 - pytorch_cvae.py[line:169] - INFO: ----------------------------No.9 epoch----------------------------
2022-06-29 16:54:52,262 - pytorch_cvae.py[line:176] - INFO: loss:112.36958029679954, numeric_loss:43.89806160423905, categorical_loss:0.36685716354259057, kld_loss:5861.666628360748, epoch_train_time:27.058075435459614
2022-06-29 16:55:18,818 - pytorch_cvae.py[line:169] - INFO: ----------------------------No.10 epoch----------------------------
2022-06-29 16:55:18,818 - pytorch_cvae.py[line:176] - INFO: loss:118.83127222955227, numeric_loss:47.55878781620413, categorical_loss:0.36712704837555066, kld_loss:5569.104548335075, epoch_train_time:26.556137915700674
2022-06-29 16:55:45,772 - pytorch_cvae.py[line:169] - INFO: ----------------------------No.11 epoch----------------------------
2022-06-29 16:55:45,772 - pytorch_cvae.py[line:176] - INFO: loss:125.40690775960684, numeric_loss:51.39769232273102, categorical_loss:0.36658870385144837, kld_loss:5283.624335885048, epoch_train_time:26.953491494059563
2022-06-29 16:56:12,728 - pytorch_cvae.py[line:169] - INFO: ----------------------------No.12 epoch----------------------------
2022-06-29 16:56:12,728 - pytorch_cvae.py[line:176] - INFO: loss:132.1007391065359, numeric_loss:55.35335859749466, categorical_loss:0.3668935712412349, kld_loss:5010.899944663048, epoch_train_time:26.95572415739298
2022-06-29 16:56:39,431 - pytorch_cvae.py[line:169] - INFO: ----------------------------No.13 epoch----------------------------
2022-06-29 16:56:39,431 - pytorch_cvae.py[line:176] - INFO: loss:139.04786267504096, numeric_loss:59.301037242636085, categorical_loss:0.3661448524071602, kld_loss:4766.647905468941, epoch_train_time:26.702630877494812
2022-06-29 16:57:06,204 - pytorch_cvae.py[line:169] - INFO: ----------------------------No.14 epoch----------------------------
2022-06-29 16:57:06,204 - pytorch_cvae.py[line:176] - INFO: loss:146.0288923457265, numeric_loss:63.50089369621128, categorical_loss:0.36543541585706407, kld_loss:4520.343816637993, epoch_train_time:26.77327349409461
2022-06-29 16:57:33,008 - pytorch_cvae.py[line:169] - INFO: ----------------------------No.15 epoch----------------------------
2022-06-29 16:57:33,009 - pytorch_cvae.py[line:176] - INFO: loss:153.37232626602054, numeric_loss:68.08618475310504, categorical_loss:0.36706093943939777, kld_loss:4284.856730222702, epoch_train_time:26.804010082036257
2022-06-29 16:57:59,718 - pytorch_cvae.py[line:169] - INFO: ----------------------------No.16 epoch----------------------------
2022-06-29 16:57:59,718 - pytorch_cvae.py[line:176] - INFO: loss:160.7697791494429, numeric_loss:73.01940088905394, categorical_loss:0.3670038628697512, kld_loss:4047.880217075348, epoch_train_time:26.708963464945555
2022-06-29 16:58:26,892 - pytorch_cvae.py[line:169] - INFO: ----------------------------No.17 epoch----------------------------
2022-06-29 16:58:26,892 - pytorch_cvae.py[line:176] - INFO: loss:168.4477071352303, numeric_loss:78.28791365399957, categorical_loss:0.36807652608695207, kld_loss:3822.4097232818604, epoch_train_time:27.17427084967494
2022-06-29 16:58:53,908 - pytorch_cvae.py[line:169] - INFO: ----------------------------No.18 epoch----------------------------
2022-06-29 16:58:53,908 - pytorch_cvae.py[line:176] - INFO: loss:175.92661169171333, numeric_loss:84.00024256668985, categorical_loss:0.3661550910110236, kld_loss:3585.4540402293205, epoch_train_time:27.01589448750019
2022-06-29 16:59:21,080 - pytorch_cvae.py[line:169] - INFO: ----------------------------No.19 epoch----------------------------
2022-06-29 16:59:21,080 - pytorch_cvae.py[line:176] - INFO: loss:183.71154879033566, numeric_loss:90.16441445425153, categorical_loss:0.3664213546871906, kld_loss:3359.9597741365433, epoch_train_time:27.171743728220463
2022-06-29 16:59:47,950 - pytorch_cvae.py[line:169] - INFO: ----------------------------No.20 epoch----------------------------
2022-06-29 16:59:47,950 - pytorch_cvae.py[line:176] - INFO: loss:191.44738775119185, numeric_loss:96.75883559323847, categorical_loss:0.36863445500057423, kld_loss:3134.8478357195854, epoch_train_time:26.869636822491884
2022-06-29 17:00:14,768 - pytorch_cvae.py[line:169] - INFO: ----------------------------No.21 epoch----------------------------
2022-06-29 17:00:14,768 - pytorch_cvae.py[line:176] - INFO: loss:199.11209320649505, numeric_loss:104.23684791475534, categorical_loss:0.36974362920591375, kld_loss:2898.0737231373787, epoch_train_time:26.818125922232866
2022-06-29 17:00:41,470 - pytorch_cvae.py[line:169] - INFO: ----------------------------No.22 epoch----------------------------
2022-06-29 17:00:41,470 - pytorch_cvae.py[line:176] - INFO: loss:206.74166492000222, numeric_loss:112.03280674107373, categorical_loss:0.3678418335330207, kld_loss:2671.9385976195335, epoch_train_time:26.701298639178276
2022-06-29 17:01:08,434 - pytorch_cvae.py[line:169] - INFO: ----------------------------No.23 epoch----------------------------
2022-06-29 17:01:08,434 - pytorch_cvae.py[line:176] - INFO: loss:214.29578760638833, numeric_loss:118.79694831185043, categorical_loss:0.3717485880260938, kld_loss:2490.79530274868, epoch_train_time:26.963955868035555
2022-06-29 17:01:35,082 - pytorch_cvae.py[line:169] - INFO: ----------------------------No.24 epoch----------------------------
2022-06-29 17:01:35,082 - pytorch_cvae.py[line:176] - INFO: loss:221.56195697933435, numeric_loss:124.07606970146298, categorical_loss:0.3715370536883711, kld_loss:2353.2031329870224, epoch_train_time:26.64789968729019
2022-06-29 17:02:01,898 - pytorch_cvae.py[line:169] - INFO: ----------------------------No.25 epoch----------------------------
2022-06-29 17:02:01,898 - pytorch_cvae.py[line:176] - INFO: loss:229.26096085831523, numeric_loss:129.7223595827818, categorical_loss:0.3735379070203635, kld_loss:2225.928385436535, epoch_train_time:26.816257912665606
2022-06-29 17:02:28,563 - pytorch_cvae.py[line:169] - INFO: ----------------------------No.26 epoch----------------------------
2022-06-29 17:02:28,563 - pytorch_cvae.py[line:176] - INFO: loss:236.7232894897461, numeric_loss:135.6005962714553, categorical_loss:0.3711229039399768, kld_loss:2097.080294430256, epoch_train_time:26.66422013938427
2022-06-29 17:02:55,261 - pytorch_cvae.py[line:169] - INFO: ----------------------------No.27 epoch----------------------------
2022-06-29 17:02:55,261 - pytorch_cvae.py[line:176] - INFO: loss:244.33464567363262, numeric_loss:141.94919744506478, categorical_loss:0.37186650650255615, kld_loss:1970.907760322094, epoch_train_time:26.698484618216753
2022-06-29 17:03:21,972 - pytorch_cvae.py[line:169] - INFO: ----------------------------No.28 epoch----------------------------
2022-06-29 17:03:21,972 - pytorch_cvae.py[line:176] - INFO: loss:251.98008780181408, numeric_loss:148.65845196694136, categorical_loss:0.37263836339116096, kld_loss:1848.0333049297333, epoch_train_time:26.710117012262344
2022-06-29 17:03:48,664 - pytorch_cvae.py[line:169] - INFO: ----------------------------No.29 epoch----------------------------
2022-06-29 17:03:48,664 - pytorch_cvae.py[line:176] - INFO: loss:259.47995245456696, numeric_loss:155.93392074108124, categorical_loss:0.3715693812846439, kld_loss:1722.5567248761654, epoch_train_time:26.691903945058584
2022-06-29 17:04:15,201 - pytorch_cvae.py[line:169] - INFO: ----------------------------No.30 epoch----------------------------
2022-06-29 17:04:15,201 - pytorch_cvae.py[line:176] - INFO: loss:266.8885264620185, numeric_loss:163.59272120893002, categorical_loss:0.37250962516554864, kld_loss:1599.7898416817188, epoch_train_time:26.5371534563601
2022-06-29 17:04:42,084 - pytorch_cvae.py[line:169] - INFO: ----------------------------No.31 epoch----------------------------
2022-06-29 17:04:42,084 - pytorch_cvae.py[line:176] - INFO: loss:274.1459127962589, numeric_loss:171.5074076242745, categorical_loss:0.3707486421626527, kld_loss:1481.3928211331367, epoch_train_time:26.88303891569376
2022-06-29 17:05:08,731 - pytorch_cvae.py[line:169] - INFO: ----------------------------No.32 epoch----------------------------
2022-06-29 17:05:08,732 - pytorch_cvae.py[line:176] - INFO: loss:281.19916381686926, numeric_loss:180.0868327692151, categorical_loss:0.3722853807412321, kld_loss:1361.288492411375, epoch_train_time:26.646991681307554
2022-06-29 17:05:35,719 - pytorch_cvae.py[line:169] - INFO: ----------------------------No.33 epoch----------------------------
2022-06-29 17:05:35,719 - pytorch_cvae.py[line:176] - INFO: loss:287.87041365355253, numeric_loss:189.03982528299093, categorical_loss:0.3724296000000322, kld_loss:1242.3688634932041, epoch_train_time:26.986925039440393
2022-06-29 17:06:02,436 - pytorch_cvae.py[line:169] - INFO: ----------------------------No.34 epoch----------------------------
2022-06-29 17:06:02,436 - pytorch_cvae.py[line:176] - INFO: loss:294.8983656167984, numeric_loss:198.75480923056602, categorical_loss:0.37376935887732543, kld_loss:1129.5683515965939, epoch_train_time:26.717111844569445
2022-06-29 17:06:29,197 - pytorch_cvae.py[line:169] - INFO: ----------------------------No.35 epoch----------------------------
2022-06-29 17:06:29,198 - pytorch_cvae.py[line:176] - INFO: loss:300.9441967830062, numeric_loss:208.7509563602507, categorical_loss:0.371381104021566, kld_loss:1013.3266593962908, epoch_train_time:26.76139560714364
2022-06-29 17:06:56,092 - pytorch_cvae.py[line:169] - INFO: ----------------------------No.36 epoch----------------------------
2022-06-29 17:06:56,092 - pytorch_cvae.py[line:176] - INFO: loss:307.05487447977066, numeric_loss:219.62060686200857, categorical_loss:0.37542069405753864, kld_loss:899.8497536927462, epoch_train_time:26.89433240517974
2022-06-29 17:07:23,146 - pytorch_cvae.py[line:169] - INFO: ----------------------------No.37 epoch----------------------------
2022-06-29 17:07:23,147 - pytorch_cvae.py[line:176] - INFO: loss:312.5678554996848, numeric_loss:230.72147123888135, categorical_loss:0.37605987440474564, kld_loss:789.4862442910671, epoch_train_time:27.05428869277239
2022-06-29 17:07:49,793 - pytorch_cvae.py[line:169] - INFO: ----------------------------No.38 epoch----------------------------
2022-06-29 17:07:49,793 - pytorch_cvae.py[line:176] - INFO: loss:317.4473153427243, numeric_loss:242.53076715394855, categorical_loss:0.37688742604950676, kld_loss:677.8831086307764, epoch_train_time:26.646766625344753
2022-06-29 17:08:16,694 - pytorch_cvae.py[line:169] - INFO: ----------------------------No.39 epoch----------------------------
2022-06-29 17:08:16,694 - pytorch_cvae.py[line:176] - INFO: loss:322.1542974412441, numeric_loss:255.14306487888098, categorical_loss:0.3761174592145835, kld_loss:569.2816009819508, epoch_train_time:26.90051430091262
2022-06-29 17:08:43,355 - pytorch_cvae.py[line:169] - INFO: ----------------------------No.40 epoch----------------------------
2022-06-29 17:08:43,355 - pytorch_cvae.py[line:176] - INFO: loss:325.8421974554658, numeric_loss:268.3150509595871, categorical_loss:0.37793182433233596, kld_loss:459.118888951838, epoch_train_time:26.660498432815075
2022-06-29 17:09:09,934 - pytorch_cvae.py[line:169] - INFO: ----------------------------No.41 epoch----------------------------
2022-06-29 17:09:09,935 - pytorch_cvae.py[line:176] - INFO: loss:329.3495149239898, numeric_loss:282.28449879586697, categorical_loss:0.37992197530547855, kld_loss:353.03547091037035, epoch_train_time:26.579531006515026
2022-06-29 17:09:36,910 - pytorch_cvae.py[line:169] - INFO: ----------------------------No.42 epoch----------------------------
2022-06-29 17:09:36,910 - pytorch_cvae.py[line:176] - INFO: loss:331.59979777783155, numeric_loss:296.66323524713516, categorical_loss:0.38126485512475483, kld_loss:246.21483383327723, epoch_train_time:26.97506581246853
2022-06-29 17:10:03,793 - pytorch_cvae.py[line:169] - INFO: ----------------------------No.43 epoch----------------------------
2022-06-29 17:10:03,793 - pytorch_cvae.py[line:176] - INFO: loss:333.6386223435402, numeric_loss:312.8732583001256, categorical_loss:0.38355599161150167, kld_loss:136.97333574667573, epoch_train_time:26.882768984884024
2022-06-29 17:10:30,471 - pytorch_cvae.py[line:169] - INFO: ----------------------------No.44 epoch----------------------------
2022-06-29 17:10:30,472 - pytorch_cvae.py[line:176] - INFO: loss:334.3516926020384, numeric_loss:329.8139131292701, categorical_loss:0.3874866142650717, kld_loss:26.33298732462572, epoch_train_time:26.67861009761691
2022-06-29 17:10:57,563 - pytorch_cvae.py[line:169] - INFO: ----------------------------No.45 epoch----------------------------
2022-06-29 17:10:57,563 - pytorch_cvae.py[line:176] - INFO: loss:334.2363328561187, numeric_loss:333.33806858956814, categorical_loss:0.38604701219446724, kld_loss:3.071410457981983, epoch_train_time:27.09092405065894
2022-06-29 17:11:24,150 - pytorch_cvae.py[line:169] - INFO: ----------------------------No.46 epoch----------------------------
2022-06-29 17:11:24,150 - pytorch_cvae.py[line:176] - INFO: loss:334.18235905468464, numeric_loss:333.62982196360826, categorical_loss:0.3853370231372537, kld_loss:0.9484552614158019, epoch_train_time:26.587383840233088
2022-06-29 17:11:51,065 - pytorch_cvae.py[line:169] - INFO: ----------------------------No.47 epoch----------------------------
2022-06-29 17:11:51,065 - pytorch_cvae.py[line:176] - INFO: loss:334.16410702466965, numeric_loss:333.6458578556776, categorical_loss:0.3863191437412752, kld_loss:0.7086878215995966, epoch_train_time:26.91431102156639
2022-06-29 17:12:17,972 - pytorch_cvae.py[line:169] - INFO: ----------------------------No.48 epoch----------------------------
2022-06-29 17:12:17,972 - pytorch_cvae.py[line:176] - INFO: loss:334.1410908177495, numeric_loss:333.652561172843, categorical_loss:0.38717580540833296, kld_loss:0.516078906643088, epoch_train_time:26.907214142382145
2022-06-29 17:12:44,859 - pytorch_cvae.py[line:169] - INFO: ----------------------------No.49 epoch----------------------------
2022-06-29 17:12:44,859 - pytorch_cvae.py[line:176] - INFO: loss:334.13757286965847, numeric_loss:333.67060901224613, categorical_loss:0.38646264273120323, kld_loss:0.3889372395497048, epoch_train_time:26.88692256808281
2022-06-29 17:13:11,536 - pytorch_cvae.py[line:169] - INFO: ----------------------------No.50 epoch----------------------------
2022-06-29 17:13:11,536 - pytorch_cvae.py[line:176] - INFO: loss:334.1227496266365, numeric_loss:333.6670240983367, categorical_loss:0.3878395459469175, kld_loss:0.3115233104181243, epoch_train_time:26.67643940076232
2022-06-29 17:13:38,312 - pytorch_cvae.py[line:169] - INFO: ----------------------------No.51 epoch----------------------------
2022-06-29 17:13:38,312 - pytorch_cvae.py[line:176] - INFO: loss:334.1171887218952, numeric_loss:333.6758216097951, categorical_loss:0.3880978809611406, kld_loss:0.2324101975245867, epoch_train_time:26.776248026639223
2022-06-29 17:14:05,128 - pytorch_cvae.py[line:169] - INFO: ----------------------------No.52 epoch----------------------------
2022-06-29 17:14:05,128 - pytorch_cvae.py[line:176] - INFO: loss:334.11655409634113, numeric_loss:333.66992108523846, categorical_loss:0.38811193723086035, kld_loss:0.2429916670298553, epoch_train_time:26.815403006970882
2022-06-29 17:14:31,945 - pytorch_cvae.py[line:169] - INFO: ----------------------------No.53 epoch----------------------------
2022-06-29 17:14:31,945 - pytorch_cvae.py[line:176] - INFO: loss:334.123755633831, numeric_loss:333.68023290485144, categorical_loss:0.3889822043274762, kld_loss:0.21574260953639168, epoch_train_time:26.81673352792859
2022-06-29 17:14:58,602 - pytorch_cvae.py[line:169] - INFO: ----------------------------No.54 epoch----------------------------
2022-06-29 17:14:58,602 - pytorch_cvae.py[line:176] - INFO: loss:334.11041808873415, numeric_loss:333.67811577767134, categorical_loss:0.3895147325092694, kld_loss:0.1614001100169844, epoch_train_time:26.656721621751785
2022-06-29 17:15:25,298 - pytorch_cvae.py[line:169] - INFO: ----------------------------No.55 epoch----------------------------
2022-06-29 17:15:25,299 - pytorch_cvae.py[line:176] - INFO: loss:334.12531142681837, numeric_loss:333.69017562270164, categorical_loss:0.38957485902210465, kld_loss:0.16405358584597707, epoch_train_time:26.696639463305473
2022-06-29 17:15:52,078 - pytorch_cvae.py[line:169] - INFO: ----------------------------No.56 epoch----------------------------
2022-06-29 17:15:52,078 - pytorch_cvae.py[line:176] - INFO: loss:334.10520523786545, numeric_loss:333.67701480537653, categorical_loss:0.3907307093468262, kld_loss:0.12888367463165196, epoch_train_time:26.779481887817383
2022-06-29 17:16:18,600 - pytorch_cvae.py[line:169] - INFO: ----------------------------No.57 epoch----------------------------
2022-06-29 17:16:18,600 - pytorch_cvae.py[line:176] - INFO: loss:334.12391228973866, numeric_loss:333.6912351772189, categorical_loss:0.39023996448668186, kld_loss:0.13965346366421727, epoch_train_time:26.522041097283363
2022-06-29 17:16:45,264 - pytorch_cvae.py[line:169] - INFO: ----------------------------No.58 epoch----------------------------
2022-06-29 17:16:45,264 - pytorch_cvae.py[line:176] - INFO: loss:334.10252743959427, numeric_loss:333.6765372976661, categorical_loss:0.3918240423226962, kld_loss:0.10764834571818938, epoch_train_time:26.663255412131548
2022-06-29 17:17:11,852 - pytorch_cvae.py[line:169] - INFO: ----------------------------No.59 epoch----------------------------
2022-06-29 17:17:11,853 - pytorch_cvae.py[line:176] - INFO: loss:334.11680886894464, numeric_loss:333.6924082040787, categorical_loss:0.3919639616506174, kld_loss:0.09794740701545379, epoch_train_time:26.588432628661394
2022-06-29 17:17:38,589 - pytorch_cvae.py[line:169] - INFO: ----------------------------No.60 epoch----------------------------
2022-06-29 17:17:38,589 - pytorch_cvae.py[line:176] - INFO: loss:334.10991133749485, numeric_loss:333.6856797039509, categorical_loss:0.3926802860441967, kld_loss:0.09140017018216895, epoch_train_time:26.736040771007538
2022-06-29 17:18:05,805 - pytorch_cvae.py[line:169] - INFO: ----------------------------No.61 epoch----------------------------
2022-06-29 17:18:05,805 - pytorch_cvae.py[line:176] - INFO: loss:334.1041920334101, numeric_loss:333.68517208844423, categorical_loss:0.3934525790682528, kld_loss:0.07112743834386492, epoch_train_time:27.216288544237614
2022-06-29 17:18:32,617 - pytorch_cvae.py[line:169] - INFO: ----------------------------No.62 epoch----------------------------
2022-06-29 17:18:32,617 - pytorch_cvae.py[line:176] - INFO: loss:334.0995600670576, numeric_loss:333.6778983846307, categorical_loss:0.3939184454648057, kld_loss:0.07419098115133238, epoch_train_time:26.81147626042366
2022-06-29 17:18:59,542 - pytorch_cvae.py[line:169] - INFO: ----------------------------No.63 epoch----------------------------
2022-06-29 17:18:59,542 - pytorch_cvae.py[line:176] - INFO: loss:334.1115664243698, numeric_loss:333.689629457891, categorical_loss:0.394270639269962, kld_loss:0.07119107874677866, epoch_train_time:26.924611877650023
2022-06-29 17:19:26,217 - pytorch_cvae.py[line:169] - INFO: ----------------------------No.64 epoch----------------------------
2022-06-29 17:19:26,217 - pytorch_cvae.py[line:176] - INFO: loss:334.1017684265971, numeric_loss:333.681026481092, categorical_loss:0.3953140114172129, kld_loss:0.06302188658992236, epoch_train_time:26.675325114279985
2022-06-29 17:19:52,922 - pytorch_cvae.py[line:169] - INFO: ----------------------------No.65 epoch----------------------------
2022-06-29 17:19:52,922 - pytorch_cvae.py[line:176] - INFO: loss:334.1087859943509, numeric_loss:333.68812089413404, categorical_loss:0.3956296785036102, kld_loss:0.05982580146883265, epoch_train_time:26.704792961478233
2022-06-29 17:20:19,414 - pytorch_cvae.py[line:169] - INFO: ----------------------------No.66 epoch----------------------------
2022-06-29 17:20:19,414 - pytorch_cvae.py[line:176] - INFO: loss:334.1088815778494, numeric_loss:333.6886157914996, categorical_loss:0.3960820607098867, kld_loss:0.05577507420366601, epoch_train_time:26.49143571406603
2022-06-29 17:20:46,153 - pytorch_cvae.py[line:169] - INFO: ----------------------------No.67 epoch----------------------------
2022-06-29 17:20:46,153 - pytorch_cvae.py[line:176] - INFO: loss:334.1043783649802, numeric_loss:333.6843738257885, categorical_loss:0.3969810907365172, kld_loss:0.05129823147308343, epoch_train_time:26.739098470658064
2022-06-29 17:21:12,950 - pytorch_cvae.py[line:169] - INFO: ----------------------------No.68 epoch----------------------------
2022-06-29 17:21:12,950 - pytorch_cvae.py[line:176] - INFO: loss:334.10140872746706, numeric_loss:333.68119214475155, categorical_loss:0.39724667890550336, kld_loss:0.049492804250348854, epoch_train_time:26.79714533686638
2022-06-29 17:21:39,569 - pytorch_cvae.py[line:169] - INFO: ----------------------------No.69 epoch----------------------------
2022-06-29 17:21:39,569 - pytorch_cvae.py[line:176] - INFO: loss:334.09724182635546, numeric_loss:333.6784437224269, categorical_loss:0.3977896482028882, kld_loss:0.04381926643918632, epoch_train_time:26.618520576506853
2022-06-29 17:22:06,703 - pytorch_cvae.py[line:169] - INFO: ----------------------------No.70 epoch----------------------------
2022-06-29 17:22:06,703 - pytorch_cvae.py[line:176] - INFO: loss:334.1057951822877, numeric_loss:333.6886198744178, categorical_loss:0.3985392122558551, kld_loss:0.03766600878134341, epoch_train_time:27.133392855525017
2022-06-29 17:22:33,825 - pytorch_cvae.py[line:169] - INFO: ----------------------------No.71 epoch----------------------------
2022-06-29 17:22:33,826 - pytorch_cvae.py[line:176] - INFO: loss:334.11217594891787, numeric_loss:333.6906258687377, categorical_loss:0.3990498510465841, kld_loss:0.04410913821448048, epoch_train_time:27.12265333905816
2022-06-29 17:23:00,450 - pytorch_cvae.py[line:169] - INFO: ----------------------------No.72 epoch----------------------------
2022-06-29 17:23:00,450 - pytorch_cvae.py[line:176] - INFO: loss:334.0971270725131, numeric_loss:333.67826456576586, categorical_loss:0.39926215959712863, kld_loss:0.037307803650037386, epoch_train_time:26.62423485517502
2022-06-29 17:23:27,291 - pytorch_cvae.py[line:169] - INFO: ----------------------------No.73 epoch----------------------------
2022-06-29 17:23:27,291 - pytorch_cvae.py[line:176] - INFO: loss:334.1100458651781, numeric_loss:333.69182784855366, categorical_loss:0.39929451031639474, kld_loss:0.03500668568540277, epoch_train_time:26.841267999261618
2022-06-29 17:23:54,027 - pytorch_cvae.py[line:169] - INFO: ----------------------------No.74 epoch----------------------------
2022-06-29 17:23:54,028 - pytorch_cvae.py[line:176] - INFO: loss:334.11040368676186, numeric_loss:333.6922609731555, categorical_loss:0.39988023631303804, kld_loss:0.03286763173127838, epoch_train_time:26.735964223742485
2022-06-29 17:24:20,610 - pytorch_cvae.py[line:169] - INFO: ----------------------------No.75 epoch----------------------------
2022-06-29 17:24:20,610 - pytorch_cvae.py[line:176] - INFO: loss:334.08824829757214, numeric_loss:333.67282259464264, categorical_loss:0.3995504845006508, kld_loss:0.027824211611914507, epoch_train_time:26.582712054252625
2022-06-29 17:24:47,262 - pytorch_cvae.py[line:169] - INFO: ----------------------------No.76 epoch----------------------------
2022-06-29 17:24:47,262 - pytorch_cvae.py[line:176] - INFO: loss:334.10756662487984, numeric_loss:333.69100657850504, categorical_loss:0.3991986031905981, kld_loss:0.02966319587721955, epoch_train_time:26.651828546077013
2022-06-29 17:25:14,301 - pytorch_cvae.py[line:169] - INFO: ----------------------------No.77 epoch----------------------------
2022-06-29 17:25:14,302 - pytorch_cvae.py[line:176] - INFO: loss:334.08921065181494, numeric_loss:333.67488338798285, categorical_loss:0.39859463756147306, kld_loss:0.02622860460633092, epoch_train_time:27.039013598114252
2022-06-29 17:25:41,104 - pytorch_cvae.py[line:169] - INFO: ----------------------------No.78 epoch----------------------------
2022-06-29 17:25:41,104 - pytorch_cvae.py[line:176] - INFO: loss:334.0907071977854, numeric_loss:333.67727717012167, categorical_loss:0.3985515529420809, kld_loss:0.024228964376561635, epoch_train_time:26.80264501646161
2022-06-29 17:26:07,833 - pytorch_cvae.py[line:169] - INFO: ----------------------------No.79 epoch----------------------------
2022-06-29 17:26:07,833 - pytorch_cvae.py[line:176] - INFO: loss:334.0803748741746, numeric_loss:333.6674745902419, categorical_loss:0.39855639731831616, kld_loss:0.02283884701819261, epoch_train_time:26.728523649275303
2022-06-29 17:26:34,552 - pytorch_cvae.py[line:169] - INFO: ----------------------------No.80 epoch----------------------------
2022-06-29 17:26:34,552 - pytorch_cvae.py[line:176] - INFO: loss:334.091127038002, numeric_loss:333.67765136808157, categorical_loss:0.39871711455634795, kld_loss:0.022998986835773394, epoch_train_time:26.718300987035036
2022-06-29 17:27:01,195 - pytorch_cvae.py[line:169] - INFO: ----------------------------No.81 epoch----------------------------
2022-06-29 17:27:01,195 - pytorch_cvae.py[line:176] - INFO: loss:334.0986785069108, numeric_loss:333.6857660859823, categorical_loss:0.3989298706437694, kld_loss:0.021347893718484556, epoch_train_time:26.64282016083598
2022-06-29 17:27:27,920 - pytorch_cvae.py[line:169] - INFO: ----------------------------No.82 epoch----------------------------
2022-06-29 17:27:27,920 - pytorch_cvae.py[line:176] - INFO: loss:334.09948318451643, numeric_loss:333.68570693582296, categorical_loss:0.39884840820741374, kld_loss:0.022351239119416277, epoch_train_time:26.7254339158535
2022-06-29 17:27:54,684 - pytorch_cvae.py[line:169] - INFO: ----------------------------No.83 epoch----------------------------
2022-06-29 17:27:54,684 - pytorch_cvae.py[line:176] - INFO: loss:334.0845850482583, numeric_loss:333.67171420902014, categorical_loss:0.39897193702927325, kld_loss:0.02042908820521916, epoch_train_time:26.76393312588334
2022-06-29 17:28:21,351 - pytorch_cvae.py[line:169] - INFO: ----------------------------No.84 epoch----------------------------
2022-06-29 17:28:21,351 - pytorch_cvae.py[line:176] - INFO: loss:334.087903611362, numeric_loss:333.6739437133074, categorical_loss:0.3989612123259576, kld_loss:0.021663394229108235, epoch_train_time:26.666873447597027
2022-06-29 17:28:48,029 - pytorch_cvae.py[line:169] - INFO: ----------------------------No.85 epoch----------------------------
2022-06-29 17:28:48,029 - pytorch_cvae.py[line:176] - INFO: loss:334.0855672284961, numeric_loss:333.6714076846838, categorical_loss:0.399145674702595, kld_loss:0.021330039815438795, epoch_train_time:26.677365731447935
2022-06-29 17:29:14,774 - pytorch_cvae.py[line:169] - INFO: ----------------------------No.86 epoch----------------------------
2022-06-29 17:29:14,774 - pytorch_cvae.py[line:176] - INFO: loss:334.0895605236292, numeric_loss:333.67588836699724, categorical_loss:0.3992337386953295, kld_loss:0.02019737549653655, epoch_train_time:26.74520144239068
2022-06-29 17:29:41,699 - pytorch_cvae.py[line:169] - INFO: ----------------------------No.87 epoch----------------------------
2022-06-29 17:29:41,699 - pytorch_cvae.py[line:176] - INFO: loss:334.08258371055126, numeric_loss:333.6696039363742, categorical_loss:0.3994433732004836, kld_loss:0.018662381600051958, epoch_train_time:26.924653682857752
2022-06-29 17:30:08,397 - pytorch_cvae.py[line:169] - INFO: ----------------------------No.88 epoch----------------------------
2022-06-29 17:30:08,397 - pytorch_cvae.py[line:176] - INFO: loss:334.0820460766554, numeric_loss:333.67145770043135, categorical_loss:0.39892164711636724, kld_loss:0.015868796049289813, epoch_train_time:26.69729195907712
2022-06-29 17:30:35,002 - pytorch_cvae.py[line:169] - INFO: ----------------------------No.89 epoch----------------------------
2022-06-29 17:30:35,003 - pytorch_cvae.py[line:176] - INFO: loss:334.08383256942034, numeric_loss:333.6717154830694, categorical_loss:0.39924341785081197, kld_loss:0.017292995443767722, epoch_train_time:26.605612620711327
2022-06-29 17:31:01,786 - pytorch_cvae.py[line:169] - INFO: ----------------------------No.90 epoch----------------------------
2022-06-29 17:31:01,786 - pytorch_cvae.py[line:176] - INFO: loss:334.0804484114051, numeric_loss:333.669303804636, categorical_loss:0.39890683771227486, kld_loss:0.016251475638000557, epoch_train_time:26.783324368298054
2022-06-29 17:31:28,603 - pytorch_cvae.py[line:169] - INFO: ----------------------------No.91 epoch----------------------------
2022-06-29 17:31:28,603 - pytorch_cvae.py[line:176] - INFO: loss:334.0766134262085, numeric_loss:333.6668299138546, categorical_loss:0.3989662217645673, kld_loss:0.014215166773283272, epoch_train_time:26.81706614047289
2022-06-29 17:31:55,276 - pytorch_cvae.py[line:169] - INFO: ----------------------------No.92 epoch----------------------------
2022-06-29 17:31:55,276 - pytorch_cvae.py[line:176] - INFO: loss:334.0931592807174, numeric_loss:333.68111102283, categorical_loss:0.3989233224274358, kld_loss:0.017084184174564143, epoch_train_time:26.67250733450055
2022-06-29 17:32:22,040 - pytorch_cvae.py[line:169] - INFO: ----------------------------No.93 epoch----------------------------
2022-06-29 17:32:22,040 - pytorch_cvae.py[line:176] - INFO: loss:334.0907974168658, numeric_loss:333.6798152923584, categorical_loss:0.39892172491090605, kld_loss:0.015565496563340275, epoch_train_time:26.764021296054125
2022-06-29 17:32:48,793 - pytorch_cvae.py[line:169] - INFO: ----------------------------No.94 epoch----------------------------
2022-06-29 17:32:48,793 - pytorch_cvae.py[line:176] - INFO: loss:334.0796409621835, numeric_loss:333.6684346422553, categorical_loss:0.39870670568052446, kld_loss:0.016011809765586804, epoch_train_time:26.75247908383608
2022-06-29 17:33:15,648 - pytorch_cvae.py[line:169] - INFO: ----------------------------No.95 epoch----------------------------
2022-06-29 17:33:15,648 - pytorch_cvae.py[line:176] - INFO: loss:334.0831707492471, numeric_loss:333.6724775210023, categorical_loss:0.3984016607500962, kld_loss:0.015643668736402105, epoch_train_time:26.8546784222126
2022-06-29 17:33:42,714 - pytorch_cvae.py[line:169] - INFO: ----------------------------No.96 epoch----------------------------
2022-06-29 17:33:42,714 - pytorch_cvae.py[line:176] - INFO: loss:334.09951880574226, numeric_loss:333.6857626065612, categorical_loss:0.39938195850118063, kld_loss:0.018193491357124003, epoch_train_time:27.06636894121766
2022-06-29 17:34:09,357 - pytorch_cvae.py[line:169] - INFO: ----------------------------No.97 epoch----------------------------
2022-06-29 17:34:09,358 - pytorch_cvae.py[line:176] - INFO: loss:334.08297193050385, numeric_loss:333.6716364175081, categorical_loss:0.3985838486769353, kld_loss:0.016067553880930063, epoch_train_time:26.64302845671773
2022-06-29 17:34:36,138 - pytorch_cvae.py[line:169] - INFO: ----------------------------No.98 epoch----------------------------
2022-06-29 17:34:36,138 - pytorch_cvae.py[line:176] - INFO: loss:334.080173805356, numeric_loss:333.6687301918864, categorical_loss:0.3987451265202253, kld_loss:0.015944839427447732, epoch_train_time:26.779895924031734
2022-06-29 17:35:02,871 - pytorch_cvae.py[line:169] - INFO: ----------------------------No.99 epoch----------------------------
2022-06-29 17:35:02,871 - pytorch_cvae.py[line:176] - INFO: loss:334.08165165781975, numeric_loss:333.6724093556404, categorical_loss:0.398048717463098, kld_loss:0.01402039290974244, epoch_train_time:26.732889860868454
2022-06-29 17:35:29,424 - pytorch_cvae.py[line:169] - INFO: ----------------------------No.100 epoch----------------------------
2022-06-29 17:35:29,424 - pytorch_cvae.py[line:176] - INFO: loss:334.08029003441334, numeric_loss:333.6687557324767, categorical_loss:0.39892638243327383, kld_loss:0.015768041422461465, epoch_train_time:26.553380124270916
2022-06-29 17:35:56,270 - pytorch_cvae.py[line:169] - INFO: ----------------------------No.101 epoch----------------------------
2022-06-29 17:35:56,270 - pytorch_cvae.py[line:176] - INFO: loss:334.0843872204423, numeric_loss:333.6731803789735, categorical_loss:0.39831692083680537, kld_loss:0.016112357086058182, epoch_train_time:26.84525451436639
2022-06-29 17:36:22,866 - pytorch_cvae.py[line:169] - INFO: ----------------------------No.102 epoch----------------------------
2022-06-29 17:36:22,866 - pytorch_cvae.py[line:176] - INFO: loss:334.08164352178574, numeric_loss:333.67217043042183, categorical_loss:0.3982626608631108, kld_loss:0.01401302146166472, epoch_train_time:26.595945931971073
2022-06-29 17:36:49,485 - pytorch_cvae.py[line:169] - INFO: ----------------------------No.103 epoch----------------------------
2022-06-29 17:36:49,485 - pytorch_cvae.py[line:176] - INFO: loss:334.0802589058876, numeric_loss:333.6711649298668, categorical_loss:0.39825516153359786, kld_loss:0.013548881719543715, epoch_train_time:26.619046092033386
2022-06-29 17:37:16,184 - pytorch_cvae.py[line:169] - INFO: ----------------------------No.104 epoch----------------------------
2022-06-29 17:37:16,184 - pytorch_cvae.py[line:176] - INFO: loss:334.08437989652157, numeric_loss:333.6744542568922, categorical_loss:0.39846588527143467, kld_loss:0.014324646458135248, epoch_train_time:26.698601819574833
2022-06-29 17:37:42,973 - pytorch_cvae.py[line:169] - INFO: ----------------------------No.105 epoch----------------------------
2022-06-29 17:37:42,973 - pytorch_cvae.py[line:176] - INFO: loss:334.0918537899852, numeric_loss:333.67923551797867, categorical_loss:0.39862376086966833, kld_loss:0.017492936858616304, epoch_train_time:26.7893519513309
2022-06-29 17:38:09,878 - pytorch_cvae.py[line:169] - INFO: ----------------------------No.106 epoch----------------------------
2022-06-29 17:38:09,878 - pytorch_cvae.py[line:176] - INFO: loss:334.0772031918168, numeric_loss:333.6666681319475, categorical_loss:0.39837891990464414, kld_loss:0.015194986972346669, epoch_train_time:26.90455401316285
2022-06-29 17:38:36,582 - pytorch_cvae.py[line:169] - INFO: ----------------------------No.107 epoch----------------------------
2022-06-29 17:38:36,582 - pytorch_cvae.py[line:176] - INFO: loss:334.08632020652294, numeric_loss:333.6756906583905, categorical_loss:0.3982979133434128, kld_loss:0.01541455655660684, epoch_train_time:26.703428734093904
2022-06-29 17:39:03,237 - pytorch_cvae.py[line:169] - INFO: ----------------------------No.108 epoch----------------------------
2022-06-29 17:39:03,238 - pytorch_cvae.py[line:176] - INFO: loss:334.1006191521883, numeric_loss:333.68902936577797, categorical_loss:0.3992734743223991, kld_loss:0.015395030664194564, epoch_train_time:26.65563417598605
2022-06-29 17:39:29,959 - pytorch_cvae.py[line:169] - INFO: ----------------------------No.109 epoch----------------------------
2022-06-29 17:39:29,959 - pytorch_cvae.py[line:176] - INFO: loss:334.0795986056328, numeric_loss:333.66836051642895, categorical_loss:0.3987428191394429, kld_loss:0.015619530139929338, epoch_train_time:26.721399802714586
2022-06-29 17:39:56,597 - pytorch_cvae.py[line:169] - INFO: ----------------------------No.110 epoch----------------------------
2022-06-29 17:39:56,597 - pytorch_cvae.py[line:176] - INFO: loss:334.08813954144716, numeric_loss:333.6764360964298, categorical_loss:0.3986300825854414, kld_loss:0.016341493800382523, epoch_train_time:26.637793730944395
2022-06-29 17:40:23,348 - pytorch_cvae.py[line:169] - INFO: ----------------------------No.111 epoch----------------------------
2022-06-29 17:40:23,348 - pytorch_cvae.py[line:176] - INFO: loss:334.06939762085676, numeric_loss:333.65987784415483, categorical_loss:0.39829473707504803, kld_loss:0.014031387709565024, epoch_train_time:26.750658571720123
2022-06-29 17:40:50,084 - pytorch_cvae.py[line:169] - INFO: ----------------------------No.112 epoch----------------------------
2022-06-29 17:40:50,084 - pytorch_cvae.py[line:176] - INFO: loss:334.0856889113784, numeric_loss:333.6753731817007, categorical_loss:0.39874622094794177, kld_loss:0.014461763822055218, epoch_train_time:26.736256580799818
2022-06-29 17:41:16,773 - pytorch_cvae.py[line:169] - INFO: ----------------------------No.113 epoch----------------------------
2022-06-29 17:41:16,773 - pytorch_cvae.py[line:176] - INFO: loss:334.08483780920506, numeric_loss:333.6747189462185, categorical_loss:0.3988248494642903, kld_loss:0.014117505048488965, epoch_train_time:26.688288364559412
2022-06-29 17:41:43,409 - pytorch_cvae.py[line:169] - INFO: ----------------------------No.114 epoch----------------------------
2022-06-29 17:41:43,409 - pytorch_cvae.py[line:176] - INFO: loss:334.0758487060666, numeric_loss:333.6654980480671, categorical_loss:0.3979095107060857, kld_loss:0.015551275346751936, epoch_train_time:26.635505449026823
2022-06-29 17:42:10,142 - pytorch_cvae.py[line:169] - INFO: ----------------------------No.115 epoch----------------------------
2022-06-29 17:42:10,142 - pytorch_cvae.py[line:176] - INFO: loss:334.077777415514, numeric_loss:333.6674805432558, categorical_loss:0.3981557403021725, kld_loss:0.015176344023529964, epoch_train_time:26.73328934237361
2022-06-29 17:42:36,771 - pytorch_cvae.py[line:169] - INFO: ----------------------------No.116 epoch----------------------------
2022-06-29 17:42:36,771 - pytorch_cvae.py[line:176] - INFO: loss:334.0716011598706, numeric_loss:333.6618236973882, categorical_loss:0.39761381319112843, kld_loss:0.015204594004899263, epoch_train_time:26.62917808443308
2022-06-29 17:43:03,491 - pytorch_cvae.py[line:169] - INFO: ----------------------------No.117 epoch----------------------------
2022-06-29 17:43:03,491 - pytorch_cvae.py[line:176] - INFO: loss:334.0848844796419, numeric_loss:333.6746521219611, categorical_loss:0.39726626715855673, kld_loss:0.01620773407012166, epoch_train_time:26.719652574509382
2022-06-29 17:43:30,184 - pytorch_cvae.py[line:169] - INFO: ----------------------------No.118 epoch----------------------------
2022-06-29 17:43:30,184 - pytorch_cvae.py[line:176] - INFO: loss:334.08364275842905, numeric_loss:333.6737024113536, categorical_loss:0.39737663659616373, kld_loss:0.015704503604411002, epoch_train_time:26.692243348807096
2022-06-29 17:43:56,869 - pytorch_cvae.py[line:169] - INFO: ----------------------------No.119 epoch----------------------------
2022-06-29 17:43:56,869 - pytorch_cvae.py[line:176] - INFO: loss:334.0797279328108, numeric_loss:333.6704879850149, categorical_loss:0.39717033825581893, kld_loss:0.01508692988841176, epoch_train_time:26.68508678302169
2022-06-29 17:44:23,691 - pytorch_cvae.py[line:169] - INFO: ----------------------------No.120 epoch----------------------------
2022-06-29 17:44:23,691 - pytorch_cvae.py[line:176] - INFO: loss:334.0867421552539, numeric_loss:333.67852955311537, categorical_loss:0.39687078363931505, kld_loss:0.014176910779269747, epoch_train_time:26.821911353617907
2022-06-29 17:44:50,422 - pytorch_cvae.py[line:169] - INFO: ----------------------------No.121 epoch----------------------------
2022-06-29 17:44:50,422 - pytorch_cvae.py[line:176] - INFO: loss:334.07299038022757, numeric_loss:333.663328692317, categorical_loss:0.3965722973443917, kld_loss:0.016361683937248017, epoch_train_time:26.73042916506529
2022-06-29 17:45:17,123 - pytorch_cvae.py[line:169] - INFO: ----------------------------No.122 epoch----------------------------
2022-06-29 17:45:17,123 - pytorch_cvae.py[line:176] - INFO: loss:334.07567451149225, numeric_loss:333.6666517406702, categorical_loss:0.3969190305506345, kld_loss:0.01512964339735845, epoch_train_time:26.70111346244812
2022-06-29 17:45:43,812 - pytorch_cvae.py[line:169] - INFO: ----------------------------No.123 epoch----------------------------
2022-06-29 17:45:43,812 - pytorch_cvae.py[line:176] - INFO: loss:334.0863637626171, numeric_loss:333.6781087592244, categorical_loss:0.3956659470422892, kld_loss:0.015736449538508168, epoch_train_time:26.68865144252777
2022-06-29 17:46:10,560 - pytorch_cvae.py[line:169] - INFO: ----------------------------No.124 epoch----------------------------
2022-06-29 17:46:10,560 - pytorch_cvae.py[line:176] - INFO: loss:334.0680630207062, numeric_loss:333.6607364937663, categorical_loss:0.3957841621595435, kld_loss:0.014428099240149095, epoch_train_time:26.748352080583572
2022-06-29 17:46:37,133 - pytorch_cvae.py[line:169] - INFO: ----------------------------No.125 epoch----------------------------
2022-06-29 17:46:37,133 - pytorch_cvae.py[line:176] - INFO: loss:334.0927297323942, numeric_loss:333.68491984158754, categorical_loss:0.39554146247246535, kld_loss:0.015335839334738921, epoch_train_time:26.57270147651434
2022-06-29 17:47:03,829 - pytorch_cvae.py[line:169] - INFO: ----------------------------No.126 epoch----------------------------
2022-06-29 17:47:03,829 - pytorch_cvae.py[line:176] - INFO: loss:334.08229054510593, numeric_loss:333.67382180690765, categorical_loss:0.39490598186966963, kld_loss:0.01695373037364334, epoch_train_time:26.695350605994463
2022-06-29 17:47:30,468 - pytorch_cvae.py[line:169] - INFO: ----------------------------No.127 epoch----------------------------
2022-06-29 17:47:30,469 - pytorch_cvae.py[line:176] - INFO: loss:334.07276167720556, numeric_loss:333.6658433005214, categorical_loss:0.3950120032459381, kld_loss:0.01488281448609996, epoch_train_time:26.639545265585184
2022-06-29 17:47:56,999 - pytorch_cvae.py[line:169] - INFO: ----------------------------No.128 epoch----------------------------
2022-06-29 17:47:56,999 - pytorch_cvae.py[line:176] - INFO: loss:334.08498518913984, numeric_loss:333.67776154726744, categorical_loss:0.39492037667514523, kld_loss:0.01537885411107709, epoch_train_time:26.530708320438862
2022-06-29 17:48:23,673 - pytorch_cvae.py[line:169] - INFO: ----------------------------No.129 epoch----------------------------
2022-06-29 17:48:23,673 - pytorch_cvae.py[line:176] - INFO: loss:334.06964686512947, numeric_loss:333.6626091450453, categorical_loss:0.39426102927245665, kld_loss:0.015970876400842826, epoch_train_time:26.673320066183805
2022-06-29 17:48:50,285 - pytorch_cvae.py[line:169] - INFO: ----------------------------No.130 epoch----------------------------
2022-06-29 17:48:50,285 - pytorch_cvae.py[line:176] - INFO: loss:334.0767423287034, numeric_loss:333.6716228276491, categorical_loss:0.3938250521532609, kld_loss:0.014118103828195672, epoch_train_time:26.611672770231962
2022-06-29 17:49:16,798 - pytorch_cvae.py[line:169] - INFO: ----------------------------No.131 epoch----------------------------
2022-06-29 17:49:16,798 - pytorch_cvae.py[line:176] - INFO: loss:334.0769214630127, numeric_loss:333.67120062559843, categorical_loss:0.39454342620592797, kld_loss:0.013971879773180262, epoch_train_time:26.513118006289005
2022-06-29 17:49:43,557 - pytorch_cvae.py[line:169] - INFO: ----------------------------No.132 epoch----------------------------
2022-06-29 17:49:43,557 - pytorch_cvae.py[line:176] - INFO: loss:334.07862328737974, numeric_loss:333.67318692058325, categorical_loss:0.39375296497746604, kld_loss:0.014604446824023398, epoch_train_time:26.758796826004982
2022-06-29 17:50:10,681 - pytorch_cvae.py[line:169] - INFO: ----------------------------No.133 epoch----------------------------
2022-06-29 17:50:10,681 - pytorch_cvae.py[line:176] - INFO: loss:334.08335065096617, numeric_loss:333.6781313791871, categorical_loss:0.393197017518105, kld_loss:0.015028157810775156, epoch_train_time:27.123624306172132
2022-06-29 17:50:37,338 - pytorch_cvae.py[line:169] - INFO: ----------------------------No.134 epoch----------------------------
2022-06-29 17:50:37,338 - pytorch_cvae.py[line:176] - INFO: loss:334.07111720740795, numeric_loss:333.6653492599726, categorical_loss:0.39305305470043095, kld_loss:0.01589363224729823, epoch_train_time:26.656853444874287
2022-06-29 17:51:04,014 - pytorch_cvae.py[line:169] - INFO: ----------------------------No.135 epoch----------------------------
2022-06-29 17:51:04,014 - pytorch_cvae.py[line:176] - INFO: loss:334.0741872191429, numeric_loss:333.66901499032974, categorical_loss:0.3928602001105901, kld_loss:0.015390184124044026, epoch_train_time:26.675977803766727
2022-06-29 17:51:30,661 - pytorch_cvae.py[line:169] - INFO: ----------------------------No.136 epoch----------------------------
2022-06-29 17:51:30,661 - pytorch_cvae.py[line:176] - INFO: loss:334.07655442506075, numeric_loss:333.6734389588237, categorical_loss:0.3921617958621937, kld_loss:0.013692418323444144, epoch_train_time:26.646867617964745
2022-06-29 17:51:57,359 - pytorch_cvae.py[line:169] - INFO: ----------------------------No.137 epoch----------------------------
2022-06-29 17:51:57,359 - pytorch_cvae.py[line:176] - INFO: loss:334.0845495387912, numeric_loss:333.6811668872833, categorical_loss:0.3917820333081181, kld_loss:0.014500738109745726, epoch_train_time:26.69762747362256
2022-06-29 17:52:23,963 - pytorch_cvae.py[line:169] - INFO: ----------------------------No.138 epoch----------------------------
2022-06-29 17:52:23,963 - pytorch_cvae.py[line:176] - INFO: loss:334.07515298575163, numeric_loss:333.67113929241896, categorical_loss:0.3915814816573402, kld_loss:0.0155396764150737, epoch_train_time:26.60423919185996
2022-06-29 17:52:50,869 - pytorch_cvae.py[line:169] - INFO: ----------------------------No.139 epoch----------------------------
2022-06-29 17:52:50,869 - pytorch_cvae.py[line:176] - INFO: loss:334.07023817300797, numeric_loss:333.6665436848998, categorical_loss:0.3917508597296546, kld_loss:0.014929307003058057, epoch_train_time:26.905398316681385
2022-06-29 17:53:17,609 - pytorch_cvae.py[line:169] - INFO: ----------------------------No.140 epoch----------------------------
2022-06-29 17:53:17,609 - pytorch_cvae.py[line:176] - INFO: loss:334.07438545674086, numeric_loss:333.6698219552636, categorical_loss:0.39155412627587793, kld_loss:0.01626156376732979, epoch_train_time:26.740263007581234
2022-06-29 17:53:44,286 - pytorch_cvae.py[line:169] - INFO: ----------------------------No.141 epoch----------------------------
2022-06-29 17:53:44,286 - pytorch_cvae.py[line:176] - INFO: loss:334.07997420430183, numeric_loss:333.6755973920226, categorical_loss:0.39142884287866764, kld_loss:0.01618492762486312, epoch_train_time:26.67648844793439
2022-06-29 17:54:11,064 - pytorch_cvae.py[line:169] - INFO: ----------------------------No.142 epoch----------------------------
2022-06-29 17:54:11,064 - pytorch_cvae.py[line:176] - INFO: loss:334.07315722852945, numeric_loss:333.66934495419264, categorical_loss:0.3910909499536501, kld_loss:0.01590157650434776, epoch_train_time:26.777915064245462
2022-06-29 17:54:37,925 - pytorch_cvae.py[line:169] - INFO: ----------------------------No.143 epoch----------------------------
2022-06-29 17:54:37,925 - pytorch_cvae.py[line:176] - INFO: loss:334.0720305144787, numeric_loss:333.66935992985964, categorical_loss:0.3908422956155846, kld_loss:0.014785542959316444, epoch_train_time:26.860397670418024
2022-06-29 17:55:04,680 - pytorch_cvae.py[line:169] - INFO: ----------------------------No.144 epoch----------------------------
2022-06-29 17:55:04,680 - pytorch_cvae.py[line:176] - INFO: loss:334.08103697001934, numeric_loss:333.678480014205, categorical_loss:0.39015195849060547, kld_loss:0.015506521647694171, epoch_train_time:26.754799399524927
2022-06-29 17:55:31,367 - pytorch_cvae.py[line:169] - INFO: ----------------------------No.145 epoch----------------------------
2022-06-29 17:55:31,367 - pytorch_cvae.py[line:176] - INFO: loss:334.0762291625142, numeric_loss:333.6734399497509, categorical_loss:0.39005127050040755, kld_loss:0.015922433933383218, epoch_train_time:26.687083456665277
2022-06-29 17:55:58,165 - pytorch_cvae.py[line:169] - INFO: ----------------------------No.146 epoch----------------------------
2022-06-29 17:55:58,165 - pytorch_cvae.py[line:176] - INFO: loss:334.07359405606985, numeric_loss:333.67197339981794, categorical_loss:0.38987938712671166, kld_loss:0.014676248998739538, epoch_train_time:26.797430966049433
2022-06-29 17:56:24,950 - pytorch_cvae.py[line:169] - INFO: ----------------------------No.147 epoch----------------------------
2022-06-29 17:56:24,950 - pytorch_cvae.py[line:176] - INFO: loss:334.0687530487776, numeric_loss:333.66787929832935, categorical_loss:0.38963295065332204, kld_loss:0.014051143618416972, epoch_train_time:26.785387214273214
2022-06-29 17:56:51,787 - pytorch_cvae.py[line:169] - INFO: ----------------------------No.148 epoch----------------------------
2022-06-29 17:56:51,787 - pytorch_cvae.py[line:176] - INFO: loss:334.08126214146614, numeric_loss:333.678678996861, categorical_loss:0.3895366566066514, kld_loss:0.016308201497395203, epoch_train_time:26.83633414655924
2022-06-29 17:57:18,453 - pytorch_cvae.py[line:169] - INFO: ----------------------------No.149 epoch----------------------------
2022-06-29 17:57:18,453 - pytorch_cvae.py[line:176] - INFO: loss:334.0726965367794, numeric_loss:333.67143476754427, categorical_loss:0.3893096030151355, kld_loss:0.014940479763026815, epoch_train_time:26.66606928035617
2022-06-29 17:57:45,146 - pytorch_cvae.py[line:169] - INFO: ----------------------------No.150 epoch----------------------------
2022-06-29 17:57:45,146 - pytorch_cvae.py[line:176] - INFO: loss:334.06841160357, numeric_loss:333.66777373850346, categorical_loss:0.38877415392926196, kld_loss:0.014829379180582691, epoch_train_time:26.69273790344596
2022-06-29 17:57:45,146 - pytorch_cvae.py[line:185] - INFO: training time elapsed:4014.693442221731
2022-06-29 17:57:45,147 - model_utils.py[line:67] - INFO: save model successfully
2022-06-29 17:57:46,739 - pytorch_cvae.py[line:263] - INFO: train model time elapsed:4021.125869590789
2022-06-29 17:57:46,739 - dataset_utils.py[line:562] - INFO: load existing dataset(light):tpcds-06667g-store_s_store_sk#s_store_name__s_store_sk#s_store_name_binary_gaussian5_0
2022-06-29 17:57:46,741 - dataset_utils.py[line:571] - INFO: load dataset(light) time elapsed:0.0018541812896728516
2022-06-29 17:57:46,741 - pytorch_cvae.py[line:275] - INFO: feature info:[('s_store_sk', 'categorical', 5), ('s_store_name', 'categorical', 4)]
2022-06-29 17:57:46,742 - model_utils.py[line:75] - INFO: load model name:torch_cvae_tpcds-06667g-store_s_store_sk_s_store_name_ld100_id150_bs128_ep100_0_binary_gaussian5
2022-06-29 17:57:47,421 - model_utils.py[line:86] - INFO: load torch model time elapsed:0.6791772060096264
2022-06-29 17:57:47,421 - pytorch_cvae.py[line:285] - INFO: load model time elapsed:0.6821513697504997
2022-06-29 17:57:47,421 - main.py[line:384] - INFO: multi_sampling No.0 epoch
2022-06-29 17:57:47,481 - pytorch_cvae.py[line:398] - INFO: sampling time:0.058234889060258865
2022-06-29 17:57:47,540 - dataset_utils.py[line:543] - INFO: load existing dataset:tpcds-06667g-store_s_store_sk#s_store_name__s_store_sk#s_store_name_binary_gaussian5_0
2022-06-29 17:57:47,542 - dataset_utils.py[line:555] - INFO: load dataset time elapsed:0.0024269893765449524
2022-06-29 17:57:47,570 - main.py[line:368] - INFO: sample and aggregation time elapsed:0.14773577451705933
2022-06-29 17:57:47,573 - main.py[line:401] - INFO: sample time:0.15187928825616837
2022-06-29 17:57:47,587 - main.py[line:99] - INFO: aqp result:
              avg(ss_wholesale_cost)  avg(ss_list_price)  avg(ss_sales_price)  \
s_store_name                                                                    
able         358.81                  76.11               38.22                  
anti         1160.68                 74.87               38.34                  
ation        713.25                  76.49               38.97                  
bar          257.93                  76.79               39.18                  
eing         868.07                  74.92               38.01                  
ese          -109.85                 76.63               37.99                  
ought        767.98                  75.24               38.14                  

              avg(ss_ext_sales_price)  sum(ss_wholesale_cost)  \
s_store_name                                                    
able         1912.64                  30211992.70               
anti         1960.20                  1983385.42                
ation        2082.36                  205173802.80              
bar          1862.58                  74562932.73               
eing         1899.46                  329751549.83              
ese          1875.91                  -31747911.78              
ought        1878.60                  220650742.16              

              sum(ss_list_price)  sum(ss_sales_price)  sum(ss_ext_sales_price)  
s_store_name                                                                    
able         22399307.07         11244326.03          580655777.39              
anti         127933.67           65522.81             3349616.05                
ation        22003986.11         11209991.66          599016787.18              
bar          22197876.35         11326155.93          538431021.27              
eing         21485046.88         10918527.52          535947905.87              
ese          22146169.98         10978723.44          542144138.08              
ought        21616091.76         10957242.08          539748558.39              
2022-06-29 17:57:47,591 - main.py[line:100] - INFO: ground truth:
              avg(ss_wholesale_cost)  avg(ss_list_price)  avg(ss_sales_price)  \
s_store_name                                                                    
able         98.45                   75.94               38.00                  
anti         269.40                  74.69               38.14                  
ation        96.36                   75.74               37.85                  
bar          95.91                   75.64               37.85                  
eing         97.82                   75.75               37.90                  
ese          98.35                   75.70               37.85                  
ought        97.66                   75.82               37.87                  

              avg(ss_ext_sales_price)  sum(ss_wholesale_cost)  \
s_store_name                                                    
able         1925.38                   28565319                 
anti         1959.30                   460410                   
ation        1912.89                   27725536                 
bar          1909.74                   27732412                 
eing         1914.77                   28437418                 
ese          1909.39                   28429562                 
ought        1914.60                   28064526                 

              sum(ss_list_price)  sum(ss_sales_price)  sum(ss_ext_sales_price)  
s_store_name                                                                    
able          22034325            11025128             558653683                
anti          127641              65180                3348448                  
ation         21792322            10889516             550371779                
bar           21869134            10943724             552181140                
eing          22022072            11019210             556637230                
ese           21883448            10940132             551937222                
ought         21789535            10882302             550209422                
2022-06-29 17:57:47,599 - main.py[line:409] - INFO: relative error:
              avg(ss_wholesale_cost)  avg(ss_list_price)  avg(ss_sales_price)  \
s_store_name                                                                    
able         2.64                    0.00                0.01                   
anti         3.31                    0.00                0.01                   
ation        6.40                    0.01                0.03                   
bar          1.69                    0.02                0.04                   
eing         7.87                    0.01                0.00                   
ese          2.12                    0.01                0.00                   
ought        6.86                    0.01                0.01                   

              avg(ss_ext_sales_price)  sum(ss_wholesale_cost)  \
s_store_name                                                    
able         0.01                     0.06                      
anti         0.00                     3.31                      
ation        0.09                     6.40                      
bar          0.02                     1.69                      
eing         0.01                     10.60                     
ese          0.02                     2.12                      
ought        0.02                     6.86                      

              sum(ss_list_price)  sum(ss_sales_price)  sum(ss_ext_sales_price)  
s_store_name                                                                    
able         0.02                0.02                 0.04                      
anti         0.00                0.01                 0.00                      
ation        0.01                0.03                 0.09                      
bar          0.02                0.03                 0.02                      
eing         0.02                0.01                 0.04                      
ese          0.01                0.00                 0.02                      
ought        0.01                0.01                 0.02                      
2022-06-29 17:57:47,602 - main.py[line:410] - INFO: relative error normalized:
              avg(ss_wholesale_cost)  avg(ss_list_price)  avg(ss_sales_price)  \
s_store_name                                                                    
able         0.93                    0.00                0.01                   
anti         0.96                    0.00                0.01                   
ation        1.00                    0.01                0.03                   
bar          0.82                    0.02                0.03                   
eing         1.00                    0.01                0.00                   
ese          0.88                    0.01                0.00                   
ought        1.00                    0.01                0.01                   

              avg(ss_ext_sales_price)  sum(ss_wholesale_cost)  \
s_store_name                                                    
able         0.01                     0.06                      
anti         0.00                     0.96                      
ation        0.08                     1.00                      
bar          0.02                     0.82                      
eing         0.01                     1.00                      
ese          0.02                     0.88                      
ought        0.02                     1.00                      

              sum(ss_list_price)  sum(ss_sales_price)  sum(ss_ext_sales_price)  
s_store_name                                                                    
able         0.02                0.02                 0.04                      
anti         0.00                0.01                 0.00                      
ation        0.01                0.03                 0.08                      
bar          0.01                0.03                 0.02                      
eing         0.02                0.01                 0.04                      
ese          0.01                0.00                 0.02                      
ought        0.01                0.01                 0.02                      
2022-06-29 17:57:47,602 - main.py[line:413] - INFO: relative error average: 1.119054067829941
2022-06-29 17:57:47,602 - main.py[line:414] - INFO: relative error normalized average: 0.23252052625216996
2022-06-29 17:57:47,603 - main.py[line:460] - INFO: total_time:4021.990395206958
feature_names: ['ss_store_sk_0', 'ss_store_sk_1', 'ss_store_sk_2', 'ss_store_sk_3', 'ss_store_sk_4']
feature_names: ['ss_store_sk_0', 'ss_store_sk_1', 'ss_store_sk_2', 'ss_store_sk_3', 'ss_store_sk_4']
categorical_columns: ['ss_store_sk_0', 'ss_store_sk_1', 'ss_store_sk_2', 'ss_store_sk_3', 'ss_store_sk_4']
