main.py:19: FutureWarning: Passing a negative integer is deprecated in version 1.0 and will not be supported in future version. Instead, use None to not limit the column width.
  pd.set_option('max_colwidth', -1)
2022-06-30 09:36:43,878 - main.py[line:451] - INFO: load query config config/query/sales_outlier_join_store.json successfully
2022-06-30 09:36:43,878 - main.py[line:458] - INFO: load train config ./config/train/tpcds_ssales_store_outlier_torch_cvae.json successfully
2022-06-30 09:36:43,878 - main.py[line:458] - INFO: load train config ./config/train/tpcds_store_torch_cvae.json successfully
2022-06-30 09:36:43,878 - pytorch_cvae.py[line:244] - INFO: epoch:150
2022-06-30 09:36:43,878 - pytorch_cvae.py[line:245] - INFO: batch size:512
2022-06-30 09:36:43,878 - pytorch_cvae.py[line:246] - INFO: latent dimension:100
2022-06-30 09:36:43,878 - pytorch_cvae.py[line:247] - INFO: intermediate dimension:100
2022-06-30 09:36:43,879 - pytorch_cvae.py[line:248] - INFO: gpu num:0
2022-06-30 09:36:43,901 - dataset_utils.py[line:296] - INFO: loading data:/home/lihan/train_dataset/tpcds_0.6667g/store_sales_outlier.csv
--- Logging error ---
Traceback (most recent call last):
  File "/root/anaconda3/envs/py36/lib/python3.6/logging/__init__.py", line 994, in emit
    msg = self.format(record)
  File "/root/anaconda3/envs/py36/lib/python3.6/logging/__init__.py", line 840, in format
    return fmt.format(record)
  File "/root/anaconda3/envs/py36/lib/python3.6/logging/__init__.py", line 577, in format
    record.message = record.getMessage()
  File "/root/anaconda3/envs/py36/lib/python3.6/logging/__init__.py", line 338, in getMessage
    msg = msg % self.args
TypeError: not all arguments converted during string formatting
Call stack:
  File "main.py", line 469, in <module>
    model_aqp(query_config, train_config_list)
  File "main.py", line 389, in model_aqp
    model_dataset_list = train_load_models(train_config_list)
  File "main.py", line 46, in train_load_models
    model_dataset = train_torch_cvae(param)
  File "/home/lihan/table_cvae_aqp/models/pytorch_cvae.py", line 252, in train_torch_cvae
    dataset = TabularDataset(train_config)
  File "/home/lihan/table_cvae_aqp/utils/dataset_utils.py", line 29, in __init__
    self.load_data(param)
  File "/home/lihan/table_cvae_aqp/utils/dataset_utils.py", line 316, in load_data
    self.filter_outlier()
  File "/home/lihan/table_cvae_aqp/utils/dataset_utils.py", line 278, in filter_outlier
    logger.info("=====outlier_condition: ", outlier_condition)
Message: '=====outlier_condition: '
Arguments: (['ss_wholesale_cost>=1000.0', 'ss_list_price>=1800.0', 'ss_sales_price>=1420.0', 'ss_ext_sales_price>=101664.96000000276'],)
/home/lihan/table_cvae_aqp/utils/dataset_utils.py:281: SettingWithCopyWarning: 
A value is trying to be set on a copy of a slice from a DataFrame.
Try using .loc[row_indexer,col_indexer] = value instead

See the caveats in the documentation: https://pandas.pydata.org/pandas-docs/stable/user_guide/indexing.html#returning-a-view-versus-a-copy
  self.outliers[tt] = 1
2022-06-30 09:36:46,208 - dataset_utils.py[line:284] - INFO: filtered outlier:17439 rows
2022-06-30 09:36:46,208 - dataset_utils.py[line:317] - INFO: data total rows:1718426
2022-06-30 09:36:46,208 - dataset_utils.py[line:349] - INFO: sample the training data sample rows:1718426
2022-06-30 09:36:46,208 - dataset_utils.py[line:353] - INFO: load data time elapsed:2.30766411870718
2022-06-30 09:36:46,396 - dataset_utils.py[line:43] - INFO: encode categorical columns time elapsed:0.18729080632328987
2022-06-30 09:36:46,470 - dataset_utils.py[line:56] - INFO: encode numeric columnstime elapsed:0.0739603042602539
2022-06-30 09:36:46,672 - dataset_utils.py[line:107] - INFO: data shape:(1718426, 9)
2022-06-30 09:36:46,672 - dataset_utils.py[line:136] - INFO: feature info:[('ss_wholesale_cost', 'numerical', 1), ('ss_list_price', 'numerical', 1), ('ss_sales_price', 'numerical', 1), ('ss_ext_sales_price', 'numerical', 1), ('ss_store_sk', 'categorical', 5)]
2022-06-30 09:36:46,672 - dataset_utils.py[line:137] - INFO: output info list:[(1, 'no'), (1, 'no'), (1, 'no'), (1, 'no'), (5, 'sigmoid')]
2022-06-30 09:36:48,780 - dataset_utils.py[line:140] - INFO: load data successfully
2022-06-30 09:36:48,781 - pytorch_cvae.py[line:253] - INFO: feature info:[('ss_wholesale_cost', 'numerical', 1), ('ss_list_price', 'numerical', 1), ('ss_sales_price', 'numerical', 1), ('ss_ext_sales_price', 'numerical', 1), ('ss_store_sk', 'categorical', 5)]
2022-06-30 09:37:15,783 - pytorch_cvae.py[line:169] - INFO: ----------------------------No.1 epoch----------------------------
2022-06-30 09:37:15,783 - pytorch_cvae.py[line:176] - INFO: loss:283.4483070895076, numeric_loss:56.82018053950742, categorical_loss:73.0339562058798, kld_loss:28494.24456191063, epoch_train_time:27.00006105005741
2022-06-30 09:37:42,296 - pytorch_cvae.py[line:169] - INFO: ----------------------------No.2 epoch----------------------------
2022-06-30 09:37:42,296 - pytorch_cvae.py[line:176] - INFO: loss:158.2919069081545, numeric_loss:31.860539143439382, categorical_loss:8.377328053684323, kld_loss:19826.7251496315, epoch_train_time:26.51240985095501
2022-06-30 09:38:08,632 - pytorch_cvae.py[line:169] - INFO: ----------------------------No.3 epoch----------------------------
2022-06-30 09:38:08,632 - pytorch_cvae.py[line:176] - INFO: loss:165.69565716013312, numeric_loss:31.641545868478715, categorical_loss:8.469160100334193, kld_loss:19113.037452220917, epoch_train_time:26.33591402322054
2022-06-30 09:38:35,027 - pytorch_cvae.py[line:169] - INFO: ----------------------------No.4 epoch----------------------------
2022-06-30 09:38:35,027 - pytorch_cvae.py[line:176] - INFO: loss:175.42436549440026, numeric_loss:32.464805249124765, categorical_loss:8.909972671521246, kld_loss:18506.05656337738, epoch_train_time:26.39472808688879
2022-06-30 09:39:01,332 - pytorch_cvae.py[line:169] - INFO: ----------------------------No.5 epoch----------------------------
2022-06-30 09:39:01,332 - pytorch_cvae.py[line:176] - INFO: loss:186.64808256551623, numeric_loss:34.32599381450564, categorical_loss:8.9282302270949, kld_loss:17975.026460647583, epoch_train_time:26.30466067790985
2022-06-30 09:39:27,663 - pytorch_cvae.py[line:169] - INFO: ----------------------------No.6 epoch----------------------------
2022-06-30 09:39:27,663 - pytorch_cvae.py[line:176] - INFO: loss:199.31310255080462, numeric_loss:35.771128351800144, categorical_loss:9.53908772844079, kld_loss:17546.58949804306, epoch_train_time:26.330856688320637
2022-06-30 09:39:53,951 - pytorch_cvae.py[line:169] - INFO: ----------------------------No.7 epoch----------------------------
2022-06-30 09:39:53,951 - pytorch_cvae.py[line:176] - INFO: loss:213.82669966295362, numeric_loss:38.37404198665172, categorical_loss:10.510263697855407, kld_loss:17098.39455652237, epoch_train_time:26.287775591015816
2022-06-30 09:40:20,361 - pytorch_cvae.py[line:169] - INFO: ----------------------------No.8 epoch----------------------------
2022-06-30 09:40:20,361 - pytorch_cvae.py[line:176] - INFO: loss:228.67160446196795, numeric_loss:41.242342808283865, categorical_loss:11.399960701950477, kld_loss:16618.869235038757, epoch_train_time:26.40968295186758
2022-06-30 09:40:46,785 - pytorch_cvae.py[line:169] - INFO: ----------------------------No.9 epoch----------------------------
2022-06-30 09:40:46,785 - pytorch_cvae.py[line:176] - INFO: loss:244.54069064557552, numeric_loss:44.50345059018582, categorical_loss:12.320715445835958, kld_loss:16156.481298923492, epoch_train_time:26.423811551183462
2022-06-30 09:41:13,182 - pytorch_cvae.py[line:169] - INFO: ----------------------------No.10 epoch----------------------------
2022-06-30 09:41:13,182 - pytorch_cvae.py[line:176] - INFO: loss:260.6947136595845, numeric_loss:47.97794599831104, categorical_loss:13.220879309403244, kld_loss:15668.96358203888, epoch_train_time:26.3970779851079
2022-06-30 09:41:39,518 - pytorch_cvae.py[line:169] - INFO: ----------------------------No.11 epoch----------------------------
2022-06-30 09:41:39,519 - pytorch_cvae.py[line:176] - INFO: loss:277.4403765425086, numeric_loss:51.70882616378367, categorical_loss:14.050204345068778, kld_loss:15187.463575839996, epoch_train_time:26.336303394287825
2022-06-30 09:42:06,146 - pytorch_cvae.py[line:169] - INFO: ----------------------------No.12 epoch----------------------------
2022-06-30 09:42:06,146 - pytorch_cvae.py[line:176] - INFO: loss:295.78440514951944, numeric_loss:55.68425843026489, categorical_loss:15.073689595228643, kld_loss:14762.73724603653, epoch_train_time:26.627185318619013
2022-06-30 09:42:32,632 - pytorch_cvae.py[line:169] - INFO: ----------------------------No.13 epoch----------------------------
2022-06-30 09:42:32,633 - pytorch_cvae.py[line:176] - INFO: loss:315.3911587893963, numeric_loss:59.5752798197791, categorical_loss:16.28166274301475, kld_loss:14383.540926933289, epoch_train_time:26.486332327127457
2022-06-30 09:42:59,089 - pytorch_cvae.py[line:169] - INFO: ----------------------------No.14 epoch----------------------------
2022-06-30 09:42:59,089 - pytorch_cvae.py[line:176] - INFO: loss:336.55058375000954, numeric_loss:63.65517747588456, categorical_loss:17.860974707029527, kld_loss:14031.248180627823, epoch_train_time:26.456583708524704
2022-06-30 09:43:25,556 - pytorch_cvae.py[line:169] - INFO: ----------------------------No.15 epoch----------------------------
2022-06-30 09:43:25,556 - pytorch_cvae.py[line:176] - INFO: loss:358.61403565108776, numeric_loss:68.21986836008728, categorical_loss:19.395835037197685, kld_loss:13674.064996004105, epoch_train_time:26.466567642986774
2022-06-30 09:43:51,955 - pytorch_cvae.py[line:169] - INFO: ----------------------------No.16 epoch----------------------------
2022-06-30 09:43:51,955 - pytorch_cvae.py[line:176] - INFO: loss:382.34678526967764, numeric_loss:73.13430788181722, categorical_loss:21.254709196684416, kld_loss:13339.134150743484, epoch_train_time:26.39884451031685
2022-06-30 09:44:18,322 - pytorch_cvae.py[line:169] - INFO: ----------------------------No.17 epoch----------------------------
2022-06-30 09:44:18,322 - pytorch_cvae.py[line:176] - INFO: loss:406.93651551008224, numeric_loss:78.41087489761412, categorical_loss:23.444486238295212, kld_loss:12987.224311113358, epoch_train_time:26.36673080548644
2022-06-30 09:44:44,957 - pytorch_cvae.py[line:169] - INFO: ----------------------------No.18 epoch----------------------------
2022-06-30 09:44:44,957 - pytorch_cvae.py[line:176] - INFO: loss:433.281764857471, numeric_loss:84.12017555721104, categorical_loss:25.75174167152727, kld_loss:12664.57445025444, epoch_train_time:26.634454987943172
2022-06-30 09:45:11,287 - pytorch_cvae.py[line:169] - INFO: ----------------------------No.19 epoch----------------------------
2022-06-30 09:45:11,287 - pytorch_cvae.py[line:176] - INFO: loss:459.9590490013361, numeric_loss:90.21835302561522, categorical_loss:27.966650552116334, kld_loss:12323.870548248291, epoch_train_time:26.32981737330556
2022-06-30 09:45:37,663 - pytorch_cvae.py[line:169] - INFO: ----------------------------No.20 epoch----------------------------
2022-06-30 09:45:37,663 - pytorch_cvae.py[line:176] - INFO: loss:488.383285343647, numeric_loss:96.75851147249341, categorical_loss:30.930405200226232, kld_loss:11988.156761169434, epoch_train_time:26.376360304653645
2022-06-30 09:46:04,153 - pytorch_cvae.py[line:169] - INFO: ----------------------------No.21 epoch----------------------------
2022-06-30 09:46:04,153 - pytorch_cvae.py[line:176] - INFO: loss:517.8813107460737, numeric_loss:103.93524928018451, categorical_loss:33.64732505043503, kld_loss:11662.112308979034, epoch_train_time:26.489291936159134
2022-06-30 09:46:30,671 - pytorch_cvae.py[line:169] - INFO: ----------------------------No.22 epoch----------------------------
2022-06-30 09:46:30,671 - pytorch_cvae.py[line:176] - INFO: loss:549.1292004138231, numeric_loss:111.38726794533432, categorical_loss:37.18921963206958, kld_loss:11344.506297111511, epoch_train_time:26.51836869493127
2022-06-30 09:46:57,128 - pytorch_cvae.py[line:169] - INFO: ----------------------------No.23 epoch----------------------------
2022-06-30 09:46:57,129 - pytorch_cvae.py[line:176] - INFO: loss:580.5305849611759, numeric_loss:118.10898111201823, categorical_loss:40.72314579563681, kld_loss:11041.697260141373, epoch_train_time:26.45706344768405
2022-06-30 09:47:23,609 - pytorch_cvae.py[line:169] - INFO: ----------------------------No.24 epoch----------------------------
2022-06-30 09:47:23,609 - pytorch_cvae.py[line:176] - INFO: loss:613.7105902582407, numeric_loss:123.43384306505322, categorical_loss:44.60973379132338, kld_loss:10799.07355928421, epoch_train_time:26.480341035872698
2022-06-30 09:47:50,020 - pytorch_cvae.py[line:169] - INFO: ----------------------------No.25 epoch----------------------------
2022-06-30 09:47:50,020 - pytorch_cvae.py[line:176] - INFO: loss:648.3351666331291, numeric_loss:129.0227744653821, categorical_loss:49.204303013626486, kld_loss:10552.375028848648, epoch_train_time:26.410427555441856
2022-06-30 09:48:16,425 - pytorch_cvae.py[line:169] - INFO: ----------------------------No.26 epoch----------------------------
2022-06-30 09:48:16,425 - pytorch_cvae.py[line:176] - INFO: loss:685.3739042580128, numeric_loss:134.94046454131603, categorical_loss:54.396633110241964, kld_loss:10324.69275689125, epoch_train_time:26.40469355508685
2022-06-30 09:48:43,012 - pytorch_cvae.py[line:169] - INFO: ----------------------------No.27 epoch----------------------------
2022-06-30 09:48:43,012 - pytorch_cvae.py[line:176] - INFO: loss:722.3905292004347, numeric_loss:141.12552090734243, categorical_loss:59.454719200730324, kld_loss:10081.402156829834, epoch_train_time:26.587566524744034
2022-06-30 09:49:09,306 - pytorch_cvae.py[line:169] - INFO: ----------------------------No.28 epoch----------------------------
2022-06-30 09:49:09,306 - pytorch_cvae.py[line:176] - INFO: loss:761.4218033701181, numeric_loss:147.85076542571187, categorical_loss:65.08265418186784, kld_loss:9845.892862081528, epoch_train_time:26.293578818440437
2022-06-30 09:49:35,718 - pytorch_cvae.py[line:169] - INFO: ----------------------------No.29 epoch----------------------------
2022-06-30 09:49:35,718 - pytorch_cvae.py[line:176] - INFO: loss:801.7418305277824, numeric_loss:154.8662652336061, categorical_loss:71.54276326764375, kld_loss:9605.510555028915, epoch_train_time:26.41188482940197
2022-06-30 09:50:02,145 - pytorch_cvae.py[line:169] - INFO: ----------------------------No.30 epoch----------------------------
2022-06-30 09:50:02,145 - pytorch_cvae.py[line:176] - INFO: loss:843.0193107426167, numeric_loss:162.42138858139515, categorical_loss:78.31266529206187, kld_loss:9361.630232810974, epoch_train_time:26.42690971121192
2022-06-30 09:50:28,724 - pytorch_cvae.py[line:169] - INFO: ----------------------------No.31 epoch----------------------------
2022-06-30 09:50:28,724 - pytorch_cvae.py[line:176] - INFO: loss:886.8736874610186, numeric_loss:170.47127479314804, categorical_loss:86.42901542503387, kld_loss:9125.437976121902, epoch_train_time:26.578776195645332
2022-06-30 09:50:55,273 - pytorch_cvae.py[line:169] - INFO: ----------------------------No.32 epoch----------------------------
2022-06-30 09:50:55,273 - pytorch_cvae.py[line:176] - INFO: loss:931.4028763175011, numeric_loss:178.9241750985384, categorical_loss:94.90549523942173, kld_loss:8885.710076332092, epoch_train_time:26.548473224043846
2022-06-30 09:51:21,712 - pytorch_cvae.py[line:169] - INFO: ----------------------------No.33 epoch----------------------------
2022-06-30 09:51:21,712 - pytorch_cvae.py[line:176] - INFO: loss:977.3437116742134, numeric_loss:187.89791207760572, categorical_loss:104.12938977964222, kld_loss:8647.488233327866, epoch_train_time:26.43922082334757
2022-06-30 09:51:48,251 - pytorch_cvae.py[line:169] - INFO: ----------------------------No.34 epoch----------------------------
2022-06-30 09:51:48,251 - pytorch_cvae.py[line:176] - INFO: loss:1024.5893067717552, numeric_loss:197.53270529955626, categorical_loss:115.2201156206429, kld_loss:8395.84161734581, epoch_train_time:26.53842743858695
2022-06-30 09:52:14,762 - pytorch_cvae.py[line:169] - INFO: ----------------------------No.35 epoch----------------------------
2022-06-30 09:52:14,762 - pytorch_cvae.py[line:176] - INFO: loss:1072.140040397644, numeric_loss:207.44319846108556, categorical_loss:127.95417429693043, kld_loss:8130.536548137665, epoch_train_time:26.511189687997103
2022-06-30 09:52:41,365 - pytorch_cvae.py[line:169] - INFO: ----------------------------No.36 epoch----------------------------
2022-06-30 09:52:41,365 - pytorch_cvae.py[line:176] - INFO: loss:1107.3672934770584, numeric_loss:218.2095577828586, categorical_loss:137.2997838370502, kld_loss:7771.285961389542, epoch_train_time:26.601970933377743
2022-06-30 09:53:07,648 - pytorch_cvae.py[line:169] - INFO: ----------------------------No.37 epoch----------------------------
2022-06-30 09:53:07,648 - pytorch_cvae.py[line:176] - INFO: loss:1139.8895100057125, numeric_loss:229.33738084882498, categorical_loss:134.4141303114593, kld_loss:7521.146841287613, epoch_train_time:26.283157873898745
2022-06-30 09:53:34,268 - pytorch_cvae.py[line:169] - INFO: ----------------------------No.38 epoch----------------------------
2022-06-30 09:53:34,268 - pytorch_cvae.py[line:176] - INFO: loss:1190.1182198524475, numeric_loss:240.93116356804967, categorical_loss:146.50479771755636, kld_loss:7299.801694154739, epoch_train_time:26.61968583241105
2022-06-30 09:54:00,648 - pytorch_cvae.py[line:169] - INFO: ----------------------------No.39 epoch----------------------------
2022-06-30 09:54:00,648 - pytorch_cvae.py[line:176] - INFO: loss:1240.4922794401646, numeric_loss:253.35513236001134, categorical_loss:160.82312398031354, kld_loss:7059.4215787649155, epoch_train_time:26.3800091072917
2022-06-30 09:54:27,247 - pytorch_cvae.py[line:169] - INFO: ----------------------------No.40 epoch----------------------------
2022-06-30 09:54:27,247 - pytorch_cvae.py[line:176] - INFO: loss:1291.1820906698704, numeric_loss:267.3130450770259, categorical_loss:177.7337296511978, kld_loss:6797.586071133614, epoch_train_time:26.598947126418352
2022-06-30 09:54:53,603 - pytorch_cvae.py[line:169] - INFO: ----------------------------No.41 epoch----------------------------
2022-06-30 09:54:53,603 - pytorch_cvae.py[line:176] - INFO: loss:1336.139434337616, numeric_loss:279.9531064927578, categorical_loss:191.32267579250038, kld_loss:6540.150599956512, epoch_train_time:26.356017757207155
2022-06-30 09:55:19,915 - pytorch_cvae.py[line:169] - INFO: ----------------------------No.42 epoch----------------------------
2022-06-30 09:55:19,916 - pytorch_cvae.py[line:176] - INFO: loss:1378.473058104515, numeric_loss:266.806927703321, categorical_loss:202.99372628331184, kld_loss:6474.510120272636, epoch_train_time:26.31196116656065
2022-06-30 09:55:46,200 - pytorch_cvae.py[line:169] - INFO: ----------------------------No.43 epoch----------------------------
2022-06-30 09:55:46,200 - pytorch_cvae.py[line:176] - INFO: loss:1428.6835377514362, numeric_loss:266.4630278348923, categorical_loss:222.6819382198155, kld_loss:6314.048905014992, epoch_train_time:26.28423848375678
2022-06-30 09:56:12,644 - pytorch_cvae.py[line:169] - INFO: ----------------------------No.44 epoch----------------------------
2022-06-30 09:56:12,644 - pytorch_cvae.py[line:176] - INFO: loss:1483.5587748885155, numeric_loss:273.2158170938492, categorical_loss:250.13256583362818, kld_loss:6092.391570329666, epoch_train_time:26.443939108401537
2022-06-30 09:56:39,243 - pytorch_cvae.py[line:169] - INFO: ----------------------------No.45 epoch----------------------------
2022-06-30 09:56:39,243 - pytorch_cvae.py[line:176] - INFO: loss:1537.2161332070827, numeric_loss:281.7058244124055, categorical_loss:282.82168678194284, kld_loss:5832.538115620613, epoch_train_time:26.598300985991955
2022-06-30 09:57:05,815 - pytorch_cvae.py[line:169] - INFO: ----------------------------No.46 epoch----------------------------
2022-06-30 09:57:05,816 - pytorch_cvae.py[line:176] - INFO: loss:1591.559558391571, numeric_loss:290.29326121509075, categorical_loss:323.6707549095154, kld_loss:5545.486273527145, epoch_train_time:26.572658464312553
2022-06-30 09:57:32,358 - pytorch_cvae.py[line:169] - INFO: ----------------------------No.47 epoch----------------------------
2022-06-30 09:57:32,358 - pytorch_cvae.py[line:176] - INFO: loss:1642.0477418601513, numeric_loss:298.30935149639845, categorical_loss:373.4681923240423, kld_loss:5211.995913982391, epoch_train_time:26.542295832186937
2022-06-30 09:57:58,924 - pytorch_cvae.py[line:169] - INFO: ----------------------------No.48 epoch----------------------------
2022-06-30 09:57:58,924 - pytorch_cvae.py[line:176] - INFO: loss:1691.3504869639874, numeric_loss:305.0161299556494, categorical_loss:433.99208188802004, kld_loss:4849.1952068805695, epoch_train_time:26.566089939326048
2022-06-30 09:58:25,352 - pytorch_cvae.py[line:169] - INFO: ----------------------------No.49 epoch----------------------------
2022-06-30 09:58:25,352 - pytorch_cvae.py[line:176] - INFO: loss:1700.148885577917, numeric_loss:322.85250598937273, categorical_loss:467.3273601382971, kld_loss:4396.456159830093, epoch_train_time:26.427613262087107
2022-06-30 09:58:51,794 - pytorch_cvae.py[line:169] - INFO: ----------------------------No.50 epoch----------------------------
2022-06-30 09:58:51,795 - pytorch_cvae.py[line:176] - INFO: loss:1720.5684676766396, numeric_loss:328.5471581965685, categorical_loss:494.46910528838634, kld_loss:4118.790608882904, epoch_train_time:26.442236933857203
2022-06-30 09:59:18,187 - pytorch_cvae.py[line:169] - INFO: ----------------------------No.51 epoch----------------------------
2022-06-30 09:59:18,187 - pytorch_cvae.py[line:176] - INFO: loss:1761.3212699890137, numeric_loss:329.0339225009084, categorical_loss:549.8572337031364, kld_loss:3849.9797073602676, epoch_train_time:26.39196278899908
2022-06-30 09:59:44,623 - pytorch_cvae.py[line:169] - INFO: ----------------------------No.52 epoch----------------------------
2022-06-30 09:59:44,623 - pytorch_cvae.py[line:176] - INFO: loss:1803.0832745730877, numeric_loss:329.10626523941755, categorical_loss:620.0762324482203, kld_loss:3545.585390627384, epoch_train_time:26.436044115573168
2022-06-30 10:00:11,000 - pytorch_cvae.py[line:169] - INFO: ----------------------------No.53 epoch----------------------------
2022-06-30 10:00:11,001 - pytorch_cvae.py[line:176] - INFO: loss:1841.2927592396736, numeric_loss:328.9932220876217, categorical_loss:701.1678762584925, kld_loss:3208.548601925373, epoch_train_time:26.377463448792696
2022-06-30 10:00:37,586 - pytorch_cvae.py[line:169] - INFO: ----------------------------No.54 epoch----------------------------
2022-06-30 10:00:37,586 - pytorch_cvae.py[line:176] - INFO: loss:1874.0729973316193, numeric_loss:328.962543874979, categorical_loss:846.9698259979486, kld_loss:2633.487008333206, epoch_train_time:26.58511909842491
2022-06-30 10:01:03,935 - pytorch_cvae.py[line:169] - INFO: ----------------------------No.55 epoch----------------------------
2022-06-30 10:01:03,935 - pytorch_cvae.py[line:176] - INFO: loss:1890.6092460751534, numeric_loss:328.80819388478994, categorical_loss:1051.5532559156418, kld_loss:1837.2773401737213, epoch_train_time:26.3489582054317
2022-06-30 10:01:30,447 - pytorch_cvae.py[line:169] - INFO: ----------------------------No.56 epoch----------------------------
2022-06-30 10:01:30,448 - pytorch_cvae.py[line:176] - INFO: loss:1909.046450316906, numeric_loss:328.7545533180237, categorical_loss:1136.83700299263, kld_loss:1525.7473716139793, epoch_train_time:26.512293975800276
2022-06-30 10:01:56,755 - pytorch_cvae.py[line:169] - INFO: ----------------------------No.57 epoch----------------------------
2022-06-30 10:01:56,755 - pytorch_cvae.py[line:176] - INFO: loss:1926.7838734984398, numeric_loss:328.6762202307582, categorical_loss:1209.4692910015583, kld_loss:1278.947566255927, epoch_train_time:26.30701196193695
2022-06-30 10:02:23,080 - pytorch_cvae.py[line:169] - INFO: ----------------------------No.58 epoch----------------------------
2022-06-30 10:02:23,080 - pytorch_cvae.py[line:176] - INFO: loss:1941.3833547234535, numeric_loss:328.62206257879734, categorical_loss:1289.4314576387405, kld_loss:1018.7345349192619, epoch_train_time:26.3250839561224
2022-06-30 10:02:49,576 - pytorch_cvae.py[line:169] - INFO: ----------------------------No.59 epoch----------------------------
2022-06-30 10:02:49,576 - pytorch_cvae.py[line:176] - INFO: loss:1951.5167843103409, numeric_loss:328.53530241549015, categorical_loss:1390.5402977764606, kld_loss:701.8928496614099, epoch_train_time:26.49568710103631
2022-06-30 10:03:15,984 - pytorch_cvae.py[line:169] - INFO: ----------------------------No.60 epoch----------------------------
2022-06-30 10:03:15,984 - pytorch_cvae.py[line:176] - INFO: loss:1955.469082415104, numeric_loss:328.5223663151264, categorical_loss:1516.4028258621693, kld_loss:320.2353559304029, epoch_train_time:26.408329401165247
2022-06-30 10:03:42,285 - pytorch_cvae.py[line:169] - INFO: ----------------------------No.61 epoch----------------------------
2022-06-30 10:03:42,285 - pytorch_cvae.py[line:176] - INFO: loss:1955.1860999464989, numeric_loss:328.48830380290747, categorical_loss:1607.17940813303, kld_loss:54.298711959505454, epoch_train_time:26.300524968653917
2022-06-30 10:04:08,783 - pytorch_cvae.py[line:169] - INFO: ----------------------------No.62 epoch----------------------------
2022-06-30 10:04:08,783 - pytorch_cvae.py[line:176] - INFO: loss:1954.029286980629, numeric_loss:328.47726964205503, categorical_loss:1623.7312680482864, kld_loss:4.869020041078329, epoch_train_time:26.497610099613667
2022-06-30 10:04:35,265 - pytorch_cvae.py[line:169] - INFO: ----------------------------No.63 epoch----------------------------
2022-06-30 10:04:35,265 - pytorch_cvae.py[line:176] - INFO: loss:1953.7671769857407, numeric_loss:328.45131842046976, categorical_loss:1624.4362643957138, kld_loss:2.2633480048389174, epoch_train_time:26.481695666909218
2022-06-30 10:05:01,560 - pytorch_cvae.py[line:169] - INFO: ----------------------------No.64 epoch----------------------------
2022-06-30 10:05:01,560 - pytorch_cvae.py[line:176] - INFO: loss:1953.6098800897598, numeric_loss:328.4102546647191, categorical_loss:1624.522727549076, kld_loss:1.6776754207967315, epoch_train_time:26.295241199433804
2022-06-30 10:05:27,860 - pytorch_cvae.py[line:169] - INFO: ----------------------------No.65 epoch----------------------------
2022-06-30 10:05:27,860 - pytorch_cvae.py[line:176] - INFO: loss:1953.5337991714478, numeric_loss:328.41601280122995, categorical_loss:1624.5550161004066, kld_loss:1.3448197382385843, epoch_train_time:26.299194894731045
2022-06-30 10:05:54,276 - pytorch_cvae.py[line:169] - INFO: ----------------------------No.66 epoch----------------------------
2022-06-30 10:05:54,276 - pytorch_cvae.py[line:176] - INFO: loss:1953.3969327807426, numeric_loss:328.41555066406727, categorical_loss:1624.4674139022827, kld_loss:1.1853551488311496, epoch_train_time:26.416256085038185
2022-06-30 10:06:20,700 - pytorch_cvae.py[line:169] - INFO: ----------------------------No.67 epoch----------------------------
2022-06-30 10:06:20,700 - pytorch_cvae.py[line:176] - INFO: loss:1953.3751246333122, numeric_loss:328.40664254128933, categorical_loss:1624.5571201443672, kld_loss:0.9165521920658648, epoch_train_time:26.423385970294476
2022-06-30 10:06:47,209 - pytorch_cvae.py[line:169] - INFO: ----------------------------No.68 epoch----------------------------
2022-06-30 10:06:47,209 - pytorch_cvae.py[line:176] - INFO: loss:1953.2351124882698, numeric_loss:328.3679875805974, categorical_loss:1624.5146192014217, kld_loss:0.759536759564071, epoch_train_time:26.508938647806644
2022-06-30 10:07:13,492 - pytorch_cvae.py[line:169] - INFO: ----------------------------No.69 epoch----------------------------
2022-06-30 10:07:13,492 - pytorch_cvae.py[line:176] - INFO: loss:1953.1579384207726, numeric_loss:328.3675201907754, categorical_loss:1624.4754182994366, kld_loss:0.6570190428901697, epoch_train_time:26.282943479716778
2022-06-30 10:07:39,863 - pytorch_cvae.py[line:169] - INFO: ----------------------------No.70 epoch----------------------------
2022-06-30 10:07:39,863 - pytorch_cvae.py[line:176] - INFO: loss:1953.0461661219597, numeric_loss:328.3609434515238, categorical_loss:1624.412110209465, kld_loss:0.5519862228975398, epoch_train_time:26.37123266607523
2022-06-30 10:08:06,299 - pytorch_cvae.py[line:169] - INFO: ----------------------------No.71 epoch----------------------------
2022-06-30 10:08:06,299 - pytorch_cvae.py[line:176] - INFO: loss:1953.0172551870346, numeric_loss:328.3487711176276, categorical_loss:1624.4702213406563, kld_loss:0.38867804463370703, epoch_train_time:26.43513546139002
2022-06-30 10:08:32,739 - pytorch_cvae.py[line:169] - INFO: ----------------------------No.72 epoch----------------------------
2022-06-30 10:08:32,739 - pytorch_cvae.py[line:176] - INFO: loss:1952.8652468323708, numeric_loss:328.3372710123658, categorical_loss:1624.3641875684261, kld_loss:0.31175696730497293, epoch_train_time:26.43982758745551
2022-06-30 10:08:59,148 - pytorch_cvae.py[line:169] - INFO: ----------------------------No.73 epoch----------------------------
2022-06-30 10:08:59,148 - pytorch_cvae.py[line:176] - INFO: loss:1952.7278307080269, numeric_loss:328.2920752763748, categorical_loss:1624.2793008983135, kld_loss:0.2894284481444629, epoch_train_time:26.40873198583722
2022-06-30 10:09:25,578 - pytorch_cvae.py[line:169] - INFO: ----------------------------No.74 epoch----------------------------
2022-06-30 10:09:25,578 - pytorch_cvae.py[line:176] - INFO: loss:1952.6509380936623, numeric_loss:328.2798733264208, categorical_loss:1624.2508548498154, kld_loss:0.21635123453233973, epoch_train_time:26.430292408913374
2022-06-30 10:09:52,043 - pytorch_cvae.py[line:169] - INFO: ----------------------------No.75 epoch----------------------------
2022-06-30 10:09:52,043 - pytorch_cvae.py[line:176] - INFO: loss:1952.5846391320229, numeric_loss:328.27360923588276, categorical_loss:1624.2020281553268, kld_loss:0.1910404971386015, epoch_train_time:26.46479805186391
2022-06-30 10:10:18,479 - pytorch_cvae.py[line:169] - INFO: ----------------------------No.76 epoch----------------------------
2022-06-30 10:10:18,479 - pytorch_cvae.py[line:176] - INFO: loss:1952.522713124752, numeric_loss:328.2569729089737, categorical_loss:1624.1917757987976, kld_loss:0.12637414558048476, epoch_train_time:26.43569453805685
2022-06-30 10:10:44,991 - pytorch_cvae.py[line:169] - INFO: ----------------------------No.77 epoch----------------------------
2022-06-30 10:10:44,991 - pytorch_cvae.py[line:176] - INFO: loss:1952.4622357487679, numeric_loss:328.23394425213337, categorical_loss:1624.1675544083118, kld_loss:0.10126360873073281, epoch_train_time:26.511495739221573
2022-06-30 10:11:11,389 - pytorch_cvae.py[line:169] - INFO: ----------------------------No.78 epoch----------------------------
2022-06-30 10:11:11,389 - pytorch_cvae.py[line:176] - INFO: loss:1952.437823832035, numeric_loss:328.23543363809586, categorical_loss:1624.1513268947601, kld_loss:0.08315485311140947, epoch_train_time:26.39808314666152
2022-06-30 10:11:37,840 - pytorch_cvae.py[line:169] - INFO: ----------------------------No.79 epoch----------------------------
2022-06-30 10:11:37,841 - pytorch_cvae.py[line:176] - INFO: loss:1952.4016035795212, numeric_loss:328.2278262451291, categorical_loss:1624.1269630789757, kld_loss:0.07454139746914734, epoch_train_time:26.451315887272358
2022-06-30 10:12:04,287 - pytorch_cvae.py[line:169] - INFO: ----------------------------No.80 epoch----------------------------
2022-06-30 10:12:04,287 - pytorch_cvae.py[line:176] - INFO: loss:1952.396113395691, numeric_loss:328.2236928641796, categorical_loss:1624.1283188164234, kld_loss:0.0687287654782267, epoch_train_time:26.44582738727331
2022-06-30 10:12:30,596 - pytorch_cvae.py[line:169] - INFO: ----------------------------No.81 epoch----------------------------
2022-06-30 10:12:30,596 - pytorch_cvae.py[line:176] - INFO: loss:1952.3890735507011, numeric_loss:328.21654000878334, categorical_loss:1624.1325800716877, kld_loss:0.06100378207884205, epoch_train_time:26.309582352638245
2022-06-30 10:12:56,998 - pytorch_cvae.py[line:169] - INFO: ----------------------------No.82 epoch----------------------------
2022-06-30 10:12:56,998 - pytorch_cvae.py[line:176] - INFO: loss:1952.381398677826, numeric_loss:328.2197898104787, categorical_loss:1624.1253607869148, kld_loss:0.05427273685381806, epoch_train_time:26.40167561545968
2022-06-30 10:13:23,506 - pytorch_cvae.py[line:169] - INFO: ----------------------------No.83 epoch----------------------------
2022-06-30 10:13:23,506 - pytorch_cvae.py[line:176] - INFO: loss:1952.372175693512, numeric_loss:328.22208248078823, categorical_loss:1624.1125650703907, kld_loss:0.055159596212433826, epoch_train_time:26.507332511246204
2022-06-30 10:13:50,000 - pytorch_cvae.py[line:169] - INFO: ----------------------------No.84 epoch----------------------------
2022-06-30 10:13:50,001 - pytorch_cvae.py[line:176] - INFO: loss:1952.3588367700577, numeric_loss:328.20936085283756, categorical_loss:1624.118537157774, kld_loss:0.044687438565233606, epoch_train_time:26.494481522589922
2022-06-30 10:14:16,496 - pytorch_cvae.py[line:169] - INFO: ----------------------------No.85 epoch----------------------------
2022-06-30 10:14:16,496 - pytorch_cvae.py[line:176] - INFO: loss:1952.3544734716415, numeric_loss:328.2217474281788, categorical_loss:1624.1007696986198, kld_loss:0.045396412584523205, epoch_train_time:26.49560609087348
2022-06-30 10:14:42,854 - pytorch_cvae.py[line:169] - INFO: ----------------------------No.86 epoch----------------------------
2022-06-30 10:14:42,854 - pytorch_cvae.py[line:176] - INFO: loss:1952.3338770270348, numeric_loss:328.2041150406003, categorical_loss:1624.101124972105, kld_loss:0.04006195504598509, epoch_train_time:26.35756888985634
2022-06-30 10:15:09,173 - pytorch_cvae.py[line:169] - INFO: ----------------------------No.87 epoch----------------------------
2022-06-30 10:15:09,173 - pytorch_cvae.py[line:176] - INFO: loss:1952.3202096223831, numeric_loss:328.2023486942053, categorical_loss:1624.0900481939316, kld_loss:0.03834642347555928, epoch_train_time:26.318436577916145
2022-06-30 10:15:35,681 - pytorch_cvae.py[line:169] - INFO: ----------------------------No.88 epoch----------------------------
2022-06-30 10:15:35,682 - pytorch_cvae.py[line:176] - INFO: loss:1952.313985824585, numeric_loss:328.20974311977625, categorical_loss:1624.0787773430347, kld_loss:0.034637634399587114, epoch_train_time:26.508713744580746
2022-06-30 10:16:02,040 - pytorch_cvae.py[line:169] - INFO: ----------------------------No.89 epoch----------------------------
2022-06-30 10:16:02,040 - pytorch_cvae.py[line:176] - INFO: loss:1952.2902263998985, numeric_loss:328.1974267959595, categorical_loss:1624.0719183683395, kld_loss:0.02805236501080799, epoch_train_time:26.357844926416874
2022-06-30 10:16:28,570 - pytorch_cvae.py[line:169] - INFO: ----------------------------No.90 epoch----------------------------
2022-06-30 10:16:28,570 - pytorch_cvae.py[line:176] - INFO: loss:1952.2801855802536, numeric_loss:328.2000697925687, categorical_loss:1624.0562644898891, kld_loss:0.03167469897198316, epoch_train_time:26.53051945567131
2022-06-30 10:16:55,152 - pytorch_cvae.py[line:169] - INFO: ----------------------------No.91 epoch----------------------------
2022-06-30 10:16:55,152 - pytorch_cvae.py[line:176] - INFO: loss:1952.2887823581696, numeric_loss:328.20373031497, categorical_loss:1624.0610757172108, kld_loss:0.031505650718372635, epoch_train_time:26.581594113260508
2022-06-30 10:17:21,606 - pytorch_cvae.py[line:169] - INFO: ----------------------------No.92 epoch----------------------------
2022-06-30 10:17:21,606 - pytorch_cvae.py[line:176] - INFO: loss:1952.2581553459167, numeric_loss:328.1951463967562, categorical_loss:1624.0418228805065, kld_loss:0.027578938097121863, epoch_train_time:26.454009871929884
2022-06-30 10:17:48,024 - pytorch_cvae.py[line:169] - INFO: ----------------------------No.93 epoch----------------------------
2022-06-30 10:17:48,024 - pytorch_cvae.py[line:176] - INFO: loss:1952.2548548579216, numeric_loss:328.19710467010736, categorical_loss:1624.039250433445, kld_loss:0.023878035971847567, epoch_train_time:26.417588144540787
2022-06-30 10:18:14,442 - pytorch_cvae.py[line:169] - INFO: ----------------------------No.94 epoch----------------------------
2022-06-30 10:18:14,443 - pytorch_cvae.py[line:176] - INFO: loss:1952.254073023796, numeric_loss:328.19677885621786, categorical_loss:1624.0396555960178, kld_loss:0.022595744449290578, epoch_train_time:26.418304700404406
2022-06-30 10:18:40,871 - pytorch_cvae.py[line:169] - INFO: ----------------------------No.95 epoch----------------------------
2022-06-30 10:18:40,871 - pytorch_cvae.py[line:176] - INFO: loss:1952.243849992752, numeric_loss:328.19515316188335, categorical_loss:1624.0330326855183, kld_loss:0.019933823907422266, epoch_train_time:26.427872464060783
2022-06-30 10:19:07,299 - pytorch_cvae.py[line:169] - INFO: ----------------------------No.96 epoch----------------------------
2022-06-30 10:19:07,299 - pytorch_cvae.py[line:176] - INFO: loss:1952.2389379739761, numeric_loss:328.1886802241206, categorical_loss:1624.033121585846, kld_loss:0.021691929597182025, epoch_train_time:26.4280812330544
2022-06-30 10:19:33,614 - pytorch_cvae.py[line:169] - INFO: ----------------------------No.97 epoch----------------------------
2022-06-30 10:19:33,615 - pytorch_cvae.py[line:176] - INFO: loss:1952.2636724114418, numeric_loss:328.2015825510025, categorical_loss:1624.0437884032726, kld_loss:0.023059534782987612, epoch_train_time:26.31539122387767
2022-06-30 10:20:00,081 - pytorch_cvae.py[line:169] - INFO: ----------------------------No.98 epoch----------------------------
2022-06-30 10:20:00,081 - pytorch_cvae.py[line:176] - INFO: loss:1952.2661962509155, numeric_loss:328.2067166492343, categorical_loss:1624.0394566357136, kld_loss:0.025140185468444542, epoch_train_time:26.466016363352537
2022-06-30 10:20:26,382 - pytorch_cvae.py[line:169] - INFO: ----------------------------No.99 epoch----------------------------
2022-06-30 10:20:26,382 - pytorch_cvae.py[line:176] - INFO: loss:1952.2465555667877, numeric_loss:328.19924262166023, categorical_loss:1624.0291493833065, kld_loss:0.022751275568680285, epoch_train_time:26.300970304757357
2022-06-30 10:20:52,865 - pytorch_cvae.py[line:169] - INFO: ----------------------------No.100 epoch----------------------------
2022-06-30 10:20:52,865 - pytorch_cvae.py[line:176] - INFO: loss:1952.2363503575325, numeric_loss:328.1940969452262, categorical_loss:1624.0268216729164, kld_loss:0.01930003859297358, epoch_train_time:26.483100961893797
2022-06-30 10:21:19,460 - pytorch_cvae.py[line:169] - INFO: ----------------------------No.101 epoch----------------------------
2022-06-30 10:21:19,460 - pytorch_cvae.py[line:176] - INFO: loss:1952.2397572398186, numeric_loss:328.190677754581, categorical_loss:1624.032589763403, kld_loss:0.020609448109780715, epoch_train_time:26.594659246504307
2022-06-30 10:21:46,025 - pytorch_cvae.py[line:169] - INFO: ----------------------------No.102 epoch----------------------------
2022-06-30 10:21:46,025 - pytorch_cvae.py[line:176] - INFO: loss:1952.2521094083786, numeric_loss:328.20243925601244, categorical_loss:1624.0308391451836, kld_loss:0.023537296220638382, epoch_train_time:26.56471422314644
2022-06-30 10:22:12,487 - pytorch_cvae.py[line:169] - INFO: ----------------------------No.103 epoch----------------------------
2022-06-30 10:22:12,487 - pytorch_cvae.py[line:176] - INFO: loss:1952.2392219901085, numeric_loss:328.18998192995787, categorical_loss:1624.035252660513, kld_loss:0.017485253358699993, epoch_train_time:26.462032977491617
2022-06-30 10:22:38,877 - pytorch_cvae.py[line:169] - INFO: ----------------------------No.104 epoch----------------------------
2022-06-30 10:22:38,877 - pytorch_cvae.py[line:176] - INFO: loss:1952.2420190572739, numeric_loss:328.19883120805025, categorical_loss:1624.0264580249786, kld_loss:0.02091149826947003, epoch_train_time:26.38965129852295
2022-06-30 10:23:05,402 - pytorch_cvae.py[line:169] - INFO: ----------------------------No.105 epoch----------------------------
2022-06-30 10:23:05,402 - pytorch_cvae.py[line:176] - INFO: loss:1952.2369622588158, numeric_loss:328.18766003102064, categorical_loss:1624.0348374843597, kld_loss:0.018080859321116804, epoch_train_time:26.52462760359049
2022-06-30 10:23:31,837 - pytorch_cvae.py[line:169] - INFO: ----------------------------No.106 epoch----------------------------
2022-06-30 10:23:31,837 - pytorch_cvae.py[line:176] - INFO: loss:1952.244713306427, numeric_loss:328.20532274246216, categorical_loss:1624.0211260914803, kld_loss:0.022830970586710464, epoch_train_time:26.435042645782232
2022-06-30 10:23:58,222 - pytorch_cvae.py[line:169] - INFO: ----------------------------No.107 epoch----------------------------
2022-06-30 10:23:58,222 - pytorch_cvae.py[line:176] - INFO: loss:1952.2306351661682, numeric_loss:328.193137653172, categorical_loss:1624.0213529467583, kld_loss:0.020181299487376236, epoch_train_time:26.384710118174553
2022-06-30 10:24:24,554 - pytorch_cvae.py[line:169] - INFO: ----------------------------No.108 epoch----------------------------
2022-06-30 10:24:24,554 - pytorch_cvae.py[line:176] - INFO: loss:1952.2457070350647, numeric_loss:328.1913567483425, categorical_loss:1624.0367674827576, kld_loss:0.02197714153726338, epoch_train_time:26.33176350221038
2022-06-30 10:24:50,969 - pytorch_cvae.py[line:169] - INFO: ----------------------------No.109 epoch----------------------------
2022-06-30 10:24:50,970 - pytorch_cvae.py[line:176] - INFO: loss:1952.2338702082634, numeric_loss:328.19779951125383, categorical_loss:1624.0187080204487, kld_loss:0.0217014978293264, epoch_train_time:26.415249466896057
2022-06-30 10:25:17,487 - pytorch_cvae.py[line:169] - INFO: ----------------------------No.110 epoch----------------------------
2022-06-30 10:25:17,487 - pytorch_cvae.py[line:176] - INFO: loss:1952.2310810089111, numeric_loss:328.19078366458416, categorical_loss:1624.0218387246132, kld_loss:0.02307382749768294, epoch_train_time:26.517398457974195
2022-06-30 10:25:43,961 - pytorch_cvae.py[line:169] - INFO: ----------------------------No.111 epoch----------------------------
2022-06-30 10:25:43,961 - pytorch_cvae.py[line:176] - INFO: loss:1952.2478501796722, numeric_loss:328.201833806932, categorical_loss:1624.0300150811672, kld_loss:0.020002374474643148, epoch_train_time:26.474088553339243
2022-06-30 10:26:10,574 - pytorch_cvae.py[line:169] - INFO: ----------------------------No.112 epoch----------------------------
2022-06-30 10:26:10,574 - pytorch_cvae.py[line:176] - INFO: loss:1952.226448059082, numeric_loss:328.18795020878315, categorical_loss:1624.022655248642, kld_loss:0.019806924138265458, epoch_train_time:26.61223590746522
2022-06-30 10:26:37,104 - pytorch_cvae.py[line:169] - INFO: ----------------------------No.113 epoch----------------------------
2022-06-30 10:26:37,105 - pytorch_cvae.py[line:176] - INFO: loss:1952.2421071529388, numeric_loss:328.19641610980034, categorical_loss:1624.030197352171, kld_loss:0.019368896279047476, epoch_train_time:26.530466504395008
2022-06-30 10:27:03,401 - pytorch_cvae.py[line:169] - INFO: ----------------------------No.114 epoch----------------------------
2022-06-30 10:27:03,401 - pytorch_cvae.py[line:176] - INFO: loss:1952.245085477829, numeric_loss:328.2083507627249, categorical_loss:1624.019164711237, kld_loss:0.021961889872272877, epoch_train_time:26.29666605219245
2022-06-30 10:27:29,831 - pytorch_cvae.py[line:169] - INFO: ----------------------------No.115 epoch----------------------------
2022-06-30 10:27:29,831 - pytorch_cvae.py[line:176] - INFO: loss:1952.224633216858, numeric_loss:328.189910069108, categorical_loss:1624.0202598571777, kld_loss:0.0180821774620199, epoch_train_time:26.429804526269436
2022-06-30 10:27:56,362 - pytorch_cvae.py[line:169] - INFO: ----------------------------No.116 epoch----------------------------
2022-06-30 10:27:56,362 - pytorch_cvae.py[line:176] - INFO: loss:1952.2590285539627, numeric_loss:328.2080562710762, categorical_loss:1624.0314401090145, kld_loss:0.0244153846097106, epoch_train_time:26.53018592298031
2022-06-30 10:28:22,820 - pytorch_cvae.py[line:169] - INFO: ----------------------------No.117 epoch----------------------------
2022-06-30 10:28:22,820 - pytorch_cvae.py[line:176] - INFO: loss:1952.2207668423653, numeric_loss:328.1888347193599, categorical_loss:1624.0163961946964, kld_loss:0.01942107282275174, epoch_train_time:26.45823774114251
2022-06-30 10:28:49,391 - pytorch_cvae.py[line:169] - INFO: ----------------------------No.118 epoch----------------------------
2022-06-30 10:28:49,391 - pytorch_cvae.py[line:176] - INFO: loss:1952.2427308559418, numeric_loss:328.20223131775856, categorical_loss:1624.023199647665, kld_loss:0.02162825950563274, epoch_train_time:26.57065834850073
2022-06-30 10:29:15,510 - pytorch_cvae.py[line:169] - INFO: ----------------------------No.119 epoch----------------------------
2022-06-30 10:29:15,511 - pytorch_cvae.py[line:176] - INFO: loss:1952.2262607812881, numeric_loss:328.19554106891155, categorical_loss:1624.0156581103802, kld_loss:0.018827170190888864, epoch_train_time:26.119255632162094
2022-06-30 10:29:42,147 - pytorch_cvae.py[line:169] - INFO: ----------------------------No.120 epoch----------------------------
2022-06-30 10:29:42,148 - pytorch_cvae.py[line:176] - INFO: loss:1952.2337762117386, numeric_loss:328.1980009302497, categorical_loss:1624.0218590795994, kld_loss:0.01739373259988497, epoch_train_time:26.636722173541784
2022-06-30 10:30:08,501 - pytorch_cvae.py[line:169] - INFO: ----------------------------No.121 epoch----------------------------
2022-06-30 10:30:08,501 - pytorch_cvae.py[line:176] - INFO: loss:1952.2341849207878, numeric_loss:328.1945683211088, categorical_loss:1624.024769604206, kld_loss:0.018558610407126253, epoch_train_time:26.353580445051193
2022-06-30 10:30:34,832 - pytorch_cvae.py[line:169] - INFO: ----------------------------No.122 epoch----------------------------
2022-06-30 10:30:34,832 - pytorch_cvae.py[line:176] - INFO: loss:1952.2269607186317, numeric_loss:328.1927404925227, categorical_loss:1624.0208120942116, kld_loss:0.016758986964305223, epoch_train_time:26.330535374581814
2022-06-30 10:31:01,336 - pytorch_cvae.py[line:169] - INFO: ----------------------------No.123 epoch----------------------------
2022-06-30 10:31:01,336 - pytorch_cvae.py[line:176] - INFO: loss:1952.2428969144821, numeric_loss:328.20047771930695, categorical_loss:1624.0256351828575, kld_loss:0.020977504032998695, epoch_train_time:26.503991782665253
2022-06-30 10:31:27,828 - pytorch_cvae.py[line:169] - INFO: ----------------------------No.124 epoch----------------------------
2022-06-30 10:31:27,828 - pytorch_cvae.py[line:176] - INFO: loss:1952.236927986145, numeric_loss:328.2043323069811, categorical_loss:1624.0155009627342, kld_loss:0.021369075297570816, epoch_train_time:26.491842959076166
2022-06-30 10:31:54,172 - pytorch_cvae.py[line:169] - INFO: ----------------------------No.125 epoch----------------------------
2022-06-30 10:31:54,172 - pytorch_cvae.py[line:176] - INFO: loss:1952.23596149683, numeric_loss:328.1904394850135, categorical_loss:1624.0304626822472, kld_loss:0.018823809442437778, epoch_train_time:26.34339401125908
2022-06-30 10:32:20,640 - pytorch_cvae.py[line:169] - INFO: ----------------------------No.126 epoch----------------------------
2022-06-30 10:32:20,640 - pytorch_cvae.py[line:176] - INFO: loss:1952.2405424714088, numeric_loss:328.19933923333883, categorical_loss:1624.019570171833, kld_loss:0.02703949559463581, epoch_train_time:26.468251660466194
2022-06-30 10:32:46,940 - pytorch_cvae.py[line:169] - INFO: ----------------------------No.127 epoch----------------------------
2022-06-30 10:32:46,940 - pytorch_cvae.py[line:176] - INFO: loss:1952.2322073578835, numeric_loss:328.19328836351633, categorical_loss:1624.0227890312672, kld_loss:0.02016291933341563, epoch_train_time:26.299299329519272
2022-06-30 10:33:13,210 - pytorch_cvae.py[line:169] - INFO: ----------------------------No.128 epoch----------------------------
2022-06-30 10:33:13,211 - pytorch_cvae.py[line:176] - INFO: loss:1952.2474970817566, numeric_loss:328.2058321982622, categorical_loss:1624.0232667922974, kld_loss:0.02299692803103426, epoch_train_time:26.270597103983164
2022-06-30 10:33:39,525 - pytorch_cvae.py[line:169] - INFO: ----------------------------No.129 epoch----------------------------
2022-06-30 10:33:39,525 - pytorch_cvae.py[line:176] - INFO: loss:1952.2421130537987, numeric_loss:328.2014730274677, categorical_loss:1624.0236639082432, kld_loss:0.02122148605349139, epoch_train_time:26.314430713653564
2022-06-30 10:34:05,933 - pytorch_cvae.py[line:169] - INFO: ----------------------------No.130 epoch----------------------------
2022-06-30 10:34:05,933 - pytorch_cvae.py[line:176] - INFO: loss:1952.2599185705185, numeric_loss:328.21335930377245, categorical_loss:1624.0307722985744, kld_loss:0.019731865376343194, epoch_train_time:26.407463923096657
2022-06-30 10:34:32,386 - pytorch_cvae.py[line:169] - INFO: ----------------------------No.131 epoch----------------------------
2022-06-30 10:34:32,386 - pytorch_cvae.py[line:176] - INFO: loss:1952.2130399942398, numeric_loss:328.1848081871867, categorical_loss:1624.0144871473312, kld_loss:0.017179589619445323, epoch_train_time:26.452721070498228
2022-06-30 10:34:58,803 - pytorch_cvae.py[line:169] - INFO: ----------------------------No.132 epoch----------------------------
2022-06-30 10:34:58,803 - pytorch_cvae.py[line:176] - INFO: loss:1952.2186089754105, numeric_loss:328.1929110959172, categorical_loss:1624.0085508525372, kld_loss:0.02143532473837695, epoch_train_time:26.41748983040452
2022-06-30 10:35:25,003 - pytorch_cvae.py[line:169] - INFO: ----------------------------No.133 epoch----------------------------
2022-06-30 10:35:25,004 - pytorch_cvae.py[line:176] - INFO: loss:1952.236444592476, numeric_loss:328.19138011336327, categorical_loss:1624.0277719199657, kld_loss:0.021614980777940218, epoch_train_time:26.1998699195683
2022-06-30 10:35:51,309 - pytorch_cvae.py[line:169] - INFO: ----------------------------No.134 epoch----------------------------
2022-06-30 10:35:51,309 - pytorch_cvae.py[line:176] - INFO: loss:1952.2327805161476, numeric_loss:328.1964250430465, categorical_loss:1624.0210567116737, kld_loss:0.01912153454259169, epoch_train_time:26.30548257753253
2022-06-30 10:36:17,726 - pytorch_cvae.py[line:169] - INFO: ----------------------------No.135 epoch----------------------------
2022-06-30 10:36:17,726 - pytorch_cvae.py[line:176] - INFO: loss:1952.225201189518, numeric_loss:328.1941985040903, categorical_loss:1624.0168153941631, kld_loss:0.01773301406910832, epoch_train_time:26.416300054639578
2022-06-30 10:36:44,180 - pytorch_cvae.py[line:169] - INFO: ----------------------------No.136 epoch----------------------------
2022-06-30 10:36:44,180 - pytorch_cvae.py[line:176] - INFO: loss:1952.2291741371155, numeric_loss:328.1953493952751, categorical_loss:1624.018678843975, kld_loss:0.018932265688818006, epoch_train_time:26.454023774713278
2022-06-30 10:37:10,593 - pytorch_cvae.py[line:169] - INFO: ----------------------------No.137 epoch----------------------------
2022-06-30 10:37:10,594 - pytorch_cvae.py[line:176] - INFO: loss:1952.2396386265755, numeric_loss:328.1906928047538, categorical_loss:1624.0327925384045, kld_loss:0.020190997390727716, epoch_train_time:26.41345687955618
2022-06-30 10:37:36,965 - pytorch_cvae.py[line:169] - INFO: ----------------------------No.138 epoch----------------------------
2022-06-30 10:37:36,965 - pytorch_cvae.py[line:176] - INFO: loss:1952.240888118744, numeric_loss:328.19698483496904, categorical_loss:1624.0291278660297, kld_loss:0.018470755300313613, epoch_train_time:26.371110048145056
2022-06-30 10:38:03,392 - pytorch_cvae.py[line:169] - INFO: ----------------------------No.139 epoch----------------------------
2022-06-30 10:38:03,392 - pytorch_cvae.py[line:176] - INFO: loss:1952.2274188399315, numeric_loss:328.19962222874165, categorical_loss:1624.0127244591713, kld_loss:0.018841159521798545, epoch_train_time:26.42673070728779
2022-06-30 10:38:29,815 - pytorch_cvae.py[line:169] - INFO: ----------------------------No.140 epoch----------------------------
2022-06-30 10:38:29,815 - pytorch_cvae.py[line:176] - INFO: loss:1952.2449086904526, numeric_loss:328.20761811733246, categorical_loss:1624.0207949578762, kld_loss:0.02061727566888294, epoch_train_time:26.42315213754773
2022-06-30 10:38:56,204 - pytorch_cvae.py[line:169] - INFO: ----------------------------No.141 epoch----------------------------
2022-06-30 10:38:56,204 - pytorch_cvae.py[line:176] - INFO: loss:1952.2171467542648, numeric_loss:328.1922477707267, categorical_loss:1624.0118061304092, kld_loss:0.01636813096865808, epoch_train_time:26.388340305536985
2022-06-30 10:39:22,627 - pytorch_cvae.py[line:169] - INFO: ----------------------------No.142 epoch----------------------------
2022-06-30 10:39:22,627 - pytorch_cvae.py[line:176] - INFO: loss:1952.2324704527855, numeric_loss:328.194840028882, categorical_loss:1624.0240678191185, kld_loss:0.016953213450960902, epoch_train_time:26.42311730608344
2022-06-30 10:39:49,029 - pytorch_cvae.py[line:169] - INFO: ----------------------------No.143 epoch----------------------------
2022-06-30 10:39:49,029 - pytorch_cvae.py[line:176] - INFO: loss:1952.2400531768799, numeric_loss:328.2011479586363, categorical_loss:1624.0208223462105, kld_loss:0.02260453497638082, epoch_train_time:26.40158925205469
2022-06-30 10:40:15,517 - pytorch_cvae.py[line:169] - INFO: ----------------------------No.144 epoch----------------------------
2022-06-30 10:40:15,517 - pytorch_cvae.py[line:176] - INFO: loss:1952.228227674961, numeric_loss:328.1906399205327, categorical_loss:1624.0229305624962, kld_loss:0.018320180797672947, epoch_train_time:26.488200694322586
2022-06-30 10:40:41,915 - pytorch_cvae.py[line:169] - INFO: ----------------------------No.145 epoch----------------------------
2022-06-30 10:40:41,916 - pytorch_cvae.py[line:176] - INFO: loss:1952.244504570961, numeric_loss:328.2071012854576, categorical_loss:1624.0224835574627, kld_loss:0.018653382023330778, epoch_train_time:26.39817826077342
2022-06-30 10:41:08,272 - pytorch_cvae.py[line:169] - INFO: ----------------------------No.146 epoch----------------------------
2022-06-30 10:41:08,272 - pytorch_cvae.py[line:176] - INFO: loss:1952.2171080112457, numeric_loss:328.1872067376971, categorical_loss:1624.014880090952, kld_loss:0.01877606324342196, epoch_train_time:26.356414075940847
2022-06-30 10:41:34,662 - pytorch_cvae.py[line:169] - INFO: ----------------------------No.147 epoch----------------------------
2022-06-30 10:41:34,662 - pytorch_cvae.py[line:176] - INFO: loss:1952.2273429632187, numeric_loss:328.19362537562847, categorical_loss:1624.0189548432827, kld_loss:0.018453307560321264, epoch_train_time:26.38972731679678
2022-06-30 10:42:01,176 - pytorch_cvae.py[line:169] - INFO: ----------------------------No.148 epoch----------------------------
2022-06-30 10:42:01,176 - pytorch_cvae.py[line:176] - INFO: loss:1952.2398467063904, numeric_loss:328.20018999278545, categorical_loss:1624.0242613554, kld_loss:0.01924067691243181, epoch_train_time:26.513790600001812
2022-06-30 10:42:27,584 - pytorch_cvae.py[line:169] - INFO: ----------------------------No.149 epoch----------------------------
2022-06-30 10:42:27,584 - pytorch_cvae.py[line:176] - INFO: loss:1952.2399536967278, numeric_loss:328.21043368428946, categorical_loss:1624.0143171846867, kld_loss:0.01900214737815986, epoch_train_time:26.407908249646425
2022-06-30 10:42:53,581 - pytorch_cvae.py[line:169] - INFO: ----------------------------No.150 epoch----------------------------
2022-06-30 10:42:53,581 - pytorch_cvae.py[line:176] - INFO: loss:1952.2207825183868, numeric_loss:328.1882400214672, categorical_loss:1624.0172318220139, kld_loss:0.01913560254706681, epoch_train_time:25.996568769216537
2022-06-30 10:42:53,581 - pytorch_cvae.py[line:185] - INFO: training time elapsed:3964.798380419612
2022-06-30 10:42:53,582 - model_utils.py[line:67] - INFO: save model successfully
2022-06-30 10:42:55,206 - pytorch_cvae.py[line:263] - INFO: train model time elapsed:3971.327900785953
2022-06-30 10:42:55,206 - dataset_utils.py[line:566] - INFO: load existing dataset(light):tpcds-06667g-store_s_store_sk#s_store_name__s_store_sk#s_store_name_binary_gaussian5_0
2022-06-30 10:42:55,208 - dataset_utils.py[line:575] - INFO: load dataset(light) time elapsed:0.001817077398300171
2022-06-30 10:42:55,208 - pytorch_cvae.py[line:275] - INFO: feature info:[('s_store_sk', 'categorical', 5), ('s_store_name', 'categorical', 4)]
2022-06-30 10:42:55,209 - model_utils.py[line:75] - INFO: load model name:torch_cvae_tpcds-06667g-store_s_store_sk_s_store_name_ld100_id150_bs128_ep100_0_binary_gaussian5
2022-06-30 10:42:55,211 - model_utils.py[line:86] - INFO: load torch model time elapsed:0.0017819739878177643
2022-06-30 10:42:55,211 - pytorch_cvae.py[line:285] - INFO: load model time elapsed:0.004523869603872299
2022-06-30 10:42:55,211 - main.py[line:395] - INFO: multi_sampling No.0 epoch
2022-06-30 10:42:55,259 - pytorch_cvae.py[line:398] - INFO: sampling time:0.047068092972040176
2022-06-30 10:42:55,307 - dataset_utils.py[line:547] - INFO: load existing dataset:tpcds-06667g-store_s_store_sk#s_store_name__s_store_sk#s_store_name_binary_gaussian5_0
2022-06-30 10:42:55,309 - dataset_utils.py[line:559] - INFO: load dataset time elapsed:0.002205256372690201
2022-06-30 10:42:55,561 - main.py[line:379] - INFO: sample and aggregation time elapsed:0.34949974343180656
2022-06-30 10:42:55,564 - main.py[line:412] - INFO: sample time:0.3533383868634701
2022-06-30 10:42:55,583 - main.py[line:99] - INFO: aqp result:
              sum(ss_wholesale_cost)  sum(ss_list_price)  sum(ss_sales_price)  \
s_store_name                                                                    
able         18046215.92             6185576.80          2996969.09             
anti         376223.00               4594.60             2670.61                
ation        13459050.00             398191.00           199451.00              
bar          13408500.00             401029.00           200190.00              
eing         14030589.00             420166.52           209944.29              
ese          14122350.00             422762.00           211625.00              
ought        155740186.78            208358648.72        103242692.75           

              sum(ss_ext_sales_price)  avg(ss_wholesale_cost)  \
s_store_name                                                    
able         148783528.98             5613.13                   
anti         166460.49                10168.19                  
ation        10109541.00              4841.38                   
bar          10208578.00              4761.54                   
eing         10601546.10              4754.52                   
ese          10713780.00              4753.40                   
ought        5155596228.18            13839.88                  

              avg(ss_list_price)  avg(ss_sales_price)  avg(ss_ext_sales_price)  
s_store_name                                                                    
able         1923.97             932.18               46277.93                  
anti         124.18              72.18                4498.93                   
ation        143.23              71.74                3636.53                   
bar          142.41              71.09                3625.21                   
eing         142.38              71.14                3592.53                   
ese          142.30              71.23                3606.12                   
ought        18515.83            9174.68              458153.05                 
2022-06-30 10:42:55,586 - main.py[line:100] - INFO: ground truth:
              avg(ss_wholesale_cost)  avg(ss_list_price)  avg(ss_sales_price)  \
s_store_name                                                                    
able         98.45                   75.94               38.00                  
anti         269.40                  74.69               38.14                  
ation        96.36                   75.74               37.85                  
bar          95.91                   75.64               37.85                  
eing         97.82                   75.75               37.90                  
ese          98.35                   75.70               37.85                  
ought        97.66                   75.82               37.87                  

              avg(ss_ext_sales_price)  sum(ss_wholesale_cost)  \
s_store_name                                                    
able         1925.38                   28565319                 
anti         1959.30                   460410                   
ation        1912.89                   27725536                 
bar          1909.74                   27732412                 
eing         1914.77                   28437418                 
ese          1909.39                   28429562                 
ought        1914.60                   28064526                 

              sum(ss_list_price)  sum(ss_sales_price)  sum(ss_ext_sales_price)  
s_store_name                                                                    
able          22034325            11025128             558653683                
anti          127641              65180                3348448                  
ation         21792322            10889516             550371779                
bar           21869134            10943724             552181140                
eing          22022072            11019210             556637230                
ese           21883448            10940132             551937222                
ought         21789535            10882302             550209422                
2022-06-30 10:42:55,596 - main.py[line:420] - INFO: relative error:
              avg(ss_ext_sales_price)  avg(ss_list_price)  \
s_store_name                                                
able         23.04                    24.34                 
anti         1.30                     0.66                  
ation        0.90                     0.89                  
bar          0.90                     0.88                  
eing         0.88                     0.88                  
ese          0.89                     0.88                  
ought        238.29                   243.20                

              avg(ss_sales_price)  avg(ss_wholesale_cost)  \
s_store_name                                                
able         23.53                56.02                     
anti         0.89                 36.74                     
ation        0.90                 49.24                     
bar          0.88                 48.64                     
eing         0.88                 47.60                     
ese          0.88                 47.33                     
ought        241.28               140.72                    

              sum(ss_ext_sales_price)  sum(ss_list_price)  \
s_store_name                                                
able         0.73                     0.72                  
anti         0.95                     0.96                  
ation        0.98                     0.98                  
bar          0.98                     0.98                  
eing         0.98                     0.98                  
ese          0.98                     0.98                  
ought        8.37                     8.56                  

              sum(ss_sales_price)  sum(ss_wholesale_cost)  
s_store_name                                               
able         0.73                 0.37                     
anti         0.96                 0.18                     
ation        0.98                 0.51                     
bar          0.98                 0.52                     
eing         0.98                 0.51                     
ese          0.98                 0.50                     
ought        8.49                 4.55                     
2022-06-30 10:42:55,598 - main.py[line:421] - INFO: relative error normalized:
              avg(ss_ext_sales_price)  avg(ss_list_price)  \
s_store_name                                                
able         1.00                     1.00                  
anti         0.73                     0.48                  
ation        0.59                     0.59                  
bar          0.59                     0.59                  
eing         0.58                     0.59                  
ese          0.59                     0.59                  
ought        1.00                     1.00                  

              avg(ss_sales_price)  avg(ss_wholesale_cost)  \
s_store_name                                                
able         1.00                 1.00                      
anti         0.59                 1.00                      
ation        0.59                 1.00                      
bar          0.58                 1.00                      
eing         0.58                 1.00                      
ese          0.59                 1.00                      
ought        1.00                 1.00                      

              sum(ss_ext_sales_price)  sum(ss_list_price)  \
s_store_name                                                
able         0.52                     0.51                  
anti         0.61                     0.62                  
ation        0.63                     0.63                  
bar          0.63                     0.63                  
eing         0.63                     0.63                  
ese          0.62                     0.62                  
ought        1.00                     1.00                  

              sum(ss_sales_price)  sum(ss_wholesale_cost)  
s_store_name                                               
able         0.52                 0.31                     
anti         0.62                 0.17                     
ation        0.63                 0.40                     
bar          0.63                 0.40                     
eing         0.63                 0.40                     
ese          0.62                 0.40                     
ought        1.00                 0.99                     
2022-06-30 10:42:55,598 - main.py[line:424] - INFO: relative error average: 22.907966137291034
2022-06-30 10:42:55,598 - main.py[line:425] - INFO: relative error normalized average: 0.6931375211382689
2022-06-30 10:42:55,599 - main.py[line:471] - INFO: total_time:3971.720884423703
feature_names: ['ss_store_sk_0', 'ss_store_sk_1', 'ss_store_sk_2', 'ss_store_sk_3', 'ss_store_sk_4']
feature_names: ['ss_store_sk_0', 'ss_store_sk_1', 'ss_store_sk_2', 'ss_store_sk_3', 'ss_store_sk_4']
categorical_columns: ['ss_store_sk_0', 'ss_store_sk_1', 'ss_store_sk_2', 'ss_store_sk_3', 'ss_store_sk_4']
