main.py:19: FutureWarning: Passing a negative integer is deprecated in version 1.0 and will not be supported in future version. Instead, use None to not limit the column width.
  pd.set_option('max_colwidth', -1)
2022-06-30 16:03:20,044 - main.py[line:481] - INFO: load query config config/query/sales_outlier_join_store.json successfully
2022-06-30 16:03:20,044 - main.py[line:488] - INFO: load train config ./config/train/tpcds_ssales_store_outlier_torch_cvae.json successfully
2022-06-30 16:03:20,045 - main.py[line:488] - INFO: load train config ./config/train/tpcds_store_torch_cvae.json successfully
2022-06-30 16:03:20,045 - pytorch_cvae.py[line:245] - INFO: epoch:100
2022-06-30 16:03:20,045 - pytorch_cvae.py[line:246] - INFO: batch size:512
2022-06-30 16:03:20,045 - pytorch_cvae.py[line:247] - INFO: latent dimension:100
2022-06-30 16:03:20,045 - pytorch_cvae.py[line:248] - INFO: intermediate dimension:100
2022-06-30 16:03:20,045 - pytorch_cvae.py[line:249] - INFO: gpu num:0
2022-06-30 16:03:20,054 - dataset_utils.py[line:296] - INFO: loading data:/home/lihan/train_dataset/tpcds_0.6667g/store_sales_only_outlier.csv
2022-06-30 16:03:22,177 - dataset_utils.py[line:278] - INFO: outlier_condition: ['ss_wholesale_cost>=990.0', 'ss_list_price>=1810.0', 'ss_sales_price>=1440.0', 'ss_ext_sales_price>=103560.0']
/home/lihan/table_cvae_aqp/utils/dataset_utils.py:281: SettingWithCopyWarning: 
A value is trying to be set on a copy of a slice from a DataFrame.
Try using .loc[row_indexer,col_indexer] = value instead

See the caveats in the documentation: https://pandas.pydata.org/pandas-docs/stable/user_guide/indexing.html#returning-a-view-versus-a-copy
  self.outliers[tt] = 1
2022-06-30 16:03:22,236 - dataset_utils.py[line:284] - INFO: filtered outlier:175 rows
2022-06-30 16:03:22,237 - dataset_utils.py[line:317] - INFO: data total rows:1747704
2022-06-30 16:03:22,237 - dataset_utils.py[line:349] - INFO: sample the training data sample rows:1747704
2022-06-30 16:03:22,237 - dataset_utils.py[line:353] - INFO: load data time elapsed:2.1829630844295025
2022-06-30 16:03:22,375 - dataset_utils.py[line:43] - INFO: encode categorical columns time elapsed:0.1381218284368515
/root/anaconda3/envs/py36/lib/python3.6/site-packages/sklearn/utils/validation.py:595: DataConversionWarning: Data with input dtype int64 was converted to float64 by MinMaxScaler.
  warnings.warn(msg, DataConversionWarning)
2022-06-30 16:03:22,429 - dataset_utils.py[line:56] - INFO: encode numeric columnstime elapsed:0.05396650359034538
2022-06-30 16:03:22,630 - dataset_utils.py[line:107] - INFO: data shape:(1747704, 8)
2022-06-30 16:03:22,630 - dataset_utils.py[line:136] - INFO: feature info:[('ss_wholesale_cost', 'numerical', 1), ('ss_list_price', 'numerical', 1), ('ss_sales_price', 'numerical', 1), ('ss_ext_sales_price', 'numerical', 1), ('ss_store_sk', 'categorical', 4)]
2022-06-30 16:03:22,630 - dataset_utils.py[line:137] - INFO: output info list:[(1, 'no'), (1, 'no'), (1, 'no'), (1, 'no'), (4, 'sigmoid')]
2022-06-30 16:03:24,715 - dataset_utils.py[line:140] - INFO: load data successfully
2022-06-30 16:03:24,715 - pytorch_cvae.py[line:254] - INFO: feature info:[('ss_wholesale_cost', 'numerical', 1), ('ss_list_price', 'numerical', 1), ('ss_sales_price', 'numerical', 1), ('ss_ext_sales_price', 'numerical', 1), ('ss_store_sk', 'categorical', 4)]
2022-06-30 16:03:52,053 - pytorch_cvae.py[line:169] - INFO: ----------------------------No.1 epoch----------------------------
2022-06-30 16:03:52,053 - pytorch_cvae.py[line:176] - INFO: loss:313.3649880439043, numeric_loss:82.08168003335595, categorical_loss:73.84308839036385, kld_loss:29207.74996471405, epoch_train_time:27.336313791573048
2022-06-30 16:04:19,085 - pytorch_cvae.py[line:169] - INFO: ----------------------------No.2 epoch----------------------------
2022-06-30 16:04:19,085 - pytorch_cvae.py[line:176] - INFO: loss:168.4134964980185, numeric_loss:42.088839205913246, categorical_loss:5.336807389379828, kld_loss:20319.447334766388, epoch_train_time:27.031792052090168
2022-06-30 16:04:45,959 - pytorch_cvae.py[line:169] - INFO: ----------------------------No.3 epoch----------------------------
2022-06-30 16:04:45,960 - pytorch_cvae.py[line:176] - INFO: loss:174.83683652058244, numeric_loss:40.26726000010967, categorical_loss:5.0287420415261295, kld_loss:19715.09166431427, epoch_train_time:26.87408471852541
2022-06-30 16:05:12,845 - pytorch_cvae.py[line:169] - INFO: ----------------------------No.4 epoch----------------------------
2022-06-30 16:05:12,845 - pytorch_cvae.py[line:176] - INFO: loss:185.56150084733963, numeric_loss:41.952517718076706, categorical_loss:5.321166009322042, kld_loss:19091.160315990448, epoch_train_time:26.88491579890251
2022-06-30 16:05:39,637 - pytorch_cvae.py[line:169] - INFO: ----------------------------No.5 epoch----------------------------
2022-06-30 16:05:39,637 - pytorch_cvae.py[line:176] - INFO: loss:198.1822250969708, numeric_loss:44.41702030971646, categorical_loss:5.815310836056597, kld_loss:18546.144784927368, epoch_train_time:26.792473521083593
2022-06-30 16:06:06,728 - pytorch_cvae.py[line:169] - INFO: ----------------------------No.6 epoch----------------------------
2022-06-30 16:06:06,728 - pytorch_cvae.py[line:176] - INFO: loss:212.1231797710061, numeric_loss:47.076116958633065, categorical_loss:6.382382568583125, kld_loss:18077.739188194275, epoch_train_time:27.090434949845076
2022-06-30 16:06:33,642 - pytorch_cvae.py[line:169] - INFO: ----------------------------No.7 epoch----------------------------
2022-06-30 16:06:33,642 - pytorch_cvae.py[line:176] - INFO: loss:227.33502535521984, numeric_loss:50.169955988414586, categorical_loss:7.051242289235233, kld_loss:17634.479912757874, epoch_train_time:26.913909159600735
2022-06-30 16:07:00,373 - pytorch_cvae.py[line:169] - INFO: ----------------------------No.8 epoch----------------------------
2022-06-30 16:07:00,373 - pytorch_cvae.py[line:176] - INFO: loss:243.46524439007044, numeric_loss:53.439547849819064, categorical_loss:7.695943553422694, kld_loss:17213.692868232727, epoch_train_time:26.73091769218445
2022-06-30 16:07:27,336 - pytorch_cvae.py[line:169] - INFO: ----------------------------No.9 epoch----------------------------
2022-06-30 16:07:27,336 - pytorch_cvae.py[line:176] - INFO: loss:260.48803329467773, numeric_loss:57.00970250554383, categorical_loss:8.469469826799468, kld_loss:16784.121796131134, epoch_train_time:26.962387796491385
2022-06-30 16:07:54,158 - pytorch_cvae.py[line:169] - INFO: ----------------------------No.10 epoch----------------------------
2022-06-30 16:07:54,158 - pytorch_cvae.py[line:176] - INFO: loss:278.8750006109476, numeric_loss:60.78004494123161, categorical_loss:9.474826658144593, kld_loss:16385.60688304901, epoch_train_time:26.8219870403409
2022-06-30 16:08:21,033 - pytorch_cvae.py[line:169] - INFO: ----------------------------No.11 epoch----------------------------
2022-06-30 16:08:21,033 - pytorch_cvae.py[line:176] - INFO: loss:298.6351233497262, numeric_loss:64.75487278588116, categorical_loss:10.586037320928881, kld_loss:16020.649873256683, epoch_train_time:26.874896962195635
2022-06-30 16:08:48,006 - pytorch_cvae.py[line:169] - INFO: ----------------------------No.12 epoch----------------------------
2022-06-30 16:08:48,006 - pytorch_cvae.py[line:176] - INFO: loss:318.99682305008173, numeric_loss:69.14388461411, categorical_loss:11.54742014184012, kld_loss:15633.902799606323, epoch_train_time:26.972572289407253
2022-06-30 16:09:15,035 - pytorch_cvae.py[line:169] - INFO: ----------------------------No.13 epoch----------------------------
2022-06-30 16:09:15,035 - pytorch_cvae.py[line:176] - INFO: loss:340.6570561155677, numeric_loss:73.69337849505246, categorical_loss:12.708737183595076, kld_loss:15267.49036359787, epoch_train_time:27.028780579566956
2022-06-30 16:09:41,856 - pytorch_cvae.py[line:169] - INFO: ----------------------------No.14 epoch----------------------------
2022-06-30 16:09:41,856 - pytorch_cvae.py[line:176] - INFO: loss:363.52002814412117, numeric_loss:78.08204690366983, categorical_loss:14.062042331235716, kld_loss:14930.310086727142, epoch_train_time:26.82102880626917
2022-06-30 16:10:08,799 - pytorch_cvae.py[line:169] - INFO: ----------------------------No.15 epoch----------------------------
2022-06-30 16:10:08,799 - pytorch_cvae.py[line:176] - INFO: loss:387.8479138016701, numeric_loss:82.63437753356993, categorical_loss:15.629187092737993, kld_loss:14611.880400180817, epoch_train_time:26.94310738891363
2022-06-30 16:10:35,611 - pytorch_cvae.py[line:169] - INFO: ----------------------------No.16 epoch----------------------------
2022-06-30 16:10:35,611 - pytorch_cvae.py[line:176] - INFO: loss:413.1578897163272, numeric_loss:87.48236923478544, categorical_loss:17.28340945992386, kld_loss:14285.718945026398, epoch_train_time:26.812108412384987
2022-06-30 16:11:02,628 - pytorch_cvae.py[line:169] - INFO: ----------------------------No.17 epoch----------------------------
2022-06-30 16:11:02,628 - pytorch_cvae.py[line:176] - INFO: loss:439.9213820025325, numeric_loss:92.81124698743224, categorical_loss:19.09113524638815, kld_loss:13963.682345867157, epoch_train_time:27.01602068543434
2022-06-30 16:11:29,425 - pytorch_cvae.py[line:169] - INFO: ----------------------------No.18 epoch----------------------------
2022-06-30 16:11:29,426 - pytorch_cvae.py[line:176] - INFO: loss:468.2247918844223, numeric_loss:98.32968747243285, categorical_loss:21.287611878768075, kld_loss:13651.302114009857, epoch_train_time:26.797747045755386
2022-06-30 16:11:56,295 - pytorch_cvae.py[line:169] - INFO: ----------------------------No.19 epoch----------------------------
2022-06-30 16:11:56,295 - pytorch_cvae.py[line:176] - INFO: loss:497.90274938941, numeric_loss:104.47569282911718, categorical_loss:23.585667090374045, kld_loss:13335.937800168991, epoch_train_time:26.86891135945916
2022-06-30 16:12:23,165 - pytorch_cvae.py[line:169] - INFO: ----------------------------No.20 epoch----------------------------
2022-06-30 16:12:23,165 - pytorch_cvae.py[line:176] - INFO: loss:529.0554729104042, numeric_loss:111.02136215753853, categorical_loss:26.114962310297415, kld_loss:13025.953837633133, epoch_train_time:26.870145093649626
2022-06-30 16:12:50,019 - pytorch_cvae.py[line:169] - INFO: ----------------------------No.21 epoch----------------------------
2022-06-30 16:12:50,019 - pytorch_cvae.py[line:176] - INFO: loss:561.1864453405142, numeric_loss:118.32637364044785, categorical_loss:28.590714508784004, kld_loss:12703.843887090683, epoch_train_time:26.853970121592283
2022-06-30 16:13:16,912 - pytorch_cvae.py[line:169] - INFO: ----------------------------No.22 epoch----------------------------
2022-06-30 16:13:16,912 - pytorch_cvae.py[line:176] - INFO: loss:595.0397464185953, numeric_loss:126.11570828780532, categorical_loss:31.618257590802386, kld_loss:12385.43149805069, epoch_train_time:26.89305157214403
2022-06-30 16:13:44,025 - pytorch_cvae.py[line:169] - INFO: ----------------------------No.23 epoch----------------------------
2022-06-30 16:13:44,025 - pytorch_cvae.py[line:176] - INFO: loss:630.550521582365, numeric_loss:134.37701016664505, categorical_loss:35.10964284860529, kld_loss:12072.436027526855, epoch_train_time:27.112121243029833
2022-06-30 16:14:10,953 - pytorch_cvae.py[line:169] - INFO: ----------------------------No.24 epoch----------------------------
2022-06-30 16:14:10,953 - pytorch_cvae.py[line:176] - INFO: loss:666.6002885103226, numeric_loss:143.38742501661181, categorical_loss:38.57237319438718, kld_loss:11743.450027227402, epoch_train_time:26.92815425992012
2022-06-30 16:14:38,022 - pytorch_cvae.py[line:169] - INFO: ----------------------------No.25 epoch----------------------------
2022-06-30 16:14:38,022 - pytorch_cvae.py[line:176] - INFO: loss:704.3979862034321, numeric_loss:152.20990571379662, categorical_loss:42.75468336720951, kld_loss:11435.098412513733, epoch_train_time:27.0683933198452
2022-06-30 16:15:05,002 - pytorch_cvae.py[line:169] - INFO: ----------------------------No.26 epoch----------------------------
2022-06-30 16:15:05,002 - pytorch_cvae.py[line:176] - INFO: loss:744.1831903606653, numeric_loss:160.23530297726393, categorical_loss:47.08135873125866, kld_loss:11174.537652254105, epoch_train_time:26.980174899101257
2022-06-30 16:15:31,932 - pytorch_cvae.py[line:169] - INFO: ----------------------------No.27 epoch----------------------------
2022-06-30 16:15:31,932 - pytorch_cvae.py[line:176] - INFO: loss:784.8517988622189, numeric_loss:166.6657588854432, categorical_loss:51.882156868930906, kld_loss:10941.020723819733, epoch_train_time:26.929583311080933
2022-06-30 16:15:58,942 - pytorch_cvae.py[line:169] - INFO: ----------------------------No.28 epoch----------------------------
2022-06-30 16:15:58,943 - pytorch_cvae.py[line:176] - INFO: loss:827.1807432472706, numeric_loss:173.2781838439405, categorical_loss:57.00777389248833, kld_loss:10714.834234952927, epoch_train_time:27.010554008185863
2022-06-30 16:16:25,753 - pytorch_cvae.py[line:169] - INFO: ----------------------------No.29 epoch----------------------------
2022-06-30 16:16:25,753 - pytorch_cvae.py[line:176] - INFO: loss:870.4432854056358, numeric_loss:177.4045553021133, categorical_loss:61.98108796635643, kld_loss:10535.868638277054, epoch_train_time:26.810110449790955
2022-06-30 16:16:52,691 - pytorch_cvae.py[line:169] - INFO: ----------------------------No.30 epoch----------------------------
2022-06-30 16:16:52,692 - pytorch_cvae.py[line:176] - INFO: loss:915.6698516905308, numeric_loss:182.25877279415727, categorical_loss:66.88913009595126, kld_loss:10360.0942466259, epoch_train_time:26.938558988273144
2022-06-30 16:17:19,588 - pytorch_cvae.py[line:169] - INFO: ----------------------------No.31 epoch----------------------------
2022-06-30 16:17:19,588 - pytorch_cvae.py[line:176] - INFO: loss:963.4364457726479, numeric_loss:190.6596354432404, categorical_loss:73.81244812440127, kld_loss:10124.802037000656, epoch_train_time:26.896716717630625
2022-06-30 16:17:46,418 - pytorch_cvae.py[line:169] - INFO: ----------------------------No.32 epoch----------------------------
2022-06-30 16:17:46,418 - pytorch_cvae.py[line:176] - INFO: loss:1013.2008984684944, numeric_loss:200.285644646734, categorical_loss:81.90447013173252, kld_loss:9878.063487768173, epoch_train_time:26.829401440918446
2022-06-30 16:18:13,211 - pytorch_cvae.py[line:169] - INFO: ----------------------------No.33 epoch----------------------------
2022-06-30 16:18:13,211 - pytorch_cvae.py[line:176] - INFO: loss:1064.4831328094006, numeric_loss:210.70378137379885, categorical_loss:90.74236888624728, kld_loss:9628.185214281082, epoch_train_time:26.79280862212181
2022-06-30 16:18:40,214 - pytorch_cvae.py[line:169] - INFO: ----------------------------No.34 epoch----------------------------
2022-06-30 16:18:40,214 - pytorch_cvae.py[line:176] - INFO: loss:1116.8050138056278, numeric_loss:221.51651710271835, categorical_loss:100.59636443760246, kld_loss:9373.092586278915, epoch_train_time:27.002968177199364
2022-06-30 16:19:07,102 - pytorch_cvae.py[line:169] - INFO: ----------------------------No.35 epoch----------------------------
2022-06-30 16:19:07,102 - pytorch_cvae.py[line:176] - INFO: loss:1170.8230644464493, numeric_loss:232.75392429158092, categorical_loss:111.56476405076683, kld_loss:9121.127810001373, epoch_train_time:26.887382064014673
2022-06-30 16:19:34,002 - pytorch_cvae.py[line:169] - INFO: ----------------------------No.36 epoch----------------------------
2022-06-30 16:19:34,002 - pytorch_cvae.py[line:176] - INFO: loss:1225.4810686409473, numeric_loss:244.1890996955335, categorical_loss:123.12737594358623, kld_loss:8870.08300614357, epoch_train_time:26.900389559566975
2022-06-30 16:20:00,731 - pytorch_cvae.py[line:169] - INFO: ----------------------------No.37 epoch----------------------------
2022-06-30 16:20:00,731 - pytorch_cvae.py[line:176] - INFO: loss:1282.228941977024, numeric_loss:255.95222602784634, categorical_loss:137.49012901633978, kld_loss:8612.76531624794, epoch_train_time:26.728074334561825
2022-06-30 16:20:27,703 - pytorch_cvae.py[line:169] - INFO: ----------------------------No.38 epoch----------------------------
2022-06-30 16:20:27,703 - pytorch_cvae.py[line:176] - INFO: loss:1339.4426267445087, numeric_loss:268.06204751878977, categorical_loss:152.03708722814918, kld_loss:8360.749368429184, epoch_train_time:26.97206239402294
2022-06-30 16:20:54,684 - pytorch_cvae.py[line:169] - INFO: ----------------------------No.39 epoch----------------------------
2022-06-30 16:20:54,684 - pytorch_cvae.py[line:176] - INFO: loss:1397.9202057421207, numeric_loss:280.60850313305855, categorical_loss:168.60655116662383, kld_loss:8105.041696548462, epoch_train_time:26.981148473918438
2022-06-30 16:21:21,550 - pytorch_cvae.py[line:169] - INFO: ----------------------------No.40 epoch----------------------------
2022-06-30 16:21:21,550 - pytorch_cvae.py[line:176] - INFO: loss:1457.140103816986, numeric_loss:293.8176953047514, categorical_loss:187.2216372601688, kld_loss:7841.687837600708, epoch_train_time:26.865498557686806
2022-06-30 16:21:48,498 - pytorch_cvae.py[line:169] - INFO: ----------------------------No.41 epoch----------------------------
2022-06-30 16:21:48,498 - pytorch_cvae.py[line:176] - INFO: loss:1516.93718791008, numeric_loss:307.6579076051712, categorical_loss:206.6854882054031, kld_loss:7581.674156665802, epoch_train_time:26.948276069015265
2022-06-30 16:22:15,430 - pytorch_cvae.py[line:169] - INFO: ----------------------------No.42 epoch----------------------------
2022-06-30 16:22:15,430 - pytorch_cvae.py[line:176] - INFO: loss:1577.5839750170708, numeric_loss:321.57916755229235, categorical_loss:228.8174163363874, kld_loss:7318.957999706268, epoch_train_time:26.931463468819857
2022-06-30 16:22:42,424 - pytorch_cvae.py[line:169] - INFO: ----------------------------No.43 epoch----------------------------
2022-06-30 16:22:42,424 - pytorch_cvae.py[line:176] - INFO: loss:1637.1520964205265, numeric_loss:336.58454489707947, categorical_loss:254.33295375853777, kld_loss:7031.08591234684, epoch_train_time:26.993738010525703
2022-06-30 16:23:09,267 - pytorch_cvae.py[line:169] - INFO: ----------------------------No.44 epoch----------------------------
2022-06-30 16:23:09,268 - pytorch_cvae.py[line:176] - INFO: loss:1698.259808510542, numeric_loss:351.87424905598164, categorical_loss:282.2575771473348, kld_loss:6751.73316681385, epoch_train_time:26.843464873731136
2022-06-30 16:23:36,352 - pytorch_cvae.py[line:169] - INFO: ----------------------------No.45 epoch----------------------------
2022-06-30 16:23:36,352 - pytorch_cvae.py[line:176] - INFO: loss:1758.559577435255, numeric_loss:368.5166360735893, categorical_loss:314.1881247460842, kld_loss:6451.154105782509, epoch_train_time:27.08375595510006
2022-06-30 16:24:03,280 - pytorch_cvae.py[line:169] - INFO: ----------------------------No.46 epoch----------------------------
2022-06-30 16:24:03,280 - pytorch_cvae.py[line:176] - INFO: loss:1819.329378247261, numeric_loss:385.75844621658325, categorical_loss:350.76283444464207, kld_loss:6142.312627196312, epoch_train_time:26.9282854385674
2022-06-30 16:24:30,070 - pytorch_cvae.py[line:169] - INFO: ----------------------------No.47 epoch----------------------------
2022-06-30 16:24:30,070 - pytorch_cvae.py[line:176] - INFO: loss:1877.6107576489449, numeric_loss:403.01696833223104, categorical_loss:392.8377012386918, kld_loss:5810.864153265953, epoch_train_time:26.789447519928217
2022-06-30 16:24:57,027 - pytorch_cvae.py[line:169] - INFO: ----------------------------No.48 epoch----------------------------
2022-06-30 16:24:57,027 - pytorch_cvae.py[line:176] - INFO: loss:1933.8645462989807, numeric_loss:422.0581227019429, categorical_loss:441.88210544735193, kld_loss:5447.906719684601, epoch_train_time:26.957216169685125
2022-06-30 16:25:24,065 - pytorch_cvae.py[line:169] - INFO: ----------------------------No.49 epoch----------------------------
2022-06-30 16:25:24,065 - pytorch_cvae.py[line:176] - INFO: loss:1990.6327847838402, numeric_loss:441.1484874486923, categorical_loss:502.5386961400509, kld_loss:5058.249618291855, epoch_train_time:27.03792230412364
2022-06-30 16:25:50,912 - pytorch_cvae.py[line:169] - INFO: ----------------------------No.50 epoch----------------------------
2022-06-30 16:25:50,912 - pytorch_cvae.py[line:176] - INFO: loss:2041.5307947993279, numeric_loss:460.44913762807846, categorical_loss:573.0602336674929, kld_loss:4625.7244465351105, epoch_train_time:26.846791692078114
2022-06-30 16:26:17,935 - pytorch_cvae.py[line:169] - INFO: ----------------------------No.51 epoch----------------------------
2022-06-30 16:26:17,935 - pytorch_cvae.py[line:176] - INFO: loss:2091.7019272446632, numeric_loss:482.8430569469929, categorical_loss:663.5925922691822, kld_loss:4124.129409313202, epoch_train_time:27.022178631275892
2022-06-30 16:26:44,960 - pytorch_cvae.py[line:169] - INFO: ----------------------------No.52 epoch----------------------------
2022-06-30 16:26:44,960 - pytorch_cvae.py[line:176] - INFO: loss:2135.7440655827522, numeric_loss:504.910494312644, categorical_loss:776.8765353411436, kld_loss:3545.818978369236, epoch_train_time:27.02555037662387
2022-06-30 16:27:12,051 - pytorch_cvae.py[line:169] - INFO: ----------------------------No.53 epoch----------------------------
2022-06-30 16:27:12,051 - pytorch_cvae.py[line:176] - INFO: loss:2171.1363683342934, numeric_loss:528.0585700571537, categorical_loss:955.1040027439594, kld_loss:2721.379851639271, epoch_train_time:27.09029209986329
2022-06-30 16:27:38,988 - pytorch_cvae.py[line:169] - INFO: ----------------------------No.54 epoch----------------------------
2022-06-30 16:27:38,988 - pytorch_cvae.py[line:176] - INFO: loss:2197.8260629177094, numeric_loss:555.0058120638132, categorical_loss:1084.98504576087, kld_loss:2104.2347336411476, epoch_train_time:26.936996787786484
2022-06-30 16:28:05,797 - pytorch_cvae.py[line:169] - INFO: ----------------------------No.55 epoch----------------------------
2022-06-30 16:28:05,797 - pytorch_cvae.py[line:176] - INFO: loss:2221.4046258330345, numeric_loss:576.6928838789463, categorical_loss:1151.1519387066364, kld_loss:1777.1879739165306, epoch_train_time:26.80872295051813
2022-06-30 16:28:32,704 - pytorch_cvae.py[line:169] - INFO: ----------------------------No.56 epoch----------------------------
2022-06-30 16:28:32,704 - pytorch_cvae.py[line:176] - INFO: loss:2241.1715653538704, numeric_loss:602.9287028610706, categorical_loss:1212.1964084506035, kld_loss:1465.8520242869854, epoch_train_time:26.90708540007472
2022-06-30 16:28:59,696 - pytorch_cvae.py[line:169] - INFO: ----------------------------No.57 epoch----------------------------
2022-06-30 16:28:59,696 - pytorch_cvae.py[line:176] - INFO: loss:2258.528362095356, numeric_loss:618.5176259577274, categorical_loss:1273.4287389218807, kld_loss:1206.3635493516922, epoch_train_time:26.99178721755743
2022-06-30 16:29:26,727 - pytorch_cvae.py[line:169] - INFO: ----------------------------No.58 epoch----------------------------
2022-06-30 16:29:26,727 - pytorch_cvae.py[line:176] - INFO: loss:2272.614639401436, numeric_loss:620.9541422873735, categorical_loss:1337.6100890934467, kld_loss:989.497291341424, epoch_train_time:27.03106304630637
2022-06-30 16:29:53,591 - pytorch_cvae.py[line:169] - INFO: ----------------------------No.59 epoch----------------------------
2022-06-30 16:29:53,591 - pytorch_cvae.py[line:176] - INFO: loss:2284.083651304245, numeric_loss:621.0468934476376, categorical_loss:1406.1559626162052, kld_loss:775.692109644413, epoch_train_time:26.863055121153593
2022-06-30 16:30:20,611 - pytorch_cvae.py[line:169] - INFO: ----------------------------No.60 epoch----------------------------
2022-06-30 16:30:20,611 - pytorch_cvae.py[line:176] - INFO: loss:2293.080937385559, numeric_loss:621.0475715845823, categorical_loss:1481.3198906481266, kld_loss:552.4791818186641, epoch_train_time:27.019934240728617
2022-06-30 16:30:47,485 - pytorch_cvae.py[line:169] - INFO: ----------------------------No.61 epoch----------------------------
2022-06-30 16:30:47,485 - pytorch_cvae.py[line:176] - INFO: loss:2298.35492092371, numeric_loss:621.0052770972252, categorical_loss:1567.4654669165611, kld_loss:305.6896573789418, epoch_train_time:26.87444918230176
2022-06-30 16:31:14,497 - pytorch_cvae.py[line:169] - INFO: ----------------------------No.62 epoch----------------------------
2022-06-30 16:31:14,497 - pytorch_cvae.py[line:176] - INFO: loss:2300.8088633418083, numeric_loss:621.0395647883415, categorical_loss:1643.9129025042057, kld_loss:95.88653027825058, epoch_train_time:27.011001765727997
2022-06-30 16:31:41,348 - pytorch_cvae.py[line:169] - INFO: ----------------------------No.63 epoch----------------------------
2022-06-30 16:31:41,348 - pytorch_cvae.py[line:176] - INFO: loss:2300.357607603073, numeric_loss:621.018048197031, categorical_loss:1660.808247923851, kld_loss:47.68445458821952, epoch_train_time:26.851668044924736
2022-06-30 16:32:08,274 - pytorch_cvae.py[line:169] - INFO: ----------------------------No.64 epoch----------------------------
2022-06-30 16:32:08,274 - pytorch_cvae.py[line:176] - INFO: loss:2300.6184383630753, numeric_loss:621.0014830976725, categorical_loss:1667.4510873556137, kld_loss:30.152798120863736, epoch_train_time:26.925033017992973
2022-06-30 16:32:35,187 - pytorch_cvae.py[line:169] - INFO: ----------------------------No.65 epoch----------------------------
2022-06-30 16:32:35,188 - pytorch_cvae.py[line:176] - INFO: loss:2300.4057708978653, numeric_loss:620.9931472092867, categorical_loss:1670.0758392214775, kld_loss:22.31157003971748, epoch_train_time:26.913682531565428
2022-06-30 16:33:02,181 - pytorch_cvae.py[line:169] - INFO: ----------------------------No.66 epoch----------------------------
2022-06-30 16:33:02,181 - pytorch_cvae.py[line:176] - INFO: loss:2300.4326806664467, numeric_loss:621.0004207640886, categorical_loss:1672.0519921779633, kld_loss:17.02109096501954, epoch_train_time:26.993065606802702
2022-06-30 16:33:29,061 - pytorch_cvae.py[line:169] - INFO: ----------------------------No.67 epoch----------------------------
2022-06-30 16:33:29,061 - pytorch_cvae.py[line:176] - INFO: loss:2300.348232805729, numeric_loss:621.0026523172855, categorical_loss:1673.5702009797096, kld_loss:12.86805401975289, epoch_train_time:26.87987621128559
2022-06-30 16:33:55,894 - pytorch_cvae.py[line:169] - INFO: ----------------------------No.68 epoch----------------------------
2022-06-30 16:33:55,894 - pytorch_cvae.py[line:176] - INFO: loss:2300.3064376711845, numeric_loss:620.9873110204935, categorical_loss:1674.480617582798, kld_loss:10.425455246702768, epoch_train_time:26.83275816962123
2022-06-30 16:34:22,743 - pytorch_cvae.py[line:169] - INFO: ----------------------------No.69 epoch----------------------------
2022-06-30 16:34:22,743 - pytorch_cvae.py[line:176] - INFO: loss:2300.3191890716553, numeric_loss:620.9998113363981, categorical_loss:1675.6441248953342, kld_loss:7.66576838248875, epoch_train_time:26.848826318979263
2022-06-30 16:34:49,557 - pytorch_cvae.py[line:169] - INFO: ----------------------------No.70 epoch----------------------------
2022-06-30 16:34:49,557 - pytorch_cvae.py[line:176] - INFO: loss:2300.0868626236916, numeric_loss:620.9819874316454, categorical_loss:1675.4283143281937, kld_loss:7.430708318250254, epoch_train_time:26.81423531845212
2022-06-30 16:35:16,599 - pytorch_cvae.py[line:169] - INFO: ----------------------------No.71 epoch----------------------------
2022-06-30 16:35:16,599 - pytorch_cvae.py[line:176] - INFO: loss:2300.1120621562004, numeric_loss:620.9583199173212, categorical_loss:1676.4296112060547, kld_loss:5.340362454531714, epoch_train_time:27.041303899139166
2022-06-30 16:35:43,510 - pytorch_cvae.py[line:169] - INFO: ----------------------------No.72 epoch----------------------------
2022-06-30 16:35:43,510 - pytorch_cvae.py[line:176] - INFO: loss:2300.1051675081253, numeric_loss:620.9920945763588, categorical_loss:1676.5990404188633, kld_loss:4.785216691030655, epoch_train_time:26.911525551229715
2022-06-30 16:36:10,379 - pytorch_cvae.py[line:169] - INFO: ----------------------------No.73 epoch----------------------------
2022-06-30 16:36:10,380 - pytorch_cvae.py[line:176] - INFO: loss:2300.062689602375, numeric_loss:620.9622671604156, categorical_loss:1677.0177155137062, kld_loss:3.8528379255440086, epoch_train_time:26.86895076557994
2022-06-30 16:36:37,459 - pytorch_cvae.py[line:169] - INFO: ----------------------------No.74 epoch----------------------------
2022-06-30 16:36:37,459 - pytorch_cvae.py[line:176] - INFO: loss:2299.933326601982, numeric_loss:620.9448595941067, categorical_loss:1677.088757276535, kld_loss:3.418986534117721, epoch_train_time:27.079061716794968
2022-06-30 16:37:04,342 - pytorch_cvae.py[line:169] - INFO: ----------------------------No.75 epoch----------------------------
2022-06-30 16:37:04,342 - pytorch_cvae.py[line:176] - INFO: loss:2299.7288757562637, numeric_loss:620.9259905219078, categorical_loss:1676.9719080626965, kld_loss:3.209106779191643, epoch_train_time:26.88295577839017
2022-06-30 16:37:31,302 - pytorch_cvae.py[line:169] - INFO: ----------------------------No.76 epoch----------------------------
2022-06-30 16:37:31,302 - pytorch_cvae.py[line:176] - INFO: loss:2299.7588115930557, numeric_loss:620.9284546673298, categorical_loss:1677.289818406105, kld_loss:2.63208018214209, epoch_train_time:26.960109293460846
2022-06-30 16:37:58,135 - pytorch_cvae.py[line:169] - INFO: ----------------------------No.77 epoch----------------------------
2022-06-30 16:37:58,135 - pytorch_cvae.py[line:176] - INFO: loss:2299.6301137804985, numeric_loss:620.8908039480448, categorical_loss:1677.4045800566673, kld_loss:2.2252572869474534, epoch_train_time:26.832762707024813
2022-06-30 16:38:25,166 - pytorch_cvae.py[line:169] - INFO: ----------------------------No.78 epoch----------------------------
2022-06-30 16:38:25,166 - pytorch_cvae.py[line:176] - INFO: loss:2299.5923371315002, numeric_loss:620.8537922352552, categorical_loss:1677.6126449108124, kld_loss:1.8334995787008666, epoch_train_time:27.030627205967903
2022-06-30 16:38:52,158 - pytorch_cvae.py[line:169] - INFO: ----------------------------No.79 epoch----------------------------
2022-06-30 16:38:52,158 - pytorch_cvae.py[line:176] - INFO: loss:2299.51913189888, numeric_loss:620.8519190400839, categorical_loss:1677.660771727562, kld_loss:1.6024971146543976, epoch_train_time:26.99196196347475
2022-06-30 16:39:19,300 - pytorch_cvae.py[line:169] - INFO: ----------------------------No.80 epoch----------------------------
2022-06-30 16:39:19,300 - pytorch_cvae.py[line:176] - INFO: loss:2299.374673843384, numeric_loss:620.8520250022411, categorical_loss:1677.524240076542, kld_loss:1.555895997735206, epoch_train_time:27.141558025032282
2022-06-30 16:39:46,381 - pytorch_cvae.py[line:169] - INFO: ----------------------------No.81 epoch----------------------------
2022-06-30 16:39:46,381 - pytorch_cvae.py[line:176] - INFO: loss:2299.4553030133247, numeric_loss:620.869955778122, categorical_loss:1677.762826949358, kld_loss:1.2557834390318021, epoch_train_time:27.081357028335333
2022-06-30 16:40:13,173 - pytorch_cvae.py[line:169] - INFO: ----------------------------No.82 epoch----------------------------
2022-06-30 16:40:13,173 - pytorch_cvae.py[line:176] - INFO: loss:2299.386132121086, numeric_loss:620.8513981699944, categorical_loss:1677.7825790047646, kld_loss:1.1261774907179642, epoch_train_time:26.79140304774046
2022-06-30 16:40:39,893 - pytorch_cvae.py[line:169] - INFO: ----------------------------No.83 epoch----------------------------
2022-06-30 16:40:39,893 - pytorch_cvae.py[line:176] - INFO: loss:2299.3438624739647, numeric_loss:620.838978305459, categorical_loss:1677.8779319226742, kld_loss:0.9215123206668068, epoch_train_time:26.719477709382772
2022-06-30 16:41:06,795 - pytorch_cvae.py[line:169] - INFO: ----------------------------No.84 epoch----------------------------
2022-06-30 16:41:06,795 - pytorch_cvae.py[line:176] - INFO: loss:2299.319586098194, numeric_loss:620.8415120095015, categorical_loss:1677.8672424256802, kld_loss:0.8822405270766467, epoch_train_time:26.902071997523308
2022-06-30 16:41:33,821 - pytorch_cvae.py[line:169] - INFO: ----------------------------No.85 epoch----------------------------
2022-06-30 16:41:33,822 - pytorch_cvae.py[line:176] - INFO: loss:2299.203183412552, numeric_loss:620.8396880179644, categorical_loss:1677.7786259949207, kld_loss:0.8309180767973885, epoch_train_time:27.02645705640316
2022-06-30 16:42:00,682 - pytorch_cvae.py[line:169] - INFO: ----------------------------No.86 epoch----------------------------
2022-06-30 16:42:00,683 - pytorch_cvae.py[line:176] - INFO: loss:2299.1902967095375, numeric_loss:620.8415694981813, categorical_loss:1677.8631168305874, kld_loss:0.6792906553891953, epoch_train_time:26.860829286277294
2022-06-30 16:42:27,553 - pytorch_cvae.py[line:169] - INFO: ----------------------------No.87 epoch----------------------------
2022-06-30 16:42:27,553 - pytorch_cvae.py[line:176] - INFO: loss:2299.2502843141556, numeric_loss:620.8600350916386, categorical_loss:1677.9732027947903, kld_loss:0.5749858043491258, epoch_train_time:26.870385106652975
2022-06-30 16:42:54,743 - pytorch_cvae.py[line:169] - INFO: ----------------------------No.88 epoch----------------------------
2022-06-30 16:42:54,743 - pytorch_cvae.py[line:176] - INFO: loss:2299.2090486884117, numeric_loss:620.8544381260872, categorical_loss:1678.0271134972572, kld_loss:0.44546579201414715, epoch_train_time:27.189989268779755
2022-06-30 16:43:21,537 - pytorch_cvae.py[line:169] - INFO: ----------------------------No.89 epoch----------------------------
2022-06-30 16:43:21,537 - pytorch_cvae.py[line:176] - INFO: loss:2299.1152161359787, numeric_loss:620.8366626054049, categorical_loss:1677.9642092585564, kld_loss:0.42226594905514503, epoch_train_time:26.793299857527018
2022-06-30 16:43:48,496 - pytorch_cvae.py[line:169] - INFO: ----------------------------No.90 epoch----------------------------
2022-06-30 16:43:48,496 - pytorch_cvae.py[line:176] - INFO: loss:2299.113366007805, numeric_loss:620.841401129961, categorical_loss:1678.0130361914635, kld_loss:0.34385002132330555, epoch_train_time:26.959513533860445
2022-06-30 16:44:15,618 - pytorch_cvae.py[line:169] - INFO: ----------------------------No.91 epoch----------------------------
2022-06-30 16:44:15,618 - pytorch_cvae.py[line:176] - INFO: loss:2299.11226272583, numeric_loss:620.8399048000574, categorical_loss:1678.0385776162148, kld_loss:0.30720713626215, epoch_train_time:27.121775776147842
2022-06-30 16:44:42,640 - pytorch_cvae.py[line:169] - INFO: ----------------------------No.92 epoch----------------------------
2022-06-30 16:44:42,640 - pytorch_cvae.py[line:176] - INFO: loss:2299.060704112053, numeric_loss:620.8477238565683, categorical_loss:1678.0223043859005, kld_loss:0.24819523354744888, epoch_train_time:27.021759387105703
2022-06-30 16:45:09,580 - pytorch_cvae.py[line:169] - INFO: ----------------------------No.93 epoch----------------------------
2022-06-30 16:45:09,580 - pytorch_cvae.py[line:176] - INFO: loss:2299.0747376680374, numeric_loss:620.8394220769405, categorical_loss:1678.0721872746944, kld_loss:0.2105402736196993, epoch_train_time:26.93971898406744
2022-06-30 16:45:36,521 - pytorch_cvae.py[line:169] - INFO: ----------------------------No.94 epoch----------------------------
2022-06-30 16:45:36,521 - pytorch_cvae.py[line:176] - INFO: loss:2299.1026319265366, numeric_loss:620.8057993799448, categorical_loss:1678.1422703266144, kld_loss:0.19799674018941005, epoch_train_time:26.940502002835274
2022-06-30 16:46:03,372 - pytorch_cvae.py[line:169] - INFO: ----------------------------No.95 epoch----------------------------
2022-06-30 16:46:03,372 - pytorch_cvae.py[line:176] - INFO: loss:2298.931344985962, numeric_loss:620.8249460309744, categorical_loss:1677.9345864653587, kld_loss:0.21866867383141653, epoch_train_time:26.850964289158583
2022-06-30 16:46:30,194 - pytorch_cvae.py[line:169] - INFO: ----------------------------No.96 epoch----------------------------
2022-06-30 16:46:30,194 - pytorch_cvae.py[line:176] - INFO: loss:2298.858661234379, numeric_loss:620.8277156352997, categorical_loss:1677.8534541130066, kld_loss:0.22465281757104094, epoch_train_time:26.821700733155012
2022-06-30 16:46:57,063 - pytorch_cvae.py[line:169] - INFO: ----------------------------No.97 epoch----------------------------
2022-06-30 16:46:57,063 - pytorch_cvae.py[line:176] - INFO: loss:2298.9053921103477, numeric_loss:620.8381796777248, categorical_loss:1677.9269549250603, kld_loss:0.17673017156630522, epoch_train_time:26.86850005015731
2022-06-30 16:47:24,250 - pytorch_cvae.py[line:169] - INFO: ----------------------------No.98 epoch----------------------------
2022-06-30 16:47:24,250 - pytorch_cvae.py[line:176] - INFO: loss:2298.8624969124794, numeric_loss:620.8395427167416, categorical_loss:1677.8709399998188, kld_loss:0.1908749853118934, epoch_train_time:27.187522679567337
2022-06-30 16:47:51,170 - pytorch_cvae.py[line:169] - INFO: ----------------------------No.99 epoch----------------------------
2022-06-30 16:47:51,171 - pytorch_cvae.py[line:176] - INFO: loss:2298.846906721592, numeric_loss:620.8254281431437, categorical_loss:1677.891994446516, kld_loss:0.1621786507403158, epoch_train_time:26.919914931058884
2022-06-30 16:48:18,182 - pytorch_cvae.py[line:169] - INFO: ----------------------------No.100 epoch----------------------------
2022-06-30 16:48:18,182 - pytorch_cvae.py[line:176] - INFO: loss:2298.699604988098, numeric_loss:620.8120945096016, categorical_loss:1677.7430486381054, kld_loss:0.1806697252795857, epoch_train_time:27.0115225315094
2022-06-30 16:48:18,182 - pytorch_cvae.py[line:185] - INFO: training time elapsed:2693.465878073126
2022-06-30 16:48:18,184 - model_utils.py[line:67] - INFO: save model successfully
2022-06-30 16:48:19,675 - pytorch_cvae.py[line:264] - INFO: train model time elapsed:2699.6308495141566
2022-06-30 16:48:19,676 - dataset_utils.py[line:566] - INFO: load existing dataset(light):tpcds-06667g-store_s_store_sk#s_store_name__s_store_sk#s_store_name_binary_gaussian5_0
2022-06-30 16:48:19,677 - dataset_utils.py[line:575] - INFO: load dataset(light) time elapsed:0.0018715746700763702
2022-06-30 16:48:19,678 - pytorch_cvae.py[line:276] - INFO: feature info:[('s_store_sk', 'categorical', 5), ('s_store_name', 'categorical', 4)]
2022-06-30 16:48:19,678 - model_utils.py[line:75] - INFO: load model name:torch_cvae_tpcds-06667g-store_s_store_sk_s_store_name_ld100_id150_bs128_ep100_0_binary_gaussian5
2022-06-30 16:48:19,680 - model_utils.py[line:86] - INFO: load torch model time elapsed:0.0018404088914394379
2022-06-30 16:48:19,680 - pytorch_cvae.py[line:286] - INFO: load model time elapsed:0.004659261554479599
2022-06-30 16:48:19,680 - main.py[line:425] - INFO: multi_sampling No.0 epoch
2022-06-30 16:48:19,727 - pytorch_cvae.py[line:399] - INFO: sampling time:0.04621414095163345
2022-06-30 16:48:19,814 - dataset_utils.py[line:547] - INFO: load existing dataset:tpcds-06667g-store_s_store_sk#s_store_name__s_store_sk#s_store_name_binary_gaussian5_0
2022-06-30 16:48:19,816 - dataset_utils.py[line:559] - INFO: load dataset time elapsed:0.002115808427333832
2022-06-30 16:48:19,907 - main.py[line:409] - INFO: sample and aggregation time elapsed:0.2267000749707222
2022-06-30 16:48:19,911 - main.py[line:442] - INFO: sample time:0.23059048876166344
2022-06-30 16:48:19,930 - main.py[line:99] - INFO: aqp result:
              sum(ss_wholesale_cost)  sum(ss_list_price)  sum(ss_sales_price)  \
s_store_name                                                                    
able         85071066.24             125360278.70        63390415.28            
ation        1727500.00              5257.00             2522.00                
bar          1336000.00              3966.00             1708.00                
eing         1043000.00              3216.00             1137.00                
ese          1374000.00              4177.00             2064.00                
ought        3925979.82              4129170.16          2100490.85             

              sum(ss_ext_sales_price)  avg(ss_wholesale_cost)  \
s_store_name                                                    
able         3203006969.73            51.83                     
ation        149721.00                47986.11                  
bar          80086.00                 47714.29                  
eing         59116.00                 47409.09                  
ese          100408.00                47379.31                  
ought        105907359.91             72.84                     

              avg(ss_list_price)  avg(ss_sales_price)  avg(ss_ext_sales_price)  
s_store_name                                                                    
able         76.37               38.62                1951.29                   
ation        146.03              70.06                4158.92                   
bar          141.64              61.00                2860.21                   
eing         146.18              51.68                2687.09                   
ese          144.03              71.17                3462.34                   
ought        76.61               38.97                1964.93                   
2022-06-30 16:48:19,933 - main.py[line:100] - INFO: ground truth:
              avg(ss_wholesale_cost)  avg(ss_list_price)  avg(ss_sales_price)  \
s_store_name                                                                    
able         56.36                   75.95               38.01                  
ation        56.43                   75.74               37.85                  
bar          55.02                   75.61               37.83                  
eing         54.08                   75.74               37.90                  
ese          55.15                   75.69               37.84                  
ought        54.63                   75.82               37.86                  

              avg(ss_ext_sales_price)  sum(ss_wholesale_cost)  \
s_store_name                                                    
able         1926.57                   16419018                 
ation        1912.94                   16400248                 
bar          1908.58                   16064863                 
eing         1914.30                   15781845                 
ese          1909.40                   16098792                 
ought        1914.87                   15853731                 

              sum(ss_list_price)  sum(ss_sales_price)  sum(ss_ext_sales_price)  
s_store_name                                                                    
able          22124070            11071761             561238236                
ation         22012493            10999352             555947369                
bar           22078693            11046205             557304991                
eing          22104209            11060693             558643844                
ese           22091627            11045290             557326248                
ought         22005253            10989375             555744128                
2022-06-30 16:48:19,943 - main.py[line:450] - INFO: relative error:
              avg(ss_ext_sales_price)  avg(ss_list_price)  \
s_store_name                                                
able         0.01                     0.01                  
ation        1.17                     0.93                  
bar          0.50                     0.87                  
eing         0.40                     0.93                  
ese          0.81                     0.90                  
ought        0.03                     0.01                  

              avg(ss_sales_price)  avg(ss_wholesale_cost)  \
s_store_name                                                
able         0.02                 0.08                      
ation        0.85                 849.35                    
bar          0.61                 866.27                    
eing         0.36                 875.66                    
ese          0.88                 858.03                    
ought        0.03                 0.33                      

              sum(ss_ext_sales_price)  sum(ss_list_price)  \
s_store_name                                                
able         4.71                     4.67                  
ation        1.00                     1.00                  
bar          1.00                     1.00                  
eing         1.00                     1.00                  
ese          1.00                     1.00                  
ought        0.81                     0.81                  

              sum(ss_sales_price)  sum(ss_wholesale_cost)  
s_store_name                                               
able         4.73                 4.18                     
ation        1.00                 0.89                     
bar          1.00                 0.92                     
eing         1.00                 0.93                     
ese          1.00                 0.91                     
ought        0.81                 0.75                     
2022-06-30 16:48:19,945 - main.py[line:451] - INFO: relative error normalized:
              avg(ss_ext_sales_price)  avg(ss_list_price)  \
s_store_name                                                
able         0.01                     0.01                  
ation        0.69                     0.60                  
bar          0.39                     0.58                  
eing         0.33                     0.61                  
ese          0.56                     0.59                  
ought        0.03                     0.01                  

              avg(ss_sales_price)  avg(ss_wholesale_cost)  \
s_store_name                                                
able         0.02                 0.08                      
ation        0.57                 1.00                      
bar          0.46                 1.00                      
eing         0.30                 1.00                      
ese          0.59                 1.00                      
ought        0.03                 0.28                      

              sum(ss_ext_sales_price)  sum(ss_list_price)  \
s_store_name                                                
able         0.99                     0.99                  
ation        0.63                     0.63                  
bar          0.63                     0.63                  
eing         0.63                     0.63                  
ese          0.63                     0.63                  
ought        0.55                     0.56                  

              sum(ss_sales_price)  sum(ss_wholesale_cost)  
s_store_name                                               
able         0.99                 0.98                     
ation        0.63                 0.59                     
bar          0.63                 0.60                     
eing         0.63                 0.61                     
ese          0.63                 0.60                     
ought        0.55                 0.53                     
2022-06-30 16:48:19,945 - main.py[line:454] - INFO: relative error average: 72.83692233665539
2022-06-30 16:48:19,945 - main.py[line:455] - INFO: relative error normalized average: 0.5599024143574917
2022-06-30 16:48:19,946 - main.py[line:501] - INFO: total_time:2699.9013259783387
feature_names: ['ss_store_sk_0', 'ss_store_sk_1', 'ss_store_sk_2', 'ss_store_sk_3']
feature_names: ['ss_store_sk_0', 'ss_store_sk_1', 'ss_store_sk_2', 'ss_store_sk_3']
categorical_columns: ['ss_store_sk_0', 'ss_store_sk_1', 'ss_store_sk_2', 'ss_store_sk_3']
