main.py:20: FutureWarning: Passing a negative integer is deprecated in version 1.0 and will not be supported in future version. Instead, use None to not limit the column width.
  pd.set_option('max_colwidth', -1)
2021-12-16 18:58:40,140 - __main__ - INFO - load query config config/query/customer_with_inc_join_supplier.json successfully
2021-12-16 18:58:40,140 - __main__ - INFO - load train config ./config/train/tpch_customer_with_inc_torch_cvae.json successfully
2021-12-16 18:58:40,140 - __main__ - INFO - load train config ./config/train/tpch_supplier_torch_cvae.json successfully
2021-12-16 18:58:40,140 - utils.dataset_utils - INFO - load existing dataset(light):tpch-1m-customer-with-inc_c_nationkey_c_acctbal_c_nationkey_binary_gaussian5_0inc_train
2021-12-16 18:58:43,004 - utils.dataset_utils - INFO - load dataset(light) time elapsed:2.8639222159981728
2021-12-16 18:58:43,004 - models.pytorch_cvae - INFO - feature info:[('c_acctbal', 'numerical', 6), ('c_nationkey', 'categorical', 6)]
2021-12-16 18:58:43,006 - utils.model_utils - INFO - load model name:torch_cvae_tpch-1m-customer-with-inc_c_nationkey_ld50_id100_bs1024_ep100_0_binary_gaussian5inc_train
2021-12-16 18:58:43,008 - utils.model_utils - INFO - load torch model time elapsed:0.0019611064344644547
2021-12-16 18:58:43,008 - models.pytorch_cvae - INFO - load model time elapsed:2.867601585574448
2021-12-16 18:58:43,008 - utils.dataset_utils - INFO - load existing dataset(light):tpch-1m-supplier_s_nationkey#s_suppkey_s_acctbal_s_nationkey_binary_gaussian5_0
2021-12-16 18:58:43,011 - utils.dataset_utils - INFO - load dataset(light) time elapsed:0.0028589554131031036
2021-12-16 18:58:43,011 - models.pytorch_cvae - INFO - feature info:[('s_acctbal', 'numerical', 6), ('s_nationkey', 'categorical', 6), ('s_suppkey', 'categorical', 15)]
2021-12-16 18:58:43,011 - utils.model_utils - INFO - load model name:torch_cvae_tpch-1m-supplier_s_nationkey_ld50_id100_bs32_ep150_0_binary_gaussian5
2021-12-16 18:58:43,016 - utils.model_utils - INFO - load torch model time elapsed:0.004522492177784443
2021-12-16 18:58:43,016 - models.pytorch_cvae - INFO - load model time elapsed:0.008043039590120316
2021-12-16 18:58:43,016 - __main__ - INFO - multi_sampling No.0 epoch
2021-12-16 18:58:43,016 - models.pytorch_cvae - INFO - statistics sampling rate:0.02
2021-12-16 18:58:43,017 - __main__ - INFO - multi_sampling No.1 epoch
2021-12-16 18:58:43,022 - models.pytorch_cvae - INFO - statistics sampling rate:0.02
2021-12-16 18:58:43,022 - __main__ - INFO - multi_sampling No.2 epoch
2021-12-16 18:58:43,024 - models.pytorch_cvae - INFO - statistics sampling rate:0.02
2021-12-16 18:58:44,152 - models.pytorch_cvae - INFO - sampling time:1.135318636894226
2021-12-16 18:58:44,175 - models.pytorch_cvae - INFO - sampling time:1.1519662160426378
2021-12-16 18:58:44,214 - models.pytorch_cvae - INFO - sampling time:1.1894897911697626
2021-12-16 18:58:44,466 - models.pytorch_cvae - INFO - statistics sampling rate:0.1
2021-12-16 18:58:44,469 - models.pytorch_cvae - INFO - statistics sampling rate:0.1
2021-12-16 18:58:44,499 - models.pytorch_cvae - INFO - statistics sampling rate:0.1
2021-12-16 18:58:44,585 - models.pytorch_cvae - INFO - sampling time:0.08565609622746706
2021-12-16 18:58:44,685 - models.pytorch_cvae - INFO - sampling time:0.21521138213574886
2021-12-16 18:58:44,687 - __main__ - INFO - sample and aggregation time elapsed:1.6625281050801277
2021-12-16 18:58:44,737 - models.pytorch_cvae - INFO - sampling time:0.2708831913769245
2021-12-16 18:58:44,835 - __main__ - INFO - sample and aggregation time elapsed:1.8183828480541706
2021-12-16 18:58:44,844 - __main__ - INFO - sample and aggregation time elapsed:1.8218123381957412
2021-12-16 18:58:44,845 - __main__ - INFO - sample time:1.829160631634295
2021-12-16 18:58:44,851 - __main__ - INFO - aqp result:
             avg(c_acctbal)  avg(s_acctbal)  sum(c_acctbal)  sum(s_acctbal)
c_nationkey                                                                
0           4405.50         4786.91         95394500525.92  103653365512.01
1           4349.11         5152.69         98586877044.35  116802741327.77
2           4475.68         4947.38         108117998652.72 119512526769.79
3           4309.13         4738.70         105149572572.83 115631712381.78
4           4487.23         4967.20         92325553038.90  102200888057.75
5           4574.50         5019.98         92047997700.68  101011973748.42
6           4393.27         5345.05         100363143955.03 122106398887.83
7           4402.94         5068.63         98494920994.90  113386599613.20
8           4424.17         5119.61         100656578562.35 116478898111.76
9           4393.66         5229.95         99450749950.39  118380312216.87
10          4337.25         4898.89         102459923119.28 115727630426.70
11          4342.01         4889.14         102261611052.30 115147473893.59
12          4451.20         4975.01         99343900403.73  111034727945.03
13          4434.82         4904.42         94824753419.23  104865561279.42
14          4454.89         4857.75         104805623257.71 114283196216.03
15          4541.42         4993.98         96252567130.04  105844330603.66
16          4233.41         5100.58         92089617167.55  110953166173.60
17          4415.95         5115.11         98420012332.10  114002604872.51
18          4501.04         4623.17         104819808508.31 107663779542.59
19          4385.86         5197.60         95783521407.16  113511233301.20
20          4409.49         5382.26         100171239911.39 122269788189.78
21          4406.48         5051.64         101012141366.59 115801634875.65
22          4453.27         4995.17         103317917144.29 115890375901.99
23          4397.45         4864.85         97267864851.42  107606240998.70
24          4371.98         5368.86         101247311659.01 124333309894.63
2021-12-16 18:58:44,853 - __main__ - INFO - ground truth:
             avg(c_acctbal)  avg(s_acctbal)  sum(c_acctbal)  sum(s_acctbal)
c_nationkey                                                                
0           4489.09         4750.47         97204429060.11  102864283639.34
1           4478.58         5156.38         101521631809.03 116886387814.97
2           4502.84         4926.83         108773860934.93 119016293073.25
3           4510.50         4976.52         110063319836.95 121434781349.97
4           4467.80         4955.13         91925727389.56  101952561544.09
5           4506.93         5017.03         90688332145.90  100952499397.81
6           4489.99         5263.09         102572805214.01 120234077220.52
7           4481.97         4725.51         100262969999.54 105711043954.64
8           4491.71         4898.26         102193355822.35 111442904344.11
9           4507.31         5056.46         102023357487.12 114453365970.99
10          4514.20         4934.04         106640129528.12 116557963141.05
11          4509.51         4846.61         106206568975.75 114145706219.45
12          4495.81         4905.97         100339620692.57 109493748108.56
13          4519.66         4967.01         96638723186.87  106203971323.94
14          4489.09         4748.57         105610059556.98 111714619054.55
15          4513.94         4993.59         95670237506.21  105836044024.01
16          4509.69         5125.84         98099691841.22  111502795597.57
17          4476.99         5194.81         99780562278.61  115778956973.10
18          4470.09         5153.13         104098927638.07 120005532950.10
19          4480.83         4865.91         97857583891.19  106267463992.76
20          4505.29         5210.90         102347462434.85 118377097752.18
21          4500.84         5087.25         103175299651.56 116617824864.37
22          4522.71         4945.33         104928946224.34 114733990724.54
23          4492.85         4974.00         99377984303.50  110020479238.93
24          4507.26         5065.90         104380144828.63 117317398620.77
2021-12-16 18:58:44,860 - __main__ - INFO - relative error:
             avg(c_acctbal)  avg(s_acctbal)  sum(c_acctbal)  sum(s_acctbal)
c_nationkey                                                                
0           0.02            0.01            0.02            0.01           
1           0.03            0.00            0.03            0.00           
2           0.01            0.00            0.01            0.00           
3           0.04            0.05            0.04            0.05           
4           0.00            0.00            0.00            0.00           
5           0.01            0.00            0.01            0.00           
6           0.02            0.02            0.02            0.02           
7           0.02            0.07            0.02            0.07           
8           0.02            0.05            0.02            0.05           
9           0.03            0.03            0.03            0.03           
10          0.04            0.01            0.04            0.01           
11          0.04            0.01            0.04            0.01           
12          0.01            0.01            0.01            0.01           
13          0.02            0.01            0.02            0.01           
14          0.01            0.02            0.01            0.02           
15          0.01            0.00            0.01            0.00           
16          0.06            0.00            0.06            0.00           
17          0.01            0.02            0.01            0.02           
18          0.01            0.10            0.01            0.10           
19          0.02            0.07            0.02            0.07           
20          0.02            0.03            0.02            0.03           
21          0.02            0.01            0.02            0.01           
22          0.02            0.01            0.02            0.01           
23          0.02            0.02            0.02            0.02           
24          0.03            0.06            0.03            0.06           
2021-12-16 18:58:44,860 - __main__ - INFO - relative error average :0.022944984889418953
2021-12-16 18:58:44,860 - __main__ - INFO - relative error normalized average :0.022470895013211756
2021-12-16 18:58:44,860 - __main__ - INFO - relative error var normalized average :0.0025205531559045137
2021-12-16 18:58:44,861 - __main__ - INFO - total_time:4.721477719023824
