main.py:20: FutureWarning: Passing a negative integer is deprecated in version 1.0 and will not be supported in future version. Instead, use None to not limit the column width.
  pd.set_option('max_colwidth', -1)
2021-12-16 18:58:32,971 - __main__ - INFO - load query config config/query/customer_with_inc_join_supplier.json successfully
2021-12-16 18:58:32,971 - __main__ - INFO - load train config ./config/train/tpch_customer_with_inc_torch_cvae.json successfully
2021-12-16 18:58:32,971 - __main__ - INFO - load train config ./config/train/tpch_supplier_torch_cvae.json successfully
2021-12-16 18:58:32,971 - utils.dataset_utils - INFO - load existing dataset(light):tpch-1m-customer-with-inc_c_nationkey_c_acctbal_c_nationkey_binary_gaussian5_0inc_train
2021-12-16 18:58:35,833 - utils.dataset_utils - INFO - load dataset(light) time elapsed:2.8615071335807443
2021-12-16 18:58:35,833 - models.pytorch_cvae - INFO - feature info:[('c_acctbal', 'numerical', 6), ('c_nationkey', 'categorical', 6)]
2021-12-16 18:58:35,835 - utils.model_utils - INFO - load model name:torch_cvae_tpch-1m-customer-with-inc_c_nationkey_ld50_id100_bs1024_ep100_0_binary_gaussian5inc_train
2021-12-16 18:58:35,838 - utils.model_utils - INFO - load torch model time elapsed:0.0029571233317255974
2021-12-16 18:58:35,838 - models.pytorch_cvae - INFO - load model time elapsed:2.86618569586426
2021-12-16 18:58:35,838 - utils.dataset_utils - INFO - load existing dataset(light):tpch-1m-supplier_s_nationkey#s_suppkey_s_acctbal_s_nationkey_binary_gaussian5_0
2021-12-16 18:58:35,841 - utils.dataset_utils - INFO - load dataset(light) time elapsed:0.0028628306463360786
2021-12-16 18:58:35,841 - models.pytorch_cvae - INFO - feature info:[('s_acctbal', 'numerical', 6), ('s_nationkey', 'categorical', 6), ('s_suppkey', 'categorical', 15)]
2021-12-16 18:58:35,841 - utils.model_utils - INFO - load model name:torch_cvae_tpch-1m-supplier_s_nationkey_ld50_id100_bs32_ep150_0_binary_gaussian5
2021-12-16 18:58:35,844 - utils.model_utils - INFO - load torch model time elapsed:0.003103455528616905
2021-12-16 18:58:35,844 - models.pytorch_cvae - INFO - load model time elapsed:0.006614324636757374
2021-12-16 18:58:35,844 - __main__ - INFO - multi_sampling No.0 epoch
2021-12-16 18:58:35,845 - models.pytorch_cvae - INFO - statistics sampling rate:0.01
2021-12-16 18:58:35,845 - __main__ - INFO - multi_sampling No.1 epoch
2021-12-16 18:58:35,851 - models.pytorch_cvae - INFO - statistics sampling rate:0.01
2021-12-16 18:58:35,852 - __main__ - INFO - multi_sampling No.2 epoch
2021-12-16 18:58:35,853 - models.pytorch_cvae - INFO - statistics sampling rate:0.01
2021-12-16 18:58:36,411 - models.pytorch_cvae - INFO - sampling time:0.5655793463811278
2021-12-16 18:58:36,439 - models.pytorch_cvae - INFO - statistics sampling rate:0.1
2021-12-16 18:58:36,534 - models.pytorch_cvae - INFO - sampling time:0.6821809057146311
2021-12-16 18:58:36,582 - models.pytorch_cvae - INFO - statistics sampling rate:0.1
2021-12-16 18:58:36,593 - models.pytorch_cvae - INFO - sampling time:0.7397516276687384
2021-12-16 18:58:36,636 - models.pytorch_cvae - INFO - statistics sampling rate:0.1
2021-12-16 18:58:36,722 - models.pytorch_cvae - INFO - sampling time:0.2823348445817828
2021-12-16 18:58:36,784 - __main__ - INFO - sample and aggregation time elapsed:0.9397715702652931
2021-12-16 18:58:36,806 - models.pytorch_cvae - INFO - sampling time:0.17009358666837215
2021-12-16 18:58:36,875 - __main__ - INFO - sample and aggregation time elapsed:1.021878831088543
2021-12-16 18:58:36,880 - models.pytorch_cvae - INFO - sampling time:0.2961915032938123
2021-12-16 18:58:36,934 - __main__ - INFO - sample and aggregation time elapsed:1.082891222089529
2021-12-16 18:58:36,939 - __main__ - INFO - sample time:1.094430218450725
2021-12-16 18:58:36,953 - __main__ - INFO - aqp result:
             avg(c_acctbal)  avg(s_acctbal)  sum(c_acctbal)  sum(s_acctbal)
c_nationkey                                                                
0           4488.51         4631.43         97191997893.58  100286699270.39
1           4356.25         5242.23         98748804076.02  118832289991.94
2           4438.90         5064.76         107229485321.56 122348113391.03
3           4492.54         5026.18         109625051594.82 122646670917.60
4           4592.34         4915.24         94488158287.96  101131914143.53
5           4463.04         5150.21         89805183453.82  103632425227.86
6           4498.51         5310.57         102767384647.28 121318743466.81
7           4469.46         5209.59         99982962987.09  116539901267.86
8           4493.46         5065.70         102233130598.15 115252469479.24
9           4374.24         5237.77         99011304625.40  118557339333.19
10          4162.79         5066.30         98338527249.72  119682388813.08
11          4449.99         4790.71         104804656050.20 112829124120.65
12          4363.38         4896.73         97384051566.88  109287519005.40
13          4505.01         4556.87         96325602567.11  97434353364.17 
14          4514.05         4869.59         106197291637.48 114561787479.12
15          4379.35         4660.41         92817529522.70  98774447824.02 
16          4387.67         4781.80         95445321682.06  104018888450.20
17          4461.52         5090.16         99435612911.31  113446389424.52
18          4427.47         4988.31         103106474930.16 116167273552.90
19          4300.56         5055.97         93920725062.87  110418110812.53
20          4314.65         4553.36         98016720984.78  103439691533.82
21          4438.34         4675.37         101742469798.74 107176142928.37
22          4562.09         5201.00         105842583668.61 120665684995.91
23          4494.29         5096.77         99409764764.61  112736222644.93
24          4463.76         5114.28         103372951841.30 118437854398.35
2021-12-16 18:58:36,957 - __main__ - INFO - ground truth:
             avg(c_acctbal)  avg(s_acctbal)  sum(c_acctbal)  sum(s_acctbal)
c_nationkey                                                                
0           4489.09         4750.47         97204429060.11  102864283639.34
1           4478.58         5156.38         101521631809.03 116886387814.97
2           4502.84         4926.83         108773860934.93 119016293073.25
3           4510.50         4976.52         110063319836.95 121434781349.97
4           4467.80         4955.13         91925727389.56  101952561544.09
5           4506.93         5017.03         90688332145.90  100952499397.81
6           4489.99         5263.09         102572805214.01 120234077220.52
7           4481.97         4725.51         100262969999.54 105711043954.64
8           4491.71         4898.26         102193355822.35 111442904344.11
9           4507.31         5056.46         102023357487.12 114453365970.99
10          4514.20         4934.04         106640129528.12 116557963141.05
11          4509.51         4846.61         106206568975.75 114145706219.45
12          4495.81         4905.97         100339620692.57 109493748108.56
13          4519.66         4967.01         96638723186.87  106203971323.94
14          4489.09         4748.57         105610059556.98 111714619054.55
15          4513.94         4993.59         95670237506.21  105836044024.01
16          4509.69         5125.84         98099691841.22  111502795597.57
17          4476.99         5194.81         99780562278.61  115778956973.10
18          4470.09         5153.13         104098927638.07 120005532950.10
19          4480.83         4865.91         97857583891.19  106267463992.76
20          4505.29         5210.90         102347462434.85 118377097752.18
21          4500.84         5087.25         103175299651.56 116617824864.37
22          4522.71         4945.33         104928946224.34 114733990724.54
23          4492.85         4974.00         99377984303.50  110020479238.93
24          4507.26         5065.90         104380144828.63 117317398620.77
2021-12-16 18:58:36,967 - __main__ - INFO - relative error:
             avg(c_acctbal)  avg(s_acctbal)  sum(c_acctbal)  sum(s_acctbal)
c_nationkey                                                                
0           0.00            0.03            0.00            0.03           
1           0.03            0.02            0.03            0.02           
2           0.01            0.03            0.01            0.03           
3           0.00            0.01            0.00            0.01           
4           0.03            0.01            0.03            0.01           
5           0.01            0.03            0.01            0.03           
6           0.00            0.01            0.00            0.01           
7           0.00            0.10            0.00            0.10           
8           0.00            0.03            0.00            0.03           
9           0.03            0.04            0.03            0.04           
10          0.08            0.03            0.08            0.03           
11          0.01            0.01            0.01            0.01           
12          0.03            0.00            0.03            0.00           
13          0.00            0.08            0.00            0.08           
14          0.01            0.03            0.01            0.03           
15          0.03            0.07            0.03            0.07           
16          0.03            0.07            0.03            0.07           
17          0.00            0.02            0.00            0.02           
18          0.01            0.03            0.01            0.03           
19          0.04            0.04            0.04            0.04           
20          0.04            0.13            0.04            0.13           
21          0.01            0.08            0.01            0.08           
22          0.01            0.05            0.01            0.05           
23          0.00            0.02            0.00            0.02           
24          0.01            0.01            0.01            0.01           
2021-12-16 18:58:36,968 - __main__ - INFO - relative error average :0.027885702676099192
2021-12-16 18:58:36,968 - __main__ - INFO - relative error normalized average :0.027134898281196237
2021-12-16 18:58:36,968 - __main__ - INFO - relative error var normalized average :0.004287630702543546
2021-12-16 18:58:36,971 - __main__ - INFO - total_time:3.9994042543694377
