main.py:20: FutureWarning: Passing a negative integer is deprecated in version 1.0 and will not be supported in future version. Instead, use None to not limit the column width.
  pd.set_option('max_colwidth', -1)
2021-12-16 19:01:39,167 - __main__ - INFO - load query config config/query/customer_with_inc_join_supplier.json successfully
2021-12-16 19:01:39,167 - __main__ - INFO - load train config ./config/train/tpch_customer_with_inc_torch_cvae.json successfully
2021-12-16 19:01:39,167 - __main__ - INFO - load train config ./config/train/tpch_supplier_torch_cvae.json successfully
2021-12-16 19:01:39,167 - utils.dataset_utils - INFO - load existing dataset(light):tpch-1m-customer-with-inc_c_nationkey_c_acctbal_c_nationkey_binary_gaussian5_0inc_train
2021-12-16 19:01:41,907 - utils.dataset_utils - INFO - load dataset(light) time elapsed:2.7403095085173845
2021-12-16 19:01:41,907 - models.pytorch_cvae - INFO - feature info:[('c_acctbal', 'numerical', 6), ('c_nationkey', 'categorical', 6)]
2021-12-16 19:01:41,909 - utils.model_utils - INFO - load model name:torch_cvae_tpch-1m-customer-with-inc_c_nationkey_ld50_id100_bs1024_ep100_0_binary_gaussian5inc_train
2021-12-16 19:01:41,911 - utils.model_utils - INFO - load torch model time elapsed:0.00215255469083786
2021-12-16 19:01:41,911 - models.pytorch_cvae - INFO - load model time elapsed:2.743805634789169
2021-12-16 19:01:41,911 - utils.dataset_utils - INFO - load existing dataset(light):tpch-1m-supplier_s_nationkey#s_suppkey_s_acctbal_s_nationkey_binary_gaussian5_0
2021-12-16 19:01:41,914 - utils.dataset_utils - INFO - load dataset(light) time elapsed:0.002627844922244549
2021-12-16 19:01:41,914 - models.pytorch_cvae - INFO - feature info:[('s_acctbal', 'numerical', 6), ('s_nationkey', 'categorical', 6), ('s_suppkey', 'categorical', 15)]
2021-12-16 19:01:41,914 - utils.model_utils - INFO - load model name:torch_cvae_tpch-1m-supplier_s_nationkey_ld50_id100_bs32_ep150_0_binary_gaussian5
2021-12-16 19:01:41,918 - utils.model_utils - INFO - load torch model time elapsed:0.0043305521830916405
2021-12-16 19:01:41,918 - models.pytorch_cvae - INFO - load model time elapsed:0.007629267871379852
2021-12-16 19:01:41,919 - __main__ - INFO - multi_sampling No.0 epoch
2021-12-16 19:01:41,919 - models.pytorch_cvae - INFO - statistics sampling rate:0.09
2021-12-16 19:01:41,919 - __main__ - INFO - multi_sampling No.1 epoch
2021-12-16 19:01:41,922 - models.pytorch_cvae - INFO - statistics sampling rate:0.09
2021-12-16 19:01:41,923 - __main__ - INFO - multi_sampling No.2 epoch
2021-12-16 19:01:41,924 - models.pytorch_cvae - INFO - statistics sampling rate:0.09
2021-12-16 19:01:43,431 - models.pytorch_cvae - INFO - sampling time:1.5072281351312995
2021-12-16 19:01:43,518 - models.pytorch_cvae - INFO - sampling time:1.5991878435015678
2021-12-16 19:01:44,572 - models.pytorch_cvae - INFO - statistics sampling rate:0.1
2021-12-16 19:01:44,577 - models.pytorch_cvae - INFO - statistics sampling rate:0.1
2021-12-16 19:01:44,580 - models.pytorch_cvae - INFO - sampling time:2.6566708339378238
2021-12-16 19:01:44,826 - models.pytorch_cvae - INFO - statistics sampling rate:0.1
2021-12-16 19:01:44,919 - models.pytorch_cvae - INFO - sampling time:0.09326800238341093
2021-12-16 19:01:45,019 - models.pytorch_cvae - INFO - sampling time:0.4409248596057296
2021-12-16 19:01:45,102 - models.pytorch_cvae - INFO - sampling time:0.529445075429976
2021-12-16 19:01:45,330 - __main__ - INFO - sample and aggregation time elapsed:3.407422692514956
2021-12-16 19:01:45,477 - __main__ - INFO - sample and aggregation time elapsed:3.5531610501930118
2021-12-16 19:01:45,515 - __main__ - INFO - sample and aggregation time elapsed:3.595858110114932
2021-12-16 19:01:45,519 - __main__ - INFO - sample time:3.6007156670093536
2021-12-16 19:01:45,532 - __main__ - INFO - aqp result:
             avg(c_acctbal)  avg(s_acctbal)  sum(c_acctbal)  sum(s_acctbal)
c_nationkey                                                                
0           4478.72         4511.80         96979995643.94  97696189451.11 
1           4427.90         5160.13         100373009177.30 116971328378.71
2           4448.53         4581.86         107461971313.40 110682880884.27
3           4438.35         4832.75         108302782567.57 117926788586.61
4           4444.98         4758.68         91456244626.16  97910545919.46 
5           4479.20         4858.85         90130416192.96  97769777476.04 
6           4489.72         4704.93         102566502560.02 107482983579.98
7           4422.22         4913.25         98926248226.39  109910701547.60
8           4453.69         4950.10         101328338667.06 112622350555.23
9           4458.92         4640.51         100927925164.35 105038227653.29
10          4378.99         5339.40         103445928146.95 126133979335.98
11          4415.78         4763.39         103998921141.88 112185703485.69
12          4454.48         5065.21         99417208265.12  113047744485.67
13          4427.66         4748.19         94671557328.36  101525204410.32
14          4467.34         4983.23         105098337092.99 117235115924.48
15          4411.26         4750.79         93493814790.64  100690039017.49
16          4459.40         4729.73         97005619684.90  102886185813.57
17          4409.67         5078.98         98280122651.30  113197362824.33
18          4445.86         5219.67         103534713556.90 121555102741.28
19          4425.40         5073.73         96646914481.52  110805945752.49
20          4470.85         4769.80         101565246129.54 108356532018.90
21          4358.40         4901.73         99910018827.47  112365097286.51
22          4453.99         4852.85         103334608306.68 112588310332.67
23          4417.07         4835.93         97701829023.01  106966545559.72
24          4437.49         4884.25         102764564188.59 113110560816.87
2021-12-16 19:01:45,535 - __main__ - INFO - ground truth:
             avg(c_acctbal)  avg(s_acctbal)  sum(c_acctbal)  sum(s_acctbal)
c_nationkey                                                                
0           4489.09         4750.47         97204429060.11  102864283639.34
1           4478.58         5156.38         101521631809.03 116886387814.97
2           4502.84         4926.83         108773860934.93 119016293073.25
3           4510.50         4976.52         110063319836.95 121434781349.97
4           4467.80         4955.13         91925727389.56  101952561544.09
5           4506.93         5017.03         90688332145.90  100952499397.81
6           4489.99         5263.09         102572805214.01 120234077220.52
7           4481.97         4725.51         100262969999.54 105711043954.64
8           4491.71         4898.26         102193355822.35 111442904344.11
9           4507.31         5056.46         102023357487.12 114453365970.99
10          4514.20         4934.04         106640129528.12 116557963141.05
11          4509.51         4846.61         106206568975.75 114145706219.45
12          4495.81         4905.97         100339620692.57 109493748108.56
13          4519.66         4967.01         96638723186.87  106203971323.94
14          4489.09         4748.57         105610059556.98 111714619054.55
15          4513.94         4993.59         95670237506.21  105836044024.01
16          4509.69         5125.84         98099691841.22  111502795597.57
17          4476.99         5194.81         99780562278.61  115778956973.10
18          4470.09         5153.13         104098927638.07 120005532950.10
19          4480.83         4865.91         97857583891.19  106267463992.76
20          4505.29         5210.90         102347462434.85 118377097752.18
21          4500.84         5087.25         103175299651.56 116617824864.37
22          4522.71         4945.33         104928946224.34 114733990724.54
23          4492.85         4974.00         99377984303.50  110020479238.93
24          4507.26         5065.90         104380144828.63 117317398620.77
2021-12-16 19:01:45,545 - __main__ - INFO - relative error:
             avg(c_acctbal)  avg(s_acctbal)  sum(c_acctbal)  sum(s_acctbal)
c_nationkey                                                                
0           0.00            0.05            0.00            0.05           
1           0.01            0.00            0.01            0.00           
2           0.01            0.07            0.01            0.07           
3           0.02            0.03            0.02            0.03           
4           0.01            0.04            0.01            0.04           
5           0.01            0.03            0.01            0.03           
6           0.00            0.11            0.00            0.11           
7           0.01            0.04            0.01            0.04           
8           0.01            0.01            0.01            0.01           
9           0.01            0.08            0.01            0.08           
10          0.03            0.08            0.03            0.08           
11          0.02            0.02            0.02            0.02           
12          0.01            0.03            0.01            0.03           
13          0.02            0.04            0.02            0.04           
14          0.00            0.05            0.00            0.05           
15          0.02            0.05            0.02            0.05           
16          0.01            0.08            0.01            0.08           
17          0.02            0.02            0.02            0.02           
18          0.01            0.01            0.01            0.01           
19          0.01            0.04            0.01            0.04           
20          0.01            0.08            0.01            0.08           
21          0.03            0.04            0.03            0.04           
22          0.02            0.02            0.02            0.02           
23          0.02            0.03            0.02            0.03           
24          0.02            0.04            0.02            0.04           
2021-12-16 19:01:45,546 - __main__ - INFO - relative error average :0.028328209349367448
2021-12-16 19:01:45,546 - __main__ - INFO - relative error normalized average :0.027639447616366667
2021-12-16 19:01:45,546 - __main__ - INFO - relative error var normalized average :0.004190257731646595
2021-12-16 19:01:45,548 - __main__ - INFO - total_time:6.381228880956769
