main.py:20: FutureWarning: Passing a negative integer is deprecated in version 1.0 and will not be supported in future version. Instead, use None to not limit the column width.
  pd.set_option('max_colwidth', -1)
2021-12-16 18:59:02,993 - __main__ - INFO - load query config config/query/customer_with_inc_join_supplier.json successfully
2021-12-16 18:59:02,993 - __main__ - INFO - load train config ./config/train/tpch_customer_with_inc_torch_cvae.json successfully
2021-12-16 18:59:02,993 - __main__ - INFO - load train config ./config/train/tpch_supplier_torch_cvae.json successfully
2021-12-16 18:59:02,993 - utils.dataset_utils - INFO - load existing dataset(light):tpch-1m-customer-with-inc_c_nationkey_c_acctbal_c_nationkey_binary_gaussian5_0inc_train
2021-12-16 18:59:05,735 - utils.dataset_utils - INFO - load dataset(light) time elapsed:2.74232520442456
2021-12-16 18:59:05,735 - models.pytorch_cvae - INFO - feature info:[('c_acctbal', 'numerical', 6), ('c_nationkey', 'categorical', 6)]
2021-12-16 18:59:05,736 - utils.model_utils - INFO - load model name:torch_cvae_tpch-1m-customer-with-inc_c_nationkey_ld50_id100_bs1024_ep100_0_binary_gaussian5inc_train
2021-12-16 18:59:05,738 - utils.model_utils - INFO - load torch model time elapsed:0.0020401226356625557
2021-12-16 18:59:05,739 - models.pytorch_cvae - INFO - load model time elapsed:2.745746824890375
2021-12-16 18:59:05,739 - utils.dataset_utils - INFO - load existing dataset(light):tpch-1m-supplier_s_nationkey#s_suppkey_s_acctbal_s_nationkey_binary_gaussian5_0
2021-12-16 18:59:05,741 - utils.dataset_utils - INFO - load dataset(light) time elapsed:0.0026986729353666306
2021-12-16 18:59:05,741 - models.pytorch_cvae - INFO - feature info:[('s_acctbal', 'numerical', 6), ('s_nationkey', 'categorical', 6), ('s_suppkey', 'categorical', 15)]
2021-12-16 18:59:05,742 - utils.model_utils - INFO - load model name:torch_cvae_tpch-1m-supplier_s_nationkey_ld50_id100_bs32_ep150_0_binary_gaussian5
2021-12-16 18:59:05,743 - utils.model_utils - INFO - load torch model time elapsed:0.0014588888734579086
2021-12-16 18:59:05,743 - models.pytorch_cvae - INFO - load model time elapsed:0.004846920259296894
2021-12-16 18:59:05,743 - __main__ - INFO - multi_sampling No.0 epoch
2021-12-16 18:59:05,744 - models.pytorch_cvae - INFO - statistics sampling rate:0.03
2021-12-16 18:59:05,744 - __main__ - INFO - multi_sampling No.1 epoch
2021-12-16 18:59:05,750 - models.pytorch_cvae - INFO - statistics sampling rate:0.03
2021-12-16 18:59:05,750 - __main__ - INFO - multi_sampling No.2 epoch
2021-12-16 18:59:05,751 - models.pytorch_cvae - INFO - statistics sampling rate:0.03
2021-12-16 18:59:06,768 - models.pytorch_cvae - INFO - sampling time:1.0168527718633413
2021-12-16 18:59:06,777 - models.pytorch_cvae - INFO - sampling time:1.027278408408165
2021-12-16 18:59:06,967 - models.pytorch_cvae - INFO - statistics sampling rate:0.1
2021-12-16 18:59:06,967 - models.pytorch_cvae - INFO - statistics sampling rate:0.1
2021-12-16 18:59:06,984 - models.pytorch_cvae - INFO - sampling time:1.2393507538363338
2021-12-16 18:59:07,068 - models.pytorch_cvae - INFO - statistics sampling rate:0.1
2021-12-16 18:59:07,153 - models.pytorch_cvae - INFO - sampling time:0.08458103984594345
2021-12-16 18:59:07,272 - models.pytorch_cvae - INFO - sampling time:0.302526050247252
2021-12-16 18:59:07,275 - models.pytorch_cvae - INFO - sampling time:0.30766872968524694
2021-12-16 18:59:07,291 - __main__ - INFO - sample and aggregation time elapsed:1.5471643386408687
2021-12-16 18:59:07,457 - __main__ - INFO - sample and aggregation time elapsed:1.7073361398652196
2021-12-16 18:59:07,458 - __main__ - INFO - sample and aggregation time elapsed:1.707320955581963
2021-12-16 18:59:07,464 - __main__ - INFO - sample time:1.7207941925153136
2021-12-16 18:59:07,477 - __main__ - INFO - aqp result:
             avg(c_acctbal)  avg(s_acctbal)  sum(c_acctbal)  sum(s_acctbal)
c_nationkey                                                                
0           4561.72         5226.98         98777269129.79  113182347812.33
1           4370.03         4845.80         99061162960.92  109845888404.45
2           4367.24         4874.49         105498373930.16 117751941732.40
3           4408.99         5147.17         107586283695.54 125599086597.18
4           4395.11         4897.72         90429976514.33  100771397119.66
5           4361.98         4922.37         87771599925.61  99047941078.49 
6           4431.36         5214.12         101233381499.10 119115445715.71
7           4417.51         4583.56         98821011538.10  102535601702.85
8           4423.45         4932.01         100640370796.54 112210730418.99
9           4412.92         4512.53         99886724270.39  102141344598.68
10          4427.70         4684.92         104596557024.10 110672977640.97
11          4436.85         4861.29         104495197028.60 114491540803.74
12          4418.46         4838.50         98613249234.07  107988028607.61
13          4433.79         5019.86         94802686312.98  107333875243.47
14          4394.18         4593.51         103377356281.76 108066628069.93
15          4313.46         5177.71         91421185453.83  109738356901.70
16          4449.86         5149.50         96798018652.41  112017379564.12
17          4536.31         5420.44         101102648777.66 120807492662.33
18          4342.42         5385.19         101125742139.59 125409828190.50
19          4413.73         4534.90         96392236722.64  99038386810.92 
20          4486.30         4724.58         101916225584.57 107329128022.30
21          4450.99         4920.49         102032537778.95 112795033227.95
22          4384.28         5264.02         101717398870.19 122127748042.09
23          4454.55         4444.72         98530839700.28  98313242797.33 
24          4464.50         4862.90         103390029838.17 112616184414.57
2021-12-16 18:59:07,480 - __main__ - INFO - ground truth:
             avg(c_acctbal)  avg(s_acctbal)  sum(c_acctbal)  sum(s_acctbal)
c_nationkey                                                                
0           4489.09         4750.47         97204429060.11  102864283639.34
1           4478.58         5156.38         101521631809.03 116886387814.97
2           4502.84         4926.83         108773860934.93 119016293073.25
3           4510.50         4976.52         110063319836.95 121434781349.97
4           4467.80         4955.13         91925727389.56  101952561544.09
5           4506.93         5017.03         90688332145.90  100952499397.81
6           4489.99         5263.09         102572805214.01 120234077220.52
7           4481.97         4725.51         100262969999.54 105711043954.64
8           4491.71         4898.26         102193355822.35 111442904344.11
9           4507.31         5056.46         102023357487.12 114453365970.99
10          4514.20         4934.04         106640129528.12 116557963141.05
11          4509.51         4846.61         106206568975.75 114145706219.45
12          4495.81         4905.97         100339620692.57 109493748108.56
13          4519.66         4967.01         96638723186.87  106203971323.94
14          4489.09         4748.57         105610059556.98 111714619054.55
15          4513.94         4993.59         95670237506.21  105836044024.01
16          4509.69         5125.84         98099691841.22  111502795597.57
17          4476.99         5194.81         99780562278.61  115778956973.10
18          4470.09         5153.13         104098927638.07 120005532950.10
19          4480.83         4865.91         97857583891.19  106267463992.76
20          4505.29         5210.90         102347462434.85 118377097752.18
21          4500.84         5087.25         103175299651.56 116617824864.37
22          4522.71         4945.33         104928946224.34 114733990724.54
23          4492.85         4974.00         99377984303.50  110020479238.93
24          4507.26         5065.90         104380144828.63 117317398620.77
2021-12-16 18:59:07,491 - __main__ - INFO - relative error:
             avg(c_acctbal)  avg(s_acctbal)  sum(c_acctbal)  sum(s_acctbal)
c_nationkey                                                                
0           0.02            0.10            0.02            0.10           
1           0.02            0.06            0.02            0.06           
2           0.03            0.01            0.03            0.01           
3           0.02            0.03            0.02            0.03           
4           0.02            0.01            0.02            0.01           
5           0.03            0.02            0.03            0.02           
6           0.01            0.01            0.01            0.01           
7           0.01            0.03            0.01            0.03           
8           0.02            0.01            0.02            0.01           
9           0.02            0.11            0.02            0.11           
10          0.02            0.05            0.02            0.05           
11          0.02            0.00            0.02            0.00           
12          0.02            0.01            0.02            0.01           
13          0.02            0.01            0.02            0.01           
14          0.02            0.03            0.02            0.03           
15          0.04            0.04            0.04            0.04           
16          0.01            0.00            0.01            0.00           
17          0.01            0.04            0.01            0.04           
18          0.03            0.05            0.03            0.05           
19          0.01            0.07            0.01            0.07           
20          0.00            0.09            0.00            0.09           
21          0.01            0.03            0.01            0.03           
22          0.03            0.06            0.03            0.06           
23          0.01            0.11            0.01            0.11           
24          0.01            0.04            0.01            0.04           
2021-12-16 18:59:07,491 - __main__ - INFO - relative error average :0.030226707920557788
2021-12-16 18:59:07,491 - __main__ - INFO - relative error normalized average :0.029448704546619246
2021-12-16 18:59:07,491 - __main__ - INFO - relative error var normalized average :0.004551773161228386
2021-12-16 18:59:07,493 - __main__ - INFO - total_time:4.500610904768109
