main.py:20: FutureWarning: Passing a negative integer is deprecated in version 1.0 and will not be supported in future version. Instead, use None to not limit the column width.
  pd.set_option('max_colwidth', -1)
2021-12-16 19:01:29,751 - __main__ - INFO - load query config config/query/customer_with_inc_join_supplier.json successfully
2021-12-16 19:01:29,752 - __main__ - INFO - load train config ./config/train/tpch_customer_with_inc_torch_cvae.json successfully
2021-12-16 19:01:29,752 - __main__ - INFO - load train config ./config/train/tpch_supplier_torch_cvae.json successfully
2021-12-16 19:01:29,752 - utils.dataset_utils - INFO - load existing dataset(light):tpch-1m-customer-with-inc_c_nationkey_c_acctbal_c_nationkey_binary_gaussian5_0inc_train
2021-12-16 19:01:32,627 - utils.dataset_utils - INFO - load dataset(light) time elapsed:2.8750577280297875
2021-12-16 19:01:32,627 - models.pytorch_cvae - INFO - feature info:[('c_acctbal', 'numerical', 6), ('c_nationkey', 'categorical', 6)]
2021-12-16 19:01:32,628 - utils.model_utils - INFO - load model name:torch_cvae_tpch-1m-customer-with-inc_c_nationkey_ld50_id100_bs1024_ep100_0_binary_gaussian5inc_train
2021-12-16 19:01:32,631 - utils.model_utils - INFO - load torch model time elapsed:0.002585833892226219
2021-12-16 19:01:32,631 - models.pytorch_cvae - INFO - load model time elapsed:2.878968570381403
2021-12-16 19:01:32,631 - utils.dataset_utils - INFO - load existing dataset(light):tpch-1m-supplier_s_nationkey#s_suppkey_s_acctbal_s_nationkey_binary_gaussian5_0
2021-12-16 19:01:32,634 - utils.dataset_utils - INFO - load dataset(light) time elapsed:0.0032085757702589035
2021-12-16 19:01:32,634 - models.pytorch_cvae - INFO - feature info:[('s_acctbal', 'numerical', 6), ('s_nationkey', 'categorical', 6), ('s_suppkey', 'categorical', 15)]
2021-12-16 19:01:32,635 - utils.model_utils - INFO - load model name:torch_cvae_tpch-1m-supplier_s_nationkey_ld50_id100_bs32_ep150_0_binary_gaussian5
2021-12-16 19:01:32,636 - utils.model_utils - INFO - load torch model time elapsed:0.0014775553718209267
2021-12-16 19:01:32,636 - models.pytorch_cvae - INFO - load model time elapsed:0.005393508821725845
2021-12-16 19:01:32,636 - __main__ - INFO - multi_sampling No.0 epoch
2021-12-16 19:01:32,637 - models.pytorch_cvae - INFO - statistics sampling rate:0.08
2021-12-16 19:01:32,637 - __main__ - INFO - multi_sampling No.1 epoch
2021-12-16 19:01:32,642 - models.pytorch_cvae - INFO - statistics sampling rate:0.08
2021-12-16 19:01:32,643 - __main__ - INFO - multi_sampling No.2 epoch
2021-12-16 19:01:32,645 - models.pytorch_cvae - INFO - statistics sampling rate:0.08
2021-12-16 19:01:34,013 - models.pytorch_cvae - INFO - sampling time:1.3699869150295854
2021-12-16 19:01:34,015 - models.pytorch_cvae - INFO - sampling time:1.3780508358031511
2021-12-16 19:01:34,482 - models.pytorch_cvae - INFO - sampling time:1.8374844808131456
2021-12-16 19:01:35,134 - models.pytorch_cvae - INFO - statistics sampling rate:0.1
2021-12-16 19:01:35,168 - models.pytorch_cvae - INFO - statistics sampling rate:0.1
2021-12-16 19:01:35,309 - models.pytorch_cvae - INFO - statistics sampling rate:0.1
2021-12-16 19:01:35,407 - models.pytorch_cvae - INFO - sampling time:0.09708651062101126
2021-12-16 19:01:35,503 - models.pytorch_cvae - INFO - sampling time:0.3670731596648693
2021-12-16 19:01:35,604 - models.pytorch_cvae - INFO - sampling time:0.43504233099520206
2021-12-16 19:01:35,764 - __main__ - INFO - sample and aggregation time elapsed:3.119690503925085
2021-12-16 19:01:35,964 - __main__ - INFO - sample and aggregation time elapsed:3.321884228847921
2021-12-16 19:01:36,004 - __main__ - INFO - sample and aggregation time elapsed:3.3672047704458237
2021-12-16 19:01:36,006 - __main__ - INFO - sample time:3.3700286131352186
2021-12-16 19:01:36,014 - __main__ - INFO - aqp result:
             avg(c_acctbal)  avg(s_acctbal)  sum(c_acctbal)  sum(s_acctbal)
c_nationkey                                                                
0           4479.49         4872.44         96996732642.80  105505402363.93
1           4413.75         5291.72         100052040102.77 119954194906.61
2           4416.61         4685.54         106690860535.28 113187338397.05
3           4450.97         4992.76         108610573734.40 121831186590.63
4           4495.58         5417.66         92497167230.81  111469253259.69
5           4405.48         5086.30         88646932679.40  102346394731.69
6           4486.15         4307.06         102485020732.70 98393855308.92 
7           4429.50         4627.23         99089159412.11  103512355440.86
8           4431.86         5157.84         100831712632.40 117348803216.68
9           4455.23         4711.38         100844398006.04 106642450773.54
10          4448.80         4883.48         105095003782.31 115363678394.40
11          4397.75         5341.05         103574444363.97 125790610851.58
12          4476.29         4169.69         99903894993.80  93061127706.19 
13          4429.69         4661.46         94714979608.45  99670802459.69 
14          4449.87         4696.68         104687437101.54 110493782054.45
15          4363.74         4501.79         92486728870.31  95412636465.27 
16          4431.48         5443.39         96398365944.10  118410377119.36
17          4407.43         4590.35         98230145781.23  102306928205.50
18          4477.73         5209.24         104276923142.99 121312292099.09
19          4367.08         4629.83         95373438087.86  101111568152.40
20          4423.72         4945.46         100494508413.29 112346946959.10
21          4446.25         5397.86         101923904648.18 123738250255.06
22          4425.90         4998.33         102682968658.83 115963695010.57
23          4399.24         5013.45         97307412344.94  110893052517.20
24          4450.79         5260.32         103072549802.45 121819885217.95
2021-12-16 19:01:36,016 - __main__ - INFO - ground truth:
             avg(c_acctbal)  avg(s_acctbal)  sum(c_acctbal)  sum(s_acctbal)
c_nationkey                                                                
0           4489.09         4750.47         97204429060.11  102864283639.34
1           4478.58         5156.38         101521631809.03 116886387814.97
2           4502.84         4926.83         108773860934.93 119016293073.25
3           4510.50         4976.52         110063319836.95 121434781349.97
4           4467.80         4955.13         91925727389.56  101952561544.09
5           4506.93         5017.03         90688332145.90  100952499397.81
6           4489.99         5263.09         102572805214.01 120234077220.52
7           4481.97         4725.51         100262969999.54 105711043954.64
8           4491.71         4898.26         102193355822.35 111442904344.11
9           4507.31         5056.46         102023357487.12 114453365970.99
10          4514.20         4934.04         106640129528.12 116557963141.05
11          4509.51         4846.61         106206568975.75 114145706219.45
12          4495.81         4905.97         100339620692.57 109493748108.56
13          4519.66         4967.01         96638723186.87  106203971323.94
14          4489.09         4748.57         105610059556.98 111714619054.55
15          4513.94         4993.59         95670237506.21  105836044024.01
16          4509.69         5125.84         98099691841.22  111502795597.57
17          4476.99         5194.81         99780562278.61  115778956973.10
18          4470.09         5153.13         104098927638.07 120005532950.10
19          4480.83         4865.91         97857583891.19  106267463992.76
20          4505.29         5210.90         102347462434.85 118377097752.18
21          4500.84         5087.25         103175299651.56 116617824864.37
22          4522.71         4945.33         104928946224.34 114733990724.54
23          4492.85         4974.00         99377984303.50  110020479238.93
24          4507.26         5065.90         104380144828.63 117317398620.77
2021-12-16 19:01:36,028 - __main__ - INFO - relative error:
             avg(c_acctbal)  avg(s_acctbal)  sum(c_acctbal)  sum(s_acctbal)
c_nationkey                                                                
0           0.00            0.03            0.00            0.03           
1           0.01            0.03            0.01            0.03           
2           0.02            0.05            0.02            0.05           
3           0.01            0.00            0.01            0.00           
4           0.01            0.09            0.01            0.09           
5           0.02            0.01            0.02            0.01           
6           0.00            0.18            0.00            0.18           
7           0.01            0.02            0.01            0.02           
8           0.01            0.05            0.01            0.05           
9           0.01            0.07            0.01            0.07           
10          0.01            0.01            0.01            0.01           
11          0.02            0.10            0.02            0.10           
12          0.00            0.15            0.00            0.15           
13          0.02            0.06            0.02            0.06           
14          0.01            0.01            0.01            0.01           
15          0.03            0.10            0.03            0.10           
16          0.02            0.06            0.02            0.06           
17          0.02            0.12            0.02            0.12           
18          0.00            0.01            0.00            0.01           
19          0.03            0.05            0.03            0.05           
20          0.02            0.05            0.02            0.05           
21          0.01            0.06            0.01            0.06           
22          0.02            0.01            0.02            0.01           
23          0.02            0.01            0.02            0.01           
24          0.01            0.04            0.01            0.04           
2021-12-16 19:01:36,028 - __main__ - INFO - relative error average :0.03481313158627761
2021-12-16 19:01:36,028 - __main__ - INFO - relative error normalized average :0.033514228154482
2021-12-16 19:01:36,028 - __main__ - INFO - relative error var normalized average :0.007877210623733416
2021-12-16 19:01:36,029 - __main__ - INFO - total_time:6.277984378859401
