main.py:20: FutureWarning: Passing a negative integer is deprecated in version 1.0 and will not be supported in future version. Instead, use None to not limit the column width.
  pd.set_option('max_colwidth', -1)
2021-12-16 19:02:30,747 - __main__ - INFO - load query config config/query/customer_with_inc_join_supplier.json successfully
2021-12-16 19:02:30,748 - __main__ - INFO - load train config ./config/train/tpch_customer_with_inc_torch_cvae.json successfully
2021-12-16 19:02:30,748 - __main__ - INFO - load train config ./config/train/tpch_supplier_torch_cvae.json successfully
2021-12-16 19:02:30,748 - utils.dataset_utils - INFO - load existing dataset(light):tpch-1m-customer-with-inc_c_nationkey_c_acctbal_c_nationkey_binary_gaussian5_0inc_train
2021-12-16 19:02:33,482 - utils.dataset_utils - INFO - load dataset(light) time elapsed:2.7343666069209576
2021-12-16 19:02:33,482 - models.pytorch_cvae - INFO - feature info:[('c_acctbal', 'numerical', 6), ('c_nationkey', 'categorical', 6)]
2021-12-16 19:02:33,483 - utils.model_utils - INFO - load model name:torch_cvae_tpch-1m-customer-with-inc_c_nationkey_ld50_id100_bs1024_ep100_0_binary_gaussian5inc_train
2021-12-16 19:02:33,487 - utils.model_utils - INFO - load torch model time elapsed:0.004151081666350365
2021-12-16 19:02:33,488 - models.pytorch_cvae - INFO - load model time elapsed:2.739875846542418
2021-12-16 19:02:33,488 - utils.dataset_utils - INFO - load existing dataset(light):tpch-1m-supplier_s_nationkey#s_suppkey_s_acctbal_s_nationkey_binary_gaussian5_0
2021-12-16 19:02:33,491 - utils.dataset_utils - INFO - load dataset(light) time elapsed:0.0029496578499674797
2021-12-16 19:02:33,491 - models.pytorch_cvae - INFO - feature info:[('s_acctbal', 'numerical', 6), ('s_nationkey', 'categorical', 6), ('s_suppkey', 'categorical', 15)]
2021-12-16 19:02:33,491 - utils.model_utils - INFO - load model name:torch_cvae_tpch-1m-supplier_s_nationkey_ld50_id100_bs32_ep150_0_binary_gaussian5
2021-12-16 19:02:33,493 - utils.model_utils - INFO - load torch model time elapsed:0.0015031937509775162
2021-12-16 19:02:33,493 - models.pytorch_cvae - INFO - load model time elapsed:0.005107469856739044
2021-12-16 19:02:33,493 - __main__ - INFO - multi_sampling No.0 epoch
2021-12-16 19:02:33,493 - models.pytorch_cvae - INFO - statistics sampling rate:0.1
2021-12-16 19:02:33,493 - __main__ - INFO - multi_sampling No.1 epoch
2021-12-16 19:02:33,499 - models.pytorch_cvae - INFO - statistics sampling rate:0.1
2021-12-16 19:02:33,499 - __main__ - INFO - multi_sampling No.2 epoch
2021-12-16 19:02:33,500 - models.pytorch_cvae - INFO - statistics sampling rate:0.1
2021-12-16 19:02:34,947 - models.pytorch_cvae - INFO - sampling time:1.4474584879353642
2021-12-16 19:02:34,968 - models.pytorch_cvae - INFO - sampling time:1.475001354701817
2021-12-16 19:02:36,269 - models.pytorch_cvae - INFO - statistics sampling rate:0.1
2021-12-16 19:02:36,298 - models.pytorch_cvae - INFO - statistics sampling rate:0.1
2021-12-16 19:02:36,320 - models.pytorch_cvae - INFO - sampling time:2.8198907477781177
2021-12-16 19:02:36,575 - models.pytorch_cvae - INFO - statistics sampling rate:0.1
2021-12-16 19:02:36,674 - models.pytorch_cvae - INFO - sampling time:0.3757493542507291
2021-12-16 19:02:36,788 - models.pytorch_cvae - INFO - sampling time:0.2119291676208377
2021-12-16 19:02:36,806 - models.pytorch_cvae - INFO - sampling time:0.5366669120267034
2021-12-16 19:02:37,352 - __main__ - INFO - sample and aggregation time elapsed:3.8590677650645375
2021-12-16 19:02:37,488 - __main__ - INFO - sample and aggregation time elapsed:3.9893658431246877
2021-12-16 19:02:37,524 - __main__ - INFO - sample and aggregation time elapsed:4.024662382900715
2021-12-16 19:02:37,529 - __main__ - INFO - sample time:4.036303997039795
2021-12-16 19:02:37,543 - __main__ - INFO - aqp result:
             avg(c_acctbal)  avg(s_acctbal)  sum(c_acctbal)  sum(s_acctbal)
c_nationkey                                                                
0           4447.22         4817.26         96297775856.99  104310555906.74
1           4394.13         4967.72         99607484862.67  112609593787.93
2           4391.24         5060.17         106077982663.82 122237220604.43
3           4367.18         4508.04         106565978363.80 110003287714.11
4           4450.91         4981.27         91578236382.01  102490494612.93
5           4417.55         5420.68         88889885800.62  109074749062.89
6           4441.15         4633.77         101457102198.71 105857402810.19
7           4396.94         5072.15         98360795278.85  113465323600.41
8           4434.56         5186.04         100892916039.35 117990312638.09
9           4453.40         5067.02         100803143448.80 114692373689.24
10          4469.71         4906.71         105589040043.28 115912474625.00
11          4411.31         4985.97         103893693129.51 117427879125.07
12          4403.88         4620.83         98287801173.77  103129924165.49
13          4423.84         4789.21         94589913035.19  102402338205.22
14          4467.04         4793.73         105091334623.03 112777069471.32
15          4434.50         4951.33         93986462048.30  104940434417.72
16          4416.87         4761.60         96080561284.53  103579509025.90
17          4444.39         5423.33         99053947918.72  120871881023.27
18          4419.66         5001.58         102924573849.33 116476268867.82
19          4382.74         4767.53         95715395687.04  104118925478.37
20          4467.46         5105.37         101488237216.24 115979611796.94
21          4426.16         4957.88         101463353163.93 113652290077.23
22          4458.17         4918.98         103431594273.91 114122744259.09
23          4416.54         4922.50         97690016155.01  108881458034.50
24          4432.94         4791.53         102659139259.67 110963463789.96
2021-12-16 19:02:37,546 - __main__ - INFO - ground truth:
             avg(c_acctbal)  avg(s_acctbal)  sum(c_acctbal)  sum(s_acctbal)
c_nationkey                                                                
0           4489.09         4750.47         97204429060.11  102864283639.34
1           4478.58         5156.38         101521631809.03 116886387814.97
2           4502.84         4926.83         108773860934.93 119016293073.25
3           4510.50         4976.52         110063319836.95 121434781349.97
4           4467.80         4955.13         91925727389.56  101952561544.09
5           4506.93         5017.03         90688332145.90  100952499397.81
6           4489.99         5263.09         102572805214.01 120234077220.52
7           4481.97         4725.51         100262969999.54 105711043954.64
8           4491.71         4898.26         102193355822.35 111442904344.11
9           4507.31         5056.46         102023357487.12 114453365970.99
10          4514.20         4934.04         106640129528.12 116557963141.05
11          4509.51         4846.61         106206568975.75 114145706219.45
12          4495.81         4905.97         100339620692.57 109493748108.56
13          4519.66         4967.01         96638723186.87  106203971323.94
14          4489.09         4748.57         105610059556.98 111714619054.55
15          4513.94         4993.59         95670237506.21  105836044024.01
16          4509.69         5125.84         98099691841.22  111502795597.57
17          4476.99         5194.81         99780562278.61  115778956973.10
18          4470.09         5153.13         104098927638.07 120005532950.10
19          4480.83         4865.91         97857583891.19  106267463992.76
20          4505.29         5210.90         102347462434.85 118377097752.18
21          4500.84         5087.25         103175299651.56 116617824864.37
22          4522.71         4945.33         104928946224.34 114733990724.54
23          4492.85         4974.00         99377984303.50  110020479238.93
24          4507.26         5065.90         104380144828.63 117317398620.77
2021-12-16 19:02:37,557 - __main__ - INFO - relative error:
             avg(c_acctbal)  avg(s_acctbal)  sum(c_acctbal)  sum(s_acctbal)
c_nationkey                                                                
0           0.01            0.01            0.01            0.01           
1           0.02            0.04            0.02            0.04           
2           0.02            0.03            0.02            0.03           
3           0.03            0.09            0.03            0.09           
4           0.00            0.01            0.00            0.01           
5           0.02            0.08            0.02            0.08           
6           0.01            0.12            0.01            0.12           
7           0.02            0.07            0.02            0.07           
8           0.01            0.06            0.01            0.06           
9           0.01            0.00            0.01            0.00           
10          0.01            0.01            0.01            0.01           
11          0.02            0.03            0.02            0.03           
12          0.02            0.06            0.02            0.06           
13          0.02            0.04            0.02            0.04           
14          0.00            0.01            0.00            0.01           
15          0.02            0.01            0.02            0.01           
16          0.02            0.07            0.02            0.07           
17          0.01            0.04            0.01            0.04           
18          0.01            0.03            0.01            0.03           
19          0.02            0.02            0.02            0.02           
20          0.01            0.02            0.01            0.02           
21          0.02            0.03            0.02            0.03           
22          0.01            0.01            0.01            0.01           
23          0.02            0.01            0.02            0.01           
24          0.02            0.05            0.02            0.05           
2021-12-16 19:02:37,558 - __main__ - INFO - relative error average :0.02660350644655153
2021-12-16 19:02:37,558 - __main__ - INFO - relative error normalized average :0.02595868249586034
2021-12-16 19:02:37,558 - __main__ - INFO - relative error var normalized average :0.003775758498203503
2021-12-16 19:02:37,560 - __main__ - INFO - total_time:6.812333595938981
