main.py:20: FutureWarning: Passing a negative integer is deprecated in version 1.0 and will not be supported in future version. Instead, use None to not limit the column width.
  pd.set_option('max_colwidth', -1)
2021-12-16 19:01:20,508 - __main__ - INFO - load query config config/query/customer_with_inc_join_supplier.json successfully
2021-12-16 19:01:20,508 - __main__ - INFO - load train config ./config/train/tpch_customer_with_inc_torch_cvae.json successfully
2021-12-16 19:01:20,508 - __main__ - INFO - load train config ./config/train/tpch_supplier_torch_cvae.json successfully
2021-12-16 19:01:20,508 - utils.dataset_utils - INFO - load existing dataset(light):tpch-1m-customer-with-inc_c_nationkey_c_acctbal_c_nationkey_binary_gaussian5_0inc_train
2021-12-16 19:01:23,232 - utils.dataset_utils - INFO - load dataset(light) time elapsed:2.724280124530196
2021-12-16 19:01:23,233 - models.pytorch_cvae - INFO - feature info:[('c_acctbal', 'numerical', 6), ('c_nationkey', 'categorical', 6)]
2021-12-16 19:01:23,234 - utils.model_utils - INFO - load model name:torch_cvae_tpch-1m-customer-with-inc_c_nationkey_ld50_id100_bs1024_ep100_0_binary_gaussian5inc_train
2021-12-16 19:01:23,236 - utils.model_utils - INFO - load torch model time elapsed:0.002014538273215294
2021-12-16 19:01:23,236 - models.pytorch_cvae - INFO - load model time elapsed:2.727681765332818
2021-12-16 19:01:23,236 - utils.dataset_utils - INFO - load existing dataset(light):tpch-1m-supplier_s_nationkey#s_suppkey_s_acctbal_s_nationkey_binary_gaussian5_0
2021-12-16 19:01:23,239 - utils.dataset_utils - INFO - load dataset(light) time elapsed:0.002712950110435486
2021-12-16 19:01:23,239 - models.pytorch_cvae - INFO - feature info:[('s_acctbal', 'numerical', 6), ('s_nationkey', 'categorical', 6), ('s_suppkey', 'categorical', 15)]
2021-12-16 19:01:23,239 - utils.model_utils - INFO - load model name:torch_cvae_tpch-1m-supplier_s_nationkey_ld50_id100_bs32_ep150_0_binary_gaussian5
2021-12-16 19:01:23,241 - utils.model_utils - INFO - load torch model time elapsed:0.0014237891882658005
2021-12-16 19:01:23,241 - models.pytorch_cvae - INFO - load model time elapsed:0.004813862033188343
2021-12-16 19:01:23,241 - __main__ - INFO - multi_sampling No.0 epoch
2021-12-16 19:01:23,241 - models.pytorch_cvae - INFO - statistics sampling rate:0.08
2021-12-16 19:01:23,241 - __main__ - INFO - multi_sampling No.1 epoch
2021-12-16 19:01:23,247 - models.pytorch_cvae - INFO - statistics sampling rate:0.08
2021-12-16 19:01:23,247 - __main__ - INFO - multi_sampling No.2 epoch
2021-12-16 19:01:23,248 - models.pytorch_cvae - INFO - statistics sampling rate:0.08
2021-12-16 19:01:24,722 - models.pytorch_cvae - INFO - sampling time:1.4746454879641533
2021-12-16 19:01:24,779 - models.pytorch_cvae - INFO - sampling time:1.537284548394382
2021-12-16 19:01:24,825 - models.pytorch_cvae - INFO - sampling time:1.576564596965909
2021-12-16 19:01:25,674 - models.pytorch_cvae - INFO - statistics sampling rate:0.1
2021-12-16 19:01:25,752 - models.pytorch_cvae - INFO - statistics sampling rate:0.1
2021-12-16 19:01:25,773 - models.pytorch_cvae - INFO - statistics sampling rate:0.1
2021-12-16 19:01:25,857 - models.pytorch_cvae - INFO - sampling time:0.08427979703992605
2021-12-16 19:01:26,041 - models.pytorch_cvae - INFO - sampling time:0.365781263448298
2021-12-16 19:01:26,062 - models.pytorch_cvae - INFO - sampling time:0.3100123321637511
2021-12-16 19:01:26,277 - __main__ - INFO - sample and aggregation time elapsed:3.0356672098860145
2021-12-16 19:01:26,525 - __main__ - INFO - sample and aggregation time elapsed:3.278864591382444
2021-12-16 19:01:26,548 - __main__ - INFO - sample and aggregation time elapsed:3.3003643127158284
2021-12-16 19:01:26,553 - __main__ - INFO - sample time:3.3119551688432693
2021-12-16 19:01:26,568 - __main__ - INFO - aqp result:
             avg(c_acctbal)  avg(s_acctbal)  sum(c_acctbal)  sum(s_acctbal)
c_nationkey                                                                
0           4405.64         4701.10         95397474510.86  101795301341.19
1           4453.36         4869.01         100950127320.25 110372141446.41
2           4467.46         5464.09         107919340634.38 131994714331.86
3           4427.94         4659.74         108048795768.20 113704901061.51
4           4452.57         4642.26         91612420100.28  95515247469.45 
5           4387.16         4567.38         88278325348.66  91904790869.13 
6           4433.58         5093.25         101283986105.16 116354066958.21
7           4447.71         5128.88         99496505487.40  114734432815.46
8           4411.75         4309.05         100374160085.09 98037485665.27 
9           4391.46         4756.42         99401055644.13  107661918850.65
10          4408.53         4518.09         104143846715.54 106731864131.65
11          4411.33         4390.40         103894286000.11 103401198192.28
12          4518.12         4832.99         100837494979.06 107864991433.74
13          4461.76         4865.20         95400682638.68  104027025120.12
14          4467.99         5294.32         105113604250.17 124553880664.42
15          4434.71         5175.53         93990899338.32  109692195806.71
16          4353.93         5168.36         94711434058.94  112427734738.78
17          4413.55         5863.35         98366622011.95  130678785390.12
18          4470.30         4764.45         104103933919.51 110953978033.72
19          4398.34         4869.71         96056121950.89  106350345569.44
20          4420.95         5024.87         100431613361.14 114151081740.54
21          4418.07         5041.36         101277943989.76 115565819907.84
22          4421.47         4324.07         102580267418.00 100320455127.28
23          4430.43         5420.62         97997161658.47  119899362242.83
24          4380.28         5453.56         101439506212.49 126294976729.69
2021-12-16 19:01:26,572 - __main__ - INFO - ground truth:
             avg(c_acctbal)  avg(s_acctbal)  sum(c_acctbal)  sum(s_acctbal)
c_nationkey                                                                
0           4489.09         4750.47         97204429060.11  102864283639.34
1           4478.58         5156.38         101521631809.03 116886387814.97
2           4502.84         4926.83         108773860934.93 119016293073.25
3           4510.50         4976.52         110063319836.95 121434781349.97
4           4467.80         4955.13         91925727389.56  101952561544.09
5           4506.93         5017.03         90688332145.90  100952499397.81
6           4489.99         5263.09         102572805214.01 120234077220.52
7           4481.97         4725.51         100262969999.54 105711043954.64
8           4491.71         4898.26         102193355822.35 111442904344.11
9           4507.31         5056.46         102023357487.12 114453365970.99
10          4514.20         4934.04         106640129528.12 116557963141.05
11          4509.51         4846.61         106206568975.75 114145706219.45
12          4495.81         4905.97         100339620692.57 109493748108.56
13          4519.66         4967.01         96638723186.87  106203971323.94
14          4489.09         4748.57         105610059556.98 111714619054.55
15          4513.94         4993.59         95670237506.21  105836044024.01
16          4509.69         5125.84         98099691841.22  111502795597.57
17          4476.99         5194.81         99780562278.61  115778956973.10
18          4470.09         5153.13         104098927638.07 120005532950.10
19          4480.83         4865.91         97857583891.19  106267463992.76
20          4505.29         5210.90         102347462434.85 118377097752.18
21          4500.84         5087.25         103175299651.56 116617824864.37
22          4522.71         4945.33         104928946224.34 114733990724.54
23          4492.85         4974.00         99377984303.50  110020479238.93
24          4507.26         5065.90         104380144828.63 117317398620.77
2021-12-16 19:01:26,583 - __main__ - INFO - relative error:
             avg(c_acctbal)  avg(s_acctbal)  sum(c_acctbal)  sum(s_acctbal)
c_nationkey                                                                
0           0.02            0.01            0.02            0.01           
1           0.01            0.06            0.01            0.06           
2           0.01            0.11            0.01            0.11           
3           0.02            0.06            0.02            0.06           
4           0.00            0.06            0.00            0.06           
5           0.03            0.09            0.03            0.09           
6           0.01            0.03            0.01            0.03           
7           0.01            0.09            0.01            0.09           
8           0.02            0.12            0.02            0.12           
9           0.03            0.06            0.03            0.06           
10          0.02            0.08            0.02            0.08           
11          0.02            0.09            0.02            0.09           
12          0.00            0.01            0.00            0.01           
13          0.01            0.02            0.01            0.02           
14          0.00            0.11            0.00            0.11           
15          0.02            0.04            0.02            0.04           
16          0.03            0.01            0.03            0.01           
17          0.01            0.13            0.01            0.13           
18          0.00            0.08            0.00            0.08           
19          0.02            0.00            0.02            0.00           
20          0.02            0.04            0.02            0.04           
21          0.02            0.01            0.02            0.01           
22          0.02            0.13            0.02            0.13           
23          0.01            0.09            0.01            0.09           
24          0.03            0.08            0.03            0.08           
2021-12-16 19:01:26,583 - __main__ - INFO - relative error average :0.040037564520990804
2021-12-16 19:01:26,583 - __main__ - INFO - relative error normalized average :0.03858239194670501
2021-12-16 19:01:26,583 - __main__ - INFO - relative error var normalized average :0.008647108345816352
2021-12-16 19:01:26,586 - __main__ - INFO - total_time:6.077774211764336
