main.py:20: FutureWarning: Passing a negative integer is deprecated in version 1.0 and will not be supported in future version. Instead, use None to not limit the column width.
  pd.set_option('max_colwidth', -1)
2021-12-16 19:01:49,214 - __main__ - INFO - load query config config/query/customer_with_inc_join_supplier.json successfully
2021-12-16 19:01:49,214 - __main__ - INFO - load train config ./config/train/tpch_customer_with_inc_torch_cvae.json successfully
2021-12-16 19:01:49,215 - __main__ - INFO - load train config ./config/train/tpch_supplier_torch_cvae.json successfully
2021-12-16 19:01:49,215 - utils.dataset_utils - INFO - load existing dataset(light):tpch-1m-customer-with-inc_c_nationkey_c_acctbal_c_nationkey_binary_gaussian5_0inc_train
2021-12-16 19:01:52,647 - utils.dataset_utils - INFO - load dataset(light) time elapsed:3.432644587010145
2021-12-16 19:01:52,647 - models.pytorch_cvae - INFO - feature info:[('c_acctbal', 'numerical', 6), ('c_nationkey', 'categorical', 6)]
2021-12-16 19:01:52,649 - utils.model_utils - INFO - load model name:torch_cvae_tpch-1m-customer-with-inc_c_nationkey_ld50_id100_bs1024_ep100_0_binary_gaussian5inc_train
2021-12-16 19:01:52,651 - utils.model_utils - INFO - load torch model time elapsed:0.00199241004884243
2021-12-16 19:01:52,651 - models.pytorch_cvae - INFO - load model time elapsed:3.436000945046544
2021-12-16 19:01:52,651 - utils.dataset_utils - INFO - load existing dataset(light):tpch-1m-supplier_s_nationkey#s_suppkey_s_acctbal_s_nationkey_binary_gaussian5_0
2021-12-16 19:01:52,653 - utils.dataset_utils - INFO - load dataset(light) time elapsed:0.0026617050170898438
2021-12-16 19:01:52,653 - models.pytorch_cvae - INFO - feature info:[('s_acctbal', 'numerical', 6), ('s_nationkey', 'categorical', 6), ('s_suppkey', 'categorical', 15)]
2021-12-16 19:01:52,654 - utils.model_utils - INFO - load model name:torch_cvae_tpch-1m-supplier_s_nationkey_ld50_id100_bs32_ep150_0_binary_gaussian5
2021-12-16 19:01:52,655 - utils.model_utils - INFO - load torch model time elapsed:0.0014304229989647865
2021-12-16 19:01:52,655 - models.pytorch_cvae - INFO - load model time elapsed:0.004771462641656399
2021-12-16 19:01:52,655 - __main__ - INFO - multi_sampling No.0 epoch
2021-12-16 19:01:52,656 - models.pytorch_cvae - INFO - statistics sampling rate:0.09
2021-12-16 19:01:52,656 - __main__ - INFO - multi_sampling No.1 epoch
2021-12-16 19:01:52,662 - models.pytorch_cvae - INFO - statistics sampling rate:0.09
2021-12-16 19:01:52,662 - __main__ - INFO - multi_sampling No.2 epoch
2021-12-16 19:01:52,663 - models.pytorch_cvae - INFO - statistics sampling rate:0.09
2021-12-16 19:01:54,226 - models.pytorch_cvae - INFO - sampling time:1.5698952628299594
2021-12-16 19:01:54,227 - models.pytorch_cvae - INFO - sampling time:1.564923140220344
2021-12-16 19:01:54,477 - models.pytorch_cvae - INFO - sampling time:1.8129754588007927
2021-12-16 19:01:55,586 - models.pytorch_cvae - INFO - statistics sampling rate:0.1
2021-12-16 19:01:55,641 - models.pytorch_cvae - INFO - statistics sampling rate:0.1
2021-12-16 19:01:55,658 - models.pytorch_cvae - INFO - statistics sampling rate:0.1
2021-12-16 19:01:55,765 - models.pytorch_cvae - INFO - sampling time:0.17898031137883663
2021-12-16 19:01:55,834 - models.pytorch_cvae - INFO - sampling time:0.17519606836140156
2021-12-16 19:01:55,903 - models.pytorch_cvae - INFO - sampling time:0.25980945490300655
2021-12-16 19:01:56,292 - __main__ - INFO - sample and aggregation time elapsed:3.6357960775494576
2021-12-16 19:01:56,402 - __main__ - INFO - sample and aggregation time elapsed:3.7395476000383496
2021-12-16 19:01:56,415 - __main__ - INFO - sample and aggregation time elapsed:3.753962827846408
2021-12-16 19:01:56,420 - __main__ - INFO - sample time:3.7646684227511287
2021-12-16 19:01:56,433 - __main__ - INFO - aqp result:
             avg(c_acctbal)  avg(s_acctbal)  sum(c_acctbal)  sum(s_acctbal)
c_nationkey                                                                
0           4393.06         5118.23         95125203208.57  110827543490.91
1           4444.11         4958.57         100740333064.83 112402389203.04
2           4451.39         4773.23         107531065845.45 115305699302.08
3           4431.79         4895.60         108142612505.03 119460220724.37
4           4453.86         4799.17         91638864437.30  98743586569.84 
5           4447.82         5368.24         89499018055.34  108019712225.99
6           4416.11         4779.24         100885090559.40 109180515745.51
7           4415.28         5001.10         98770995915.82  111876077085.62
8           4379.60         5039.47         99642619672.33  114655599109.54
9           4422.06         5411.43         100093635425.57 122488093735.56
10          4394.96         4670.84         103823279903.63 110340455321.16
11          4437.28         4591.64         104505458826.92 108140739811.58
12          4419.18         5022.94         98629290817.78  112104349901.39
13          4471.48         4802.76         95608485068.61  102692037326.00
14          4483.39         5138.90         105475963493.95 120897438683.48
15          4409.68         4973.39         93460469348.61  105407839235.58
16          4429.23         4810.96         96349302997.89  104653059612.09
17          4357.87         5562.12         97125569914.63  123965205309.71
18          4454.95         5329.48         103746412480.59 124112424754.87
19          4394.98         4782.85         95982589389.21  104453378112.18
20          4456.90         5137.92         101248279941.55 116719166489.40
21          4429.80         4570.24         101546833497.40 104766205850.46
22          4389.85         4848.10         101846520934.59 112478299089.17
23          4416.09         4883.73         97680112508.43  108023834575.91
24          4471.18         5148.26         103544621069.21 119224715784.35
2021-12-16 19:01:56,436 - __main__ - INFO - ground truth:
             avg(c_acctbal)  avg(s_acctbal)  sum(c_acctbal)  sum(s_acctbal)
c_nationkey                                                                
0           4489.09         4750.47         97204429060.11  102864283639.34
1           4478.58         5156.38         101521631809.03 116886387814.97
2           4502.84         4926.83         108773860934.93 119016293073.25
3           4510.50         4976.52         110063319836.95 121434781349.97
4           4467.80         4955.13         91925727389.56  101952561544.09
5           4506.93         5017.03         90688332145.90  100952499397.81
6           4489.99         5263.09         102572805214.01 120234077220.52
7           4481.97         4725.51         100262969999.54 105711043954.64
8           4491.71         4898.26         102193355822.35 111442904344.11
9           4507.31         5056.46         102023357487.12 114453365970.99
10          4514.20         4934.04         106640129528.12 116557963141.05
11          4509.51         4846.61         106206568975.75 114145706219.45
12          4495.81         4905.97         100339620692.57 109493748108.56
13          4519.66         4967.01         96638723186.87  106203971323.94
14          4489.09         4748.57         105610059556.98 111714619054.55
15          4513.94         4993.59         95670237506.21  105836044024.01
16          4509.69         5125.84         98099691841.22  111502795597.57
17          4476.99         5194.81         99780562278.61  115778956973.10
18          4470.09         5153.13         104098927638.07 120005532950.10
19          4480.83         4865.91         97857583891.19  106267463992.76
20          4505.29         5210.90         102347462434.85 118377097752.18
21          4500.84         5087.25         103175299651.56 116617824864.37
22          4522.71         4945.33         104928946224.34 114733990724.54
23          4492.85         4974.00         99377984303.50  110020479238.93
24          4507.26         5065.90         104380144828.63 117317398620.77
2021-12-16 19:01:56,447 - __main__ - INFO - relative error:
             avg(c_acctbal)  avg(s_acctbal)  sum(c_acctbal)  sum(s_acctbal)
c_nationkey                                                                
0           0.02            0.08            0.02            0.08           
1           0.01            0.04            0.01            0.04           
2           0.01            0.03            0.01            0.03           
3           0.02            0.02            0.02            0.02           
4           0.00            0.03            0.00            0.03           
5           0.01            0.07            0.01            0.07           
6           0.02            0.09            0.02            0.09           
7           0.01            0.06            0.01            0.06           
8           0.02            0.03            0.02            0.03           
9           0.02            0.07            0.02            0.07           
10          0.03            0.05            0.03            0.05           
11          0.02            0.05            0.02            0.05           
12          0.02            0.02            0.02            0.02           
13          0.01            0.03            0.01            0.03           
14          0.00            0.08            0.00            0.08           
15          0.02            0.00            0.02            0.00           
16          0.02            0.06            0.02            0.06           
17          0.03            0.07            0.03            0.07           
18          0.00            0.03            0.00            0.03           
19          0.02            0.02            0.02            0.02           
20          0.01            0.01            0.01            0.01           
21          0.02            0.10            0.02            0.10           
22          0.03            0.02            0.03            0.02           
23          0.02            0.02            0.02            0.02           
24          0.01            0.02            0.01            0.02           
2021-12-16 19:01:56,447 - __main__ - INFO - relative error average :0.030162229581572816
2021-12-16 19:01:56,447 - __main__ - INFO - relative error normalized average :0.029423883745474094
2021-12-16 19:01:56,447 - __main__ - INFO - relative error var normalized average :0.004361810240948097
2021-12-16 19:01:56,450 - __main__ - INFO - total_time:7.235355231910944
