main.py:20: FutureWarning: Passing a negative integer is deprecated in version 1.0 and will not be supported in future version. Instead, use None to not limit the column width.
  pd.set_option('max_colwidth', -1)
2021-12-16 18:59:35,379 - __main__ - INFO - load query config config/query/customer_with_inc_join_supplier.json successfully
2021-12-16 18:59:35,380 - __main__ - INFO - load train config ./config/train/tpch_customer_with_inc_torch_cvae.json successfully
2021-12-16 18:59:35,380 - __main__ - INFO - load train config ./config/train/tpch_supplier_torch_cvae.json successfully
2021-12-16 18:59:35,380 - utils.dataset_utils - INFO - load existing dataset(light):tpch-1m-customer-with-inc_c_nationkey_c_acctbal_c_nationkey_binary_gaussian5_0inc_train
2021-12-16 18:59:38,111 - utils.dataset_utils - INFO - load dataset(light) time elapsed:2.730953291989863
2021-12-16 18:59:38,111 - models.pytorch_cvae - INFO - feature info:[('c_acctbal', 'numerical', 6), ('c_nationkey', 'categorical', 6)]
2021-12-16 18:59:38,112 - utils.model_utils - INFO - load model name:torch_cvae_tpch-1m-customer-with-inc_c_nationkey_ld50_id100_bs1024_ep100_0_binary_gaussian5inc_train
2021-12-16 18:59:38,117 - utils.model_utils - INFO - load torch model time elapsed:0.004846648313105106
2021-12-16 18:59:38,117 - models.pytorch_cvae - INFO - load model time elapsed:2.7371470695361495
2021-12-16 18:59:38,117 - utils.dataset_utils - INFO - load existing dataset(light):tpch-1m-supplier_s_nationkey#s_suppkey_s_acctbal_s_nationkey_binary_gaussian5_0
2021-12-16 18:59:38,120 - utils.dataset_utils - INFO - load dataset(light) time elapsed:0.002948576584458351
2021-12-16 18:59:38,120 - models.pytorch_cvae - INFO - feature info:[('s_acctbal', 'numerical', 6), ('s_nationkey', 'categorical', 6), ('s_suppkey', 'categorical', 15)]
2021-12-16 18:59:38,120 - utils.model_utils - INFO - load model name:torch_cvae_tpch-1m-supplier_s_nationkey_ld50_id100_bs32_ep150_0_binary_gaussian5
2021-12-16 18:59:38,122 - utils.model_utils - INFO - load torch model time elapsed:0.0014814408496022224
2021-12-16 18:59:38,122 - models.pytorch_cvae - INFO - load model time elapsed:0.005084509961307049
2021-12-16 18:59:38,122 - __main__ - INFO - multi_sampling No.0 epoch
2021-12-16 18:59:38,122 - models.pytorch_cvae - INFO - statistics sampling rate:0.04
2021-12-16 18:59:38,123 - __main__ - INFO - multi_sampling No.1 epoch
2021-12-16 18:59:38,128 - models.pytorch_cvae - INFO - statistics sampling rate:0.04
2021-12-16 18:59:38,128 - __main__ - INFO - multi_sampling No.2 epoch
2021-12-16 18:59:38,130 - models.pytorch_cvae - INFO - statistics sampling rate:0.04
2021-12-16 18:59:39,164 - models.pytorch_cvae - INFO - sampling time:1.0357443718239665
2021-12-16 18:59:39,228 - models.pytorch_cvae - INFO - sampling time:1.1048485431820154
2021-12-16 18:59:39,515 - models.pytorch_cvae - INFO - statistics sampling rate:0.1
2021-12-16 18:59:39,553 - models.pytorch_cvae - INFO - statistics sampling rate:0.1
2021-12-16 18:59:39,657 - models.pytorch_cvae - INFO - sampling time:1.526515867561102
2021-12-16 18:59:39,765 - models.pytorch_cvae - INFO - statistics sampling rate:0.1
2021-12-16 18:59:39,824 - models.pytorch_cvae - INFO - sampling time:0.30799912195652723
2021-12-16 18:59:39,904 - models.pytorch_cvae - INFO - sampling time:0.35043765138834715
2021-12-16 18:59:40,019 - __main__ - INFO - sample and aggregation time elapsed:1.8970612483099103
2021-12-16 18:59:40,042 - models.pytorch_cvae - INFO - sampling time:0.27694566268473864
2021-12-16 18:59:40,100 - __main__ - INFO - sample and aggregation time elapsed:1.971928828395903
2021-12-16 18:59:40,206 - __main__ - INFO - sample and aggregation time elapsed:2.0761746475473046
2021-12-16 18:59:40,211 - __main__ - INFO - sample time:2.089141228236258
2021-12-16 18:59:40,224 - __main__ - INFO - aqp result:
             avg(c_acctbal)  avg(s_acctbal)  sum(c_acctbal)  sum(s_acctbal)
c_nationkey                                                                
0           4423.12         5135.25         95776056408.79  111196236902.13
1           4449.11         5040.43         100853685683.15 114257826705.63
2           4456.86         5388.85         107663330226.35 130177131190.70
3           4465.96         4776.29         108976414658.33 116548983844.54
4           4539.04         4850.98         93391519405.58  99809728642.41 
5           4383.89         5116.16         88212579116.64  102947300979.88
6           4467.34         4816.84         102055319506.54 110039544200.33
7           4423.09         4562.08         98945800270.57  102055084560.42
8           4407.03         4968.63         100266695150.09 113044051951.09
9           4480.77         4752.53         101422468579.27 107573978492.90
10          4429.72         4983.28         104644244475.42 117721197427.60
11          4431.92         4689.00         104379171554.14 110433696396.39
12          4479.51         5099.74         99975805902.11  113818308713.07
13          4497.46         5190.56         96164059564.37  110983901816.95
14          4391.13         4100.65         103305448680.78 96471799360.65 
15          4361.13         4389.08         92431536203.37  93023833709.48 
16          4455.68         5482.42         96924725801.46  119259436250.79
17          4477.86         5333.34         99799880638.51  118866415244.32
18          4473.32         4856.07         104174149134.08 113087527356.40
19          4455.51         4582.35         97304493984.75  100074780890.49
20          4365.21         5202.27         99165269790.96  118181111676.81
21          4442.77         4893.40         101843998296.53 112174242573.14
22          4493.99         4824.94         104262645934.44 111940892573.62
23          4455.06         5252.67         98542061025.94  116184444652.08
24          4471.93         4896.82         103561940336.77 113401852460.85
2021-12-16 18:59:40,227 - __main__ - INFO - ground truth:
             avg(c_acctbal)  avg(s_acctbal)  sum(c_acctbal)  sum(s_acctbal)
c_nationkey                                                                
0           4489.09         4750.47         97204429060.11  102864283639.34
1           4478.58         5156.38         101521631809.03 116886387814.97
2           4502.84         4926.83         108773860934.93 119016293073.25
3           4510.50         4976.52         110063319836.95 121434781349.97
4           4467.80         4955.13         91925727389.56  101952561544.09
5           4506.93         5017.03         90688332145.90  100952499397.81
6           4489.99         5263.09         102572805214.01 120234077220.52
7           4481.97         4725.51         100262969999.54 105711043954.64
8           4491.71         4898.26         102193355822.35 111442904344.11
9           4507.31         5056.46         102023357487.12 114453365970.99
10          4514.20         4934.04         106640129528.12 116557963141.05
11          4509.51         4846.61         106206568975.75 114145706219.45
12          4495.81         4905.97         100339620692.57 109493748108.56
13          4519.66         4967.01         96638723186.87  106203971323.94
14          4489.09         4748.57         105610059556.98 111714619054.55
15          4513.94         4993.59         95670237506.21  105836044024.01
16          4509.69         5125.84         98099691841.22  111502795597.57
17          4476.99         5194.81         99780562278.61  115778956973.10
18          4470.09         5153.13         104098927638.07 120005532950.10
19          4480.83         4865.91         97857583891.19  106267463992.76
20          4505.29         5210.90         102347462434.85 118377097752.18
21          4500.84         5087.25         103175299651.56 116617824864.37
22          4522.71         4945.33         104928946224.34 114733990724.54
23          4492.85         4974.00         99377984303.50  110020479238.93
24          4507.26         5065.90         104380144828.63 117317398620.77
2021-12-16 18:59:40,238 - __main__ - INFO - relative error:
             avg(c_acctbal)  avg(s_acctbal)  sum(c_acctbal)  sum(s_acctbal)
c_nationkey                                                                
0           0.01            0.08            0.01            0.08           
1           0.01            0.02            0.01            0.02           
2           0.01            0.09            0.01            0.09           
3           0.01            0.04            0.01            0.04           
4           0.02            0.02            0.02            0.02           
5           0.03            0.02            0.03            0.02           
6           0.01            0.08            0.01            0.08           
7           0.01            0.03            0.01            0.03           
8           0.02            0.01            0.02            0.01           
9           0.01            0.06            0.01            0.06           
10          0.02            0.01            0.02            0.01           
11          0.02            0.03            0.02            0.03           
12          0.00            0.04            0.00            0.04           
13          0.00            0.05            0.00            0.05           
14          0.02            0.14            0.02            0.14           
15          0.03            0.12            0.03            0.12           
16          0.01            0.07            0.01            0.07           
17          0.00            0.03            0.00            0.03           
18          0.00            0.06            0.00            0.06           
19          0.01            0.06            0.01            0.06           
20          0.03            0.00            0.03            0.00           
21          0.01            0.04            0.01            0.04           
22          0.01            0.02            0.01            0.02           
23          0.01            0.06            0.01            0.06           
24          0.01            0.03            0.01            0.03           
2021-12-16 18:59:40,238 - __main__ - INFO - relative error average :0.030701777409343878
2021-12-16 18:59:40,238 - __main__ - INFO - relative error normalized average :0.02979836622261844
2021-12-16 18:59:40,239 - __main__ - INFO - relative error var normalized average :0.005223507960019952
2021-12-16 18:59:40,240 - __main__ - INFO - total_time:4.86090274900198
