main.py:20: FutureWarning: Passing a negative integer is deprecated in version 1.0 and will not be supported in future version. Instead, use None to not limit the column width.
  pd.set_option('max_colwidth', -1)
2021-12-16 18:58:55,334 - __main__ - INFO - load query config config/query/customer_with_inc_join_supplier.json successfully
2021-12-16 18:58:55,334 - __main__ - INFO - load train config ./config/train/tpch_customer_with_inc_torch_cvae.json successfully
2021-12-16 18:58:55,334 - __main__ - INFO - load train config ./config/train/tpch_supplier_torch_cvae.json successfully
2021-12-16 18:58:55,334 - utils.dataset_utils - INFO - load existing dataset(light):tpch-1m-customer-with-inc_c_nationkey_c_acctbal_c_nationkey_binary_gaussian5_0inc_train
2021-12-16 18:58:58,073 - utils.dataset_utils - INFO - load dataset(light) time elapsed:2.73882014490664
2021-12-16 18:58:58,073 - models.pytorch_cvae - INFO - feature info:[('c_acctbal', 'numerical', 6), ('c_nationkey', 'categorical', 6)]
2021-12-16 18:58:58,075 - utils.model_utils - INFO - load model name:torch_cvae_tpch-1m-customer-with-inc_c_nationkey_ld50_id100_bs1024_ep100_0_binary_gaussian5inc_train
2021-12-16 18:58:58,077 - utils.model_utils - INFO - load torch model time elapsed:0.001957525499165058
2021-12-16 18:58:58,077 - models.pytorch_cvae - INFO - load model time elapsed:2.7421651920303702
2021-12-16 18:58:58,077 - utils.dataset_utils - INFO - load existing dataset(light):tpch-1m-supplier_s_nationkey#s_suppkey_s_acctbal_s_nationkey_binary_gaussian5_0
2021-12-16 18:58:58,080 - utils.dataset_utils - INFO - load dataset(light) time elapsed:0.0029149074107408524
2021-12-16 18:58:58,080 - models.pytorch_cvae - INFO - feature info:[('s_acctbal', 'numerical', 6), ('s_nationkey', 'categorical', 6), ('s_suppkey', 'categorical', 15)]
2021-12-16 18:58:58,080 - utils.model_utils - INFO - load model name:torch_cvae_tpch-1m-supplier_s_nationkey_ld50_id100_bs32_ep150_0_binary_gaussian5
2021-12-16 18:58:58,082 - utils.model_utils - INFO - load torch model time elapsed:0.0014022300019860268
2021-12-16 18:58:58,082 - models.pytorch_cvae - INFO - load model time elapsed:0.004967796616256237
2021-12-16 18:58:58,082 - __main__ - INFO - multi_sampling No.0 epoch
2021-12-16 18:58:58,082 - models.pytorch_cvae - INFO - statistics sampling rate:0.02
2021-12-16 18:58:58,082 - __main__ - INFO - multi_sampling No.1 epoch
2021-12-16 18:58:58,088 - models.pytorch_cvae - INFO - statistics sampling rate:0.02
2021-12-16 18:58:58,088 - __main__ - INFO - multi_sampling No.2 epoch
2021-12-16 18:58:58,089 - models.pytorch_cvae - INFO - statistics sampling rate:0.02
2021-12-16 18:58:58,951 - models.pytorch_cvae - INFO - sampling time:0.868217789568007
2021-12-16 18:58:58,952 - models.pytorch_cvae - INFO - sampling time:0.863290349021554
2021-12-16 18:58:59,190 - models.pytorch_cvae - INFO - statistics sampling rate:0.1
2021-12-16 18:58:59,205 - models.pytorch_cvae - INFO - statistics sampling rate:0.1
2021-12-16 18:58:59,274 - models.pytorch_cvae - INFO - sampling time:1.1840086672455072
2021-12-16 18:58:59,327 - models.pytorch_cvae - INFO - statistics sampling rate:0.1
2021-12-16 18:58:59,415 - models.pytorch_cvae - INFO - sampling time:0.22487876191735268
2021-12-16 18:58:59,538 - models.pytorch_cvae - INFO - sampling time:0.33206179179251194
2021-12-16 18:58:59,578 - __main__ - INFO - sample and aggregation time elapsed:1.4963302807882428
2021-12-16 18:58:59,583 - models.pytorch_cvae - INFO - sampling time:0.25569172110408545
2021-12-16 18:58:59,696 - __main__ - INFO - sample and aggregation time elapsed:1.607150375843048
2021-12-16 18:58:59,696 - __main__ - INFO - sample and aggregation time elapsed:1.6088823471218348
2021-12-16 18:58:59,701 - __main__ - INFO - sample time:1.6190103832632303
2021-12-16 18:58:59,714 - __main__ - INFO - aqp result:
             avg(c_acctbal)  avg(s_acctbal)  sum(c_acctbal)  sum(s_acctbal)
c_nationkey                                                                
0           4423.81         4867.73         95790937232.76  105403500007.09
1           4460.43         5205.57         101110209669.73 118001411651.48
2           4327.06         4710.71         104527634840.23 113795551778.22
3           4251.13         4583.20         103734298911.37 111837356189.05
4           4527.30         5459.92         93149998049.02  112338612773.75
5           4434.01         4431.18         89221023515.97  89164212409.62 
6           4405.67         5060.83         100646541836.35 115613518576.41
7           4404.12         5265.75         98521464870.22  117796370413.89
8           4478.98         4651.68         101903549065.42 105832883136.05
9           4308.53         5269.63         97523999086.80  119278518859.26
10          4459.18         4573.08         105340315729.17 108030842111.30
11          4370.36         4541.14         102929333613.51 106951529182.18
12          4384.36         4789.24         97852202328.28  106888416716.76
13          4395.74         5215.23         93989141108.26  111511410353.35
14          4386.36         4740.69         103193303119.11 111529171616.61
15          4431.04         4565.47         93913064178.43  96762228159.71 
16          4395.87         4967.79         95623702905.77  108064587860.13
17          4337.06         5051.64         96661720253.70  112588051908.99
18          4200.06         5061.50         97810482559.68  117871727958.13
19          4422.00         5177.99         96572781859.70  113082946026.17
20          4470.02         5131.95         101546233680.17 116583500332.41
21          4541.88         5618.41         104116018441.40 128793997824.64
22          4256.42         4873.90         98750953927.08  113076840023.24
23          4376.58         5395.21         96806185308.92  119337371464.18
24          4431.27         4695.60         102620432062.69 108741765806.74
2021-12-16 18:58:59,716 - __main__ - INFO - ground truth:
             avg(c_acctbal)  avg(s_acctbal)  sum(c_acctbal)  sum(s_acctbal)
c_nationkey                                                                
0           4489.09         4750.47         97204429060.11  102864283639.34
1           4478.58         5156.38         101521631809.03 116886387814.97
2           4502.84         4926.83         108773860934.93 119016293073.25
3           4510.50         4976.52         110063319836.95 121434781349.97
4           4467.80         4955.13         91925727389.56  101952561544.09
5           4506.93         5017.03         90688332145.90  100952499397.81
6           4489.99         5263.09         102572805214.01 120234077220.52
7           4481.97         4725.51         100262969999.54 105711043954.64
8           4491.71         4898.26         102193355822.35 111442904344.11
9           4507.31         5056.46         102023357487.12 114453365970.99
10          4514.20         4934.04         106640129528.12 116557963141.05
11          4509.51         4846.61         106206568975.75 114145706219.45
12          4495.81         4905.97         100339620692.57 109493748108.56
13          4519.66         4967.01         96638723186.87  106203971323.94
14          4489.09         4748.57         105610059556.98 111714619054.55
15          4513.94         4993.59         95670237506.21  105836044024.01
16          4509.69         5125.84         98099691841.22  111502795597.57
17          4476.99         5194.81         99780562278.61  115778956973.10
18          4470.09         5153.13         104098927638.07 120005532950.10
19          4480.83         4865.91         97857583891.19  106267463992.76
20          4505.29         5210.90         102347462434.85 118377097752.18
21          4500.84         5087.25         103175299651.56 116617824864.37
22          4522.71         4945.33         104928946224.34 114733990724.54
23          4492.85         4974.00         99377984303.50  110020479238.93
24          4507.26         5065.90         104380144828.63 117317398620.77
2021-12-16 18:58:59,727 - __main__ - INFO - relative error:
             avg(c_acctbal)  avg(s_acctbal)  sum(c_acctbal)  sum(s_acctbal)
c_nationkey                                                                
0           0.01            0.02            0.01            0.02           
1           0.00            0.01            0.00            0.01           
2           0.04            0.04            0.04            0.04           
3           0.06            0.08            0.06            0.08           
4           0.01            0.10            0.01            0.10           
5           0.02            0.12            0.02            0.12           
6           0.02            0.04            0.02            0.04           
7           0.02            0.11            0.02            0.11           
8           0.00            0.05            0.00            0.05           
9           0.04            0.04            0.04            0.04           
10          0.01            0.07            0.01            0.07           
11          0.03            0.06            0.03            0.06           
12          0.02            0.02            0.02            0.02           
13          0.03            0.05            0.03            0.05           
14          0.02            0.00            0.02            0.00           
15          0.02            0.09            0.02            0.09           
16          0.03            0.03            0.03            0.03           
17          0.03            0.03            0.03            0.03           
18          0.06            0.02            0.06            0.02           
19          0.01            0.06            0.01            0.06           
20          0.01            0.02            0.01            0.02           
21          0.01            0.10            0.01            0.10           
22          0.06            0.01            0.06            0.01           
23          0.03            0.08            0.03            0.08           
24          0.02            0.07            0.02            0.07           
2021-12-16 18:58:59,727 - __main__ - INFO - relative error average :0.03926563254947422
2021-12-16 18:58:59,727 - __main__ - INFO - relative error normalized average :0.038068490514118376
2021-12-16 18:58:59,727 - __main__ - INFO - relative error var normalized average :0.006698000548284142
2021-12-16 18:58:59,730 - __main__ - INFO - total_time:4.395709411241114
