main.py:20: FutureWarning: Passing a negative integer is deprecated in version 1.0 and will not be supported in future version. Instead, use None to not limit the column width.
  pd.set_option('max_colwidth', -1)
2021-12-16 19:00:16,719 - __main__ - INFO - load query config config/query/customer_with_inc_join_supplier.json successfully
2021-12-16 19:00:16,720 - __main__ - INFO - load train config ./config/train/tpch_customer_with_inc_torch_cvae.json successfully
2021-12-16 19:00:16,720 - __main__ - INFO - load train config ./config/train/tpch_supplier_torch_cvae.json successfully
2021-12-16 19:00:16,720 - utils.dataset_utils - INFO - load existing dataset(light):tpch-1m-customer-with-inc_c_nationkey_c_acctbal_c_nationkey_binary_gaussian5_0inc_train
2021-12-16 19:00:19,449 - utils.dataset_utils - INFO - load dataset(light) time elapsed:2.729324205778539
2021-12-16 19:00:19,449 - models.pytorch_cvae - INFO - feature info:[('c_acctbal', 'numerical', 6), ('c_nationkey', 'categorical', 6)]
2021-12-16 19:00:19,450 - utils.model_utils - INFO - load model name:torch_cvae_tpch-1m-customer-with-inc_c_nationkey_ld50_id100_bs1024_ep100_0_binary_gaussian5inc_train
2021-12-16 19:00:19,452 - utils.model_utils - INFO - load torch model time elapsed:0.0019516972824931145
2021-12-16 19:00:19,452 - models.pytorch_cvae - INFO - load model time elapsed:2.7326164031401277
2021-12-16 19:00:19,452 - utils.dataset_utils - INFO - load existing dataset(light):tpch-1m-supplier_s_nationkey#s_suppkey_s_acctbal_s_nationkey_binary_gaussian5_0
2021-12-16 19:00:19,455 - utils.dataset_utils - INFO - load dataset(light) time elapsed:0.0029692109674215317
2021-12-16 19:00:19,455 - models.pytorch_cvae - INFO - feature info:[('s_acctbal', 'numerical', 6), ('s_nationkey', 'categorical', 6), ('s_suppkey', 'categorical', 15)]
2021-12-16 19:00:19,456 - utils.model_utils - INFO - load model name:torch_cvae_tpch-1m-supplier_s_nationkey_ld50_id100_bs32_ep150_0_binary_gaussian5
2021-12-16 19:00:19,460 - utils.model_utils - INFO - load torch model time elapsed:0.004301154054701328
2021-12-16 19:00:19,460 - models.pytorch_cvae - INFO - load model time elapsed:0.007940907031297684
2021-12-16 19:00:19,460 - __main__ - INFO - multi_sampling No.0 epoch
2021-12-16 19:00:19,461 - models.pytorch_cvae - INFO - statistics sampling rate:0.06
2021-12-16 19:00:19,461 - __main__ - INFO - multi_sampling No.1 epoch
2021-12-16 19:00:19,466 - models.pytorch_cvae - INFO - statistics sampling rate:0.06
2021-12-16 19:00:19,467 - __main__ - INFO - multi_sampling No.2 epoch
2021-12-16 19:00:19,469 - models.pytorch_cvae - INFO - statistics sampling rate:0.06
2021-12-16 19:00:20,742 - models.pytorch_cvae - INFO - sampling time:1.2729405518621206
2021-12-16 19:00:20,822 - models.pytorch_cvae - INFO - sampling time:1.3548431433737278
2021-12-16 19:00:21,334 - models.pytorch_cvae - INFO - statistics sampling rate:0.1
2021-12-16 19:00:21,373 - models.pytorch_cvae - INFO - statistics sampling rate:0.1
2021-12-16 19:00:21,497 - models.pytorch_cvae - INFO - sampling time:2.036436202004552
2021-12-16 19:00:21,651 - models.pytorch_cvae - INFO - statistics sampling rate:0.1
2021-12-16 19:00:21,736 - models.pytorch_cvae - INFO - sampling time:0.40196186769753695
2021-12-16 19:00:21,812 - models.pytorch_cvae - INFO - sampling time:0.4396118354052305
2021-12-16 19:00:21,916 - models.pytorch_cvae - INFO - sampling time:0.2645168174058199
2021-12-16 19:00:22,035 - __main__ - INFO - sample and aggregation time elapsed:2.569345248863101
2021-12-16 19:00:22,116 - __main__ - INFO - sample and aggregation time elapsed:2.6473168497905135
2021-12-16 19:00:22,159 - __main__ - INFO - sample and aggregation time elapsed:2.6980796363204718
2021-12-16 19:00:22,163 - __main__ - INFO - sample time:2.702936401590705
2021-12-16 19:00:22,176 - __main__ - INFO - aqp result:
             avg(c_acctbal)  avg(s_acctbal)  sum(c_acctbal)  sum(s_acctbal)
c_nationkey                                                                
0           4453.19         4407.24         96427192350.48  95432139052.79 
1           4419.97         5590.29         100193196093.05 126722207831.93
2           4422.09         5531.21         106823252635.60 133615949884.42
3           4401.69         5077.30         107408192087.65 123894167145.14
4           4450.60         4900.99         91571882119.34  100838642935.42
5           4483.76         5488.43         90222162907.31  110438196174.72
6           4478.22         5301.41         102303964981.76 121109550300.00
7           4441.16         4843.92         99350065594.63  108359726478.58
8           4471.73         5175.37         101738693405.60 117747505914.34
9           4436.43         5188.00         100418914012.81 117430723862.32
10          4427.30         4990.66         104587186030.87 117895465993.73
11          4383.20         5343.25         103231798506.10 125842374607.21
12          4443.45         4884.26         99170929862.47  109009165676.17
13          4480.38         5329.22         95798913955.08  113948598319.25
14          4436.77         4839.57         104379260005.61 113855476088.72
15          4375.12         4728.30         92728061357.95  100213380635.01
16          4413.98         5616.24         96017617173.09  122170459191.78
17          4412.10         5778.09         98334275737.11  128778716344.39
18          4422.07         4806.42         102980789394.63 111931317125.38
19          4357.04         4582.92         95154110443.43  100087114891.08
20          4350.64         5017.25         98834416542.13  113977896278.12
21          4398.89         5376.38         100838246270.16 123245766225.60
22          4413.25         4989.55         102389444260.66 115759985322.10
23          4418.16         4492.58         97725806403.78  99372059226.17 
24          4440.70         4997.01         102838836163.02 115721929316.33
2021-12-16 19:00:22,179 - __main__ - INFO - ground truth:
             avg(c_acctbal)  avg(s_acctbal)  sum(c_acctbal)  sum(s_acctbal)
c_nationkey                                                                
0           4489.09         4750.47         97204429060.11  102864283639.34
1           4478.58         5156.38         101521631809.03 116886387814.97
2           4502.84         4926.83         108773860934.93 119016293073.25
3           4510.50         4976.52         110063319836.95 121434781349.97
4           4467.80         4955.13         91925727389.56  101952561544.09
5           4506.93         5017.03         90688332145.90  100952499397.81
6           4489.99         5263.09         102572805214.01 120234077220.52
7           4481.97         4725.51         100262969999.54 105711043954.64
8           4491.71         4898.26         102193355822.35 111442904344.11
9           4507.31         5056.46         102023357487.12 114453365970.99
10          4514.20         4934.04         106640129528.12 116557963141.05
11          4509.51         4846.61         106206568975.75 114145706219.45
12          4495.81         4905.97         100339620692.57 109493748108.56
13          4519.66         4967.01         96638723186.87  106203971323.94
14          4489.09         4748.57         105610059556.98 111714619054.55
15          4513.94         4993.59         95670237506.21  105836044024.01
16          4509.69         5125.84         98099691841.22  111502795597.57
17          4476.99         5194.81         99780562278.61  115778956973.10
18          4470.09         5153.13         104098927638.07 120005532950.10
19          4480.83         4865.91         97857583891.19  106267463992.76
20          4505.29         5210.90         102347462434.85 118377097752.18
21          4500.84         5087.25         103175299651.56 116617824864.37
22          4522.71         4945.33         104928946224.34 114733990724.54
23          4492.85         4974.00         99377984303.50  110020479238.93
24          4507.26         5065.90         104380144828.63 117317398620.77
2021-12-16 19:00:22,190 - __main__ - INFO - relative error:
             avg(c_acctbal)  avg(s_acctbal)  sum(c_acctbal)  sum(s_acctbal)
c_nationkey                                                                
0           0.01            0.07            0.01            0.07           
1           0.01            0.08            0.01            0.08           
2           0.02            0.12            0.02            0.12           
3           0.02            0.02            0.02            0.02           
4           0.00            0.01            0.00            0.01           
5           0.01            0.09            0.01            0.09           
6           0.00            0.01            0.00            0.01           
7           0.01            0.03            0.01            0.03           
8           0.00            0.06            0.00            0.06           
9           0.02            0.03            0.02            0.03           
10          0.02            0.01            0.02            0.01           
11          0.03            0.10            0.03            0.10           
12          0.01            0.00            0.01            0.00           
13          0.01            0.07            0.01            0.07           
14          0.01            0.02            0.01            0.02           
15          0.03            0.05            0.03            0.05           
16          0.02            0.10            0.02            0.10           
17          0.01            0.11            0.01            0.11           
18          0.01            0.07            0.01            0.07           
19          0.03            0.06            0.03            0.06           
20          0.03            0.04            0.03            0.04           
21          0.02            0.06            0.02            0.06           
22          0.02            0.01            0.02            0.01           
23          0.02            0.10            0.02            0.10           
24          0.01            0.01            0.01            0.01           
2021-12-16 19:00:22,190 - __main__ - INFO - relative error average :0.034602520670328166
2021-12-16 19:00:22,190 - __main__ - INFO - relative error normalized average :0.03350754583929201
2021-12-16 19:00:22,190 - __main__ - INFO - relative error var normalized average :0.006492415806569071
2021-12-16 19:00:22,192 - __main__ - INFO - total_time:5.472820028662682
