main.py:20: FutureWarning: Passing a negative integer is deprecated in version 1.0 and will not be supported in future version. Instead, use None to not limit the column width.
  pd.set_option('max_colwidth', -1)
2021-12-16 19:02:20,606 - __main__ - INFO - load query config config/query/customer_with_inc_join_supplier.json successfully
2021-12-16 19:02:20,606 - __main__ - INFO - load train config ./config/train/tpch_customer_with_inc_torch_cvae.json successfully
2021-12-16 19:02:20,606 - __main__ - INFO - load train config ./config/train/tpch_supplier_torch_cvae.json successfully
2021-12-16 19:02:20,606 - utils.dataset_utils - INFO - load existing dataset(light):tpch-1m-customer-with-inc_c_nationkey_c_acctbal_c_nationkey_binary_gaussian5_0inc_train
2021-12-16 19:02:23,336 - utils.dataset_utils - INFO - load dataset(light) time elapsed:2.7298545064404607
2021-12-16 19:02:23,336 - models.pytorch_cvae - INFO - feature info:[('c_acctbal', 'numerical', 6), ('c_nationkey', 'categorical', 6)]
2021-12-16 19:02:23,337 - utils.model_utils - INFO - load model name:torch_cvae_tpch-1m-customer-with-inc_c_nationkey_ld50_id100_bs1024_ep100_0_binary_gaussian5inc_train
2021-12-16 19:02:23,341 - utils.model_utils - INFO - load torch model time elapsed:0.003803744912147522
2021-12-16 19:02:23,341 - models.pytorch_cvae - INFO - load model time elapsed:2.7349974270910025
2021-12-16 19:02:23,341 - utils.dataset_utils - INFO - load existing dataset(light):tpch-1m-supplier_s_nationkey#s_suppkey_s_acctbal_s_nationkey_binary_gaussian5_0
2021-12-16 19:02:23,344 - utils.dataset_utils - INFO - load dataset(light) time elapsed:0.002890455536544323
2021-12-16 19:02:23,344 - models.pytorch_cvae - INFO - feature info:[('s_acctbal', 'numerical', 6), ('s_nationkey', 'categorical', 6), ('s_suppkey', 'categorical', 15)]
2021-12-16 19:02:23,345 - utils.model_utils - INFO - load model name:torch_cvae_tpch-1m-supplier_s_nationkey_ld50_id100_bs32_ep150_0_binary_gaussian5
2021-12-16 19:02:23,346 - utils.model_utils - INFO - load torch model time elapsed:0.0013792682439088821
2021-12-16 19:02:23,346 - models.pytorch_cvae - INFO - load model time elapsed:0.004940386861562729
2021-12-16 19:02:23,346 - __main__ - INFO - multi_sampling No.0 epoch
2021-12-16 19:02:23,347 - models.pytorch_cvae - INFO - statistics sampling rate:0.1
2021-12-16 19:02:23,347 - __main__ - INFO - multi_sampling No.1 epoch
2021-12-16 19:02:23,352 - models.pytorch_cvae - INFO - statistics sampling rate:0.1
2021-12-16 19:02:23,353 - __main__ - INFO - multi_sampling No.2 epoch
2021-12-16 19:02:23,355 - models.pytorch_cvae - INFO - statistics sampling rate:0.1
2021-12-16 19:02:24,887 - models.pytorch_cvae - INFO - sampling time:1.5336108338087797
2021-12-16 19:02:24,888 - models.pytorch_cvae - INFO - sampling time:1.5413531679660082
2021-12-16 19:02:26,205 - models.pytorch_cvae - INFO - statistics sampling rate:0.1
2021-12-16 19:02:26,205 - models.pytorch_cvae - INFO - statistics sampling rate:0.1
2021-12-16 19:02:26,411 - models.pytorch_cvae - INFO - sampling time:3.056458378210664
2021-12-16 19:02:26,665 - models.pytorch_cvae - INFO - statistics sampling rate:0.1
2021-12-16 19:02:26,735 - models.pytorch_cvae - INFO - sampling time:0.5289270365610719
2021-12-16 19:02:26,782 - models.pytorch_cvae - INFO - sampling time:0.5770245576277375
2021-12-16 19:02:27,066 - models.pytorch_cvae - INFO - sampling time:0.40013773553073406
2021-12-16 19:02:27,408 - __main__ - INFO - sample and aggregation time elapsed:4.06138383410871
2021-12-16 19:02:27,416 - __main__ - INFO - sample and aggregation time elapsed:4.063813836313784
2021-12-16 19:02:27,620 - __main__ - INFO - sample and aggregation time elapsed:4.265833795070648
2021-12-16 19:02:27,625 - __main__ - INFO - sample time:4.27880453504622
2021-12-16 19:02:27,639 - __main__ - INFO - aqp result:
             avg(c_acctbal)  avg(s_acctbal)  sum(c_acctbal)  sum(s_acctbal)
c_nationkey                                                                
0           4431.56         5106.95         95958781648.20  110583406914.62
1           4376.75         4832.96         99213415064.25  109554810184.55
2           4431.78         4875.38         107057520625.37 117773266654.16
3           4387.01         4548.96         107049887104.62 111001796319.52
4           4460.38         4668.92         91773078087.11  96063704330.72 
5           4456.50         5009.20         89673592526.34  100795138161.03
6           4407.23         4877.65         100682207575.28 111428832062.23
7           4429.41         4608.98         99087073962.76  103104177437.99
8           4498.62         4920.42         102350490036.53 111947200136.41
9           4424.26         5345.38         100143461297.25 120993055782.17
10          4404.11         4547.81         104039429044.97 107434038710.62
11          4398.01         5064.77         103580580197.44 119283715818.94
12          4424.99         4876.28         98759040651.18  108831014871.71
13          4465.80         5446.99         95487090662.12  116466800203.17
14          4472.82         5195.60         105227267449.33 122231371866.27
15          4430.81         4778.18         93908313018.46  101270501573.32
16          4389.38         5447.91         95482478213.99  118508719821.92
17          4389.49         5683.64         97830273187.24  126673673298.51
18          4400.18         4817.84         102470889313.16 112197327866.62
19          4428.96         4792.06         96724786707.88  104654488212.65
20          4469.93         5559.31         101544309568.67 126291986201.62
21          4397.98         5051.39         100817375416.72 115795779549.92
22          4454.41         5218.61         103344494215.99 121074169941.74
23          4393.98         4914.44         97191029826.90  108703074000.59
24          4380.93         4792.16         101454606455.39 110977918419.33
2021-12-16 19:02:27,642 - __main__ - INFO - ground truth:
             avg(c_acctbal)  avg(s_acctbal)  sum(c_acctbal)  sum(s_acctbal)
c_nationkey                                                                
0           4489.09         4750.47         97204429060.11  102864283639.34
1           4478.58         5156.38         101521631809.03 116886387814.97
2           4502.84         4926.83         108773860934.93 119016293073.25
3           4510.50         4976.52         110063319836.95 121434781349.97
4           4467.80         4955.13         91925727389.56  101952561544.09
5           4506.93         5017.03         90688332145.90  100952499397.81
6           4489.99         5263.09         102572805214.01 120234077220.52
7           4481.97         4725.51         100262969999.54 105711043954.64
8           4491.71         4898.26         102193355822.35 111442904344.11
9           4507.31         5056.46         102023357487.12 114453365970.99
10          4514.20         4934.04         106640129528.12 116557963141.05
11          4509.51         4846.61         106206568975.75 114145706219.45
12          4495.81         4905.97         100339620692.57 109493748108.56
13          4519.66         4967.01         96638723186.87  106203971323.94
14          4489.09         4748.57         105610059556.98 111714619054.55
15          4513.94         4993.59         95670237506.21  105836044024.01
16          4509.69         5125.84         98099691841.22  111502795597.57
17          4476.99         5194.81         99780562278.61  115778956973.10
18          4470.09         5153.13         104098927638.07 120005532950.10
19          4480.83         4865.91         97857583891.19  106267463992.76
20          4505.29         5210.90         102347462434.85 118377097752.18
21          4500.84         5087.25         103175299651.56 116617824864.37
22          4522.71         4945.33         104928946224.34 114733990724.54
23          4492.85         4974.00         99377984303.50  110020479238.93
24          4507.26         5065.90         104380144828.63 117317398620.77
2021-12-16 19:02:27,653 - __main__ - INFO - relative error:
             avg(c_acctbal)  avg(s_acctbal)  sum(c_acctbal)  sum(s_acctbal)
c_nationkey                                                                
0           0.01            0.08            0.01            0.08           
1           0.02            0.06            0.02            0.06           
2           0.02            0.01            0.02            0.01           
3           0.03            0.09            0.03            0.09           
4           0.00            0.06            0.00            0.06           
5           0.01            0.00            0.01            0.00           
6           0.02            0.07            0.02            0.07           
7           0.01            0.02            0.01            0.02           
8           0.00            0.00            0.00            0.00           
9           0.02            0.06            0.02            0.06           
10          0.02            0.08            0.02            0.08           
11          0.02            0.05            0.02            0.05           
12          0.02            0.01            0.02            0.01           
13          0.01            0.10            0.01            0.10           
14          0.00            0.09            0.00            0.09           
15          0.02            0.04            0.02            0.04           
16          0.03            0.06            0.03            0.06           
17          0.02            0.09            0.02            0.09           
18          0.02            0.07            0.02            0.07           
19          0.01            0.02            0.01            0.02           
20          0.01            0.07            0.01            0.07           
21          0.02            0.01            0.02            0.01           
22          0.02            0.06            0.02            0.06           
23          0.02            0.01            0.02            0.01           
24          0.03            0.05            0.03            0.05           
2021-12-16 19:02:27,653 - __main__ - INFO - relative error average :0.03316787656297507
2021-12-16 19:02:27,653 - __main__ - INFO - relative error normalized average :0.032250238822520004
2021-12-16 19:02:27,653 - __main__ - INFO - relative error var normalized average :0.005451687404980022
2021-12-16 19:02:27,656 - __main__ - INFO - total_time:7.050238123163581
