main.py:20: FutureWarning: Passing a negative integer is deprecated in version 1.0 and will not be supported in future version. Instead, use None to not limit the column width.
  pd.set_option('max_colwidth', -1)
2021-12-16 18:58:47,869 - __main__ - INFO - load query config config/query/customer_with_inc_join_supplier.json successfully
2021-12-16 18:58:47,869 - __main__ - INFO - load train config ./config/train/tpch_customer_with_inc_torch_cvae.json successfully
2021-12-16 18:58:47,870 - __main__ - INFO - load train config ./config/train/tpch_supplier_torch_cvae.json successfully
2021-12-16 18:58:47,870 - utils.dataset_utils - INFO - load existing dataset(light):tpch-1m-customer-with-inc_c_nationkey_c_acctbal_c_nationkey_binary_gaussian5_0inc_train
2021-12-16 18:58:50,614 - utils.dataset_utils - INFO - load dataset(light) time elapsed:2.744615290313959
2021-12-16 18:58:50,614 - models.pytorch_cvae - INFO - feature info:[('c_acctbal', 'numerical', 6), ('c_nationkey', 'categorical', 6)]
2021-12-16 18:58:50,615 - utils.model_utils - INFO - load model name:torch_cvae_tpch-1m-customer-with-inc_c_nationkey_ld50_id100_bs1024_ep100_0_binary_gaussian5inc_train
2021-12-16 18:58:50,617 - utils.model_utils - INFO - load torch model time elapsed:0.0019753742963075638
2021-12-16 18:58:50,617 - models.pytorch_cvae - INFO - load model time elapsed:2.7479307660833
2021-12-16 18:58:50,618 - utils.dataset_utils - INFO - load existing dataset(light):tpch-1m-supplier_s_nationkey#s_suppkey_s_acctbal_s_nationkey_binary_gaussian5_0
2021-12-16 18:58:50,620 - utils.dataset_utils - INFO - load dataset(light) time elapsed:0.0028646495193243027
2021-12-16 18:58:50,620 - models.pytorch_cvae - INFO - feature info:[('s_acctbal', 'numerical', 6), ('s_nationkey', 'categorical', 6), ('s_suppkey', 'categorical', 15)]
2021-12-16 18:58:50,621 - utils.model_utils - INFO - load model name:torch_cvae_tpch-1m-supplier_s_nationkey_ld50_id100_bs32_ep150_0_binary_gaussian5
2021-12-16 18:58:50,625 - utils.model_utils - INFO - load torch model time elapsed:0.004315100610256195
2021-12-16 18:58:50,625 - models.pytorch_cvae - INFO - load model time elapsed:0.007847902365028858
2021-12-16 18:58:50,625 - __main__ - INFO - multi_sampling No.0 epoch
2021-12-16 18:58:50,626 - models.pytorch_cvae - INFO - statistics sampling rate:0.02
2021-12-16 18:58:50,626 - __main__ - INFO - multi_sampling No.1 epoch
2021-12-16 18:58:50,632 - models.pytorch_cvae - INFO - statistics sampling rate:0.02
2021-12-16 18:58:50,632 - __main__ - INFO - multi_sampling No.2 epoch
2021-12-16 18:58:50,632 - models.pytorch_cvae - INFO - statistics sampling rate:0.02
2021-12-16 18:58:51,627 - models.pytorch_cvae - INFO - sampling time:1.0008663088083267
2021-12-16 18:58:51,698 - models.pytorch_cvae - INFO - sampling time:1.0648118844255805
2021-12-16 18:58:51,760 - models.pytorch_cvae - INFO - sampling time:1.1276414403691888
2021-12-16 18:58:51,884 - models.pytorch_cvae - INFO - statistics sampling rate:0.1
2021-12-16 18:58:51,911 - models.pytorch_cvae - INFO - statistics sampling rate:0.1
2021-12-16 18:58:51,947 - models.pytorch_cvae - INFO - statistics sampling rate:0.1
2021-12-16 18:58:52,037 - models.pytorch_cvae - INFO - sampling time:0.089970413595438
2021-12-16 18:58:52,121 - models.pytorch_cvae - INFO - sampling time:0.22580407746136189
2021-12-16 18:58:52,142 - __main__ - INFO - sample and aggregation time elapsed:1.5104664796963334
2021-12-16 18:58:52,189 - models.pytorch_cvae - INFO - sampling time:0.27829872351139784
2021-12-16 18:58:52,275 - __main__ - INFO - sample and aggregation time elapsed:1.6427196888253093
2021-12-16 18:58:52,299 - __main__ - INFO - sample and aggregation time elapsed:1.673025093972683
2021-12-16 18:58:52,300 - __main__ - INFO - sample time:1.674952439032495
2021-12-16 18:58:52,306 - __main__ - INFO - aqp result:
             avg(c_acctbal)  avg(s_acctbal)  sum(c_acctbal)  sum(s_acctbal)
c_nationkey                                                                
0           4436.54         4844.93         96066536804.04  104909628577.61
1           4534.76         4706.72         102795270710.42 106693332510.36
2           4381.05         5167.20         105831862622.05 124822650030.91
3           4401.65         4994.41         107407279903.32 121871316733.14
4           4495.37         4992.11         92492919912.98  102713414700.63
5           4466.00         5051.59         89864686232.24  101648040156.40
6           4413.74         4782.08         100830956175.18 109245590451.54
7           4535.29         4696.25         101455776413.58 105056482517.69
8           4416.22         4763.40         100475799336.23 108374544757.24
9           4450.10         4583.32         100728331452.60 103743836213.03
10          4479.16         4435.89         105812141831.78 104790089033.69
11          4456.40         4839.38         104955738577.71 113975516596.11
12          4404.91         4736.96         98310911204.02  105721731692.91
13          4580.34         4825.03         97936307378.56  103168174603.79
14          4537.44         4606.69         106747681530.95 108376676948.47
15          4358.01         4607.69         92365314056.86  97657238028.59 
16          4454.50         4769.51         96899074521.34  103751505633.76
17          4396.12         5615.90         97978207757.58  125163792402.51
18          4437.78         4853.28         103346532022.71 113022563472.92
19          4453.54         4933.16         97261671806.67  107735967104.69
20          4415.59         5075.23         100309871563.62 115295052701.47
21          4451.82         5239.24         102051654511.45 120102014473.08
22          4449.50         5168.47         103230492053.70 119911052340.67
23          4397.28         5161.47         97264007249.62  114167166579.42
24          4319.82         4582.30         100039366467.70 106117986316.94
2021-12-16 18:58:52,307 - __main__ - INFO - ground truth:
             avg(c_acctbal)  avg(s_acctbal)  sum(c_acctbal)  sum(s_acctbal)
c_nationkey                                                                
0           4489.09         4750.47         97204429060.11  102864283639.34
1           4478.58         5156.38         101521631809.03 116886387814.97
2           4502.84         4926.83         108773860934.93 119016293073.25
3           4510.50         4976.52         110063319836.95 121434781349.97
4           4467.80         4955.13         91925727389.56  101952561544.09
5           4506.93         5017.03         90688332145.90  100952499397.81
6           4489.99         5263.09         102572805214.01 120234077220.52
7           4481.97         4725.51         100262969999.54 105711043954.64
8           4491.71         4898.26         102193355822.35 111442904344.11
9           4507.31         5056.46         102023357487.12 114453365970.99
10          4514.20         4934.04         106640129528.12 116557963141.05
11          4509.51         4846.61         106206568975.75 114145706219.45
12          4495.81         4905.97         100339620692.57 109493748108.56
13          4519.66         4967.01         96638723186.87  106203971323.94
14          4489.09         4748.57         105610059556.98 111714619054.55
15          4513.94         4993.59         95670237506.21  105836044024.01
16          4509.69         5125.84         98099691841.22  111502795597.57
17          4476.99         5194.81         99780562278.61  115778956973.10
18          4470.09         5153.13         104098927638.07 120005532950.10
19          4480.83         4865.91         97857583891.19  106267463992.76
20          4505.29         5210.90         102347462434.85 118377097752.18
21          4500.84         5087.25         103175299651.56 116617824864.37
22          4522.71         4945.33         104928946224.34 114733990724.54
23          4492.85         4974.00         99377984303.50  110020479238.93
24          4507.26         5065.90         104380144828.63 117317398620.77
2021-12-16 18:58:52,314 - __main__ - INFO - relative error:
             avg(c_acctbal)  avg(s_acctbal)  sum(c_acctbal)  sum(s_acctbal)
c_nationkey                                                                
0           0.01            0.02            0.01            0.02           
1           0.01            0.09            0.01            0.09           
2           0.03            0.05            0.03            0.05           
3           0.02            0.00            0.02            0.00           
4           0.01            0.01            0.01            0.01           
5           0.01            0.01            0.01            0.01           
6           0.02            0.09            0.02            0.09           
7           0.01            0.01            0.01            0.01           
8           0.02            0.03            0.02            0.03           
9           0.01            0.09            0.01            0.09           
10          0.01            0.10            0.01            0.10           
11          0.01            0.00            0.01            0.00           
12          0.02            0.03            0.02            0.03           
13          0.01            0.03            0.01            0.03           
14          0.01            0.03            0.01            0.03           
15          0.03            0.08            0.03            0.08           
16          0.01            0.07            0.01            0.07           
17          0.02            0.08            0.02            0.08           
18          0.01            0.06            0.01            0.06           
19          0.01            0.01            0.01            0.01           
20          0.02            0.03            0.02            0.03           
21          0.01            0.03            0.01            0.03           
22          0.02            0.05            0.02            0.05           
23          0.02            0.04            0.02            0.04           
24          0.04            0.10            0.04            0.10           
2021-12-16 18:58:52,314 - __main__ - INFO - relative error average :0.030459084469747957
2021-12-16 18:58:52,314 - __main__ - INFO - relative error normalized average :0.029631601414749312
2021-12-16 18:58:52,314 - __main__ - INFO - relative error var normalized average :0.00504217352982998
2021-12-16 18:58:52,316 - __main__ - INFO - total_time:4.446745090186596
