main.py:20: FutureWarning: Passing a negative integer is deprecated in version 1.0 and will not be supported in future version. Instead, use None to not limit the column width.
  pd.set_option('max_colwidth', -1)
2021-12-16 18:59:59,990 - __main__ - INFO - load query config config/query/customer_with_inc_join_supplier.json successfully
2021-12-16 18:59:59,990 - __main__ - INFO - load train config ./config/train/tpch_customer_with_inc_torch_cvae.json successfully
2021-12-16 18:59:59,990 - __main__ - INFO - load train config ./config/train/tpch_supplier_torch_cvae.json successfully
2021-12-16 18:59:59,990 - utils.dataset_utils - INFO - load existing dataset(light):tpch-1m-customer-with-inc_c_nationkey_c_acctbal_c_nationkey_binary_gaussian5_0inc_train
2021-12-16 19:00:02,720 - utils.dataset_utils - INFO - load dataset(light) time elapsed:2.7301252763718367
2021-12-16 19:00:02,720 - models.pytorch_cvae - INFO - feature info:[('c_acctbal', 'numerical', 6), ('c_nationkey', 'categorical', 6)]
2021-12-16 19:00:02,722 - utils.model_utils - INFO - load model name:torch_cvae_tpch-1m-customer-with-inc_c_nationkey_ld50_id100_bs1024_ep100_0_binary_gaussian5inc_train
2021-12-16 19:00:02,724 - utils.model_utils - INFO - load torch model time elapsed:0.0020595500245690346
2021-12-16 19:00:02,724 - models.pytorch_cvae - INFO - load model time elapsed:2.7339969156309962
2021-12-16 19:00:02,724 - utils.dataset_utils - INFO - load existing dataset(light):tpch-1m-supplier_s_nationkey#s_suppkey_s_acctbal_s_nationkey_binary_gaussian5_0
2021-12-16 19:00:02,727 - utils.dataset_utils - INFO - load dataset(light) time elapsed:0.0029013892635703087
2021-12-16 19:00:02,727 - models.pytorch_cvae - INFO - feature info:[('s_acctbal', 'numerical', 6), ('s_nationkey', 'categorical', 6), ('s_suppkey', 'categorical', 15)]
2021-12-16 19:00:02,728 - utils.model_utils - INFO - load model name:torch_cvae_tpch-1m-supplier_s_nationkey_ld50_id100_bs32_ep150_0_binary_gaussian5
2021-12-16 19:00:02,731 - utils.model_utils - INFO - load torch model time elapsed:0.0037497198209166527
2021-12-16 19:00:02,731 - models.pytorch_cvae - INFO - load model time elapsed:0.007302870042622089
2021-12-16 19:00:02,731 - __main__ - INFO - multi_sampling No.0 epoch
2021-12-16 19:00:02,732 - models.pytorch_cvae - INFO - statistics sampling rate:0.05
2021-12-16 19:00:02,732 - __main__ - INFO - multi_sampling No.1 epoch
2021-12-16 19:00:02,737 - models.pytorch_cvae - INFO - statistics sampling rate:0.05
2021-12-16 19:00:02,739 - __main__ - INFO - multi_sampling No.2 epoch
2021-12-16 19:00:02,740 - models.pytorch_cvae - INFO - statistics sampling rate:0.05
2021-12-16 19:00:03,652 - models.pytorch_cvae - INFO - sampling time:0.9201831156387925
2021-12-16 19:00:04,202 - models.pytorch_cvae - INFO - sampling time:1.4633777225390077
2021-12-16 19:00:04,386 - models.pytorch_cvae - INFO - statistics sampling rate:0.1
2021-12-16 19:00:04,403 - models.pytorch_cvae - INFO - sampling time:1.6631287811324
2021-12-16 19:00:04,436 - models.pytorch_cvae - INFO - statistics sampling rate:0.1
2021-12-16 19:00:04,557 - models.pytorch_cvae - INFO - statistics sampling rate:0.1
2021-12-16 19:00:04,620 - models.pytorch_cvae - INFO - sampling time:0.18337514344602823
2021-12-16 19:00:04,758 - models.pytorch_cvae - INFO - sampling time:0.2007009219378233
2021-12-16 19:00:04,766 - models.pytorch_cvae - INFO - sampling time:0.3785203583538532
2021-12-16 19:00:04,874 - __main__ - INFO - sample and aggregation time elapsed:2.1419712603092194
2021-12-16 19:00:04,978 - __main__ - INFO - sample and aggregation time elapsed:2.238289506174624
2021-12-16 19:00:04,983 - __main__ - INFO - sample and aggregation time elapsed:2.245249258354306
2021-12-16 19:00:04,988 - __main__ - INFO - sample time:2.2563309390097857
2021-12-16 19:00:05,003 - __main__ - INFO - aqp result:
             avg(c_acctbal)  avg(s_acctbal)  sum(c_acctbal)  sum(s_acctbal)
c_nationkey                                                                
0           4472.96         4734.64         96855185216.80  102521443631.62
1           4453.00         5194.64         100941850436.54 117753531202.83
2           4476.91         4738.73         108147706660.00 114472307162.10
3           4479.66         4730.29         109310756669.35 115426481024.98
4           4449.36         5156.83         91546225525.90  106102608856.14
5           4429.62         5049.01         89132721850.43  101596008932.05
6           4451.72         5216.96         101698495856.28 119180290046.44
7           4488.23         5202.05         100403011066.49 116371250469.25
8           4463.81         4951.43         101558399116.23 112652636009.04
9           4373.61         5254.56         98996981031.80  118937384484.43
10          4470.62         4855.66         105610425031.34 114706321685.54
11          4389.25         5033.39         103374188992.80 118544692574.73
12          4448.89         5062.38         99292469201.76  112984495526.66
13          4406.42         4578.81         94217377637.81  97903395869.13 
14          4453.31         4916.15         104768290183.04 115657151476.73
15          4384.27         4659.87         92921787538.70  98763107968.24 
16          4438.88         5273.72         96559326558.64  114719560912.33
17          4426.50         4767.88         98655309156.81  106263709421.38
18          4399.44         4506.23         102453597723.04 104940496844.87
19          4355.30         4880.39         95116058478.59  106583718380.34
20          4412.90         5141.16         100248716345.03 116792660537.82
21          4489.01         5015.54         102904025525.40 114974004456.59
22          4369.69         5063.72         101378906923.91 117480779712.99
23          4484.40         5144.89         99191010306.08  113800597652.50
24          4394.20         4762.78         101761967602.78 110297704887.86
2021-12-16 19:00:05,006 - __main__ - INFO - ground truth:
             avg(c_acctbal)  avg(s_acctbal)  sum(c_acctbal)  sum(s_acctbal)
c_nationkey                                                                
0           4489.09         4750.47         97204429060.11  102864283639.34
1           4478.58         5156.38         101521631809.03 116886387814.97
2           4502.84         4926.83         108773860934.93 119016293073.25
3           4510.50         4976.52         110063319836.95 121434781349.97
4           4467.80         4955.13         91925727389.56  101952561544.09
5           4506.93         5017.03         90688332145.90  100952499397.81
6           4489.99         5263.09         102572805214.01 120234077220.52
7           4481.97         4725.51         100262969999.54 105711043954.64
8           4491.71         4898.26         102193355822.35 111442904344.11
9           4507.31         5056.46         102023357487.12 114453365970.99
10          4514.20         4934.04         106640129528.12 116557963141.05
11          4509.51         4846.61         106206568975.75 114145706219.45
12          4495.81         4905.97         100339620692.57 109493748108.56
13          4519.66         4967.01         96638723186.87  106203971323.94
14          4489.09         4748.57         105610059556.98 111714619054.55
15          4513.94         4993.59         95670237506.21  105836044024.01
16          4509.69         5125.84         98099691841.22  111502795597.57
17          4476.99         5194.81         99780562278.61  115778956973.10
18          4470.09         5153.13         104098927638.07 120005532950.10
19          4480.83         4865.91         97857583891.19  106267463992.76
20          4505.29         5210.90         102347462434.85 118377097752.18
21          4500.84         5087.25         103175299651.56 116617824864.37
22          4522.71         4945.33         104928946224.34 114733990724.54
23          4492.85         4974.00         99377984303.50  110020479238.93
24          4507.26         5065.90         104380144828.63 117317398620.77
2021-12-16 19:00:05,017 - __main__ - INFO - relative error:
             avg(c_acctbal)  avg(s_acctbal)  sum(c_acctbal)  sum(s_acctbal)
c_nationkey                                                                
0           0.00            0.00            0.00            0.00           
1           0.01            0.01            0.01            0.01           
2           0.01            0.04            0.01            0.04           
3           0.01            0.05            0.01            0.05           
4           0.00            0.04            0.00            0.04           
5           0.02            0.01            0.02            0.01           
6           0.01            0.01            0.01            0.01           
7           0.00            0.10            0.00            0.10           
8           0.01            0.01            0.01            0.01           
9           0.03            0.04            0.03            0.04           
10          0.01            0.02            0.01            0.02           
11          0.03            0.04            0.03            0.04           
12          0.01            0.03            0.01            0.03           
13          0.03            0.08            0.03            0.08           
14          0.01            0.04            0.01            0.04           
15          0.03            0.07            0.03            0.07           
16          0.02            0.03            0.02            0.03           
17          0.01            0.08            0.01            0.08           
18          0.02            0.13            0.02            0.13           
19          0.03            0.00            0.03            0.00           
20          0.02            0.01            0.02            0.01           
21          0.00            0.01            0.00            0.01           
22          0.03            0.02            0.03            0.02           
23          0.00            0.03            0.00            0.03           
24          0.03            0.06            0.03            0.06           
2021-12-16 19:00:05,017 - __main__ - INFO - relative error average :0.02618193203160565
2021-12-16 19:00:05,017 - __main__ - INFO - relative error normalized average :0.025512262490093217
2021-12-16 19:00:05,017 - __main__ - INFO - relative error var normalized average :0.0038193040898780173
2021-12-16 19:00:05,019 - __main__ - INFO - total_time:5.029638849198818
