main.py:20: FutureWarning: Passing a negative integer is deprecated in version 1.0 and will not be supported in future version. Instead, use None to not limit the column width.
  pd.set_option('max_colwidth', -1)
2021-12-16 18:59:19,167 - __main__ - INFO - load query config config/query/customer_with_inc_join_supplier.json successfully
2021-12-16 18:59:19,167 - __main__ - INFO - load train config ./config/train/tpch_customer_with_inc_torch_cvae.json successfully
2021-12-16 18:59:19,167 - __main__ - INFO - load train config ./config/train/tpch_supplier_torch_cvae.json successfully
2021-12-16 18:59:19,168 - utils.dataset_utils - INFO - load existing dataset(light):tpch-1m-customer-with-inc_c_nationkey_c_acctbal_c_nationkey_binary_gaussian5_0inc_train
2021-12-16 18:59:22,235 - utils.dataset_utils - INFO - load dataset(light) time elapsed:3.0673242937773466
2021-12-16 18:59:22,235 - models.pytorch_cvae - INFO - feature info:[('c_acctbal', 'numerical', 6), ('c_nationkey', 'categorical', 6)]
2021-12-16 18:59:22,236 - utils.model_utils - INFO - load model name:torch_cvae_tpch-1m-customer-with-inc_c_nationkey_ld50_id100_bs1024_ep100_0_binary_gaussian5inc_train
2021-12-16 18:59:22,238 - utils.model_utils - INFO - load torch model time elapsed:0.0020122919231653214
2021-12-16 18:59:22,238 - models.pytorch_cvae - INFO - load model time elapsed:3.0707297921180725
2021-12-16 18:59:22,238 - utils.dataset_utils - INFO - load existing dataset(light):tpch-1m-supplier_s_nationkey#s_suppkey_s_acctbal_s_nationkey_binary_gaussian5_0
2021-12-16 18:59:22,241 - utils.dataset_utils - INFO - load dataset(light) time elapsed:0.003008216619491577
2021-12-16 18:59:22,241 - models.pytorch_cvae - INFO - feature info:[('s_acctbal', 'numerical', 6), ('s_nationkey', 'categorical', 6), ('s_suppkey', 'categorical', 15)]
2021-12-16 18:59:22,242 - utils.model_utils - INFO - load model name:torch_cvae_tpch-1m-supplier_s_nationkey_ld50_id100_bs32_ep150_0_binary_gaussian5
2021-12-16 18:59:22,243 - utils.model_utils - INFO - load torch model time elapsed:0.0014436868950724602
2021-12-16 18:59:22,243 - models.pytorch_cvae - INFO - load model time elapsed:0.005136960186064243
2021-12-16 18:59:22,243 - __main__ - INFO - multi_sampling No.0 epoch
2021-12-16 18:59:22,244 - models.pytorch_cvae - INFO - statistics sampling rate:0.03
2021-12-16 18:59:22,244 - __main__ - INFO - multi_sampling No.1 epoch
2021-12-16 18:59:22,250 - models.pytorch_cvae - INFO - statistics sampling rate:0.03
2021-12-16 18:59:22,250 - __main__ - INFO - multi_sampling No.2 epoch
2021-12-16 18:59:22,251 - models.pytorch_cvae - INFO - statistics sampling rate:0.03
2021-12-16 18:59:23,249 - models.pytorch_cvae - INFO - sampling time:0.9975911630317569
2021-12-16 18:59:23,251 - models.pytorch_cvae - INFO - sampling time:1.006748627871275
2021-12-16 18:59:23,448 - models.pytorch_cvae - INFO - sampling time:1.1981030069291592
2021-12-16 18:59:23,723 - models.pytorch_cvae - INFO - statistics sampling rate:0.1
2021-12-16 18:59:23,740 - models.pytorch_cvae - INFO - statistics sampling rate:0.1
2021-12-16 18:59:23,747 - models.pytorch_cvae - INFO - statistics sampling rate:0.1
2021-12-16 18:59:23,833 - models.pytorch_cvae - INFO - sampling time:0.10909202601760626
2021-12-16 18:59:23,955 - __main__ - INFO - sample and aggregation time elapsed:1.7059291461482644
2021-12-16 18:59:23,960 - models.pytorch_cvae - INFO - sampling time:0.21318272035568953
2021-12-16 18:59:24,009 - models.pytorch_cvae - INFO - sampling time:0.26799845695495605
2021-12-16 18:59:24,125 - __main__ - INFO - sample and aggregation time elapsed:1.8742239298298955
2021-12-16 18:59:24,130 - __main__ - INFO - sample and aggregation time elapsed:1.8857481181621552
2021-12-16 18:59:24,131 - __main__ - INFO - sample time:1.887582315132022
2021-12-16 18:59:24,136 - __main__ - INFO - aqp result:
             avg(c_acctbal)  avg(s_acctbal)  sum(c_acctbal)  sum(s_acctbal)
c_nationkey                                                                
0           4469.62         4760.26         96782914010.87  103076352943.23
1           4460.61         5153.58         101114405764.70 116822799854.62
2           4452.73         4501.34         107563394882.36 108737821330.83
3           4467.49         4953.90         109013818752.99 120882876991.66
4           4451.35         4908.78         91587132164.58  100998811435.74
5           4477.32         5420.23         90092580940.22  109065832522.20
6           4419.54         5073.52         100963349491.48 115903387975.03
7           4342.84         5163.02         97150498174.25  115498228119.15
8           4484.73         5042.15         102034486453.24 114716695533.07
9           4474.75         4983.25         101286380618.54 112796171079.79
10          4374.68         4807.37         103344115308.82 113565753237.46
11          4328.29         4695.43         101938534065.23 110585324860.53
12          4362.90         5101.48         97373283492.19  113857263697.59
13          4411.74         4677.43         94331188068.97  100012081899.80
14          4452.68         5055.95         104753486019.42 118945948103.81
15          4394.23         4745.21         93132893989.08  100571781355.13
16          4443.63         4825.78         96662526166.65  104975595410.38
17          4414.30         5275.20         98383235379.67  117570474338.25
18          4445.62         4792.03         103529189871.54 111596252899.97
19          4519.44         5236.01         98700861637.00  114350132512.50
20          4426.18         5500.93         100550339412.26 124965621779.53
21          4360.49         5071.70         99957896265.78  116261405492.47
22          4484.30         4690.41         104037999214.05 108819688536.71
23          4432.72         5290.46         98047958521.05  117020340982.24
24          4326.05         5439.59         100183661597.18 125971357497.79
2021-12-16 18:59:24,137 - __main__ - INFO - ground truth:
             avg(c_acctbal)  avg(s_acctbal)  sum(c_acctbal)  sum(s_acctbal)
c_nationkey                                                                
0           4489.09         4750.47         97204429060.11  102864283639.34
1           4478.58         5156.38         101521631809.03 116886387814.97
2           4502.84         4926.83         108773860934.93 119016293073.25
3           4510.50         4976.52         110063319836.95 121434781349.97
4           4467.80         4955.13         91925727389.56  101952561544.09
5           4506.93         5017.03         90688332145.90  100952499397.81
6           4489.99         5263.09         102572805214.01 120234077220.52
7           4481.97         4725.51         100262969999.54 105711043954.64
8           4491.71         4898.26         102193355822.35 111442904344.11
9           4507.31         5056.46         102023357487.12 114453365970.99
10          4514.20         4934.04         106640129528.12 116557963141.05
11          4509.51         4846.61         106206568975.75 114145706219.45
12          4495.81         4905.97         100339620692.57 109493748108.56
13          4519.66         4967.01         96638723186.87  106203971323.94
14          4489.09         4748.57         105610059556.98 111714619054.55
15          4513.94         4993.59         95670237506.21  105836044024.01
16          4509.69         5125.84         98099691841.22  111502795597.57
17          4476.99         5194.81         99780562278.61  115778956973.10
18          4470.09         5153.13         104098927638.07 120005532950.10
19          4480.83         4865.91         97857583891.19  106267463992.76
20          4505.29         5210.90         102347462434.85 118377097752.18
21          4500.84         5087.25         103175299651.56 116617824864.37
22          4522.71         4945.33         104928946224.34 114733990724.54
23          4492.85         4974.00         99377984303.50  110020479238.93
24          4507.26         5065.90         104380144828.63 117317398620.77
2021-12-16 18:59:24,144 - __main__ - INFO - relative error:
             avg(c_acctbal)  avg(s_acctbal)  sum(c_acctbal)  sum(s_acctbal)
c_nationkey                                                                
0           0.00            0.00            0.00            0.00           
1           0.00            0.00            0.00            0.00           
2           0.01            0.09            0.01            0.09           
3           0.01            0.00            0.01            0.00           
4           0.00            0.01            0.00            0.01           
5           0.01            0.08            0.01            0.08           
6           0.02            0.04            0.02            0.04           
7           0.03            0.09            0.03            0.09           
8           0.00            0.03            0.00            0.03           
9           0.01            0.01            0.01            0.01           
10          0.03            0.03            0.03            0.03           
11          0.04            0.03            0.04            0.03           
12          0.03            0.04            0.03            0.04           
13          0.02            0.06            0.02            0.06           
14          0.01            0.06            0.01            0.06           
15          0.03            0.05            0.03            0.05           
16          0.01            0.06            0.01            0.06           
17          0.01            0.02            0.01            0.02           
18          0.01            0.07            0.01            0.07           
19          0.01            0.08            0.01            0.08           
20          0.02            0.06            0.02            0.06           
21          0.03            0.00            0.03            0.00           
22          0.01            0.05            0.01            0.05           
23          0.01            0.06            0.01            0.06           
24          0.04            0.07            0.04            0.07           
2021-12-16 18:59:24,144 - __main__ - INFO - relative error average :0.030009709075843532
2021-12-16 18:59:24,144 - __main__ - INFO - relative error normalized average :0.02924718187329346
2021-12-16 18:59:24,144 - __main__ - INFO - relative error var normalized average :0.0043102612834431875
2021-12-16 18:59:24,146 - __main__ - INFO - total_time:4.979246060363948
