main.py:20: FutureWarning: Passing a negative integer is deprecated in version 1.0 and will not be supported in future version. Instead, use None to not limit the column width.
  pd.set_option('max_colwidth', -1)
2021-12-16 19:00:42,521 - __main__ - INFO - load query config config/query/customer_with_inc_join_supplier.json successfully
2021-12-16 19:00:42,521 - __main__ - INFO - load train config ./config/train/tpch_customer_with_inc_torch_cvae.json successfully
2021-12-16 19:00:42,521 - __main__ - INFO - load train config ./config/train/tpch_supplier_torch_cvae.json successfully
2021-12-16 19:00:42,521 - utils.dataset_utils - INFO - load existing dataset(light):tpch-1m-customer-with-inc_c_nationkey_c_acctbal_c_nationkey_binary_gaussian5_0inc_train
2021-12-16 19:00:45,253 - utils.dataset_utils - INFO - load dataset(light) time elapsed:2.7320850929245353
2021-12-16 19:00:45,253 - models.pytorch_cvae - INFO - feature info:[('c_acctbal', 'numerical', 6), ('c_nationkey', 'categorical', 6)]
2021-12-16 19:00:45,254 - utils.model_utils - INFO - load model name:torch_cvae_tpch-1m-customer-with-inc_c_nationkey_ld50_id100_bs1024_ep100_0_binary_gaussian5inc_train
2021-12-16 19:00:45,256 - utils.model_utils - INFO - load torch model time elapsed:0.0019301101565361023
2021-12-16 19:00:45,256 - models.pytorch_cvae - INFO - load model time elapsed:2.7353497929871082
2021-12-16 19:00:45,256 - utils.dataset_utils - INFO - load existing dataset(light):tpch-1m-supplier_s_nationkey#s_suppkey_s_acctbal_s_nationkey_binary_gaussian5_0
2021-12-16 19:00:45,259 - utils.dataset_utils - INFO - load dataset(light) time elapsed:0.0029095448553562164
2021-12-16 19:00:45,259 - models.pytorch_cvae - INFO - feature info:[('s_acctbal', 'numerical', 6), ('s_nationkey', 'categorical', 6), ('s_suppkey', 'categorical', 15)]
2021-12-16 19:00:45,260 - utils.model_utils - INFO - load model name:torch_cvae_tpch-1m-supplier_s_nationkey_ld50_id100_bs32_ep150_0_binary_gaussian5
2021-12-16 19:00:45,264 - utils.model_utils - INFO - load torch model time elapsed:0.004330888390541077
2021-12-16 19:00:45,264 - models.pytorch_cvae - INFO - load model time elapsed:0.007902051322162151
2021-12-16 19:00:45,264 - __main__ - INFO - multi_sampling No.0 epoch
2021-12-16 19:00:45,265 - models.pytorch_cvae - INFO - statistics sampling rate:0.07
2021-12-16 19:00:45,265 - __main__ - INFO - multi_sampling No.1 epoch
2021-12-16 19:00:45,270 - models.pytorch_cvae - INFO - statistics sampling rate:0.07
2021-12-16 19:00:45,271 - __main__ - INFO - multi_sampling No.2 epoch
2021-12-16 19:00:45,271 - models.pytorch_cvae - INFO - statistics sampling rate:0.07
2021-12-16 19:00:46,520 - models.pytorch_cvae - INFO - sampling time:1.2480760803446174
2021-12-16 19:00:46,572 - models.pytorch_cvae - INFO - sampling time:1.3071643086150289
2021-12-16 19:00:46,995 - models.pytorch_cvae - INFO - statistics sampling rate:0.1
2021-12-16 19:00:47,205 - models.pytorch_cvae - INFO - statistics sampling rate:0.1
2021-12-16 19:00:47,210 - models.pytorch_cvae - INFO - sampling time:1.9389326833188534
2021-12-16 19:00:47,400 - models.pytorch_cvae - INFO - statistics sampling rate:0.1
2021-12-16 19:00:47,496 - models.pytorch_cvae - INFO - sampling time:0.09494562540203333
2021-12-16 19:00:47,541 - models.pytorch_cvae - INFO - sampling time:0.5386105859652162
2021-12-16 19:00:47,709 - models.pytorch_cvae - INFO - sampling time:0.5031539862975478
2021-12-16 19:00:47,821 - __main__ - INFO - sample and aggregation time elapsed:2.5507401200011373
2021-12-16 19:00:47,850 - __main__ - INFO - sample and aggregation time elapsed:2.5853518452495337
2021-12-16 19:00:47,955 - __main__ - INFO - sample and aggregation time elapsed:2.6836326625198126
2021-12-16 19:00:47,959 - __main__ - INFO - sample time:2.6951158633455634
2021-12-16 19:00:47,974 - __main__ - INFO - aqp result:
             avg(c_acctbal)  avg(s_acctbal)  sum(c_acctbal)  sum(s_acctbal)
c_nationkey                                                                
0           4413.37         4641.99         95564888104.33  100515238860.50
1           4405.14         5165.82         99857044923.51  117100310396.74
2           4451.84         4920.39         107542104040.41 118860718294.59
3           4448.26         5004.03         108544424450.83 122106257438.93
4           4449.76         4935.26         91554590709.46  101543763263.22
5           4431.30         4781.95         89166570215.29  96222311746.31 
6           4458.37         4575.76         101850308695.88 104532223943.34
7           4405.48         4746.29         98551742657.47  106175835949.24
8           4389.51         4971.85         99868056064.96  113117249241.81
9           4367.89         5316.46         98867508780.95  120338452649.61
10          4457.85         4821.21         105308877105.69 113892613749.41
11          4344.81         4493.94         102327620263.46 105839910404.91
12          4398.16         4608.13         98160262614.32  102846442160.37
13          4423.32         4448.93         94578754377.27  95126381792.47 
14          4439.64         4284.42         104446752724.63 100795041992.44
15          4443.48         4468.48         94176837797.19  94706650550.73 
16          4423.61         5288.76         96227060981.49  115046697058.32
17          4424.91         4992.31         98619877766.81  111265677914.54
18          4401.70         5080.23         102506274652.75 118307889984.47
19          4381.93         5139.65         95697639095.40  112245665793.45
20          4401.51         5167.28         99989880481.41  117386120069.75
21          4402.31         4904.28         100916519510.35 112423521162.98
22          4448.03         4841.17         103196301837.69 112317512323.68
23          4440.30         5220.65         98215560230.07  115476320218.16
24          4455.53         4958.11         103182354363.98 114821217181.33
2021-12-16 19:00:47,976 - __main__ - INFO - ground truth:
             avg(c_acctbal)  avg(s_acctbal)  sum(c_acctbal)  sum(s_acctbal)
c_nationkey                                                                
0           4489.09         4750.47         97204429060.11  102864283639.34
1           4478.58         5156.38         101521631809.03 116886387814.97
2           4502.84         4926.83         108773860934.93 119016293073.25
3           4510.50         4976.52         110063319836.95 121434781349.97
4           4467.80         4955.13         91925727389.56  101952561544.09
5           4506.93         5017.03         90688332145.90  100952499397.81
6           4489.99         5263.09         102572805214.01 120234077220.52
7           4481.97         4725.51         100262969999.54 105711043954.64
8           4491.71         4898.26         102193355822.35 111442904344.11
9           4507.31         5056.46         102023357487.12 114453365970.99
10          4514.20         4934.04         106640129528.12 116557963141.05
11          4509.51         4846.61         106206568975.75 114145706219.45
12          4495.81         4905.97         100339620692.57 109493748108.56
13          4519.66         4967.01         96638723186.87  106203971323.94
14          4489.09         4748.57         105610059556.98 111714619054.55
15          4513.94         4993.59         95670237506.21  105836044024.01
16          4509.69         5125.84         98099691841.22  111502795597.57
17          4476.99         5194.81         99780562278.61  115778956973.10
18          4470.09         5153.13         104098927638.07 120005532950.10
19          4480.83         4865.91         97857583891.19  106267463992.76
20          4505.29         5210.90         102347462434.85 118377097752.18
21          4500.84         5087.25         103175299651.56 116617824864.37
22          4522.71         4945.33         104928946224.34 114733990724.54
23          4492.85         4974.00         99377984303.50  110020479238.93
24          4507.26         5065.90         104380144828.63 117317398620.77
2021-12-16 19:00:47,988 - __main__ - INFO - relative error:
             avg(c_acctbal)  avg(s_acctbal)  sum(c_acctbal)  sum(s_acctbal)
c_nationkey                                                                
0           0.02            0.02            0.02            0.02           
1           0.02            0.00            0.02            0.00           
2           0.01            0.00            0.01            0.00           
3           0.01            0.01            0.01            0.01           
4           0.00            0.00            0.00            0.00           
5           0.02            0.05            0.02            0.05           
6           0.01            0.13            0.01            0.13           
7           0.02            0.00            0.02            0.00           
8           0.02            0.02            0.02            0.02           
9           0.03            0.05            0.03            0.05           
10          0.01            0.02            0.01            0.02           
11          0.04            0.07            0.04            0.07           
12          0.02            0.06            0.02            0.06           
13          0.02            0.10            0.02            0.10           
14          0.01            0.10            0.01            0.10           
15          0.02            0.11            0.02            0.11           
16          0.02            0.03            0.02            0.03           
17          0.01            0.04            0.01            0.04           
18          0.02            0.01            0.02            0.01           
19          0.02            0.06            0.02            0.06           
20          0.02            0.01            0.02            0.01           
21          0.02            0.04            0.02            0.04           
22          0.02            0.02            0.02            0.02           
23          0.01            0.05            0.01            0.05           
24          0.01            0.02            0.01            0.02           
2021-12-16 19:00:47,988 - __main__ - INFO - relative error average :0.029063199735625968
2021-12-16 19:00:47,988 - __main__ - INFO - relative error normalized average :0.028257327042577586
2021-12-16 19:00:47,988 - __main__ - INFO - relative error var normalized average :0.004626441740132402
2021-12-16 19:00:47,990 - __main__ - INFO - total_time:5.468983106315136
