main.py:20: FutureWarning: Passing a negative integer is deprecated in version 1.0 and will not be supported in future version. Instead, use None to not limit the column width.
  pd.set_option('max_colwidth', -1)
2021-12-16 19:00:51,700 - __main__ - INFO - load query config config/query/customer_with_inc_join_supplier.json successfully
2021-12-16 19:00:51,701 - __main__ - INFO - load train config ./config/train/tpch_customer_with_inc_torch_cvae.json successfully
2021-12-16 19:00:51,701 - __main__ - INFO - load train config ./config/train/tpch_supplier_torch_cvae.json successfully
2021-12-16 19:00:51,701 - utils.dataset_utils - INFO - load existing dataset(light):tpch-1m-customer-with-inc_c_nationkey_c_acctbal_c_nationkey_binary_gaussian5_0inc_train
2021-12-16 19:00:55,309 - utils.dataset_utils - INFO - load dataset(light) time elapsed:3.607917065732181
2021-12-16 19:00:55,309 - models.pytorch_cvae - INFO - feature info:[('c_acctbal', 'numerical', 6), ('c_nationkey', 'categorical', 6)]
2021-12-16 19:00:55,311 - utils.model_utils - INFO - load model name:torch_cvae_tpch-1m-customer-with-inc_c_nationkey_ld50_id100_bs1024_ep100_0_binary_gaussian5inc_train
2021-12-16 19:00:55,313 - utils.model_utils - INFO - load torch model time elapsed:0.002798067405819893
2021-12-16 19:00:55,313 - models.pytorch_cvae - INFO - load model time elapsed:3.6128272488713264
2021-12-16 19:00:55,314 - utils.dataset_utils - INFO - load existing dataset(light):tpch-1m-supplier_s_nationkey#s_suppkey_s_acctbal_s_nationkey_binary_gaussian5_0
2021-12-16 19:00:55,318 - utils.dataset_utils - INFO - load dataset(light) time elapsed:0.004409255459904671
2021-12-16 19:00:55,318 - models.pytorch_cvae - INFO - feature info:[('s_acctbal', 'numerical', 6), ('s_nationkey', 'categorical', 6), ('s_suppkey', 'categorical', 15)]
2021-12-16 19:00:55,319 - utils.model_utils - INFO - load model name:torch_cvae_tpch-1m-supplier_s_nationkey_ld50_id100_bs32_ep150_0_binary_gaussian5
2021-12-16 19:00:55,324 - utils.model_utils - INFO - load torch model time elapsed:0.0045112380757927895
2021-12-16 19:00:55,324 - models.pytorch_cvae - INFO - load model time elapsed:0.01011579018086195
2021-12-16 19:00:55,324 - __main__ - INFO - multi_sampling No.0 epoch
2021-12-16 19:00:55,324 - models.pytorch_cvae - INFO - statistics sampling rate:0.07
2021-12-16 19:00:55,324 - __main__ - INFO - multi_sampling No.1 epoch
2021-12-16 19:00:55,331 - models.pytorch_cvae - INFO - statistics sampling rate:0.07
2021-12-16 19:00:55,331 - __main__ - INFO - multi_sampling No.2 epoch
2021-12-16 19:00:55,333 - models.pytorch_cvae - INFO - statistics sampling rate:0.07
2021-12-16 19:00:56,670 - models.pytorch_cvae - INFO - sampling time:1.3453521225601435
2021-12-16 19:00:56,690 - models.pytorch_cvae - INFO - sampling time:1.356939951889217
2021-12-16 19:00:56,970 - models.pytorch_cvae - INFO - sampling time:1.638094486668706
2021-12-16 19:00:57,849 - models.pytorch_cvae - INFO - statistics sampling rate:0.1
2021-12-16 19:00:57,865 - models.pytorch_cvae - INFO - statistics sampling rate:0.1
2021-12-16 19:00:57,871 - models.pytorch_cvae - INFO - statistics sampling rate:0.1
2021-12-16 19:00:58,006 - models.pytorch_cvae - INFO - sampling time:0.13491119258105755
2021-12-16 19:00:58,140 - models.pytorch_cvae - INFO - sampling time:0.27506247721612453
2021-12-16 19:00:58,145 - models.pytorch_cvae - INFO - sampling time:0.29418986663222313
2021-12-16 19:00:58,366 - __main__ - INFO - sample and aggregation time elapsed:3.0337392650544643
2021-12-16 19:00:58,467 - __main__ - INFO - sample and aggregation time elapsed:3.143213100731373
2021-12-16 19:00:58,472 - __main__ - INFO - sample and aggregation time elapsed:3.141316371038556
2021-12-16 19:00:58,477 - __main__ - INFO - sample time:3.1529385671019554
2021-12-16 19:00:58,488 - __main__ - INFO - aqp result:
             avg(c_acctbal)  avg(s_acctbal)  sum(c_acctbal)  sum(s_acctbal)
c_nationkey                                                                
0           4420.53         4723.90         95719909964.14  102288875562.36
1           4435.55         4913.78         100546420987.21 111387044158.33
2           4483.82         4767.73         108314401119.26 115172919114.72
3           4425.56         4387.57         107990561097.03 107063643348.07
4           4438.67         5052.39         91326375857.68  103953607029.06
5           4383.89         5101.08         88212597464.84  102643942288.65
6           4434.04         5264.18         101294688359.47 120258983826.94
7           4465.97         5043.96         99904924845.14  112834864972.48
8           4382.48         5258.95         99708191125.74  119649179868.62
9           4436.44         4643.34         100419167816.40 105102446997.96
10          4410.78         4766.00         104196952276.45 112588319384.34
11          4401.45         4600.30         103661510313.35 108344819887.91
12          4432.87         4731.44         98934874301.48  105598436719.21
13          4466.14         4952.35         95494464975.79  105890493025.05
14          4436.84         5144.20         104380940636.94 121022100665.66
15          4372.67         4941.54         92676073588.39  104732893143.41
16          4373.37         5239.95         95134241874.94  113984906245.48
17          4418.00         4935.13         98465792767.71  109991279088.49
18          4460.66         5008.38         103879441883.77 116634618483.25
19          4433.19         5400.35         96817133002.62  117939027046.08
20          4448.61         5466.01         101059868299.12 124172529241.57
21          4396.70         5414.48         100787915879.60 124119243533.62
22          4450.05         5241.66         103243261709.45 121608908710.50
23          4479.32         4696.86         99078734135.14  103890468691.63
24          4404.94         5189.08         102010668144.93 120170007113.76
2021-12-16 19:00:58,491 - __main__ - INFO - ground truth:
             avg(c_acctbal)  avg(s_acctbal)  sum(c_acctbal)  sum(s_acctbal)
c_nationkey                                                                
0           4489.09         4750.47         97204429060.11  102864283639.34
1           4478.58         5156.38         101521631809.03 116886387814.97
2           4502.84         4926.83         108773860934.93 119016293073.25
3           4510.50         4976.52         110063319836.95 121434781349.97
4           4467.80         4955.13         91925727389.56  101952561544.09
5           4506.93         5017.03         90688332145.90  100952499397.81
6           4489.99         5263.09         102572805214.01 120234077220.52
7           4481.97         4725.51         100262969999.54 105711043954.64
8           4491.71         4898.26         102193355822.35 111442904344.11
9           4507.31         5056.46         102023357487.12 114453365970.99
10          4514.20         4934.04         106640129528.12 116557963141.05
11          4509.51         4846.61         106206568975.75 114145706219.45
12          4495.81         4905.97         100339620692.57 109493748108.56
13          4519.66         4967.01         96638723186.87  106203971323.94
14          4489.09         4748.57         105610059556.98 111714619054.55
15          4513.94         4993.59         95670237506.21  105836044024.01
16          4509.69         5125.84         98099691841.22  111502795597.57
17          4476.99         5194.81         99780562278.61  115778956973.10
18          4470.09         5153.13         104098927638.07 120005532950.10
19          4480.83         4865.91         97857583891.19  106267463992.76
20          4505.29         5210.90         102347462434.85 118377097752.18
21          4500.84         5087.25         103175299651.56 116617824864.37
22          4522.71         4945.33         104928946224.34 114733990724.54
23          4492.85         4974.00         99377984303.50  110020479238.93
24          4507.26         5065.90         104380144828.63 117317398620.77
2021-12-16 19:00:58,502 - __main__ - INFO - relative error:
             avg(c_acctbal)  avg(s_acctbal)  sum(c_acctbal)  sum(s_acctbal)
c_nationkey                                                                
0           0.02            0.01            0.02            0.01           
1           0.01            0.05            0.01            0.05           
2           0.00            0.03            0.00            0.03           
3           0.02            0.12            0.02            0.12           
4           0.01            0.02            0.01            0.02           
5           0.03            0.02            0.03            0.02           
6           0.01            0.00            0.01            0.00           
7           0.00            0.07            0.00            0.07           
8           0.02            0.07            0.02            0.07           
9           0.02            0.08            0.02            0.08           
10          0.02            0.03            0.02            0.03           
11          0.02            0.05            0.02            0.05           
12          0.01            0.04            0.01            0.04           
13          0.01            0.00            0.01            0.00           
14          0.01            0.08            0.01            0.08           
15          0.03            0.01            0.03            0.01           
16          0.03            0.02            0.03            0.02           
17          0.01            0.05            0.01            0.05           
18          0.00            0.03            0.00            0.03           
19          0.01            0.11            0.01            0.11           
20          0.01            0.05            0.01            0.05           
21          0.02            0.06            0.02            0.06           
22          0.02            0.06            0.02            0.06           
23          0.00            0.06            0.00            0.06           
24          0.02            0.02            0.02            0.02           
2021-12-16 19:00:58,502 - __main__ - INFO - relative error average :0.030605280427382787
2021-12-16 19:00:58,502 - __main__ - INFO - relative error normalized average :0.02978526427850289
2021-12-16 19:00:58,502 - __main__ - INFO - relative error var normalized average :0.004759264185946383
2021-12-16 19:00:58,503 - __main__ - INFO - total_time:6.802703632041812
