main.py:20: FutureWarning: Passing a negative integer is deprecated in version 1.0 and will not be supported in future version. Instead, use None to not limit the column width.
  pd.set_option('max_colwidth', -1)
2021-12-16 18:59:43,271 - __main__ - INFO - load query config config/query/customer_with_inc_join_supplier.json successfully
2021-12-16 18:59:43,271 - __main__ - INFO - load train config ./config/train/tpch_customer_with_inc_torch_cvae.json successfully
2021-12-16 18:59:43,271 - __main__ - INFO - load train config ./config/train/tpch_supplier_torch_cvae.json successfully
2021-12-16 18:59:43,271 - utils.dataset_utils - INFO - load existing dataset(light):tpch-1m-customer-with-inc_c_nationkey_c_acctbal_c_nationkey_binary_gaussian5_0inc_train
2021-12-16 18:59:46,011 - utils.dataset_utils - INFO - load dataset(light) time elapsed:2.739629214629531
2021-12-16 18:59:46,011 - models.pytorch_cvae - INFO - feature info:[('c_acctbal', 'numerical', 6), ('c_nationkey', 'categorical', 6)]
2021-12-16 18:59:46,012 - utils.model_utils - INFO - load model name:torch_cvae_tpch-1m-customer-with-inc_c_nationkey_ld50_id100_bs1024_ep100_0_binary_gaussian5inc_train
2021-12-16 18:59:46,014 - utils.model_utils - INFO - load torch model time elapsed:0.0019566603004932404
2021-12-16 18:59:46,014 - models.pytorch_cvae - INFO - load model time elapsed:2.742918910458684
2021-12-16 18:59:46,014 - utils.dataset_utils - INFO - load existing dataset(light):tpch-1m-supplier_s_nationkey#s_suppkey_s_acctbal_s_nationkey_binary_gaussian5_0
2021-12-16 18:59:46,017 - utils.dataset_utils - INFO - load dataset(light) time elapsed:0.0026635993272066116
2021-12-16 18:59:46,017 - models.pytorch_cvae - INFO - feature info:[('s_acctbal', 'numerical', 6), ('s_nationkey', 'categorical', 6), ('s_suppkey', 'categorical', 15)]
2021-12-16 18:59:46,017 - utils.model_utils - INFO - load model name:torch_cvae_tpch-1m-supplier_s_nationkey_ld50_id100_bs32_ep150_0_binary_gaussian5
2021-12-16 18:59:46,021 - utils.model_utils - INFO - load torch model time elapsed:0.003850165754556656
2021-12-16 18:59:46,021 - models.pytorch_cvae - INFO - load model time elapsed:0.007185495458543301
2021-12-16 18:59:46,021 - __main__ - INFO - multi_sampling No.0 epoch
2021-12-16 18:59:46,022 - models.pytorch_cvae - INFO - statistics sampling rate:0.04
2021-12-16 18:59:46,022 - __main__ - INFO - multi_sampling No.1 epoch
2021-12-16 18:59:46,027 - models.pytorch_cvae - INFO - statistics sampling rate:0.04
2021-12-16 18:59:46,028 - __main__ - INFO - multi_sampling No.2 epoch
2021-12-16 18:59:46,030 - models.pytorch_cvae - INFO - statistics sampling rate:0.04
2021-12-16 18:59:47,138 - models.pytorch_cvae - INFO - sampling time:1.1094020884484053
2021-12-16 18:59:47,139 - models.pytorch_cvae - INFO - sampling time:1.117502042092383
2021-12-16 18:59:47,844 - models.pytorch_cvae - INFO - statistics sampling rate:0.1
2021-12-16 18:59:47,845 - models.pytorch_cvae - INFO - statistics sampling rate:0.1
2021-12-16 18:59:47,869 - models.pytorch_cvae - INFO - sampling time:1.8393645454198122
2021-12-16 18:59:47,978 - models.pytorch_cvae - INFO - statistics sampling rate:0.1
2021-12-16 18:59:48,079 - models.pytorch_cvae - INFO - sampling time:0.10063530039042234
2021-12-16 18:59:48,134 - models.pytorch_cvae - INFO - sampling time:0.2883820505812764
2021-12-16 18:59:48,330 - models.pytorch_cvae - INFO - sampling time:0.48395940102636814
2021-12-16 18:59:48,419 - __main__ - INFO - sample and aggregation time elapsed:2.39247212652117
2021-12-16 18:59:48,426 - __main__ - INFO - sample and aggregation time elapsed:2.3970834631472826
2021-12-16 18:59:48,493 - __main__ - INFO - sample and aggregation time elapsed:2.471866711974144
2021-12-16 18:59:48,498 - __main__ - INFO - sample time:2.4769105343148112
2021-12-16 18:59:48,511 - __main__ - INFO - aqp result:
             avg(c_acctbal)  avg(s_acctbal)  sum(c_acctbal)  sum(s_acctbal)
c_nationkey                                                                
0           4429.43         5069.17         95912678597.61  109765294259.84
1           4440.62         5296.67         100661192785.45 120066420779.35
2           4365.93         4908.32         105466654284.94 118569094040.85
3           4416.71         5280.75         107774634270.04 128858605253.01
4           4443.60         4699.52         91427758375.01  96693430318.45 
5           4469.19         5134.68         89928887963.72  103319858767.46
6           4420.83         5561.51         100992838766.57 127051451875.41
7           4388.24         5123.87         98166186282.27  114622399254.81
8           4423.78         4700.48         100647797420.96 106943064063.18
9           4450.55         4368.31         100738611206.66 98877117743.05 
10          4490.76         4942.83         106086249357.12 116765551299.39
11          4431.12         5267.21         104360267832.71 124051499737.76
12          4440.17         5132.87         99097837060.25  114557844080.43
13          4428.31         4888.11         94685620448.41  104517000301.51
14          4427.52         4961.71         104161720573.80 116728855235.83
15          4325.69         4733.85         91680320655.23  100330994297.26
16          4427.82         5135.99         96318756004.32  111723458651.72
17          4397.84         5348.48         98016509559.09  119203667008.28
18          4411.06         4859.51         102724169366.13 113167623203.18
19          4377.29         5444.89         95596373988.32  118911759857.35
20          4380.27         4917.34         99507408030.32  111708182080.20
21          4371.46         4930.50         100209430784.76 113024524082.02
22          4426.44         5166.08         102695527895.95 119855481970.56
23          4433.52         5066.93         98065584907.19  112075990178.00
24          4458.66         5339.95         103254835463.18 123663907161.57
2021-12-16 18:59:48,514 - __main__ - INFO - ground truth:
             avg(c_acctbal)  avg(s_acctbal)  sum(c_acctbal)  sum(s_acctbal)
c_nationkey                                                                
0           4489.09         4750.47         97204429060.11  102864283639.34
1           4478.58         5156.38         101521631809.03 116886387814.97
2           4502.84         4926.83         108773860934.93 119016293073.25
3           4510.50         4976.52         110063319836.95 121434781349.97
4           4467.80         4955.13         91925727389.56  101952561544.09
5           4506.93         5017.03         90688332145.90  100952499397.81
6           4489.99         5263.09         102572805214.01 120234077220.52
7           4481.97         4725.51         100262969999.54 105711043954.64
8           4491.71         4898.26         102193355822.35 111442904344.11
9           4507.31         5056.46         102023357487.12 114453365970.99
10          4514.20         4934.04         106640129528.12 116557963141.05
11          4509.51         4846.61         106206568975.75 114145706219.45
12          4495.81         4905.97         100339620692.57 109493748108.56
13          4519.66         4967.01         96638723186.87  106203971323.94
14          4489.09         4748.57         105610059556.98 111714619054.55
15          4513.94         4993.59         95670237506.21  105836044024.01
16          4509.69         5125.84         98099691841.22  111502795597.57
17          4476.99         5194.81         99780562278.61  115778956973.10
18          4470.09         5153.13         104098927638.07 120005532950.10
19          4480.83         4865.91         97857583891.19  106267463992.76
20          4505.29         5210.90         102347462434.85 118377097752.18
21          4500.84         5087.25         103175299651.56 116617824864.37
22          4522.71         4945.33         104928946224.34 114733990724.54
23          4492.85         4974.00         99377984303.50  110020479238.93
24          4507.26         5065.90         104380144828.63 117317398620.77
2021-12-16 18:59:48,524 - __main__ - INFO - relative error:
             avg(c_acctbal)  avg(s_acctbal)  sum(c_acctbal)  sum(s_acctbal)
c_nationkey                                                                
0           0.01            0.07            0.01            0.07           
1           0.01            0.03            0.01            0.03           
2           0.03            0.00            0.03            0.00           
3           0.02            0.06            0.02            0.06           
4           0.01            0.05            0.01            0.05           
5           0.01            0.02            0.01            0.02           
6           0.02            0.06            0.02            0.06           
7           0.02            0.08            0.02            0.08           
8           0.02            0.04            0.02            0.04           
9           0.01            0.14            0.01            0.14           
10          0.01            0.00            0.01            0.00           
11          0.02            0.09            0.02            0.09           
12          0.01            0.05            0.01            0.05           
13          0.02            0.02            0.02            0.02           
14          0.01            0.04            0.01            0.04           
15          0.04            0.05            0.04            0.05           
16          0.02            0.00            0.02            0.00           
17          0.02            0.03            0.02            0.03           
18          0.01            0.06            0.01            0.06           
19          0.02            0.12            0.02            0.12           
20          0.03            0.06            0.03            0.06           
21          0.03            0.03            0.03            0.03           
22          0.02            0.04            0.02            0.04           
23          0.01            0.02            0.01            0.02           
24          0.01            0.05            0.01            0.05           
2021-12-16 18:59:48,525 - __main__ - INFO - relative error average :0.032933264120939845
2021-12-16 18:59:48,525 - __main__ - INFO - relative error normalized average :0.0320154154134016
2021-12-16 18:59:48,525 - __main__ - INFO - relative error var normalized average :0.005343572819745497
2021-12-16 18:59:48,527 - __main__ - INFO - total_time:5.255999580025673
