main.py:20: FutureWarning: Passing a negative integer is deprecated in version 1.0 and will not be supported in future version. Instead, use None to not limit the column width.
  pd.set_option('max_colwidth', -1)
2021-12-16 19:00:08,175 - __main__ - INFO - load query config config/query/customer_with_inc_join_supplier.json successfully
2021-12-16 19:00:08,175 - __main__ - INFO - load train config ./config/train/tpch_customer_with_inc_torch_cvae.json successfully
2021-12-16 19:00:08,175 - __main__ - INFO - load train config ./config/train/tpch_supplier_torch_cvae.json successfully
2021-12-16 19:00:08,175 - utils.dataset_utils - INFO - load existing dataset(light):tpch-1m-customer-with-inc_c_nationkey_c_acctbal_c_nationkey_binary_gaussian5_0inc_train
2021-12-16 19:00:11,041 - utils.dataset_utils - INFO - load dataset(light) time elapsed:2.8658263878896832
2021-12-16 19:00:11,041 - models.pytorch_cvae - INFO - feature info:[('c_acctbal', 'numerical', 6), ('c_nationkey', 'categorical', 6)]
2021-12-16 19:00:11,043 - utils.model_utils - INFO - load model name:torch_cvae_tpch-1m-customer-with-inc_c_nationkey_ld50_id100_bs1024_ep100_0_binary_gaussian5inc_train
2021-12-16 19:00:11,046 - utils.model_utils - INFO - load torch model time elapsed:0.0034918319433927536
2021-12-16 19:00:11,046 - models.pytorch_cvae - INFO - load model time elapsed:2.8706681383773685
2021-12-16 19:00:11,046 - utils.dataset_utils - INFO - load existing dataset(light):tpch-1m-supplier_s_nationkey#s_suppkey_s_acctbal_s_nationkey_binary_gaussian5_0
2021-12-16 19:00:11,049 - utils.dataset_utils - INFO - load dataset(light) time elapsed:0.0026331767439842224
2021-12-16 19:00:11,049 - models.pytorch_cvae - INFO - feature info:[('s_acctbal', 'numerical', 6), ('s_nationkey', 'categorical', 6), ('s_suppkey', 'categorical', 15)]
2021-12-16 19:00:11,049 - utils.model_utils - INFO - load model name:torch_cvae_tpch-1m-supplier_s_nationkey_ld50_id100_bs32_ep150_0_binary_gaussian5
2021-12-16 19:00:11,051 - utils.model_utils - INFO - load torch model time elapsed:0.001765846274793148
2021-12-16 19:00:11,051 - models.pytorch_cvae - INFO - load model time elapsed:0.005044816993176937
2021-12-16 19:00:11,051 - __main__ - INFO - multi_sampling No.0 epoch
2021-12-16 19:00:11,052 - models.pytorch_cvae - INFO - statistics sampling rate:0.05
2021-12-16 19:00:11,052 - __main__ - INFO - multi_sampling No.1 epoch
2021-12-16 19:00:11,058 - models.pytorch_cvae - INFO - statistics sampling rate:0.05
2021-12-16 19:00:11,059 - __main__ - INFO - multi_sampling No.2 epoch
2021-12-16 19:00:11,060 - models.pytorch_cvae - INFO - statistics sampling rate:0.05
2021-12-16 19:00:12,318 - models.pytorch_cvae - INFO - sampling time:1.2654273379594088
2021-12-16 19:00:12,318 - models.pytorch_cvae - INFO - sampling time:1.2596045527607203
2021-12-16 19:00:12,954 - models.pytorch_cvae - INFO - statistics sampling rate:0.1
2021-12-16 19:00:12,960 - models.pytorch_cvae - INFO - statistics sampling rate:0.1
2021-12-16 19:00:13,071 - models.pytorch_cvae - INFO - sampling time:2.010593687184155
2021-12-16 19:00:13,196 - models.pytorch_cvae - INFO - statistics sampling rate:0.1
2021-12-16 19:00:13,291 - models.pytorch_cvae - INFO - sampling time:0.09449105337262154
2021-12-16 19:00:13,350 - models.pytorch_cvae - INFO - sampling time:0.3958429014310241
2021-12-16 19:00:13,434 - models.pytorch_cvae - INFO - sampling time:0.4734894121065736
2021-12-16 19:00:13,546 - __main__ - INFO - sample and aggregation time elapsed:2.486611070111394
2021-12-16 19:00:13,623 - __main__ - INFO - sample and aggregation time elapsed:2.564791557379067
2021-12-16 19:00:13,647 - __main__ - INFO - sample and aggregation time elapsed:2.5950746536254883
2021-12-16 19:00:13,651 - __main__ - INFO - sample time:2.6000661216676235
2021-12-16 19:00:13,664 - __main__ - INFO - aqp result:
             avg(c_acctbal)  avg(s_acctbal)  sum(c_acctbal)  sum(s_acctbal)
c_nationkey                                                                
0           4485.18         4808.89         97119812968.65  104129354374.13
1           4447.78         4689.87         100823438661.98 106311330268.45
2           4461.99         5036.06         107787232152.47 121654923662.16
3           4449.93         4974.46         108585294871.88 121384638737.43
4           4430.33         5322.96         91154681519.48  109520649553.50
5           4371.19         4584.02         87956940389.85  92239657104.36 
6           4430.51         5445.23         101213953038.05 124395078881.18
7           4477.33         4923.62         100159213716.37 110142681527.25
8           4459.32         4828.90         101456335114.33 109864891974.17
9           4403.81         5001.15         99680629124.37  113201407191.10
10          4453.33         5039.48         105202088274.76 119048805125.93
11          4493.21         4811.02         105822566169.07 113307566459.90
12          4511.06         4904.63         100680064813.53 109463835524.02
13          4401.83         4961.13         94119334808.33  106078231443.62
14          4476.13         4483.87         105305139220.57 105487418614.70
15          4435.67         4889.35         94011243587.09  103626743135.58
16          4365.81         5228.72         94969683845.01  113740788555.50
17          4359.21         5228.14         97155567247.68  116521753273.12
18          4434.05         5178.67         103259740025.92 120600308099.44
19          4400.20         4763.59         96096631300.14  104032896799.71
20          4421.89         4783.96         100452922577.46 108678170148.69
21          4471.80         4794.79         102509541344.66 109913582119.75
22          4470.48         4844.67         103717350659.78 112398582825.60
23          4418.22         4607.90         97727224126.72  101922755310.61
24          4395.96         4559.24         101802627997.65 105583947863.60
2021-12-16 19:00:13,667 - __main__ - INFO - ground truth:
             avg(c_acctbal)  avg(s_acctbal)  sum(c_acctbal)  sum(s_acctbal)
c_nationkey                                                                
0           4489.09         4750.47         97204429060.11  102864283639.34
1           4478.58         5156.38         101521631809.03 116886387814.97
2           4502.84         4926.83         108773860934.93 119016293073.25
3           4510.50         4976.52         110063319836.95 121434781349.97
4           4467.80         4955.13         91925727389.56  101952561544.09
5           4506.93         5017.03         90688332145.90  100952499397.81
6           4489.99         5263.09         102572805214.01 120234077220.52
7           4481.97         4725.51         100262969999.54 105711043954.64
8           4491.71         4898.26         102193355822.35 111442904344.11
9           4507.31         5056.46         102023357487.12 114453365970.99
10          4514.20         4934.04         106640129528.12 116557963141.05
11          4509.51         4846.61         106206568975.75 114145706219.45
12          4495.81         4905.97         100339620692.57 109493748108.56
13          4519.66         4967.01         96638723186.87  106203971323.94
14          4489.09         4748.57         105610059556.98 111714619054.55
15          4513.94         4993.59         95670237506.21  105836044024.01
16          4509.69         5125.84         98099691841.22  111502795597.57
17          4476.99         5194.81         99780562278.61  115778956973.10
18          4470.09         5153.13         104098927638.07 120005532950.10
19          4480.83         4865.91         97857583891.19  106267463992.76
20          4505.29         5210.90         102347462434.85 118377097752.18
21          4500.84         5087.25         103175299651.56 116617824864.37
22          4522.71         4945.33         104928946224.34 114733990724.54
23          4492.85         4974.00         99377984303.50  110020479238.93
24          4507.26         5065.90         104380144828.63 117317398620.77
2021-12-16 19:00:13,677 - __main__ - INFO - relative error:
             avg(c_acctbal)  avg(s_acctbal)  sum(c_acctbal)  sum(s_acctbal)
c_nationkey                                                                
0           0.00            0.01            0.00            0.01           
1           0.01            0.09            0.01            0.09           
2           0.01            0.02            0.01            0.02           
3           0.01            0.00            0.01            0.00           
4           0.01            0.07            0.01            0.07           
5           0.03            0.09            0.03            0.09           
6           0.01            0.03            0.01            0.03           
7           0.00            0.04            0.00            0.04           
8           0.01            0.01            0.01            0.01           
9           0.02            0.01            0.02            0.01           
10          0.01            0.02            0.01            0.02           
11          0.00            0.01            0.00            0.01           
12          0.00            0.00            0.00            0.00           
13          0.03            0.00            0.03            0.00           
14          0.00            0.06            0.00            0.06           
15          0.02            0.02            0.02            0.02           
16          0.03            0.02            0.03            0.02           
17          0.03            0.01            0.03            0.01           
18          0.01            0.00            0.01            0.00           
19          0.02            0.02            0.02            0.02           
20          0.02            0.08            0.02            0.08           
21          0.01            0.06            0.01            0.06           
22          0.01            0.02            0.01            0.02           
23          0.02            0.07            0.02            0.07           
24          0.02            0.10            0.02            0.10           
2021-12-16 19:00:13,678 - __main__ - INFO - relative error average :0.02444517234088813
2021-12-16 19:00:13,678 - __main__ - INFO - relative error normalized average :0.02383345339003605
2021-12-16 19:00:13,678 - __main__ - INFO - relative error var normalized average :0.003642086265101544
2021-12-16 19:00:13,679 - __main__ - INFO - total_time:5.503825295716524
