main.py:20: FutureWarning: Passing a negative integer is deprecated in version 1.0 and will not be supported in future version. Instead, use None to not limit the column width.
  pd.set_option('max_colwidth', -1)
2021-12-16 19:02:00,152 - __main__ - INFO - load query config config/query/customer_with_inc_join_supplier.json successfully
2021-12-16 19:02:00,152 - __main__ - INFO - load train config ./config/train/tpch_customer_with_inc_torch_cvae.json successfully
2021-12-16 19:02:00,153 - __main__ - INFO - load train config ./config/train/tpch_supplier_torch_cvae.json successfully
2021-12-16 19:02:00,153 - utils.dataset_utils - INFO - load existing dataset(light):tpch-1m-customer-with-inc_c_nationkey_c_acctbal_c_nationkey_binary_gaussian5_0inc_train
2021-12-16 19:02:03,738 - utils.dataset_utils - INFO - load dataset(light) time elapsed:3.5857756538316607
2021-12-16 19:02:03,739 - models.pytorch_cvae - INFO - feature info:[('c_acctbal', 'numerical', 6), ('c_nationkey', 'categorical', 6)]
2021-12-16 19:02:03,740 - utils.model_utils - INFO - load model name:torch_cvae_tpch-1m-customer-with-inc_c_nationkey_ld50_id100_bs1024_ep100_0_binary_gaussian5inc_train
2021-12-16 19:02:03,743 - utils.model_utils - INFO - load torch model time elapsed:0.002802858129143715
2021-12-16 19:02:03,743 - models.pytorch_cvae - INFO - load model time elapsed:3.590652792714536
2021-12-16 19:02:03,743 - utils.dataset_utils - INFO - load existing dataset(light):tpch-1m-supplier_s_nationkey#s_suppkey_s_acctbal_s_nationkey_binary_gaussian5_0
2021-12-16 19:02:03,747 - utils.dataset_utils - INFO - load dataset(light) time elapsed:0.004127933643758297
2021-12-16 19:02:03,748 - models.pytorch_cvae - INFO - feature info:[('s_acctbal', 'numerical', 6), ('s_nationkey', 'categorical', 6), ('s_suppkey', 'categorical', 15)]
2021-12-16 19:02:03,748 - utils.model_utils - INFO - load model name:torch_cvae_tpch-1m-supplier_s_nationkey_ld50_id100_bs32_ep150_0_binary_gaussian5
2021-12-16 19:02:03,753 - utils.model_utils - INFO - load torch model time elapsed:0.0046487972140312195
2021-12-16 19:02:03,753 - models.pytorch_cvae - INFO - load model time elapsed:0.00990836787968874
2021-12-16 19:02:03,753 - __main__ - INFO - multi_sampling No.0 epoch
2021-12-16 19:02:03,754 - models.pytorch_cvae - INFO - statistics sampling rate:0.09
2021-12-16 19:02:03,754 - __main__ - INFO - multi_sampling No.1 epoch
2021-12-16 19:02:03,760 - models.pytorch_cvae - INFO - statistics sampling rate:0.09
2021-12-16 19:02:03,761 - __main__ - INFO - multi_sampling No.2 epoch
2021-12-16 19:02:03,762 - models.pytorch_cvae - INFO - statistics sampling rate:0.09
2021-12-16 19:02:05,262 - models.pytorch_cvae - INFO - sampling time:1.4997940184548497
2021-12-16 19:02:05,340 - models.pytorch_cvae - INFO - sampling time:1.586135944351554
2021-12-16 19:02:06,043 - models.pytorch_cvae - INFO - statistics sampling rate:0.1
2021-12-16 19:02:06,332 - models.pytorch_cvae - INFO - sampling time:2.5708260713145137
2021-12-16 19:02:06,333 - models.pytorch_cvae - INFO - statistics sampling rate:0.1
2021-12-16 19:02:06,581 - models.pytorch_cvae - INFO - statistics sampling rate:0.1
2021-12-16 19:02:06,637 - models.pytorch_cvae - INFO - sampling time:0.5943879159167409
2021-12-16 19:02:06,734 - models.pytorch_cvae - INFO - sampling time:0.40123423654586077
2021-12-16 19:02:06,897 - models.pytorch_cvae - INFO - sampling time:0.3153074523434043
2021-12-16 19:02:07,104 - __main__ - INFO - sample and aggregation time elapsed:3.342399443499744
2021-12-16 19:02:07,167 - __main__ - INFO - sample and aggregation time elapsed:3.4132397202774882
2021-12-16 19:02:07,304 - __main__ - INFO - sample and aggregation time elapsed:3.5438371626660228
2021-12-16 19:02:07,309 - __main__ - INFO - sample time:3.5553256878629327
2021-12-16 19:02:07,321 - __main__ - INFO - aqp result:
             avg(c_acctbal)  avg(s_acctbal)  sum(c_acctbal)  sum(s_acctbal)
c_nationkey                                                                
0           4414.58         4695.03         95591086311.53  101663782722.34
1           4409.43         4861.74         99954174381.44  110207359628.53
2           4446.79         5114.60         107420008610.79 123552189903.98
3           4405.82         5035.11         107508891561.90 122864644728.48
4           4485.84         4680.27         92296860505.06  96297184827.94 
5           4442.82         5163.32         89398256164.19  103896295259.79
6           4451.47         4838.62         101692763692.44 110537187546.10
7           4405.35         4992.47         98548861081.86  111683042538.60
8           4425.72         4623.47         100691933353.19 105190948801.81
9           4394.97         5080.20         99480568435.74  114990782202.15
10          4411.15         5298.12         104205628589.47 125158790054.15
11          4359.49         4817.26         102673221636.88 113454404939.21
12          4440.55         4779.69         99106345402.43  106675321006.99
13          4398.86         5166.95         94055734603.54  110478947459.54
14          4403.83         4654.59         103604242093.16 109503667366.14
15          4424.15         5081.98         93767052530.75  107709410369.63
16          4410.44         5197.39         95940552882.90  113059109573.52
17          4391.20         5426.54         97868412997.60  120943568434.17
18          4428.29         5265.09         103125525216.20 122612810006.96
19          4381.80         4700.62         95694744335.20  102657658161.41
20          4430.33         4693.39         100644649404.06 106620682612.26
21          4427.92         4797.59         101503709444.31 109977841810.79
22          4453.84         4835.73         103331185121.55 112191176946.41
23          4408.76         4912.64         97517883850.21  108663233204.91
24          4419.81         4597.71         102355157910.38 106474831948.59
2021-12-16 19:02:07,324 - __main__ - INFO - ground truth:
             avg(c_acctbal)  avg(s_acctbal)  sum(c_acctbal)  sum(s_acctbal)
c_nationkey                                                                
0           4489.09         4750.47         97204429060.11  102864283639.34
1           4478.58         5156.38         101521631809.03 116886387814.97
2           4502.84         4926.83         108773860934.93 119016293073.25
3           4510.50         4976.52         110063319836.95 121434781349.97
4           4467.80         4955.13         91925727389.56  101952561544.09
5           4506.93         5017.03         90688332145.90  100952499397.81
6           4489.99         5263.09         102572805214.01 120234077220.52
7           4481.97         4725.51         100262969999.54 105711043954.64
8           4491.71         4898.26         102193355822.35 111442904344.11
9           4507.31         5056.46         102023357487.12 114453365970.99
10          4514.20         4934.04         106640129528.12 116557963141.05
11          4509.51         4846.61         106206568975.75 114145706219.45
12          4495.81         4905.97         100339620692.57 109493748108.56
13          4519.66         4967.01         96638723186.87  106203971323.94
14          4489.09         4748.57         105610059556.98 111714619054.55
15          4513.94         4993.59         95670237506.21  105836044024.01
16          4509.69         5125.84         98099691841.22  111502795597.57
17          4476.99         5194.81         99780562278.61  115778956973.10
18          4470.09         5153.13         104098927638.07 120005532950.10
19          4480.83         4865.91         97857583891.19  106267463992.76
20          4505.29         5210.90         102347462434.85 118377097752.18
21          4500.84         5087.25         103175299651.56 116617824864.37
22          4522.71         4945.33         104928946224.34 114733990724.54
23          4492.85         4974.00         99377984303.50  110020479238.93
24          4507.26         5065.90         104380144828.63 117317398620.77
2021-12-16 19:02:07,335 - __main__ - INFO - relative error:
             avg(c_acctbal)  avg(s_acctbal)  sum(c_acctbal)  sum(s_acctbal)
c_nationkey                                                                
0           0.02            0.01            0.02            0.01           
1           0.02            0.06            0.02            0.06           
2           0.01            0.04            0.01            0.04           
3           0.02            0.01            0.02            0.01           
4           0.00            0.06            0.00            0.06           
5           0.01            0.03            0.01            0.03           
6           0.01            0.08            0.01            0.08           
7           0.02            0.06            0.02            0.06           
8           0.01            0.06            0.01            0.06           
9           0.02            0.00            0.02            0.00           
10          0.02            0.07            0.02            0.07           
11          0.03            0.01            0.03            0.01           
12          0.01            0.03            0.01            0.03           
13          0.03            0.04            0.03            0.04           
14          0.02            0.02            0.02            0.02           
15          0.02            0.02            0.02            0.02           
16          0.02            0.01            0.02            0.01           
17          0.02            0.04            0.02            0.04           
18          0.01            0.02            0.01            0.02           
19          0.02            0.03            0.02            0.03           
20          0.02            0.10            0.02            0.10           
21          0.02            0.06            0.02            0.06           
22          0.02            0.02            0.02            0.02           
23          0.02            0.01            0.02            0.01           
24          0.02            0.09            0.02            0.09           
2021-12-16 19:02:07,335 - __main__ - INFO - relative error average :0.028521796871750858
2021-12-16 19:02:07,335 - __main__ - INFO - relative error normalized average :0.027883671391631372
2021-12-16 19:02:07,335 - __main__ - INFO - relative error var normalized average :0.003825663636699662
2021-12-16 19:02:07,337 - __main__ - INFO - total_time:7.185048055835068
