main.py:20: FutureWarning: Passing a negative integer is deprecated in version 1.0 and will not be supported in future version. Instead, use None to not limit the column width.
  pd.set_option('max_colwidth', -1)
2021-12-16 19:01:02,217 - __main__ - INFO - load query config config/query/customer_with_inc_join_supplier.json successfully
2021-12-16 19:01:02,217 - __main__ - INFO - load train config ./config/train/tpch_customer_with_inc_torch_cvae.json successfully
2021-12-16 19:01:02,217 - __main__ - INFO - load train config ./config/train/tpch_supplier_torch_cvae.json successfully
2021-12-16 19:01:02,217 - utils.dataset_utils - INFO - load existing dataset(light):tpch-1m-customer-with-inc_c_nationkey_c_acctbal_c_nationkey_binary_gaussian5_0inc_train
2021-12-16 19:01:04,936 - utils.dataset_utils - INFO - load dataset(light) time elapsed:2.7193078733980656
2021-12-16 19:01:04,937 - models.pytorch_cvae - INFO - feature info:[('c_acctbal', 'numerical', 6), ('c_nationkey', 'categorical', 6)]
2021-12-16 19:01:04,938 - utils.model_utils - INFO - load model name:torch_cvae_tpch-1m-customer-with-inc_c_nationkey_ld50_id100_bs1024_ep100_0_binary_gaussian5inc_train
2021-12-16 19:01:04,940 - utils.model_utils - INFO - load torch model time elapsed:0.002461271360516548
2021-12-16 19:01:04,940 - models.pytorch_cvae - INFO - load model time elapsed:2.7231023367494345
2021-12-16 19:01:04,940 - utils.dataset_utils - INFO - load existing dataset(light):tpch-1m-supplier_s_nationkey#s_suppkey_s_acctbal_s_nationkey_binary_gaussian5_0
2021-12-16 19:01:04,943 - utils.dataset_utils - INFO - load dataset(light) time elapsed:0.002736578695476055
2021-12-16 19:01:04,943 - models.pytorch_cvae - INFO - feature info:[('s_acctbal', 'numerical', 6), ('s_nationkey', 'categorical', 6), ('s_suppkey', 'categorical', 15)]
2021-12-16 19:01:04,944 - utils.model_utils - INFO - load model name:torch_cvae_tpch-1m-supplier_s_nationkey_ld50_id100_bs32_ep150_0_binary_gaussian5
2021-12-16 19:01:04,946 - utils.model_utils - INFO - load torch model time elapsed:0.002634291537106037
2021-12-16 19:01:04,946 - models.pytorch_cvae - INFO - load model time elapsed:0.006027042865753174
2021-12-16 19:01:04,946 - __main__ - INFO - multi_sampling No.0 epoch
2021-12-16 19:01:04,947 - models.pytorch_cvae - INFO - statistics sampling rate:0.07
2021-12-16 19:01:04,947 - __main__ - INFO - multi_sampling No.1 epoch
2021-12-16 19:01:04,952 - models.pytorch_cvae - INFO - statistics sampling rate:0.07
2021-12-16 19:01:04,953 - __main__ - INFO - multi_sampling No.2 epoch
2021-12-16 19:01:04,953 - models.pytorch_cvae - INFO - statistics sampling rate:0.07
2021-12-16 19:01:06,461 - models.pytorch_cvae - INFO - sampling time:1.5136052314192057
2021-12-16 19:01:06,467 - models.pytorch_cvae - INFO - sampling time:1.5123620331287384
2021-12-16 19:01:06,624 - models.pytorch_cvae - INFO - sampling time:1.6710380772128701
2021-12-16 19:01:07,203 - models.pytorch_cvae - INFO - statistics sampling rate:0.1
2021-12-16 19:01:07,327 - models.pytorch_cvae - INFO - statistics sampling rate:0.1
2021-12-16 19:01:07,438 - models.pytorch_cvae - INFO - statistics sampling rate:0.1
2021-12-16 19:01:07,530 - models.pytorch_cvae - INFO - sampling time:0.0913156159222126
2021-12-16 19:01:07,730 - models.pytorch_cvae - INFO - sampling time:0.402899781242013
2021-12-16 19:01:07,734 - models.pytorch_cvae - INFO - sampling time:0.5282667661085725
2021-12-16 19:01:07,800 - __main__ - INFO - sample and aggregation time elapsed:2.8471474638208747
2021-12-16 19:01:08,016 - __main__ - INFO - sample and aggregation time elapsed:3.0633400082588196
2021-12-16 19:01:08,028 - __main__ - INFO - sample and aggregation time elapsed:3.081374534405768
2021-12-16 19:01:08,033 - __main__ - INFO - sample time:3.086265050806105
2021-12-16 19:01:08,047 - __main__ - INFO - aqp result:
             avg(c_acctbal)  avg(s_acctbal)  sum(c_acctbal)  sum(s_acctbal)
c_nationkey                                                                
0           4424.22         5289.22         95799873645.17  114530103849.56
1           4421.31         5432.63         100223422224.96 123148512106.56
2           4419.73         5014.31         106766238842.74 121129496047.40
3           4395.58         5306.59         107259079828.33 129489155201.69
4           4504.43         4868.87         92679246398.33  100177798344.06
5           4447.19         5161.38         89486336299.38  103857219600.97
6           4419.12         4828.08         100953869829.12 110296402456.18
7           4414.53         4506.95         98754149594.81  100821731446.56
8           4433.03         4936.37         100858306412.57 112309951832.57
9           4440.68         4623.80         100515115671.61 104660068834.65
10          4425.86         5136.25         104553122798.84 121334749131.05
11          4439.68         4776.24         104561897337.53 112488487040.79
12          4478.02         5205.58         99942524013.05  116180602146.63
13          4424.49         4315.10         94603763906.87  92264937153.41 
14          4382.61         4425.34         103105189234.66 104110303908.94
15          4444.70         4885.74         94202588421.62  103550222756.92
16          4408.45         4966.93         95897416743.09  108045935977.73
17          4450.59         4965.06         99192126118.78  110658293193.79
18          4431.31         4936.54         103195897899.69 114961665616.97
19          4384.03         4422.91         95743514601.93  96592708977.23 
20          4484.24         4890.64         101869403110.83 111101757619.22
21          4450.37         4828.33         102018304120.23 110682582405.75
22          4477.63         4736.92         103883246121.88 109898834938.36
23          4450.30         4925.31         98436842933.77  108943535368.90
24          4410.07         5285.44         102129413775.53 122401580799.00
2021-12-16 19:01:08,050 - __main__ - INFO - ground truth:
             avg(c_acctbal)  avg(s_acctbal)  sum(c_acctbal)  sum(s_acctbal)
c_nationkey                                                                
0           4489.09         4750.47         97204429060.11  102864283639.34
1           4478.58         5156.38         101521631809.03 116886387814.97
2           4502.84         4926.83         108773860934.93 119016293073.25
3           4510.50         4976.52         110063319836.95 121434781349.97
4           4467.80         4955.13         91925727389.56  101952561544.09
5           4506.93         5017.03         90688332145.90  100952499397.81
6           4489.99         5263.09         102572805214.01 120234077220.52
7           4481.97         4725.51         100262969999.54 105711043954.64
8           4491.71         4898.26         102193355822.35 111442904344.11
9           4507.31         5056.46         102023357487.12 114453365970.99
10          4514.20         4934.04         106640129528.12 116557963141.05
11          4509.51         4846.61         106206568975.75 114145706219.45
12          4495.81         4905.97         100339620692.57 109493748108.56
13          4519.66         4967.01         96638723186.87  106203971323.94
14          4489.09         4748.57         105610059556.98 111714619054.55
15          4513.94         4993.59         95670237506.21  105836044024.01
16          4509.69         5125.84         98099691841.22  111502795597.57
17          4476.99         5194.81         99780562278.61  115778956973.10
18          4470.09         5153.13         104098927638.07 120005532950.10
19          4480.83         4865.91         97857583891.19  106267463992.76
20          4505.29         5210.90         102347462434.85 118377097752.18
21          4500.84         5087.25         103175299651.56 116617824864.37
22          4522.71         4945.33         104928946224.34 114733990724.54
23          4492.85         4974.00         99377984303.50  110020479238.93
24          4507.26         5065.90         104380144828.63 117317398620.77
2021-12-16 19:01:08,062 - __main__ - INFO - relative error:
             avg(c_acctbal)  avg(s_acctbal)  sum(c_acctbal)  sum(s_acctbal)
c_nationkey                                                                
0           0.01            0.11            0.01            0.11           
1           0.01            0.05            0.01            0.05           
2           0.02            0.02            0.02            0.02           
3           0.03            0.07            0.03            0.07           
4           0.01            0.02            0.01            0.02           
5           0.01            0.03            0.01            0.03           
6           0.02            0.08            0.02            0.08           
7           0.02            0.05            0.02            0.05           
8           0.01            0.01            0.01            0.01           
9           0.01            0.09            0.01            0.09           
10          0.02            0.04            0.02            0.04           
11          0.02            0.01            0.02            0.01           
12          0.00            0.06            0.00            0.06           
13          0.02            0.13            0.02            0.13           
14          0.02            0.07            0.02            0.07           
15          0.02            0.02            0.02            0.02           
16          0.02            0.03            0.02            0.03           
17          0.01            0.04            0.01            0.04           
18          0.01            0.04            0.01            0.04           
19          0.02            0.09            0.02            0.09           
20          0.00            0.06            0.00            0.06           
21          0.01            0.05            0.01            0.05           
22          0.01            0.04            0.01            0.04           
23          0.01            0.01            0.01            0.01           
24          0.02            0.04            0.02            0.04           
2021-12-16 19:01:08,062 - __main__ - INFO - relative error average :0.032776976454876205
2021-12-16 19:01:08,062 - __main__ - INFO - relative error normalized average :0.03185005929955756
2021-12-16 19:01:08,062 - __main__ - INFO - relative error var normalized average :0.005437005057729525
2021-12-16 19:01:08,064 - __main__ - INFO - total_time:5.8476036209613085
