main.py:20: FutureWarning: Passing a negative integer is deprecated in version 1.0 and will not be supported in future version. Instead, use None to not limit the column width.
  pd.set_option('max_colwidth', -1)
2021-12-16 19:00:25,260 - __main__ - INFO - load query config config/query/customer_with_inc_join_supplier.json successfully
2021-12-16 19:00:25,260 - __main__ - INFO - load train config ./config/train/tpch_customer_with_inc_torch_cvae.json successfully
2021-12-16 19:00:25,260 - __main__ - INFO - load train config ./config/train/tpch_supplier_torch_cvae.json successfully
2021-12-16 19:00:25,261 - utils.dataset_utils - INFO - load existing dataset(light):tpch-1m-customer-with-inc_c_nationkey_c_acctbal_c_nationkey_binary_gaussian5_0inc_train
2021-12-16 19:00:28,006 - utils.dataset_utils - INFO - load dataset(light) time elapsed:2.7454939046874642
2021-12-16 19:00:28,006 - models.pytorch_cvae - INFO - feature info:[('c_acctbal', 'numerical', 6), ('c_nationkey', 'categorical', 6)]
2021-12-16 19:00:28,007 - utils.model_utils - INFO - load model name:torch_cvae_tpch-1m-customer-with-inc_c_nationkey_ld50_id100_bs1024_ep100_0_binary_gaussian5inc_train
2021-12-16 19:00:28,012 - utils.model_utils - INFO - load torch model time elapsed:0.0047954414039850235
2021-12-16 19:00:28,012 - models.pytorch_cvae - INFO - load model time elapsed:2.7516269963234663
2021-12-16 19:00:28,012 - utils.dataset_utils - INFO - load existing dataset(light):tpch-1m-supplier_s_nationkey#s_suppkey_s_acctbal_s_nationkey_binary_gaussian5_0
2021-12-16 19:00:28,015 - utils.dataset_utils - INFO - load dataset(light) time elapsed:0.0028784899041056633
2021-12-16 19:00:28,015 - models.pytorch_cvae - INFO - feature info:[('s_acctbal', 'numerical', 6), ('s_nationkey', 'categorical', 6), ('s_suppkey', 'categorical', 15)]
2021-12-16 19:00:28,016 - utils.model_utils - INFO - load model name:torch_cvae_tpch-1m-supplier_s_nationkey_ld50_id100_bs32_ep150_0_binary_gaussian5
2021-12-16 19:00:28,017 - utils.model_utils - INFO - load torch model time elapsed:0.0014956891536712646
2021-12-16 19:00:28,017 - models.pytorch_cvae - INFO - load model time elapsed:0.0050208428874611855
2021-12-16 19:00:28,017 - __main__ - INFO - multi_sampling No.0 epoch
2021-12-16 19:00:28,018 - models.pytorch_cvae - INFO - statistics sampling rate:0.06
2021-12-16 19:00:28,018 - __main__ - INFO - multi_sampling No.1 epoch
2021-12-16 19:00:28,024 - models.pytorch_cvae - INFO - statistics sampling rate:0.06
2021-12-16 19:00:28,024 - __main__ - INFO - multi_sampling No.2 epoch
2021-12-16 19:00:28,026 - models.pytorch_cvae - INFO - statistics sampling rate:0.06
2021-12-16 19:00:29,322 - models.pytorch_cvae - INFO - sampling time:1.295659531839192
2021-12-16 19:00:29,445 - models.pytorch_cvae - INFO - sampling time:1.4268232909962535
2021-12-16 19:00:29,967 - models.pytorch_cvae - INFO - sampling time:1.9420449268072844
2021-12-16 19:00:30,123 - models.pytorch_cvae - INFO - statistics sampling rate:0.1
2021-12-16 19:00:30,211 - models.pytorch_cvae - INFO - statistics sampling rate:0.1
2021-12-16 19:00:30,302 - models.pytorch_cvae - INFO - statistics sampling rate:0.1
2021-12-16 19:00:30,393 - models.pytorch_cvae - INFO - sampling time:0.09076614025980234
2021-12-16 19:00:30,550 - models.pytorch_cvae - INFO - sampling time:0.33876632899045944
2021-12-16 19:00:30,584 - models.pytorch_cvae - INFO - sampling time:0.4608475612476468
2021-12-16 19:00:30,607 - __main__ - INFO - sample and aggregation time elapsed:2.58346008323133
2021-12-16 19:00:30,814 - __main__ - INFO - sample and aggregation time elapsed:2.796181528829038
2021-12-16 19:00:30,815 - __main__ - INFO - sample and aggregation time elapsed:2.789595142006874
2021-12-16 19:00:30,820 - __main__ - INFO - sample time:2.802672634832561
2021-12-16 19:00:30,835 - __main__ - INFO - aqp result:
             avg(c_acctbal)  avg(s_acctbal)  sum(c_acctbal)  sum(s_acctbal)
c_nationkey                                                                
0           4399.00         5049.10         95253826501.77  109330585275.44
1           4368.50         4906.69         99026441310.41  111226266429.63
2           4410.35         4840.54         106539655890.01 116931781922.75
3           4400.63         4950.91         107382324175.13 120809872518.21
4           4464.97         4553.40         91867373943.72  93686825183.12 
5           4460.90         4996.47         89762063478.66  100538902938.85
6           4467.75         5035.35         102064774497.27 115031342137.98
7           4497.30         4822.22         100605817029.79 107874352531.12
8           4397.24         4672.72         100044029596.07 106311491924.15
9           4453.67         4676.71         100809125947.47 105857783115.30
10          4409.29         5174.43         104161758561.17 122236686387.64
11          4371.31         5250.79         102951634274.81 123664977072.59
12          4487.88         4809.47         100162720666.38 107340055397.78
13          4504.34         4891.62         96311184272.24  104591975354.23
14          4542.32         4990.93         106862445799.36 117416436992.92
15          4443.83         4602.09         94184313322.50  97538515912.71 
16          4444.47         5346.18         96680933327.20  116295889485.43
17          4422.25         5019.91         98560592156.99  111880797351.31
18          4457.14         4808.46         103797408565.69 111978882993.22
19          4452.48         5030.20         97238460757.93  109855346520.45
20          4410.58         5244.99         100195994281.84 119151540881.54
21          4447.99         5203.88         101963795269.63 119291444693.95
22          4416.96         4882.91         102475613478.21 113285743144.60
23          4484.95         4916.65         99203173164.41  108752017251.63
24          4483.40         5065.05         103827789851.78 117297622921.17
2021-12-16 19:00:30,839 - __main__ - INFO - ground truth:
             avg(c_acctbal)  avg(s_acctbal)  sum(c_acctbal)  sum(s_acctbal)
c_nationkey                                                                
0           4489.09         4750.47         97204429060.11  102864283639.34
1           4478.58         5156.38         101521631809.03 116886387814.97
2           4502.84         4926.83         108773860934.93 119016293073.25
3           4510.50         4976.52         110063319836.95 121434781349.97
4           4467.80         4955.13         91925727389.56  101952561544.09
5           4506.93         5017.03         90688332145.90  100952499397.81
6           4489.99         5263.09         102572805214.01 120234077220.52
7           4481.97         4725.51         100262969999.54 105711043954.64
8           4491.71         4898.26         102193355822.35 111442904344.11
9           4507.31         5056.46         102023357487.12 114453365970.99
10          4514.20         4934.04         106640129528.12 116557963141.05
11          4509.51         4846.61         106206568975.75 114145706219.45
12          4495.81         4905.97         100339620692.57 109493748108.56
13          4519.66         4967.01         96638723186.87  106203971323.94
14          4489.09         4748.57         105610059556.98 111714619054.55
15          4513.94         4993.59         95670237506.21  105836044024.01
16          4509.69         5125.84         98099691841.22  111502795597.57
17          4476.99         5194.81         99780562278.61  115778956973.10
18          4470.09         5153.13         104098927638.07 120005532950.10
19          4480.83         4865.91         97857583891.19  106267463992.76
20          4505.29         5210.90         102347462434.85 118377097752.18
21          4500.84         5087.25         103175299651.56 116617824864.37
22          4522.71         4945.33         104928946224.34 114733990724.54
23          4492.85         4974.00         99377984303.50  110020479238.93
24          4507.26         5065.90         104380144828.63 117317398620.77
2021-12-16 19:00:30,850 - __main__ - INFO - relative error:
             avg(c_acctbal)  avg(s_acctbal)  sum(c_acctbal)  sum(s_acctbal)
c_nationkey                                                                
0           0.02            0.06            0.02            0.06           
1           0.02            0.05            0.02            0.05           
2           0.02            0.02            0.02            0.02           
3           0.02            0.01            0.02            0.01           
4           0.00            0.08            0.00            0.08           
5           0.01            0.00            0.01            0.00           
6           0.00            0.04            0.00            0.04           
7           0.00            0.02            0.00            0.02           
8           0.02            0.05            0.02            0.05           
9           0.01            0.08            0.01            0.08           
10          0.02            0.05            0.02            0.05           
11          0.03            0.08            0.03            0.08           
12          0.00            0.02            0.00            0.02           
13          0.00            0.02            0.00            0.02           
14          0.01            0.05            0.01            0.05           
15          0.02            0.08            0.02            0.08           
16          0.01            0.04            0.01            0.04           
17          0.01            0.03            0.01            0.03           
18          0.00            0.07            0.00            0.07           
19          0.01            0.03            0.01            0.03           
20          0.02            0.01            0.02            0.01           
21          0.01            0.02            0.01            0.02           
22          0.02            0.01            0.02            0.01           
23          0.00            0.01            0.00            0.01           
24          0.01            0.00            0.01            0.00           
2021-12-16 19:00:30,850 - __main__ - INFO - relative error average :0.02517463943953307
2021-12-16 19:00:30,850 - __main__ - INFO - relative error normalized average :0.024609792081886742
2021-12-16 19:00:30,850 - __main__ - INFO - relative error var normalized average :0.0033023496320243794
2021-12-16 19:00:30,852 - __main__ - INFO - total_time:5.592249882407486
