main.py:20: FutureWarning: Passing a negative integer is deprecated in version 1.0 and will not be supported in future version. Instead, use None to not limit the column width.
  pd.set_option('max_colwidth', -1)
2021-12-16 19:01:11,125 - __main__ - INFO - load query config config/query/customer_with_inc_join_supplier.json successfully
2021-12-16 19:01:11,125 - __main__ - INFO - load train config ./config/train/tpch_customer_with_inc_torch_cvae.json successfully
2021-12-16 19:01:11,125 - __main__ - INFO - load train config ./config/train/tpch_supplier_torch_cvae.json successfully
2021-12-16 19:01:11,125 - utils.dataset_utils - INFO - load existing dataset(light):tpch-1m-customer-with-inc_c_nationkey_c_acctbal_c_nationkey_binary_gaussian5_0inc_train
2021-12-16 19:01:13,875 - utils.dataset_utils - INFO - load dataset(light) time elapsed:2.750064459629357
2021-12-16 19:01:13,876 - models.pytorch_cvae - INFO - feature info:[('c_acctbal', 'numerical', 6), ('c_nationkey', 'categorical', 6)]
2021-12-16 19:01:13,877 - utils.model_utils - INFO - load model name:torch_cvae_tpch-1m-customer-with-inc_c_nationkey_ld50_id100_bs1024_ep100_0_binary_gaussian5inc_train
2021-12-16 19:01:13,882 - utils.model_utils - INFO - load torch model time elapsed:0.004930590279400349
2021-12-16 19:01:13,882 - models.pytorch_cvae - INFO - load model time elapsed:2.756323599256575
2021-12-16 19:01:13,882 - utils.dataset_utils - INFO - load existing dataset(light):tpch-1m-supplier_s_nationkey#s_suppkey_s_acctbal_s_nationkey_binary_gaussian5_0
2021-12-16 19:01:13,885 - utils.dataset_utils - INFO - load dataset(light) time elapsed:0.002861890010535717
2021-12-16 19:01:13,885 - models.pytorch_cvae - INFO - feature info:[('s_acctbal', 'numerical', 6), ('s_nationkey', 'categorical', 6), ('s_suppkey', 'categorical', 15)]
2021-12-16 19:01:13,885 - utils.model_utils - INFO - load model name:torch_cvae_tpch-1m-supplier_s_nationkey_ld50_id100_bs32_ep150_0_binary_gaussian5
2021-12-16 19:01:13,887 - utils.model_utils - INFO - load torch model time elapsed:0.0014899913221597672
2021-12-16 19:01:13,887 - models.pytorch_cvae - INFO - load model time elapsed:0.005020584911108017
2021-12-16 19:01:13,887 - __main__ - INFO - multi_sampling No.0 epoch
2021-12-16 19:01:13,887 - models.pytorch_cvae - INFO - statistics sampling rate:0.08
2021-12-16 19:01:13,887 - __main__ - INFO - multi_sampling No.1 epoch
2021-12-16 19:01:13,893 - models.pytorch_cvae - INFO - statistics sampling rate:0.08
2021-12-16 19:01:13,895 - __main__ - INFO - multi_sampling No.2 epoch
2021-12-16 19:01:13,895 - models.pytorch_cvae - INFO - statistics sampling rate:0.08
2021-12-16 19:01:15,308 - models.pytorch_cvae - INFO - sampling time:1.4140249080955982
2021-12-16 19:01:15,367 - models.pytorch_cvae - INFO - sampling time:1.47916538733989
2021-12-16 19:01:16,213 - models.pytorch_cvae - INFO - sampling time:2.31759178545326
2021-12-16 19:01:16,669 - models.pytorch_cvae - INFO - statistics sampling rate:0.1
2021-12-16 19:01:16,778 - models.pytorch_cvae - INFO - statistics sampling rate:0.1
2021-12-16 19:01:16,785 - models.pytorch_cvae - INFO - statistics sampling rate:0.1
2021-12-16 19:01:16,888 - models.pytorch_cvae - INFO - sampling time:0.10905784275382757
2021-12-16 19:01:17,029 - models.pytorch_cvae - INFO - sampling time:0.2435215963050723
2021-12-16 19:01:17,078 - models.pytorch_cvae - INFO - sampling time:0.40862347185611725
2021-12-16 19:01:17,316 - __main__ - INFO - sample and aggregation time elapsed:3.421405676752329
2021-12-16 19:01:17,450 - __main__ - INFO - sample and aggregation time elapsed:3.562906106002629
2021-12-16 19:01:17,459 - __main__ - INFO - sample and aggregation time elapsed:3.566590345464647
2021-12-16 19:01:17,464 - __main__ - INFO - sample time:3.577060994692147
2021-12-16 19:01:17,476 - __main__ - INFO - aqp result:
             avg(c_acctbal)  avg(s_acctbal)  sum(c_acctbal)  sum(s_acctbal)
c_nationkey                                                                
0           4427.88         5160.51         95879199717.23  111743111324.81
1           4395.59         5241.38         99640417472.31  118813114117.99
2           4457.84         5269.11         107686879709.35 127284680771.57
3           4436.08         5008.85         108247273600.19 122223748482.64
4           4476.18         5145.45         92098190226.17  105868514897.48
5           4408.17         4922.05         88701219823.22  99041482745.93 
6           4454.41         4938.51         101759982274.94 112819005673.96
7           4412.03         4976.12         98698418907.31  111317207331.84
8           4456.11         5035.06         101383256634.96 114555433036.47
9           4416.34         5067.09         99964247169.51  114693914308.08
10          4435.77         4755.80         104787243332.32 112347308104.66
11          4431.08         5041.04         104359322841.66 118724862313.27
12          4446.05         5065.19         99229008831.07  113047310629.45
13          4405.10         4238.66         94189274047.42  90630404556.27 
14          4463.36         4838.49         105004755427.29 113830088896.64
15          4435.01         4530.32         93997228844.01  96017351576.54 
16          4454.26         5343.38         96893882235.47  116234909123.83
17          4469.22         4380.39         99607381118.89  97627625500.94 
18          4413.48         5341.40         102780751034.61 124389852570.68
19          4376.58         5543.68         95580777385.35  121069374041.24
20          4419.02         4997.25         100387711160.29 113523472339.75
21          4440.12         4692.38         101783400298.69 107566130451.60
22          4409.72         5512.84         102307532799.87 127900417078.13
23          4427.79         4849.28         97938845305.52  107261793391.55
24          4420.54         4674.22         102371953684.24 108246620712.54
2021-12-16 19:01:17,479 - __main__ - INFO - ground truth:
             avg(c_acctbal)  avg(s_acctbal)  sum(c_acctbal)  sum(s_acctbal)
c_nationkey                                                                
0           4489.09         4750.47         97204429060.11  102864283639.34
1           4478.58         5156.38         101521631809.03 116886387814.97
2           4502.84         4926.83         108773860934.93 119016293073.25
3           4510.50         4976.52         110063319836.95 121434781349.97
4           4467.80         4955.13         91925727389.56  101952561544.09
5           4506.93         5017.03         90688332145.90  100952499397.81
6           4489.99         5263.09         102572805214.01 120234077220.52
7           4481.97         4725.51         100262969999.54 105711043954.64
8           4491.71         4898.26         102193355822.35 111442904344.11
9           4507.31         5056.46         102023357487.12 114453365970.99
10          4514.20         4934.04         106640129528.12 116557963141.05
11          4509.51         4846.61         106206568975.75 114145706219.45
12          4495.81         4905.97         100339620692.57 109493748108.56
13          4519.66         4967.01         96638723186.87  106203971323.94
14          4489.09         4748.57         105610059556.98 111714619054.55
15          4513.94         4993.59         95670237506.21  105836044024.01
16          4509.69         5125.84         98099691841.22  111502795597.57
17          4476.99         5194.81         99780562278.61  115778956973.10
18          4470.09         5153.13         104098927638.07 120005532950.10
19          4480.83         4865.91         97857583891.19  106267463992.76
20          4505.29         5210.90         102347462434.85 118377097752.18
21          4500.84         5087.25         103175299651.56 116617824864.37
22          4522.71         4945.33         104928946224.34 114733990724.54
23          4492.85         4974.00         99377984303.50  110020479238.93
24          4507.26         5065.90         104380144828.63 117317398620.77
2021-12-16 19:01:17,489 - __main__ - INFO - relative error:
             avg(c_acctbal)  avg(s_acctbal)  sum(c_acctbal)  sum(s_acctbal)
c_nationkey                                                                
0           0.01            0.09            0.01            0.09           
1           0.02            0.02            0.02            0.02           
2           0.01            0.07            0.01            0.07           
3           0.02            0.01            0.02            0.01           
4           0.00            0.04            0.00            0.04           
5           0.02            0.02            0.02            0.02           
6           0.01            0.06            0.01            0.06           
7           0.02            0.05            0.02            0.05           
8           0.01            0.03            0.01            0.03           
9           0.02            0.00            0.02            0.00           
10          0.02            0.04            0.02            0.04           
11          0.02            0.04            0.02            0.04           
12          0.01            0.03            0.01            0.03           
13          0.03            0.15            0.03            0.15           
14          0.01            0.02            0.01            0.02           
15          0.02            0.09            0.02            0.09           
16          0.01            0.04            0.01            0.04           
17          0.00            0.16            0.00            0.16           
18          0.01            0.04            0.01            0.04           
19          0.02            0.14            0.02            0.14           
20          0.02            0.04            0.02            0.04           
21          0.01            0.08            0.01            0.08           
22          0.02            0.11            0.02            0.11           
23          0.01            0.03            0.01            0.03           
24          0.02            0.08            0.02            0.08           
2021-12-16 19:01:17,490 - __main__ - INFO - relative error average :0.03656957774758255
2021-12-16 19:01:17,490 - __main__ - INFO - relative error normalized average :0.03524431126847258
2021-12-16 19:01:17,490 - __main__ - INFO - relative error var normalized average :0.007830355245889218
2021-12-16 19:01:17,492 - __main__ - INFO - total_time:6.367096176370978
