main.py:20: FutureWarning: Passing a negative integer is deprecated in version 1.0 and will not be supported in future version. Instead, use None to not limit the column width.
  pd.set_option('max_colwidth', -1)
2021-12-16 19:09:18,718 - __main__ - INFO - load query config config/query/customer_with_inc_join_supplier.json successfully
2021-12-16 19:09:18,718 - __main__ - INFO - load train config ./config/train/tpch_customer_with_inc_torch_cvae.json successfully
2021-12-16 19:09:18,718 - __main__ - INFO - load train config ./config/train/tpch_supplier_torch_cvae.json successfully
2021-12-16 19:09:18,718 - utils.dataset_utils - INFO - load existing dataset(light):tpch-1m-customer-with-inc_c_nationkey_c_acctbal_c_nationkey_binary_gaussian5_0old_train
2021-12-16 19:09:21,454 - utils.dataset_utils - INFO - load dataset(light) time elapsed:2.736066167242825
2021-12-16 19:09:21,454 - models.pytorch_cvae - INFO - feature info:[('c_acctbal', 'numerical', 6), ('c_nationkey', 'categorical', 6)]
2021-12-16 19:09:21,455 - utils.model_utils - INFO - load model name:torch_cvae_tpch-1m-customer-with-inc_c_nationkey_ld50_id100_bs1024_ep100_0_binary_gaussian5old_train
2021-12-16 19:09:21,460 - utils.model_utils - INFO - load torch model time elapsed:0.004354663193225861
2021-12-16 19:09:21,460 - models.pytorch_cvae - INFO - load model time elapsed:2.741767279803753
2021-12-16 19:09:21,460 - utils.dataset_utils - INFO - load existing dataset(light):tpch-1m-supplier_s_nationkey#s_suppkey_s_acctbal_s_nationkey_binary_gaussian5_0
2021-12-16 19:09:21,462 - utils.dataset_utils - INFO - load dataset(light) time elapsed:0.0026001520454883575
2021-12-16 19:09:21,463 - models.pytorch_cvae - INFO - feature info:[('s_acctbal', 'numerical', 6), ('s_nationkey', 'categorical', 6), ('s_suppkey', 'categorical', 15)]
2021-12-16 19:09:21,463 - utils.model_utils - INFO - load model name:torch_cvae_tpch-1m-supplier_s_nationkey_ld50_id100_bs32_ep150_0_binary_gaussian5
2021-12-16 19:09:21,464 - utils.model_utils - INFO - load torch model time elapsed:0.001402844674885273
2021-12-16 19:09:21,465 - models.pytorch_cvae - INFO - load model time elapsed:0.004654736258089542
2021-12-16 19:09:21,465 - __main__ - INFO - multi_sampling No.0 epoch
2021-12-16 19:09:21,465 - models.pytorch_cvae - INFO - statistics sampling rate:0.07
2021-12-16 19:09:21,465 - __main__ - INFO - multi_sampling No.1 epoch
2021-12-16 19:09:21,471 - models.pytorch_cvae - INFO - statistics sampling rate:0.07
2021-12-16 19:09:21,471 - __main__ - INFO - multi_sampling No.2 epoch
2021-12-16 19:09:21,472 - models.pytorch_cvae - INFO - statistics sampling rate:0.07
2021-12-16 19:09:22,798 - models.pytorch_cvae - INFO - sampling time:1.3258557869121432
2021-12-16 19:09:22,934 - models.pytorch_cvae - INFO - sampling time:1.46839140355587
2021-12-16 19:09:23,070 - models.pytorch_cvae - INFO - statistics sampling rate:0.1
2021-12-16 19:09:23,206 - models.pytorch_cvae - INFO - statistics sampling rate:0.1
2021-12-16 19:09:23,349 - models.pytorch_cvae - INFO - sampling time:1.8776258444413543
2021-12-16 19:09:23,545 - models.pytorch_cvae - INFO - statistics sampling rate:0.1
2021-12-16 19:09:23,569 - models.pytorch_cvae - INFO - sampling time:0.49713609647005796
2021-12-16 19:09:23,650 - models.pytorch_cvae - INFO - sampling time:0.44408402498811483
2021-12-16 19:09:23,765 - models.pytorch_cvae - INFO - sampling time:0.2191349733620882
2021-12-16 19:09:23,943 - __main__ - INFO - sample and aggregation time elapsed:2.47135900054127
2021-12-16 19:09:24,011 - __main__ - INFO - sample and aggregation time elapsed:2.546056224964559
2021-12-16 19:09:24,106 - __main__ - INFO - sample and aggregation time elapsed:2.6351197753101587
2021-12-16 19:09:24,110 - __main__ - INFO - sample time:2.6457660291343927
2021-12-16 19:09:24,125 - __main__ - INFO - aqp result:
             avg(c_acctbal)  avg(s_acctbal)  sum(c_acctbal)  sum(s_acctbal)
c_nationkey                                                                
0           4472.87         5111.99         96853230323.86  110692586851.78
1           4512.20         4713.86         102283894023.55 106855012856.61
2           4558.21         4564.21         110111518457.70 110256369700.05
3           4516.31         5361.35         110205129765.70 130825366754.01
4           4495.84         4885.31         92502592476.39  100516029427.00
5           4585.03         4673.53         92259969420.33  94040624965.62 
6           4533.47         5274.40         103566146664.20 120492330515.69
7           4482.05         4641.31         100264647933.53 103827426462.23
8           4558.34         5005.12         103709292024.80 113874064614.72
9           4505.73         4876.04         101987424129.73 110369626416.48
10          4515.73         4607.38         106676098220.94 108841197080.99
11          4474.02         4145.19         105370529487.17 97626153491.29 
12          4526.24         4756.17         101018781889.13 106150373711.27
13          4567.47         4315.80         97660977156.40  92279744606.46 
14          4600.09         4713.74         108221544934.37 110895313523.29
15          4522.69         4919.30         95855675624.06  104261540283.87
16          4495.76         5005.93         97796490444.56  108894333496.42
17          4488.58         5075.26         100038758307.70 113114490879.73
18          4547.84         5154.70         105909538342.80 120042114918.60
19          4505.75         5022.68         98401858635.06  109691168699.27
20          4535.85         5503.47         103041924369.88 125023511712.40
21          4505.82         4721.20         103289503369.21 108226817060.84
22          4470.65         5052.42         103721155631.12 117218432914.24
23          4508.30         4995.09         99719589017.84  110486974228.71
24          4501.46         4817.09         104245960718.75 111555287032.24
2021-12-16 19:09:24,127 - __main__ - INFO - ground truth:
             avg(c_acctbal)  avg(s_acctbal)  sum(c_acctbal)  sum(s_acctbal)
c_nationkey                                                                
0           4489.09         4750.47         97204429060.11  102864283639.34
1           4478.58         5156.38         101521631809.03 116886387814.97
2           4502.84         4926.83         108773860934.93 119016293073.25
3           4510.50         4976.52         110063319836.95 121434781349.97
4           4467.80         4955.13         91925727389.56  101952561544.09
5           4506.93         5017.03         90688332145.90  100952499397.81
6           4489.99         5263.09         102572805214.01 120234077220.52
7           4481.97         4725.51         100262969999.54 105711043954.64
8           4491.71         4898.26         102193355822.35 111442904344.11
9           4507.31         5056.46         102023357487.12 114453365970.99
10          4514.20         4934.04         106640129528.12 116557963141.05
11          4509.51         4846.61         106206568975.75 114145706219.45
12          4495.81         4905.97         100339620692.57 109493748108.56
13          4519.66         4967.01         96638723186.87  106203971323.94
14          4489.09         4748.57         105610059556.98 111714619054.55
15          4513.94         4993.59         95670237506.21  105836044024.01
16          4509.69         5125.84         98099691841.22  111502795597.57
17          4476.99         5194.81         99780562278.61  115778956973.10
18          4470.09         5153.13         104098927638.07 120005532950.10
19          4480.83         4865.91         97857583891.19  106267463992.76
20          4505.29         5210.90         102347462434.85 118377097752.18
21          4500.84         5087.25         103175299651.56 116617824864.37
22          4522.71         4945.33         104928946224.34 114733990724.54
23          4492.85         4974.00         99377984303.50  110020479238.93
24          4507.26         5065.90         104380144828.63 117317398620.77
2021-12-16 19:09:24,139 - __main__ - INFO - relative error:
             avg(c_acctbal)  avg(s_acctbal)  sum(c_acctbal)  sum(s_acctbal)
c_nationkey                                                                
0           0.00            0.08            0.00            0.08           
1           0.01            0.09            0.01            0.09           
2           0.01            0.07            0.01            0.07           
3           0.00            0.08            0.00            0.08           
4           0.01            0.01            0.01            0.01           
5           0.02            0.07            0.02            0.07           
6           0.01            0.00            0.01            0.00           
7           0.00            0.02            0.00            0.02           
8           0.01            0.02            0.01            0.02           
9           0.00            0.04            0.00            0.04           
10          0.00            0.07            0.00            0.07           
11          0.01            0.14            0.01            0.14           
12          0.01            0.03            0.01            0.03           
13          0.01            0.13            0.01            0.13           
14          0.02            0.01            0.02            0.01           
15          0.00            0.01            0.00            0.01           
16          0.00            0.02            0.00            0.02           
17          0.00            0.02            0.00            0.02           
18          0.02            0.00            0.02            0.00           
19          0.01            0.03            0.01            0.03           
20          0.01            0.06            0.01            0.06           
21          0.00            0.07            0.00            0.07           
22          0.01            0.02            0.01            0.02           
23          0.00            0.00            0.00            0.00           
24          0.00            0.05            0.00            0.05           
2021-12-16 19:09:24,139 - __main__ - INFO - relative error average :0.026557578663613714
2021-12-16 19:09:24,139 - __main__ - INFO - relative error normalized average :0.025677440135119026
2021-12-16 19:09:24,139 - __main__ - INFO - relative error var normalized average :0.005261423140342311
2021-12-16 19:09:24,142 - __main__ - INFO - total_time:5.424391842447221
