main.py:20: FutureWarning: Passing a negative integer is deprecated in version 1.0 and will not be supported in future version. Instead, use None to not limit the column width.
  pd.set_option('max_colwidth', -1)
2021-12-16 19:11:03,654 - __main__ - INFO - load query config config/query/customer_with_inc_join_supplier.json successfully
2021-12-16 19:11:03,654 - __main__ - INFO - load train config ./config/train/tpch_customer_with_inc_torch_cvae.json successfully
2021-12-16 19:11:03,654 - __main__ - INFO - load train config ./config/train/tpch_supplier_torch_cvae.json successfully
2021-12-16 19:11:03,654 - utils.dataset_utils - INFO - load existing dataset(light):tpch-1m-customer-with-inc_c_nationkey_c_acctbal_c_nationkey_binary_gaussian5_0old_train
2021-12-16 19:11:06,398 - utils.dataset_utils - INFO - load dataset(light) time elapsed:2.7435742476955056
2021-12-16 19:11:06,398 - models.pytorch_cvae - INFO - feature info:[('c_acctbal', 'numerical', 6), ('c_nationkey', 'categorical', 6)]
2021-12-16 19:11:06,399 - utils.model_utils - INFO - load model name:torch_cvae_tpch-1m-customer-with-inc_c_nationkey_ld50_id100_bs1024_ep100_0_binary_gaussian5old_train
2021-12-16 19:11:06,401 - utils.model_utils - INFO - load torch model time elapsed:0.0025425292551517487
2021-12-16 19:11:06,402 - models.pytorch_cvae - INFO - load model time elapsed:2.7474728440865874
2021-12-16 19:11:06,402 - utils.dataset_utils - INFO - load existing dataset(light):tpch-1m-supplier_s_nationkey#s_suppkey_s_acctbal_s_nationkey_binary_gaussian5_0
2021-12-16 19:11:06,404 - utils.dataset_utils - INFO - load dataset(light) time elapsed:0.002604368142783642
2021-12-16 19:11:06,404 - models.pytorch_cvae - INFO - feature info:[('s_acctbal', 'numerical', 6), ('s_nationkey', 'categorical', 6), ('s_suppkey', 'categorical', 15)]
2021-12-16 19:11:06,405 - utils.model_utils - INFO - load model name:torch_cvae_tpch-1m-supplier_s_nationkey_ld50_id100_bs32_ep150_0_binary_gaussian5
2021-12-16 19:11:06,407 - utils.model_utils - INFO - load torch model time elapsed:0.002154054120182991
2021-12-16 19:11:06,407 - models.pytorch_cvae - INFO - load model time elapsed:0.005426076240837574
2021-12-16 19:11:06,407 - __main__ - INFO - multi_sampling No.0 epoch
2021-12-16 19:11:06,407 - models.pytorch_cvae - INFO - statistics sampling rate:0.1
2021-12-16 19:11:06,408 - __main__ - INFO - multi_sampling No.1 epoch
2021-12-16 19:11:06,416 - models.pytorch_cvae - INFO - statistics sampling rate:0.1
2021-12-16 19:11:06,416 - __main__ - INFO - multi_sampling No.2 epoch
2021-12-16 19:11:06,418 - models.pytorch_cvae - INFO - statistics sampling rate:0.1
2021-12-16 19:11:08,074 - models.pytorch_cvae - INFO - sampling time:1.6572128869593143
2021-12-16 19:11:08,138 - models.pytorch_cvae - INFO - sampling time:1.7301208805292845
2021-12-16 19:11:09,334 - models.pytorch_cvae - INFO - statistics sampling rate:0.1
2021-12-16 19:11:09,458 - models.pytorch_cvae - INFO - statistics sampling rate:0.1
2021-12-16 19:11:09,486 - models.pytorch_cvae - INFO - sampling time:3.068050265312195
2021-12-16 19:11:09,739 - models.pytorch_cvae - INFO - statistics sampling rate:0.1
2021-12-16 19:11:09,828 - models.pytorch_cvae - INFO - sampling time:0.3691711025312543
2021-12-16 19:11:09,957 - models.pytorch_cvae - INFO - sampling time:0.6216274350881577
2021-12-16 19:11:10,038 - models.pytorch_cvae - INFO - sampling time:0.29863033071160316
2021-12-16 19:11:10,506 - __main__ - INFO - sample and aggregation time elapsed:4.098427094519138
2021-12-16 19:11:10,688 - __main__ - INFO - sample and aggregation time elapsed:4.271806878969073
2021-12-16 19:11:10,789 - __main__ - INFO - sample and aggregation time elapsed:4.371493121609092
2021-12-16 19:11:10,794 - __main__ - INFO - sample time:4.387025731615722
2021-12-16 19:11:10,807 - __main__ - INFO - aqp result:
             avg(c_acctbal)  avg(s_acctbal)  sum(c_acctbal)  sum(s_acctbal)
c_nationkey                                                                
0           4557.69         5008.58         98689866768.89  108453229501.54
1           4523.29         5075.57         102535244041.64 115054548849.42
2           4490.83         4838.87         108483746638.24 116891366302.01
3           4506.31         5318.38         109961010928.13 129776859094.56
4           4510.18         5305.74         92797717484.92  109166378607.80
5           4510.99         5087.59         90770168673.39  102372503034.14
6           4542.20         4968.66         103765577702.31 113507875103.30
7           4505.52         5358.08         100789732126.34 119861703955.99
8           4557.70         5167.25         103694724038.67 117562892221.34
9           4566.84         5184.94         103370776454.91 117361618819.74
10          4551.16         5071.88         107513215320.57 119814246642.12
11          4561.45         4604.93         107429754991.38 108453759888.59
12          4522.97         5122.36         100945893351.80 114323235299.36
13          4491.02         5030.01         96026362134.19  107551046538.18
14          4493.70         5004.82         105718521216.20 117743120313.56
15          4505.24         4474.42         95485689483.50  94832460549.22 
16          4485.51         5221.89         97573585771.10  113592103943.74
17          4460.77         5360.51         99418902375.98  119471783147.15
18          4472.67         4863.86         104159146126.20 113269085518.47
19          4524.85         4980.56         98818838496.91  108771166616.81
20          4468.18         5179.32         101504607633.13 117659752197.84
21          4496.10         5401.01         103066506240.65 123810321730.56
22          4556.70         4760.42         105717602468.41 110443964006.20
23          4491.71         5259.42         99352802991.73  116333797921.96
24          4537.29         5184.27         105075716391.42 120058482747.33
2021-12-16 19:11:10,810 - __main__ - INFO - ground truth:
             avg(c_acctbal)  avg(s_acctbal)  sum(c_acctbal)  sum(s_acctbal)
c_nationkey                                                                
0           4489.09         4750.47         97204429060.11  102864283639.34
1           4478.58         5156.38         101521631809.03 116886387814.97
2           4502.84         4926.83         108773860934.93 119016293073.25
3           4510.50         4976.52         110063319836.95 121434781349.97
4           4467.80         4955.13         91925727389.56  101952561544.09
5           4506.93         5017.03         90688332145.90  100952499397.81
6           4489.99         5263.09         102572805214.01 120234077220.52
7           4481.97         4725.51         100262969999.54 105711043954.64
8           4491.71         4898.26         102193355822.35 111442904344.11
9           4507.31         5056.46         102023357487.12 114453365970.99
10          4514.20         4934.04         106640129528.12 116557963141.05
11          4509.51         4846.61         106206568975.75 114145706219.45
12          4495.81         4905.97         100339620692.57 109493748108.56
13          4519.66         4967.01         96638723186.87  106203971323.94
14          4489.09         4748.57         105610059556.98 111714619054.55
15          4513.94         4993.59         95670237506.21  105836044024.01
16          4509.69         5125.84         98099691841.22  111502795597.57
17          4476.99         5194.81         99780562278.61  115778956973.10
18          4470.09         5153.13         104098927638.07 120005532950.10
19          4480.83         4865.91         97857583891.19  106267463992.76
20          4505.29         5210.90         102347462434.85 118377097752.18
21          4500.84         5087.25         103175299651.56 116617824864.37
22          4522.71         4945.33         104928946224.34 114733990724.54
23          4492.85         4974.00         99377984303.50  110020479238.93
24          4507.26         5065.90         104380144828.63 117317398620.77
2021-12-16 19:11:10,820 - __main__ - INFO - relative error:
             avg(c_acctbal)  avg(s_acctbal)  sum(c_acctbal)  sum(s_acctbal)
c_nationkey                                                                
0           0.02            0.05            0.02            0.05           
1           0.01            0.02            0.01            0.02           
2           0.00            0.02            0.00            0.02           
3           0.00            0.07            0.00            0.07           
4           0.01            0.07            0.01            0.07           
5           0.00            0.01            0.00            0.01           
6           0.01            0.06            0.01            0.06           
7           0.01            0.13            0.01            0.13           
8           0.01            0.05            0.01            0.05           
9           0.01            0.03            0.01            0.03           
10          0.01            0.03            0.01            0.03           
11          0.01            0.05            0.01            0.05           
12          0.01            0.04            0.01            0.04           
13          0.01            0.01            0.01            0.01           
14          0.00            0.05            0.00            0.05           
15          0.00            0.10            0.00            0.10           
16          0.01            0.02            0.01            0.02           
17          0.00            0.03            0.00            0.03           
18          0.00            0.06            0.00            0.06           
19          0.01            0.02            0.01            0.02           
20          0.01            0.01            0.01            0.01           
21          0.00            0.06            0.00            0.06           
22          0.01            0.04            0.01            0.04           
23          0.00            0.06            0.00            0.06           
24          0.01            0.02            0.01            0.02           
2021-12-16 19:11:10,820 - __main__ - INFO - relative error average :0.025648371322965647
2021-12-16 19:11:10,821 - __main__ - INFO - relative error normalized average :0.024937712479142428
2021-12-16 19:11:10,821 - __main__ - INFO - relative error var normalized average :0.004060017939604579
2021-12-16 19:11:10,822 - __main__ - INFO - total_time:7.168093097396195
