main.py:20: FutureWarning: Passing a negative integer is deprecated in version 1.0 and will not be supported in future version. Instead, use None to not limit the column width.
  pd.set_option('max_colwidth', -1)
2021-12-16 19:08:44,499 - __main__ - INFO - load query config config/query/customer_with_inc_join_supplier.json successfully
2021-12-16 19:08:44,499 - __main__ - INFO - load train config ./config/train/tpch_customer_with_inc_torch_cvae.json successfully
2021-12-16 19:08:44,499 - __main__ - INFO - load train config ./config/train/tpch_supplier_torch_cvae.json successfully
2021-12-16 19:08:44,499 - utils.dataset_utils - INFO - load existing dataset(light):tpch-1m-customer-with-inc_c_nationkey_c_acctbal_c_nationkey_binary_gaussian5_0old_train
2021-12-16 19:08:47,326 - utils.dataset_utils - INFO - load dataset(light) time elapsed:2.826882276684046
2021-12-16 19:08:47,326 - models.pytorch_cvae - INFO - feature info:[('c_acctbal', 'numerical', 6), ('c_nationkey', 'categorical', 6)]
2021-12-16 19:08:47,327 - utils.model_utils - INFO - load model name:torch_cvae_tpch-1m-customer-with-inc_c_nationkey_ld50_id100_bs1024_ep100_0_binary_gaussian5old_train
2021-12-16 19:08:47,332 - utils.model_utils - INFO - load torch model time elapsed:0.005074407905340195
2021-12-16 19:08:47,332 - models.pytorch_cvae - INFO - load model time elapsed:2.833288747817278
2021-12-16 19:08:47,332 - utils.dataset_utils - INFO - load existing dataset(light):tpch-1m-supplier_s_nationkey#s_suppkey_s_acctbal_s_nationkey_binary_gaussian5_0
2021-12-16 19:08:47,335 - utils.dataset_utils - INFO - load dataset(light) time elapsed:0.0026254067197442055
2021-12-16 19:08:47,335 - models.pytorch_cvae - INFO - feature info:[('s_acctbal', 'numerical', 6), ('s_nationkey', 'categorical', 6), ('s_suppkey', 'categorical', 15)]
2021-12-16 19:08:47,335 - utils.model_utils - INFO - load model name:torch_cvae_tpch-1m-supplier_s_nationkey_ld50_id100_bs32_ep150_0_binary_gaussian5
2021-12-16 19:08:47,337 - utils.model_utils - INFO - load torch model time elapsed:0.0014854548498988152
2021-12-16 19:08:47,337 - models.pytorch_cvae - INFO - load model time elapsed:0.0047662751749157906
2021-12-16 19:08:47,337 - __main__ - INFO - multi_sampling No.0 epoch
2021-12-16 19:08:47,337 - models.pytorch_cvae - INFO - statistics sampling rate:0.05
2021-12-16 19:08:47,337 - __main__ - INFO - multi_sampling No.1 epoch
2021-12-16 19:08:47,343 - models.pytorch_cvae - INFO - statistics sampling rate:0.05
2021-12-16 19:08:47,343 - __main__ - INFO - multi_sampling No.2 epoch
2021-12-16 19:08:47,344 - models.pytorch_cvae - INFO - statistics sampling rate:0.05
2021-12-16 19:08:48,539 - models.pytorch_cvae - INFO - sampling time:1.1945060370489955
2021-12-16 19:08:48,540 - models.pytorch_cvae - INFO - sampling time:1.2022204780951142
2021-12-16 19:08:48,807 - models.pytorch_cvae - INFO - sampling time:1.4636860406026244
2021-12-16 19:08:49,317 - models.pytorch_cvae - INFO - statistics sampling rate:0.1
2021-12-16 19:08:49,390 - models.pytorch_cvae - INFO - statistics sampling rate:0.1
2021-12-16 19:08:49,408 - models.pytorch_cvae - INFO - statistics sampling rate:0.1
2021-12-16 19:08:49,515 - models.pytorch_cvae - INFO - sampling time:0.19675231352448463
2021-12-16 19:08:49,550 - models.pytorch_cvae - INFO - sampling time:0.14175041019916534
2021-12-16 19:08:49,690 - models.pytorch_cvae - INFO - sampling time:0.29867407120764256
2021-12-16 19:08:49,823 - __main__ - INFO - sample and aggregation time elapsed:2.4787113796919584
2021-12-16 19:08:49,862 - __main__ - INFO - sample and aggregation time elapsed:2.5192189244553447
2021-12-16 19:08:49,926 - __main__ - INFO - sample and aggregation time elapsed:2.588802482932806
2021-12-16 19:08:49,928 - __main__ - INFO - sample time:2.59107758756727
2021-12-16 19:08:49,936 - __main__ - INFO - aqp result:
             avg(c_acctbal)  avg(s_acctbal)  sum(c_acctbal)  sum(s_acctbal)
c_nationkey                                                                
0           4516.84         4626.35         97805427299.09  100176750478.26
1           4564.75         4699.21         103475090720.18 106523141801.41
2           4535.43         5163.46         109561258386.03 124732350820.40
3           4507.66         5058.75         109994055603.07 123441369911.56
4           4471.91         4345.61         92010304609.89  89411538399.89 
5           4524.91         5336.57         91050173306.74  107382287949.02
6           4462.31         4468.16         101940400570.88 102074065132.66
7           4476.28         4773.51         100135646160.29 106784762058.42
8           4510.73         4993.51         102625925228.19 113609944305.68
9           4533.11         5341.58         102607229996.02 120907086239.08
10          4506.74         4447.25         106463727580.78 105058381807.10
11          4567.92         5113.78         107582251346.41 120438153467.53
12          4520.56         5104.79         100892091884.80 113931196879.32
13          4533.18         5027.77         96927743248.53  107503035089.11
14          4570.52         4861.34         107525855774.65 114367548614.40
15          4456.47         4758.70         94452180213.53  100857744854.16
16          4452.79         4889.56         96861907629.06  106362937791.95
17          4525.03         5456.65         100851108446.60 121614579643.45
18          4476.48         4844.45         104247801376.99 112817072952.64
19          4473.33         5018.75         97693685189.58  109605369448.57
20          4519.65         4912.63         102673906394.88 111601236043.95
21          4468.84         4908.21         102441654598.03 112513538221.43
22          4507.52         5077.25         104576651394.46 117794631488.06
23          4503.38         5032.62         99610746100.48  111317201812.73
24          4448.95         5529.68         103029770364.64 128057748972.60
2021-12-16 19:08:49,938 - __main__ - INFO - ground truth:
             avg(c_acctbal)  avg(s_acctbal)  sum(c_acctbal)  sum(s_acctbal)
c_nationkey                                                                
0           4489.09         4750.47         97204429060.11  102864283639.34
1           4478.58         5156.38         101521631809.03 116886387814.97
2           4502.84         4926.83         108773860934.93 119016293073.25
3           4510.50         4976.52         110063319836.95 121434781349.97
4           4467.80         4955.13         91925727389.56  101952561544.09
5           4506.93         5017.03         90688332145.90  100952499397.81
6           4489.99         5263.09         102572805214.01 120234077220.52
7           4481.97         4725.51         100262969999.54 105711043954.64
8           4491.71         4898.26         102193355822.35 111442904344.11
9           4507.31         5056.46         102023357487.12 114453365970.99
10          4514.20         4934.04         106640129528.12 116557963141.05
11          4509.51         4846.61         106206568975.75 114145706219.45
12          4495.81         4905.97         100339620692.57 109493748108.56
13          4519.66         4967.01         96638723186.87  106203971323.94
14          4489.09         4748.57         105610059556.98 111714619054.55
15          4513.94         4993.59         95670237506.21  105836044024.01
16          4509.69         5125.84         98099691841.22  111502795597.57
17          4476.99         5194.81         99780562278.61  115778956973.10
18          4470.09         5153.13         104098927638.07 120005532950.10
19          4480.83         4865.91         97857583891.19  106267463992.76
20          4505.29         5210.90         102347462434.85 118377097752.18
21          4500.84         5087.25         103175299651.56 116617824864.37
22          4522.71         4945.33         104928946224.34 114733990724.54
23          4492.85         4974.00         99377984303.50  110020479238.93
24          4507.26         5065.90         104380144828.63 117317398620.77
2021-12-16 19:08:49,946 - __main__ - INFO - relative error:
             avg(c_acctbal)  avg(s_acctbal)  sum(c_acctbal)  sum(s_acctbal)
c_nationkey                                                                
0           0.01            0.03            0.01            0.03           
1           0.02            0.09            0.02            0.09           
2           0.01            0.05            0.01            0.05           
3           0.00            0.02            0.00            0.02           
4           0.00            0.12            0.00            0.12           
5           0.00            0.06            0.00            0.06           
6           0.01            0.15            0.01            0.15           
7           0.00            0.01            0.00            0.01           
8           0.00            0.02            0.00            0.02           
9           0.01            0.06            0.01            0.06           
10          0.00            0.10            0.00            0.10           
11          0.01            0.06            0.01            0.06           
12          0.01            0.04            0.01            0.04           
13          0.00            0.01            0.00            0.01           
14          0.02            0.02            0.02            0.02           
15          0.01            0.05            0.01            0.05           
16          0.01            0.05            0.01            0.05           
17          0.01            0.05            0.01            0.05           
18          0.00            0.06            0.00            0.06           
19          0.00            0.03            0.00            0.03           
20          0.00            0.06            0.00            0.06           
21          0.01            0.04            0.01            0.04           
22          0.00            0.03            0.00            0.03           
23          0.00            0.01            0.00            0.01           
24          0.01            0.09            0.01            0.09           
2021-12-16 19:08:49,946 - __main__ - INFO - relative error average :0.029112251937019863
2021-12-16 19:08:49,946 - __main__ - INFO - relative error normalized average :0.028153704131094175
2021-12-16 19:08:49,946 - __main__ - INFO - relative error var normalized average :0.005990731308776743
2021-12-16 19:08:49,948 - __main__ - INFO - total_time:5.4491506377235055
