main.py:20: FutureWarning: Passing a negative integer is deprecated in version 1.0 and will not be supported in future version. Instead, use None to not limit the column width.
  pd.set_option('max_colwidth', -1)
2021-12-16 19:08:27,495 - __main__ - INFO - load query config config/query/customer_with_inc_join_supplier.json successfully
2021-12-16 19:08:27,495 - __main__ - INFO - load train config ./config/train/tpch_customer_with_inc_torch_cvae.json successfully
2021-12-16 19:08:27,496 - __main__ - INFO - load train config ./config/train/tpch_supplier_torch_cvae.json successfully
2021-12-16 19:08:27,496 - utils.dataset_utils - INFO - load existing dataset(light):tpch-1m-customer-with-inc_c_nationkey_c_acctbal_c_nationkey_binary_gaussian5_0old_train
2021-12-16 19:08:30,234 - utils.dataset_utils - INFO - load dataset(light) time elapsed:2.7385782599449158
2021-12-16 19:08:30,234 - models.pytorch_cvae - INFO - feature info:[('c_acctbal', 'numerical', 6), ('c_nationkey', 'categorical', 6)]
2021-12-16 19:08:30,235 - utils.model_utils - INFO - load model name:torch_cvae_tpch-1m-customer-with-inc_c_nationkey_ld50_id100_bs1024_ep100_0_binary_gaussian5old_train
2021-12-16 19:08:30,237 - utils.model_utils - INFO - load torch model time elapsed:0.0019670268520712852
2021-12-16 19:08:30,237 - models.pytorch_cvae - INFO - load model time elapsed:2.7419002251699567
2021-12-16 19:08:30,238 - utils.dataset_utils - INFO - load existing dataset(light):tpch-1m-supplier_s_nationkey#s_suppkey_s_acctbal_s_nationkey_binary_gaussian5_0
2021-12-16 19:08:30,240 - utils.dataset_utils - INFO - load dataset(light) time elapsed:0.0026419181376695633
2021-12-16 19:08:30,240 - models.pytorch_cvae - INFO - feature info:[('s_acctbal', 'numerical', 6), ('s_nationkey', 'categorical', 6), ('s_suppkey', 'categorical', 15)]
2021-12-16 19:08:30,241 - utils.model_utils - INFO - load model name:torch_cvae_tpch-1m-supplier_s_nationkey_ld50_id100_bs32_ep150_0_binary_gaussian5
2021-12-16 19:08:30,245 - utils.model_utils - INFO - load torch model time elapsed:0.004535770043730736
2021-12-16 19:08:30,245 - models.pytorch_cvae - INFO - load model time elapsed:0.00784266460686922
2021-12-16 19:08:30,245 - __main__ - INFO - multi_sampling No.0 epoch
2021-12-16 19:08:30,246 - models.pytorch_cvae - INFO - statistics sampling rate:0.05
2021-12-16 19:08:30,246 - __main__ - INFO - multi_sampling No.1 epoch
2021-12-16 19:08:30,252 - models.pytorch_cvae - INFO - statistics sampling rate:0.05
2021-12-16 19:08:30,253 - __main__ - INFO - multi_sampling No.2 epoch
2021-12-16 19:08:30,254 - models.pytorch_cvae - INFO - statistics sampling rate:0.05
2021-12-16 19:08:31,328 - models.pytorch_cvae - INFO - sampling time:1.0751249361783266
2021-12-16 19:08:31,388 - models.pytorch_cvae - INFO - sampling time:1.1416398389264941
2021-12-16 19:08:31,738 - models.pytorch_cvae - INFO - sampling time:1.4838972110301256
2021-12-16 19:08:32,036 - models.pytorch_cvae - INFO - statistics sampling rate:0.1
2021-12-16 19:08:32,045 - models.pytorch_cvae - INFO - statistics sampling rate:0.1
2021-12-16 19:08:32,118 - models.pytorch_cvae - INFO - statistics sampling rate:0.1
2021-12-16 19:08:32,212 - models.pytorch_cvae - INFO - sampling time:0.09379375819116831
2021-12-16 19:08:32,369 - models.pytorch_cvae - INFO - sampling time:0.330922057852149
2021-12-16 19:08:32,413 - __main__ - INFO - sample and aggregation time elapsed:2.1673736423254013
2021-12-16 19:08:32,427 - models.pytorch_cvae - INFO - sampling time:0.3812983138486743
2021-12-16 19:08:32,604 - __main__ - INFO - sample and aggregation time elapsed:2.3501256238669157
2021-12-16 19:08:32,658 - __main__ - INFO - sample and aggregation time elapsed:2.4061577431857586
2021-12-16 19:08:32,662 - __main__ - INFO - sample time:2.416977759450674
2021-12-16 19:08:32,675 - __main__ - INFO - aqp result:
             avg(c_acctbal)  avg(s_acctbal)  sum(c_acctbal)  sum(s_acctbal)
c_nationkey                                                                
0           4572.01         4810.52         98999928509.25  104164623528.02
1           4553.60         5282.53         103222406192.57 119745978646.74
2           4526.19         5115.76         109337955999.07 123580073587.72
3           4475.90         4999.66         109219052804.41 121999489933.59
4           4550.91         4954.79         93635642430.16  101945619358.22
5           4484.52         5303.07         90237477797.01  106708225292.73
6           4576.50         4841.70         104548984604.74 110607421335.04
7           4506.12         5213.59         100803054086.95 116629444327.51
8           4502.19         5394.29         102431614025.72 122728287013.06
9           4500.06         4679.46         101859291257.60 105919941988.63
10          4566.81         4890.86         107882916927.57 115537914620.94
11          4599.15         4936.28         108317715165.73 116257526456.71
12          4539.58         4855.72         101316445050.25 108372240425.68
13          4478.95         4893.27         95768281780.24  104627262896.41
14          4546.93         5002.99         106970855080.69 117700070474.91
15          4483.32         4514.79         95021136783.72  95688089358.81 
16          4492.25         4804.49         97720142972.63  104512467356.84
17          4401.90         5432.24         98106917214.98  121070640528.68
18          4506.44         5062.01         104945466635.00 117883421610.75
19          4470.28         4975.78         97627153467.40  108666769177.36
20          4412.43         4842.83         100238059361.75 110015437946.36
21          4373.80         5032.00         100263010574.96 115351437199.28
22          4510.73         4348.36         104651023218.78 100884001726.92
23          4544.43         4986.74         100518852764.41 110302277500.89
24          4510.39         4808.32         104452739341.04 111352152973.48
2021-12-16 19:08:32,678 - __main__ - INFO - ground truth:
             avg(c_acctbal)  avg(s_acctbal)  sum(c_acctbal)  sum(s_acctbal)
c_nationkey                                                                
0           4489.09         4750.47         97204429060.11  102864283639.34
1           4478.58         5156.38         101521631809.03 116886387814.97
2           4502.84         4926.83         108773860934.93 119016293073.25
3           4510.50         4976.52         110063319836.95 121434781349.97
4           4467.80         4955.13         91925727389.56  101952561544.09
5           4506.93         5017.03         90688332145.90  100952499397.81
6           4489.99         5263.09         102572805214.01 120234077220.52
7           4481.97         4725.51         100262969999.54 105711043954.64
8           4491.71         4898.26         102193355822.35 111442904344.11
9           4507.31         5056.46         102023357487.12 114453365970.99
10          4514.20         4934.04         106640129528.12 116557963141.05
11          4509.51         4846.61         106206568975.75 114145706219.45
12          4495.81         4905.97         100339620692.57 109493748108.56
13          4519.66         4967.01         96638723186.87  106203971323.94
14          4489.09         4748.57         105610059556.98 111714619054.55
15          4513.94         4993.59         95670237506.21  105836044024.01
16          4509.69         5125.84         98099691841.22  111502795597.57
17          4476.99         5194.81         99780562278.61  115778956973.10
18          4470.09         5153.13         104098927638.07 120005532950.10
19          4480.83         4865.91         97857583891.19  106267463992.76
20          4505.29         5210.90         102347462434.85 118377097752.18
21          4500.84         5087.25         103175299651.56 116617824864.37
22          4522.71         4945.33         104928946224.34 114733990724.54
23          4492.85         4974.00         99377984303.50  110020479238.93
24          4507.26         5065.90         104380144828.63 117317398620.77
2021-12-16 19:08:32,689 - __main__ - INFO - relative error:
             avg(c_acctbal)  avg(s_acctbal)  sum(c_acctbal)  sum(s_acctbal)
c_nationkey                                                                
0           0.02            0.01            0.02            0.01           
1           0.02            0.02            0.02            0.02           
2           0.01            0.04            0.01            0.04           
3           0.01            0.00            0.01            0.00           
4           0.02            0.00            0.02            0.00           
5           0.00            0.06            0.00            0.06           
6           0.02            0.08            0.02            0.08           
7           0.01            0.10            0.01            0.10           
8           0.00            0.10            0.00            0.10           
9           0.00            0.07            0.00            0.07           
10          0.01            0.01            0.01            0.01           
11          0.02            0.02            0.02            0.02           
12          0.01            0.01            0.01            0.01           
13          0.01            0.01            0.01            0.01           
14          0.01            0.05            0.01            0.05           
15          0.01            0.10            0.01            0.10           
16          0.00            0.06            0.00            0.06           
17          0.02            0.05            0.02            0.05           
18          0.01            0.02            0.01            0.02           
19          0.00            0.02            0.00            0.02           
20          0.02            0.07            0.02            0.07           
21          0.03            0.01            0.03            0.01           
22          0.00            0.12            0.00            0.12           
23          0.01            0.00            0.01            0.00           
24          0.00            0.05            0.00            0.05           
2021-12-16 19:08:32,689 - __main__ - INFO - relative error average :0.02734837259822838
2021-12-16 19:08:32,689 - __main__ - INFO - relative error normalized average :0.02652685556888829
2021-12-16 19:08:32,690 - __main__ - INFO - relative error var normalized average :0.004895464076011547
2021-12-16 19:08:32,691 - __main__ - INFO - total_time:5.196048010140657
