main.py:20: FutureWarning: Passing a negative integer is deprecated in version 1.0 and will not be supported in future version. Instead, use None to not limit the column width.
  pd.set_option('max_colwidth', -1)
2021-12-16 19:08:11,140 - __main__ - INFO - load query config config/query/customer_with_inc_join_supplier.json successfully
2021-12-16 19:08:11,140 - __main__ - INFO - load train config ./config/train/tpch_customer_with_inc_torch_cvae.json successfully
2021-12-16 19:08:11,140 - __main__ - INFO - load train config ./config/train/tpch_supplier_torch_cvae.json successfully
2021-12-16 19:08:11,140 - utils.dataset_utils - INFO - load existing dataset(light):tpch-1m-customer-with-inc_c_nationkey_c_acctbal_c_nationkey_binary_gaussian5_0old_train
2021-12-16 19:08:13,853 - utils.dataset_utils - INFO - load dataset(light) time elapsed:2.7124880431219935
2021-12-16 19:08:13,853 - models.pytorch_cvae - INFO - feature info:[('c_acctbal', 'numerical', 6), ('c_nationkey', 'categorical', 6)]
2021-12-16 19:08:13,854 - utils.model_utils - INFO - load model name:torch_cvae_tpch-1m-customer-with-inc_c_nationkey_ld50_id100_bs1024_ep100_0_binary_gaussian5old_train
2021-12-16 19:08:13,857 - utils.model_utils - INFO - load torch model time elapsed:0.0032353131100535393
2021-12-16 19:08:13,857 - models.pytorch_cvae - INFO - load model time elapsed:2.7170841051265597
2021-12-16 19:08:13,857 - utils.dataset_utils - INFO - load existing dataset(light):tpch-1m-supplier_s_nationkey#s_suppkey_s_acctbal_s_nationkey_binary_gaussian5_0
2021-12-16 19:08:13,860 - utils.dataset_utils - INFO - load dataset(light) time elapsed:0.002662801183760166
2021-12-16 19:08:13,860 - models.pytorch_cvae - INFO - feature info:[('s_acctbal', 'numerical', 6), ('s_nationkey', 'categorical', 6), ('s_suppkey', 'categorical', 15)]
2021-12-16 19:08:13,861 - utils.model_utils - INFO - load model name:torch_cvae_tpch-1m-supplier_s_nationkey_ld50_id100_bs32_ep150_0_binary_gaussian5
2021-12-16 19:08:13,862 - utils.model_utils - INFO - load torch model time elapsed:0.001401469111442566
2021-12-16 19:08:13,862 - models.pytorch_cvae - INFO - load model time elapsed:0.0047238608822226524
2021-12-16 19:08:13,862 - __main__ - INFO - multi_sampling No.0 epoch
2021-12-16 19:08:13,863 - models.pytorch_cvae - INFO - statistics sampling rate:0.04
2021-12-16 19:08:13,863 - __main__ - INFO - multi_sampling No.1 epoch
2021-12-16 19:08:13,868 - models.pytorch_cvae - INFO - statistics sampling rate:0.04
2021-12-16 19:08:13,869 - __main__ - INFO - multi_sampling No.2 epoch
2021-12-16 19:08:13,870 - models.pytorch_cvae - INFO - statistics sampling rate:0.04
2021-12-16 19:08:14,902 - models.pytorch_cvae - INFO - sampling time:1.039330419152975
2021-12-16 19:08:14,906 - models.pytorch_cvae - INFO - sampling time:1.0367357162758708
2021-12-16 19:08:15,328 - models.pytorch_cvae - INFO - sampling time:1.457129673101008
2021-12-16 19:08:15,558 - models.pytorch_cvae - INFO - statistics sampling rate:0.1
2021-12-16 19:08:15,624 - models.pytorch_cvae - INFO - statistics sampling rate:0.1
2021-12-16 19:08:15,674 - models.pytorch_cvae - INFO - statistics sampling rate:0.1
2021-12-16 19:08:15,764 - models.pytorch_cvae - INFO - sampling time:0.08968251850456
2021-12-16 19:08:15,940 - models.pytorch_cvae - INFO - sampling time:0.3148519331589341
2021-12-16 19:08:15,943 - models.pytorch_cvae - INFO - sampling time:0.3852085452526808
2021-12-16 19:08:15,977 - __main__ - INFO - sample and aggregation time elapsed:2.1068408275023103
2021-12-16 19:08:16,165 - __main__ - INFO - sample and aggregation time elapsed:2.3031244380399585
2021-12-16 19:08:16,173 - __main__ - INFO - sample and aggregation time elapsed:2.3051405157893896
2021-12-16 19:08:16,178 - __main__ - INFO - sample time:2.3156012669205666
2021-12-16 19:08:16,190 - __main__ - INFO - aqp result:
             avg(c_acctbal)  avg(s_acctbal)  sum(c_acctbal)  sum(s_acctbal)
c_nationkey                                                                
0           4510.66         4995.68         97671520792.96  108174037534.37
1           4510.27         5316.06         102240139966.05 120506000609.25
2           4476.90         4965.19         108147460040.78 119942812246.88
3           4400.15         4926.05         107370634490.27 120203372965.39
4           4508.03         4595.17         92753470927.33  94546426346.13 
5           4543.49         4984.26         91424124819.70  100293237462.89
6           4466.79         5143.73         102042711417.25 117507305239.68
7           4434.17         4676.44         99193539334.63  104613185221.89
8           4588.89         4787.88         104404194715.38 108931712412.04
9           4592.96         4633.09         103961958066.00 104870451176.77
10          4543.32         4731.96         107328038593.18 111784207647.87
11          4566.20         4962.86         107541573790.74 116883576445.95
12          4505.64         4863.36         100558967485.77 108542693423.14
13          4516.95         4896.89         96580858570.29  104704541773.87
14          4523.01         5418.16         106408161897.90 127467372013.88
15          4485.59         4968.67         95069344578.68  105307837344.37
16          4465.11         5367.18         97129824128.44  116752683682.53
17          4444.30         5324.49         99051874053.69  118669030205.90
18          4494.79         5260.57         104674130163.74 122507512297.24
19          4506.49         4857.39         98417919557.42  106081341250.34
20          4542.07         5147.91         103183058691.18 116945995208.18
21          4497.27         5230.55         103093504665.97 119902871596.50
22          4497.68         4920.43         104348218298.96 114156423635.43
23          4425.81         5019.99         97895097959.01  111037817588.15
24          4505.70         4859.48         104344151419.10 112537112685.85
2021-12-16 19:08:16,193 - __main__ - INFO - ground truth:
             avg(c_acctbal)  avg(s_acctbal)  sum(c_acctbal)  sum(s_acctbal)
c_nationkey                                                                
0           4489.09         4750.47         97204429060.11  102864283639.34
1           4478.58         5156.38         101521631809.03 116886387814.97
2           4502.84         4926.83         108773860934.93 119016293073.25
3           4510.50         4976.52         110063319836.95 121434781349.97
4           4467.80         4955.13         91925727389.56  101952561544.09
5           4506.93         5017.03         90688332145.90  100952499397.81
6           4489.99         5263.09         102572805214.01 120234077220.52
7           4481.97         4725.51         100262969999.54 105711043954.64
8           4491.71         4898.26         102193355822.35 111442904344.11
9           4507.31         5056.46         102023357487.12 114453365970.99
10          4514.20         4934.04         106640129528.12 116557963141.05
11          4509.51         4846.61         106206568975.75 114145706219.45
12          4495.81         4905.97         100339620692.57 109493748108.56
13          4519.66         4967.01         96638723186.87  106203971323.94
14          4489.09         4748.57         105610059556.98 111714619054.55
15          4513.94         4993.59         95670237506.21  105836044024.01
16          4509.69         5125.84         98099691841.22  111502795597.57
17          4476.99         5194.81         99780562278.61  115778956973.10
18          4470.09         5153.13         104098927638.07 120005532950.10
19          4480.83         4865.91         97857583891.19  106267463992.76
20          4505.29         5210.90         102347462434.85 118377097752.18
21          4500.84         5087.25         103175299651.56 116617824864.37
22          4522.71         4945.33         104928946224.34 114733990724.54
23          4492.85         4974.00         99377984303.50  110020479238.93
24          4507.26         5065.90         104380144828.63 117317398620.77
2021-12-16 19:08:16,204 - __main__ - INFO - relative error:
             avg(c_acctbal)  avg(s_acctbal)  sum(c_acctbal)  sum(s_acctbal)
c_nationkey                                                                
0           0.00            0.05            0.00            0.05           
1           0.01            0.03            0.01            0.03           
2           0.01            0.01            0.01            0.01           
3           0.02            0.01            0.02            0.01           
4           0.01            0.07            0.01            0.07           
5           0.01            0.01            0.01            0.01           
6           0.01            0.02            0.01            0.02           
7           0.01            0.01            0.01            0.01           
8           0.02            0.02            0.02            0.02           
9           0.02            0.08            0.02            0.08           
10          0.01            0.04            0.01            0.04           
11          0.01            0.02            0.01            0.02           
12          0.00            0.01            0.00            0.01           
13          0.00            0.01            0.00            0.01           
14          0.01            0.14            0.01            0.14           
15          0.01            0.00            0.01            0.00           
16          0.01            0.05            0.01            0.05           
17          0.01            0.02            0.01            0.02           
18          0.01            0.02            0.01            0.02           
19          0.01            0.00            0.01            0.00           
20          0.01            0.01            0.01            0.01           
21          0.00            0.03            0.00            0.03           
22          0.01            0.01            0.01            0.01           
23          0.01            0.01            0.01            0.01           
24          0.00            0.04            0.00            0.04           
2021-12-16 19:08:16,204 - __main__ - INFO - relative error average :0.01904447240131904
2021-12-16 19:08:16,204 - __main__ - INFO - relative error normalized average :0.018575177585271684
2021-12-16 19:08:16,205 - __main__ - INFO - relative error var normalized average :0.002744839973127816
2021-12-16 19:08:16,206 - __main__ - INFO - total_time:5.065977495163679
