main.py:20: FutureWarning: Passing a negative integer is deprecated in version 1.0 and will not be supported in future version. Instead, use None to not limit the column width.
  pd.set_option('max_colwidth', -1)
2021-12-16 19:07:10,152 - __main__ - INFO - load query config config/query/customer_with_inc_join_supplier.json successfully
2021-12-16 19:07:10,152 - __main__ - INFO - load train config ./config/train/tpch_customer_with_inc_torch_cvae.json successfully
2021-12-16 19:07:10,152 - __main__ - INFO - load train config ./config/train/tpch_supplier_torch_cvae.json successfully
2021-12-16 19:07:10,152 - utils.dataset_utils - INFO - load existing dataset(light):tpch-1m-customer-with-inc_c_nationkey_c_acctbal_c_nationkey_binary_gaussian5_0old_train
2021-12-16 19:07:12,884 - utils.dataset_utils - INFO - load dataset(light) time elapsed:2.7323383819311857
2021-12-16 19:07:12,884 - models.pytorch_cvae - INFO - feature info:[('c_acctbal', 'numerical', 6), ('c_nationkey', 'categorical', 6)]
2021-12-16 19:07:12,885 - utils.model_utils - INFO - load model name:torch_cvae_tpch-1m-customer-with-inc_c_nationkey_ld50_id100_bs1024_ep100_0_binary_gaussian5old_train
2021-12-16 19:07:12,890 - utils.model_utils - INFO - load torch model time elapsed:0.004787354730069637
2021-12-16 19:07:12,890 - models.pytorch_cvae - INFO - load model time elapsed:2.7384800193831325
2021-12-16 19:07:12,890 - utils.dataset_utils - INFO - load existing dataset(light):tpch-1m-supplier_s_nationkey#s_suppkey_s_acctbal_s_nationkey_binary_gaussian5_0
2021-12-16 19:07:12,893 - utils.dataset_utils - INFO - load dataset(light) time elapsed:0.0026869503781199455
2021-12-16 19:07:12,893 - models.pytorch_cvae - INFO - feature info:[('s_acctbal', 'numerical', 6), ('s_nationkey', 'categorical', 6), ('s_suppkey', 'categorical', 15)]
2021-12-16 19:07:12,894 - utils.model_utils - INFO - load model name:torch_cvae_tpch-1m-supplier_s_nationkey_ld50_id100_bs32_ep150_0_binary_gaussian5
2021-12-16 19:07:12,895 - utils.model_utils - INFO - load torch model time elapsed:0.0014932472258806229
2021-12-16 19:07:12,895 - models.pytorch_cvae - INFO - load model time elapsed:0.004848728887736797
2021-12-16 19:07:12,895 - __main__ - INFO - multi_sampling No.0 epoch
2021-12-16 19:07:12,896 - models.pytorch_cvae - INFO - statistics sampling rate:0.01
2021-12-16 19:07:12,896 - __main__ - INFO - multi_sampling No.1 epoch
2021-12-16 19:07:12,901 - models.pytorch_cvae - INFO - statistics sampling rate:0.01
2021-12-16 19:07:12,902 - __main__ - INFO - multi_sampling No.2 epoch
2021-12-16 19:07:12,903 - models.pytorch_cvae - INFO - statistics sampling rate:0.01
2021-12-16 19:07:13,457 - models.pytorch_cvae - INFO - sampling time:0.555062466301024
2021-12-16 19:07:13,484 - models.pytorch_cvae - INFO - statistics sampling rate:0.1
2021-12-16 19:07:13,558 - models.pytorch_cvae - INFO - sampling time:0.6550493082031608
2021-12-16 19:07:13,584 - models.pytorch_cvae - INFO - sampling time:0.6878897547721863
2021-12-16 19:07:13,608 - models.pytorch_cvae - INFO - statistics sampling rate:0.1
2021-12-16 19:07:13,618 - models.pytorch_cvae - INFO - statistics sampling rate:0.1
2021-12-16 19:07:13,689 - models.pytorch_cvae - INFO - sampling time:0.20509490836411715
2021-12-16 19:07:13,751 - __main__ - INFO - sample and aggregation time elapsed:0.8500059442594647
2021-12-16 19:07:13,795 - models.pytorch_cvae - INFO - sampling time:0.18689101748168468
2021-12-16 19:07:13,815 - models.pytorch_cvae - INFO - sampling time:0.19710475206375122
2021-12-16 19:07:13,876 - __main__ - INFO - sample and aggregation time elapsed:0.9736322425305843
2021-12-16 19:07:13,889 - __main__ - INFO - sample and aggregation time elapsed:0.9935497045516968
2021-12-16 19:07:13,894 - __main__ - INFO - sample time:0.9984792154282331
2021-12-16 19:07:13,907 - __main__ - INFO - aqp result:
             avg(c_acctbal)  avg(s_acctbal)  sum(c_acctbal)  sum(s_acctbal)
c_nationkey                                                                
0           4434.51         4863.32         96022704707.53  105307912616.06
1           4579.11         5455.77         103800549981.68 123673042767.92
2           4555.98         5142.51         110057581445.14 124226392722.49
3           4587.63         4726.63         111945440868.34 115337279797.14
4           4580.23         4803.66         94238916780.19  98836091542.68 
5           4435.66         5200.19         89254281150.05  104638088423.89
6           4481.94         4913.86         102388921970.72 112256072889.30
7           4430.66         4394.94         99115057948.94  98316013015.04 
8           4497.97         4937.63         102335687951.49 112338610093.58
9           4473.28         5261.80         101252922658.51 119101330163.62
10          4501.93         4717.65         106350249073.90 111446115647.32
11          4619.38         4680.57         108794170845.35 110235340608.01
12          4563.80         4718.19         101857055139.65 105302774336.19
13          4614.34         4935.02         98663245678.64  105519883170.28
14          4414.40         4520.28         103852932916.97 106343839193.35
15          4722.88         5293.91         100098582803.01 112201166324.63
16          4457.35         5139.00         96961125433.81  111788992165.16
17          4619.58         5558.52         102958566466.82 123885021732.20
18          4321.82         5071.02         100646013182.36 118093428796.82
19          4426.06         4735.03         96661400153.29  103408977285.29
20          4532.56         4962.44         102967065582.21 112732789110.60
21          4512.63         5123.90         103445474402.75 117458057390.70
22          4439.92         4682.43         103008305240.91 108634578097.33
23          4529.19         4788.51         100181825537.68 105917576703.52
24          4549.20         5489.33         105351483190.99 127123324681.29
2021-12-16 19:07:13,910 - __main__ - INFO - ground truth:
             avg(c_acctbal)  avg(s_acctbal)  sum(c_acctbal)  sum(s_acctbal)
c_nationkey                                                                
0           4489.09         4750.47         97204429060.11  102864283639.34
1           4478.58         5156.38         101521631809.03 116886387814.97
2           4502.84         4926.83         108773860934.93 119016293073.25
3           4510.50         4976.52         110063319836.95 121434781349.97
4           4467.80         4955.13         91925727389.56  101952561544.09
5           4506.93         5017.03         90688332145.90  100952499397.81
6           4489.99         5263.09         102572805214.01 120234077220.52
7           4481.97         4725.51         100262969999.54 105711043954.64
8           4491.71         4898.26         102193355822.35 111442904344.11
9           4507.31         5056.46         102023357487.12 114453365970.99
10          4514.20         4934.04         106640129528.12 116557963141.05
11          4509.51         4846.61         106206568975.75 114145706219.45
12          4495.81         4905.97         100339620692.57 109493748108.56
13          4519.66         4967.01         96638723186.87  106203971323.94
14          4489.09         4748.57         105610059556.98 111714619054.55
15          4513.94         4993.59         95670237506.21  105836044024.01
16          4509.69         5125.84         98099691841.22  111502795597.57
17          4476.99         5194.81         99780562278.61  115778956973.10
18          4470.09         5153.13         104098927638.07 120005532950.10
19          4480.83         4865.91         97857583891.19  106267463992.76
20          4505.29         5210.90         102347462434.85 118377097752.18
21          4500.84         5087.25         103175299651.56 116617824864.37
22          4522.71         4945.33         104928946224.34 114733990724.54
23          4492.85         4974.00         99377984303.50  110020479238.93
24          4507.26         5065.90         104380144828.63 117317398620.77
2021-12-16 19:07:13,921 - __main__ - INFO - relative error:
             avg(c_acctbal)  avg(s_acctbal)  sum(c_acctbal)  sum(s_acctbal)
c_nationkey                                                                
0           0.01            0.02            0.01            0.02           
1           0.02            0.06            0.02            0.06           
2           0.01            0.04            0.01            0.04           
3           0.02            0.05            0.02            0.05           
4           0.03            0.03            0.03            0.03           
5           0.02            0.04            0.02            0.04           
6           0.00            0.07            0.00            0.07           
7           0.01            0.07            0.01            0.07           
8           0.00            0.01            0.00            0.01           
9           0.01            0.04            0.01            0.04           
10          0.00            0.04            0.00            0.04           
11          0.02            0.03            0.02            0.03           
12          0.02            0.04            0.02            0.04           
13          0.02            0.01            0.02            0.01           
14          0.02            0.05            0.02            0.05           
15          0.05            0.06            0.05            0.06           
16          0.01            0.00            0.01            0.00           
17          0.03            0.07            0.03            0.07           
18          0.03            0.02            0.03            0.02           
19          0.01            0.03            0.01            0.03           
20          0.01            0.05            0.01            0.05           
21          0.00            0.01            0.00            0.01           
22          0.02            0.05            0.02            0.05           
23          0.01            0.04            0.01            0.04           
24          0.01            0.08            0.01            0.08           
2021-12-16 19:07:13,921 - __main__ - INFO - relative error average :0.027783882262845047
2021-12-16 19:07:13,921 - __main__ - INFO - relative error normalized average :0.027190722540281542
2021-12-16 19:07:13,921 - __main__ - INFO - relative error var normalized average :0.0034256521512360705
2021-12-16 19:07:13,923 - __main__ - INFO - total_time:3.7717691119760275
