main.py:20: FutureWarning: Passing a negative integer is deprecated in version 1.0 and will not be supported in future version. Instead, use None to not limit the column width.
  pd.set_option('max_colwidth', -1)
2021-12-16 19:09:54,948 - __main__ - INFO - load query config config/query/customer_with_inc_join_supplier.json successfully
2021-12-16 19:09:54,948 - __main__ - INFO - load train config ./config/train/tpch_customer_with_inc_torch_cvae.json successfully
2021-12-16 19:09:54,948 - __main__ - INFO - load train config ./config/train/tpch_supplier_torch_cvae.json successfully
2021-12-16 19:09:54,949 - utils.dataset_utils - INFO - load existing dataset(light):tpch-1m-customer-with-inc_c_nationkey_c_acctbal_c_nationkey_binary_gaussian5_0old_train
2021-12-16 19:09:58,525 - utils.dataset_utils - INFO - load dataset(light) time elapsed:3.576832093298435
2021-12-16 19:09:58,526 - models.pytorch_cvae - INFO - feature info:[('c_acctbal', 'numerical', 6), ('c_nationkey', 'categorical', 6)]
2021-12-16 19:09:58,527 - utils.model_utils - INFO - load model name:torch_cvae_tpch-1m-customer-with-inc_c_nationkey_ld50_id100_bs1024_ep100_0_binary_gaussian5old_train
2021-12-16 19:09:58,530 - utils.model_utils - INFO - load torch model time elapsed:0.0027925269678235054
2021-12-16 19:09:58,530 - models.pytorch_cvae - INFO - load model time elapsed:3.581711057573557
2021-12-16 19:09:58,530 - utils.dataset_utils - INFO - load existing dataset(light):tpch-1m-supplier_s_nationkey#s_suppkey_s_acctbal_s_nationkey_binary_gaussian5_0
2021-12-16 19:09:58,534 - utils.dataset_utils - INFO - load dataset(light) time elapsed:0.004092428833246231
2021-12-16 19:09:58,534 - models.pytorch_cvae - INFO - feature info:[('s_acctbal', 'numerical', 6), ('s_nationkey', 'categorical', 6), ('s_suppkey', 'categorical', 15)]
2021-12-16 19:09:58,535 - utils.model_utils - INFO - load model name:torch_cvae_tpch-1m-supplier_s_nationkey_ld50_id100_bs32_ep150_0_binary_gaussian5
2021-12-16 19:09:58,540 - utils.model_utils - INFO - load torch model time elapsed:0.004542442038655281
2021-12-16 19:09:58,540 - models.pytorch_cvae - INFO - load model time elapsed:0.009798253886401653
2021-12-16 19:09:58,540 - __main__ - INFO - multi_sampling No.0 epoch
2021-12-16 19:09:58,541 - models.pytorch_cvae - INFO - statistics sampling rate:0.08
2021-12-16 19:09:58,541 - __main__ - INFO - multi_sampling No.1 epoch
2021-12-16 19:09:58,547 - models.pytorch_cvae - INFO - statistics sampling rate:0.08
2021-12-16 19:09:58,548 - __main__ - INFO - multi_sampling No.2 epoch
2021-12-16 19:09:58,549 - models.pytorch_cvae - INFO - statistics sampling rate:0.08
2021-12-16 19:09:59,925 - models.pytorch_cvae - INFO - sampling time:1.3841789290308952
2021-12-16 19:10:00,079 - models.pytorch_cvae - INFO - sampling time:1.531395229510963
2021-12-16 19:10:00,808 - models.pytorch_cvae - INFO - sampling time:2.258633863180876
2021-12-16 19:10:01,044 - models.pytorch_cvae - INFO - statistics sampling rate:0.1
2021-12-16 19:10:01,099 - models.pytorch_cvae - INFO - statistics sampling rate:0.1
2021-12-16 19:10:01,294 - models.pytorch_cvae - INFO - statistics sampling rate:0.1
2021-12-16 19:10:01,388 - models.pytorch_cvae - INFO - sampling time:0.09312092419713736
2021-12-16 19:10:01,505 - models.pytorch_cvae - INFO - sampling time:0.45951710268855095
2021-12-16 19:10:01,534 - models.pytorch_cvae - INFO - sampling time:0.43404031079262495
2021-12-16 19:10:01,821 - __main__ - INFO - sample and aggregation time elapsed:3.271929723210633
2021-12-16 19:10:01,978 - __main__ - INFO - sample and aggregation time elapsed:3.4377761110663414
2021-12-16 19:10:02,080 - __main__ - INFO - sample and aggregation time elapsed:3.532834004610777
2021-12-16 19:10:02,085 - __main__ - INFO - sample time:3.5445266971364617
2021-12-16 19:10:02,098 - __main__ - INFO - aqp result:
             avg(c_acctbal)  avg(s_acctbal)  sum(c_acctbal)  sum(s_acctbal)
c_nationkey                                                                
0           4520.76         4849.44         97890269350.86  105007333807.93
1           4451.40         4888.92         100905660458.54 110823389926.52
2           4538.25         4731.90         109629374718.13 114307219092.99
3           4574.83         4574.91         111632946985.73 111634984895.80
4           4543.23         4827.50         93477588788.63  99326563696.54 
5           4517.85         4835.72         90908108837.25  97304340785.47 
6           4508.30         4868.79         102991117112.15 111226321105.55
7           4485.61         5211.40         100344366920.03 116580462225.16
8           4544.20         4708.75         103387484502.20 107131308423.63
9           4596.05         5133.72         104031964201.63 116202051985.02
10          4511.70         5057.65         106580962764.20 119478158613.64
11          4481.55         4455.08         105547881217.27 104924634025.03
12          4543.81         5113.20         101410990512.77 114118759572.43
13          4588.13         5067.19         98102796471.03  108346066101.37
14          4553.84         4958.11         107133487603.15 116644153634.85
15          4493.55         4594.28         95237990420.61  97372836217.46 
16          4510.53         5059.83         98117806544.89  110066748894.57
17          4472.35         5015.04         99677178602.87  111772142351.64
18          4529.21         4793.41         105475714916.36 111628372081.14
19          4503.58         4620.87         98354428163.21  100915859243.73
20          4547.37         5244.10         103303428141.50 119131309360.27
21          4475.41         5040.70         102592302521.84 115550709653.58
22          4456.50         5045.16         103392843249.83 117050043126.61
23          4490.74         4849.94         99331212393.40  107276546937.89
24          4449.88         4677.20         103051441917.95 108315729931.37
2021-12-16 19:10:02,101 - __main__ - INFO - ground truth:
             avg(c_acctbal)  avg(s_acctbal)  sum(c_acctbal)  sum(s_acctbal)
c_nationkey                                                                
0           4489.09         4750.47         97204429060.11  102864283639.34
1           4478.58         5156.38         101521631809.03 116886387814.97
2           4502.84         4926.83         108773860934.93 119016293073.25
3           4510.50         4976.52         110063319836.95 121434781349.97
4           4467.80         4955.13         91925727389.56  101952561544.09
5           4506.93         5017.03         90688332145.90  100952499397.81
6           4489.99         5263.09         102572805214.01 120234077220.52
7           4481.97         4725.51         100262969999.54 105711043954.64
8           4491.71         4898.26         102193355822.35 111442904344.11
9           4507.31         5056.46         102023357487.12 114453365970.99
10          4514.20         4934.04         106640129528.12 116557963141.05
11          4509.51         4846.61         106206568975.75 114145706219.45
12          4495.81         4905.97         100339620692.57 109493748108.56
13          4519.66         4967.01         96638723186.87  106203971323.94
14          4489.09         4748.57         105610059556.98 111714619054.55
15          4513.94         4993.59         95670237506.21  105836044024.01
16          4509.69         5125.84         98099691841.22  111502795597.57
17          4476.99         5194.81         99780562278.61  115778956973.10
18          4470.09         5153.13         104098927638.07 120005532950.10
19          4480.83         4865.91         97857583891.19  106267463992.76
20          4505.29         5210.90         102347462434.85 118377097752.18
21          4500.84         5087.25         103175299651.56 116617824864.37
22          4522.71         4945.33         104928946224.34 114733990724.54
23          4492.85         4974.00         99377984303.50  110020479238.93
24          4507.26         5065.90         104380144828.63 117317398620.77
2021-12-16 19:10:02,112 - __main__ - INFO - relative error:
             avg(c_acctbal)  avg(s_acctbal)  sum(c_acctbal)  sum(s_acctbal)
c_nationkey                                                                
0           0.01            0.02            0.01            0.02           
1           0.01            0.05            0.01            0.05           
2           0.01            0.04            0.01            0.04           
3           0.01            0.08            0.01            0.08           
4           0.02            0.03            0.02            0.03           
5           0.00            0.04            0.00            0.04           
6           0.00            0.07            0.00            0.07           
7           0.00            0.10            0.00            0.10           
8           0.01            0.04            0.01            0.04           
9           0.02            0.02            0.02            0.02           
10          0.00            0.03            0.00            0.03           
11          0.01            0.08            0.01            0.08           
12          0.01            0.04            0.01            0.04           
13          0.02            0.02            0.02            0.02           
14          0.01            0.04            0.01            0.04           
15          0.00            0.08            0.00            0.08           
16          0.00            0.01            0.00            0.01           
17          0.00            0.03            0.00            0.03           
18          0.01            0.07            0.01            0.07           
19          0.01            0.05            0.01            0.05           
20          0.01            0.01            0.01            0.01           
21          0.01            0.01            0.01            0.01           
22          0.01            0.02            0.01            0.02           
23          0.00            0.02            0.00            0.02           
24          0.01            0.08            0.01            0.08           
2021-12-16 19:10:02,112 - __main__ - INFO - relative error average :0.025772807776238627
2021-12-16 19:10:02,112 - __main__ - INFO - relative error normalized average :0.025117101480798133
2021-12-16 19:10:02,112 - __main__ - INFO - relative error var normalized average :0.003804409843247799
2021-12-16 19:10:02,115 - __main__ - INFO - total_time:7.166381711140275
