main.py:20: FutureWarning: Passing a negative integer is deprecated in version 1.0 and will not be supported in future version. Instead, use None to not limit the column width.
  pd.set_option('max_colwidth', -1)
2021-12-16 19:10:05,181 - __main__ - INFO - load query config config/query/customer_with_inc_join_supplier.json successfully
2021-12-16 19:10:05,182 - __main__ - INFO - load train config ./config/train/tpch_customer_with_inc_torch_cvae.json successfully
2021-12-16 19:10:05,182 - __main__ - INFO - load train config ./config/train/tpch_supplier_torch_cvae.json successfully
2021-12-16 19:10:05,182 - utils.dataset_utils - INFO - load existing dataset(light):tpch-1m-customer-with-inc_c_nationkey_c_acctbal_c_nationkey_binary_gaussian5_0old_train
2021-12-16 19:10:07,906 - utils.dataset_utils - INFO - load dataset(light) time elapsed:2.7240503998473287
2021-12-16 19:10:07,906 - models.pytorch_cvae - INFO - feature info:[('c_acctbal', 'numerical', 6), ('c_nationkey', 'categorical', 6)]
2021-12-16 19:10:07,907 - utils.model_utils - INFO - load model name:torch_cvae_tpch-1m-customer-with-inc_c_nationkey_ld50_id100_bs1024_ep100_0_binary_gaussian5old_train
2021-12-16 19:10:07,909 - utils.model_utils - INFO - load torch model time elapsed:0.001902312971651554
2021-12-16 19:10:07,909 - models.pytorch_cvae - INFO - load model time elapsed:2.7272908557206392
2021-12-16 19:10:07,909 - utils.dataset_utils - INFO - load existing dataset(light):tpch-1m-supplier_s_nationkey#s_suppkey_s_acctbal_s_nationkey_binary_gaussian5_0
2021-12-16 19:10:07,912 - utils.dataset_utils - INFO - load dataset(light) time elapsed:0.0025471262633800507
2021-12-16 19:10:07,912 - models.pytorch_cvae - INFO - feature info:[('s_acctbal', 'numerical', 6), ('s_nationkey', 'categorical', 6), ('s_suppkey', 'categorical', 15)]
2021-12-16 19:10:07,912 - utils.model_utils - INFO - load model name:torch_cvae_tpch-1m-supplier_s_nationkey_ld50_id100_bs32_ep150_0_binary_gaussian5
2021-12-16 19:10:07,916 - utils.model_utils - INFO - load torch model time elapsed:0.00417395681142807
2021-12-16 19:10:07,916 - models.pytorch_cvae - INFO - load model time elapsed:0.00736658088862896
2021-12-16 19:10:07,916 - __main__ - INFO - multi_sampling No.0 epoch
2021-12-16 19:10:07,917 - models.pytorch_cvae - INFO - statistics sampling rate:0.08
2021-12-16 19:10:07,917 - __main__ - INFO - multi_sampling No.1 epoch
2021-12-16 19:10:07,922 - models.pytorch_cvae - INFO - statistics sampling rate:0.08
2021-12-16 19:10:07,923 - __main__ - INFO - multi_sampling No.2 epoch
2021-12-16 19:10:07,923 - models.pytorch_cvae - INFO - statistics sampling rate:0.08
2021-12-16 19:10:09,352 - models.pytorch_cvae - INFO - sampling time:1.4349148152396083
2021-12-16 19:10:09,413 - models.pytorch_cvae - INFO - sampling time:1.4882939867675304
2021-12-16 19:10:10,079 - models.pytorch_cvae - INFO - statistics sampling rate:0.1
2021-12-16 19:10:10,082 - models.pytorch_cvae - INFO - statistics sampling rate:0.1
2021-12-16 19:10:10,237 - models.pytorch_cvae - INFO - sampling time:2.3140143742784858
2021-12-16 19:10:10,437 - models.pytorch_cvae - INFO - statistics sampling rate:0.1
2021-12-16 19:10:10,554 - models.pytorch_cvae - INFO - sampling time:0.11679399479180574
2021-12-16 19:10:10,632 - models.pytorch_cvae - INFO - sampling time:0.5505633223801851
2021-12-16 19:10:10,664 - models.pytorch_cvae - INFO - sampling time:0.5818558819591999
2021-12-16 19:10:11,044 - __main__ - INFO - sample and aggregation time elapsed:3.1217963648959994
2021-12-16 19:10:11,200 - __main__ - INFO - sample and aggregation time elapsed:3.2831491408869624
2021-12-16 19:10:11,215 - __main__ - INFO - sample and aggregation time elapsed:3.291596899740398
2021-12-16 19:10:11,220 - __main__ - INFO - sample time:3.30323329847306
2021-12-16 19:10:11,233 - __main__ - INFO - aqp result:
             avg(c_acctbal)  avg(s_acctbal)  sum(c_acctbal)  sum(s_acctbal)
c_nationkey                                                                
0           4490.87         5113.40         97243058758.03  110723025863.26
1           4567.91         5193.87         103546627758.72 117736159311.11
2           4524.59         4753.76         109299306685.95 114835497983.76
3           4486.77         4593.74         109484143296.22 112094504944.03
4           4506.92         4712.93         92730619174.36  96969345192.78 
5           4450.09         5338.11         89544545611.30  107413387526.32
6           4487.36         4898.55         102512759418.25 111906149405.65
7           4523.33         4953.12         101188219144.93 110802618400.79
8           4465.60         4756.71         101599349003.83 108222464848.97
9           4559.44         4771.40         103203211046.18 108001054966.85
10          4488.41         4639.33         106030857985.34 109596081097.95
11          4520.43         5195.42         106463628925.70 122360922428.37
12          4525.22         4810.24         100996079962.46 107357320674.33
13          4498.79         4700.76         96192482836.95  100510966010.88
14          4564.59         4991.57         107386321152.04 117431355336.56
15          4570.79         5121.62         96874967064.91  108549460112.37
16          4464.96         5255.62         97126619926.18  114325951648.71
17          4479.19         5245.50         99829477558.03  116908617388.50
18          4531.47         5135.47         105528371052.41 119594262358.58
19          4475.05         5252.41         97731260823.10  114708185411.37
20          4478.70         4607.86         101743545562.97 104677614143.37
21          4482.67         5189.36         102758648994.91 118958506820.84
22          4492.62         5229.85         104230953194.99 121334908544.06
23          4479.32         4874.83         99078751545.08  107826930958.68
24          4584.06         4766.17         106158711053.81 110376134640.28
2021-12-16 19:10:11,235 - __main__ - INFO - ground truth:
             avg(c_acctbal)  avg(s_acctbal)  sum(c_acctbal)  sum(s_acctbal)
c_nationkey                                                                
0           4489.09         4750.47         97204429060.11  102864283639.34
1           4478.58         5156.38         101521631809.03 116886387814.97
2           4502.84         4926.83         108773860934.93 119016293073.25
3           4510.50         4976.52         110063319836.95 121434781349.97
4           4467.80         4955.13         91925727389.56  101952561544.09
5           4506.93         5017.03         90688332145.90  100952499397.81
6           4489.99         5263.09         102572805214.01 120234077220.52
7           4481.97         4725.51         100262969999.54 105711043954.64
8           4491.71         4898.26         102193355822.35 111442904344.11
9           4507.31         5056.46         102023357487.12 114453365970.99
10          4514.20         4934.04         106640129528.12 116557963141.05
11          4509.51         4846.61         106206568975.75 114145706219.45
12          4495.81         4905.97         100339620692.57 109493748108.56
13          4519.66         4967.01         96638723186.87  106203971323.94
14          4489.09         4748.57         105610059556.98 111714619054.55
15          4513.94         4993.59         95670237506.21  105836044024.01
16          4509.69         5125.84         98099691841.22  111502795597.57
17          4476.99         5194.81         99780562278.61  115778956973.10
18          4470.09         5153.13         104098927638.07 120005532950.10
19          4480.83         4865.91         97857583891.19  106267463992.76
20          4505.29         5210.90         102347462434.85 118377097752.18
21          4500.84         5087.25         103175299651.56 116617824864.37
22          4522.71         4945.33         104928946224.34 114733990724.54
23          4492.85         4974.00         99377984303.50  110020479238.93
24          4507.26         5065.90         104380144828.63 117317398620.77
2021-12-16 19:10:11,246 - __main__ - INFO - relative error:
             avg(c_acctbal)  avg(s_acctbal)  sum(c_acctbal)  sum(s_acctbal)
c_nationkey                                                                
0           0.00            0.08            0.00            0.08           
1           0.02            0.01            0.02            0.01           
2           0.00            0.04            0.00            0.04           
3           0.01            0.08            0.01            0.08           
4           0.01            0.05            0.01            0.05           
5           0.01            0.06            0.01            0.06           
6           0.00            0.07            0.00            0.07           
7           0.01            0.05            0.01            0.05           
8           0.01            0.03            0.01            0.03           
9           0.01            0.06            0.01            0.06           
10          0.01            0.06            0.01            0.06           
11          0.00            0.07            0.00            0.07           
12          0.01            0.02            0.01            0.02           
13          0.00            0.05            0.00            0.05           
14          0.02            0.05            0.02            0.05           
15          0.01            0.03            0.01            0.03           
16          0.01            0.03            0.01            0.03           
17          0.00            0.01            0.00            0.01           
18          0.01            0.00            0.01            0.00           
19          0.00            0.08            0.00            0.08           
20          0.01            0.12            0.01            0.12           
21          0.00            0.02            0.00            0.02           
22          0.01            0.06            0.01            0.06           
23          0.00            0.02            0.00            0.02           
24          0.02            0.06            0.02            0.06           
2021-12-16 19:10:11,247 - __main__ - INFO - relative error average :0.027461224707153765
2021-12-16 19:10:11,247 - __main__ - INFO - relative error normalized average :0.026717215876635038
2021-12-16 19:10:11,247 - __main__ - INFO - relative error var normalized average :0.004514371683134517
2021-12-16 19:10:11,249 - __main__ - INFO - total_time:6.067808015272021
