main.py:20: FutureWarning: Passing a negative integer is deprecated in version 1.0 and will not be supported in future version. Instead, use None to not limit the column width.
  pd.set_option('max_colwidth', -1)
2021-12-16 19:08:52,961 - __main__ - INFO - load query config config/query/customer_with_inc_join_supplier.json successfully
2021-12-16 19:08:52,961 - __main__ - INFO - load train config ./config/train/tpch_customer_with_inc_torch_cvae.json successfully
2021-12-16 19:08:52,961 - __main__ - INFO - load train config ./config/train/tpch_supplier_torch_cvae.json successfully
2021-12-16 19:08:52,961 - utils.dataset_utils - INFO - load existing dataset(light):tpch-1m-customer-with-inc_c_nationkey_c_acctbal_c_nationkey_binary_gaussian5_0old_train
2021-12-16 19:08:55,666 - utils.dataset_utils - INFO - load dataset(light) time elapsed:2.7053801845759153
2021-12-16 19:08:55,666 - models.pytorch_cvae - INFO - feature info:[('c_acctbal', 'numerical', 6), ('c_nationkey', 'categorical', 6)]
2021-12-16 19:08:55,667 - utils.model_utils - INFO - load model name:torch_cvae_tpch-1m-customer-with-inc_c_nationkey_ld50_id100_bs1024_ep100_0_binary_gaussian5old_train
2021-12-16 19:08:55,671 - utils.model_utils - INFO - load torch model time elapsed:0.003270316869020462
2021-12-16 19:08:55,671 - models.pytorch_cvae - INFO - load model time elapsed:2.7099865451455116
2021-12-16 19:08:55,671 - utils.dataset_utils - INFO - load existing dataset(light):tpch-1m-supplier_s_nationkey#s_suppkey_s_acctbal_s_nationkey_binary_gaussian5_0
2021-12-16 19:08:55,673 - utils.dataset_utils - INFO - load dataset(light) time elapsed:0.002636672928929329
2021-12-16 19:08:55,673 - models.pytorch_cvae - INFO - feature info:[('s_acctbal', 'numerical', 6), ('s_nationkey', 'categorical', 6), ('s_suppkey', 'categorical', 15)]
2021-12-16 19:08:55,674 - utils.model_utils - INFO - load model name:torch_cvae_tpch-1m-supplier_s_nationkey_ld50_id100_bs32_ep150_0_binary_gaussian5
2021-12-16 19:08:55,675 - utils.model_utils - INFO - load torch model time elapsed:0.0013872263953089714
2021-12-16 19:08:55,675 - models.pytorch_cvae - INFO - load model time elapsed:0.004677504301071167
2021-12-16 19:08:55,675 - __main__ - INFO - multi_sampling No.0 epoch
2021-12-16 19:08:55,676 - models.pytorch_cvae - INFO - statistics sampling rate:0.06
2021-12-16 19:08:55,676 - __main__ - INFO - multi_sampling No.1 epoch
2021-12-16 19:08:55,682 - models.pytorch_cvae - INFO - statistics sampling rate:0.06
2021-12-16 19:08:55,682 - __main__ - INFO - multi_sampling No.2 epoch
2021-12-16 19:08:55,683 - models.pytorch_cvae - INFO - statistics sampling rate:0.06
2021-12-16 19:08:57,012 - models.pytorch_cvae - INFO - sampling time:1.3290843395516276
2021-12-16 19:08:57,095 - models.pytorch_cvae - INFO - sampling time:1.4182007247582078
2021-12-16 19:08:57,698 - models.pytorch_cvae - INFO - sampling time:2.0143973706290126
2021-12-16 19:08:57,828 - models.pytorch_cvae - INFO - statistics sampling rate:0.1
2021-12-16 19:08:57,918 - models.pytorch_cvae - INFO - statistics sampling rate:0.1
2021-12-16 19:08:58,008 - models.pytorch_cvae - INFO - statistics sampling rate:0.1
2021-12-16 19:08:58,100 - models.pytorch_cvae - INFO - sampling time:0.09244323335587978
2021-12-16 19:08:58,250 - models.pytorch_cvae - INFO - sampling time:0.42161228507757187
2021-12-16 19:08:58,286 - models.pytorch_cvae - INFO - sampling time:0.36395573522895575
2021-12-16 19:08:58,323 - __main__ - INFO - sample and aggregation time elapsed:2.6400461215525866
2021-12-16 19:08:58,564 - __main__ - INFO - sample and aggregation time elapsed:2.882457396015525
2021-12-16 19:08:58,588 - __main__ - INFO - sample and aggregation time elapsed:2.9116622619330883
2021-12-16 19:08:58,590 - __main__ - INFO - sample time:2.914487414062023
2021-12-16 19:08:58,599 - __main__ - INFO - aqp result:
             avg(c_acctbal)  avg(s_acctbal)  sum(c_acctbal)  sum(s_acctbal)
c_nationkey                                                                
0           4502.00         4837.64         97484047937.75  104751747452.57
1           4498.20         5077.81         101966554975.56 115105218618.26
2           4604.08         5190.61         111219522806.29 125388292798.59
3           4579.65         5129.58         111750627611.31 125169800308.31
4           4443.39         5109.38         91423527495.94  105126236268.85
5           4515.69         5086.05         90864543289.01  102341344926.61
6           4524.01         5306.13         103350000538.90 121217407513.90
7           4504.00         5228.91         100755624021.18 116972133479.80
8           4534.61         5001.76         103169266817.06 113797606458.91
9           4540.69         5273.02         102778910428.56 119355143654.24
10          4533.83         5037.74         107103667324.42 119007706789.42
11          4493.30         4848.51         105824619756.46 114190396716.48
12          4556.03         4130.95         101683541414.73 92196569293.48 
13          4522.34         4934.79         96696046025.74  105515080176.85
14          4566.12         4713.59         107422437085.55 110891612686.74
15          4578.33         5119.06         97034792603.86  108495282762.09
16          4515.93         4911.76         98235388261.35  106845955670.40
17          4470.27         5423.75         99630689315.39  120881362556.83
18          4462.42         4987.03         103920388562.01 116137292819.89
19          4493.66         4960.84         98137674710.55  108340580374.27
20          4455.66         4568.23         101220188454.81 103777321812.07
21          4417.13         5170.06         101256301017.39 118516210571.04
22          4541.97         5133.62         105375772351.82 119102310947.57
23          4516.52         5211.25         99901392552.09  115268387542.82
24          4505.48         5241.10         104339071206.49 121374576739.04
2021-12-16 19:08:58,601 - __main__ - INFO - ground truth:
             avg(c_acctbal)  avg(s_acctbal)  sum(c_acctbal)  sum(s_acctbal)
c_nationkey                                                                
0           4489.09         4750.47         97204429060.11  102864283639.34
1           4478.58         5156.38         101521631809.03 116886387814.97
2           4502.84         4926.83         108773860934.93 119016293073.25
3           4510.50         4976.52         110063319836.95 121434781349.97
4           4467.80         4955.13         91925727389.56  101952561544.09
5           4506.93         5017.03         90688332145.90  100952499397.81
6           4489.99         5263.09         102572805214.01 120234077220.52
7           4481.97         4725.51         100262969999.54 105711043954.64
8           4491.71         4898.26         102193355822.35 111442904344.11
9           4507.31         5056.46         102023357487.12 114453365970.99
10          4514.20         4934.04         106640129528.12 116557963141.05
11          4509.51         4846.61         106206568975.75 114145706219.45
12          4495.81         4905.97         100339620692.57 109493748108.56
13          4519.66         4967.01         96638723186.87  106203971323.94
14          4489.09         4748.57         105610059556.98 111714619054.55
15          4513.94         4993.59         95670237506.21  105836044024.01
16          4509.69         5125.84         98099691841.22  111502795597.57
17          4476.99         5194.81         99780562278.61  115778956973.10
18          4470.09         5153.13         104098927638.07 120005532950.10
19          4480.83         4865.91         97857583891.19  106267463992.76
20          4505.29         5210.90         102347462434.85 118377097752.18
21          4500.84         5087.25         103175299651.56 116617824864.37
22          4522.71         4945.33         104928946224.34 114733990724.54
23          4492.85         4974.00         99377984303.50  110020479238.93
24          4507.26         5065.90         104380144828.63 117317398620.77
2021-12-16 19:08:58,610 - __main__ - INFO - relative error:
             avg(c_acctbal)  avg(s_acctbal)  sum(c_acctbal)  sum(s_acctbal)
c_nationkey                                                                
0           0.00            0.02            0.00            0.02           
1           0.00            0.02            0.00            0.02           
2           0.02            0.05            0.02            0.05           
3           0.02            0.03            0.02            0.03           
4           0.01            0.03            0.01            0.03           
5           0.00            0.01            0.00            0.01           
6           0.01            0.01            0.01            0.01           
7           0.00            0.11            0.00            0.11           
8           0.01            0.02            0.01            0.02           
9           0.01            0.04            0.01            0.04           
10          0.00            0.02            0.00            0.02           
11          0.00            0.00            0.00            0.00           
12          0.01            0.16            0.01            0.16           
13          0.00            0.01            0.00            0.01           
14          0.02            0.01            0.02            0.01           
15          0.01            0.03            0.01            0.03           
16          0.00            0.04            0.00            0.04           
17          0.00            0.04            0.00            0.04           
18          0.00            0.03            0.00            0.03           
19          0.00            0.02            0.00            0.02           
20          0.01            0.12            0.01            0.12           
21          0.02            0.02            0.02            0.02           
22          0.00            0.04            0.00            0.04           
23          0.01            0.05            0.01            0.05           
24          0.00            0.03            0.00            0.03           
2021-12-16 19:08:58,610 - __main__ - INFO - relative error average :0.022792277089350034
2021-12-16 19:08:58,610 - __main__ - INFO - relative error normalized average :0.022086184292193323
2021-12-16 19:08:58,610 - __main__ - INFO - relative error var normalized average :0.0042623552480868096
2021-12-16 19:08:58,612 - __main__ - INFO - total_time:5.6510813580825925
