main.py:20: FutureWarning: Passing a negative integer is deprecated in version 1.0 and will not be supported in future version. Instead, use None to not limit the column width.
  pd.set_option('max_colwidth', -1)
2021-12-16 19:07:47,177 - __main__ - INFO - load query config config/query/customer_with_inc_join_supplier.json successfully
2021-12-16 19:07:47,178 - __main__ - INFO - load train config ./config/train/tpch_customer_with_inc_torch_cvae.json successfully
2021-12-16 19:07:47,178 - __main__ - INFO - load train config ./config/train/tpch_supplier_torch_cvae.json successfully
2021-12-16 19:07:47,178 - utils.dataset_utils - INFO - load existing dataset(light):tpch-1m-customer-with-inc_c_nationkey_c_acctbal_c_nationkey_binary_gaussian5_0old_train
2021-12-16 19:07:49,896 - utils.dataset_utils - INFO - load dataset(light) time elapsed:2.717853857204318
2021-12-16 19:07:49,896 - models.pytorch_cvae - INFO - feature info:[('c_acctbal', 'numerical', 6), ('c_nationkey', 'categorical', 6)]
2021-12-16 19:07:49,897 - utils.model_utils - INFO - load model name:torch_cvae_tpch-1m-customer-with-inc_c_nationkey_ld50_id100_bs1024_ep100_0_binary_gaussian5old_train
2021-12-16 19:07:49,899 - utils.model_utils - INFO - load torch model time elapsed:0.00189959816634655
2021-12-16 19:07:49,899 - models.pytorch_cvae - INFO - load model time elapsed:2.721084263175726
2021-12-16 19:07:49,899 - utils.dataset_utils - INFO - load existing dataset(light):tpch-1m-supplier_s_nationkey#s_suppkey_s_acctbal_s_nationkey_binary_gaussian5_0
2021-12-16 19:07:49,901 - utils.dataset_utils - INFO - load dataset(light) time elapsed:0.0025595789775252342
2021-12-16 19:07:49,901 - models.pytorch_cvae - INFO - feature info:[('s_acctbal', 'numerical', 6), ('s_nationkey', 'categorical', 6), ('s_suppkey', 'categorical', 15)]
2021-12-16 19:07:49,902 - utils.model_utils - INFO - load model name:torch_cvae_tpch-1m-supplier_s_nationkey_ld50_id100_bs32_ep150_0_binary_gaussian5
2021-12-16 19:07:49,907 - utils.model_utils - INFO - load torch model time elapsed:0.004559400491416454
2021-12-16 19:07:49,907 - models.pytorch_cvae - INFO - load model time elapsed:0.007787793874740601
2021-12-16 19:07:49,907 - __main__ - INFO - multi_sampling No.0 epoch
2021-12-16 19:07:49,907 - models.pytorch_cvae - INFO - statistics sampling rate:0.03
2021-12-16 19:07:49,907 - __main__ - INFO - multi_sampling No.1 epoch
2021-12-16 19:07:49,914 - models.pytorch_cvae - INFO - statistics sampling rate:0.03
2021-12-16 19:07:49,914 - __main__ - INFO - multi_sampling No.2 epoch
2021-12-16 19:07:49,916 - models.pytorch_cvae - INFO - statistics sampling rate:0.03
2021-12-16 19:07:51,044 - models.pytorch_cvae - INFO - sampling time:1.1295029139146209
2021-12-16 19:07:51,068 - models.pytorch_cvae - INFO - sampling time:1.1602841494604945
2021-12-16 19:07:51,394 - models.pytorch_cvae - INFO - statistics sampling rate:0.1
2021-12-16 19:07:51,407 - models.pytorch_cvae - INFO - statistics sampling rate:0.1
2021-12-16 19:07:51,408 - models.pytorch_cvae - INFO - sampling time:1.4918041173368692
2021-12-16 19:07:51,504 - models.pytorch_cvae - INFO - statistics sampling rate:0.1
2021-12-16 19:07:51,595 - models.pytorch_cvae - INFO - sampling time:0.09052047785371542
2021-12-16 19:07:51,694 - models.pytorch_cvae - INFO - sampling time:0.2990546068176627
2021-12-16 19:07:51,722 - __main__ - INFO - sample and aggregation time elapsed:1.8071025284007192
2021-12-16 19:07:51,786 - models.pytorch_cvae - INFO - sampling time:0.37873257603496313
2021-12-16 19:07:51,814 - __main__ - INFO - sample and aggregation time elapsed:1.900106712244451
2021-12-16 19:07:51,889 - __main__ - INFO - sample and aggregation time elapsed:1.9817023584619164
2021-12-16 19:07:51,892 - __main__ - INFO - sample time:1.9850289719179273
2021-12-16 19:07:51,901 - __main__ - INFO - aqp result:
             avg(c_acctbal)  avg(s_acctbal)  sum(c_acctbal)  sum(s_acctbal)
c_nationkey                                                                
0           4577.52         5192.29         99119298989.92  112431274677.78
1           4493.49         5182.08         101859767637.90 117468797495.66
2           4479.62         4936.66         108212979816.31 119253721360.91
3           4518.98         5451.74         110270225795.52 133030901968.34
4           4486.57         4902.13         92311869915.13  100862095730.80
5           4461.35         4795.97         89771222063.07  96504468314.93 
6           4578.61         5030.09         104597173220.80 114911144688.34
7           4500.61         4667.78         100679859388.05 104419416086.35
8           4563.60         5012.16         103828846722.52 114034408264.13
9           4564.38         4931.23         103315049338.90 111618798002.11
10          4472.82         4801.37         105662557868.46 113423896958.35
11          4483.16         4889.27         105585818957.76 115150537959.89
12          4560.40         4928.63         101781222941.50 109999487771.70
13          4470.84         4816.71         95594903363.99  102990330794.88
14          4583.61         5111.58         107833685789.73 120254856014.18
15          4489.45         4633.30         95151017951.35  98199942355.38 
16          4508.75         5071.94         98079195648.25  110330277564.83
17          4465.84         5073.91         99532052165.80  113084198239.62
18          4481.57         5111.47         104366234080.27 119035432649.18
19          4474.33         4247.64         97715700409.88  92764951163.23 
20          4469.48         4920.38         101534118078.94 111777266919.49
21          4535.71         4776.20         103974732669.02 109487601687.30
22          4517.03         5099.32         104797237722.14 118306594013.21
23          4584.03         4939.32         101394820557.68 109253556741.36
24          4494.46         4892.55         104083765102.96 113302966476.88
2021-12-16 19:07:51,903 - __main__ - INFO - ground truth:
             avg(c_acctbal)  avg(s_acctbal)  sum(c_acctbal)  sum(s_acctbal)
c_nationkey                                                                
0           4489.09         4750.47         97204429060.11  102864283639.34
1           4478.58         5156.38         101521631809.03 116886387814.97
2           4502.84         4926.83         108773860934.93 119016293073.25
3           4510.50         4976.52         110063319836.95 121434781349.97
4           4467.80         4955.13         91925727389.56  101952561544.09
5           4506.93         5017.03         90688332145.90  100952499397.81
6           4489.99         5263.09         102572805214.01 120234077220.52
7           4481.97         4725.51         100262969999.54 105711043954.64
8           4491.71         4898.26         102193355822.35 111442904344.11
9           4507.31         5056.46         102023357487.12 114453365970.99
10          4514.20         4934.04         106640129528.12 116557963141.05
11          4509.51         4846.61         106206568975.75 114145706219.45
12          4495.81         4905.97         100339620692.57 109493748108.56
13          4519.66         4967.01         96638723186.87  106203971323.94
14          4489.09         4748.57         105610059556.98 111714619054.55
15          4513.94         4993.59         95670237506.21  105836044024.01
16          4509.69         5125.84         98099691841.22  111502795597.57
17          4476.99         5194.81         99780562278.61  115778956973.10
18          4470.09         5153.13         104098927638.07 120005532950.10
19          4480.83         4865.91         97857583891.19  106267463992.76
20          4505.29         5210.90         102347462434.85 118377097752.18
21          4500.84         5087.25         103175299651.56 116617824864.37
22          4522.71         4945.33         104928946224.34 114733990724.54
23          4492.85         4974.00         99377984303.50  110020479238.93
24          4507.26         5065.90         104380144828.63 117317398620.77
2021-12-16 19:07:51,912 - __main__ - INFO - relative error:
             avg(c_acctbal)  avg(s_acctbal)  sum(c_acctbal)  sum(s_acctbal)
c_nationkey                                                                
0           0.02            0.09            0.02            0.09           
1           0.00            0.00            0.00            0.00           
2           0.01            0.00            0.01            0.00           
3           0.00            0.10            0.00            0.10           
4           0.00            0.01            0.00            0.01           
5           0.01            0.04            0.01            0.04           
6           0.02            0.04            0.02            0.04           
7           0.00            0.01            0.00            0.01           
8           0.02            0.02            0.02            0.02           
9           0.01            0.02            0.01            0.02           
10          0.01            0.03            0.01            0.03           
11          0.01            0.01            0.01            0.01           
12          0.01            0.00            0.01            0.00           
13          0.01            0.03            0.01            0.03           
14          0.02            0.08            0.02            0.08           
15          0.01            0.07            0.01            0.07           
16          0.00            0.01            0.00            0.01           
17          0.00            0.02            0.00            0.02           
18          0.00            0.01            0.00            0.01           
19          0.00            0.13            0.00            0.13           
20          0.01            0.06            0.01            0.06           
21          0.01            0.06            0.01            0.06           
22          0.00            0.03            0.00            0.03           
23          0.02            0.01            0.02            0.01           
24          0.00            0.03            0.00            0.03           
2021-12-16 19:07:51,912 - __main__ - INFO - relative error average :0.022849393645907
2021-12-16 19:07:51,912 - __main__ - INFO - relative error normalized average :0.022220269159673248
2021-12-16 19:07:51,913 - __main__ - INFO - relative error var normalized average :0.003644028111777333
2021-12-16 19:07:51,914 - __main__ - INFO - total_time:4.736249429173768
