main.py:20: FutureWarning: Passing a negative integer is deprecated in version 1.0 and will not be supported in future version. Instead, use None to not limit the column width.
  pd.set_option('max_colwidth', -1)
2021-12-16 19:09:01,651 - __main__ - INFO - load query config config/query/customer_with_inc_join_supplier.json successfully
2021-12-16 19:09:01,651 - __main__ - INFO - load train config ./config/train/tpch_customer_with_inc_torch_cvae.json successfully
2021-12-16 19:09:01,651 - __main__ - INFO - load train config ./config/train/tpch_supplier_torch_cvae.json successfully
2021-12-16 19:09:01,651 - utils.dataset_utils - INFO - load existing dataset(light):tpch-1m-customer-with-inc_c_nationkey_c_acctbal_c_nationkey_binary_gaussian5_0old_train
2021-12-16 19:09:04,390 - utils.dataset_utils - INFO - load dataset(light) time elapsed:2.738849605433643
2021-12-16 19:09:04,390 - models.pytorch_cvae - INFO - feature info:[('c_acctbal', 'numerical', 6), ('c_nationkey', 'categorical', 6)]
2021-12-16 19:09:04,391 - utils.model_utils - INFO - load model name:torch_cvae_tpch-1m-customer-with-inc_c_nationkey_ld50_id100_bs1024_ep100_0_binary_gaussian5old_train
2021-12-16 19:09:04,394 - utils.model_utils - INFO - load torch model time elapsed:0.0026728371158242226
2021-12-16 19:09:04,394 - models.pytorch_cvae - INFO - load model time elapsed:2.742854220792651
2021-12-16 19:09:04,394 - utils.dataset_utils - INFO - load existing dataset(light):tpch-1m-supplier_s_nationkey#s_suppkey_s_acctbal_s_nationkey_binary_gaussian5_0
2021-12-16 19:09:04,396 - utils.dataset_utils - INFO - load dataset(light) time elapsed:0.002720179967582226
2021-12-16 19:09:04,396 - models.pytorch_cvae - INFO - feature info:[('s_acctbal', 'numerical', 6), ('s_nationkey', 'categorical', 6), ('s_suppkey', 'categorical', 15)]
2021-12-16 19:09:04,397 - utils.model_utils - INFO - load model name:torch_cvae_tpch-1m-supplier_s_nationkey_ld50_id100_bs32_ep150_0_binary_gaussian5
2021-12-16 19:09:04,399 - utils.model_utils - INFO - load torch model time elapsed:0.001750933937728405
2021-12-16 19:09:04,399 - models.pytorch_cvae - INFO - load model time elapsed:0.005131782032549381
2021-12-16 19:09:04,399 - __main__ - INFO - multi_sampling No.0 epoch
2021-12-16 19:09:04,399 - models.pytorch_cvae - INFO - statistics sampling rate:0.06
2021-12-16 19:09:04,399 - __main__ - INFO - multi_sampling No.1 epoch
2021-12-16 19:09:04,405 - models.pytorch_cvae - INFO - statistics sampling rate:0.06
2021-12-16 19:09:04,406 - __main__ - INFO - multi_sampling No.2 epoch
2021-12-16 19:09:04,407 - models.pytorch_cvae - INFO - statistics sampling rate:0.06
2021-12-16 19:09:05,662 - models.pytorch_cvae - INFO - sampling time:1.262860246002674
2021-12-16 19:09:05,752 - models.pytorch_cvae - INFO - sampling time:1.3462276794016361
2021-12-16 19:09:06,233 - models.pytorch_cvae - INFO - statistics sampling rate:0.1
2021-12-16 19:09:06,235 - models.pytorch_cvae - INFO - statistics sampling rate:0.1
2021-12-16 19:09:06,358 - models.pytorch_cvae - INFO - sampling time:1.950506298802793
2021-12-16 19:09:06,513 - models.pytorch_cvae - INFO - statistics sampling rate:0.1
2021-12-16 19:09:06,579 - models.pytorch_cvae - INFO - sampling time:0.34359163511544466
2021-12-16 19:09:06,683 - models.pytorch_cvae - INFO - sampling time:0.4495527511462569
2021-12-16 19:09:06,780 - models.pytorch_cvae - INFO - sampling time:0.26695598755031824
2021-12-16 19:09:06,930 - __main__ - INFO - sample and aggregation time elapsed:2.5306028882041574
2021-12-16 19:09:07,010 - __main__ - INFO - sample and aggregation time elapsed:2.605243961326778
2021-12-16 19:09:07,036 - __main__ - INFO - sample and aggregation time elapsed:2.6292091570794582
2021-12-16 19:09:07,041 - __main__ - INFO - sample time:2.641684865579009
2021-12-16 19:09:07,054 - __main__ - INFO - aqp result:
             avg(c_acctbal)  avg(s_acctbal)  sum(c_acctbal)  sum(s_acctbal)
c_nationkey                                                                
0           4488.41         5088.17         97189726180.34  110176603187.63
1           4555.06         5520.51         103255295939.25 125140573910.75
2           4525.05         5062.05         109310421460.24 122282753538.37
3           4588.71         5106.00         111971667332.20 124594431479.18
4           4539.96         4766.17         93410469642.72  98064683947.45 
5           4523.99         4613.80         91031715429.39  92838756536.67 
6           4435.88         5031.71         101336571729.33 114948246480.54
7           4530.20         4477.53         101341820525.86 100163635295.72
8           4501.27         4859.08         102410839814.50 110551508068.10
9           4544.88         4807.41         102873606555.58 108816036314.60
10          4483.30         4448.13         105910168161.00 105079295740.53
11          4558.76         5044.09         107366457394.65 118796780364.33
12          4564.78         5024.15         101878866966.76 112131258077.06
13          4544.33         5204.65         97166226024.91  111285183888.51
14          4500.26         4782.53         105872828798.82 112513637076.34
15          4500.09         5089.71         95376687733.72  107873192158.17
16          4485.33         5059.70         97569638290.54  110063935106.53
17          4499.24         5015.73         100276467944.16 111787552647.51
18          4457.04         5067.69         103795144873.33 118015833551.69
19          4475.88         5045.07         97749392667.50  110180071734.63
20          4498.05         4520.21         102183177071.19 102686457692.41
21          4496.18         5434.78         103068363066.27 124584492815.86
22          4467.63         5130.13         103651059354.76 119021343653.35
23          4545.36         4963.59         100539428838.30 109790295957.19
24          4436.40         4575.89         102739151773.72 105969595726.35
2021-12-16 19:09:07,057 - __main__ - INFO - ground truth:
             avg(c_acctbal)  avg(s_acctbal)  sum(c_acctbal)  sum(s_acctbal)
c_nationkey                                                                
0           4489.09         4750.47         97204429060.11  102864283639.34
1           4478.58         5156.38         101521631809.03 116886387814.97
2           4502.84         4926.83         108773860934.93 119016293073.25
3           4510.50         4976.52         110063319836.95 121434781349.97
4           4467.80         4955.13         91925727389.56  101952561544.09
5           4506.93         5017.03         90688332145.90  100952499397.81
6           4489.99         5263.09         102572805214.01 120234077220.52
7           4481.97         4725.51         100262969999.54 105711043954.64
8           4491.71         4898.26         102193355822.35 111442904344.11
9           4507.31         5056.46         102023357487.12 114453365970.99
10          4514.20         4934.04         106640129528.12 116557963141.05
11          4509.51         4846.61         106206568975.75 114145706219.45
12          4495.81         4905.97         100339620692.57 109493748108.56
13          4519.66         4967.01         96638723186.87  106203971323.94
14          4489.09         4748.57         105610059556.98 111714619054.55
15          4513.94         4993.59         95670237506.21  105836044024.01
16          4509.69         5125.84         98099691841.22  111502795597.57
17          4476.99         5194.81         99780562278.61  115778956973.10
18          4470.09         5153.13         104098927638.07 120005532950.10
19          4480.83         4865.91         97857583891.19  106267463992.76
20          4505.29         5210.90         102347462434.85 118377097752.18
21          4500.84         5087.25         103175299651.56 116617824864.37
22          4522.71         4945.33         104928946224.34 114733990724.54
23          4492.85         4974.00         99377984303.50  110020479238.93
24          4507.26         5065.90         104380144828.63 117317398620.77
2021-12-16 19:09:07,068 - __main__ - INFO - relative error:
             avg(c_acctbal)  avg(s_acctbal)  sum(c_acctbal)  sum(s_acctbal)
c_nationkey                                                                
0           0.00            0.07            0.00            0.07           
1           0.02            0.07            0.02            0.07           
2           0.00            0.03            0.00            0.03           
3           0.02            0.03            0.02            0.03           
4           0.02            0.04            0.02            0.04           
5           0.00            0.08            0.00            0.08           
6           0.01            0.04            0.01            0.04           
7           0.01            0.05            0.01            0.05           
8           0.00            0.01            0.00            0.01           
9           0.01            0.05            0.01            0.05           
10          0.01            0.10            0.01            0.10           
11          0.01            0.04            0.01            0.04           
12          0.02            0.02            0.02            0.02           
13          0.01            0.05            0.01            0.05           
14          0.00            0.01            0.00            0.01           
15          0.00            0.02            0.00            0.02           
16          0.01            0.01            0.01            0.01           
17          0.00            0.03            0.00            0.03           
18          0.00            0.02            0.00            0.02           
19          0.00            0.04            0.00            0.04           
20          0.00            0.13            0.00            0.13           
21          0.00            0.07            0.00            0.07           
22          0.01            0.04            0.01            0.04           
23          0.01            0.00            0.01            0.00           
24          0.02            0.10            0.02            0.10           
2021-12-16 19:09:07,068 - __main__ - INFO - relative error average :0.02672427326834701
2021-12-16 19:09:07,068 - __main__ - INFO - relative error normalized average :0.025951005582090816
2021-12-16 19:09:07,068 - __main__ - INFO - relative error var normalized average :0.0048326851135517155
2021-12-16 19:09:07,070 - __main__ - INFO - total_time:5.419149634428322
