main.py:20: FutureWarning: Passing a negative integer is deprecated in version 1.0 and will not be supported in future version. Instead, use None to not limit the column width.
  pd.set_option('max_colwidth', -1)
2021-12-16 19:09:35,962 - __main__ - INFO - load query config config/query/customer_with_inc_join_supplier.json successfully
2021-12-16 19:09:35,962 - __main__ - INFO - load train config ./config/train/tpch_customer_with_inc_torch_cvae.json successfully
2021-12-16 19:09:35,962 - __main__ - INFO - load train config ./config/train/tpch_supplier_torch_cvae.json successfully
2021-12-16 19:09:35,962 - utils.dataset_utils - INFO - load existing dataset(light):tpch-1m-customer-with-inc_c_nationkey_c_acctbal_c_nationkey_binary_gaussian5_0old_train
2021-12-16 19:09:38,689 - utils.dataset_utils - INFO - load dataset(light) time elapsed:2.7274656100198627
2021-12-16 19:09:38,689 - models.pytorch_cvae - INFO - feature info:[('c_acctbal', 'numerical', 6), ('c_nationkey', 'categorical', 6)]
2021-12-16 19:09:38,691 - utils.model_utils - INFO - load model name:torch_cvae_tpch-1m-customer-with-inc_c_nationkey_ld50_id100_bs1024_ep100_0_binary_gaussian5old_train
2021-12-16 19:09:38,692 - utils.model_utils - INFO - load torch model time elapsed:0.0019438490271568298
2021-12-16 19:09:38,693 - models.pytorch_cvae - INFO - load model time elapsed:2.730752345174551
2021-12-16 19:09:38,693 - utils.dataset_utils - INFO - load existing dataset(light):tpch-1m-supplier_s_nationkey#s_suppkey_s_acctbal_s_nationkey_binary_gaussian5_0
2021-12-16 19:09:38,695 - utils.dataset_utils - INFO - load dataset(light) time elapsed:0.002735561691224575
2021-12-16 19:09:38,695 - models.pytorch_cvae - INFO - feature info:[('s_acctbal', 'numerical', 6), ('s_nationkey', 'categorical', 6), ('s_suppkey', 'categorical', 15)]
2021-12-16 19:09:38,696 - utils.model_utils - INFO - load model name:torch_cvae_tpch-1m-supplier_s_nationkey_ld50_id100_bs32_ep150_0_binary_gaussian5
2021-12-16 19:09:38,699 - utils.model_utils - INFO - load torch model time elapsed:0.00349598191678524
2021-12-16 19:09:38,699 - models.pytorch_cvae - INFO - load model time elapsed:0.006895366124808788
2021-12-16 19:09:38,699 - __main__ - INFO - multi_sampling No.0 epoch
2021-12-16 19:09:38,700 - models.pytorch_cvae - INFO - statistics sampling rate:0.07
2021-12-16 19:09:38,700 - __main__ - INFO - multi_sampling No.1 epoch
2021-12-16 19:09:38,706 - models.pytorch_cvae - INFO - statistics sampling rate:0.07
2021-12-16 19:09:38,706 - __main__ - INFO - multi_sampling No.2 epoch
2021-12-16 19:09:38,707 - models.pytorch_cvae - INFO - statistics sampling rate:0.07
2021-12-16 19:09:40,009 - models.pytorch_cvae - INFO - sampling time:1.3024311270564795
2021-12-16 19:09:40,015 - models.pytorch_cvae - INFO - sampling time:1.3150106240063906
2021-12-16 19:09:41,014 - models.pytorch_cvae - INFO - sampling time:2.3070186600089073
2021-12-16 19:09:41,022 - models.pytorch_cvae - INFO - statistics sampling rate:0.1
2021-12-16 19:09:41,026 - models.pytorch_cvae - INFO - statistics sampling rate:0.1
2021-12-16 19:09:41,221 - models.pytorch_cvae - INFO - statistics sampling rate:0.1
2021-12-16 19:09:41,315 - models.pytorch_cvae - INFO - sampling time:0.09381365776062012
2021-12-16 19:09:41,499 - models.pytorch_cvae - INFO - sampling time:0.47302003391087055
2021-12-16 19:09:41,503 - models.pytorch_cvae - INFO - sampling time:0.4798318361863494
2021-12-16 19:09:41,605 - __main__ - INFO - sample and aggregation time elapsed:2.898163855075836
2021-12-16 19:09:41,840 - __main__ - INFO - sample and aggregation time elapsed:3.140200230292976
2021-12-16 19:09:41,849 - __main__ - INFO - sample and aggregation time elapsed:3.1436426658183336
2021-12-16 19:09:41,854 - __main__ - INFO - sample time:3.1542307110503316
2021-12-16 19:09:41,869 - __main__ - INFO - aqp result:
             avg(c_acctbal)  avg(s_acctbal)  sum(c_acctbal)  sum(s_acctbal)
c_nationkey                                                                
0           4467.70         5175.40         96741316585.01  112065614706.88
1           4518.48         5896.91         102426252786.81 133672881976.38
2           4494.95         5165.10         108583322415.12 124772084017.49
3           4492.79         4823.72         109631193839.81 117706348406.39
4           4529.07         4614.58         93186302789.80  94945702917.61 
5           4469.14         5253.57         89927976221.86  105712312810.46
6           4508.35         5363.82         102992227860.26 122535111590.65
7           4514.97         5192.05         101001046641.83 116147578064.80
8           4542.14         4940.70         103340644719.59 112408473020.68
9           4515.96         4866.07         102218995777.54 110143805511.91
10          4505.02         4465.69         106423169392.83 105493953549.20
11          4520.90         4825.09         106474794531.55 113638819058.79
12          4533.01         5332.16         101169760082.08 119005743561.88
13          4486.10         4802.11         95921164781.02  102678079368.05
14          4519.63         5216.08         106328661806.96 122713319716.35
15          4589.75         4480.89         97276831753.90  94969683912.38 
16          4527.09         4771.15         98478030884.96  103787249249.30
17          4501.70         5250.07         100331334604.13 117010535586.47
18          4529.62         5496.23         105485181115.76 127995555947.25
19          4480.19         5512.33         97843658818.23  120384573430.09
20          4503.96         5113.51         102317400731.86 116164625900.66
21          4508.93         4861.50         103360721945.19 111442938829.08
22          4465.37         4988.48         103598770756.17 115735083403.13
23          4564.20         4968.49         100956060867.60 109898742008.50
24          4527.59         5023.86         104850940079.96 116343895453.71
2021-12-16 19:09:41,872 - __main__ - INFO - ground truth:
             avg(c_acctbal)  avg(s_acctbal)  sum(c_acctbal)  sum(s_acctbal)
c_nationkey                                                                
0           4489.09         4750.47         97204429060.11  102864283639.34
1           4478.58         5156.38         101521631809.03 116886387814.97
2           4502.84         4926.83         108773860934.93 119016293073.25
3           4510.50         4976.52         110063319836.95 121434781349.97
4           4467.80         4955.13         91925727389.56  101952561544.09
5           4506.93         5017.03         90688332145.90  100952499397.81
6           4489.99         5263.09         102572805214.01 120234077220.52
7           4481.97         4725.51         100262969999.54 105711043954.64
8           4491.71         4898.26         102193355822.35 111442904344.11
9           4507.31         5056.46         102023357487.12 114453365970.99
10          4514.20         4934.04         106640129528.12 116557963141.05
11          4509.51         4846.61         106206568975.75 114145706219.45
12          4495.81         4905.97         100339620692.57 109493748108.56
13          4519.66         4967.01         96638723186.87  106203971323.94
14          4489.09         4748.57         105610059556.98 111714619054.55
15          4513.94         4993.59         95670237506.21  105836044024.01
16          4509.69         5125.84         98099691841.22  111502795597.57
17          4476.99         5194.81         99780562278.61  115778956973.10
18          4470.09         5153.13         104098927638.07 120005532950.10
19          4480.83         4865.91         97857583891.19  106267463992.76
20          4505.29         5210.90         102347462434.85 118377097752.18
21          4500.84         5087.25         103175299651.56 116617824864.37
22          4522.71         4945.33         104928946224.34 114733990724.54
23          4492.85         4974.00         99377984303.50  110020479238.93
24          4507.26         5065.90         104380144828.63 117317398620.77
2021-12-16 19:09:41,884 - __main__ - INFO - relative error:
             avg(c_acctbal)  avg(s_acctbal)  sum(c_acctbal)  sum(s_acctbal)
c_nationkey                                                                
0           0.00            0.09            0.00            0.09           
1           0.01            0.14            0.01            0.14           
2           0.00            0.05            0.00            0.05           
3           0.00            0.03            0.00            0.03           
4           0.01            0.07            0.01            0.07           
5           0.01            0.05            0.01            0.05           
6           0.00            0.02            0.00            0.02           
7           0.01            0.10            0.01            0.10           
8           0.01            0.01            0.01            0.01           
9           0.00            0.04            0.00            0.04           
10          0.00            0.09            0.00            0.09           
11          0.00            0.00            0.00            0.00           
12          0.01            0.09            0.01            0.09           
13          0.01            0.03            0.01            0.03           
14          0.01            0.10            0.01            0.10           
15          0.02            0.10            0.02            0.10           
16          0.00            0.07            0.00            0.07           
17          0.01            0.01            0.01            0.01           
18          0.01            0.07            0.01            0.07           
19          0.00            0.13            0.00            0.13           
20          0.00            0.02            0.00            0.02           
21          0.00            0.04            0.00            0.04           
22          0.01            0.01            0.01            0.01           
23          0.02            0.00            0.02            0.00           
24          0.00            0.01            0.00            0.01           
2021-12-16 19:09:41,884 - __main__ - INFO - relative error average :0.030821909668186227
2021-12-16 19:09:41,884 - __main__ - INFO - relative error normalized average :0.029665429307269307
2021-12-16 19:09:41,884 - __main__ - INFO - relative error var normalized average :0.006858839933461518
2021-12-16 19:09:41,887 - __main__ - INFO - total_time:5.925939750857651
