main.py:20: FutureWarning: Passing a negative integer is deprecated in version 1.0 and will not be supported in future version. Instead, use None to not limit the column width.
  pd.set_option('max_colwidth', -1)
2021-12-16 19:09:44,934 - __main__ - INFO - load query config config/query/customer_with_inc_join_supplier.json successfully
2021-12-16 19:09:44,934 - __main__ - INFO - load train config ./config/train/tpch_customer_with_inc_torch_cvae.json successfully
2021-12-16 19:09:44,935 - __main__ - INFO - load train config ./config/train/tpch_supplier_torch_cvae.json successfully
2021-12-16 19:09:44,935 - utils.dataset_utils - INFO - load existing dataset(light):tpch-1m-customer-with-inc_c_nationkey_c_acctbal_c_nationkey_binary_gaussian5_0old_train
2021-12-16 19:09:47,688 - utils.dataset_utils - INFO - load dataset(light) time elapsed:2.7531355265527964
2021-12-16 19:09:47,688 - models.pytorch_cvae - INFO - feature info:[('c_acctbal', 'numerical', 6), ('c_nationkey', 'categorical', 6)]
2021-12-16 19:09:47,689 - utils.model_utils - INFO - load model name:torch_cvae_tpch-1m-customer-with-inc_c_nationkey_ld50_id100_bs1024_ep100_0_binary_gaussian5old_train
2021-12-16 19:09:47,692 - utils.model_utils - INFO - load torch model time elapsed:0.002907857298851013
2021-12-16 19:09:47,692 - models.pytorch_cvae - INFO - load model time elapsed:2.757383550517261
2021-12-16 19:09:47,692 - utils.dataset_utils - INFO - load existing dataset(light):tpch-1m-supplier_s_nationkey#s_suppkey_s_acctbal_s_nationkey_binary_gaussian5_0
2021-12-16 19:09:47,695 - utils.dataset_utils - INFO - load dataset(light) time elapsed:0.0026193587109446526
2021-12-16 19:09:47,695 - models.pytorch_cvae - INFO - feature info:[('s_acctbal', 'numerical', 6), ('s_nationkey', 'categorical', 6), ('s_suppkey', 'categorical', 15)]
2021-12-16 19:09:47,695 - utils.model_utils - INFO - load model name:torch_cvae_tpch-1m-supplier_s_nationkey_ld50_id100_bs32_ep150_0_binary_gaussian5
2021-12-16 19:09:47,697 - utils.model_utils - INFO - load torch model time elapsed:0.0017756400629878044
2021-12-16 19:09:47,697 - models.pytorch_cvae - INFO - load model time elapsed:0.005048896186053753
2021-12-16 19:09:47,697 - __main__ - INFO - multi_sampling No.0 epoch
2021-12-16 19:09:47,698 - models.pytorch_cvae - INFO - statistics sampling rate:0.08
2021-12-16 19:09:47,698 - __main__ - INFO - multi_sampling No.1 epoch
2021-12-16 19:09:47,703 - models.pytorch_cvae - INFO - statistics sampling rate:0.08
2021-12-16 19:09:47,704 - __main__ - INFO - multi_sampling No.2 epoch
2021-12-16 19:09:47,705 - models.pytorch_cvae - INFO - statistics sampling rate:0.08
2021-12-16 19:09:49,190 - models.pytorch_cvae - INFO - sampling time:1.4924747673794627
2021-12-16 19:09:49,192 - models.pytorch_cvae - INFO - sampling time:1.4879459207877517
2021-12-16 19:09:49,727 - models.pytorch_cvae - INFO - sampling time:2.021488957107067
2021-12-16 19:09:50,263 - models.pytorch_cvae - INFO - statistics sampling rate:0.1
2021-12-16 19:09:50,361 - models.pytorch_cvae - INFO - statistics sampling rate:0.1
2021-12-16 19:09:50,422 - models.pytorch_cvae - INFO - statistics sampling rate:0.1
2021-12-16 19:09:50,514 - models.pytorch_cvae - INFO - sampling time:0.09181281365454197
2021-12-16 19:09:50,676 - models.pytorch_cvae - INFO - sampling time:0.31399344094097614
2021-12-16 19:09:50,719 - models.pytorch_cvae - INFO - sampling time:0.4544065063819289
2021-12-16 19:09:50,973 - __main__ - INFO - sample and aggregation time elapsed:3.267904022708535
2021-12-16 19:09:51,151 - __main__ - INFO - sample and aggregation time elapsed:3.4532379312440753
2021-12-16 19:09:51,201 - __main__ - INFO - sample and aggregation time elapsed:3.4976899875327945
2021-12-16 19:09:51,206 - __main__ - INFO - sample time:3.5084677869454026
2021-12-16 19:09:51,218 - __main__ - INFO - aqp result:
             avg(c_acctbal)  avg(s_acctbal)  sum(c_acctbal)  sum(s_acctbal)
c_nationkey                                                                
0           4513.00         5322.85         97722166873.02  115258247285.40
1           4522.79         4857.10         102523867621.20 110102216075.36
2           4486.64         4727.50         108382572682.50 114201001222.81
3           4523.33         4281.41         110376428059.22 104473025162.24
4           4548.77         4969.50         93591650149.69  102248199753.34
5           4475.84         4609.20         90062701115.18  92746167309.56 
6           4495.16         5154.34         102690989688.66 117749681123.61
7           4542.12         5030.61         101608543180.73 112536092385.12
8           4526.91         5007.86         102994225813.37 113936562386.14
9           4588.58         4807.55         103862861408.52 108819365997.68
10          4572.45         5215.42         108015953936.20 123205150770.49
11          4517.84         4908.39         106402582143.81 115600755075.77
12          4485.15         4985.32         100101711170.10 111264739749.69
13          4576.94         4771.39         97863566107.03  102021301460.48
14          4508.55         4374.68         106067978690.12 102918522315.18
15          4512.02         4801.11         95629553153.14  101756570041.35
16          4503.14         5194.87         97957211230.43  113004285757.77
17          4502.24         5341.29         100343158940.27 119043600952.38
18          4506.90         5299.87         104956199227.24 123422833759.94
19          4486.51         4469.21         97981558844.74  97603801790.47 
20          4501.97         4839.18         102272071140.42 109932643417.99
21          4476.00         5530.51         102605963392.01 126778867929.78
22          4532.41         4919.16         105154064129.76 114126794153.37
23          4451.44         5021.23         98461894129.90  111065330128.86
24          4524.00         4880.84         104767867965.49 113031653884.84
2021-12-16 19:09:51,221 - __main__ - INFO - ground truth:
             avg(c_acctbal)  avg(s_acctbal)  sum(c_acctbal)  sum(s_acctbal)
c_nationkey                                                                
0           4489.09         4750.47         97204429060.11  102864283639.34
1           4478.58         5156.38         101521631809.03 116886387814.97
2           4502.84         4926.83         108773860934.93 119016293073.25
3           4510.50         4976.52         110063319836.95 121434781349.97
4           4467.80         4955.13         91925727389.56  101952561544.09
5           4506.93         5017.03         90688332145.90  100952499397.81
6           4489.99         5263.09         102572805214.01 120234077220.52
7           4481.97         4725.51         100262969999.54 105711043954.64
8           4491.71         4898.26         102193355822.35 111442904344.11
9           4507.31         5056.46         102023357487.12 114453365970.99
10          4514.20         4934.04         106640129528.12 116557963141.05
11          4509.51         4846.61         106206568975.75 114145706219.45
12          4495.81         4905.97         100339620692.57 109493748108.56
13          4519.66         4967.01         96638723186.87  106203971323.94
14          4489.09         4748.57         105610059556.98 111714619054.55
15          4513.94         4993.59         95670237506.21  105836044024.01
16          4509.69         5125.84         98099691841.22  111502795597.57
17          4476.99         5194.81         99780562278.61  115778956973.10
18          4470.09         5153.13         104098927638.07 120005532950.10
19          4480.83         4865.91         97857583891.19  106267463992.76
20          4505.29         5210.90         102347462434.85 118377097752.18
21          4500.84         5087.25         103175299651.56 116617824864.37
22          4522.71         4945.33         104928946224.34 114733990724.54
23          4492.85         4974.00         99377984303.50  110020479238.93
24          4507.26         5065.90         104380144828.63 117317398620.77
2021-12-16 19:09:51,232 - __main__ - INFO - relative error:
             avg(c_acctbal)  avg(s_acctbal)  sum(c_acctbal)  sum(s_acctbal)
c_nationkey                                                                
0           0.01            0.12            0.01            0.12           
1           0.01            0.06            0.01            0.06           
2           0.00            0.04            0.00            0.04           
3           0.00            0.14            0.00            0.14           
4           0.02            0.00            0.02            0.00           
5           0.01            0.08            0.01            0.08           
6           0.00            0.02            0.00            0.02           
7           0.01            0.06            0.01            0.06           
8           0.01            0.02            0.01            0.02           
9           0.02            0.05            0.02            0.05           
10          0.01            0.06            0.01            0.06           
11          0.00            0.01            0.00            0.01           
12          0.00            0.02            0.00            0.02           
13          0.01            0.04            0.01            0.04           
14          0.00            0.08            0.00            0.08           
15          0.00            0.04            0.00            0.04           
16          0.00            0.01            0.00            0.01           
17          0.01            0.03            0.01            0.03           
18          0.01            0.03            0.01            0.03           
19          0.00            0.08            0.00            0.08           
20          0.00            0.07            0.00            0.07           
21          0.01            0.09            0.01            0.09           
22          0.00            0.01            0.00            0.01           
23          0.01            0.01            0.01            0.01           
24          0.00            0.04            0.00            0.04           
2021-12-16 19:09:51,233 - __main__ - INFO - relative error average :0.02726666061998768
2021-12-16 19:09:51,233 - __main__ - INFO - relative error normalized average :0.026389861398916716
2021-12-16 19:09:51,233 - __main__ - INFO - relative error var normalized average :0.005214832353037547
2021-12-16 19:09:51,235 - __main__ - INFO - total_time:6.300739350728691
