main.py:20: FutureWarning: Passing a negative integer is deprecated in version 1.0 and will not be supported in future version. Instead, use None to not limit the column width.
  pd.set_option('max_colwidth', -1)
2021-12-16 19:08:03,114 - __main__ - INFO - load query config config/query/customer_with_inc_join_supplier.json successfully
2021-12-16 19:08:03,115 - __main__ - INFO - load train config ./config/train/tpch_customer_with_inc_torch_cvae.json successfully
2021-12-16 19:08:03,115 - __main__ - INFO - load train config ./config/train/tpch_supplier_torch_cvae.json successfully
2021-12-16 19:08:03,115 - utils.dataset_utils - INFO - load existing dataset(light):tpch-1m-customer-with-inc_c_nationkey_c_acctbal_c_nationkey_binary_gaussian5_0old_train
2021-12-16 19:08:05,853 - utils.dataset_utils - INFO - load dataset(light) time elapsed:2.7382141184061766
2021-12-16 19:08:05,853 - models.pytorch_cvae - INFO - feature info:[('c_acctbal', 'numerical', 6), ('c_nationkey', 'categorical', 6)]
2021-12-16 19:08:05,854 - utils.model_utils - INFO - load model name:torch_cvae_tpch-1m-customer-with-inc_c_nationkey_ld50_id100_bs1024_ep100_0_binary_gaussian5old_train
2021-12-16 19:08:05,857 - utils.model_utils - INFO - load torch model time elapsed:0.002412863075733185
2021-12-16 19:08:05,857 - models.pytorch_cvae - INFO - load model time elapsed:2.741970648057759
2021-12-16 19:08:05,857 - utils.dataset_utils - INFO - load existing dataset(light):tpch-1m-supplier_s_nationkey#s_suppkey_s_acctbal_s_nationkey_binary_gaussian5_0
2021-12-16 19:08:05,859 - utils.dataset_utils - INFO - load dataset(light) time elapsed:0.002613934688270092
2021-12-16 19:08:05,859 - models.pytorch_cvae - INFO - feature info:[('s_acctbal', 'numerical', 6), ('s_nationkey', 'categorical', 6), ('s_suppkey', 'categorical', 15)]
2021-12-16 19:08:05,860 - utils.model_utils - INFO - load model name:torch_cvae_tpch-1m-supplier_s_nationkey_ld50_id100_bs32_ep150_0_binary_gaussian5
2021-12-16 19:08:05,862 - utils.model_utils - INFO - load torch model time elapsed:0.0020671412348747253
2021-12-16 19:08:05,862 - models.pytorch_cvae - INFO - load model time elapsed:0.005357973277568817
2021-12-16 19:08:05,862 - __main__ - INFO - multi_sampling No.0 epoch
2021-12-16 19:08:05,862 - models.pytorch_cvae - INFO - statistics sampling rate:0.04
2021-12-16 19:08:05,863 - __main__ - INFO - multi_sampling No.1 epoch
2021-12-16 19:08:05,868 - models.pytorch_cvae - INFO - statistics sampling rate:0.04
2021-12-16 19:08:05,868 - __main__ - INFO - multi_sampling No.2 epoch
2021-12-16 19:08:05,869 - models.pytorch_cvae - INFO - statistics sampling rate:0.04
2021-12-16 19:08:06,868 - models.pytorch_cvae - INFO - sampling time:1.0051136501133442
2021-12-16 19:08:06,933 - models.pytorch_cvae - INFO - sampling time:1.0641509341076016
2021-12-16 19:08:07,481 - models.pytorch_cvae - INFO - statistics sampling rate:0.1
2021-12-16 19:08:07,484 - models.pytorch_cvae - INFO - statistics sampling rate:0.1
2021-12-16 19:08:07,506 - models.pytorch_cvae - INFO - sampling time:1.636129661463201
2021-12-16 19:08:07,613 - models.pytorch_cvae - INFO - statistics sampling rate:0.1
2021-12-16 19:08:07,709 - models.pytorch_cvae - INFO - sampling time:0.09606428071856499
2021-12-16 19:08:07,822 - models.pytorch_cvae - INFO - sampling time:0.33984412904828787
2021-12-16 19:08:07,877 - models.pytorch_cvae - INFO - sampling time:0.3932135049253702
2021-12-16 19:08:07,931 - __main__ - INFO - sample and aggregation time elapsed:2.0625547925010324
2021-12-16 19:08:08,068 - __main__ - INFO - sample and aggregation time elapsed:2.1999864848330617
2021-12-16 19:08:08,073 - __main__ - INFO - sample and aggregation time elapsed:2.2110802829265594
2021-12-16 19:08:08,078 - __main__ - INFO - sample time:2.2159877279773355
2021-12-16 19:08:08,091 - __main__ - INFO - aqp result:
             avg(c_acctbal)  avg(s_acctbal)  sum(c_acctbal)  sum(s_acctbal)
c_nationkey                                                                
0           4471.01         4872.74         96813026794.15  105511942096.94
1           4384.41         4836.37         99387115561.28  109632261971.82
2           4613.33         5021.71         111443114164.31 121308197221.18
3           4515.69         5066.19         110189852869.74 123623013414.31
4           4539.10         4550.16         93392766501.45  93620157327.10 
5           4475.60         4487.13         90057933103.36  90289952003.59 
6           4446.63         4751.62         101582261640.68 108549651896.08
7           4525.12         5071.48         101228074890.28 113450452819.44
8           4553.16         4974.45         103591345730.40 113176368591.16
9           4529.94         4953.85         102535502340.22 112130794902.85
10          4466.47         4650.57         105512409779.18 109861526672.22
11          4487.38         5385.47         105685204370.12 126836857458.66
12          4504.37         5712.79         100530574083.76 127500652399.23
13          4560.96         5407.92         97521871204.74  115631418587.78
14          4491.91         5148.97         105676442946.22 121134318856.44
15          4512.72         4564.46         95644208830.37  96740921216.45 
16          4480.13         5095.47         97456650813.08  110842061479.93
17          4496.47         5376.15         100214620771.16 119820487713.49
18          4553.10         5151.48         106032026043.45 119967191216.39
19          4455.77         4804.85         97310256342.97  104933794617.81
20          4489.39         4681.15         101986396131.82 106342728086.83
21          4471.13         5408.99         102494310817.41 123993394760.64
22          4468.98         4961.36         103682448012.36 115105955673.74
23          4516.56         4642.78         99902294074.15  102694203531.70
24          4530.24         4924.25         104912396736.63 114037031340.97
2021-12-16 19:08:08,094 - __main__ - INFO - ground truth:
             avg(c_acctbal)  avg(s_acctbal)  sum(c_acctbal)  sum(s_acctbal)
c_nationkey                                                                
0           4489.09         4750.47         97204429060.11  102864283639.34
1           4478.58         5156.38         101521631809.03 116886387814.97
2           4502.84         4926.83         108773860934.93 119016293073.25
3           4510.50         4976.52         110063319836.95 121434781349.97
4           4467.80         4955.13         91925727389.56  101952561544.09
5           4506.93         5017.03         90688332145.90  100952499397.81
6           4489.99         5263.09         102572805214.01 120234077220.52
7           4481.97         4725.51         100262969999.54 105711043954.64
8           4491.71         4898.26         102193355822.35 111442904344.11
9           4507.31         5056.46         102023357487.12 114453365970.99
10          4514.20         4934.04         106640129528.12 116557963141.05
11          4509.51         4846.61         106206568975.75 114145706219.45
12          4495.81         4905.97         100339620692.57 109493748108.56
13          4519.66         4967.01         96638723186.87  106203971323.94
14          4489.09         4748.57         105610059556.98 111714619054.55
15          4513.94         4993.59         95670237506.21  105836044024.01
16          4509.69         5125.84         98099691841.22  111502795597.57
17          4476.99         5194.81         99780562278.61  115778956973.10
18          4470.09         5153.13         104098927638.07 120005532950.10
19          4480.83         4865.91         97857583891.19  106267463992.76
20          4505.29         5210.90         102347462434.85 118377097752.18
21          4500.84         5087.25         103175299651.56 116617824864.37
22          4522.71         4945.33         104928946224.34 114733990724.54
23          4492.85         4974.00         99377984303.50  110020479238.93
24          4507.26         5065.90         104380144828.63 117317398620.77
2021-12-16 19:08:08,105 - __main__ - INFO - relative error:
             avg(c_acctbal)  avg(s_acctbal)  sum(c_acctbal)  sum(s_acctbal)
c_nationkey                                                                
0           0.00            0.03            0.00            0.03           
1           0.02            0.06            0.02            0.06           
2           0.02            0.02            0.02            0.02           
3           0.00            0.02            0.00            0.02           
4           0.02            0.08            0.02            0.08           
5           0.01            0.11            0.01            0.11           
6           0.01            0.10            0.01            0.10           
7           0.01            0.07            0.01            0.07           
8           0.01            0.02            0.01            0.02           
9           0.01            0.02            0.01            0.02           
10          0.01            0.06            0.01            0.06           
11          0.00            0.11            0.00            0.11           
12          0.00            0.16            0.00            0.16           
13          0.01            0.09            0.01            0.09           
14          0.00            0.08            0.00            0.08           
15          0.00            0.09            0.00            0.09           
16          0.01            0.01            0.01            0.01           
17          0.00            0.03            0.00            0.03           
18          0.02            0.00            0.02            0.00           
19          0.01            0.01            0.01            0.01           
20          0.00            0.10            0.00            0.10           
21          0.01            0.06            0.01            0.06           
22          0.01            0.00            0.01            0.00           
23          0.01            0.07            0.01            0.07           
24          0.01            0.03            0.01            0.03           
2021-12-16 19:08:08,105 - __main__ - INFO - relative error average :0.03267388052575806
2021-12-16 19:08:08,105 - __main__ - INFO - relative error normalized average :0.03144355280139387
2021-12-16 19:08:08,105 - __main__ - INFO - relative error var normalized average :0.0073614641070928145
2021-12-16 19:08:08,108 - __main__ - INFO - total_time:4.9934404119849205
