main.py:20: FutureWarning: Passing a negative integer is deprecated in version 1.0 and will not be supported in future version. Instead, use None to not limit the column width.
  pd.set_option('max_colwidth', -1)
2021-12-16 19:07:55,168 - __main__ - INFO - load query config config/query/customer_with_inc_join_supplier.json successfully
2021-12-16 19:07:55,169 - __main__ - INFO - load train config ./config/train/tpch_customer_with_inc_torch_cvae.json successfully
2021-12-16 19:07:55,169 - __main__ - INFO - load train config ./config/train/tpch_supplier_torch_cvae.json successfully
2021-12-16 19:07:55,169 - utils.dataset_utils - INFO - load existing dataset(light):tpch-1m-customer-with-inc_c_nationkey_c_acctbal_c_nationkey_binary_gaussian5_0old_train
2021-12-16 19:07:57,918 - utils.dataset_utils - INFO - load dataset(light) time elapsed:2.749363012611866
2021-12-16 19:07:57,918 - models.pytorch_cvae - INFO - feature info:[('c_acctbal', 'numerical', 6), ('c_nationkey', 'categorical', 6)]
2021-12-16 19:07:57,919 - utils.model_utils - INFO - load model name:torch_cvae_tpch-1m-customer-with-inc_c_nationkey_ld50_id100_bs1024_ep100_0_binary_gaussian5old_train
2021-12-16 19:07:57,921 - utils.model_utils - INFO - load torch model time elapsed:0.00201228354126215
2021-12-16 19:07:57,921 - models.pytorch_cvae - INFO - load model time elapsed:2.7527479818090796
2021-12-16 19:07:57,922 - utils.dataset_utils - INFO - load existing dataset(light):tpch-1m-supplier_s_nationkey#s_suppkey_s_acctbal_s_nationkey_binary_gaussian5_0
2021-12-16 19:07:57,924 - utils.dataset_utils - INFO - load dataset(light) time elapsed:0.002773263491690159
2021-12-16 19:07:57,924 - models.pytorch_cvae - INFO - feature info:[('s_acctbal', 'numerical', 6), ('s_nationkey', 'categorical', 6), ('s_suppkey', 'categorical', 15)]
2021-12-16 19:07:57,925 - utils.model_utils - INFO - load model name:torch_cvae_tpch-1m-supplier_s_nationkey_ld50_id100_bs32_ep150_0_binary_gaussian5
2021-12-16 19:07:57,926 - utils.model_utils - INFO - load torch model time elapsed:0.0014095185324549675
2021-12-16 19:07:57,926 - models.pytorch_cvae - INFO - load model time elapsed:0.004855805076658726
2021-12-16 19:07:57,926 - __main__ - INFO - multi_sampling No.0 epoch
2021-12-16 19:07:57,927 - models.pytorch_cvae - INFO - statistics sampling rate:0.03
2021-12-16 19:07:57,927 - __main__ - INFO - multi_sampling No.1 epoch
2021-12-16 19:07:57,932 - models.pytorch_cvae - INFO - statistics sampling rate:0.03
2021-12-16 19:07:57,933 - __main__ - INFO - multi_sampling No.2 epoch
2021-12-16 19:07:57,934 - models.pytorch_cvae - INFO - statistics sampling rate:0.03
2021-12-16 19:07:59,084 - models.pytorch_cvae - INFO - sampling time:1.1514270948246121
2021-12-16 19:07:59,090 - models.pytorch_cvae - INFO - sampling time:1.1625776533037424
2021-12-16 19:07:59,167 - models.pytorch_cvae - INFO - sampling time:1.2317568631842732
2021-12-16 19:07:59,531 - models.pytorch_cvae - INFO - statistics sampling rate:0.1
2021-12-16 19:07:59,564 - models.pytorch_cvae - INFO - statistics sampling rate:0.1
2021-12-16 19:07:59,580 - models.pytorch_cvae - INFO - statistics sampling rate:0.1
2021-12-16 19:07:59,695 - models.pytorch_cvae - INFO - sampling time:0.11484097130596638
2021-12-16 19:07:59,863 - models.pytorch_cvae - INFO - sampling time:0.2976168394088745
2021-12-16 19:07:59,868 - models.pytorch_cvae - INFO - sampling time:0.33491138461977243
2021-12-16 19:07:59,903 - __main__ - INFO - sample and aggregation time elapsed:1.9759564166888595
2021-12-16 19:08:00,027 - __main__ - INFO - sample and aggregation time elapsed:2.0926792668178678
2021-12-16 19:08:00,028 - __main__ - INFO - sample and aggregation time elapsed:2.095763803459704
2021-12-16 19:08:00,034 - __main__ - INFO - sample time:2.1076825242489576
2021-12-16 19:08:00,047 - __main__ - INFO - aqp result:
             avg(c_acctbal)  avg(s_acctbal)  sum(c_acctbal)  sum(s_acctbal)
c_nationkey                                                                
0           4571.59         5051.45         98990979717.32  109381511801.85
1           4513.31         4861.92         102309091393.26 110211313625.07
2           4448.82         5154.62         107469072285.59 124518952680.10
3           4466.64         4990.27         108993058700.29 121770460634.89
4           4553.16         4542.65         93681912339.63  93465769121.49 
5           4475.86         5197.29         90063232615.70  104579693187.38
6           4559.71         5504.92         104165616156.78 125758522341.15
7           4429.42         5073.87         99087257129.45  113503762103.14
8           4567.94         5092.75         103927516028.88 115867880133.90
9           4542.81         4991.01         102826786940.61 112971907949.97
10          4565.84         4373.96         107859974669.65 103327006529.96
11          4492.15         4437.08         105797624464.80 104500730074.04
12          4541.56         4557.86         101360646144.91 101724417748.22
13          4539.70         5339.90         97067160805.10  114177078402.17
14          4483.47         5153.09         105477854344.82 121231340945.57
15          4531.82         4250.92         96049079210.73  90095706923.38 
16          4469.51         5204.68         97225601899.07  113217753736.88
17          4566.75         4847.24         101780991544.12 108032474111.21
18          4474.17         4781.03         104194057062.28 111340150831.54
19          4454.26         4699.68         97277335206.30  102637053409.32
20          4425.08         4853.71         100525523777.21 110262753290.27
21          4538.17         4820.78         104030914758.01 110509466203.70
22          4478.93         4648.60         103913332554.46 107849709183.49
23          4456.05         4741.66         98563849591.78  104881295664.92
24          4594.09         4892.19         106391085965.06 113294508673.58
2021-12-16 19:08:00,050 - __main__ - INFO - ground truth:
             avg(c_acctbal)  avg(s_acctbal)  sum(c_acctbal)  sum(s_acctbal)
c_nationkey                                                                
0           4489.09         4750.47         97204429060.11  102864283639.34
1           4478.58         5156.38         101521631809.03 116886387814.97
2           4502.84         4926.83         108773860934.93 119016293073.25
3           4510.50         4976.52         110063319836.95 121434781349.97
4           4467.80         4955.13         91925727389.56  101952561544.09
5           4506.93         5017.03         90688332145.90  100952499397.81
6           4489.99         5263.09         102572805214.01 120234077220.52
7           4481.97         4725.51         100262969999.54 105711043954.64
8           4491.71         4898.26         102193355822.35 111442904344.11
9           4507.31         5056.46         102023357487.12 114453365970.99
10          4514.20         4934.04         106640129528.12 116557963141.05
11          4509.51         4846.61         106206568975.75 114145706219.45
12          4495.81         4905.97         100339620692.57 109493748108.56
13          4519.66         4967.01         96638723186.87  106203971323.94
14          4489.09         4748.57         105610059556.98 111714619054.55
15          4513.94         4993.59         95670237506.21  105836044024.01
16          4509.69         5125.84         98099691841.22  111502795597.57
17          4476.99         5194.81         99780562278.61  115778956973.10
18          4470.09         5153.13         104098927638.07 120005532950.10
19          4480.83         4865.91         97857583891.19  106267463992.76
20          4505.29         5210.90         102347462434.85 118377097752.18
21          4500.84         5087.25         103175299651.56 116617824864.37
22          4522.71         4945.33         104928946224.34 114733990724.54
23          4492.85         4974.00         99377984303.50  110020479238.93
24          4507.26         5065.90         104380144828.63 117317398620.77
2021-12-16 19:08:00,060 - __main__ - INFO - relative error:
             avg(c_acctbal)  avg(s_acctbal)  sum(c_acctbal)  sum(s_acctbal)
c_nationkey                                                                
0           0.02            0.06            0.02            0.06           
1           0.01            0.06            0.01            0.06           
2           0.01            0.05            0.01            0.05           
3           0.01            0.00            0.01            0.00           
4           0.02            0.08            0.02            0.08           
5           0.01            0.04            0.01            0.04           
6           0.02            0.05            0.02            0.05           
7           0.01            0.07            0.01            0.07           
8           0.02            0.04            0.02            0.04           
9           0.01            0.01            0.01            0.01           
10          0.01            0.11            0.01            0.11           
11          0.00            0.08            0.00            0.08           
12          0.01            0.07            0.01            0.07           
13          0.00            0.08            0.00            0.08           
14          0.00            0.09            0.00            0.09           
15          0.00            0.15            0.00            0.15           
16          0.01            0.02            0.01            0.02           
17          0.02            0.07            0.02            0.07           
18          0.00            0.07            0.00            0.07           
19          0.01            0.03            0.01            0.03           
20          0.02            0.07            0.02            0.07           
21          0.01            0.05            0.01            0.05           
22          0.01            0.06            0.01            0.06           
23          0.01            0.05            0.01            0.05           
24          0.02            0.03            0.02            0.03           
2021-12-16 19:08:00,060 - __main__ - INFO - relative error average :0.03499174837618562
2021-12-16 19:08:00,060 - __main__ - INFO - relative error normalized average :0.03386454239547256
2021-12-16 19:08:00,060 - __main__ - INFO - relative error var normalized average :0.0066819684822743705
2021-12-16 19:08:00,061 - __main__ - INFO - total_time:4.893026538193226
