main.py:20: FutureWarning: Passing a negative integer is deprecated in version 1.0 and will not be supported in future version. Instead, use None to not limit the column width.
  pd.set_option('max_colwidth', -1)
2021-12-16 19:08:36,393 - __main__ - INFO - load query config config/query/customer_with_inc_join_supplier.json successfully
2021-12-16 19:08:36,394 - __main__ - INFO - load train config ./config/train/tpch_customer_with_inc_torch_cvae.json successfully
2021-12-16 19:08:36,394 - __main__ - INFO - load train config ./config/train/tpch_supplier_torch_cvae.json successfully
2021-12-16 19:08:36,394 - utils.dataset_utils - INFO - load existing dataset(light):tpch-1m-customer-with-inc_c_nationkey_c_acctbal_c_nationkey_binary_gaussian5_0old_train
2021-12-16 19:08:39,192 - utils.dataset_utils - INFO - load dataset(light) time elapsed:2.7983177648857236
2021-12-16 19:08:39,192 - models.pytorch_cvae - INFO - feature info:[('c_acctbal', 'numerical', 6), ('c_nationkey', 'categorical', 6)]
2021-12-16 19:08:39,193 - utils.model_utils - INFO - load model name:torch_cvae_tpch-1m-customer-with-inc_c_nationkey_ld50_id100_bs1024_ep100_0_binary_gaussian5old_train
2021-12-16 19:08:39,195 - utils.model_utils - INFO - load torch model time elapsed:0.0019532814621925354
2021-12-16 19:08:39,195 - models.pytorch_cvae - INFO - load model time elapsed:2.801618686877191
2021-12-16 19:08:39,195 - utils.dataset_utils - INFO - load existing dataset(light):tpch-1m-supplier_s_nationkey#s_suppkey_s_acctbal_s_nationkey_binary_gaussian5_0
2021-12-16 19:08:39,198 - utils.dataset_utils - INFO - load dataset(light) time elapsed:0.002626192755997181
2021-12-16 19:08:39,198 - models.pytorch_cvae - INFO - feature info:[('s_acctbal', 'numerical', 6), ('s_nationkey', 'categorical', 6), ('s_suppkey', 'categorical', 15)]
2021-12-16 19:08:39,199 - utils.model_utils - INFO - load model name:torch_cvae_tpch-1m-supplier_s_nationkey_ld50_id100_bs32_ep150_0_binary_gaussian5
2021-12-16 19:08:39,203 - utils.model_utils - INFO - load torch model time elapsed:0.004018982872366905
2021-12-16 19:08:39,203 - models.pytorch_cvae - INFO - load model time elapsed:0.007309602573513985
2021-12-16 19:08:39,203 - __main__ - INFO - multi_sampling No.0 epoch
2021-12-16 19:08:39,203 - models.pytorch_cvae - INFO - statistics sampling rate:0.05
2021-12-16 19:08:39,203 - __main__ - INFO - multi_sampling No.1 epoch
2021-12-16 19:08:39,209 - models.pytorch_cvae - INFO - statistics sampling rate:0.05
2021-12-16 19:08:39,209 - __main__ - INFO - multi_sampling No.2 epoch
2021-12-16 19:08:39,210 - models.pytorch_cvae - INFO - statistics sampling rate:0.05
2021-12-16 19:08:40,307 - models.pytorch_cvae - INFO - sampling time:1.1035938011482358
2021-12-16 19:08:40,360 - models.pytorch_cvae - INFO - sampling time:1.1489977091550827
2021-12-16 19:08:40,565 - models.pytorch_cvae - INFO - statistics sampling rate:0.1
2021-12-16 19:08:40,567 - models.pytorch_cvae - INFO - statistics sampling rate:0.1
2021-12-16 19:08:40,681 - models.pytorch_cvae - INFO - sampling time:1.4714342234656215
2021-12-16 19:08:40,808 - models.pytorch_cvae - INFO - statistics sampling rate:0.1
2021-12-16 19:08:40,882 - models.pytorch_cvae - INFO - sampling time:0.3169527929276228
2021-12-16 19:08:41,027 - models.pytorch_cvae - INFO - sampling time:0.4593124585226178
2021-12-16 19:08:41,068 - models.pytorch_cvae - INFO - sampling time:0.25895494502037764
2021-12-16 19:08:41,107 - __main__ - INFO - sample and aggregation time elapsed:1.9040479818359017
2021-12-16 19:08:41,279 - __main__ - INFO - sample and aggregation time elapsed:2.069767503067851
2021-12-16 19:08:41,303 - __main__ - INFO - sample and aggregation time elapsed:2.094188201241195
2021-12-16 19:08:41,307 - __main__ - INFO - sample time:2.1045582136139274
2021-12-16 19:08:41,321 - __main__ - INFO - aqp result:
             avg(c_acctbal)  avg(s_acctbal)  sum(c_acctbal)  sum(s_acctbal)
c_nationkey                                                                
0           4439.03         4512.60         96120643741.89  97713628777.86 
1           4495.33         5193.83         101901408934.16 117735247912.71
2           4520.79         4886.96         109207516115.80 118052972317.97
3           4572.08         5015.00         111565897135.35 122373956176.06
4           4489.10         5005.59         92363970933.83  102990705983.88
5           4526.98         5240.73         91091862691.82  105453955253.06
6           4413.08         5323.25         100815808475.91 121608331843.62
7           4522.98         4853.15         101180419482.68 108566381761.52
8           4526.07         4625.89         102974911401.73 105246002870.40
9           4555.76         4968.51         103120018329.02 112462623567.79
10          4521.28         4521.64         106807232511.30 106815713031.20
11          4578.76         4773.94         107837427384.02 112434273764.01
12          4493.63         4584.09         100291000108.02 102309789885.57
13          4545.98         4402.76         97201494883.31  94139222736.37 
14          4519.96         4541.31         106336299191.83 106838555607.98
15          4474.59         5269.57         94836209169.34  111685290679.34
16          4524.00         4906.17         98410933188.07  106724156544.65
17          4528.30         5443.43         100923991293.02 121320032393.39
18          4506.95         4749.22         104957408644.88 110599286532.25
19          4460.26         4873.45         97408287037.23  106432108379.94
20          4504.44         5090.73         102328179778.21 115647230552.56
21          4494.87         5035.18         103038376652.29 115424184090.56
22          4505.93         5373.42         104539674833.35 124665936943.88
23          4433.93         5031.07         98074721868.03  111283000429.02
24          4573.28         5139.34         105909142091.36 119018147008.12
2021-12-16 19:08:41,324 - __main__ - INFO - ground truth:
             avg(c_acctbal)  avg(s_acctbal)  sum(c_acctbal)  sum(s_acctbal)
c_nationkey                                                                
0           4489.09         4750.47         97204429060.11  102864283639.34
1           4478.58         5156.38         101521631809.03 116886387814.97
2           4502.84         4926.83         108773860934.93 119016293073.25
3           4510.50         4976.52         110063319836.95 121434781349.97
4           4467.80         4955.13         91925727389.56  101952561544.09
5           4506.93         5017.03         90688332145.90  100952499397.81
6           4489.99         5263.09         102572805214.01 120234077220.52
7           4481.97         4725.51         100262969999.54 105711043954.64
8           4491.71         4898.26         102193355822.35 111442904344.11
9           4507.31         5056.46         102023357487.12 114453365970.99
10          4514.20         4934.04         106640129528.12 116557963141.05
11          4509.51         4846.61         106206568975.75 114145706219.45
12          4495.81         4905.97         100339620692.57 109493748108.56
13          4519.66         4967.01         96638723186.87  106203971323.94
14          4489.09         4748.57         105610059556.98 111714619054.55
15          4513.94         4993.59         95670237506.21  105836044024.01
16          4509.69         5125.84         98099691841.22  111502795597.57
17          4476.99         5194.81         99780562278.61  115778956973.10
18          4470.09         5153.13         104098927638.07 120005532950.10
19          4480.83         4865.91         97857583891.19  106267463992.76
20          4505.29         5210.90         102347462434.85 118377097752.18
21          4500.84         5087.25         103175299651.56 116617824864.37
22          4522.71         4945.33         104928946224.34 114733990724.54
23          4492.85         4974.00         99377984303.50  110020479238.93
24          4507.26         5065.90         104380144828.63 117317398620.77
2021-12-16 19:08:41,335 - __main__ - INFO - relative error:
             avg(c_acctbal)  avg(s_acctbal)  sum(c_acctbal)  sum(s_acctbal)
c_nationkey                                                                
0           0.01            0.05            0.01            0.05           
1           0.00            0.01            0.00            0.01           
2           0.00            0.01            0.00            0.01           
3           0.01            0.01            0.01            0.01           
4           0.00            0.01            0.00            0.01           
5           0.00            0.04            0.00            0.04           
6           0.02            0.01            0.02            0.01           
7           0.01            0.03            0.01            0.03           
8           0.01            0.06            0.01            0.06           
9           0.01            0.02            0.01            0.02           
10          0.00            0.08            0.00            0.08           
11          0.02            0.01            0.02            0.01           
12          0.00            0.07            0.00            0.07           
13          0.01            0.11            0.01            0.11           
14          0.01            0.04            0.01            0.04           
15          0.01            0.06            0.01            0.06           
16          0.00            0.04            0.00            0.04           
17          0.01            0.05            0.01            0.05           
18          0.01            0.08            0.01            0.08           
19          0.00            0.00            0.00            0.00           
20          0.00            0.02            0.00            0.02           
21          0.00            0.01            0.00            0.01           
22          0.00            0.09            0.00            0.09           
23          0.01            0.01            0.01            0.01           
24          0.01            0.01            0.01            0.01           
2021-12-16 19:08:41,335 - __main__ - INFO - relative error average :0.022365254457933487
2021-12-16 19:08:41,335 - __main__ - INFO - relative error normalized average :0.021788296718339196
2021-12-16 19:08:41,335 - __main__ - INFO - relative error var normalized average :0.003431624883325728
2021-12-16 19:08:41,339 - __main__ - INFO - total_time:4.94584752805531
