main.py:20: FutureWarning: Passing a negative integer is deprecated in version 1.0 and will not be supported in future version. Instead, use None to not limit the column width.
  pd.set_option('max_colwidth', -1)
2021-12-16 19:07:03,216 - __main__ - INFO - load query config config/query/customer_with_inc_join_supplier.json successfully
2021-12-16 19:07:03,216 - __main__ - INFO - load train config ./config/train/tpch_customer_with_inc_torch_cvae.json successfully
2021-12-16 19:07:03,216 - __main__ - INFO - load train config ./config/train/tpch_supplier_torch_cvae.json successfully
2021-12-16 19:07:03,216 - utils.dataset_utils - INFO - load existing dataset(light):tpch-1m-customer-with-inc_c_nationkey_c_acctbal_c_nationkey_binary_gaussian5_0old_train
2021-12-16 19:07:05,950 - utils.dataset_utils - INFO - load dataset(light) time elapsed:2.733941849321127
2021-12-16 19:07:05,950 - models.pytorch_cvae - INFO - feature info:[('c_acctbal', 'numerical', 6), ('c_nationkey', 'categorical', 6)]
2021-12-16 19:07:05,952 - utils.model_utils - INFO - load model name:torch_cvae_tpch-1m-customer-with-inc_c_nationkey_ld50_id100_bs1024_ep100_0_binary_gaussian5old_train
2021-12-16 19:07:05,954 - utils.model_utils - INFO - load torch model time elapsed:0.002108274959027767
2021-12-16 19:07:05,954 - models.pytorch_cvae - INFO - load model time elapsed:2.7374092089012265
2021-12-16 19:07:05,954 - utils.dataset_utils - INFO - load existing dataset(light):tpch-1m-supplier_s_nationkey#s_suppkey_s_acctbal_s_nationkey_binary_gaussian5_0
2021-12-16 19:07:05,956 - utils.dataset_utils - INFO - load dataset(light) time elapsed:0.002654166892170906
2021-12-16 19:07:05,957 - models.pytorch_cvae - INFO - feature info:[('s_acctbal', 'numerical', 6), ('s_nationkey', 'categorical', 6), ('s_suppkey', 'categorical', 15)]
2021-12-16 19:07:05,957 - utils.model_utils - INFO - load model name:torch_cvae_tpch-1m-supplier_s_nationkey_ld50_id100_bs32_ep150_0_binary_gaussian5
2021-12-16 19:07:05,961 - utils.model_utils - INFO - load torch model time elapsed:0.0042482418939471245
2021-12-16 19:07:05,961 - models.pytorch_cvae - INFO - load model time elapsed:0.007571415975689888
2021-12-16 19:07:05,961 - __main__ - INFO - multi_sampling No.0 epoch
2021-12-16 19:07:05,963 - models.pytorch_cvae - INFO - statistics sampling rate:0.01
2021-12-16 19:07:05,963 - __main__ - INFO - multi_sampling No.1 epoch
2021-12-16 19:07:05,969 - models.pytorch_cvae - INFO - statistics sampling rate:0.01
2021-12-16 19:07:05,970 - __main__ - INFO - multi_sampling No.2 epoch
2021-12-16 19:07:05,971 - models.pytorch_cvae - INFO - statistics sampling rate:0.01
2021-12-16 19:07:06,530 - models.pytorch_cvae - INFO - sampling time:0.5667605679482222
2021-12-16 19:07:06,558 - models.pytorch_cvae - INFO - statistics sampling rate:0.1
2021-12-16 19:07:06,677 - models.pytorch_cvae - INFO - sampling time:0.7073636371642351
2021-12-16 19:07:06,689 - models.pytorch_cvae - INFO - sampling time:0.7178750261664391
2021-12-16 19:07:06,764 - models.pytorch_cvae - INFO - statistics sampling rate:0.1
2021-12-16 19:07:06,779 - models.pytorch_cvae - INFO - statistics sampling rate:0.1
2021-12-16 19:07:06,867 - models.pytorch_cvae - INFO - sampling time:0.3094705864787102
2021-12-16 19:07:06,931 - __main__ - INFO - sample and aggregation time elapsed:0.9688399992883205
2021-12-16 19:07:06,970 - models.pytorch_cvae - INFO - sampling time:0.20497717987746
2021-12-16 19:07:07,032 - models.pytorch_cvae - INFO - sampling time:0.2533260080963373
2021-12-16 19:07:07,087 - __main__ - INFO - sample and aggregation time elapsed:1.1167547414079309
2021-12-16 19:07:07,107 - __main__ - INFO - sample and aggregation time elapsed:1.1377683682367206
2021-12-16 19:07:07,111 - __main__ - INFO - sample time:1.1499943099915981
2021-12-16 19:07:07,124 - __main__ - INFO - aqp result:
             avg(c_acctbal)  avg(s_acctbal)  sum(c_acctbal)  sum(s_acctbal)
c_nationkey                                                                
0           4372.31         4543.18         94675746203.68  98375756005.12 
1           4564.36         5338.21         103466178719.57 121008068263.03
2           4618.84         5012.61         111576167678.79 121088290221.11
3           4575.31         5571.12         111644678006.55 135944014386.43
4           4434.36         5149.94         91237667935.61  105960792037.81
5           4502.11         4649.62         90591439465.13  93559566882.50 
6           4436.54         4876.00         101351691799.40 111391079695.69
7           4489.30         4581.39         100426917264.77 102486906042.25
8           4411.67         4884.70         100372138575.23 111134361864.00
9           4699.65         5361.28         106376844016.07 121353015132.25
10          4625.54         5159.38         109270305687.98 121881344139.39
11          4613.84         4619.39         108663607291.92 108794387546.91
12          4524.79         4911.74         100986435620.35 109622493684.69
13          4600.79         4923.68         98373497475.75  105277385008.66
14          4471.26         4786.57         105190535369.94 112608509077.21
15          4559.11         4973.85         96627477634.95  105417668890.55
16          4525.69         5248.90         98447679881.26  114179636797.38
17          4429.01         5237.17         98711073293.73  116722844591.41
18          4402.37         5177.88         102521952011.57 120581946801.68
19          4543.40         4919.35         99224135176.35  107434525906.28
20          4435.97         4965.62         100772753418.22 112804967389.35
21          4545.42         4838.74         104197222588.39 110921201820.31
22          4468.25         4871.41         103665446960.43 113018931331.25
23          4550.86         4560.37         100661056120.65 100871379713.96
24          4546.37         5282.94         105285902472.17 122343581119.34
2021-12-16 19:07:07,127 - __main__ - INFO - ground truth:
             avg(c_acctbal)  avg(s_acctbal)  sum(c_acctbal)  sum(s_acctbal)
c_nationkey                                                                
0           4489.09         4750.47         97204429060.11  102864283639.34
1           4478.58         5156.38         101521631809.03 116886387814.97
2           4502.84         4926.83         108773860934.93 119016293073.25
3           4510.50         4976.52         110063319836.95 121434781349.97
4           4467.80         4955.13         91925727389.56  101952561544.09
5           4506.93         5017.03         90688332145.90  100952499397.81
6           4489.99         5263.09         102572805214.01 120234077220.52
7           4481.97         4725.51         100262969999.54 105711043954.64
8           4491.71         4898.26         102193355822.35 111442904344.11
9           4507.31         5056.46         102023357487.12 114453365970.99
10          4514.20         4934.04         106640129528.12 116557963141.05
11          4509.51         4846.61         106206568975.75 114145706219.45
12          4495.81         4905.97         100339620692.57 109493748108.56
13          4519.66         4967.01         96638723186.87  106203971323.94
14          4489.09         4748.57         105610059556.98 111714619054.55
15          4513.94         4993.59         95670237506.21  105836044024.01
16          4509.69         5125.84         98099691841.22  111502795597.57
17          4476.99         5194.81         99780562278.61  115778956973.10
18          4470.09         5153.13         104098927638.07 120005532950.10
19          4480.83         4865.91         97857583891.19  106267463992.76
20          4505.29         5210.90         102347462434.85 118377097752.18
21          4500.84         5087.25         103175299651.56 116617824864.37
22          4522.71         4945.33         104928946224.34 114733990724.54
23          4492.85         4974.00         99377984303.50  110020479238.93
24          4507.26         5065.90         104380144828.63 117317398620.77
2021-12-16 19:07:07,138 - __main__ - INFO - relative error:
             avg(c_acctbal)  avg(s_acctbal)  sum(c_acctbal)  sum(s_acctbal)
c_nationkey                                                                
0           0.03            0.04            0.03            0.04           
1           0.02            0.04            0.02            0.04           
2           0.03            0.02            0.03            0.02           
3           0.01            0.12            0.01            0.12           
4           0.01            0.04            0.01            0.04           
5           0.00            0.07            0.00            0.07           
6           0.01            0.07            0.01            0.07           
7           0.00            0.03            0.00            0.03           
8           0.02            0.00            0.02            0.00           
9           0.04            0.06            0.04            0.06           
10          0.02            0.05            0.02            0.05           
11          0.02            0.05            0.02            0.05           
12          0.01            0.00            0.01            0.00           
13          0.02            0.01            0.02            0.01           
14          0.00            0.01            0.00            0.01           
15          0.01            0.00            0.01            0.00           
16          0.00            0.02            0.00            0.02           
17          0.01            0.01            0.01            0.01           
18          0.02            0.00            0.02            0.00           
19          0.01            0.01            0.01            0.01           
20          0.02            0.05            0.02            0.05           
21          0.01            0.05            0.01            0.05           
22          0.01            0.01            0.01            0.01           
23          0.01            0.08            0.01            0.08           
24          0.01            0.04            0.01            0.04           
2021-12-16 19:07:07,138 - __main__ - INFO - relative error average :0.025020300257459292
2021-12-16 19:07:07,138 - __main__ - INFO - relative error normalized average :0.02442833779317228
2021-12-16 19:07:07,138 - __main__ - INFO - relative error var normalized average :0.00345823121733312
2021-12-16 19:07:07,141 - __main__ - INFO - total_time:3.924948498606682
