main.py:20: FutureWarning: Passing a negative integer is deprecated in version 1.0 and will not be supported in future version. Instead, use None to not limit the column width.
  pd.set_option('max_colwidth', -1)
2021-12-16 19:10:14,539 - __main__ - INFO - load query config config/query/customer_with_inc_join_supplier.json successfully
2021-12-16 19:10:14,539 - __main__ - INFO - load train config ./config/train/tpch_customer_with_inc_torch_cvae.json successfully
2021-12-16 19:10:14,539 - __main__ - INFO - load train config ./config/train/tpch_supplier_torch_cvae.json successfully
2021-12-16 19:10:14,539 - utils.dataset_utils - INFO - load existing dataset(light):tpch-1m-customer-with-inc_c_nationkey_c_acctbal_c_nationkey_binary_gaussian5_0old_train
2021-12-16 19:10:17,272 - utils.dataset_utils - INFO - load dataset(light) time elapsed:2.7332478715106845
2021-12-16 19:10:17,273 - models.pytorch_cvae - INFO - feature info:[('c_acctbal', 'numerical', 6), ('c_nationkey', 'categorical', 6)]
2021-12-16 19:10:17,274 - utils.model_utils - INFO - load model name:torch_cvae_tpch-1m-customer-with-inc_c_nationkey_ld50_id100_bs1024_ep100_0_binary_gaussian5old_train
2021-12-16 19:10:17,278 - utils.model_utils - INFO - load torch model time elapsed:0.004612768068909645
2021-12-16 19:10:17,278 - models.pytorch_cvae - INFO - load model time elapsed:2.739196803420782
2021-12-16 19:10:17,278 - utils.dataset_utils - INFO - load existing dataset(light):tpch-1m-supplier_s_nationkey#s_suppkey_s_acctbal_s_nationkey_binary_gaussian5_0
2021-12-16 19:10:17,281 - utils.dataset_utils - INFO - load dataset(light) time elapsed:0.0026760008186101913
2021-12-16 19:10:17,281 - models.pytorch_cvae - INFO - feature info:[('s_acctbal', 'numerical', 6), ('s_nationkey', 'categorical', 6), ('s_suppkey', 'categorical', 15)]
2021-12-16 19:10:17,282 - utils.model_utils - INFO - load model name:torch_cvae_tpch-1m-supplier_s_nationkey_ld50_id100_bs32_ep150_0_binary_gaussian5
2021-12-16 19:10:17,283 - utils.model_utils - INFO - load torch model time elapsed:0.001466134563088417
2021-12-16 19:10:17,283 - models.pytorch_cvae - INFO - load model time elapsed:0.004797713831067085
2021-12-16 19:10:17,283 - __main__ - INFO - multi_sampling No.0 epoch
2021-12-16 19:10:17,284 - models.pytorch_cvae - INFO - statistics sampling rate:0.09
2021-12-16 19:10:17,284 - __main__ - INFO - multi_sampling No.1 epoch
2021-12-16 19:10:17,289 - models.pytorch_cvae - INFO - statistics sampling rate:0.09
2021-12-16 19:10:17,290 - __main__ - INFO - multi_sampling No.2 epoch
2021-12-16 19:10:17,292 - models.pytorch_cvae - INFO - statistics sampling rate:0.09
2021-12-16 19:10:18,967 - models.pytorch_cvae - INFO - sampling time:1.6761269913986325
2021-12-16 19:10:19,072 - models.pytorch_cvae - INFO - sampling time:1.7882655542343855
2021-12-16 19:10:19,251 - models.pytorch_cvae - INFO - sampling time:1.959362681955099
2021-12-16 19:10:20,049 - models.pytorch_cvae - INFO - statistics sampling rate:0.1
2021-12-16 19:10:20,211 - models.pytorch_cvae - INFO - statistics sampling rate:0.1
2021-12-16 19:10:20,236 - models.pytorch_cvae - INFO - statistics sampling rate:0.1
2021-12-16 19:10:20,336 - models.pytorch_cvae - INFO - sampling time:0.0991453267633915
2021-12-16 19:10:20,414 - models.pytorch_cvae - INFO - sampling time:0.36309049744158983
2021-12-16 19:10:20,523 - models.pytorch_cvae - INFO - sampling time:0.2873047152534127
2021-12-16 19:10:20,791 - __main__ - INFO - sample and aggregation time elapsed:3.507858280092478
2021-12-16 19:10:20,963 - __main__ - INFO - sample and aggregation time elapsed:3.671840556897223
2021-12-16 19:10:21,017 - __main__ - INFO - sample and aggregation time elapsed:3.7274237787351012
2021-12-16 19:10:21,021 - __main__ - INFO - sample time:3.7381163090467453
2021-12-16 19:10:21,036 - __main__ - INFO - aqp result:
             avg(c_acctbal)  avg(s_acctbal)  sum(c_acctbal)  sum(s_acctbal)
c_nationkey                                                                
0           4486.65         4536.77         97151634625.39  98236945215.74 
1           4553.20         4979.14         103213123269.52 112868556300.20
2           4506.47         4617.57         108861745735.05 111545500693.34
3           4530.92         4987.56         110561430633.64 121704199522.93
4           4554.62         5153.74         93711946347.60  106039080212.86
5           4509.11         5374.81         90732189336.77  108151776934.64
6           4543.93         5265.43         103804922392.07 120287469551.28
7           4528.76         4528.17         101309538537.78 101296455657.51
8           4562.84         4967.43         103811689312.42 113016710407.87
9           4517.62         5102.74         102256619856.62 115500863620.63
10          4525.31         4918.50         106902526209.02 116190957710.62
11          4548.32         5060.31         107120555755.77 119178698916.29
12          4500.14         4787.84         100436212002.28 106857295249.03
13          4533.12         4969.03         96926527895.22  106247098104.86
14          4458.90         4811.44         104899892198.01 113193777827.64
15          4500.84         4462.44         95392499845.17  94578731086.91 
16          4446.28         4851.04         96720294198.73  105524990710.28
17          4500.50         5410.30         100304450421.15 120581649957.06
18          4457.55         5365.14         103806938301.59 124942874496.44
19          4486.17         4602.32         97974153655.44  100510832710.02
20          4482.84         5305.18         101837532129.55 120518907654.75
21          4517.79         5087.05         103563741584.96 116613187403.45
22          4502.34         4875.02         104456399516.14 113102839069.57
23          4484.54         4953.65         99194018161.20  109570402439.40
24          4496.93         5049.51         104140895796.44 116937691967.31
2021-12-16 19:10:21,039 - __main__ - INFO - ground truth:
             avg(c_acctbal)  avg(s_acctbal)  sum(c_acctbal)  sum(s_acctbal)
c_nationkey                                                                
0           4489.09         4750.47         97204429060.11  102864283639.34
1           4478.58         5156.38         101521631809.03 116886387814.97
2           4502.84         4926.83         108773860934.93 119016293073.25
3           4510.50         4976.52         110063319836.95 121434781349.97
4           4467.80         4955.13         91925727389.56  101952561544.09
5           4506.93         5017.03         90688332145.90  100952499397.81
6           4489.99         5263.09         102572805214.01 120234077220.52
7           4481.97         4725.51         100262969999.54 105711043954.64
8           4491.71         4898.26         102193355822.35 111442904344.11
9           4507.31         5056.46         102023357487.12 114453365970.99
10          4514.20         4934.04         106640129528.12 116557963141.05
11          4509.51         4846.61         106206568975.75 114145706219.45
12          4495.81         4905.97         100339620692.57 109493748108.56
13          4519.66         4967.01         96638723186.87  106203971323.94
14          4489.09         4748.57         105610059556.98 111714619054.55
15          4513.94         4993.59         95670237506.21  105836044024.01
16          4509.69         5125.84         98099691841.22  111502795597.57
17          4476.99         5194.81         99780562278.61  115778956973.10
18          4470.09         5153.13         104098927638.07 120005532950.10
19          4480.83         4865.91         97857583891.19  106267463992.76
20          4505.29         5210.90         102347462434.85 118377097752.18
21          4500.84         5087.25         103175299651.56 116617824864.37
22          4522.71         4945.33         104928946224.34 114733990724.54
23          4492.85         4974.00         99377984303.50  110020479238.93
24          4507.26         5065.90         104380144828.63 117317398620.77
2021-12-16 19:10:21,050 - __main__ - INFO - relative error:
             avg(c_acctbal)  avg(s_acctbal)  sum(c_acctbal)  sum(s_acctbal)
c_nationkey                                                                
0           0.00            0.04            0.00            0.04           
1           0.02            0.03            0.02            0.03           
2           0.00            0.06            0.00            0.06           
3           0.00            0.00            0.00            0.00           
4           0.02            0.04            0.02            0.04           
5           0.00            0.07            0.00            0.07           
6           0.01            0.00            0.01            0.00           
7           0.01            0.04            0.01            0.04           
8           0.02            0.01            0.02            0.01           
9           0.00            0.01            0.00            0.01           
10          0.00            0.00            0.00            0.00           
11          0.01            0.04            0.01            0.04           
12          0.00            0.02            0.00            0.02           
13          0.00            0.00            0.00            0.00           
14          0.01            0.01            0.01            0.01           
15          0.00            0.11            0.00            0.11           
16          0.01            0.05            0.01            0.05           
17          0.01            0.04            0.01            0.04           
18          0.00            0.04            0.00            0.04           
19          0.00            0.05            0.00            0.05           
20          0.00            0.02            0.00            0.02           
21          0.00            0.00            0.00            0.00           
22          0.00            0.01            0.00            0.01           
23          0.00            0.00            0.00            0.00           
24          0.00            0.00            0.00            0.00           
2021-12-16 19:10:21,050 - __main__ - INFO - relative error average :0.017820031260025723
2021-12-16 19:10:21,050 - __main__ - INFO - relative error normalized average :0.017415735512181025
2021-12-16 19:10:21,050 - __main__ - INFO - relative error var normalized average :0.002358523731785621
2021-12-16 19:10:21,053 - __main__ - INFO - total_time:6.514433180913329
