main.py:20: FutureWarning: Passing a negative integer is deprecated in version 1.0 and will not be supported in future version. Instead, use None to not limit the column width.
  pd.set_option('max_colwidth', -1)
2021-12-16 19:10:24,129 - __main__ - INFO - load query config config/query/customer_with_inc_join_supplier.json successfully
2021-12-16 19:10:24,129 - __main__ - INFO - load train config ./config/train/tpch_customer_with_inc_torch_cvae.json successfully
2021-12-16 19:10:24,130 - __main__ - INFO - load train config ./config/train/tpch_supplier_torch_cvae.json successfully
2021-12-16 19:10:24,130 - utils.dataset_utils - INFO - load existing dataset(light):tpch-1m-customer-with-inc_c_nationkey_c_acctbal_c_nationkey_binary_gaussian5_0old_train
2021-12-16 19:10:26,876 - utils.dataset_utils - INFO - load dataset(light) time elapsed:2.7465680353343487
2021-12-16 19:10:26,876 - models.pytorch_cvae - INFO - feature info:[('c_acctbal', 'numerical', 6), ('c_nationkey', 'categorical', 6)]
2021-12-16 19:10:26,877 - utils.model_utils - INFO - load model name:torch_cvae_tpch-1m-customer-with-inc_c_nationkey_ld50_id100_bs1024_ep100_0_binary_gaussian5old_train
2021-12-16 19:10:26,880 - utils.model_utils - INFO - load torch model time elapsed:0.0025309650227427483
2021-12-16 19:10:26,880 - models.pytorch_cvae - INFO - load model time elapsed:2.7504247687757015
2021-12-16 19:10:26,880 - utils.dataset_utils - INFO - load existing dataset(light):tpch-1m-supplier_s_nationkey#s_suppkey_s_acctbal_s_nationkey_binary_gaussian5_0
2021-12-16 19:10:26,883 - utils.dataset_utils - INFO - load dataset(light) time elapsed:0.002633136697113514
2021-12-16 19:10:26,883 - models.pytorch_cvae - INFO - feature info:[('s_acctbal', 'numerical', 6), ('s_nationkey', 'categorical', 6), ('s_suppkey', 'categorical', 15)]
2021-12-16 19:10:26,883 - utils.model_utils - INFO - load model name:torch_cvae_tpch-1m-supplier_s_nationkey_ld50_id100_bs32_ep150_0_binary_gaussian5
2021-12-16 19:10:26,885 - utils.model_utils - INFO - load torch model time elapsed:0.002109839580953121
2021-12-16 19:10:26,885 - models.pytorch_cvae - INFO - load model time elapsed:0.005390346981585026
2021-12-16 19:10:26,885 - __main__ - INFO - multi_sampling No.0 epoch
2021-12-16 19:10:26,886 - models.pytorch_cvae - INFO - statistics sampling rate:0.09
2021-12-16 19:10:26,886 - __main__ - INFO - multi_sampling No.1 epoch
2021-12-16 19:10:26,892 - models.pytorch_cvae - INFO - statistics sampling rate:0.09
2021-12-16 19:10:26,892 - __main__ - INFO - multi_sampling No.2 epoch
2021-12-16 19:10:26,893 - models.pytorch_cvae - INFO - statistics sampling rate:0.09
2021-12-16 19:10:28,544 - models.pytorch_cvae - INFO - sampling time:1.6523871961981058
2021-12-16 19:10:28,568 - models.pytorch_cvae - INFO - sampling time:1.6745420601218939
2021-12-16 19:10:28,815 - models.pytorch_cvae - INFO - sampling time:1.9291892349720001
2021-12-16 19:10:29,787 - models.pytorch_cvae - INFO - statistics sampling rate:0.1
2021-12-16 19:10:29,824 - models.pytorch_cvae - INFO - statistics sampling rate:0.1
2021-12-16 19:10:29,916 - models.pytorch_cvae - INFO - statistics sampling rate:0.1
2021-12-16 19:10:30,016 - models.pytorch_cvae - INFO - sampling time:0.0996534638106823
2021-12-16 19:10:30,039 - models.pytorch_cvae - INFO - sampling time:0.2515612067654729
2021-12-16 19:10:30,101 - models.pytorch_cvae - INFO - sampling time:0.2758088568225503
2021-12-16 19:10:30,568 - __main__ - INFO - sample and aggregation time elapsed:3.681954612955451
2021-12-16 19:10:30,699 - __main__ - INFO - sample and aggregation time elapsed:3.80736393481493
2021-12-16 19:10:30,730 - __main__ - INFO - sample and aggregation time elapsed:3.8379691941663623
2021-12-16 19:10:30,735 - __main__ - INFO - sample time:3.8497742731124163
2021-12-16 19:10:30,747 - __main__ - INFO - aqp result:
             avg(c_acctbal)  avg(s_acctbal)  sum(c_acctbal)  sum(s_acctbal)
c_nationkey                                                                
0           4509.54         4971.89         97647238227.08  107658739577.84
1           4554.54         5177.41         103243500746.57 117363013018.74
2           4477.97         5083.60         108173162124.42 122803253219.56
3           4532.29         5250.39         110594886152.48 128117715401.60
4           4507.51         4733.82         92742703911.69  97398992875.91 
5           4478.64         4709.00         90119103956.82  94754332986.87 
6           4505.02         4807.14         102916035352.40 109818024200.76
7           4476.29         4812.37         100135759886.47 107654070856.42
8           4487.99         4745.61         102108574245.39 107969806165.28
9           4517.56         4999.95         102255407072.91 113174139359.34
10          4506.17         4857.53         106450416402.84 114750617736.75
11          4527.04         4823.43         106619456742.77 113599860514.72
12          4516.72         4842.77         100806234493.15 108083263245.12
13          4495.00         4967.81         96111458320.86  106221079749.36
14          4499.33         5158.81         105851000174.17 121366019841.06
15          4482.54         4723.08         95004722806.84  100102807694.08
16          4511.95         5020.36         98148669291.23  109208142882.65
17          4531.35         5347.79         100991965493.93 119188376897.91
18          4470.31         4643.10         104104110507.17 108127897141.76
19          4501.04         5135.33         98299001852.78  112151233174.53
20          4557.77         4807.03         103539875913.13 109202257747.45
21          4506.59         5218.50         103307087421.57 119626503989.92
22          4458.57         5207.46         103440825698.21 120815625124.15
23          4482.44         5343.72         99147700951.28  118198396985.73
24          4487.51         5401.11         103922751168.03 125080234031.74
2021-12-16 19:10:30,750 - __main__ - INFO - ground truth:
             avg(c_acctbal)  avg(s_acctbal)  sum(c_acctbal)  sum(s_acctbal)
c_nationkey                                                                
0           4489.09         4750.47         97204429060.11  102864283639.34
1           4478.58         5156.38         101521631809.03 116886387814.97
2           4502.84         4926.83         108773860934.93 119016293073.25
3           4510.50         4976.52         110063319836.95 121434781349.97
4           4467.80         4955.13         91925727389.56  101952561544.09
5           4506.93         5017.03         90688332145.90  100952499397.81
6           4489.99         5263.09         102572805214.01 120234077220.52
7           4481.97         4725.51         100262969999.54 105711043954.64
8           4491.71         4898.26         102193355822.35 111442904344.11
9           4507.31         5056.46         102023357487.12 114453365970.99
10          4514.20         4934.04         106640129528.12 116557963141.05
11          4509.51         4846.61         106206568975.75 114145706219.45
12          4495.81         4905.97         100339620692.57 109493748108.56
13          4519.66         4967.01         96638723186.87  106203971323.94
14          4489.09         4748.57         105610059556.98 111714619054.55
15          4513.94         4993.59         95670237506.21  105836044024.01
16          4509.69         5125.84         98099691841.22  111502795597.57
17          4476.99         5194.81         99780562278.61  115778956973.10
18          4470.09         5153.13         104098927638.07 120005532950.10
19          4480.83         4865.91         97857583891.19  106267463992.76
20          4505.29         5210.90         102347462434.85 118377097752.18
21          4500.84         5087.25         103175299651.56 116617824864.37
22          4522.71         4945.33         104928946224.34 114733990724.54
23          4492.85         4974.00         99377984303.50  110020479238.93
24          4507.26         5065.90         104380144828.63 117317398620.77
2021-12-16 19:10:30,761 - __main__ - INFO - relative error:
             avg(c_acctbal)  avg(s_acctbal)  sum(c_acctbal)  sum(s_acctbal)
c_nationkey                                                                
0           0.00            0.05            0.00            0.05           
1           0.02            0.00            0.02            0.00           
2           0.01            0.03            0.01            0.03           
3           0.00            0.06            0.00            0.06           
4           0.01            0.04            0.01            0.04           
5           0.01            0.06            0.01            0.06           
6           0.00            0.09            0.00            0.09           
7           0.00            0.02            0.00            0.02           
8           0.00            0.03            0.00            0.03           
9           0.00            0.01            0.00            0.01           
10          0.00            0.02            0.00            0.02           
11          0.00            0.00            0.00            0.00           
12          0.00            0.01            0.00            0.01           
13          0.01            0.00            0.01            0.00           
14          0.00            0.09            0.00            0.09           
15          0.01            0.05            0.01            0.05           
16          0.00            0.02            0.00            0.02           
17          0.01            0.03            0.01            0.03           
18          0.00            0.10            0.00            0.10           
19          0.00            0.06            0.00            0.06           
20          0.01            0.08            0.01            0.08           
21          0.00            0.03            0.00            0.03           
22          0.01            0.05            0.01            0.05           
23          0.00            0.07            0.00            0.07           
24          0.00            0.07            0.00            0.07           
2021-12-16 19:10:30,761 - __main__ - INFO - relative error average :0.023936044533853583
2021-12-16 19:10:30,761 - __main__ - INFO - relative error normalized average :0.023286681009781533
2021-12-16 19:10:30,761 - __main__ - INFO - relative error var normalized average :0.0039084088763177835
2021-12-16 19:10:30,764 - __main__ - INFO - total_time:6.634246023371816
