main.py:20: FutureWarning: Passing a negative integer is deprecated in version 1.0 and will not be supported in future version. Instead, use None to not limit the column width.
  pd.set_option('max_colwidth', -1)
2021-12-16 19:06:56,114 - __main__ - INFO - load query config config/query/customer_with_inc_join_supplier.json successfully
2021-12-16 19:06:56,114 - __main__ - INFO - load train config ./config/train/tpch_customer_with_inc_torch_cvae.json successfully
2021-12-16 19:06:56,115 - __main__ - INFO - load train config ./config/train/tpch_supplier_torch_cvae.json successfully
2021-12-16 19:06:56,115 - utils.dataset_utils - INFO - load existing dataset(light):tpch-1m-customer-with-inc_c_nationkey_c_acctbal_c_nationkey_binary_gaussian5_0old_train
2021-12-16 19:06:58,856 - utils.dataset_utils - INFO - load dataset(light) time elapsed:2.7416923698037863
2021-12-16 19:06:58,856 - models.pytorch_cvae - INFO - feature info:[('c_acctbal', 'numerical', 6), ('c_nationkey', 'categorical', 6)]
2021-12-16 19:06:58,858 - utils.model_utils - INFO - load model name:torch_cvae_tpch-1m-customer-with-inc_c_nationkey_ld50_id100_bs1024_ep100_0_binary_gaussian5old_train
2021-12-16 19:06:58,860 - utils.model_utils - INFO - load torch model time elapsed:0.0028421813622117043
2021-12-16 19:06:58,860 - models.pytorch_cvae - INFO - load model time elapsed:2.7458738405257463
2021-12-16 19:06:58,860 - utils.dataset_utils - INFO - load existing dataset(light):tpch-1m-supplier_s_nationkey#s_suppkey_s_acctbal_s_nationkey_binary_gaussian5_0
2021-12-16 19:06:58,863 - utils.dataset_utils - INFO - load dataset(light) time elapsed:0.0025659091770648956
2021-12-16 19:06:58,863 - models.pytorch_cvae - INFO - feature info:[('s_acctbal', 'numerical', 6), ('s_nationkey', 'categorical', 6), ('s_suppkey', 'categorical', 15)]
2021-12-16 19:06:58,864 - utils.model_utils - INFO - load model name:torch_cvae_tpch-1m-supplier_s_nationkey_ld50_id100_bs32_ep150_0_binary_gaussian5
2021-12-16 19:06:58,865 - utils.model_utils - INFO - load torch model time elapsed:0.0014080442488193512
2021-12-16 19:06:58,865 - models.pytorch_cvae - INFO - load model time elapsed:0.0046206284314394
2021-12-16 19:06:58,865 - __main__ - INFO - multi_sampling No.0 epoch
2021-12-16 19:06:58,866 - models.pytorch_cvae - INFO - statistics sampling rate:0.01
2021-12-16 19:06:58,866 - __main__ - INFO - multi_sampling No.1 epoch
2021-12-16 19:06:58,874 - models.pytorch_cvae - INFO - statistics sampling rate:0.01
2021-12-16 19:06:58,874 - __main__ - INFO - multi_sampling No.2 epoch
2021-12-16 19:06:58,875 - models.pytorch_cvae - INFO - statistics sampling rate:0.01
2021-12-16 19:06:59,585 - models.pytorch_cvae - INFO - sampling time:0.7105895262211561
2021-12-16 19:06:59,633 - models.pytorch_cvae - INFO - statistics sampling rate:0.1
2021-12-16 19:06:59,694 - models.pytorch_cvae - INFO - sampling time:0.8282749149948359
2021-12-16 19:06:59,801 - models.pytorch_cvae - INFO - statistics sampling rate:0.1
2021-12-16 19:06:59,804 - models.pytorch_cvae - INFO - sampling time:0.9284277334809303
2021-12-16 19:06:59,851 - models.pytorch_cvae - INFO - statistics sampling rate:0.1
2021-12-16 19:06:59,931 - models.pytorch_cvae - INFO - sampling time:0.29792326875030994
2021-12-16 19:07:00,022 - models.pytorch_cvae - INFO - sampling time:0.17099364567548037
2021-12-16 19:07:00,026 - __main__ - INFO - sample and aggregation time elapsed:1.1523708663880825
2021-12-16 19:07:00,100 - models.pytorch_cvae - INFO - sampling time:0.2975632641464472
2021-12-16 19:07:00,110 - __main__ - INFO - sample and aggregation time elapsed:1.2350221909582615
2021-12-16 19:07:00,158 - __main__ - INFO - sample and aggregation time elapsed:1.2921969601884484
2021-12-16 19:07:00,162 - __main__ - INFO - sample time:1.2971002701669931
2021-12-16 19:07:00,176 - __main__ - INFO - aqp result:
             avg(c_acctbal)  avg(s_acctbal)  sum(c_acctbal)  sum(s_acctbal)
c_nationkey                                                                
0           4577.00         4766.43         99108171810.91  103209926897.07
1           4442.10         5251.86         100694785155.97 119050695142.17
2           4521.15         4907.48         109216210914.18 118548698424.42
3           4335.27         4675.33         105787427998.59 114085399997.06
4           4436.40         4422.49         91279625133.91  90993377928.99 
5           4579.67         5165.72         92152075034.40  103944480418.68
6           4486.91         5196.32         102502378262.11 118708796175.10
7           4501.21         5452.58         100693277775.11 121975800346.99
8           4455.53         5002.23         101370198693.63 113808461052.60
9           4496.30         5236.00         101774180625.84 118517365542.15
10          4365.01         4623.56         103115751825.56 109223548592.30
11          4603.22         4814.63         108413547906.57 113392647029.95
12          4478.92         4784.44         99962680013.32  106781285519.39
13          4648.49         5067.25         99393334271.46  108347262521.72
14          4591.28         5117.53         108014151139.94 120394775050.52
15          4517.88         4265.72         95753759886.91  90409326295.95 
16          4450.75         5429.32         96817367917.47  118104286709.15
17          4412.00         4594.56         98331967301.25  102400791165.97
18          4510.48         5015.33         105039580960.27 116796542470.37
19          4400.47         4967.05         96102649314.12  108476143265.52
20          4618.86         5221.89         104927580814.02 118626672974.87
21          4462.03         5023.05         102285548543.86 115146099828.77
22          4362.95         4716.31         101222577859.24 109420579716.62
23          4582.68         5127.55         101364898987.61 113417009231.16
24          4745.25         5124.38         109891750767.33 118671693889.13
2021-12-16 19:07:00,179 - __main__ - INFO - ground truth:
             avg(c_acctbal)  avg(s_acctbal)  sum(c_acctbal)  sum(s_acctbal)
c_nationkey                                                                
0           4489.09         4750.47         97204429060.11  102864283639.34
1           4478.58         5156.38         101521631809.03 116886387814.97
2           4502.84         4926.83         108773860934.93 119016293073.25
3           4510.50         4976.52         110063319836.95 121434781349.97
4           4467.80         4955.13         91925727389.56  101952561544.09
5           4506.93         5017.03         90688332145.90  100952499397.81
6           4489.99         5263.09         102572805214.01 120234077220.52
7           4481.97         4725.51         100262969999.54 105711043954.64
8           4491.71         4898.26         102193355822.35 111442904344.11
9           4507.31         5056.46         102023357487.12 114453365970.99
10          4514.20         4934.04         106640129528.12 116557963141.05
11          4509.51         4846.61         106206568975.75 114145706219.45
12          4495.81         4905.97         100339620692.57 109493748108.56
13          4519.66         4967.01         96638723186.87  106203971323.94
14          4489.09         4748.57         105610059556.98 111714619054.55
15          4513.94         4993.59         95670237506.21  105836044024.01
16          4509.69         5125.84         98099691841.22  111502795597.57
17          4476.99         5194.81         99780562278.61  115778956973.10
18          4470.09         5153.13         104098927638.07 120005532950.10
19          4480.83         4865.91         97857583891.19  106267463992.76
20          4505.29         5210.90         102347462434.85 118377097752.18
21          4500.84         5087.25         103175299651.56 116617824864.37
22          4522.71         4945.33         104928946224.34 114733990724.54
23          4492.85         4974.00         99377984303.50  110020479238.93
24          4507.26         5065.90         104380144828.63 117317398620.77
2021-12-16 19:07:00,190 - __main__ - INFO - relative error:
             avg(c_acctbal)  avg(s_acctbal)  sum(c_acctbal)  sum(s_acctbal)
c_nationkey                                                                
0           0.02            0.00            0.02            0.00           
1           0.01            0.02            0.01            0.02           
2           0.00            0.00            0.00            0.00           
3           0.04            0.06            0.04            0.06           
4           0.01            0.11            0.01            0.11           
5           0.02            0.03            0.02            0.03           
6           0.00            0.01            0.00            0.01           
7           0.00            0.15            0.00            0.15           
8           0.01            0.02            0.01            0.02           
9           0.00            0.04            0.00            0.04           
10          0.03            0.06            0.03            0.06           
11          0.02            0.01            0.02            0.01           
12          0.00            0.02            0.00            0.02           
13          0.03            0.02            0.03            0.02           
14          0.02            0.08            0.02            0.08           
15          0.00            0.15            0.00            0.15           
16          0.01            0.06            0.01            0.06           
17          0.01            0.12            0.01            0.12           
18          0.01            0.03            0.01            0.03           
19          0.02            0.02            0.02            0.02           
20          0.03            0.00            0.03            0.00           
21          0.01            0.01            0.01            0.01           
22          0.04            0.05            0.04            0.05           
23          0.02            0.03            0.02            0.03           
24          0.05            0.01            0.05            0.01           
2021-12-16 19:07:00,190 - __main__ - INFO - relative error average :0.030518717747698845
2021-12-16 19:07:00,190 - __main__ - INFO - relative error normalized average :0.029486386291330106
2021-12-16 19:07:00,190 - __main__ - INFO - relative error var normalized average :0.005797524950782415
2021-12-16 19:07:00,193 - __main__ - INFO - total_time:4.0783129977062345
