main.py:20: FutureWarning: Passing a negative integer is deprecated in version 1.0 and will not be supported in future version. Instead, use None to not limit the column width.
  pd.set_option('max_colwidth', -1)
2021-12-16 19:09:10,116 - __main__ - INFO - load query config config/query/customer_with_inc_join_supplier.json successfully
2021-12-16 19:09:10,117 - __main__ - INFO - load train config ./config/train/tpch_customer_with_inc_torch_cvae.json successfully
2021-12-16 19:09:10,117 - __main__ - INFO - load train config ./config/train/tpch_supplier_torch_cvae.json successfully
2021-12-16 19:09:10,117 - utils.dataset_utils - INFO - load existing dataset(light):tpch-1m-customer-with-inc_c_nationkey_c_acctbal_c_nationkey_binary_gaussian5_0old_train
2021-12-16 19:09:12,844 - utils.dataset_utils - INFO - load dataset(light) time elapsed:2.726875656284392
2021-12-16 19:09:12,844 - models.pytorch_cvae - INFO - feature info:[('c_acctbal', 'numerical', 6), ('c_nationkey', 'categorical', 6)]
2021-12-16 19:09:12,845 - utils.model_utils - INFO - load model name:torch_cvae_tpch-1m-customer-with-inc_c_nationkey_ld50_id100_bs1024_ep100_0_binary_gaussian5old_train
2021-12-16 19:09:12,847 - utils.model_utils - INFO - load torch model time elapsed:0.0019219834357500076
2021-12-16 19:09:12,847 - models.pytorch_cvae - INFO - load model time elapsed:2.73013102915138
2021-12-16 19:09:12,847 - utils.dataset_utils - INFO - load existing dataset(light):tpch-1m-supplier_s_nationkey#s_suppkey_s_acctbal_s_nationkey_binary_gaussian5_0
2021-12-16 19:09:12,849 - utils.dataset_utils - INFO - load dataset(light) time elapsed:0.0026705721393227577
2021-12-16 19:09:12,850 - models.pytorch_cvae - INFO - feature info:[('s_acctbal', 'numerical', 6), ('s_nationkey', 'categorical', 6), ('s_suppkey', 'categorical', 15)]
2021-12-16 19:09:12,850 - utils.model_utils - INFO - load model name:torch_cvae_tpch-1m-supplier_s_nationkey_ld50_id100_bs32_ep150_0_binary_gaussian5
2021-12-16 19:09:12,854 - utils.model_utils - INFO - load torch model time elapsed:0.00411921925842762
2021-12-16 19:09:12,854 - models.pytorch_cvae - INFO - load model time elapsed:0.007463652640581131
2021-12-16 19:09:12,854 - __main__ - INFO - multi_sampling No.0 epoch
2021-12-16 19:09:12,855 - models.pytorch_cvae - INFO - statistics sampling rate:0.06
2021-12-16 19:09:12,855 - __main__ - INFO - multi_sampling No.1 epoch
2021-12-16 19:09:12,860 - models.pytorch_cvae - INFO - statistics sampling rate:0.06
2021-12-16 19:09:12,861 - __main__ - INFO - multi_sampling No.2 epoch
2021-12-16 19:09:12,861 - models.pytorch_cvae - INFO - statistics sampling rate:0.06
2021-12-16 19:09:14,111 - models.pytorch_cvae - INFO - sampling time:1.2558892695233226
2021-12-16 19:09:14,122 - models.pytorch_cvae - INFO - sampling time:1.2592690959572792
2021-12-16 19:09:14,467 - models.pytorch_cvae - INFO - sampling time:1.605634798295796
2021-12-16 19:09:14,916 - models.pytorch_cvae - INFO - statistics sampling rate:0.1
2021-12-16 19:09:15,043 - models.pytorch_cvae - INFO - statistics sampling rate:0.1
2021-12-16 19:09:15,056 - models.pytorch_cvae - INFO - statistics sampling rate:0.1
2021-12-16 19:09:15,155 - models.pytorch_cvae - INFO - sampling time:0.23648018762469292
2021-12-16 19:09:15,214 - models.pytorch_cvae - INFO - sampling time:0.1703381296247244
2021-12-16 19:09:15,370 - models.pytorch_cvae - INFO - sampling time:0.31382796727120876
2021-12-16 19:09:15,509 - __main__ - INFO - sample and aggregation time elapsed:2.6542540602385998
2021-12-16 19:09:15,531 - __main__ - INFO - sample and aggregation time elapsed:2.671081214211881
2021-12-16 19:09:15,648 - __main__ - INFO - sample and aggregation time elapsed:2.7869720412418246
2021-12-16 19:09:15,653 - __main__ - INFO - sample time:2.7985553899779916
2021-12-16 19:09:15,666 - __main__ - INFO - aqp result:
             avg(c_acctbal)  avg(s_acctbal)  sum(c_acctbal)  sum(s_acctbal)
c_nationkey                                                                
0           4536.31         4818.05         98226994754.79  104327717109.59
1           4467.74         4964.22         101275956378.91 112530299320.40
2           4528.91         5339.22         109403837767.89 128978102934.53
3           4497.97         5583.10         109757470629.15 136236288432.67
4           4515.84         5257.05         92914145805.33  108164555246.30
5           4464.89         5328.71         89842466264.04  107224317581.87
6           4473.88         4592.62         102204640388.93 104917237986.34
7           4465.51         4793.84         99894620605.87  107239521246.43
8           4547.02         5157.45         103451648599.60 117339840183.37
9           4539.20         4754.10         102745069128.32 107609521691.83
10          4591.60         4803.93         108468346972.85 113484397437.00
11          4496.76         5011.40         105906176558.81 118026759790.25
12          4515.94         4977.33         100788924471.41 111086453772.55
13          4469.73         4959.65         95571085063.93  106046629324.76
14          4563.78         5052.53         107367359928.36 118865656154.93
15          4533.91         5007.60         96093482753.33  106133053334.90
16          4469.01         5320.14         97214624801.36  115729279481.60
17          4514.61         5441.03         100618894226.65 121266486559.90
18          4534.72         5152.23         105604124068.77 119984603621.00
19          4449.53         5197.77         97173961474.67  113514844091.97
20          4477.72         4738.42         101721302137.12 107643573715.79
21          4504.57         5108.08         103260822231.90 117095383410.06
22          4468.66         4903.05         103675020687.48 113753146126.98
23          4491.87         5285.85         99356261499.88  116918313704.22
24          4507.46         5117.76         104384936735.66 118518408471.32
2021-12-16 19:09:15,669 - __main__ - INFO - ground truth:
             avg(c_acctbal)  avg(s_acctbal)  sum(c_acctbal)  sum(s_acctbal)
c_nationkey                                                                
0           4489.09         4750.47         97204429060.11  102864283639.34
1           4478.58         5156.38         101521631809.03 116886387814.97
2           4502.84         4926.83         108773860934.93 119016293073.25
3           4510.50         4976.52         110063319836.95 121434781349.97
4           4467.80         4955.13         91925727389.56  101952561544.09
5           4506.93         5017.03         90688332145.90  100952499397.81
6           4489.99         5263.09         102572805214.01 120234077220.52
7           4481.97         4725.51         100262969999.54 105711043954.64
8           4491.71         4898.26         102193355822.35 111442904344.11
9           4507.31         5056.46         102023357487.12 114453365970.99
10          4514.20         4934.04         106640129528.12 116557963141.05
11          4509.51         4846.61         106206568975.75 114145706219.45
12          4495.81         4905.97         100339620692.57 109493748108.56
13          4519.66         4967.01         96638723186.87  106203971323.94
14          4489.09         4748.57         105610059556.98 111714619054.55
15          4513.94         4993.59         95670237506.21  105836044024.01
16          4509.69         5125.84         98099691841.22  111502795597.57
17          4476.99         5194.81         99780562278.61  115778956973.10
18          4470.09         5153.13         104098927638.07 120005532950.10
19          4480.83         4865.91         97857583891.19  106267463992.76
20          4505.29         5210.90         102347462434.85 118377097752.18
21          4500.84         5087.25         103175299651.56 116617824864.37
22          4522.71         4945.33         104928946224.34 114733990724.54
23          4492.85         4974.00         99377984303.50  110020479238.93
24          4507.26         5065.90         104380144828.63 117317398620.77
2021-12-16 19:09:15,679 - __main__ - INFO - relative error:
             avg(c_acctbal)  avg(s_acctbal)  sum(c_acctbal)  sum(s_acctbal)
c_nationkey                                                                
0           0.01            0.01            0.01            0.01           
1           0.00            0.04            0.00            0.04           
2           0.01            0.08            0.01            0.08           
3           0.00            0.12            0.00            0.12           
4           0.01            0.06            0.01            0.06           
5           0.01            0.06            0.01            0.06           
6           0.00            0.13            0.00            0.13           
7           0.00            0.01            0.00            0.01           
8           0.01            0.05            0.01            0.05           
9           0.01            0.06            0.01            0.06           
10          0.02            0.03            0.02            0.03           
11          0.00            0.03            0.00            0.03           
12          0.00            0.01            0.00            0.01           
13          0.01            0.00            0.01            0.00           
14          0.02            0.06            0.02            0.06           
15          0.00            0.00            0.00            0.00           
16          0.01            0.04            0.01            0.04           
17          0.01            0.05            0.01            0.05           
18          0.01            0.00            0.01            0.00           
19          0.01            0.07            0.01            0.07           
20          0.01            0.09            0.01            0.09           
21          0.00            0.00            0.00            0.00           
22          0.01            0.01            0.01            0.01           
23          0.00            0.06            0.00            0.06           
24          0.00            0.01            0.00            0.01           
2021-12-16 19:09:15,679 - __main__ - INFO - relative error average :0.025813483625646692
2021-12-16 19:09:15,679 - __main__ - INFO - relative error normalized average :0.025010686178121598
2021-12-16 19:09:15,679 - __main__ - INFO - relative error var normalized average :0.004927730149453355
2021-12-16 19:09:15,682 - __main__ - INFO - total_time:5.565653341822326
