main.py:20: FutureWarning: Passing a negative integer is deprecated in version 1.0 and will not be supported in future version. Instead, use None to not limit the column width.
  pd.set_option('max_colwidth', -1)
2021-12-16 19:07:24,263 - __main__ - INFO - load query config config/query/customer_with_inc_join_supplier.json successfully
2021-12-16 19:07:24,263 - __main__ - INFO - load train config ./config/train/tpch_customer_with_inc_torch_cvae.json successfully
2021-12-16 19:07:24,263 - __main__ - INFO - load train config ./config/train/tpch_supplier_torch_cvae.json successfully
2021-12-16 19:07:24,263 - utils.dataset_utils - INFO - load existing dataset(light):tpch-1m-customer-with-inc_c_nationkey_c_acctbal_c_nationkey_binary_gaussian5_0old_train
2021-12-16 19:07:26,999 - utils.dataset_utils - INFO - load dataset(light) time elapsed:2.7357765240594745
2021-12-16 19:07:26,999 - models.pytorch_cvae - INFO - feature info:[('c_acctbal', 'numerical', 6), ('c_nationkey', 'categorical', 6)]
2021-12-16 19:07:27,000 - utils.model_utils - INFO - load model name:torch_cvae_tpch-1m-customer-with-inc_c_nationkey_ld50_id100_bs1024_ep100_0_binary_gaussian5old_train
2021-12-16 19:07:27,002 - utils.model_utils - INFO - load torch model time elapsed:0.001960054039955139
2021-12-16 19:07:27,002 - models.pytorch_cvae - INFO - load model time elapsed:2.739078060723841
2021-12-16 19:07:27,002 - utils.dataset_utils - INFO - load existing dataset(light):tpch-1m-supplier_s_nationkey#s_suppkey_s_acctbal_s_nationkey_binary_gaussian5_0
2021-12-16 19:07:27,005 - utils.dataset_utils - INFO - load dataset(light) time elapsed:0.0026263874024152756
2021-12-16 19:07:27,005 - models.pytorch_cvae - INFO - feature info:[('s_acctbal', 'numerical', 6), ('s_nationkey', 'categorical', 6), ('s_suppkey', 'categorical', 15)]
2021-12-16 19:07:27,006 - utils.model_utils - INFO - load model name:torch_cvae_tpch-1m-supplier_s_nationkey_ld50_id100_bs32_ep150_0_binary_gaussian5
2021-12-16 19:07:27,010 - utils.model_utils - INFO - load torch model time elapsed:0.004067867994308472
2021-12-16 19:07:27,010 - models.pytorch_cvae - INFO - load model time elapsed:0.007353110238909721
2021-12-16 19:07:27,010 - __main__ - INFO - multi_sampling No.0 epoch
2021-12-16 19:07:27,010 - models.pytorch_cvae - INFO - statistics sampling rate:0.02
2021-12-16 19:07:27,010 - __main__ - INFO - multi_sampling No.1 epoch
2021-12-16 19:07:27,016 - models.pytorch_cvae - INFO - statistics sampling rate:0.02
2021-12-16 19:07:27,017 - __main__ - INFO - multi_sampling No.2 epoch
2021-12-16 19:07:27,018 - models.pytorch_cvae - INFO - statistics sampling rate:0.02
2021-12-16 19:07:27,950 - models.pytorch_cvae - INFO - sampling time:0.931131262332201
2021-12-16 19:07:27,950 - models.pytorch_cvae - INFO - sampling time:0.9328896710649133
2021-12-16 19:07:28,099 - models.pytorch_cvae - INFO - statistics sampling rate:0.1
2021-12-16 19:07:28,107 - models.pytorch_cvae - INFO - sampling time:1.09693044424057
2021-12-16 19:07:28,182 - models.pytorch_cvae - INFO - statistics sampling rate:0.1
2021-12-16 19:07:28,194 - models.pytorch_cvae - INFO - statistics sampling rate:0.1
2021-12-16 19:07:28,271 - models.pytorch_cvae - INFO - sampling time:0.08804094977676868
2021-12-16 19:07:28,304 - models.pytorch_cvae - INFO - sampling time:0.10965348687022924
2021-12-16 19:07:28,394 - models.pytorch_cvae - INFO - sampling time:0.29482179321348667
2021-12-16 19:07:28,423 - __main__ - INFO - sample and aggregation time elapsed:1.4054664801806211
2021-12-16 19:07:28,454 - __main__ - INFO - sample and aggregation time elapsed:1.4438934158533812
2021-12-16 19:07:28,523 - __main__ - INFO - sample and aggregation time elapsed:1.5074998065829277
2021-12-16 19:07:28,528 - __main__ - INFO - sample time:1.5180211132392287
2021-12-16 19:07:28,541 - __main__ - INFO - aqp result:
             avg(c_acctbal)  avg(s_acctbal)  sum(c_acctbal)  sum(s_acctbal)
c_nationkey                                                                
0           4515.73         5169.85         97781350235.77  111945255885.31
1           4437.44         5272.10         100589122859.18 119509424489.99
2           4554.26         5045.82         110016159968.13 121890659655.35
3           4643.52         5057.69         113309168119.56 123415574114.09
4           4420.41         4427.56         90950588705.70  91097635986.91 
5           4473.24         5037.47         90010403089.12  101363810358.66
6           4552.48         4764.03         104000376827.99 108833229509.38
7           4466.15         4518.24         99909004583.59  101074208022.03
8           4526.66         4872.34         102988531387.85 110853283321.84
9           4512.77         4841.20         102146807449.92 109580954701.54
10          4476.06         4866.62         105738934394.40 114965288573.71
11          4509.43         4982.77         106204583956.72 117352452415.31
12          4584.15         4883.89         102311188878.79 109000941178.54
13          4602.83         5084.58         98417037733.74  108717752104.48
14          4568.33         5147.09         107474354447.97 121090250517.06
15          4505.13         4528.95         95483520691.29  95988191531.97 
16          4462.13         5076.66         97065120825.91  110432917457.47
17          4375.16         5169.74         97511011751.42  115220022449.72
18          4480.27         4775.02         104336114971.95 111200151199.37
19          4437.53         4754.47         96911921509.02  103833730416.03
20          4504.59         4636.03         102331603053.82 105317683788.36
21          4508.61         5106.03         103353379258.50 117048373922.59
22          4569.23         4722.87         106008252191.64 109572845130.47
23          4481.02         4770.03         99116300843.53  105508902592.21
24          4485.08         4939.18         103866589972.24 114382779873.82
2021-12-16 19:07:28,544 - __main__ - INFO - ground truth:
             avg(c_acctbal)  avg(s_acctbal)  sum(c_acctbal)  sum(s_acctbal)
c_nationkey                                                                
0           4489.09         4750.47         97204429060.11  102864283639.34
1           4478.58         5156.38         101521631809.03 116886387814.97
2           4502.84         4926.83         108773860934.93 119016293073.25
3           4510.50         4976.52         110063319836.95 121434781349.97
4           4467.80         4955.13         91925727389.56  101952561544.09
5           4506.93         5017.03         90688332145.90  100952499397.81
6           4489.99         5263.09         102572805214.01 120234077220.52
7           4481.97         4725.51         100262969999.54 105711043954.64
8           4491.71         4898.26         102193355822.35 111442904344.11
9           4507.31         5056.46         102023357487.12 114453365970.99
10          4514.20         4934.04         106640129528.12 116557963141.05
11          4509.51         4846.61         106206568975.75 114145706219.45
12          4495.81         4905.97         100339620692.57 109493748108.56
13          4519.66         4967.01         96638723186.87  106203971323.94
14          4489.09         4748.57         105610059556.98 111714619054.55
15          4513.94         4993.59         95670237506.21  105836044024.01
16          4509.69         5125.84         98099691841.22  111502795597.57
17          4476.99         5194.81         99780562278.61  115778956973.10
18          4470.09         5153.13         104098927638.07 120005532950.10
19          4480.83         4865.91         97857583891.19  106267463992.76
20          4505.29         5210.90         102347462434.85 118377097752.18
21          4500.84         5087.25         103175299651.56 116617824864.37
22          4522.71         4945.33         104928946224.34 114733990724.54
23          4492.85         4974.00         99377984303.50  110020479238.93
24          4507.26         5065.90         104380144828.63 117317398620.77
2021-12-16 19:07:28,555 - __main__ - INFO - relative error:
             avg(c_acctbal)  avg(s_acctbal)  sum(c_acctbal)  sum(s_acctbal)
c_nationkey                                                                
0           0.01            0.09            0.01            0.09           
1           0.01            0.02            0.01            0.02           
2           0.01            0.02            0.01            0.02           
3           0.03            0.02            0.03            0.02           
4           0.01            0.11            0.01            0.11           
5           0.01            0.00            0.01            0.00           
6           0.01            0.09            0.01            0.09           
7           0.00            0.04            0.00            0.04           
8           0.01            0.01            0.01            0.01           
9           0.00            0.04            0.00            0.04           
10          0.01            0.01            0.01            0.01           
11          0.00            0.03            0.00            0.03           
12          0.02            0.00            0.02            0.00           
13          0.02            0.02            0.02            0.02           
14          0.02            0.08            0.02            0.08           
15          0.00            0.09            0.00            0.09           
16          0.01            0.01            0.01            0.01           
17          0.02            0.00            0.02            0.00           
18          0.00            0.07            0.00            0.07           
19          0.01            0.02            0.01            0.02           
20          0.00            0.11            0.00            0.11           
21          0.00            0.00            0.00            0.00           
22          0.01            0.04            0.01            0.04           
23          0.00            0.04            0.00            0.04           
24          0.00            0.03            0.00            0.03           
2021-12-16 19:07:28,555 - __main__ - INFO - relative error average :0.025250536646878194
2021-12-16 19:07:28,555 - __main__ - INFO - relative error normalized average :0.024505421519312457
2021-12-16 19:07:28,555 - __main__ - INFO - relative error var normalized average :0.004485503652097499
2021-12-16 19:07:28,557 - __main__ - INFO - total_time:4.293976633809507
