main.py:20: FutureWarning: Passing a negative integer is deprecated in version 1.0 and will not be supported in future version. Instead, use None to not limit the column width.
  pd.set_option('max_colwidth', -1)
2021-12-16 19:07:39,264 - __main__ - INFO - load query config config/query/customer_with_inc_join_supplier.json successfully
2021-12-16 19:07:39,264 - __main__ - INFO - load train config ./config/train/tpch_customer_with_inc_torch_cvae.json successfully
2021-12-16 19:07:39,264 - __main__ - INFO - load train config ./config/train/tpch_supplier_torch_cvae.json successfully
2021-12-16 19:07:39,264 - utils.dataset_utils - INFO - load existing dataset(light):tpch-1m-customer-with-inc_c_nationkey_c_acctbal_c_nationkey_binary_gaussian5_0old_train
2021-12-16 19:07:41,992 - utils.dataset_utils - INFO - load dataset(light) time elapsed:2.7280626390129328
2021-12-16 19:07:41,993 - models.pytorch_cvae - INFO - feature info:[('c_acctbal', 'numerical', 6), ('c_nationkey', 'categorical', 6)]
2021-12-16 19:07:41,994 - utils.model_utils - INFO - load model name:torch_cvae_tpch-1m-customer-with-inc_c_nationkey_ld50_id100_bs1024_ep100_0_binary_gaussian5old_train
2021-12-16 19:07:41,996 - utils.model_utils - INFO - load torch model time elapsed:0.0019551562145352364
2021-12-16 19:07:41,996 - models.pytorch_cvae - INFO - load model time elapsed:2.731352299451828
2021-12-16 19:07:41,996 - utils.dataset_utils - INFO - load existing dataset(light):tpch-1m-supplier_s_nationkey#s_suppkey_s_acctbal_s_nationkey_binary_gaussian5_0
2021-12-16 19:07:41,998 - utils.dataset_utils - INFO - load dataset(light) time elapsed:0.002619825303554535
2021-12-16 19:07:41,998 - models.pytorch_cvae - INFO - feature info:[('s_acctbal', 'numerical', 6), ('s_nationkey', 'categorical', 6), ('s_suppkey', 'categorical', 15)]
2021-12-16 19:07:41,999 - utils.model_utils - INFO - load model name:torch_cvae_tpch-1m-supplier_s_nationkey_ld50_id100_bs32_ep150_0_binary_gaussian5
2021-12-16 19:07:42,003 - utils.model_utils - INFO - load torch model time elapsed:0.0039397114887833595
2021-12-16 19:07:42,003 - models.pytorch_cvae - INFO - load model time elapsed:0.0072388844564557076
2021-12-16 19:07:42,003 - __main__ - INFO - multi_sampling No.0 epoch
2021-12-16 19:07:42,003 - models.pytorch_cvae - INFO - statistics sampling rate:0.03
2021-12-16 19:07:42,003 - __main__ - INFO - multi_sampling No.1 epoch
2021-12-16 19:07:42,006 - models.pytorch_cvae - INFO - statistics sampling rate:0.03
2021-12-16 19:07:42,006 - __main__ - INFO - multi_sampling No.2 epoch
2021-12-16 19:07:42,007 - models.pytorch_cvae - INFO - statistics sampling rate:0.03
2021-12-16 19:07:43,011 - models.pytorch_cvae - INFO - sampling time:1.0031088860705495
2021-12-16 19:07:43,017 - models.pytorch_cvae - INFO - sampling time:1.013233333826065
2021-12-16 19:07:43,412 - models.pytorch_cvae - INFO - sampling time:1.4054585630074143
2021-12-16 19:07:43,598 - models.pytorch_cvae - INFO - statistics sampling rate:0.1
2021-12-16 19:07:43,609 - models.pytorch_cvae - INFO - statistics sampling rate:0.1
2021-12-16 19:07:43,642 - models.pytorch_cvae - INFO - statistics sampling rate:0.1
2021-12-16 19:07:43,752 - models.pytorch_cvae - INFO - sampling time:0.10960596427321434
2021-12-16 19:07:43,920 - models.pytorch_cvae - INFO - sampling time:0.3077451325953007
2021-12-16 19:07:43,924 - models.pytorch_cvae - INFO - sampling time:0.32425891142338514
2021-12-16 19:07:43,963 - __main__ - INFO - sample and aggregation time elapsed:1.9572087097913027
2021-12-16 19:07:44,099 - __main__ - INFO - sample and aggregation time elapsed:2.0953931622207165
2021-12-16 19:07:44,119 - __main__ - INFO - sample and aggregation time elapsed:2.1117330975830555
2021-12-16 19:07:44,124 - __main__ - INFO - sample time:2.1214665733277798
2021-12-16 19:07:44,138 - __main__ - INFO - aqp result:
             avg(c_acctbal)  avg(s_acctbal)  sum(c_acctbal)  sum(s_acctbal)
c_nationkey                                                                
0           4484.04         4855.88         97095140263.48  105146871760.02
1           4463.03         5274.84         101169144339.10 119571506446.01
2           4547.87         5336.25         109861658554.80 128906342125.40
3           4503.03         4733.02         109880948980.06 115493181360.81
4           4605.80         5208.09         94765100862.89  107157211385.09
5           4527.79         5176.82         91108104968.26  104167850760.31
6           4531.92         4782.50         103530604551.14 109255039529.55
7           4582.71         4642.63         102516431583.92 103856854310.00
8           4471.17         4450.64         101726021805.62 101258945472.89
9           4406.26         4881.93         99736127242.26  110502912962.21
10          4510.99         5214.50         106564080936.74 123183413934.92
11          4531.09         4607.83         106714797197.70 108522110893.02
12          4558.63         4857.09         101741767838.73 108402875497.28
13          4568.55         5121.14         97684109542.94  109499518928.82
14          4473.84         5074.26         105251256172.62 119376689519.00
15          4559.53         4930.02         96636368295.62  104488710518.42
16          4454.23         5398.47         96893226120.14  117433297304.68
17          4533.49         4958.05         101039712543.01 110502139108.70
18          4506.33         5451.50         104942946431.08 126953842827.11
19          4518.60         4583.97         98682465759.91  100110127844.68
20          4548.40         4777.90         103326977104.60 108540501279.81
21          4446.84         4892.63         101937334787.18 112156601664.76
22          4481.64         5013.71         103976272865.48 116320499048.74
23          4504.56         4972.47         99636894434.58  109986645557.49
24          4571.70         5186.76         105872440956.66 120116328640.52
2021-12-16 19:07:44,141 - __main__ - INFO - ground truth:
             avg(c_acctbal)  avg(s_acctbal)  sum(c_acctbal)  sum(s_acctbal)
c_nationkey                                                                
0           4489.09         4750.47         97204429060.11  102864283639.34
1           4478.58         5156.38         101521631809.03 116886387814.97
2           4502.84         4926.83         108773860934.93 119016293073.25
3           4510.50         4976.52         110063319836.95 121434781349.97
4           4467.80         4955.13         91925727389.56  101952561544.09
5           4506.93         5017.03         90688332145.90  100952499397.81
6           4489.99         5263.09         102572805214.01 120234077220.52
7           4481.97         4725.51         100262969999.54 105711043954.64
8           4491.71         4898.26         102193355822.35 111442904344.11
9           4507.31         5056.46         102023357487.12 114453365970.99
10          4514.20         4934.04         106640129528.12 116557963141.05
11          4509.51         4846.61         106206568975.75 114145706219.45
12          4495.81         4905.97         100339620692.57 109493748108.56
13          4519.66         4967.01         96638723186.87  106203971323.94
14          4489.09         4748.57         105610059556.98 111714619054.55
15          4513.94         4993.59         95670237506.21  105836044024.01
16          4509.69         5125.84         98099691841.22  111502795597.57
17          4476.99         5194.81         99780562278.61  115778956973.10
18          4470.09         5153.13         104098927638.07 120005532950.10
19          4480.83         4865.91         97857583891.19  106267463992.76
20          4505.29         5210.90         102347462434.85 118377097752.18
21          4500.84         5087.25         103175299651.56 116617824864.37
22          4522.71         4945.33         104928946224.34 114733990724.54
23          4492.85         4974.00         99377984303.50  110020479238.93
24          4507.26         5065.90         104380144828.63 117317398620.77
2021-12-16 19:07:44,152 - __main__ - INFO - relative error:
             avg(c_acctbal)  avg(s_acctbal)  sum(c_acctbal)  sum(s_acctbal)
c_nationkey                                                                
0           0.00            0.02            0.00            0.02           
1           0.00            0.02            0.00            0.02           
2           0.01            0.08            0.01            0.08           
3           0.00            0.05            0.00            0.05           
4           0.03            0.05            0.03            0.05           
5           0.00            0.03            0.00            0.03           
6           0.01            0.09            0.01            0.09           
7           0.02            0.02            0.02            0.02           
8           0.00            0.09            0.00            0.09           
9           0.02            0.03            0.02            0.03           
10          0.00            0.06            0.00            0.06           
11          0.00            0.05            0.00            0.05           
12          0.01            0.01            0.01            0.01           
13          0.01            0.03            0.01            0.03           
14          0.00            0.07            0.00            0.07           
15          0.01            0.01            0.01            0.01           
16          0.01            0.05            0.01            0.05           
17          0.01            0.05            0.01            0.05           
18          0.01            0.06            0.01            0.06           
19          0.01            0.06            0.01            0.06           
20          0.01            0.08            0.01            0.08           
21          0.01            0.04            0.01            0.04           
22          0.01            0.01            0.01            0.01           
23          0.00            0.00            0.00            0.00           
24          0.01            0.02            0.01            0.02           
2021-12-16 19:07:44,152 - __main__ - INFO - relative error average :0.026811517014085014
2021-12-16 19:07:44,152 - __main__ - INFO - relative error normalized average :0.026145191067491646
2021-12-16 19:07:44,152 - __main__ - INFO - relative error var normalized average :0.004057172401550397
2021-12-16 19:07:44,154 - __main__ - INFO - total_time:4.889530106447637
