main.py:20: FutureWarning: Passing a negative integer is deprecated in version 1.0 and will not be supported in future version. Instead, use None to not limit the column width.
  pd.set_option('max_colwidth', -1)
2021-12-16 19:10:33,805 - __main__ - INFO - load query config config/query/customer_with_inc_join_supplier.json successfully
2021-12-16 19:10:33,805 - __main__ - INFO - load train config ./config/train/tpch_customer_with_inc_torch_cvae.json successfully
2021-12-16 19:10:33,805 - __main__ - INFO - load train config ./config/train/tpch_supplier_torch_cvae.json successfully
2021-12-16 19:10:33,806 - utils.dataset_utils - INFO - load existing dataset(light):tpch-1m-customer-with-inc_c_nationkey_c_acctbal_c_nationkey_binary_gaussian5_0old_train
2021-12-16 19:10:36,539 - utils.dataset_utils - INFO - load dataset(light) time elapsed:2.7339346604421735
2021-12-16 19:10:36,540 - models.pytorch_cvae - INFO - feature info:[('c_acctbal', 'numerical', 6), ('c_nationkey', 'categorical', 6)]
2021-12-16 19:10:36,541 - utils.model_utils - INFO - load model name:torch_cvae_tpch-1m-customer-with-inc_c_nationkey_ld50_id100_bs1024_ep100_0_binary_gaussian5old_train
2021-12-16 19:10:36,543 - utils.model_utils - INFO - load torch model time elapsed:0.001975112594664097
2021-12-16 19:10:36,543 - models.pytorch_cvae - INFO - load model time elapsed:2.7372669791802764
2021-12-16 19:10:36,543 - utils.dataset_utils - INFO - load existing dataset(light):tpch-1m-supplier_s_nationkey#s_suppkey_s_acctbal_s_nationkey_binary_gaussian5_0
2021-12-16 19:10:36,545 - utils.dataset_utils - INFO - load dataset(light) time elapsed:0.0026901764795184135
2021-12-16 19:10:36,546 - models.pytorch_cvae - INFO - feature info:[('s_acctbal', 'numerical', 6), ('s_nationkey', 'categorical', 6), ('s_suppkey', 'categorical', 15)]
2021-12-16 19:10:36,546 - utils.model_utils - INFO - load model name:torch_cvae_tpch-1m-supplier_s_nationkey_ld50_id100_bs32_ep150_0_binary_gaussian5
2021-12-16 19:10:36,548 - utils.model_utils - INFO - load torch model time elapsed:0.0013999994844198227
2021-12-16 19:10:36,548 - models.pytorch_cvae - INFO - load model time elapsed:0.004760704934597015
2021-12-16 19:10:36,548 - __main__ - INFO - multi_sampling No.0 epoch
2021-12-16 19:10:36,548 - models.pytorch_cvae - INFO - statistics sampling rate:0.09
2021-12-16 19:10:36,548 - __main__ - INFO - multi_sampling No.1 epoch
2021-12-16 19:10:36,554 - models.pytorch_cvae - INFO - statistics sampling rate:0.09
2021-12-16 19:10:36,554 - __main__ - INFO - multi_sampling No.2 epoch
2021-12-16 19:10:36,555 - models.pytorch_cvae - INFO - statistics sampling rate:0.09
2021-12-16 19:10:38,050 - models.pytorch_cvae - INFO - sampling time:1.4958053957670927
2021-12-16 19:10:38,129 - models.pytorch_cvae - INFO - sampling time:1.5734707303345203
2021-12-16 19:10:38,974 - models.pytorch_cvae - INFO - statistics sampling rate:0.1
2021-12-16 19:10:38,975 - models.pytorch_cvae - INFO - statistics sampling rate:0.1
2021-12-16 19:10:39,146 - models.pytorch_cvae - INFO - sampling time:2.597717486321926
2021-12-16 19:10:39,367 - models.pytorch_cvae - INFO - statistics sampling rate:0.1
2021-12-16 19:10:39,504 - models.pytorch_cvae - INFO - sampling time:0.5296524679288268
2021-12-16 19:10:39,567 - models.pytorch_cvae - INFO - sampling time:0.5917526232078671
2021-12-16 19:10:39,593 - models.pytorch_cvae - INFO - sampling time:0.22580535057932138
2021-12-16 19:10:40,035 - __main__ - INFO - sample and aggregation time elapsed:3.4812928792089224
2021-12-16 19:10:40,173 - __main__ - INFO - sample and aggregation time elapsed:3.624779368750751
2021-12-16 19:10:40,207 - __main__ - INFO - sample and aggregation time elapsed:3.6519706984981894
2021-12-16 19:10:40,211 - __main__ - INFO - sample time:3.663663455285132
2021-12-16 19:10:40,224 - __main__ - INFO - aqp result:
             avg(c_acctbal)  avg(s_acctbal)  sum(c_acctbal)  sum(s_acctbal)
c_nationkey                                                                
0           4504.00         4974.89         97527319351.60  107723820399.72
1           4508.66         4854.47         102203598584.35 110042494212.11
2           4535.84         5373.12         109571207823.46 129797211073.89
3           4467.05         4591.10         109003003915.13 112029986321.61
4           4522.36         4691.58         93048310019.28  96529952792.48 
5           4464.92         5023.32         89843118086.16  101079178525.10
6           4529.35         5063.84         103471983443.55 115682158585.49
7           4477.53         5212.85         100163601434.54 116612979538.55
8           4573.83         5309.19         104061621385.50 120792201556.25
9           4495.89         4908.50         101764747055.02 111104323948.39
10          4477.39         4639.45         105770464005.63 109598819445.96
11          4514.17         4425.23         106316177732.16 104221601345.48
12          4494.44         5337.74         100309141737.51 119130119787.20
13          4509.44         4612.95         96420245255.43  98633524000.02 
14          4510.78         4739.81         106120486999.40 111508603440.50
15          4526.18         4736.01         95929658624.86  100376782253.50
16          4450.67         5142.06         96815713321.32  111855675011.54
17          4509.03         5082.58         100494616403.59 113277539213.49
18          4436.57         5248.10         103318261924.59 122217078196.25
19          4443.44         4885.88         97040987514.17  106703429987.21
20          4509.98         5234.74         102454146327.33 118918542674.16
21          4517.26         5502.47         103551708966.89 126136178879.94
22          4465.93         4921.82         103611781782.60 114188632313.55
23          4520.57         4805.94         99991107381.83  106303103779.27
24          4515.52         4979.73         104571584358.14 115321693394.75
2021-12-16 19:10:40,226 - __main__ - INFO - ground truth:
             avg(c_acctbal)  avg(s_acctbal)  sum(c_acctbal)  sum(s_acctbal)
c_nationkey                                                                
0           4489.09         4750.47         97204429060.11  102864283639.34
1           4478.58         5156.38         101521631809.03 116886387814.97
2           4502.84         4926.83         108773860934.93 119016293073.25
3           4510.50         4976.52         110063319836.95 121434781349.97
4           4467.80         4955.13         91925727389.56  101952561544.09
5           4506.93         5017.03         90688332145.90  100952499397.81
6           4489.99         5263.09         102572805214.01 120234077220.52
7           4481.97         4725.51         100262969999.54 105711043954.64
8           4491.71         4898.26         102193355822.35 111442904344.11
9           4507.31         5056.46         102023357487.12 114453365970.99
10          4514.20         4934.04         106640129528.12 116557963141.05
11          4509.51         4846.61         106206568975.75 114145706219.45
12          4495.81         4905.97         100339620692.57 109493748108.56
13          4519.66         4967.01         96638723186.87  106203971323.94
14          4489.09         4748.57         105610059556.98 111714619054.55
15          4513.94         4993.59         95670237506.21  105836044024.01
16          4509.69         5125.84         98099691841.22  111502795597.57
17          4476.99         5194.81         99780562278.61  115778956973.10
18          4470.09         5153.13         104098927638.07 120005532950.10
19          4480.83         4865.91         97857583891.19  106267463992.76
20          4505.29         5210.90         102347462434.85 118377097752.18
21          4500.84         5087.25         103175299651.56 116617824864.37
22          4522.71         4945.33         104928946224.34 114733990724.54
23          4492.85         4974.00         99377984303.50  110020479238.93
24          4507.26         5065.90         104380144828.63 117317398620.77
2021-12-16 19:10:40,237 - __main__ - INFO - relative error:
             avg(c_acctbal)  avg(s_acctbal)  sum(c_acctbal)  sum(s_acctbal)
c_nationkey                                                                
0           0.00            0.05            0.00            0.05           
1           0.01            0.06            0.01            0.06           
2           0.01            0.09            0.01            0.09           
3           0.01            0.08            0.01            0.08           
4           0.01            0.05            0.01            0.05           
5           0.01            0.00            0.01            0.00           
6           0.01            0.04            0.01            0.04           
7           0.00            0.10            0.00            0.10           
8           0.02            0.08            0.02            0.08           
9           0.00            0.03            0.00            0.03           
10          0.01            0.06            0.01            0.06           
11          0.00            0.09            0.00            0.09           
12          0.00            0.09            0.00            0.09           
13          0.00            0.07            0.00            0.07           
14          0.00            0.00            0.00            0.00           
15          0.00            0.05            0.00            0.05           
16          0.01            0.00            0.01            0.00           
17          0.01            0.02            0.01            0.02           
18          0.01            0.02            0.01            0.02           
19          0.01            0.00            0.01            0.00           
20          0.00            0.00            0.00            0.00           
21          0.00            0.08            0.00            0.08           
22          0.01            0.00            0.01            0.00           
23          0.01            0.03            0.01            0.03           
24          0.00            0.02            0.00            0.02           
2021-12-16 19:10:40,237 - __main__ - INFO - relative error average :0.02581126946336892
2021-12-16 19:10:40,237 - __main__ - INFO - relative error normalized average :0.02503356456848624
2021-12-16 19:10:40,237 - __main__ - INFO - relative error var normalized average :0.004605367146469356
2021-12-16 19:10:40,239 - __main__ - INFO - total_time:6.433425147086382
