main.py:20: FutureWarning: Passing a negative integer is deprecated in version 1.0 and will not be supported in future version. Instead, use None to not limit the column width.
  pd.set_option('max_colwidth', -1)
2021-12-16 18:54:17,540 - __main__ - INFO - load query config config/query/customer_with_inc_join_supplier.json successfully
2021-12-16 18:54:17,540 - __main__ - INFO - load train config ./config/train/tpch_customer_with_inc_torch_cvae.json successfully
2021-12-16 18:54:17,540 - __main__ - INFO - load train config ./config/train/tpch_supplier_torch_cvae.json successfully
2021-12-16 18:54:17,540 - utils.dataset_utils - INFO - load existing dataset(light):tpch-1m-customer-with-inc_c_nationkey_c_acctbal_c_nationkey_binary_gaussian5_0
2021-12-16 18:54:17,586 - utils.dataset_utils - INFO - load dataset(light) time elapsed:0.04588985629379749
2021-12-16 18:54:17,586 - models.pytorch_cvae - INFO - feature info:[('c_acctbal', 'numerical', 6), ('c_nationkey', 'categorical', 6)]
2021-12-16 18:54:17,587 - utils.model_utils - INFO - load model name:torch_cvae_tpch-1m-customer-with-inc_c_nationkey_ld50_id100_bs1024_ep100_0_binary_gaussian5
2021-12-16 18:54:19,646 - utils.model_utils - INFO - load torch model time elapsed:2.058861603960395
2021-12-16 18:54:19,646 - models.pytorch_cvae - INFO - load model time elapsed:2.1062524197623134
2021-12-16 18:54:19,646 - utils.dataset_utils - INFO - load existing dataset(light):tpch-1m-supplier_s_nationkey#s_suppkey_s_acctbal_s_nationkey_binary_gaussian5_0
2021-12-16 18:54:19,650 - utils.dataset_utils - INFO - load dataset(light) time elapsed:0.0029938891530036926
2021-12-16 18:54:19,650 - models.pytorch_cvae - INFO - feature info:[('s_acctbal', 'numerical', 6), ('s_nationkey', 'categorical', 6), ('s_suppkey', 'categorical', 15)]
2021-12-16 18:54:19,650 - utils.model_utils - INFO - load model name:torch_cvae_tpch-1m-supplier_s_nationkey_ld50_id100_bs32_ep150_0_binary_gaussian5
2021-12-16 18:54:19,652 - utils.model_utils - INFO - load torch model time elapsed:0.0013531967997550964
2021-12-16 18:54:19,652 - models.pytorch_cvae - INFO - load model time elapsed:0.005068311467766762
2021-12-16 18:54:19,652 - __main__ - INFO - multi_sampling No.0 epoch
2021-12-16 18:54:19,652 - models.pytorch_cvae - INFO - statistics sampling rate:0.02
2021-12-16 18:54:19,652 - __main__ - INFO - multi_sampling No.1 epoch
2021-12-16 18:54:19,658 - models.pytorch_cvae - INFO - statistics sampling rate:0.02
2021-12-16 18:54:19,658 - __main__ - INFO - multi_sampling No.2 epoch
2021-12-16 18:54:19,659 - models.pytorch_cvae - INFO - statistics sampling rate:0.02
2021-12-16 18:54:20,585 - models.pytorch_cvae - INFO - sampling time:0.9249343257397413
2021-12-16 18:54:20,667 - models.pytorch_cvae - INFO - sampling time:1.0146939754486084
2021-12-16 18:54:20,667 - models.pytorch_cvae - INFO - statistics sampling rate:0.1
2021-12-16 18:54:20,699 - models.pytorch_cvae - INFO - sampling time:1.0411943467333913
2021-12-16 18:54:20,792 - models.pytorch_cvae - INFO - statistics sampling rate:0.1
2021-12-16 18:54:20,814 - models.pytorch_cvae - INFO - statistics sampling rate:0.1
2021-12-16 18:54:20,896 - models.pytorch_cvae - INFO - sampling time:0.08164601866155863
2021-12-16 18:54:20,996 - __main__ - INFO - sample and aggregation time elapsed:1.3387936120852828
2021-12-16 18:54:21,040 - models.pytorch_cvae - INFO - sampling time:0.3720190357416868
2021-12-16 18:54:21,071 - models.pytorch_cvae - INFO - sampling time:0.2788461344316602
2021-12-16 18:54:21,180 - __main__ - INFO - sample and aggregation time elapsed:1.521109413355589
2021-12-16 18:54:21,187 - __main__ - INFO - sample and aggregation time elapsed:1.535296194255352
2021-12-16 18:54:21,192 - __main__ - INFO - sample time:1.5401867618784308
2021-12-16 18:54:21,204 - __main__ - INFO - aqp result:
             avg(c_acctbal)  avg(s_acctbal)  sum(c_acctbal)  sum(s_acctbal)
c_nationkey                                                                
0           4528.64         4390.43         75366857671.15  73066655977.24 
1           4565.50         5310.58         79503188760.57  92478090762.25 
2           4483.02         4686.81         83286226157.77  87072184263.05 
3           4511.31         4534.73         84340688458.12  84778667904.67 
4           4550.08         5690.97         71745655847.18  89735237333.78 
5           4687.91         5339.52         72404158411.71  82468198019.53 
6           4486.33         5018.77         78836250994.73  88192585682.82 
7           4444.85         4821.64         76461039961.37  82942728098.01 
8           4601.11         4768.12         80767175558.42  83698871238.97 
9           4581.50         4898.77         79928847739.11  85464011669.11 
10          4661.68         4671.07         84537952064.86  84708327838.38 
11          4614.04         5043.85         83547324622.84  91330008363.04 
12          4376.57         4889.30         75289767099.19  84110231299.85 
13          4526.48         5005.04         74387415629.69  82251980591.80 
14          4522.40         4749.24         81702958183.51  85801007099.02 
15          4596.92         4525.87         74799439035.52  73643359753.76 
16          4445.96         4855.65         74235454016.88  81076235340.50 
17          4479.59         5540.51         76850569729.76  95051394575.70 
18          4460.27         5063.93         79887467168.95  90699617987.60 
19          4435.63         4334.17         74537157339.54  72832316149.34 
20          4439.52         5157.41         77594543160.76  90141785331.96 
21          4443.75         5154.08         78139689867.63  90630141879.49 
22          4561.85         5002.99         81422113292.71  89295749014.47 
23          4538.30         4935.06         77177185596.77  83924367831.97 
24          4491.84         5074.50         80008759845.00  90387158240.57 
2021-12-16 18:54:21,207 - __main__ - INFO - ground truth:
             avg(c_acctbal)  avg(s_acctbal)  sum(c_acctbal)  sum(s_acctbal)
c_nationkey                                                                
0           4495.08         4750.47         74808300307.97  79058543738.51 
1           4481.35         5156.38         78037804737.42  89792862870.19 
2           4500.11         4926.83         83603605816.42  91531433246.36 
3           4501.52         4976.52         84157817962.92  93037962787.86 
4           4481.25         4955.13         70660420363.18  78132509824.90 
5           4506.27         5017.03         69598653692.12  77487270820.80 
6           4487.10         5263.09         78849876383.14  92485978451.44 
7           4480.55         4725.51         77075278088.26  81289117007.37 
8           4500.54         4898.26         79001842301.71  85983328363.66 
9           4508.52         5056.46         78655627222.94  88215027610.30 
10          4518.18         4934.04         81935710769.84  89477117315.13 
11          4512.10         4846.61         81701543083.81  87758487179.40 
12          4496.61         4905.97         77354913969.64  84397069733.16 
13          4506.92         4967.01         74066058944.76  81627052771.36 
14          4482.32         4748.57         80978762526.42  85788910922.73 
15          4515.02         4993.59         73466872175.01  81253978684.79 
16          4511.16         5125.84         75324113973.83  85587620982.90 
17          4471.53         5194.81         76712255703.01  89120736244.02 
18          4468.37         5153.13         80032519501.53  92297274686.32 
19          4490.91         4865.91         75466160926.82  81767784036.93 
20          4494.50         5210.90         78555417820.06  91076766492.73 
21          4497.21         5087.25         79079595482.76  89454975198.84 
22          4529.54         4945.33         80845288221.60  88266586724.51 
23          4489.35         4974.00         76344790639.43  84586573926.78 
24          4516.77         5065.90         80452749791.40  90233921611.59 
2021-12-16 18:54:21,218 - __main__ - INFO - relative error:
             avg(c_acctbal)  avg(s_acctbal)  sum(c_acctbal)  sum(s_acctbal)
c_nationkey                                                                
0           0.01            0.08            0.01            0.08           
1           0.02            0.03            0.02            0.03           
2           0.00            0.05            0.00            0.05           
3           0.00            0.09            0.00            0.09           
4           0.02            0.15            0.02            0.15           
5           0.04            0.06            0.04            0.06           
6           0.00            0.05            0.00            0.05           
7           0.01            0.02            0.01            0.02           
8           0.02            0.03            0.02            0.03           
9           0.02            0.03            0.02            0.03           
10          0.03            0.05            0.03            0.05           
11          0.02            0.04            0.02            0.04           
12          0.03            0.00            0.03            0.00           
13          0.00            0.01            0.00            0.01           
14          0.01            0.00            0.01            0.00           
15          0.02            0.09            0.02            0.09           
16          0.01            0.05            0.01            0.05           
17          0.00            0.07            0.00            0.07           
18          0.00            0.02            0.00            0.02           
19          0.01            0.11            0.01            0.11           
20          0.01            0.01            0.01            0.01           
21          0.01            0.01            0.01            0.01           
22          0.01            0.01            0.01            0.01           
23          0.01            0.01            0.01            0.01           
24          0.01            0.00            0.01            0.00           
2021-12-16 18:54:21,218 - __main__ - INFO - relative error average :0.027897056037787013
2021-12-16 18:54:21,218 - __main__ - INFO - relative error normalized average :0.02705061238885638
2021-12-16 18:54:21,218 - __main__ - INFO - relative error var normalized average :0.0043876811879497305
2021-12-16 18:54:21,218 - __main__ - INFO - total_time:3.678517204709351
