main.py:20: FutureWarning: Passing a negative integer is deprecated in version 1.0 and will not be supported in future version. Instead, use None to not limit the column width.
  pd.set_option('max_colwidth', -1)
2021-12-16 18:55:30,554 - __main__ - INFO - load query config config/query/customer_with_inc_join_supplier.json successfully
2021-12-16 18:55:30,554 - __main__ - INFO - load train config ./config/train/tpch_customer_with_inc_torch_cvae.json successfully
2021-12-16 18:55:30,554 - __main__ - INFO - load train config ./config/train/tpch_supplier_torch_cvae.json successfully
2021-12-16 18:55:30,554 - utils.dataset_utils - INFO - load existing dataset(light):tpch-1m-customer-with-inc_c_nationkey_c_acctbal_c_nationkey_binary_gaussian5_0
2021-12-16 18:55:30,598 - utils.dataset_utils - INFO - load dataset(light) time elapsed:0.04387773107737303
2021-12-16 18:55:30,598 - models.pytorch_cvae - INFO - feature info:[('c_acctbal', 'numerical', 6), ('c_nationkey', 'categorical', 6)]
2021-12-16 18:55:30,599 - utils.model_utils - INFO - load model name:torch_cvae_tpch-1m-customer-with-inc_c_nationkey_ld50_id100_bs1024_ep100_0_binary_gaussian5
2021-12-16 18:55:32,665 - utils.model_utils - INFO - load torch model time elapsed:2.0661963997408748
2021-12-16 18:55:32,666 - models.pytorch_cvae - INFO - load model time elapsed:2.111524154432118
2021-12-16 18:55:32,666 - utils.dataset_utils - INFO - load existing dataset(light):tpch-1m-supplier_s_nationkey#s_suppkey_s_acctbal_s_nationkey_binary_gaussian5_0
2021-12-16 18:55:32,668 - utils.dataset_utils - INFO - load dataset(light) time elapsed:0.002618592232465744
2021-12-16 18:55:32,668 - models.pytorch_cvae - INFO - feature info:[('s_acctbal', 'numerical', 6), ('s_nationkey', 'categorical', 6), ('s_suppkey', 'categorical', 15)]
2021-12-16 18:55:32,669 - utils.model_utils - INFO - load model name:torch_cvae_tpch-1m-supplier_s_nationkey_ld50_id100_bs32_ep150_0_binary_gaussian5
2021-12-16 18:55:32,670 - utils.model_utils - INFO - load torch model time elapsed:0.0013390686362981796
2021-12-16 18:55:32,670 - models.pytorch_cvae - INFO - load model time elapsed:0.004665810614824295
2021-12-16 18:55:32,670 - __main__ - INFO - multi_sampling No.0 epoch
2021-12-16 18:55:32,671 - models.pytorch_cvae - INFO - statistics sampling rate:0.06
2021-12-16 18:55:32,671 - __main__ - INFO - multi_sampling No.1 epoch
2021-12-16 18:55:32,676 - models.pytorch_cvae - INFO - statistics sampling rate:0.06
2021-12-16 18:55:32,677 - __main__ - INFO - multi_sampling No.2 epoch
2021-12-16 18:55:32,677 - models.pytorch_cvae - INFO - statistics sampling rate:0.06
2021-12-16 18:55:33,919 - models.pytorch_cvae - INFO - sampling time:1.24756964109838
2021-12-16 18:55:33,924 - models.pytorch_cvae - INFO - sampling time:1.2467407481744885
2021-12-16 18:55:34,676 - models.pytorch_cvae - INFO - statistics sampling rate:0.1
2021-12-16 18:55:34,691 - models.pytorch_cvae - INFO - statistics sampling rate:0.1
2021-12-16 18:55:34,814 - models.pytorch_cvae - INFO - sampling time:2.1353281466290355
2021-12-16 18:55:34,978 - models.pytorch_cvae - INFO - statistics sampling rate:0.1
2021-12-16 18:55:35,009 - models.pytorch_cvae - INFO - sampling time:0.31725055631250143
2021-12-16 18:55:35,078 - models.pytorch_cvae - INFO - sampling time:0.400010434910655
2021-12-16 18:55:35,192 - models.pytorch_cvae - INFO - sampling time:0.2143564922735095
2021-12-16 18:55:35,278 - __main__ - INFO - sample and aggregation time elapsed:2.60776933003217
2021-12-16 18:55:35,330 - __main__ - INFO - sample and aggregation time elapsed:2.6539719942957163
2021-12-16 18:55:35,409 - __main__ - INFO - sample and aggregation time elapsed:2.7314991941675544
2021-12-16 18:55:35,413 - __main__ - INFO - sample time:2.74306673463434
2021-12-16 18:55:35,426 - __main__ - INFO - aqp result:
             avg(c_acctbal)  avg(s_acctbal)  sum(c_acctbal)  sum(s_acctbal)
c_nationkey                                                                
0           4484.70         5119.31         74635613473.55  85196975486.95 
1           4500.00         5036.23         78362583324.98  87700586529.15 
2           4551.11         4649.17         84551219728.08  86373044002.16 
3           4524.68         4829.98         84590722020.62  90298390614.67 
4           4517.55         4713.00         71232727578.80  74314559946.68 
5           4465.22         5065.33         68964679570.05  78233337584.85 
6           4431.83         5001.45         77878647746.29  87888353124.52 
7           4500.28         4771.90         77414676389.71  82087074972.92 
8           4534.57         4561.59         79599105332.96  80073567027.86 
9           4573.50         5037.13         79789310468.34  87877721832.74 
10          4481.38         4816.32         81268384126.50  87342276753.03 
11          4493.29         5035.40         81360980461.51  91177035845.89 
12          4543.77         4526.40         78166182688.84  77867320894.06 
13          4501.02         5104.79         73969039110.49  83891264664.10 
14          4420.95         4407.88         79869979488.80  79633892810.61 
15          4482.71         4813.95         72941175906.32  78330898850.05 
16          4488.53         4994.47         74946215221.27  83394037596.56 
17          4475.88         4894.84         76786869054.25  83974514570.78 
18          4494.13         5178.88         80494002877.58  92758525990.60 
19          4448.56         4985.97         74754456739.53  83785290697.18 
20          4406.99         5085.92         77025917984.67  88892326825.81 
21          4467.57         5100.46         78558412121.29  89687264880.79 
22          4478.53         4513.90         79934866355.33  80566231549.59 
23          4428.50         4852.54         75309999114.38  82521136893.14 
24          4527.87         4815.61         80650524931.04  85775732434.56 
2021-12-16 18:55:35,429 - __main__ - INFO - ground truth:
             avg(c_acctbal)  avg(s_acctbal)  sum(c_acctbal)  sum(s_acctbal)
c_nationkey                                                                
0           4495.08         4750.47         74808300307.97  79058543738.51 
1           4481.35         5156.38         78037804737.42  89792862870.19 
2           4500.11         4926.83         83603605816.42  91531433246.36 
3           4501.52         4976.52         84157817962.92  93037962787.86 
4           4481.25         4955.13         70660420363.18  78132509824.90 
5           4506.27         5017.03         69598653692.12  77487270820.80 
6           4487.10         5263.09         78849876383.14  92485978451.44 
7           4480.55         4725.51         77075278088.26  81289117007.37 
8           4500.54         4898.26         79001842301.71  85983328363.66 
9           4508.52         5056.46         78655627222.94  88215027610.30 
10          4518.18         4934.04         81935710769.84  89477117315.13 
11          4512.10         4846.61         81701543083.81  87758487179.40 
12          4496.61         4905.97         77354913969.64  84397069733.16 
13          4506.92         4967.01         74066058944.76  81627052771.36 
14          4482.32         4748.57         80978762526.42  85788910922.73 
15          4515.02         4993.59         73466872175.01  81253978684.79 
16          4511.16         5125.84         75324113973.83  85587620982.90 
17          4471.53         5194.81         76712255703.01  89120736244.02 
18          4468.37         5153.13         80032519501.53  92297274686.32 
19          4490.91         4865.91         75466160926.82  81767784036.93 
20          4494.50         5210.90         78555417820.06  91076766492.73 
21          4497.21         5087.25         79079595482.76  89454975198.84 
22          4529.54         4945.33         80845288221.60  88266586724.51 
23          4489.35         4974.00         76344790639.43  84586573926.78 
24          4516.77         5065.90         80452749791.40  90233921611.59 
2021-12-16 18:55:35,440 - __main__ - INFO - relative error:
             avg(c_acctbal)  avg(s_acctbal)  sum(c_acctbal)  sum(s_acctbal)
c_nationkey                                                                
0           0.00            0.08            0.00            0.08           
1           0.00            0.02            0.00            0.02           
2           0.01            0.06            0.01            0.06           
3           0.01            0.03            0.01            0.03           
4           0.01            0.05            0.01            0.05           
5           0.01            0.01            0.01            0.01           
6           0.01            0.05            0.01            0.05           
7           0.00            0.01            0.00            0.01           
8           0.01            0.07            0.01            0.07           
9           0.01            0.00            0.01            0.00           
10          0.01            0.02            0.01            0.02           
11          0.00            0.04            0.00            0.04           
12          0.01            0.08            0.01            0.08           
13          0.00            0.03            0.00            0.03           
14          0.01            0.07            0.01            0.07           
15          0.01            0.04            0.01            0.04           
16          0.01            0.03            0.01            0.03           
17          0.00            0.06            0.00            0.06           
18          0.01            0.00            0.01            0.00           
19          0.01            0.02            0.01            0.02           
20          0.02            0.02            0.02            0.02           
21          0.01            0.00            0.01            0.00           
22          0.01            0.09            0.01            0.09           
23          0.01            0.02            0.01            0.02           
24          0.00            0.05            0.00            0.05           
2021-12-16 18:55:35,440 - __main__ - INFO - relative error average :0.02303975459393475
2021-12-16 18:55:35,440 - __main__ - INFO - relative error normalized average :0.022514288338041193
2021-12-16 18:55:35,440 - __main__ - INFO - relative error var normalized average :0.002855479050911539
2021-12-16 18:55:35,441 - __main__ - INFO - total_time:4.887065107002854
