main.py:20: FutureWarning: Passing a negative integer is deprecated in version 1.0 and will not be supported in future version. Instead, use None to not limit the column width.
  pd.set_option('max_colwidth', -1)
2021-12-16 18:53:45,424 - __main__ - INFO - load query config config/query/customer_with_inc_join_supplier.json successfully
2021-12-16 18:53:45,424 - __main__ - INFO - load train config ./config/train/tpch_customer_with_inc_torch_cvae.json successfully
2021-12-16 18:53:45,424 - __main__ - INFO - load train config ./config/train/tpch_supplier_torch_cvae.json successfully
2021-12-16 18:53:45,424 - utils.dataset_utils - INFO - load existing dataset(light):tpch-1m-customer-with-inc_c_nationkey_c_acctbal_c_nationkey_binary_gaussian5_0
2021-12-16 18:53:45,472 - utils.dataset_utils - INFO - load dataset(light) time elapsed:0.04780008923262358
2021-12-16 18:53:45,472 - models.pytorch_cvae - INFO - feature info:[('c_acctbal', 'numerical', 6), ('c_nationkey', 'categorical', 6)]
2021-12-16 18:53:45,474 - utils.model_utils - INFO - load model name:torch_cvae_tpch-1m-customer-with-inc_c_nationkey_ld50_id100_bs1024_ep100_0_binary_gaussian5
2021-12-16 18:53:47,548 - utils.model_utils - INFO - load torch model time elapsed:2.074257778003812
2021-12-16 18:53:47,548 - models.pytorch_cvae - INFO - load model time elapsed:2.123580850660801
2021-12-16 18:53:47,548 - utils.dataset_utils - INFO - load existing dataset(light):tpch-1m-supplier_s_nationkey#s_suppkey_s_acctbal_s_nationkey_binary_gaussian5_0
2021-12-16 18:53:47,552 - utils.dataset_utils - INFO - load dataset(light) time elapsed:0.0034407498314976692
2021-12-16 18:53:47,552 - models.pytorch_cvae - INFO - feature info:[('s_acctbal', 'numerical', 6), ('s_nationkey', 'categorical', 6), ('s_suppkey', 'categorical', 15)]
2021-12-16 18:53:47,552 - utils.model_utils - INFO - load model name:torch_cvae_tpch-1m-supplier_s_nationkey_ld50_id100_bs32_ep150_0_binary_gaussian5
2021-12-16 18:53:47,554 - utils.model_utils - INFO - load torch model time elapsed:0.0013840747997164726
2021-12-16 18:53:47,554 - models.pytorch_cvae - INFO - load model time elapsed:0.005561725236475468
2021-12-16 18:53:47,554 - __main__ - INFO - multi_sampling No.0 epoch
2021-12-16 18:53:47,554 - models.pytorch_cvae - INFO - statistics sampling rate:0.01
2021-12-16 18:53:47,554 - __main__ - INFO - multi_sampling No.1 epoch
2021-12-16 18:53:47,560 - models.pytorch_cvae - INFO - statistics sampling rate:0.01
2021-12-16 18:53:47,560 - __main__ - INFO - multi_sampling No.2 epoch
2021-12-16 18:53:47,561 - models.pytorch_cvae - INFO - statistics sampling rate:0.01
2021-12-16 18:53:48,111 - models.pytorch_cvae - INFO - sampling time:0.5566660529002547
2021-12-16 18:53:48,138 - models.pytorch_cvae - INFO - statistics sampling rate:0.1
2021-12-16 18:53:48,219 - models.pytorch_cvae - INFO - sampling time:0.6585618034005165
2021-12-16 18:53:48,286 - models.pytorch_cvae - INFO - statistics sampling rate:0.1
2021-12-16 18:53:48,295 - models.pytorch_cvae - INFO - sampling time:0.7334180818870664
2021-12-16 18:53:48,338 - models.pytorch_cvae - INFO - statistics sampling rate:0.1
2021-12-16 18:53:48,415 - models.pytorch_cvae - INFO - sampling time:0.27735680248588324
2021-12-16 18:53:48,495 - models.pytorch_cvae - INFO - sampling time:0.1577458456158638
2021-12-16 18:53:48,507 - __main__ - INFO - sample and aggregation time elapsed:0.9529691245406866
2021-12-16 18:53:48,574 - models.pytorch_cvae - INFO - sampling time:0.2887899549677968
2021-12-16 18:53:48,621 - __main__ - INFO - sample and aggregation time elapsed:1.0603055860847235
2021-12-16 18:53:48,649 - __main__ - INFO - sample and aggregation time elapsed:1.0895177191123366
2021-12-16 18:53:48,654 - __main__ - INFO - sample time:1.1001582527533174
2021-12-16 18:53:48,667 - __main__ - INFO - aqp result:
             avg(c_acctbal)  avg(s_acctbal)  sum(c_acctbal)  sum(s_acctbal)
c_nationkey                                                                
0           4519.58         5229.45         75216052761.04  87029946309.86 
1           4521.30         5338.25         78733542100.18  92959798742.67 
2           4419.65         5248.74         82108810804.41  97511911277.37 
3           4520.89         5009.52         84519906891.53  93654982166.90 
4           4373.11         4921.62         68955294623.01  77604075996.84 
5           4481.65         5064.71         69218460403.54  78223782057.77 
6           4608.80         4973.78         80988469123.11  87402055610.11 
7           4489.52         4892.48         77229440046.11  84161269217.09 
8           4511.78         5169.10         79199168014.07  90737535545.36 
9           4502.08         4891.16         78543386943.36  85331213628.53 
10          4448.05         4616.90         80663872166.40  83725840888.22 
11          4409.29         4504.82         79839941584.54  81569682248.38 
12          4495.18         4822.42         77330333370.38  82959732485.14 
13          4629.37         4441.40         76078243930.27  72989230256.30 
14          4646.36         4214.19         83942279299.37  76134654684.39 
15          4404.91         4859.45         71675258378.59  79071330703.39 
16          4519.57         4911.52         75464574346.05  82009015352.18 
17          4664.55         5141.36         80023711352.49  88203663418.43 
18          4535.33         5074.95         81231818688.48  90897007456.44 
19          4326.95         4868.54         72710883748.02  81811926691.95 
20          4483.29         5298.33         78359407443.39  92604856172.60 
21          4410.63         5049.98         77557224533.38  88799663101.25 
22          4489.03         4765.76         80122286337.55  85061508618.92 
23          4509.70         5058.70         76690810577.08  86027020592.91 
24          4575.53         4918.94         81499340929.96  87616163269.81 
2021-12-16 18:53:48,670 - __main__ - INFO - ground truth:
             avg(c_acctbal)  avg(s_acctbal)  sum(c_acctbal)  sum(s_acctbal)
c_nationkey                                                                
0           4495.08         4750.47         74808300307.97  79058543738.51 
1           4481.35         5156.38         78037804737.42  89792862870.19 
2           4500.11         4926.83         83603605816.42  91531433246.36 
3           4501.52         4976.52         84157817962.92  93037962787.86 
4           4481.25         4955.13         70660420363.18  78132509824.90 
5           4506.27         5017.03         69598653692.12  77487270820.80 
6           4487.10         5263.09         78849876383.14  92485978451.44 
7           4480.55         4725.51         77075278088.26  81289117007.37 
8           4500.54         4898.26         79001842301.71  85983328363.66 
9           4508.52         5056.46         78655627222.94  88215027610.30 
10          4518.18         4934.04         81935710769.84  89477117315.13 
11          4512.10         4846.61         81701543083.81  87758487179.40 
12          4496.61         4905.97         77354913969.64  84397069733.16 
13          4506.92         4967.01         74066058944.76  81627052771.36 
14          4482.32         4748.57         80978762526.42  85788910922.73 
15          4515.02         4993.59         73466872175.01  81253978684.79 
16          4511.16         5125.84         75324113973.83  85587620982.90 
17          4471.53         5194.81         76712255703.01  89120736244.02 
18          4468.37         5153.13         80032519501.53  92297274686.32 
19          4490.91         4865.91         75466160926.82  81767784036.93 
20          4494.50         5210.90         78555417820.06  91076766492.73 
21          4497.21         5087.25         79079595482.76  89454975198.84 
22          4529.54         4945.33         80845288221.60  88266586724.51 
23          4489.35         4974.00         76344790639.43  84586573926.78 
24          4516.77         5065.90         80452749791.40  90233921611.59 
2021-12-16 18:53:48,682 - __main__ - INFO - relative error:
             avg(c_acctbal)  avg(s_acctbal)  sum(c_acctbal)  sum(s_acctbal)
c_nationkey                                                                
0           0.01            0.10            0.01            0.10           
1           0.01            0.04            0.01            0.04           
2           0.02            0.07            0.02            0.07           
3           0.00            0.01            0.00            0.01           
4           0.02            0.01            0.02            0.01           
5           0.01            0.01            0.01            0.01           
6           0.03            0.05            0.03            0.05           
7           0.00            0.04            0.00            0.04           
8           0.00            0.06            0.00            0.06           
9           0.00            0.03            0.00            0.03           
10          0.02            0.06            0.02            0.06           
11          0.02            0.07            0.02            0.07           
12          0.00            0.02            0.00            0.02           
13          0.03            0.11            0.03            0.11           
14          0.04            0.11            0.04            0.11           
15          0.02            0.03            0.02            0.03           
16          0.00            0.04            0.00            0.04           
17          0.04            0.01            0.04            0.01           
18          0.01            0.02            0.01            0.02           
19          0.04            0.00            0.04            0.00           
20          0.00            0.02            0.00            0.02           
21          0.02            0.01            0.02            0.01           
22          0.01            0.04            0.01            0.04           
23          0.00            0.02            0.00            0.02           
24          0.01            0.03            0.01            0.03           
2021-12-16 18:53:48,682 - __main__ - INFO - relative error average :0.026893174957533704
2021-12-16 18:53:48,682 - __main__ - INFO - relative error normalized average :0.02618682043856768
2021-12-16 18:53:48,682 - __main__ - INFO - relative error var normalized average :0.003784758208729283
2021-12-16 18:53:48,683 - __main__ - INFO - total_time:3.2586571872234344
