main.py:20: FutureWarning: Passing a negative integer is deprecated in version 1.0 and will not be supported in future version. Instead, use None to not limit the column width.
  pd.set_option('max_colwidth', -1)
2021-12-16 18:55:15,458 - __main__ - INFO - load query config config/query/customer_with_inc_join_supplier.json successfully
2021-12-16 18:55:15,458 - __main__ - INFO - load train config ./config/train/tpch_customer_with_inc_torch_cvae.json successfully
2021-12-16 18:55:15,458 - __main__ - INFO - load train config ./config/train/tpch_supplier_torch_cvae.json successfully
2021-12-16 18:55:15,458 - utils.dataset_utils - INFO - load existing dataset(light):tpch-1m-customer-with-inc_c_nationkey_c_acctbal_c_nationkey_binary_gaussian5_0
2021-12-16 18:55:15,502 - utils.dataset_utils - INFO - load dataset(light) time elapsed:0.043928674422204494
2021-12-16 18:55:15,502 - models.pytorch_cvae - INFO - feature info:[('c_acctbal', 'numerical', 6), ('c_nationkey', 'categorical', 6)]
2021-12-16 18:55:15,504 - utils.model_utils - INFO - load model name:torch_cvae_tpch-1m-customer-with-inc_c_nationkey_ld50_id100_bs1024_ep100_0_binary_gaussian5
2021-12-16 18:55:17,706 - utils.model_utils - INFO - load torch model time elapsed:2.20199981238693
2021-12-16 18:55:17,706 - models.pytorch_cvae - INFO - load model time elapsed:2.247466209344566
2021-12-16 18:55:17,706 - utils.dataset_utils - INFO - load existing dataset(light):tpch-1m-supplier_s_nationkey#s_suppkey_s_acctbal_s_nationkey_binary_gaussian5_0
2021-12-16 18:55:17,708 - utils.dataset_utils - INFO - load dataset(light) time elapsed:0.0028141606599092484
2021-12-16 18:55:17,709 - models.pytorch_cvae - INFO - feature info:[('s_acctbal', 'numerical', 6), ('s_nationkey', 'categorical', 6), ('s_suppkey', 'categorical', 15)]
2021-12-16 18:55:17,709 - utils.model_utils - INFO - load model name:torch_cvae_tpch-1m-supplier_s_nationkey_ld50_id100_bs32_ep150_0_binary_gaussian5
2021-12-16 18:55:17,711 - utils.model_utils - INFO - load torch model time elapsed:0.0014492236077785492
2021-12-16 18:55:17,711 - models.pytorch_cvae - INFO - load model time elapsed:0.005044453777372837
2021-12-16 18:55:17,711 - __main__ - INFO - multi_sampling No.0 epoch
2021-12-16 18:55:17,711 - models.pytorch_cvae - INFO - statistics sampling rate:0.05
2021-12-16 18:55:17,711 - __main__ - INFO - multi_sampling No.1 epoch
2021-12-16 18:55:17,714 - models.pytorch_cvae - INFO - statistics sampling rate:0.05
2021-12-16 18:55:17,715 - __main__ - INFO - multi_sampling No.2 epoch
2021-12-16 18:55:17,715 - models.pytorch_cvae - INFO - statistics sampling rate:0.05
2021-12-16 18:55:18,853 - models.pytorch_cvae - INFO - sampling time:1.1422609379515052
2021-12-16 18:55:18,854 - models.pytorch_cvae - INFO - sampling time:1.1392377149313688
2021-12-16 18:55:18,859 - models.pytorch_cvae - INFO - sampling time:1.144654736854136
2021-12-16 18:55:19,509 - models.pytorch_cvae - INFO - statistics sampling rate:0.1
2021-12-16 18:55:19,548 - models.pytorch_cvae - INFO - statistics sampling rate:0.1
2021-12-16 18:55:19,550 - models.pytorch_cvae - INFO - statistics sampling rate:0.1
2021-12-16 18:55:19,646 - models.pytorch_cvae - INFO - sampling time:0.09763410035520792
2021-12-16 18:55:19,648 - models.pytorch_cvae - INFO - sampling time:0.0974421976134181
2021-12-16 18:55:19,693 - models.pytorch_cvae - INFO - sampling time:0.18158124200999737
2021-12-16 18:55:19,980 - __main__ - INFO - sample and aggregation time elapsed:2.2691550981253386
2021-12-16 18:55:19,992 - __main__ - INFO - sample and aggregation time elapsed:2.277629390358925
2021-12-16 18:55:19,993 - __main__ - INFO - sample and aggregation time elapsed:2.278010698966682
2021-12-16 18:55:19,996 - __main__ - INFO - sample time:2.2854854483157396
2021-12-16 18:55:20,010 - __main__ - INFO - aqp result:
             avg(c_acctbal)  avg(s_acctbal)  sum(c_acctbal)  sum(s_acctbal)
c_nationkey                                                                
0           4463.82         5291.01         74288030176.46  88054347288.41 
1           4571.26         5090.58         79603480339.22  88646979979.05 
2           4503.67         4661.97         83669810690.54  86610842432.32 
3           4523.63         4417.48         84571141017.38  82586538427.34 
4           4488.27         5081.79         70771116499.14  80129727113.97 
5           4504.65         4804.51         69573661325.09  74204972738.34 
6           4519.97         5110.30         79427451450.54  89801037364.51 
7           4524.47         5001.98         77830709954.32  86045011393.06 
8           4503.07         4618.00         79046281456.21  81063662276.56 
9           4567.79         4936.86         79689683764.74  86128431905.27 
10          4500.11         4918.53         81607956140.82  89195960551.48 
11          4477.45         4881.34         81074069385.56  88387320272.23 
12          4475.47         5342.61         76991225201.95  91908550664.50 
13          4461.08         5161.18         73312677578.31  84817965343.09 
14          4482.89         4725.52         80989031043.48  85372581871.36 
15          4497.88         5374.36         73187881958.57  87449711846.27 
16          4530.17         5417.09         75641591665.87  90450662525.25 
17          4591.78         5010.76         78775191484.48  85963179658.49 
18          4440.16         5059.07         79527300420.34  90612493549.69 
19          4467.05         4681.91         75065274410.47  78675781937.31 
20          4506.28         4722.52         78761285715.40  82540728326.81 
21          4488.93         4742.49         78934057605.33  83392659553.44 
22          4404.82         5177.19         78619393841.49  92404897142.85 
23          4528.01         4995.11         77002316520.20  84945663332.09 
24          4412.31         5523.40         78592134466.59  98382919838.02 
2021-12-16 18:55:20,014 - __main__ - INFO - ground truth:
             avg(c_acctbal)  avg(s_acctbal)  sum(c_acctbal)  sum(s_acctbal)
c_nationkey                                                                
0           4495.08         4750.47         74808300307.97  79058543738.51 
1           4481.35         5156.38         78037804737.42  89792862870.19 
2           4500.11         4926.83         83603605816.42  91531433246.36 
3           4501.52         4976.52         84157817962.92  93037962787.86 
4           4481.25         4955.13         70660420363.18  78132509824.90 
5           4506.27         5017.03         69598653692.12  77487270820.80 
6           4487.10         5263.09         78849876383.14  92485978451.44 
7           4480.55         4725.51         77075278088.26  81289117007.37 
8           4500.54         4898.26         79001842301.71  85983328363.66 
9           4508.52         5056.46         78655627222.94  88215027610.30 
10          4518.18         4934.04         81935710769.84  89477117315.13 
11          4512.10         4846.61         81701543083.81  87758487179.40 
12          4496.61         4905.97         77354913969.64  84397069733.16 
13          4506.92         4967.01         74066058944.76  81627052771.36 
14          4482.32         4748.57         80978762526.42  85788910922.73 
15          4515.02         4993.59         73466872175.01  81253978684.79 
16          4511.16         5125.84         75324113973.83  85587620982.90 
17          4471.53         5194.81         76712255703.01  89120736244.02 
18          4468.37         5153.13         80032519501.53  92297274686.32 
19          4490.91         4865.91         75466160926.82  81767784036.93 
20          4494.50         5210.90         78555417820.06  91076766492.73 
21          4497.21         5087.25         79079595482.76  89454975198.84 
22          4529.54         4945.33         80845288221.60  88266586724.51 
23          4489.35         4974.00         76344790639.43  84586573926.78 
24          4516.77         5065.90         80452749791.40  90233921611.59 
2021-12-16 18:55:20,032 - __main__ - INFO - relative error:
             avg(c_acctbal)  avg(s_acctbal)  sum(c_acctbal)  sum(s_acctbal)
c_nationkey                                                                
0           0.01            0.11            0.01            0.11           
1           0.02            0.01            0.02            0.01           
2           0.00            0.05            0.00            0.05           
3           0.00            0.11            0.00            0.11           
4           0.00            0.03            0.00            0.03           
5           0.00            0.04            0.00            0.04           
6           0.01            0.03            0.01            0.03           
7           0.01            0.06            0.01            0.06           
8           0.00            0.06            0.00            0.06           
9           0.01            0.02            0.01            0.02           
10          0.00            0.00            0.00            0.00           
11          0.01            0.01            0.01            0.01           
12          0.00            0.09            0.00            0.09           
13          0.01            0.04            0.01            0.04           
14          0.00            0.00            0.00            0.00           
15          0.00            0.08            0.00            0.08           
16          0.00            0.06            0.00            0.06           
17          0.03            0.04            0.03            0.04           
18          0.01            0.02            0.01            0.02           
19          0.01            0.04            0.01            0.04           
20          0.00            0.09            0.00            0.09           
21          0.00            0.07            0.00            0.07           
22          0.03            0.05            0.03            0.05           
23          0.01            0.00            0.01            0.00           
24          0.02            0.09            0.02            0.09           
2021-12-16 18:55:20,033 - __main__ - INFO - relative error average :0.028042981284671278
2021-12-16 18:55:20,033 - __main__ - INFO - relative error normalized average :0.027189009154025293
2021-12-16 18:55:20,033 - __main__ - INFO - relative error var normalized average :0.004728774138815554
2021-12-16 18:55:20,034 - __main__ - INFO - total_time:4.575901264324784
