main.py:20: FutureWarning: Passing a negative integer is deprecated in version 1.0 and will not be supported in future version. Instead, use None to not limit the column width.
  pd.set_option('max_colwidth', -1)
2021-12-16 19:04:12,684 - __main__ - INFO - load query config config/query/customer_with_inc_join_supplier.json successfully
2021-12-16 19:04:12,684 - __main__ - INFO - load train config ./config/train/tpch_customer_with_inc_torch_cvae.json successfully
2021-12-16 19:04:12,684 - __main__ - INFO - load train config ./config/train/tpch_supplier_torch_cvae.json successfully
2021-12-16 19:04:12,684 - utils.dataset_utils - INFO - load existing dataset(light):tpch-1m-customer-with-inc_c_nationkey_c_acctbal_c_nationkey_binary_gaussian5_0sample_train
2021-12-16 19:04:15,398 - utils.dataset_utils - INFO - load dataset(light) time elapsed:2.713447486050427
2021-12-16 19:04:15,398 - models.pytorch_cvae - INFO - feature info:[('c_acctbal', 'numerical', 6), ('c_nationkey', 'categorical', 6)]
2021-12-16 19:04:15,399 - utils.model_utils - INFO - load model name:torch_cvae_tpch-1m-customer-with-inc_c_nationkey_ld50_id100_bs1024_ep100_0_binary_gaussian5sample_train
2021-12-16 19:04:15,401 - utils.model_utils - INFO - load torch model time elapsed:0.001938018947839737
2021-12-16 19:04:15,401 - models.pytorch_cvae - INFO - load model time elapsed:2.716728680767119
2021-12-16 19:04:15,401 - utils.dataset_utils - INFO - load existing dataset(light):tpch-1m-supplier_s_nationkey#s_suppkey_s_acctbal_s_nationkey_binary_gaussian5_0
2021-12-16 19:04:15,404 - utils.dataset_utils - INFO - load dataset(light) time elapsed:0.002645927481353283
2021-12-16 19:04:15,404 - models.pytorch_cvae - INFO - feature info:[('s_acctbal', 'numerical', 6), ('s_nationkey', 'categorical', 6), ('s_suppkey', 'categorical', 15)]
2021-12-16 19:04:15,404 - utils.model_utils - INFO - load model name:torch_cvae_tpch-1m-supplier_s_nationkey_ld50_id100_bs32_ep150_0_binary_gaussian5
2021-12-16 19:04:15,409 - utils.model_utils - INFO - load torch model time elapsed:0.004466277547180653
2021-12-16 19:04:15,409 - models.pytorch_cvae - INFO - load model time elapsed:0.007778101600706577
2021-12-16 19:04:15,409 - __main__ - INFO - multi_sampling No.0 epoch
2021-12-16 19:04:15,409 - models.pytorch_cvae - INFO - statistics sampling rate:0.05
2021-12-16 19:04:15,409 - __main__ - INFO - multi_sampling No.1 epoch
2021-12-16 19:04:15,416 - models.pytorch_cvae - INFO - statistics sampling rate:0.05
2021-12-16 19:04:15,416 - __main__ - INFO - multi_sampling No.2 epoch
2021-12-16 19:04:15,417 - models.pytorch_cvae - INFO - statistics sampling rate:0.05
2021-12-16 19:04:16,757 - models.pytorch_cvae - INFO - sampling time:1.347334193997085
2021-12-16 19:04:16,765 - models.pytorch_cvae - INFO - sampling time:1.3490180103108287
2021-12-16 19:04:17,050 - models.pytorch_cvae - INFO - sampling time:1.6322419242933393
2021-12-16 19:04:17,466 - models.pytorch_cvae - INFO - statistics sampling rate:0.1
2021-12-16 19:04:17,542 - models.pytorch_cvae - INFO - statistics sampling rate:0.1
2021-12-16 19:04:17,583 - models.pytorch_cvae - INFO - statistics sampling rate:0.1
2021-12-16 19:04:17,673 - models.pytorch_cvae - INFO - sampling time:0.09016168024390936
2021-12-16 19:04:17,825 - models.pytorch_cvae - INFO - sampling time:0.3583429381251335
2021-12-16 19:04:17,867 - __main__ - INFO - sample and aggregation time elapsed:2.4512985991314054
2021-12-16 19:04:17,871 - models.pytorch_cvae - INFO - sampling time:0.32859696820378304
2021-12-16 19:04:18,064 - __main__ - INFO - sample and aggregation time elapsed:2.647072970867157
2021-12-16 19:04:18,081 - __main__ - INFO - sample and aggregation time elapsed:2.6719799553975463
2021-12-16 19:04:18,083 - __main__ - INFO - sample time:2.6745641892775893
2021-12-16 19:04:18,091 - __main__ - INFO - aqp result:
             avg(c_acctbal)  avg(s_acctbal)  sum(c_acctbal)  sum(s_acctbal)
c_nationkey                                                                
0           4305.47         4600.67         93228492369.05  99620654102.38 
1           4374.51         5257.33         99162574814.81  119174657308.06
2           4378.76         5326.02         105776658962.11 128659249770.39
3           4355.62         5050.39         106283956156.18 123237329549.16
4           4401.04         4694.58         90552120976.60  96591697267.03 
5           4422.57         4861.67         88990969232.56  97826433715.44 
6           4438.67         4765.67         101400389817.15 108870560733.05
7           4401.65         4591.93         98466155338.76  102722671591.96
8           4333.01         5582.67         98582567480.58  127014307990.47
9           4329.80         4588.96         98005253935.26  103871499123.51
10          4320.64         5128.20         102067602060.79 121144757747.34
11          4386.02         4896.84         103298066335.30 115328765054.50
12          4408.43         4432.83         98389447114.31  98934039459.53 
13          4401.32         5068.14         94108453503.74  108366176752.68
14          4384.59         4818.43         103151554643.79 113358073866.77
15          4354.02         4262.10         92280790930.83  90332635109.76 
16          4397.77         5085.20         95665023221.59  110618602957.03
17          4380.53         5244.01         97630621558.88  116875489653.19
18          4386.82         4418.86         102159857675.29 102906001952.95
19          4358.95         4922.92         95195915552.46  107512504868.39
20          4444.59         4921.20         100968552440.78 111795780945.84
21          4408.18         5417.99         101051069869.14 124199685584.63
22          4401.16         4873.10         102109011873.24 113058149746.90
23          4433.03         4920.75         98054681291.48  108842660054.74
24          4268.56         5355.36         98852468588.16  124020790566.86
2021-12-16 19:04:18,093 - __main__ - INFO - ground truth:
             avg(c_acctbal)  avg(s_acctbal)  sum(c_acctbal)  sum(s_acctbal)
c_nationkey                                                                
0           4489.09         4750.47         97204429060.11  102864283639.34
1           4478.58         5156.38         101521631809.03 116886387814.97
2           4502.84         4926.83         108773860934.93 119016293073.25
3           4510.50         4976.52         110063319836.95 121434781349.97
4           4467.80         4955.13         91925727389.56  101952561544.09
5           4506.93         5017.03         90688332145.90  100952499397.81
6           4489.99         5263.09         102572805214.01 120234077220.52
7           4481.97         4725.51         100262969999.54 105711043954.64
8           4491.71         4898.26         102193355822.35 111442904344.11
9           4507.31         5056.46         102023357487.12 114453365970.99
10          4514.20         4934.04         106640129528.12 116557963141.05
11          4509.51         4846.61         106206568975.75 114145706219.45
12          4495.81         4905.97         100339620692.57 109493748108.56
13          4519.66         4967.01         96638723186.87  106203971323.94
14          4489.09         4748.57         105610059556.98 111714619054.55
15          4513.94         4993.59         95670237506.21  105836044024.01
16          4509.69         5125.84         98099691841.22  111502795597.57
17          4476.99         5194.81         99780562278.61  115778956973.10
18          4470.09         5153.13         104098927638.07 120005532950.10
19          4480.83         4865.91         97857583891.19  106267463992.76
20          4505.29         5210.90         102347462434.85 118377097752.18
21          4500.84         5087.25         103175299651.56 116617824864.37
22          4522.71         4945.33         104928946224.34 114733990724.54
23          4492.85         4974.00         99377984303.50  110020479238.93
24          4507.26         5065.90         104380144828.63 117317398620.77
2021-12-16 19:04:18,102 - __main__ - INFO - relative error:
             avg(c_acctbal)  avg(s_acctbal)  sum(c_acctbal)  sum(s_acctbal)
c_nationkey                                                                
0           0.04            0.03            0.04            0.03           
1           0.02            0.02            0.02            0.02           
2           0.03            0.08            0.03            0.08           
3           0.03            0.01            0.03            0.01           
4           0.01            0.05            0.01            0.05           
5           0.02            0.03            0.02            0.03           
6           0.01            0.09            0.01            0.09           
7           0.02            0.03            0.02            0.03           
8           0.04            0.14            0.04            0.14           
9           0.04            0.09            0.04            0.09           
10          0.04            0.04            0.04            0.04           
11          0.03            0.01            0.03            0.01           
12          0.02            0.10            0.02            0.10           
13          0.03            0.02            0.03            0.02           
14          0.02            0.01            0.02            0.01           
15          0.04            0.15            0.04            0.15           
16          0.02            0.01            0.02            0.01           
17          0.02            0.01            0.02            0.01           
18          0.02            0.14            0.02            0.14           
19          0.03            0.01            0.03            0.01           
20          0.01            0.06            0.01            0.06           
21          0.02            0.07            0.02            0.07           
22          0.03            0.01            0.03            0.01           
23          0.01            0.01            0.01            0.01           
24          0.05            0.06            0.05            0.06           
2021-12-16 19:04:18,102 - __main__ - INFO - relative error average :0.038912320780214
2021-12-16 19:04:18,102 - __main__ - INFO - relative error normalized average :0.03761448063799373
2021-12-16 19:04:18,102 - __main__ - INFO - relative error var normalized average :0.007567135466917345
2021-12-16 19:04:18,104 - __main__ - INFO - total_time:5.420222749002278
