main.py:20: FutureWarning: Passing a negative integer is deprecated in version 1.0 and will not be supported in future version. Instead, use None to not limit the column width.
  pd.set_option('max_colwidth', -1)
2021-12-16 19:02:47,486 - __main__ - INFO - load query config config/query/customer_with_inc_join_supplier.json successfully
2021-12-16 19:02:47,486 - __main__ - INFO - load train config ./config/train/tpch_customer_with_inc_torch_cvae.json successfully
2021-12-16 19:02:47,486 - __main__ - INFO - load train config ./config/train/tpch_supplier_torch_cvae.json successfully
2021-12-16 19:02:47,486 - utils.dataset_utils - INFO - load existing dataset(light):tpch-1m-customer-with-inc_c_nationkey_c_acctbal_c_nationkey_binary_gaussian5_0sample_train
2021-12-16 19:02:50,227 - utils.dataset_utils - INFO - load dataset(light) time elapsed:2.7412663735449314
2021-12-16 19:02:50,227 - models.pytorch_cvae - INFO - feature info:[('c_acctbal', 'numerical', 6), ('c_nationkey', 'categorical', 6)]
2021-12-16 19:02:50,228 - utils.model_utils - INFO - load model name:torch_cvae_tpch-1m-customer-with-inc_c_nationkey_ld50_id100_bs1024_ep100_0_binary_gaussian5sample_train
2021-12-16 19:02:50,232 - utils.model_utils - INFO - load torch model time elapsed:0.003342091105878353
2021-12-16 19:02:50,232 - models.pytorch_cvae - INFO - load model time elapsed:2.745952353812754
2021-12-16 19:02:50,232 - utils.dataset_utils - INFO - load existing dataset(light):tpch-1m-supplier_s_nationkey#s_suppkey_s_acctbal_s_nationkey_binary_gaussian5_0
2021-12-16 19:02:50,235 - utils.dataset_utils - INFO - load dataset(light) time elapsed:0.0029192715883255005
2021-12-16 19:02:50,235 - models.pytorch_cvae - INFO - feature info:[('s_acctbal', 'numerical', 6), ('s_nationkey', 'categorical', 6), ('s_suppkey', 'categorical', 15)]
2021-12-16 19:02:50,235 - utils.model_utils - INFO - load model name:torch_cvae_tpch-1m-supplier_s_nationkey_ld50_id100_bs32_ep150_0_binary_gaussian5
2021-12-16 19:02:50,237 - utils.model_utils - INFO - load torch model time elapsed:0.0013737352564930916
2021-12-16 19:02:50,237 - models.pytorch_cvae - INFO - load model time elapsed:0.004948566667735577
2021-12-16 19:02:50,237 - __main__ - INFO - multi_sampling No.0 epoch
2021-12-16 19:02:50,237 - models.pytorch_cvae - INFO - statistics sampling rate:0.01
2021-12-16 19:02:50,237 - __main__ - INFO - multi_sampling No.1 epoch
2021-12-16 19:02:50,243 - models.pytorch_cvae - INFO - statistics sampling rate:0.01
2021-12-16 19:02:50,243 - __main__ - INFO - multi_sampling No.2 epoch
2021-12-16 19:02:50,244 - models.pytorch_cvae - INFO - statistics sampling rate:0.01
2021-12-16 19:02:50,831 - models.pytorch_cvae - INFO - sampling time:0.5936924051493406
2021-12-16 19:02:50,859 - models.pytorch_cvae - INFO - statistics sampling rate:0.1
2021-12-16 19:02:50,951 - models.pytorch_cvae - INFO - sampling time:0.7072496917098761
2021-12-16 19:02:51,001 - models.pytorch_cvae - INFO - statistics sampling rate:0.1
2021-12-16 19:02:51,008 - models.pytorch_cvae - INFO - sampling time:0.7635279754176736
2021-12-16 19:02:51,051 - models.pytorch_cvae - INFO - statistics sampling rate:0.1
2021-12-16 19:02:51,147 - models.pytorch_cvae - INFO - sampling time:0.28712789341807365
2021-12-16 19:02:51,219 - models.pytorch_cvae - INFO - sampling time:0.16822184436023235
2021-12-16 19:02:51,239 - __main__ - INFO - sample and aggregation time elapsed:1.0016104765236378
2021-12-16 19:02:51,304 - __main__ - INFO - sample and aggregation time elapsed:1.0603597247973084
2021-12-16 19:02:51,311 - models.pytorch_cvae - INFO - sampling time:0.30956512689590454
2021-12-16 19:02:51,366 - __main__ - INFO - sample and aggregation time elapsed:1.1233654981479049
2021-12-16 19:02:51,371 - __main__ - INFO - sample time:1.1339517524465919
2021-12-16 19:02:51,383 - __main__ - INFO - aqp result:
             avg(c_acctbal)  avg(s_acctbal)  sum(c_acctbal)  sum(s_acctbal)
c_nationkey                                                                
0           4393.27         4945.08         95129610486.65  107078225750.95
1           4360.99         4788.80         98856114256.35  108553985222.03
2           4347.93         5124.00         105031758350.45 123779105359.31
3           4347.94         5101.75         106096474167.08 124490780978.05
4           4404.41         5197.08         90621452266.99  106930685229.18
5           4520.61         4949.28         90963705367.88  99589325385.98 
6           4468.82         4749.96         102089079095.29 108511772988.37
7           4394.18         4509.90         98299092616.59  100887782674.86
8           4287.22         4671.31         97540836606.11  106279528156.03
9           4362.38         4920.71         98742787545.23  111380526760.52
10          4569.93         4901.86         107956463194.51 115797727128.68
11          4273.78         5050.13         100654622491.75 118938942772.72
12          4371.38         4935.41         97562627022.75  110150768195.84
13          4480.32         4882.37         95797518624.46  104394189919.31
14          4545.51         4638.45         106937361743.76 109124055234.57
15          4424.46         4571.63         93773707726.98  96892841216.52 
16          4190.27         4928.36         91151182383.99  107206956786.84
17          4402.15         4938.10         98112494157.11  110057361253.67
18          4475.80         4782.60         104231977574.44 111376652590.96
19          4463.82         4607.17         97485972547.44  100616737466.95
20          4288.22         4912.35         97416300898.21  111594827419.13
21          4436.36         5387.99         101697256757.17 123512022372.50
22          4335.35         4774.52         100582207702.29 110771220430.51
23          4263.78         5218.83         94311078205.43  115435974692.16
24          4333.33         5141.48         100352376162.19 119067640203.65
2021-12-16 19:02:51,386 - __main__ - INFO - ground truth:
             avg(c_acctbal)  avg(s_acctbal)  sum(c_acctbal)  sum(s_acctbal)
c_nationkey                                                                
0           4489.09         4750.47         97204429060.11  102864283639.34
1           4478.58         5156.38         101521631809.03 116886387814.97
2           4502.84         4926.83         108773860934.93 119016293073.25
3           4510.50         4976.52         110063319836.95 121434781349.97
4           4467.80         4955.13         91925727389.56  101952561544.09
5           4506.93         5017.03         90688332145.90  100952499397.81
6           4489.99         5263.09         102572805214.01 120234077220.52
7           4481.97         4725.51         100262969999.54 105711043954.64
8           4491.71         4898.26         102193355822.35 111442904344.11
9           4507.31         5056.46         102023357487.12 114453365970.99
10          4514.20         4934.04         106640129528.12 116557963141.05
11          4509.51         4846.61         106206568975.75 114145706219.45
12          4495.81         4905.97         100339620692.57 109493748108.56
13          4519.66         4967.01         96638723186.87  106203971323.94
14          4489.09         4748.57         105610059556.98 111714619054.55
15          4513.94         4993.59         95670237506.21  105836044024.01
16          4509.69         5125.84         98099691841.22  111502795597.57
17          4476.99         5194.81         99780562278.61  115778956973.10
18          4470.09         5153.13         104098927638.07 120005532950.10
19          4480.83         4865.91         97857583891.19  106267463992.76
20          4505.29         5210.90         102347462434.85 118377097752.18
21          4500.84         5087.25         103175299651.56 116617824864.37
22          4522.71         4945.33         104928946224.34 114733990724.54
23          4492.85         4974.00         99377984303.50  110020479238.93
24          4507.26         5065.90         104380144828.63 117317398620.77
2021-12-16 19:02:51,397 - __main__ - INFO - relative error:
             avg(c_acctbal)  avg(s_acctbal)  sum(c_acctbal)  sum(s_acctbal)
c_nationkey                                                                
0           0.02            0.04            0.02            0.04           
1           0.03            0.07            0.03            0.07           
2           0.03            0.04            0.03            0.04           
3           0.04            0.03            0.04            0.03           
4           0.01            0.05            0.01            0.05           
5           0.00            0.01            0.00            0.01           
6           0.00            0.10            0.00            0.10           
7           0.02            0.05            0.02            0.05           
8           0.05            0.05            0.05            0.05           
9           0.03            0.03            0.03            0.03           
10          0.01            0.01            0.01            0.01           
11          0.05            0.04            0.05            0.04           
12          0.03            0.01            0.03            0.01           
13          0.01            0.02            0.01            0.02           
14          0.01            0.02            0.01            0.02           
15          0.02            0.08            0.02            0.08           
16          0.07            0.04            0.07            0.04           
17          0.02            0.05            0.02            0.05           
18          0.00            0.07            0.00            0.07           
19          0.00            0.05            0.00            0.05           
20          0.05            0.06            0.05            0.06           
21          0.01            0.06            0.01            0.06           
22          0.04            0.03            0.04            0.03           
23          0.05            0.05            0.05            0.05           
24          0.04            0.01            0.04            0.01           
2021-12-16 19:02:51,397 - __main__ - INFO - relative error average :0.034404107221688095
2021-12-16 19:02:51,397 - __main__ - INFO - relative error normalized average :0.03358375639743084
2021-12-16 19:02:51,397 - __main__ - INFO - relative error var normalized average :0.004519956252514072
2021-12-16 19:02:51,400 - __main__ - INFO - total_time:3.9141110396012664
