main.py:20: FutureWarning: Passing a negative integer is deprecated in version 1.0 and will not be supported in future version. Instead, use None to not limit the column width.
  pd.set_option('max_colwidth', -1)
2021-12-16 19:03:16,447 - __main__ - INFO - load query config config/query/customer_with_inc_join_supplier.json successfully
2021-12-16 19:03:16,448 - __main__ - INFO - load train config ./config/train/tpch_customer_with_inc_torch_cvae.json successfully
2021-12-16 19:03:16,448 - __main__ - INFO - load train config ./config/train/tpch_supplier_torch_cvae.json successfully
2021-12-16 19:03:16,448 - utils.dataset_utils - INFO - load existing dataset(light):tpch-1m-customer-with-inc_c_nationkey_c_acctbal_c_nationkey_binary_gaussian5_0sample_train
2021-12-16 19:03:19,177 - utils.dataset_utils - INFO - load dataset(light) time elapsed:2.7297408673912287
2021-12-16 19:03:19,178 - models.pytorch_cvae - INFO - feature info:[('c_acctbal', 'numerical', 6), ('c_nationkey', 'categorical', 6)]
2021-12-16 19:03:19,179 - utils.model_utils - INFO - load model name:torch_cvae_tpch-1m-customer-with-inc_c_nationkey_ld50_id100_bs1024_ep100_0_binary_gaussian5sample_train
2021-12-16 19:03:19,182 - utils.model_utils - INFO - load torch model time elapsed:0.0034340135753154755
2021-12-16 19:03:19,182 - models.pytorch_cvae - INFO - load model time elapsed:2.734545753337443
2021-12-16 19:03:19,182 - utils.dataset_utils - INFO - load existing dataset(light):tpch-1m-supplier_s_nationkey#s_suppkey_s_acctbal_s_nationkey_binary_gaussian5_0
2021-12-16 19:03:19,185 - utils.dataset_utils - INFO - load dataset(light) time elapsed:0.0028688842430710793
2021-12-16 19:03:19,185 - models.pytorch_cvae - INFO - feature info:[('s_acctbal', 'numerical', 6), ('s_nationkey', 'categorical', 6), ('s_suppkey', 'categorical', 15)]
2021-12-16 19:03:19,186 - utils.model_utils - INFO - load model name:torch_cvae_tpch-1m-supplier_s_nationkey_ld50_id100_bs32_ep150_0_binary_gaussian5
2021-12-16 19:03:19,187 - utils.model_utils - INFO - load torch model time elapsed:0.0014142123982310295
2021-12-16 19:03:19,187 - models.pytorch_cvae - INFO - load model time elapsed:0.00493586715310812
2021-12-16 19:03:19,187 - __main__ - INFO - multi_sampling No.0 epoch
2021-12-16 19:03:19,188 - models.pytorch_cvae - INFO - statistics sampling rate:0.02
2021-12-16 19:03:19,188 - __main__ - INFO - multi_sampling No.1 epoch
2021-12-16 19:03:19,193 - models.pytorch_cvae - INFO - statistics sampling rate:0.02
2021-12-16 19:03:19,194 - __main__ - INFO - multi_sampling No.2 epoch
2021-12-16 19:03:19,194 - models.pytorch_cvae - INFO - statistics sampling rate:0.02
2021-12-16 19:03:20,037 - models.pytorch_cvae - INFO - sampling time:0.8490310842171311
2021-12-16 19:03:20,111 - models.pytorch_cvae - INFO - sampling time:0.9175509624183178
2021-12-16 19:03:20,270 - models.pytorch_cvae - INFO - statistics sampling rate:0.1
2021-12-16 19:03:20,277 - models.pytorch_cvae - INFO - statistics sampling rate:0.1
2021-12-16 19:03:20,346 - models.pytorch_cvae - INFO - sampling time:1.1507086297497153
2021-12-16 19:03:20,399 - models.pytorch_cvae - INFO - statistics sampling rate:0.1
2021-12-16 19:03:20,492 - models.pytorch_cvae - INFO - sampling time:0.22079788241535425
2021-12-16 19:03:20,654 - __main__ - INFO - sample and aggregation time elapsed:1.4667645152658224
2021-12-16 19:03:20,659 - models.pytorch_cvae - INFO - sampling time:0.38193364813923836
2021-12-16 19:03:20,663 - models.pytorch_cvae - INFO - sampling time:0.26425954420119524
2021-12-16 19:03:20,800 - __main__ - INFO - sample and aggregation time elapsed:1.60693368781358
2021-12-16 19:03:20,801 - __main__ - INFO - sample and aggregation time elapsed:1.607091506011784
2021-12-16 19:03:20,806 - __main__ - INFO - sample time:1.6187063436955214
2021-12-16 19:03:20,819 - __main__ - INFO - aqp result:
             avg(c_acctbal)  avg(s_acctbal)  sum(c_acctbal)  sum(s_acctbal)
c_nationkey                                                                
0           4383.29         5181.16         94913515635.28  112190181738.37
1           4245.28         5368.51         96233285148.65  121694923383.07
2           4317.16         4882.30         104288612216.98 117940602036.30
3           4317.54         4738.46         105354708917.60 115625853441.98
4           4297.11         4741.88         88413623617.91  97564865078.75 
5           4428.36         5035.02         89107396894.84  101314630032.73
6           4397.75         4668.29         100465506050.23 106645991018.40
7           4381.17         4568.31         98007999680.54  102194390111.39
8           4315.89         4893.88         98193074000.88  111343182620.41
9           4433.31         5234.18         100348282116.75 118476154068.91
10          4356.85         4788.72         102922950098.70 113125076723.35
11          4354.23         4921.25         102549459785.51 115903544246.04
12          4387.85         4708.49         97930106351.19  105086211555.78
13          4419.24         5174.85         94491667006.04  110647934773.87
14          4272.53         5000.46         100515392226.84 117640686209.73
15          4323.68         4707.12         91637805898.33  99764569141.52 
16          4399.17         5081.76         95695373962.84  110543797578.22
17          4440.60         5070.31         98969566373.18  113004169672.80
18          4304.12         5012.50         100233869524.06 116730656807.96
19          4498.19         4976.16         98236630784.76  108675052401.30
20          4369.90         4825.08         99271932035.07  109612263066.24
21          4328.66         5310.15         99228366448.46  121727581093.16
22          4337.90         5457.37         100641271049.80 126613499014.15
23          4306.78         4850.87         95262306630.95  107296916761.95
24          4401.28         4679.66         101925925143.54 108372598330.61
2021-12-16 19:03:20,822 - __main__ - INFO - ground truth:
             avg(c_acctbal)  avg(s_acctbal)  sum(c_acctbal)  sum(s_acctbal)
c_nationkey                                                                
0           4489.09         4750.47         97204429060.11  102864283639.34
1           4478.58         5156.38         101521631809.03 116886387814.97
2           4502.84         4926.83         108773860934.93 119016293073.25
3           4510.50         4976.52         110063319836.95 121434781349.97
4           4467.80         4955.13         91925727389.56  101952561544.09
5           4506.93         5017.03         90688332145.90  100952499397.81
6           4489.99         5263.09         102572805214.01 120234077220.52
7           4481.97         4725.51         100262969999.54 105711043954.64
8           4491.71         4898.26         102193355822.35 111442904344.11
9           4507.31         5056.46         102023357487.12 114453365970.99
10          4514.20         4934.04         106640129528.12 116557963141.05
11          4509.51         4846.61         106206568975.75 114145706219.45
12          4495.81         4905.97         100339620692.57 109493748108.56
13          4519.66         4967.01         96638723186.87  106203971323.94
14          4489.09         4748.57         105610059556.98 111714619054.55
15          4513.94         4993.59         95670237506.21  105836044024.01
16          4509.69         5125.84         98099691841.22  111502795597.57
17          4476.99         5194.81         99780562278.61  115778956973.10
18          4470.09         5153.13         104098927638.07 120005532950.10
19          4480.83         4865.91         97857583891.19  106267463992.76
20          4505.29         5210.90         102347462434.85 118377097752.18
21          4500.84         5087.25         103175299651.56 116617824864.37
22          4522.71         4945.33         104928946224.34 114733990724.54
23          4492.85         4974.00         99377984303.50  110020479238.93
24          4507.26         5065.90         104380144828.63 117317398620.77
2021-12-16 19:03:20,833 - __main__ - INFO - relative error:
             avg(c_acctbal)  avg(s_acctbal)  sum(c_acctbal)  sum(s_acctbal)
c_nationkey                                                                
0           0.02            0.09            0.02            0.09           
1           0.05            0.04            0.05            0.04           
2           0.04            0.01            0.04            0.01           
3           0.04            0.05            0.04            0.05           
4           0.04            0.04            0.04            0.04           
5           0.02            0.00            0.02            0.00           
6           0.02            0.11            0.02            0.11           
7           0.02            0.03            0.02            0.03           
8           0.04            0.00            0.04            0.00           
9           0.02            0.04            0.02            0.04           
10          0.03            0.03            0.03            0.03           
11          0.03            0.02            0.03            0.02           
12          0.02            0.04            0.02            0.04           
13          0.02            0.04            0.02            0.04           
14          0.05            0.05            0.05            0.05           
15          0.04            0.06            0.04            0.06           
16          0.02            0.01            0.02            0.01           
17          0.01            0.02            0.01            0.02           
18          0.04            0.03            0.04            0.03           
19          0.00            0.02            0.00            0.02           
20          0.03            0.07            0.03            0.07           
21          0.04            0.04            0.04            0.04           
22          0.04            0.10            0.04            0.10           
23          0.04            0.02            0.04            0.02           
24          0.02            0.08            0.02            0.08           
2021-12-16 19:03:20,833 - __main__ - INFO - relative error average :0.03654897128059938
2021-12-16 19:03:20,833 - __main__ - INFO - relative error normalized average :0.03563388612781016
2021-12-16 19:03:20,833 - __main__ - INFO - relative error var normalized average :0.005067090094107493
2021-12-16 19:03:20,835 - __main__ - INFO - total_time:4.387614147737622
