main.py:20: FutureWarning: Passing a negative integer is deprecated in version 1.0 and will not be supported in future version. Instead, use None to not limit the column width.
  pd.set_option('max_colwidth', -1)
2021-12-16 19:05:58,244 - __main__ - INFO - load query config config/query/customer_with_inc_join_supplier.json successfully
2021-12-16 19:05:58,244 - __main__ - INFO - load train config ./config/train/tpch_customer_with_inc_torch_cvae.json successfully
2021-12-16 19:05:58,244 - __main__ - INFO - load train config ./config/train/tpch_supplier_torch_cvae.json successfully
2021-12-16 19:05:58,244 - utils.dataset_utils - INFO - load existing dataset(light):tpch-1m-customer-with-inc_c_nationkey_c_acctbal_c_nationkey_binary_gaussian5_0sample_train
2021-12-16 19:06:00,971 - utils.dataset_utils - INFO - load dataset(light) time elapsed:2.7267092149704695
2021-12-16 19:06:00,971 - models.pytorch_cvae - INFO - feature info:[('c_acctbal', 'numerical', 6), ('c_nationkey', 'categorical', 6)]
2021-12-16 19:06:00,972 - utils.model_utils - INFO - load model name:torch_cvae_tpch-1m-customer-with-inc_c_nationkey_ld50_id100_bs1024_ep100_0_binary_gaussian5sample_train
2021-12-16 19:06:00,977 - utils.model_utils - INFO - load torch model time elapsed:0.004677369259297848
2021-12-16 19:06:00,977 - models.pytorch_cvae - INFO - load model time elapsed:2.7327215429395437
2021-12-16 19:06:00,977 - utils.dataset_utils - INFO - load existing dataset(light):tpch-1m-supplier_s_nationkey#s_suppkey_s_acctbal_s_nationkey_binary_gaussian5_0
2021-12-16 19:06:00,980 - utils.dataset_utils - INFO - load dataset(light) time elapsed:0.0026659807190299034
2021-12-16 19:06:00,980 - models.pytorch_cvae - INFO - feature info:[('s_acctbal', 'numerical', 6), ('s_nationkey', 'categorical', 6), ('s_suppkey', 'categorical', 15)]
2021-12-16 19:06:00,980 - utils.model_utils - INFO - load model name:torch_cvae_tpch-1m-supplier_s_nationkey_ld50_id100_bs32_ep150_0_binary_gaussian5
2021-12-16 19:06:00,982 - utils.model_utils - INFO - load torch model time elapsed:0.0014068111777305603
2021-12-16 19:06:00,982 - models.pytorch_cvae - INFO - load model time elapsed:0.004714222624897957
2021-12-16 19:06:00,982 - __main__ - INFO - multi_sampling No.0 epoch
2021-12-16 19:06:00,982 - models.pytorch_cvae - INFO - statistics sampling rate:0.09
2021-12-16 19:06:00,983 - __main__ - INFO - multi_sampling No.1 epoch
2021-12-16 19:06:00,988 - models.pytorch_cvae - INFO - statistics sampling rate:0.09
2021-12-16 19:06:00,988 - __main__ - INFO - multi_sampling No.2 epoch
2021-12-16 19:06:00,990 - models.pytorch_cvae - INFO - statistics sampling rate:0.09
2021-12-16 19:06:02,649 - models.pytorch_cvae - INFO - sampling time:1.6597628444433212
2021-12-16 19:06:02,656 - models.pytorch_cvae - INFO - sampling time:1.6735963560640812
2021-12-16 19:06:02,677 - models.pytorch_cvae - INFO - sampling time:1.6866617314517498
2021-12-16 19:06:03,994 - models.pytorch_cvae - INFO - statistics sampling rate:0.1
2021-12-16 19:06:04,016 - models.pytorch_cvae - INFO - statistics sampling rate:0.1
2021-12-16 19:06:04,045 - models.pytorch_cvae - INFO - statistics sampling rate:0.1
2021-12-16 19:06:04,169 - models.pytorch_cvae - INFO - sampling time:0.17396660521626472
2021-12-16 19:06:04,191 - models.pytorch_cvae - INFO - sampling time:0.1448950655758381
2021-12-16 19:06:04,262 - models.pytorch_cvae - INFO - sampling time:0.2454085759818554
2021-12-16 19:06:04,645 - __main__ - INFO - sample and aggregation time elapsed:3.6569166565313935
2021-12-16 19:06:04,763 - __main__ - INFO - sample and aggregation time elapsed:3.7729445546865463
2021-12-16 19:06:04,797 - __main__ - INFO - sample and aggregation time elapsed:3.814580119214952
2021-12-16 19:06:04,801 - __main__ - INFO - sample time:3.819449180737138
2021-12-16 19:06:04,815 - __main__ - INFO - aqp result:
             avg(c_acctbal)  avg(s_acctbal)  sum(c_acctbal)  sum(s_acctbal)
c_nationkey                                                                
0           4394.23         4999.69         95150532364.85  108260896800.16
1           4426.84         5455.68         100348916749.97 123670817241.38
2           4375.46         4578.90         105696936330.37 110611309523.54
3           4349.95         4778.70         106145644952.70 116607676330.00
4           4339.47         4753.07         89285209076.73  97795092242.73 
5           4437.38         5266.42         89288910056.83  105970908031.03
6           4360.57         5028.07         99616160521.50  114865025838.36
7           4424.54         5066.37         98978108384.60  113336092977.94
8           4334.45         4842.79         98615466657.10  110180791194.30
9           4373.25         5112.63         98988836664.83  115724684165.83
10          4379.50         4644.87         103457974564.41 109726963509.63
11          4451.10         4913.50         104830838627.89 115721238359.16
12          4392.65         5092.77         98037309083.14  113662883121.28
13          4426.93         4952.78         94655972015.26  105899598868.97
14          4366.65         4699.62         102729665464.05 110563022955.64
15          4434.43         4772.49         93984937704.76  101149934014.15
16          4347.15         5179.45         94563939311.89  112668996065.27
17          4358.32         5068.64         97135597544.48  112966884376.39
18          4368.56         5424.44         101734604114.57 126323757914.79
19          4404.26         4360.18         96185373701.69  95222720694.34 
20          4416.78         5190.10         100336877829.50 117904531106.59
21          4418.65         5073.21         101291188902.16 116296017642.92
22          4435.88         5517.00         102914475757.89 127996966522.66
23          4433.63         4591.32         98067952762.76  101555987754.46
24          4363.40         5049.44         101048613158.28 116936155138.31
2021-12-16 19:06:04,818 - __main__ - INFO - ground truth:
             avg(c_acctbal)  avg(s_acctbal)  sum(c_acctbal)  sum(s_acctbal)
c_nationkey                                                                
0           4489.09         4750.47         97204429060.11  102864283639.34
1           4478.58         5156.38         101521631809.03 116886387814.97
2           4502.84         4926.83         108773860934.93 119016293073.25
3           4510.50         4976.52         110063319836.95 121434781349.97
4           4467.80         4955.13         91925727389.56  101952561544.09
5           4506.93         5017.03         90688332145.90  100952499397.81
6           4489.99         5263.09         102572805214.01 120234077220.52
7           4481.97         4725.51         100262969999.54 105711043954.64
8           4491.71         4898.26         102193355822.35 111442904344.11
9           4507.31         5056.46         102023357487.12 114453365970.99
10          4514.20         4934.04         106640129528.12 116557963141.05
11          4509.51         4846.61         106206568975.75 114145706219.45
12          4495.81         4905.97         100339620692.57 109493748108.56
13          4519.66         4967.01         96638723186.87  106203971323.94
14          4489.09         4748.57         105610059556.98 111714619054.55
15          4513.94         4993.59         95670237506.21  105836044024.01
16          4509.69         5125.84         98099691841.22  111502795597.57
17          4476.99         5194.81         99780562278.61  115778956973.10
18          4470.09         5153.13         104098927638.07 120005532950.10
19          4480.83         4865.91         97857583891.19  106267463992.76
20          4505.29         5210.90         102347462434.85 118377097752.18
21          4500.84         5087.25         103175299651.56 116617824864.37
22          4522.71         4945.33         104928946224.34 114733990724.54
23          4492.85         4974.00         99377984303.50  110020479238.93
24          4507.26         5065.90         104380144828.63 117317398620.77
2021-12-16 19:06:04,830 - __main__ - INFO - relative error:
             avg(c_acctbal)  avg(s_acctbal)  sum(c_acctbal)  sum(s_acctbal)
c_nationkey                                                                
0           0.02            0.05            0.02            0.05           
1           0.01            0.06            0.01            0.06           
2           0.03            0.07            0.03            0.07           
3           0.04            0.04            0.04            0.04           
4           0.03            0.04            0.03            0.04           
5           0.02            0.05            0.02            0.05           
6           0.03            0.04            0.03            0.04           
7           0.01            0.07            0.01            0.07           
8           0.04            0.01            0.04            0.01           
9           0.03            0.01            0.03            0.01           
10          0.03            0.06            0.03            0.06           
11          0.01            0.01            0.01            0.01           
12          0.02            0.04            0.02            0.04           
13          0.02            0.00            0.02            0.00           
14          0.03            0.01            0.03            0.01           
15          0.02            0.04            0.02            0.04           
16          0.04            0.01            0.04            0.01           
17          0.03            0.02            0.03            0.02           
18          0.02            0.05            0.02            0.05           
19          0.02            0.10            0.02            0.10           
20          0.02            0.00            0.02            0.00           
21          0.02            0.00            0.02            0.00           
22          0.02            0.12            0.02            0.12           
23          0.01            0.08            0.01            0.08           
24          0.03            0.00            0.03            0.00           
2021-12-16 19:06:04,830 - __main__ - INFO - relative error average :0.031903992811458455
2021-12-16 19:06:04,830 - __main__ - INFO - relative error normalized average :0.031122051627755686
2021-12-16 19:06:04,830 - __main__ - INFO - relative error var normalized average :0.00435595809306991
2021-12-16 19:06:04,832 - __main__ - INFO - total_time:6.5878216698765755
