main.py:20: FutureWarning: Passing a negative integer is deprecated in version 1.0 and will not be supported in future version. Instead, use None to not limit the column width.
  pd.set_option('max_colwidth', -1)
2021-12-16 19:05:12,420 - __main__ - INFO - load query config config/query/customer_with_inc_join_supplier.json successfully
2021-12-16 19:05:12,420 - __main__ - INFO - load train config ./config/train/tpch_customer_with_inc_torch_cvae.json successfully
2021-12-16 19:05:12,420 - __main__ - INFO - load train config ./config/train/tpch_supplier_torch_cvae.json successfully
2021-12-16 19:05:12,420 - utils.dataset_utils - INFO - load existing dataset(light):tpch-1m-customer-with-inc_c_nationkey_c_acctbal_c_nationkey_binary_gaussian5_0sample_train
2021-12-16 19:05:15,128 - utils.dataset_utils - INFO - load dataset(light) time elapsed:2.708255167119205
2021-12-16 19:05:15,128 - models.pytorch_cvae - INFO - feature info:[('c_acctbal', 'numerical', 6), ('c_nationkey', 'categorical', 6)]
2021-12-16 19:05:15,129 - utils.model_utils - INFO - load model name:torch_cvae_tpch-1m-customer-with-inc_c_nationkey_ld50_id100_bs1024_ep100_0_binary_gaussian5sample_train
2021-12-16 19:05:15,134 - utils.model_utils - INFO - load torch model time elapsed:0.004785739816725254
2021-12-16 19:05:15,134 - models.pytorch_cvae - INFO - load model time elapsed:2.714364574290812
2021-12-16 19:05:15,134 - utils.dataset_utils - INFO - load existing dataset(light):tpch-1m-supplier_s_nationkey#s_suppkey_s_acctbal_s_nationkey_binary_gaussian5_0
2021-12-16 19:05:15,137 - utils.dataset_utils - INFO - load dataset(light) time elapsed:0.002934066578745842
2021-12-16 19:05:15,137 - models.pytorch_cvae - INFO - feature info:[('s_acctbal', 'numerical', 6), ('s_nationkey', 'categorical', 6), ('s_suppkey', 'categorical', 15)]
2021-12-16 19:05:15,138 - utils.model_utils - INFO - load model name:torch_cvae_tpch-1m-supplier_s_nationkey_ld50_id100_bs32_ep150_0_binary_gaussian5
2021-12-16 19:05:15,139 - utils.model_utils - INFO - load torch model time elapsed:0.0014635315164923668
2021-12-16 19:05:15,139 - models.pytorch_cvae - INFO - load model time elapsed:0.005063431337475777
2021-12-16 19:05:15,139 - __main__ - INFO - multi_sampling No.0 epoch
2021-12-16 19:05:15,140 - models.pytorch_cvae - INFO - statistics sampling rate:0.07
2021-12-16 19:05:15,140 - __main__ - INFO - multi_sampling No.1 epoch
2021-12-16 19:05:15,147 - models.pytorch_cvae - INFO - statistics sampling rate:0.07
2021-12-16 19:05:15,148 - __main__ - INFO - multi_sampling No.2 epoch
2021-12-16 19:05:15,149 - models.pytorch_cvae - INFO - statistics sampling rate:0.07
2021-12-16 19:05:16,518 - models.pytorch_cvae - INFO - sampling time:1.3775105252861977
2021-12-16 19:05:16,573 - models.pytorch_cvae - INFO - sampling time:1.4252616968005896
2021-12-16 19:05:17,336 - models.pytorch_cvae - INFO - sampling time:2.1863874653354287
2021-12-16 19:05:17,592 - models.pytorch_cvae - INFO - statistics sampling rate:0.1
2021-12-16 19:05:17,641 - models.pytorch_cvae - INFO - statistics sampling rate:0.1
2021-12-16 19:05:17,772 - models.pytorch_cvae - INFO - statistics sampling rate:0.1
2021-12-16 19:05:17,838 - models.pytorch_cvae - INFO - sampling time:0.24580540042370558
2021-12-16 19:05:17,957 - models.pytorch_cvae - INFO - sampling time:0.18414729554206133
2021-12-16 19:05:17,998 - models.pytorch_cvae - INFO - sampling time:0.35671186819672585
2021-12-16 19:05:18,207 - __main__ - INFO - sample and aggregation time elapsed:3.0670567750930786
2021-12-16 19:05:18,308 - __main__ - INFO - sample and aggregation time elapsed:3.158771676942706
2021-12-16 19:05:18,315 - __main__ - INFO - sample and aggregation time elapsed:3.1678171772509813
2021-12-16 19:05:18,320 - __main__ - INFO - sample time:3.180306433700025
2021-12-16 19:05:18,332 - __main__ - INFO - aqp result:
             avg(c_acctbal)  avg(s_acctbal)  sum(c_acctbal)  sum(s_acctbal)
c_nationkey                                                                
0           4360.61         5051.48         94422425500.27  109382150030.38
1           4382.56         4886.37         99345106394.39  110765646483.23
2           4341.30         5071.85         104871781315.03 122519357569.21
3           4377.66         5371.85         106821721641.12 131081579561.99
4           4397.49         4998.43         90479109487.50  102843419391.58
5           4475.23         4729.72         90050420712.01  95171390602.77 
6           4373.78         5206.78         99917920239.62  118947759795.79
7           4399.03         4620.78         98407498480.26  103368166321.58
8           4326.77         4710.10         98440690568.51  107161931849.78
9           4413.95         4691.05         99910042017.23  106182291964.46
10          4374.02         4681.59         103328589730.51 110594379498.52
11          4398.48         4853.38         103591580316.50 114305145082.48
12          4397.51         4695.65         98145816372.70  104799680222.42
13          4383.04         4673.05         93717541902.90  99918474354.33 
14          4381.11         4826.91         103069736895.25 113557580574.91
15          4431.97         4723.71         93932937809.39  100116162578.72
16          4345.49         4630.70         94527682655.12  100731835001.55
17          4284.00         5139.33         95479183773.76  114542395664.45
18          4371.99         5116.05         101814348640.68 119142087413.51
19          4390.60         4907.86         95887071918.65  107183442248.62
20          4338.36         5056.23         98555412873.62  114863304046.93
21          4459.44         4972.42         102226249845.01 113985471077.70
22          4384.06         4855.20         101712337862.11 112643013454.51
23          4372.44         5116.16         96714598349.42  113165004374.94
24          4352.37         5022.70         100793328808.40 116316839952.67
2021-12-16 19:05:18,336 - __main__ - INFO - ground truth:
             avg(c_acctbal)  avg(s_acctbal)  sum(c_acctbal)  sum(s_acctbal)
c_nationkey                                                                
0           4489.09         4750.47         97204429060.11  102864283639.34
1           4478.58         5156.38         101521631809.03 116886387814.97
2           4502.84         4926.83         108773860934.93 119016293073.25
3           4510.50         4976.52         110063319836.95 121434781349.97
4           4467.80         4955.13         91925727389.56  101952561544.09
5           4506.93         5017.03         90688332145.90  100952499397.81
6           4489.99         5263.09         102572805214.01 120234077220.52
7           4481.97         4725.51         100262969999.54 105711043954.64
8           4491.71         4898.26         102193355822.35 111442904344.11
9           4507.31         5056.46         102023357487.12 114453365970.99
10          4514.20         4934.04         106640129528.12 116557963141.05
11          4509.51         4846.61         106206568975.75 114145706219.45
12          4495.81         4905.97         100339620692.57 109493748108.56
13          4519.66         4967.01         96638723186.87  106203971323.94
14          4489.09         4748.57         105610059556.98 111714619054.55
15          4513.94         4993.59         95670237506.21  105836044024.01
16          4509.69         5125.84         98099691841.22  111502795597.57
17          4476.99         5194.81         99780562278.61  115778956973.10
18          4470.09         5153.13         104098927638.07 120005532950.10
19          4480.83         4865.91         97857583891.19  106267463992.76
20          4505.29         5210.90         102347462434.85 118377097752.18
21          4500.84         5087.25         103175299651.56 116617824864.37
22          4522.71         4945.33         104928946224.34 114733990724.54
23          4492.85         4974.00         99377984303.50  110020479238.93
24          4507.26         5065.90         104380144828.63 117317398620.77
2021-12-16 19:05:18,347 - __main__ - INFO - relative error:
             avg(c_acctbal)  avg(s_acctbal)  sum(c_acctbal)  sum(s_acctbal)
c_nationkey                                                                
0           0.03            0.06            0.03            0.06           
1           0.02            0.05            0.02            0.05           
2           0.04            0.03            0.04            0.03           
3           0.03            0.08            0.03            0.08           
4           0.02            0.01            0.02            0.01           
5           0.01            0.06            0.01            0.06           
6           0.03            0.01            0.03            0.01           
7           0.02            0.02            0.02            0.02           
8           0.04            0.04            0.04            0.04           
9           0.02            0.07            0.02            0.07           
10          0.03            0.05            0.03            0.05           
11          0.02            0.00            0.02            0.00           
12          0.02            0.04            0.02            0.04           
13          0.03            0.06            0.03            0.06           
14          0.02            0.02            0.02            0.02           
15          0.02            0.05            0.02            0.05           
16          0.04            0.10            0.04            0.10           
17          0.04            0.01            0.04            0.01           
18          0.02            0.01            0.02            0.01           
19          0.02            0.01            0.02            0.01           
20          0.04            0.03            0.04            0.03           
21          0.01            0.02            0.01            0.02           
22          0.03            0.02            0.03            0.02           
23          0.03            0.03            0.03            0.03           
24          0.03            0.01            0.03            0.01           
2021-12-16 19:05:18,347 - __main__ - INFO - relative error average :0.030792351741467376
2021-12-16 19:05:18,347 - __main__ - INFO - relative error normalized average :0.03013758087314896
2021-12-16 19:05:18,347 - __main__ - INFO - relative error var normalized average :0.003632804162647336
2021-12-16 19:05:18,348 - __main__ - INFO - total_time:5.928270762786269
