main.py:20: FutureWarning: Passing a negative integer is deprecated in version 1.0 and will not be supported in future version. Instead, use None to not limit the column width.
  pd.set_option('max_colwidth', -1)
2021-12-16 19:06:07,865 - __main__ - INFO - load query config config/query/customer_with_inc_join_supplier.json successfully
2021-12-16 19:06:07,865 - __main__ - INFO - load train config ./config/train/tpch_customer_with_inc_torch_cvae.json successfully
2021-12-16 19:06:07,865 - __main__ - INFO - load train config ./config/train/tpch_supplier_torch_cvae.json successfully
2021-12-16 19:06:07,865 - utils.dataset_utils - INFO - load existing dataset(light):tpch-1m-customer-with-inc_c_nationkey_c_acctbal_c_nationkey_binary_gaussian5_0sample_train
2021-12-16 19:06:10,570 - utils.dataset_utils - INFO - load dataset(light) time elapsed:2.7046502474695444
2021-12-16 19:06:10,570 - models.pytorch_cvae - INFO - feature info:[('c_acctbal', 'numerical', 6), ('c_nationkey', 'categorical', 6)]
2021-12-16 19:06:10,571 - utils.model_utils - INFO - load model name:torch_cvae_tpch-1m-customer-with-inc_c_nationkey_ld50_id100_bs1024_ep100_0_binary_gaussian5sample_train
2021-12-16 19:06:10,573 - utils.model_utils - INFO - load torch model time elapsed:0.0019951341673731804
2021-12-16 19:06:10,573 - models.pytorch_cvae - INFO - load model time elapsed:2.7080061864107847
2021-12-16 19:06:10,573 - utils.dataset_utils - INFO - load existing dataset(light):tpch-1m-supplier_s_nationkey#s_suppkey_s_acctbal_s_nationkey_binary_gaussian5_0
2021-12-16 19:06:10,576 - utils.dataset_utils - INFO - load dataset(light) time elapsed:0.00275507103651762
2021-12-16 19:06:10,576 - models.pytorch_cvae - INFO - feature info:[('s_acctbal', 'numerical', 6), ('s_nationkey', 'categorical', 6), ('s_suppkey', 'categorical', 15)]
2021-12-16 19:06:10,577 - utils.model_utils - INFO - load model name:torch_cvae_tpch-1m-supplier_s_nationkey_ld50_id100_bs32_ep150_0_binary_gaussian5
2021-12-16 19:06:10,578 - utils.model_utils - INFO - load torch model time elapsed:0.0014367979019880295
2021-12-16 19:06:10,578 - models.pytorch_cvae - INFO - load model time elapsed:0.0048610614612698555
2021-12-16 19:06:10,578 - __main__ - INFO - multi_sampling No.0 epoch
2021-12-16 19:06:10,578 - models.pytorch_cvae - INFO - statistics sampling rate:0.09
2021-12-16 19:06:10,579 - __main__ - INFO - multi_sampling No.1 epoch
2021-12-16 19:06:10,585 - models.pytorch_cvae - INFO - statistics sampling rate:0.09
2021-12-16 19:06:10,585 - __main__ - INFO - multi_sampling No.2 epoch
2021-12-16 19:06:10,586 - models.pytorch_cvae - INFO - statistics sampling rate:0.09
2021-12-16 19:06:11,817 - models.pytorch_cvae - INFO - sampling time:1.230693280696869
2021-12-16 19:06:11,818 - models.pytorch_cvae - INFO - sampling time:1.232482735067606
2021-12-16 19:06:12,264 - models.pytorch_cvae - INFO - statistics sampling rate:0.1
2021-12-16 19:06:12,264 - models.pytorch_cvae - INFO - statistics sampling rate:0.1
2021-12-16 19:06:12,548 - models.pytorch_cvae - INFO - sampling time:1.9695612890645862
2021-12-16 19:06:12,768 - models.pytorch_cvae - INFO - statistics sampling rate:0.1
2021-12-16 19:06:12,852 - models.pytorch_cvae - INFO - sampling time:0.08344161976128817
2021-12-16 19:06:12,915 - models.pytorch_cvae - INFO - sampling time:0.6504488848149776
2021-12-16 19:06:12,948 - models.pytorch_cvae - INFO - sampling time:0.6843464635312557
2021-12-16 19:06:13,284 - __main__ - INFO - sample and aggregation time elapsed:2.70534791611135
2021-12-16 19:06:13,400 - __main__ - INFO - sample and aggregation time elapsed:2.813815754838288
2021-12-16 19:06:13,440 - __main__ - INFO - sample and aggregation time elapsed:2.855032785795629
2021-12-16 19:06:13,445 - __main__ - INFO - sample time:2.8665428273379803
2021-12-16 19:06:13,458 - __main__ - INFO - aqp result:
             avg(c_acctbal)  avg(s_acctbal)  sum(c_acctbal)  sum(s_acctbal)
c_nationkey                                                                
0           4340.26         5315.31         93981726212.62  115094999013.58
1           4421.37         4938.03         100224966871.56 111936774976.20
2           4421.34         4916.23         106805254583.12 118760241174.21
3           4395.05         5128.77         107246075807.42 125150098666.17
4           4389.72         4653.89         90319263057.05  95754566758.83 
5           4343.89         5280.35         87407747033.71  106251040933.22
6           4430.08         4980.92         101204096423.99 113787858248.79
7           4377.27         5250.97         97920751968.40  117465745084.81
8           4357.52         4812.37         99140266729.81  109488893484.03
9           4390.59         4709.75         99381443347.19  106605614880.53
10          4359.16         4855.83         102977564140.63 114710526402.87
11          4401.13         5346.45         103653919656.01 125917784904.03
12          4328.10         5352.57         96596543315.10  119461216079.41
13          4366.37         4888.91         93361027162.91  104534007046.68
14          4390.36         5224.14         103287429266.83 122902763226.41
15          4326.80         4362.08         91703836945.70  92451592519.75 
16          4299.70         5251.63         93531680947.92  114239141353.23
17          4419.19         5457.40         98492211352.89  121631242753.78
18          4357.47         4845.78         101476390438.54 112848007893.64
19          4382.57         5054.96         95711675724.83  110396025232.21
20          4402.39         4857.41         100009874396.27 110346804680.93
21          4427.14         5596.05         101485792463.48 128281402845.83
22          4358.05         4756.85         101108901224.34 110361266717.90
23          4450.29         4623.66         98436548687.93  102271336693.62
24          4379.54         4941.05         101422456090.86 114426013333.17
2021-12-16 19:06:13,461 - __main__ - INFO - ground truth:
             avg(c_acctbal)  avg(s_acctbal)  sum(c_acctbal)  sum(s_acctbal)
c_nationkey                                                                
0           4489.09         4750.47         97204429060.11  102864283639.34
1           4478.58         5156.38         101521631809.03 116886387814.97
2           4502.84         4926.83         108773860934.93 119016293073.25
3           4510.50         4976.52         110063319836.95 121434781349.97
4           4467.80         4955.13         91925727389.56  101952561544.09
5           4506.93         5017.03         90688332145.90  100952499397.81
6           4489.99         5263.09         102572805214.01 120234077220.52
7           4481.97         4725.51         100262969999.54 105711043954.64
8           4491.71         4898.26         102193355822.35 111442904344.11
9           4507.31         5056.46         102023357487.12 114453365970.99
10          4514.20         4934.04         106640129528.12 116557963141.05
11          4509.51         4846.61         106206568975.75 114145706219.45
12          4495.81         4905.97         100339620692.57 109493748108.56
13          4519.66         4967.01         96638723186.87  106203971323.94
14          4489.09         4748.57         105610059556.98 111714619054.55
15          4513.94         4993.59         95670237506.21  105836044024.01
16          4509.69         5125.84         98099691841.22  111502795597.57
17          4476.99         5194.81         99780562278.61  115778956973.10
18          4470.09         5153.13         104098927638.07 120005532950.10
19          4480.83         4865.91         97857583891.19  106267463992.76
20          4505.29         5210.90         102347462434.85 118377097752.18
21          4500.84         5087.25         103175299651.56 116617824864.37
22          4522.71         4945.33         104928946224.34 114733990724.54
23          4492.85         4974.00         99377984303.50  110020479238.93
24          4507.26         5065.90         104380144828.63 117317398620.77
2021-12-16 19:06:13,472 - __main__ - INFO - relative error:
             avg(c_acctbal)  avg(s_acctbal)  sum(c_acctbal)  sum(s_acctbal)
c_nationkey                                                                
0           0.03            0.12            0.03            0.12           
1           0.01            0.04            0.01            0.04           
2           0.02            0.00            0.02            0.00           
3           0.03            0.03            0.03            0.03           
4           0.02            0.06            0.02            0.06           
5           0.04            0.05            0.04            0.05           
6           0.01            0.05            0.01            0.05           
7           0.02            0.11            0.02            0.11           
8           0.03            0.02            0.03            0.02           
9           0.03            0.07            0.03            0.07           
10          0.03            0.02            0.03            0.02           
11          0.02            0.10            0.02            0.10           
12          0.04            0.09            0.04            0.09           
13          0.03            0.02            0.03            0.02           
14          0.02            0.10            0.02            0.10           
15          0.04            0.13            0.04            0.13           
16          0.05            0.02            0.05            0.02           
17          0.01            0.05            0.01            0.05           
18          0.03            0.06            0.03            0.06           
19          0.02            0.04            0.02            0.04           
20          0.02            0.07            0.02            0.07           
21          0.02            0.10            0.02            0.10           
22          0.04            0.04            0.04            0.04           
23          0.01            0.07            0.01            0.07           
24          0.03            0.02            0.03            0.02           
2021-12-16 19:06:13,473 - __main__ - INFO - relative error average :0.04267974125986246
2021-12-16 19:06:13,473 - __main__ - INFO - relative error normalized average :0.04133798653211709
2021-12-16 19:06:13,473 - __main__ - INFO - relative error var normalized average :0.007561842498179669
2021-12-16 19:06:13,475 - __main__ - INFO - total_time:5.609944718889892
