main.py:20: FutureWarning: Passing a negative integer is deprecated in version 1.0 and will not be supported in future version. Instead, use None to not limit the column width.
  pd.set_option('max_colwidth', -1)
2021-12-16 19:03:01,383 - __main__ - INFO - load query config config/query/customer_with_inc_join_supplier.json successfully
2021-12-16 19:03:01,383 - __main__ - INFO - load train config ./config/train/tpch_customer_with_inc_torch_cvae.json successfully
2021-12-16 19:03:01,383 - __main__ - INFO - load train config ./config/train/tpch_supplier_torch_cvae.json successfully
2021-12-16 19:03:01,383 - utils.dataset_utils - INFO - load existing dataset(light):tpch-1m-customer-with-inc_c_nationkey_c_acctbal_c_nationkey_binary_gaussian5_0sample_train
2021-12-16 19:03:04,137 - utils.dataset_utils - INFO - load dataset(light) time elapsed:2.7535773795098066
2021-12-16 19:03:04,137 - models.pytorch_cvae - INFO - feature info:[('c_acctbal', 'numerical', 6), ('c_nationkey', 'categorical', 6)]
2021-12-16 19:03:04,138 - utils.model_utils - INFO - load model name:torch_cvae_tpch-1m-customer-with-inc_c_nationkey_ld50_id100_bs1024_ep100_0_binary_gaussian5sample_train
2021-12-16 19:03:04,142 - utils.model_utils - INFO - load torch model time elapsed:0.004074688069522381
2021-12-16 19:03:04,142 - models.pytorch_cvae - INFO - load model time elapsed:2.75898842420429
2021-12-16 19:03:04,142 - utils.dataset_utils - INFO - load existing dataset(light):tpch-1m-supplier_s_nationkey#s_suppkey_s_acctbal_s_nationkey_binary_gaussian5_0
2021-12-16 19:03:04,145 - utils.dataset_utils - INFO - load dataset(light) time elapsed:0.0026182029396295547
2021-12-16 19:03:04,145 - models.pytorch_cvae - INFO - feature info:[('s_acctbal', 'numerical', 6), ('s_nationkey', 'categorical', 6), ('s_suppkey', 'categorical', 15)]
2021-12-16 19:03:04,145 - utils.model_utils - INFO - load model name:torch_cvae_tpch-1m-supplier_s_nationkey_ld50_id100_bs32_ep150_0_binary_gaussian5
2021-12-16 19:03:04,147 - utils.model_utils - INFO - load torch model time elapsed:0.0016671409830451012
2021-12-16 19:03:04,147 - models.pytorch_cvae - INFO - load model time elapsed:0.004944293759763241
2021-12-16 19:03:04,147 - __main__ - INFO - multi_sampling No.0 epoch
2021-12-16 19:03:04,148 - models.pytorch_cvae - INFO - statistics sampling rate:0.02
2021-12-16 19:03:04,148 - __main__ - INFO - multi_sampling No.1 epoch
2021-12-16 19:03:04,153 - models.pytorch_cvae - INFO - statistics sampling rate:0.02
2021-12-16 19:03:04,153 - __main__ - INFO - multi_sampling No.2 epoch
2021-12-16 19:03:04,154 - models.pytorch_cvae - INFO - statistics sampling rate:0.02
2021-12-16 19:03:05,033 - models.pytorch_cvae - INFO - sampling time:0.8848440134897828
2021-12-16 19:03:05,123 - models.pytorch_cvae - INFO - sampling time:0.967790943570435
2021-12-16 19:03:05,352 - models.pytorch_cvae - INFO - statistics sampling rate:0.1
2021-12-16 19:03:05,403 - models.pytorch_cvae - INFO - statistics sampling rate:0.1
2021-12-16 19:03:05,415 - models.pytorch_cvae - INFO - sampling time:1.261012983508408
2021-12-16 19:03:05,466 - models.pytorch_cvae - INFO - statistics sampling rate:0.1
2021-12-16 19:03:05,559 - models.pytorch_cvae - INFO - sampling time:0.09257499407976866
2021-12-16 19:03:05,677 - models.pytorch_cvae - INFO - sampling time:0.3239669185131788
2021-12-16 19:03:05,705 - __main__ - INFO - sample and aggregation time elapsed:1.5519620245322585
2021-12-16 19:03:05,721 - models.pytorch_cvae - INFO - sampling time:0.3175240010023117
2021-12-16 19:03:05,834 - __main__ - INFO - sample and aggregation time elapsed:1.6862179515883327
2021-12-16 19:03:05,850 - __main__ - INFO - sample and aggregation time elapsed:1.6962986206635833
2021-12-16 19:03:05,856 - __main__ - INFO - sample time:1.7087425654754043
2021-12-16 19:03:05,869 - __main__ - INFO - aqp result:
             avg(c_acctbal)  avg(s_acctbal)  sum(c_acctbal)  sum(s_acctbal)
c_nationkey                                                                
0           4374.36         4863.01         94720146782.07  105301087826.33
1           4406.16         4748.43         99880061986.53  107638794730.55
2           4384.56         5184.45         105916627411.98 125239564364.75
3           4436.08         4545.45         108247304392.79 110916172894.67
4           4409.35         5064.95         90723040064.15  104212154747.29
5           4402.01         4972.33         88577077890.96  100053219519.72
6           4404.41         5056.95         100617645216.53 115524859972.05
7           4503.84         4734.53         100752103640.71 105912810336.17
8           4387.96         4391.87         99832696642.13  99921826676.84 
9           4446.20         4652.48         100640050660.91 105309136430.77
10          4314.76         5090.35         101928564374.64 120250543058.00
11          4259.05         4726.50         100307665100.19 111317049079.43
12          4371.63         5265.17         97568047239.39  117510665721.40
13          4395.84         5140.40         93991331059.98  109911400813.07
14          4407.04         4861.48         103679807558.65 114370840963.33
15          4391.17         4899.59         93068198112.89  103843804750.63
16          4250.64         5457.57         92464481132.72  118718849744.76
17          4331.75         5421.93         96543581337.91  120840730346.62
18          4359.81         4629.38         101530758570.88 107808498807.28
19          4365.11         4792.74         95330435371.30  104669376280.73
20          4336.86         5311.38         98521234413.93  120659593710.12
21          4346.22         5273.32         99630927858.59  120883203466.14
22          4388.68         4895.17         101819539793.71 113570295392.42
23          4465.21         4803.60         98766495718.56  106251437454.89
24          4304.28         5249.41         99679621019.95  121567052607.04
2021-12-16 19:03:05,872 - __main__ - INFO - ground truth:
             avg(c_acctbal)  avg(s_acctbal)  sum(c_acctbal)  sum(s_acctbal)
c_nationkey                                                                
0           4489.09         4750.47         97204429060.11  102864283639.34
1           4478.58         5156.38         101521631809.03 116886387814.97
2           4502.84         4926.83         108773860934.93 119016293073.25
3           4510.50         4976.52         110063319836.95 121434781349.97
4           4467.80         4955.13         91925727389.56  101952561544.09
5           4506.93         5017.03         90688332145.90  100952499397.81
6           4489.99         5263.09         102572805214.01 120234077220.52
7           4481.97         4725.51         100262969999.54 105711043954.64
8           4491.71         4898.26         102193355822.35 111442904344.11
9           4507.31         5056.46         102023357487.12 114453365970.99
10          4514.20         4934.04         106640129528.12 116557963141.05
11          4509.51         4846.61         106206568975.75 114145706219.45
12          4495.81         4905.97         100339620692.57 109493748108.56
13          4519.66         4967.01         96638723186.87  106203971323.94
14          4489.09         4748.57         105610059556.98 111714619054.55
15          4513.94         4993.59         95670237506.21  105836044024.01
16          4509.69         5125.84         98099691841.22  111502795597.57
17          4476.99         5194.81         99780562278.61  115778956973.10
18          4470.09         5153.13         104098927638.07 120005532950.10
19          4480.83         4865.91         97857583891.19  106267463992.76
20          4505.29         5210.90         102347462434.85 118377097752.18
21          4500.84         5087.25         103175299651.56 116617824864.37
22          4522.71         4945.33         104928946224.34 114733990724.54
23          4492.85         4974.00         99377984303.50  110020479238.93
24          4507.26         5065.90         104380144828.63 117317398620.77
2021-12-16 19:03:05,883 - __main__ - INFO - relative error:
             avg(c_acctbal)  avg(s_acctbal)  sum(c_acctbal)  sum(s_acctbal)
c_nationkey                                                                
0           0.03            0.02            0.03            0.02           
1           0.02            0.08            0.02            0.08           
2           0.03            0.05            0.03            0.05           
3           0.02            0.09            0.02            0.09           
4           0.01            0.02            0.01            0.02           
5           0.02            0.01            0.02            0.01           
6           0.02            0.04            0.02            0.04           
7           0.00            0.00            0.00            0.00           
8           0.02            0.10            0.02            0.10           
9           0.01            0.08            0.01            0.08           
10          0.04            0.03            0.04            0.03           
11          0.06            0.02            0.06            0.02           
12          0.03            0.07            0.03            0.07           
13          0.03            0.03            0.03            0.03           
14          0.02            0.02            0.02            0.02           
15          0.03            0.02            0.03            0.02           
16          0.06            0.06            0.06            0.06           
17          0.03            0.04            0.03            0.04           
18          0.02            0.10            0.02            0.10           
19          0.03            0.02            0.03            0.02           
20          0.04            0.02            0.04            0.02           
21          0.03            0.04            0.03            0.04           
22          0.03            0.01            0.03            0.01           
23          0.01            0.03            0.01            0.03           
24          0.05            0.04            0.05            0.04           
2021-12-16 19:03:05,883 - __main__ - INFO - relative error average :0.03481052923316554
2021-12-16 19:03:05,883 - __main__ - INFO - relative error normalized average :0.033942107461190654
2021-12-16 19:03:05,883 - __main__ - INFO - relative error var normalized average :0.004928508064227752
2021-12-16 19:03:05,885 - __main__ - INFO - total_time:4.50219947937876
