main.py:20: FutureWarning: Passing a negative integer is deprecated in version 1.0 and will not be supported in future version. Instead, use None to not limit the column width.
  pd.set_option('max_colwidth', -1)
2021-12-16 19:03:39,145 - __main__ - INFO - load query config config/query/customer_with_inc_join_supplier.json successfully
2021-12-16 19:03:39,145 - __main__ - INFO - load train config ./config/train/tpch_customer_with_inc_torch_cvae.json successfully
2021-12-16 19:03:39,145 - __main__ - INFO - load train config ./config/train/tpch_supplier_torch_cvae.json successfully
2021-12-16 19:03:39,145 - utils.dataset_utils - INFO - load existing dataset(light):tpch-1m-customer-with-inc_c_nationkey_c_acctbal_c_nationkey_binary_gaussian5_0sample_train
2021-12-16 19:03:41,874 - utils.dataset_utils - INFO - load dataset(light) time elapsed:2.7287659253925085
2021-12-16 19:03:41,874 - models.pytorch_cvae - INFO - feature info:[('c_acctbal', 'numerical', 6), ('c_nationkey', 'categorical', 6)]
2021-12-16 19:03:41,875 - utils.model_utils - INFO - load model name:torch_cvae_tpch-1m-customer-with-inc_c_nationkey_ld50_id100_bs1024_ep100_0_binary_gaussian5sample_train
2021-12-16 19:03:41,877 - utils.model_utils - INFO - load torch model time elapsed:0.00201281625777483
2021-12-16 19:03:41,877 - models.pytorch_cvae - INFO - load model time elapsed:2.7323522018268704
2021-12-16 19:03:41,877 - utils.dataset_utils - INFO - load existing dataset(light):tpch-1m-supplier_s_nationkey#s_suppkey_s_acctbal_s_nationkey_binary_gaussian5_0
2021-12-16 19:03:41,880 - utils.dataset_utils - INFO - load dataset(light) time elapsed:0.0028518196195364
2021-12-16 19:03:41,880 - models.pytorch_cvae - INFO - feature info:[('s_acctbal', 'numerical', 6), ('s_nationkey', 'categorical', 6), ('s_suppkey', 'categorical', 15)]
2021-12-16 19:03:41,881 - utils.model_utils - INFO - load model name:torch_cvae_tpch-1m-supplier_s_nationkey_ld50_id100_bs32_ep150_0_binary_gaussian5
2021-12-16 19:03:41,882 - utils.model_utils - INFO - load torch model time elapsed:0.0014340654015541077
2021-12-16 19:03:41,882 - models.pytorch_cvae - INFO - load model time elapsed:0.004973612725734711
2021-12-16 19:03:41,882 - __main__ - INFO - multi_sampling No.0 epoch
2021-12-16 19:03:41,883 - models.pytorch_cvae - INFO - statistics sampling rate:0.03
2021-12-16 19:03:41,883 - __main__ - INFO - multi_sampling No.1 epoch
2021-12-16 19:03:41,888 - models.pytorch_cvae - INFO - statistics sampling rate:0.03
2021-12-16 19:03:41,889 - __main__ - INFO - multi_sampling No.2 epoch
2021-12-16 19:03:41,890 - models.pytorch_cvae - INFO - statistics sampling rate:0.03
2021-12-16 19:03:42,917 - models.pytorch_cvae - INFO - sampling time:1.0343780247494578
2021-12-16 19:03:43,083 - models.pytorch_cvae - INFO - sampling time:1.1938416324555874
2021-12-16 19:03:43,161 - models.pytorch_cvae - INFO - sampling time:1.2698765685781837
2021-12-16 19:03:43,308 - models.pytorch_cvae - INFO - statistics sampling rate:0.1
2021-12-16 19:03:43,422 - models.pytorch_cvae - INFO - statistics sampling rate:0.1
2021-12-16 19:03:43,457 - models.pytorch_cvae - INFO - statistics sampling rate:0.1
2021-12-16 19:03:43,543 - models.pytorch_cvae - INFO - sampling time:0.08555438555777073
2021-12-16 19:03:43,643 - models.pytorch_cvae - INFO - sampling time:0.3331654155626893
2021-12-16 19:03:43,656 - __main__ - INFO - sample and aggregation time elapsed:1.765996877104044
2021-12-16 19:03:43,706 - models.pytorch_cvae - INFO - sampling time:0.28225291054695845
2021-12-16 19:03:43,801 - __main__ - INFO - sample and aggregation time elapsed:1.918914114125073
2021-12-16 19:03:43,830 - __main__ - INFO - sample and aggregation time elapsed:1.9421436348930001
2021-12-16 19:03:43,835 - __main__ - INFO - sample time:1.9526742026209831
2021-12-16 19:03:43,849 - __main__ - INFO - aqp result:
             avg(c_acctbal)  avg(s_acctbal)  sum(c_acctbal)  sum(s_acctbal)
c_nationkey                                                                
0           4325.87         5159.13         93670333710.22  111713299673.20
1           4355.62         4946.48         98734339534.76  112128248813.24
2           4367.83         4534.67         105512476584.50 109542946803.71
3           4341.30         4799.03         105934569913.39 117103925818.86
4           4472.84         4645.22         92029326703.91  95576119738.20 
5           4404.53         4986.45         88627952745.75  100337288679.50
6           4394.32         5003.52         100387143297.06 114304314141.10
7           4469.14         5107.22         99975843749.90  114249857850.93
8           4366.05         5054.58         99334243975.99  114999523380.77
9           4341.42         4875.66         98268301080.52  110360944588.86
10          4396.72         4972.79         103864692673.43 117473305906.45
11          4322.52         4664.61         101802595301.62 109859434425.85
12          4396.76         5373.70         98129062737.35  119932841909.87
13          4369.71         4889.56         93432541760.97  104547913201.74
14          4436.53         4231.78         104373582642.45 99556770541.38 
15          4424.31         4408.68         93770604325.32  93439304243.42 
16          4397.33         4852.85         95655509610.11  105564414933.79
17          4442.72         5473.52         99016656519.58  121990477697.32
18          4407.01         5249.39         102629863104.30 122247247569.95
19          4440.92         5119.73         96986054363.99  111810596624.62
20          4429.32         4950.77         100621759670.10 112467550742.52
21          4420.10         5247.14         101324369980.17 120283087746.04
22          4413.10         4757.26         102386099737.35 110370573362.74
23          4345.51         5245.22         96118873689.24  116019794704.76
24          4343.59         5021.02         100589844919.94 116278011118.29
2021-12-16 19:03:43,852 - __main__ - INFO - ground truth:
             avg(c_acctbal)  avg(s_acctbal)  sum(c_acctbal)  sum(s_acctbal)
c_nationkey                                                                
0           4489.09         4750.47         97204429060.11  102864283639.34
1           4478.58         5156.38         101521631809.03 116886387814.97
2           4502.84         4926.83         108773860934.93 119016293073.25
3           4510.50         4976.52         110063319836.95 121434781349.97
4           4467.80         4955.13         91925727389.56  101952561544.09
5           4506.93         5017.03         90688332145.90  100952499397.81
6           4489.99         5263.09         102572805214.01 120234077220.52
7           4481.97         4725.51         100262969999.54 105711043954.64
8           4491.71         4898.26         102193355822.35 111442904344.11
9           4507.31         5056.46         102023357487.12 114453365970.99
10          4514.20         4934.04         106640129528.12 116557963141.05
11          4509.51         4846.61         106206568975.75 114145706219.45
12          4495.81         4905.97         100339620692.57 109493748108.56
13          4519.66         4967.01         96638723186.87  106203971323.94
14          4489.09         4748.57         105610059556.98 111714619054.55
15          4513.94         4993.59         95670237506.21  105836044024.01
16          4509.69         5125.84         98099691841.22  111502795597.57
17          4476.99         5194.81         99780562278.61  115778956973.10
18          4470.09         5153.13         104098927638.07 120005532950.10
19          4480.83         4865.91         97857583891.19  106267463992.76
20          4505.29         5210.90         102347462434.85 118377097752.18
21          4500.84         5087.25         103175299651.56 116617824864.37
22          4522.71         4945.33         104928946224.34 114733990724.54
23          4492.85         4974.00         99377984303.50  110020479238.93
24          4507.26         5065.90         104380144828.63 117317398620.77
2021-12-16 19:03:43,863 - __main__ - INFO - relative error:
             avg(c_acctbal)  avg(s_acctbal)  sum(c_acctbal)  sum(s_acctbal)
c_nationkey                                                                
0           0.04            0.09            0.04            0.09           
1           0.03            0.04            0.03            0.04           
2           0.03            0.08            0.03            0.08           
3           0.04            0.04            0.04            0.04           
4           0.00            0.06            0.00            0.06           
5           0.02            0.01            0.02            0.01           
6           0.02            0.05            0.02            0.05           
7           0.00            0.08            0.00            0.08           
8           0.03            0.03            0.03            0.03           
9           0.04            0.04            0.04            0.04           
10          0.03            0.01            0.03            0.01           
11          0.04            0.04            0.04            0.04           
12          0.02            0.10            0.02            0.10           
13          0.03            0.02            0.03            0.02           
14          0.01            0.11            0.01            0.11           
15          0.02            0.12            0.02            0.12           
16          0.02            0.05            0.02            0.05           
17          0.01            0.05            0.01            0.05           
18          0.01            0.02            0.01            0.02           
19          0.01            0.05            0.01            0.05           
20          0.02            0.05            0.02            0.05           
21          0.02            0.03            0.02            0.03           
22          0.02            0.04            0.02            0.04           
23          0.03            0.05            0.03            0.05           
24          0.04            0.01            0.04            0.01           
2021-12-16 19:03:43,864 - __main__ - INFO - relative error average :0.0366663971573033
2021-12-16 19:03:43,864 - __main__ - INFO - relative error normalized average :0.03567492012777056
2021-12-16 19:03:43,864 - __main__ - INFO - relative error var normalized average :0.0055306890638521225
2021-12-16 19:03:43,865 - __main__ - INFO - total_time:4.720390424132347
