main.py:20: FutureWarning: Passing a negative integer is deprecated in version 1.0 and will not be supported in future version. Instead, use None to not limit the column width.
  pd.set_option('max_colwidth', -1)
2021-12-16 19:06:46,225 - __main__ - INFO - load query config config/query/customer_with_inc_join_supplier.json successfully
2021-12-16 19:06:46,225 - __main__ - INFO - load train config ./config/train/tpch_customer_with_inc_torch_cvae.json successfully
2021-12-16 19:06:46,225 - __main__ - INFO - load train config ./config/train/tpch_supplier_torch_cvae.json successfully
2021-12-16 19:06:46,225 - utils.dataset_utils - INFO - load existing dataset(light):tpch-1m-customer-with-inc_c_nationkey_c_acctbal_c_nationkey_binary_gaussian5_0sample_train
2021-12-16 19:06:48,969 - utils.dataset_utils - INFO - load dataset(light) time elapsed:2.743611641228199
2021-12-16 19:06:48,969 - models.pytorch_cvae - INFO - feature info:[('c_acctbal', 'numerical', 6), ('c_nationkey', 'categorical', 6)]
2021-12-16 19:06:48,970 - utils.model_utils - INFO - load model name:torch_cvae_tpch-1m-customer-with-inc_c_nationkey_ld50_id100_bs1024_ep100_0_binary_gaussian5sample_train
2021-12-16 19:06:48,975 - utils.model_utils - INFO - load torch model time elapsed:0.004790295846760273
2021-12-16 19:06:48,975 - models.pytorch_cvae - INFO - load model time elapsed:2.749757543206215
2021-12-16 19:06:48,975 - utils.dataset_utils - INFO - load existing dataset(light):tpch-1m-supplier_s_nationkey#s_suppkey_s_acctbal_s_nationkey_binary_gaussian5_0
2021-12-16 19:06:48,977 - utils.dataset_utils - INFO - load dataset(light) time elapsed:0.0026153074577450752
2021-12-16 19:06:48,978 - models.pytorch_cvae - INFO - feature info:[('s_acctbal', 'numerical', 6), ('s_nationkey', 'categorical', 6), ('s_suppkey', 'categorical', 15)]
2021-12-16 19:06:48,978 - utils.model_utils - INFO - load model name:torch_cvae_tpch-1m-supplier_s_nationkey_ld50_id100_bs32_ep150_0_binary_gaussian5
2021-12-16 19:06:48,980 - utils.model_utils - INFO - load torch model time elapsed:0.0014830976724624634
2021-12-16 19:06:48,980 - models.pytorch_cvae - INFO - load model time elapsed:0.004762302152812481
2021-12-16 19:06:48,980 - __main__ - INFO - multi_sampling No.0 epoch
2021-12-16 19:06:48,980 - models.pytorch_cvae - INFO - statistics sampling rate:0.1
2021-12-16 19:06:48,980 - __main__ - INFO - multi_sampling No.1 epoch
2021-12-16 19:06:48,986 - models.pytorch_cvae - INFO - statistics sampling rate:0.1
2021-12-16 19:06:48,986 - __main__ - INFO - multi_sampling No.2 epoch
2021-12-16 19:06:48,987 - models.pytorch_cvae - INFO - statistics sampling rate:0.1
2021-12-16 19:06:50,487 - models.pytorch_cvae - INFO - sampling time:1.5011316500604153
2021-12-16 19:06:50,492 - models.pytorch_cvae - INFO - sampling time:1.511169321835041
2021-12-16 19:06:51,728 - models.pytorch_cvae - INFO - statistics sampling rate:0.1
2021-12-16 19:06:51,743 - models.pytorch_cvae - INFO - sampling time:2.75495579931885
2021-12-16 19:06:51,789 - models.pytorch_cvae - INFO - statistics sampling rate:0.1
2021-12-16 19:06:52,039 - models.pytorch_cvae - INFO - statistics sampling rate:0.1
2021-12-16 19:06:52,131 - models.pytorch_cvae - INFO - sampling time:0.09158829785883427
2021-12-16 19:06:52,211 - models.pytorch_cvae - INFO - sampling time:0.48169842455536127
2021-12-16 19:06:52,269 - models.pytorch_cvae - INFO - sampling time:0.47933248430490494
2021-12-16 19:06:52,743 - __main__ - INFO - sample and aggregation time elapsed:3.7559919795021415
2021-12-16 19:06:53,025 - __main__ - INFO - sample and aggregation time elapsed:4.039778031408787
2021-12-16 19:06:53,061 - __main__ - INFO - sample and aggregation time elapsed:4.080836194567382
2021-12-16 19:06:53,066 - __main__ - INFO - sample time:4.085871336981654
2021-12-16 19:06:53,078 - __main__ - INFO - aqp result:
             avg(c_acctbal)  avg(s_acctbal)  sum(c_acctbal)  sum(s_acctbal)
c_nationkey                                                                
0           4381.74         4756.05         94880065764.59  102985105731.79
1           4419.27         5100.81         100177282532.51 115626706362.29
2           4338.31         4858.73         104799468061.02 117371152084.32
3           4431.33         5007.74         108131518948.90 122196762559.38
4           4418.38         4270.39         90908809621.23  87863858514.87 
5           4435.64         4980.84         89253858169.27  100224474455.57
6           4421.23         4746.30         101001917843.70 108428115076.04
7           4424.13         5296.45         98968943269.54  118483067464.05
8           4354.52         4906.38         99071927758.87  111627748179.16
9           4329.99         5075.47         98009675797.64  114883654697.04
10          4355.52         4944.04         102891437303.09 116794155176.22
11          4338.09         4671.68         102169284712.67 110025856954.70
12          4424.18         5173.17         98741005384.04  115457296273.54
13          4388.54         5181.82         93835105867.44  110797075448.94
14          4390.65         4584.39         103294215420.87 107852187710.76
15          4362.82         4651.50         92467216727.35  98585751021.52 
16          4329.56         4801.97         94181230987.90  104457608410.27
17          4396.12         5485.00         97978136408.99  122246415658.80
18          4392.69         4951.57         102296551940.49 115311558852.99
19          4374.72         4827.29         95540184216.89  105423874288.68
20          4359.10         5190.66         99026515038.82  117917167154.86
21          4425.15         5616.65         101440263035.93 128753690913.57
22          4335.32         4823.96         100581471674.76 111918076900.02
23          4408.94         5454.59         97521850280.92  120650829468.64
24          4346.56         4976.43         100658625763.59 115245476433.60
2021-12-16 19:06:53,081 - __main__ - INFO - ground truth:
             avg(c_acctbal)  avg(s_acctbal)  sum(c_acctbal)  sum(s_acctbal)
c_nationkey                                                                
0           4489.09         4750.47         97204429060.11  102864283639.34
1           4478.58         5156.38         101521631809.03 116886387814.97
2           4502.84         4926.83         108773860934.93 119016293073.25
3           4510.50         4976.52         110063319836.95 121434781349.97
4           4467.80         4955.13         91925727389.56  101952561544.09
5           4506.93         5017.03         90688332145.90  100952499397.81
6           4489.99         5263.09         102572805214.01 120234077220.52
7           4481.97         4725.51         100262969999.54 105711043954.64
8           4491.71         4898.26         102193355822.35 111442904344.11
9           4507.31         5056.46         102023357487.12 114453365970.99
10          4514.20         4934.04         106640129528.12 116557963141.05
11          4509.51         4846.61         106206568975.75 114145706219.45
12          4495.81         4905.97         100339620692.57 109493748108.56
13          4519.66         4967.01         96638723186.87  106203971323.94
14          4489.09         4748.57         105610059556.98 111714619054.55
15          4513.94         4993.59         95670237506.21  105836044024.01
16          4509.69         5125.84         98099691841.22  111502795597.57
17          4476.99         5194.81         99780562278.61  115778956973.10
18          4470.09         5153.13         104098927638.07 120005532950.10
19          4480.83         4865.91         97857583891.19  106267463992.76
20          4505.29         5210.90         102347462434.85 118377097752.18
21          4500.84         5087.25         103175299651.56 116617824864.37
22          4522.71         4945.33         104928946224.34 114733990724.54
23          4492.85         4974.00         99377984303.50  110020479238.93
24          4507.26         5065.90         104380144828.63 117317398620.77
2021-12-16 19:06:53,092 - __main__ - INFO - relative error:
             avg(c_acctbal)  avg(s_acctbal)  sum(c_acctbal)  sum(s_acctbal)
c_nationkey                                                                
0           0.02            0.00            0.02            0.00           
1           0.01            0.01            0.01            0.01           
2           0.04            0.01            0.04            0.01           
3           0.02            0.01            0.02            0.01           
4           0.01            0.14            0.01            0.14           
5           0.02            0.01            0.02            0.01           
6           0.02            0.10            0.02            0.10           
7           0.01            0.12            0.01            0.12           
8           0.03            0.00            0.03            0.00           
9           0.04            0.00            0.04            0.00           
10          0.04            0.00            0.04            0.00           
11          0.04            0.04            0.04            0.04           
12          0.02            0.05            0.02            0.05           
13          0.03            0.04            0.03            0.04           
14          0.02            0.03            0.02            0.03           
15          0.03            0.07            0.03            0.07           
16          0.04            0.06            0.04            0.06           
17          0.02            0.06            0.02            0.06           
18          0.02            0.04            0.02            0.04           
19          0.02            0.01            0.02            0.01           
20          0.03            0.00            0.03            0.00           
21          0.02            0.10            0.02            0.10           
22          0.04            0.02            0.04            0.02           
23          0.02            0.10            0.02            0.10           
24          0.04            0.02            0.04            0.02           
2021-12-16 19:06:53,093 - __main__ - INFO - relative error average :0.033748847008483344
2021-12-16 19:06:53,093 - __main__ - INFO - relative error normalized average :0.03273790862765219
2021-12-16 19:06:53,093 - __main__ - INFO - relative error var normalized average :0.0056708851777596755
2021-12-16 19:06:53,095 - __main__ - INFO - total_time:6.869913454167545
