main.py:20: FutureWarning: Passing a negative integer is deprecated in version 1.0 and will not be supported in future version. Instead, use None to not limit the column width.
  pd.set_option('max_colwidth', -1)
2021-12-16 19:03:47,532 - __main__ - INFO - load query config config/query/customer_with_inc_join_supplier.json successfully
2021-12-16 19:03:47,532 - __main__ - INFO - load train config ./config/train/tpch_customer_with_inc_torch_cvae.json successfully
2021-12-16 19:03:47,532 - __main__ - INFO - load train config ./config/train/tpch_supplier_torch_cvae.json successfully
2021-12-16 19:03:47,532 - utils.dataset_utils - INFO - load existing dataset(light):tpch-1m-customer-with-inc_c_nationkey_c_acctbal_c_nationkey_binary_gaussian5_0sample_train
2021-12-16 19:03:51,093 - utils.dataset_utils - INFO - load dataset(light) time elapsed:3.560230457223952
2021-12-16 19:03:51,093 - models.pytorch_cvae - INFO - feature info:[('c_acctbal', 'numerical', 6), ('c_nationkey', 'categorical', 6)]
2021-12-16 19:03:51,095 - utils.model_utils - INFO - load model name:torch_cvae_tpch-1m-customer-with-inc_c_nationkey_ld50_id100_bs1024_ep100_0_binary_gaussian5sample_train
2021-12-16 19:03:51,097 - utils.model_utils - INFO - load torch model time elapsed:0.0027746036648750305
2021-12-16 19:03:51,097 - models.pytorch_cvae - INFO - load model time elapsed:3.565091938711703
2021-12-16 19:03:51,098 - utils.dataset_utils - INFO - load existing dataset(light):tpch-1m-supplier_s_nationkey#s_suppkey_s_acctbal_s_nationkey_binary_gaussian5_0
2021-12-16 19:03:51,102 - utils.dataset_utils - INFO - load dataset(light) time elapsed:0.004235126078128815
2021-12-16 19:03:51,102 - models.pytorch_cvae - INFO - feature info:[('s_acctbal', 'numerical', 6), ('s_nationkey', 'categorical', 6), ('s_suppkey', 'categorical', 15)]
2021-12-16 19:03:51,103 - utils.model_utils - INFO - load model name:torch_cvae_tpch-1m-supplier_s_nationkey_ld50_id100_bs32_ep150_0_binary_gaussian5
2021-12-16 19:03:51,107 - utils.model_utils - INFO - load torch model time elapsed:0.004526754841208458
2021-12-16 19:03:51,107 - models.pytorch_cvae - INFO - load model time elapsed:0.00991282518953085
2021-12-16 19:03:51,107 - __main__ - INFO - multi_sampling No.0 epoch
2021-12-16 19:03:51,108 - models.pytorch_cvae - INFO - statistics sampling rate:0.04
2021-12-16 19:03:51,108 - __main__ - INFO - multi_sampling No.1 epoch
2021-12-16 19:03:51,115 - models.pytorch_cvae - INFO - statistics sampling rate:0.04
2021-12-16 19:03:51,115 - __main__ - INFO - multi_sampling No.2 epoch
2021-12-16 19:03:51,116 - models.pytorch_cvae - INFO - statistics sampling rate:0.04
2021-12-16 19:03:52,095 - models.pytorch_cvae - INFO - sampling time:0.9779467368498445
2021-12-16 19:03:52,099 - models.pytorch_cvae - INFO - sampling time:0.9907698277384043
2021-12-16 19:03:52,546 - models.pytorch_cvae - INFO - statistics sampling rate:0.1
2021-12-16 19:03:52,566 - models.pytorch_cvae - INFO - statistics sampling rate:0.1
2021-12-16 19:03:52,580 - models.pytorch_cvae - INFO - sampling time:1.4652155693620443
2021-12-16 19:03:52,700 - models.pytorch_cvae - INFO - statistics sampling rate:0.1
2021-12-16 19:03:52,792 - models.pytorch_cvae - INFO - sampling time:0.09186571091413498
2021-12-16 19:03:52,840 - models.pytorch_cvae - INFO - sampling time:0.2932326039299369
2021-12-16 19:03:52,961 - models.pytorch_cvae - INFO - sampling time:0.3943246603012085
2021-12-16 19:03:53,064 - __main__ - INFO - sample and aggregation time elapsed:1.9495083689689636
2021-12-16 19:03:53,098 - __main__ - INFO - sample and aggregation time elapsed:1.9819367164745927
2021-12-16 19:03:53,153 - __main__ - INFO - sample and aggregation time elapsed:2.044662894681096
2021-12-16 19:03:53,157 - __main__ - INFO - sample time:2.049716834910214
2021-12-16 19:03:53,171 - __main__ - INFO - aqp result:
             avg(c_acctbal)  avg(s_acctbal)  sum(c_acctbal)  sum(s_acctbal)
c_nationkey                                                                
0           4349.43         5345.99         94180451984.03  115759482326.87
1           4373.79         4863.07         99146342702.04  110237540119.61
2           4386.49         5187.01         105963232859.45 125301323291.59
3           4450.24         5059.04         108592757939.76 123448516093.64
4           4445.17         5321.11         91459971174.45  109482563829.31
5           4448.10         4874.95         89504508217.80  98093696664.10 
6           4378.96         4800.47         100036257287.57 109665571276.22
7           4405.73         4315.68         98557424707.85  96542958165.51 
8           4377.70         4741.47         99599437754.70  107875686200.07
9           4347.39         4825.88         98403426556.98  109234130102.65
10          4337.28         5084.99         102460643854.06 120124020683.19
11          4344.86         5245.98         102328668069.92 123551680585.67
12          4398.21         4659.12         98161228022.02  103984371339.10
13          4388.90         4391.21         93842932618.84  93892347437.97 
14          4354.27         4514.93         102438377070.82 106217938595.07
15          4371.02         4373.22         92640958341.08  92687688248.40 
16          4409.30         4800.32         95915913603.82  104421780283.57
17          4387.69         5332.58         97790139762.59  118849432598.61
18          4375.02         5003.10         101885019902.37 116511758456.30
19          4356.20         4896.81         95135727526.56  106942311187.60
20          4377.60         4795.70         99446870846.78  108944883523.75
21          4308.30         4777.33         98761468745.26  109513403488.43
22          4365.70         4884.32         101286226394.05 113318427750.58
23          4400.04         4697.95         97325164171.72  103914467937.98
24          4374.51         4924.78         101305999547.28 114049188143.75
2021-12-16 19:03:53,174 - __main__ - INFO - ground truth:
             avg(c_acctbal)  avg(s_acctbal)  sum(c_acctbal)  sum(s_acctbal)
c_nationkey                                                                
0           4489.09         4750.47         97204429060.11  102864283639.34
1           4478.58         5156.38         101521631809.03 116886387814.97
2           4502.84         4926.83         108773860934.93 119016293073.25
3           4510.50         4976.52         110063319836.95 121434781349.97
4           4467.80         4955.13         91925727389.56  101952561544.09
5           4506.93         5017.03         90688332145.90  100952499397.81
6           4489.99         5263.09         102572805214.01 120234077220.52
7           4481.97         4725.51         100262969999.54 105711043954.64
8           4491.71         4898.26         102193355822.35 111442904344.11
9           4507.31         5056.46         102023357487.12 114453365970.99
10          4514.20         4934.04         106640129528.12 116557963141.05
11          4509.51         4846.61         106206568975.75 114145706219.45
12          4495.81         4905.97         100339620692.57 109493748108.56
13          4519.66         4967.01         96638723186.87  106203971323.94
14          4489.09         4748.57         105610059556.98 111714619054.55
15          4513.94         4993.59         95670237506.21  105836044024.01
16          4509.69         5125.84         98099691841.22  111502795597.57
17          4476.99         5194.81         99780562278.61  115778956973.10
18          4470.09         5153.13         104098927638.07 120005532950.10
19          4480.83         4865.91         97857583891.19  106267463992.76
20          4505.29         5210.90         102347462434.85 118377097752.18
21          4500.84         5087.25         103175299651.56 116617824864.37
22          4522.71         4945.33         104928946224.34 114733990724.54
23          4492.85         4974.00         99377984303.50  110020479238.93
24          4507.26         5065.90         104380144828.63 117317398620.77
2021-12-16 19:03:53,186 - __main__ - INFO - relative error:
             avg(c_acctbal)  avg(s_acctbal)  sum(c_acctbal)  sum(s_acctbal)
c_nationkey                                                                
0           0.03            0.13            0.03            0.13           
1           0.02            0.06            0.02            0.06           
2           0.03            0.05            0.03            0.05           
3           0.01            0.02            0.01            0.02           
4           0.01            0.07            0.01            0.07           
5           0.01            0.03            0.01            0.03           
6           0.02            0.09            0.02            0.09           
7           0.02            0.09            0.02            0.09           
8           0.03            0.03            0.03            0.03           
9           0.04            0.05            0.04            0.05           
10          0.04            0.03            0.04            0.03           
11          0.04            0.08            0.04            0.08           
12          0.02            0.05            0.02            0.05           
13          0.03            0.12            0.03            0.12           
14          0.03            0.05            0.03            0.05           
15          0.03            0.12            0.03            0.12           
16          0.02            0.06            0.02            0.06           
17          0.02            0.03            0.02            0.03           
18          0.02            0.03            0.02            0.03           
19          0.03            0.01            0.03            0.01           
20          0.03            0.08            0.03            0.08           
21          0.04            0.06            0.04            0.06           
22          0.03            0.01            0.03            0.01           
23          0.02            0.06            0.02            0.06           
24          0.03            0.03            0.03            0.03           
2021-12-16 19:03:53,186 - __main__ - INFO - relative error average :0.04140432294958983
2021-12-16 19:03:53,186 - __main__ - INFO - relative error normalized average :0.04017221596217564
2021-12-16 19:03:53,186 - __main__ - INFO - relative error var normalized average :0.0069770487512688635
2021-12-16 19:03:53,189 - __main__ - INFO - total_time:5.65661455783993
