main.py:20: FutureWarning: Passing a negative integer is deprecated in version 1.0 and will not be supported in future version. Instead, use None to not limit the column width.
  pd.set_option('max_colwidth', -1)
2021-12-16 19:02:54,423 - __main__ - INFO - load query config config/query/customer_with_inc_join_supplier.json successfully
2021-12-16 19:02:54,423 - __main__ - INFO - load train config ./config/train/tpch_customer_with_inc_torch_cvae.json successfully
2021-12-16 19:02:54,423 - __main__ - INFO - load train config ./config/train/tpch_supplier_torch_cvae.json successfully
2021-12-16 19:02:54,423 - utils.dataset_utils - INFO - load existing dataset(light):tpch-1m-customer-with-inc_c_nationkey_c_acctbal_c_nationkey_binary_gaussian5_0sample_train
2021-12-16 19:02:57,164 - utils.dataset_utils - INFO - load dataset(light) time elapsed:2.741148696281016
2021-12-16 19:02:57,165 - models.pytorch_cvae - INFO - feature info:[('c_acctbal', 'numerical', 6), ('c_nationkey', 'categorical', 6)]
2021-12-16 19:02:57,166 - utils.model_utils - INFO - load model name:torch_cvae_tpch-1m-customer-with-inc_c_nationkey_ld50_id100_bs1024_ep100_0_binary_gaussian5sample_train
2021-12-16 19:02:57,168 - utils.model_utils - INFO - load torch model time elapsed:0.002366911619901657
2021-12-16 19:02:57,168 - models.pytorch_cvae - INFO - load model time elapsed:2.744849489070475
2021-12-16 19:02:57,168 - utils.dataset_utils - INFO - load existing dataset(light):tpch-1m-supplier_s_nationkey#s_suppkey_s_acctbal_s_nationkey_binary_gaussian5_0
2021-12-16 19:02:57,171 - utils.dataset_utils - INFO - load dataset(light) time elapsed:0.0026029739528894424
2021-12-16 19:02:57,171 - models.pytorch_cvae - INFO - feature info:[('s_acctbal', 'numerical', 6), ('s_nationkey', 'categorical', 6), ('s_suppkey', 'categorical', 15)]
2021-12-16 19:02:57,171 - utils.model_utils - INFO - load model name:torch_cvae_tpch-1m-supplier_s_nationkey_ld50_id100_bs32_ep150_0_binary_gaussian5
2021-12-16 19:02:57,173 - utils.model_utils - INFO - load torch model time elapsed:0.0016999263316392899
2021-12-16 19:02:57,173 - models.pytorch_cvae - INFO - load model time elapsed:0.004966311156749725
2021-12-16 19:02:57,173 - __main__ - INFO - multi_sampling No.0 epoch
2021-12-16 19:02:57,174 - models.pytorch_cvae - INFO - statistics sampling rate:0.01
2021-12-16 19:02:57,174 - __main__ - INFO - multi_sampling No.1 epoch
2021-12-16 19:02:57,179 - models.pytorch_cvae - INFO - statistics sampling rate:0.01
2021-12-16 19:02:57,180 - __main__ - INFO - multi_sampling No.2 epoch
2021-12-16 19:02:57,180 - models.pytorch_cvae - INFO - statistics sampling rate:0.01
2021-12-16 19:02:57,757 - models.pytorch_cvae - INFO - sampling time:0.5754318377003074
2021-12-16 19:02:57,784 - models.pytorch_cvae - INFO - statistics sampling rate:0.1
2021-12-16 19:02:57,880 - models.pytorch_cvae - INFO - sampling time:0.7064547836780548
2021-12-16 19:02:57,928 - models.pytorch_cvae - INFO - statistics sampling rate:0.1
2021-12-16 19:02:57,938 - models.pytorch_cvae - INFO - sampling time:0.7583653265610337
2021-12-16 19:02:57,982 - models.pytorch_cvae - INFO - statistics sampling rate:0.1
2021-12-16 19:02:58,066 - models.pytorch_cvae - INFO - sampling time:0.2808294799178839
2021-12-16 19:02:58,139 - __main__ - INFO - sample and aggregation time elapsed:0.9587648352608085
2021-12-16 19:02:58,147 - models.pytorch_cvae - INFO - sampling time:0.16489423718303442
2021-12-16 19:02:58,223 - models.pytorch_cvae - INFO - sampling time:0.29421195294708014
2021-12-16 19:02:58,245 - __main__ - INFO - sample and aggregation time elapsed:1.0662088943645358
2021-12-16 19:02:58,282 - __main__ - INFO - sample and aggregation time elapsed:1.1090952875092626
2021-12-16 19:02:58,287 - __main__ - INFO - sample time:1.1137325083836913
2021-12-16 19:02:58,301 - __main__ - INFO - aqp result:
             avg(c_acctbal)  avg(s_acctbal)  sum(c_acctbal)  sum(s_acctbal)
c_nationkey                                                                
0           4512.82         4758.72         97718434778.85  103042859093.92
1           4468.33         4699.83         101289445334.32 106536973025.89
2           4244.07         4800.21         102523011653.20 115957510605.74
3           4252.99         4936.63         103779641150.27 120461623927.67
4           4382.62         5304.56         90173116180.97  109142149685.33
5           4442.66         5284.18         89395113711.21  106328283378.39
6           4428.12         5152.05         101159374410.96 117697433252.02
7           4471.75         4892.88         100034316071.53 109455037859.49
8           4347.13         5106.76         98903832019.44  116186597232.71
9           4344.22         4879.42         98331722366.12  110445935486.44
10          4408.71         5074.88         104147935820.67 119885050295.55
11          4355.52         5002.10         102579671564.17 117807844155.07
12          4470.09         4716.91         99765600709.02  105274123949.43
13          4315.10         5145.04         92264826225.04  110010479602.05
14          4465.60         4831.19         105057569560.41 113658454722.51
15          4427.68         4610.62         93841877031.13  97719160414.06 
16          4345.60         5421.63         94530045683.87  117937195101.60
17          4380.05         5223.11         97620008569.34  116409560782.26
18          4473.42         4911.43         104176573330.46 114376752472.07
19          4503.91         4803.83         98361649648.00  104911677692.91
20          4329.61         5181.98         98356662823.66  117720152117.50
21          4495.29         4915.71         103048115076.09 112685550581.31
22          4404.94         4823.69         102196732685.05 111911868248.43
23          4306.47         4592.08         95255311972.06  101572735749.65
24          4435.64         4830.11         102721625674.04 111856887117.40
2021-12-16 19:02:58,304 - __main__ - INFO - ground truth:
             avg(c_acctbal)  avg(s_acctbal)  sum(c_acctbal)  sum(s_acctbal)
c_nationkey                                                                
0           4489.09         4750.47         97204429060.11  102864283639.34
1           4478.58         5156.38         101521631809.03 116886387814.97
2           4502.84         4926.83         108773860934.93 119016293073.25
3           4510.50         4976.52         110063319836.95 121434781349.97
4           4467.80         4955.13         91925727389.56  101952561544.09
5           4506.93         5017.03         90688332145.90  100952499397.81
6           4489.99         5263.09         102572805214.01 120234077220.52
7           4481.97         4725.51         100262969999.54 105711043954.64
8           4491.71         4898.26         102193355822.35 111442904344.11
9           4507.31         5056.46         102023357487.12 114453365970.99
10          4514.20         4934.04         106640129528.12 116557963141.05
11          4509.51         4846.61         106206568975.75 114145706219.45
12          4495.81         4905.97         100339620692.57 109493748108.56
13          4519.66         4967.01         96638723186.87  106203971323.94
14          4489.09         4748.57         105610059556.98 111714619054.55
15          4513.94         4993.59         95670237506.21  105836044024.01
16          4509.69         5125.84         98099691841.22  111502795597.57
17          4476.99         5194.81         99780562278.61  115778956973.10
18          4470.09         5153.13         104098927638.07 120005532950.10
19          4480.83         4865.91         97857583891.19  106267463992.76
20          4505.29         5210.90         102347462434.85 118377097752.18
21          4500.84         5087.25         103175299651.56 116617824864.37
22          4522.71         4945.33         104928946224.34 114733990724.54
23          4492.85         4974.00         99377984303.50  110020479238.93
24          4507.26         5065.90         104380144828.63 117317398620.77
2021-12-16 19:02:58,315 - __main__ - INFO - relative error:
             avg(c_acctbal)  avg(s_acctbal)  sum(c_acctbal)  sum(s_acctbal)
c_nationkey                                                                
0           0.01            0.00            0.01            0.00           
1           0.00            0.09            0.00            0.09           
2           0.06            0.03            0.06            0.03           
3           0.06            0.01            0.06            0.01           
4           0.02            0.07            0.02            0.07           
5           0.01            0.05            0.01            0.05           
6           0.01            0.02            0.01            0.02           
7           0.00            0.04            0.00            0.04           
8           0.03            0.04            0.03            0.04           
9           0.04            0.04            0.04            0.04           
10          0.02            0.03            0.02            0.03           
11          0.03            0.03            0.03            0.03           
12          0.01            0.04            0.01            0.04           
13          0.05            0.04            0.05            0.04           
14          0.01            0.02            0.01            0.02           
15          0.02            0.08            0.02            0.08           
16          0.04            0.06            0.04            0.06           
17          0.02            0.01            0.02            0.01           
18          0.00            0.05            0.00            0.05           
19          0.01            0.01            0.01            0.01           
20          0.04            0.01            0.04            0.01           
21          0.00            0.03            0.00            0.03           
22          0.03            0.02            0.03            0.02           
23          0.04            0.08            0.04            0.08           
24          0.02            0.05            0.02            0.05           
2021-12-16 19:02:58,315 - __main__ - INFO - relative error average :0.02962554918794748
2021-12-16 19:02:58,315 - __main__ - INFO - relative error normalized average :0.0289643099301257
2021-12-16 19:02:58,316 - __main__ - INFO - relative error var normalized average :0.003620020442400859
2021-12-16 19:02:58,318 - __main__ - INFO - total_time:3.8950899858027697
