main.py:20: FutureWarning: Passing a negative integer is deprecated in version 1.0 and will not be supported in future version. Instead, use None to not limit the column width.
  pd.set_option('max_colwidth', -1)
2021-12-16 19:05:48,931 - __main__ - INFO - load query config config/query/customer_with_inc_join_supplier.json successfully
2021-12-16 19:05:48,931 - __main__ - INFO - load train config ./config/train/tpch_customer_with_inc_torch_cvae.json successfully
2021-12-16 19:05:48,931 - __main__ - INFO - load train config ./config/train/tpch_supplier_torch_cvae.json successfully
2021-12-16 19:05:48,931 - utils.dataset_utils - INFO - load existing dataset(light):tpch-1m-customer-with-inc_c_nationkey_c_acctbal_c_nationkey_binary_gaussian5_0sample_train
2021-12-16 19:05:51,670 - utils.dataset_utils - INFO - load dataset(light) time elapsed:2.739201939664781
2021-12-16 19:05:51,670 - models.pytorch_cvae - INFO - feature info:[('c_acctbal', 'numerical', 6), ('c_nationkey', 'categorical', 6)]
2021-12-16 19:05:51,671 - utils.model_utils - INFO - load model name:torch_cvae_tpch-1m-customer-with-inc_c_nationkey_ld50_id100_bs1024_ep100_0_binary_gaussian5sample_train
2021-12-16 19:05:51,674 - utils.model_utils - INFO - load torch model time elapsed:0.0020990287885069847
2021-12-16 19:05:51,674 - models.pytorch_cvae - INFO - load model time elapsed:2.7428301479667425
2021-12-16 19:05:51,674 - utils.dataset_utils - INFO - load existing dataset(light):tpch-1m-supplier_s_nationkey#s_suppkey_s_acctbal_s_nationkey_binary_gaussian5_0
2021-12-16 19:05:51,677 - utils.dataset_utils - INFO - load dataset(light) time elapsed:0.0029701674357056618
2021-12-16 19:05:51,677 - models.pytorch_cvae - INFO - feature info:[('s_acctbal', 'numerical', 6), ('s_nationkey', 'categorical', 6), ('s_suppkey', 'categorical', 15)]
2021-12-16 19:05:51,677 - utils.model_utils - INFO - load model name:torch_cvae_tpch-1m-supplier_s_nationkey_ld50_id100_bs32_ep150_0_binary_gaussian5
2021-12-16 19:05:51,681 - utils.model_utils - INFO - load torch model time elapsed:0.003510650247335434
2021-12-16 19:05:51,681 - models.pytorch_cvae - INFO - load model time elapsed:0.007146176882088184
2021-12-16 19:05:51,681 - __main__ - INFO - multi_sampling No.0 epoch
2021-12-16 19:05:51,681 - models.pytorch_cvae - INFO - statistics sampling rate:0.08
2021-12-16 19:05:51,681 - __main__ - INFO - multi_sampling No.1 epoch
2021-12-16 19:05:51,687 - models.pytorch_cvae - INFO - statistics sampling rate:0.08
2021-12-16 19:05:51,687 - __main__ - INFO - multi_sampling No.2 epoch
2021-12-16 19:05:51,688 - models.pytorch_cvae - INFO - statistics sampling rate:0.08
2021-12-16 19:05:53,042 - models.pytorch_cvae - INFO - sampling time:1.3600764265283942
2021-12-16 19:05:53,048 - models.pytorch_cvae - INFO - sampling time:1.3601163420826197
2021-12-16 19:05:54,291 - models.pytorch_cvae - INFO - statistics sampling rate:0.1
2021-12-16 19:05:54,294 - models.pytorch_cvae - INFO - statistics sampling rate:0.1
2021-12-16 19:05:54,299 - models.pytorch_cvae - INFO - sampling time:2.6098431469872594
2021-12-16 19:05:54,515 - models.pytorch_cvae - INFO - statistics sampling rate:0.1
2021-12-16 19:05:54,598 - models.pytorch_cvae - INFO - sampling time:0.08275588974356651
2021-12-16 19:05:54,715 - models.pytorch_cvae - INFO - sampling time:0.4217817559838295
2021-12-16 19:05:54,793 - models.pytorch_cvae - INFO - sampling time:0.49823181610554457
2021-12-16 19:05:55,012 - __main__ - INFO - sample and aggregation time elapsed:3.324660252779722
2021-12-16 19:05:55,158 - __main__ - INFO - sample and aggregation time elapsed:3.4714905861765146
2021-12-16 19:05:55,209 - __main__ - INFO - sample and aggregation time elapsed:3.528335090726614
2021-12-16 19:05:55,214 - __main__ - INFO - sample time:3.5334401139989495
2021-12-16 19:05:55,227 - __main__ - INFO - aqp result:
             avg(c_acctbal)  avg(s_acctbal)  sum(c_acctbal)  sum(s_acctbal)
c_nationkey                                                                
0           4325.60         5031.59         93664422044.51  108951557125.16
1           4427.35         5099.81         100360437218.03 115604043907.60
2           4280.61         4975.75         103405615778.52 120197841436.83
3           4395.84         4821.27         107265510671.54 117646466389.66
4           4351.17         4470.34         89526066680.40  91977958949.15 
5           4415.37         5107.49         88845937123.58  102772781527.65
6           4328.93         5335.57         98893427158.90  121889894864.13
7           4424.55         4972.90         98978366518.88  111245227406.47
8           4394.67         5301.02         99985496460.04  120606377118.70
9           4371.67         5137.28         98953000065.01  116282680540.77
10          4355.40         4934.64         102888591715.29 116572141583.07
11          4347.85         4652.55         102399182481.22 109575296023.93
12          4415.43         5230.02         98545685202.78  116726010729.77
13          4387.10         4902.53         93804297306.11  104825323501.52
14          4403.89         4817.10         103605672075.25 113326816319.28
15          4383.89         4773.79         92913766978.91  101177545828.87
16          4329.27         5110.31         94174955548.37  111164882146.77
17          4382.20         5195.05         97667814902.06  115784194442.75
18          4370.07         5066.88         101769777413.18 117996966332.89
19          4389.64         5176.61         95866009717.44  113052777689.01
20          4365.15         4863.65         99163988487.08  110488558457.19
21          4429.53         5180.53         101540523917.39 118756209674.74
22          4386.07         5114.19         101759002023.21 118651615525.66
23          4358.91         4983.32         96415374404.82  110226614665.35
24          4404.96         4739.35         102011220977.36 109754914014.92
2021-12-16 19:05:55,230 - __main__ - INFO - ground truth:
             avg(c_acctbal)  avg(s_acctbal)  sum(c_acctbal)  sum(s_acctbal)
c_nationkey                                                                
0           4489.09         4750.47         97204429060.11  102864283639.34
1           4478.58         5156.38         101521631809.03 116886387814.97
2           4502.84         4926.83         108773860934.93 119016293073.25
3           4510.50         4976.52         110063319836.95 121434781349.97
4           4467.80         4955.13         91925727389.56  101952561544.09
5           4506.93         5017.03         90688332145.90  100952499397.81
6           4489.99         5263.09         102572805214.01 120234077220.52
7           4481.97         4725.51         100262969999.54 105711043954.64
8           4491.71         4898.26         102193355822.35 111442904344.11
9           4507.31         5056.46         102023357487.12 114453365970.99
10          4514.20         4934.04         106640129528.12 116557963141.05
11          4509.51         4846.61         106206568975.75 114145706219.45
12          4495.81         4905.97         100339620692.57 109493748108.56
13          4519.66         4967.01         96638723186.87  106203971323.94
14          4489.09         4748.57         105610059556.98 111714619054.55
15          4513.94         4993.59         95670237506.21  105836044024.01
16          4509.69         5125.84         98099691841.22  111502795597.57
17          4476.99         5194.81         99780562278.61  115778956973.10
18          4470.09         5153.13         104098927638.07 120005532950.10
19          4480.83         4865.91         97857583891.19  106267463992.76
20          4505.29         5210.90         102347462434.85 118377097752.18
21          4500.84         5087.25         103175299651.56 116617824864.37
22          4522.71         4945.33         104928946224.34 114733990724.54
23          4492.85         4974.00         99377984303.50  110020479238.93
24          4507.26         5065.90         104380144828.63 117317398620.77
2021-12-16 19:05:55,240 - __main__ - INFO - relative error:
             avg(c_acctbal)  avg(s_acctbal)  sum(c_acctbal)  sum(s_acctbal)
c_nationkey                                                                
0           0.04            0.06            0.04            0.06           
1           0.01            0.01            0.01            0.01           
2           0.05            0.01            0.05            0.01           
3           0.03            0.03            0.03            0.03           
4           0.03            0.10            0.03            0.10           
5           0.02            0.02            0.02            0.02           
6           0.04            0.01            0.04            0.01           
7           0.01            0.05            0.01            0.05           
8           0.02            0.08            0.02            0.08           
9           0.03            0.02            0.03            0.02           
10          0.04            0.00            0.04            0.00           
11          0.04            0.04            0.04            0.04           
12          0.02            0.07            0.02            0.07           
13          0.03            0.01            0.03            0.01           
14          0.02            0.01            0.02            0.01           
15          0.03            0.04            0.03            0.04           
16          0.04            0.00            0.04            0.00           
17          0.02            0.00            0.02            0.00           
18          0.02            0.02            0.02            0.02           
19          0.02            0.06            0.02            0.06           
20          0.03            0.07            0.03            0.07           
21          0.02            0.02            0.02            0.02           
22          0.03            0.03            0.03            0.03           
23          0.03            0.00            0.03            0.00           
24          0.02            0.06            0.02            0.06           
2021-12-16 19:05:55,240 - __main__ - INFO - relative error average :0.03014536348699953
2021-12-16 19:05:55,240 - __main__ - INFO - relative error normalized average :0.029486632463372072
2021-12-16 19:05:55,240 - __main__ - INFO - relative error var normalized average :0.003586907856182372
2021-12-16 19:05:55,242 - __main__ - INFO - total_time:6.312015947885811
