main.py:20: FutureWarning: Passing a negative integer is deprecated in version 1.0 and will not be supported in future version. Instead, use None to not limit the column width.
  pd.set_option('max_colwidth', -1)
2021-12-16 19:04:46,765 - __main__ - INFO - load query config config/query/customer_with_inc_join_supplier.json successfully
2021-12-16 19:04:46,765 - __main__ - INFO - load train config ./config/train/tpch_customer_with_inc_torch_cvae.json successfully
2021-12-16 19:04:46,766 - __main__ - INFO - load train config ./config/train/tpch_supplier_torch_cvae.json successfully
2021-12-16 19:04:46,766 - utils.dataset_utils - INFO - load existing dataset(light):tpch-1m-customer-with-inc_c_nationkey_c_acctbal_c_nationkey_binary_gaussian5_0sample_train
2021-12-16 19:04:49,505 - utils.dataset_utils - INFO - load dataset(light) time elapsed:2.7394668143242598
2021-12-16 19:04:49,505 - models.pytorch_cvae - INFO - feature info:[('c_acctbal', 'numerical', 6), ('c_nationkey', 'categorical', 6)]
2021-12-16 19:04:49,506 - utils.model_utils - INFO - load model name:torch_cvae_tpch-1m-customer-with-inc_c_nationkey_ld50_id100_bs1024_ep100_0_binary_gaussian5sample_train
2021-12-16 19:04:49,510 - utils.model_utils - INFO - load torch model time elapsed:0.0038085924461483955
2021-12-16 19:04:49,510 - models.pytorch_cvae - INFO - load model time elapsed:2.7446218645200133
2021-12-16 19:04:49,510 - utils.dataset_utils - INFO - load existing dataset(light):tpch-1m-supplier_s_nationkey#s_suppkey_s_acctbal_s_nationkey_binary_gaussian5_0
2021-12-16 19:04:49,513 - utils.dataset_utils - INFO - load dataset(light) time elapsed:0.0025974800810217857
2021-12-16 19:04:49,513 - models.pytorch_cvae - INFO - feature info:[('s_acctbal', 'numerical', 6), ('s_nationkey', 'categorical', 6), ('s_suppkey', 'categorical', 15)]
2021-12-16 19:04:49,513 - utils.model_utils - INFO - load model name:torch_cvae_tpch-1m-supplier_s_nationkey_ld50_id100_bs32_ep150_0_binary_gaussian5
2021-12-16 19:04:49,515 - utils.model_utils - INFO - load torch model time elapsed:0.0013861488550901413
2021-12-16 19:04:49,515 - models.pytorch_cvae - INFO - load model time elapsed:0.004639233462512493
2021-12-16 19:04:49,515 - __main__ - INFO - multi_sampling No.0 epoch
2021-12-16 19:04:49,515 - models.pytorch_cvae - INFO - statistics sampling rate:0.06
2021-12-16 19:04:49,515 - __main__ - INFO - multi_sampling No.1 epoch
2021-12-16 19:04:49,521 - models.pytorch_cvae - INFO - statistics sampling rate:0.06
2021-12-16 19:04:49,522 - __main__ - INFO - multi_sampling No.2 epoch
2021-12-16 19:04:49,523 - models.pytorch_cvae - INFO - statistics sampling rate:0.06
2021-12-16 19:04:50,737 - models.pytorch_cvae - INFO - sampling time:1.2135640420019627
2021-12-16 19:04:50,797 - models.pytorch_cvae - INFO - sampling time:1.2809103708714247
2021-12-16 19:04:51,393 - models.pytorch_cvae - INFO - statistics sampling rate:0.1
2021-12-16 19:04:51,395 - models.pytorch_cvae - INFO - statistics sampling rate:0.1
2021-12-16 19:04:51,518 - models.pytorch_cvae - INFO - sampling time:1.9963238127529621
2021-12-16 19:04:51,668 - models.pytorch_cvae - INFO - statistics sampling rate:0.1
2021-12-16 19:04:51,791 - models.pytorch_cvae - INFO - sampling time:0.39763796515762806
2021-12-16 19:04:51,856 - models.pytorch_cvae - INFO - sampling time:0.18744839634746313
2021-12-16 19:04:51,892 - models.pytorch_cvae - INFO - sampling time:0.49703112430870533
2021-12-16 19:04:52,153 - __main__ - INFO - sample and aggregation time elapsed:2.6382793644443154
2021-12-16 19:04:52,231 - __main__ - INFO - sample and aggregation time elapsed:2.7104887645691633
2021-12-16 19:04:52,239 - __main__ - INFO - sample and aggregation time elapsed:2.71576009131968
2021-12-16 19:04:52,244 - __main__ - INFO - sample time:2.7286312878131866
2021-12-16 19:04:52,256 - __main__ - INFO - aqp result:
             avg(c_acctbal)  avg(s_acctbal)  sum(c_acctbal)  sum(s_acctbal)
c_nationkey                                                                
0           4341.88         5142.20         94016941301.58  111346548274.76
1           4378.94         5234.82         99263030322.92  118664371930.69
2           4370.77         4999.81         105583584738.83 120779090082.02
3           4394.45         4933.05         107231429993.95 120374266013.57
4           4385.17         4602.63         90225643225.85  94699801043.72 
5           4421.62         4814.45         88971780050.63  96876237694.58 
6           4397.92         5384.35         100469544549.17 123004262612.40
7           4426.37         5006.86         99019190953.27  112004881020.23
8           4299.12         5037.94         97811579043.32  114620878883.25
9           4431.86         4615.61         100315517287.75 104474637497.06
10          4344.72         4849.74         102636371690.01 114566537465.09
11          4403.75         4701.41         103715691406.63 110725981873.73
12          4379.38         5145.26         97741049055.45  114834451578.98
13          4362.51         5340.35         93278555055.56  114186714962.19
14          4376.08         4865.99         102951385073.40 114477113079.75
15          4374.67         4384.41         92718389756.30  92924951369.26 
16          4393.67         5400.00         95575804351.77  117466522538.02
17          4380.83         5325.80         97637309865.45  118698380970.63
18          4392.00         5153.33         102280298390.61 120010163175.31
19          4353.73         5062.66         95081700327.88  110564204830.28
20          4418.94         4847.40         100386012498.84 110119309013.59
21          4350.52         5431.03         99729361461.72  124498573180.04
22          4392.68         4888.15         101912220052.49 113407399228.05
23          4365.90         4980.05         96569912196.28  110154419546.00
24          4395.51         5461.13         101792207089.42 126470107739.02
2021-12-16 19:04:52,259 - __main__ - INFO - ground truth:
             avg(c_acctbal)  avg(s_acctbal)  sum(c_acctbal)  sum(s_acctbal)
c_nationkey                                                                
0           4489.09         4750.47         97204429060.11  102864283639.34
1           4478.58         5156.38         101521631809.03 116886387814.97
2           4502.84         4926.83         108773860934.93 119016293073.25
3           4510.50         4976.52         110063319836.95 121434781349.97
4           4467.80         4955.13         91925727389.56  101952561544.09
5           4506.93         5017.03         90688332145.90  100952499397.81
6           4489.99         5263.09         102572805214.01 120234077220.52
7           4481.97         4725.51         100262969999.54 105711043954.64
8           4491.71         4898.26         102193355822.35 111442904344.11
9           4507.31         5056.46         102023357487.12 114453365970.99
10          4514.20         4934.04         106640129528.12 116557963141.05
11          4509.51         4846.61         106206568975.75 114145706219.45
12          4495.81         4905.97         100339620692.57 109493748108.56
13          4519.66         4967.01         96638723186.87  106203971323.94
14          4489.09         4748.57         105610059556.98 111714619054.55
15          4513.94         4993.59         95670237506.21  105836044024.01
16          4509.69         5125.84         98099691841.22  111502795597.57
17          4476.99         5194.81         99780562278.61  115778956973.10
18          4470.09         5153.13         104098927638.07 120005532950.10
19          4480.83         4865.91         97857583891.19  106267463992.76
20          4505.29         5210.90         102347462434.85 118377097752.18
21          4500.84         5087.25         103175299651.56 116617824864.37
22          4522.71         4945.33         104928946224.34 114733990724.54
23          4492.85         4974.00         99377984303.50  110020479238.93
24          4507.26         5065.90         104380144828.63 117317398620.77
2021-12-16 19:04:52,269 - __main__ - INFO - relative error:
             avg(c_acctbal)  avg(s_acctbal)  sum(c_acctbal)  sum(s_acctbal)
c_nationkey                                                                
0           0.03            0.08            0.03            0.08           
1           0.02            0.02            0.02            0.02           
2           0.03            0.01            0.03            0.01           
3           0.03            0.01            0.03            0.01           
4           0.02            0.07            0.02            0.07           
5           0.02            0.04            0.02            0.04           
6           0.02            0.02            0.02            0.02           
7           0.01            0.06            0.01            0.06           
8           0.04            0.03            0.04            0.03           
9           0.02            0.09            0.02            0.09           
10          0.04            0.02            0.04            0.02           
11          0.02            0.03            0.02            0.03           
12          0.03            0.05            0.03            0.05           
13          0.03            0.08            0.03            0.08           
14          0.03            0.02            0.03            0.02           
15          0.03            0.12            0.03            0.12           
16          0.03            0.05            0.03            0.05           
17          0.02            0.03            0.02            0.03           
18          0.02            0.00            0.02            0.00           
19          0.03            0.04            0.03            0.04           
20          0.02            0.07            0.02            0.07           
21          0.03            0.07            0.03            0.07           
22          0.03            0.01            0.03            0.01           
23          0.03            0.00            0.03            0.00           
24          0.02            0.08            0.02            0.08           
2021-12-16 19:04:52,270 - __main__ - INFO - relative error average :0.034823463685126656
2021-12-16 19:04:52,270 - __main__ - INFO - relative error normalized average :0.03394496285648815
2021-12-16 19:04:52,270 - __main__ - INFO - relative error var normalized average :0.0049580709378833935
2021-12-16 19:04:52,272 - __main__ - INFO - total_time:5.506876732222736
