main.py:20: FutureWarning: Passing a negative integer is deprecated in version 1.0 and will not be supported in future version. Instead, use None to not limit the column width.
  pd.set_option('max_colwidth', -1)
2021-12-16 19:03:31,380 - __main__ - INFO - load query config config/query/customer_with_inc_join_supplier.json successfully
2021-12-16 19:03:31,380 - __main__ - INFO - load train config ./config/train/tpch_customer_with_inc_torch_cvae.json successfully
2021-12-16 19:03:31,380 - __main__ - INFO - load train config ./config/train/tpch_supplier_torch_cvae.json successfully
2021-12-16 19:03:31,380 - utils.dataset_utils - INFO - load existing dataset(light):tpch-1m-customer-with-inc_c_nationkey_c_acctbal_c_nationkey_binary_gaussian5_0sample_train
2021-12-16 19:03:34,120 - utils.dataset_utils - INFO - load dataset(light) time elapsed:2.739522938616574
2021-12-16 19:03:34,120 - models.pytorch_cvae - INFO - feature info:[('c_acctbal', 'numerical', 6), ('c_nationkey', 'categorical', 6)]
2021-12-16 19:03:34,121 - utils.model_utils - INFO - load model name:torch_cvae_tpch-1m-customer-with-inc_c_nationkey_ld50_id100_bs1024_ep100_0_binary_gaussian5sample_train
2021-12-16 19:03:34,123 - utils.model_utils - INFO - load torch model time elapsed:0.002216421067714691
2021-12-16 19:03:34,123 - models.pytorch_cvae - INFO - load model time elapsed:2.7430972941219807
2021-12-16 19:03:34,123 - utils.dataset_utils - INFO - load existing dataset(light):tpch-1m-supplier_s_nationkey#s_suppkey_s_acctbal_s_nationkey_binary_gaussian5_0
2021-12-16 19:03:34,126 - utils.dataset_utils - INFO - load dataset(light) time elapsed:0.0026322780176997185
2021-12-16 19:03:34,126 - models.pytorch_cvae - INFO - feature info:[('s_acctbal', 'numerical', 6), ('s_nationkey', 'categorical', 6), ('s_suppkey', 'categorical', 15)]
2021-12-16 19:03:34,126 - utils.model_utils - INFO - load model name:torch_cvae_tpch-1m-supplier_s_nationkey_ld50_id100_bs32_ep150_0_binary_gaussian5
2021-12-16 19:03:34,129 - utils.model_utils - INFO - load torch model time elapsed:0.0021658912301063538
2021-12-16 19:03:34,129 - models.pytorch_cvae - INFO - load model time elapsed:0.005456041544675827
2021-12-16 19:03:34,129 - __main__ - INFO - multi_sampling No.0 epoch
2021-12-16 19:03:34,129 - models.pytorch_cvae - INFO - statistics sampling rate:0.03
2021-12-16 19:03:34,129 - __main__ - INFO - multi_sampling No.1 epoch
2021-12-16 19:03:34,135 - models.pytorch_cvae - INFO - statistics sampling rate:0.03
2021-12-16 19:03:34,135 - __main__ - INFO - multi_sampling No.2 epoch
2021-12-16 19:03:34,136 - models.pytorch_cvae - INFO - statistics sampling rate:0.03
2021-12-16 19:03:35,122 - models.pytorch_cvae - INFO - sampling time:0.9854957647621632
2021-12-16 19:03:35,238 - models.pytorch_cvae - INFO - sampling time:1.1028672270476818
2021-12-16 19:03:35,442 - models.pytorch_cvae - INFO - sampling time:1.3122016275301576
2021-12-16 19:03:35,550 - models.pytorch_cvae - INFO - statistics sampling rate:0.1
2021-12-16 19:03:35,573 - models.pytorch_cvae - INFO - statistics sampling rate:0.1
2021-12-16 19:03:35,615 - models.pytorch_cvae - INFO - statistics sampling rate:0.1
2021-12-16 19:03:35,708 - models.pytorch_cvae - INFO - sampling time:0.15696040261536837
2021-12-16 19:03:35,776 - models.pytorch_cvae - INFO - sampling time:0.16165086533874273
2021-12-16 19:03:35,913 - __main__ - INFO - sample and aggregation time elapsed:1.7771934568881989
2021-12-16 19:03:35,917 - models.pytorch_cvae - INFO - sampling time:0.3430793657898903
2021-12-16 19:03:35,930 - __main__ - INFO - sample and aggregation time elapsed:1.801459421403706
2021-12-16 19:03:36,034 - __main__ - INFO - sample and aggregation time elapsed:1.8997259084135294
2021-12-16 19:03:36,039 - __main__ - INFO - sample time:1.9102692250162363
2021-12-16 19:03:36,053 - __main__ - INFO - aqp result:
             avg(c_acctbal)  avg(s_acctbal)  sum(c_acctbal)  sum(s_acctbal)
c_nationkey                                                                
0           4439.54         5113.51         96131551661.42  110725476692.11
1           4422.83         5069.16         100258044947.08 114909201094.31
2           4389.20         4817.06         106028736543.19 116364499953.13
3           4359.86         5226.77         106387521644.49 127541400201.94
4           4496.83         4356.17         92523067943.30  89628843352.46 
5           4366.62         5108.60         87865070939.83  102795180967.43
6           4403.04         4881.04         100586384408.69 111506299488.49
7           4430.40         4881.12         99109270555.69  109191894288.89
8           4355.17         4666.62         99086739794.21  106172807080.16
9           4311.12         4682.50         97582423645.20  105988776338.72
10          4371.16         5066.58         103261034830.41 119688959918.77
11          4344.93         5134.74         102330432113.76 120931713179.09
12          4444.37         4407.06         99191593245.08  98358738755.67 
13          4385.38         5381.64         93767606367.54  115069561188.38
14          4264.34         4677.12         100322591340.53 110033678863.97
15          4389.88         4795.56         93040862995.01  101638917606.71
16          4290.17         5327.54         93324296130.26  115890303121.20
17          4492.23         5718.38         100120252745.55 127447910668.00
18          4399.45         5316.15         102453810338.54 123801974637.44
19          4422.24         4424.65         96578036828.39  96630680470.27 
20          4303.60         4939.37         97765748720.49  112208606625.60
21          4394.92         5312.86         100747249138.10 121789649392.52
22          4458.13         4521.78         103430655475.00 104907407106.57
23          4426.56         4824.01         97911647708.43  106702872201.22
24          4364.77         5211.28         101080319602.79 120684186654.86
2021-12-16 19:03:36,056 - __main__ - INFO - ground truth:
             avg(c_acctbal)  avg(s_acctbal)  sum(c_acctbal)  sum(s_acctbal)
c_nationkey                                                                
0           4489.09         4750.47         97204429060.11  102864283639.34
1           4478.58         5156.38         101521631809.03 116886387814.97
2           4502.84         4926.83         108773860934.93 119016293073.25
3           4510.50         4976.52         110063319836.95 121434781349.97
4           4467.80         4955.13         91925727389.56  101952561544.09
5           4506.93         5017.03         90688332145.90  100952499397.81
6           4489.99         5263.09         102572805214.01 120234077220.52
7           4481.97         4725.51         100262969999.54 105711043954.64
8           4491.71         4898.26         102193355822.35 111442904344.11
9           4507.31         5056.46         102023357487.12 114453365970.99
10          4514.20         4934.04         106640129528.12 116557963141.05
11          4509.51         4846.61         106206568975.75 114145706219.45
12          4495.81         4905.97         100339620692.57 109493748108.56
13          4519.66         4967.01         96638723186.87  106203971323.94
14          4489.09         4748.57         105610059556.98 111714619054.55
15          4513.94         4993.59         95670237506.21  105836044024.01
16          4509.69         5125.84         98099691841.22  111502795597.57
17          4476.99         5194.81         99780562278.61  115778956973.10
18          4470.09         5153.13         104098927638.07 120005532950.10
19          4480.83         4865.91         97857583891.19  106267463992.76
20          4505.29         5210.90         102347462434.85 118377097752.18
21          4500.84         5087.25         103175299651.56 116617824864.37
22          4522.71         4945.33         104928946224.34 114733990724.54
23          4492.85         4974.00         99377984303.50  110020479238.93
24          4507.26         5065.90         104380144828.63 117317398620.77
2021-12-16 19:03:36,068 - __main__ - INFO - relative error:
             avg(c_acctbal)  avg(s_acctbal)  sum(c_acctbal)  sum(s_acctbal)
c_nationkey                                                                
0           0.01            0.08            0.01            0.08           
1           0.01            0.02            0.01            0.02           
2           0.03            0.02            0.03            0.02           
3           0.03            0.05            0.03            0.05           
4           0.01            0.12            0.01            0.12           
5           0.03            0.02            0.03            0.02           
6           0.02            0.07            0.02            0.07           
7           0.01            0.03            0.01            0.03           
8           0.03            0.05            0.03            0.05           
9           0.04            0.07            0.04            0.07           
10          0.03            0.03            0.03            0.03           
11          0.04            0.06            0.04            0.06           
12          0.01            0.10            0.01            0.10           
13          0.03            0.08            0.03            0.08           
14          0.05            0.02            0.05            0.02           
15          0.03            0.04            0.03            0.04           
16          0.05            0.04            0.05            0.04           
17          0.00            0.10            0.00            0.10           
18          0.02            0.03            0.02            0.03           
19          0.01            0.09            0.01            0.09           
20          0.04            0.05            0.04            0.05           
21          0.02            0.04            0.02            0.04           
22          0.01            0.09            0.01            0.09           
23          0.01            0.03            0.01            0.03           
24          0.03            0.03            0.03            0.03           
2021-12-16 19:03:36,068 - __main__ - INFO - relative error average :0.039654854909582093
2021-12-16 19:03:36,068 - __main__ - INFO - relative error normalized average :0.03852366189985267
2021-12-16 19:03:36,068 - __main__ - INFO - relative error var normalized average :0.006502637523711938
2021-12-16 19:03:36,071 - __main__ - INFO - total_time:4.690940164960921
