main.py:20: FutureWarning: Passing a negative integer is deprecated in version 1.0 and will not be supported in future version. Instead, use None to not limit the column width.
  pd.set_option('max_colwidth', -1)
2021-12-16 19:06:16,502 - __main__ - INFO - load query config config/query/customer_with_inc_join_supplier.json successfully
2021-12-16 19:06:16,502 - __main__ - INFO - load train config ./config/train/tpch_customer_with_inc_torch_cvae.json successfully
2021-12-16 19:06:16,502 - __main__ - INFO - load train config ./config/train/tpch_supplier_torch_cvae.json successfully
2021-12-16 19:06:16,502 - utils.dataset_utils - INFO - load existing dataset(light):tpch-1m-customer-with-inc_c_nationkey_c_acctbal_c_nationkey_binary_gaussian5_0sample_train
2021-12-16 19:06:19,190 - utils.dataset_utils - INFO - load dataset(light) time elapsed:2.687948848120868
2021-12-16 19:06:19,190 - models.pytorch_cvae - INFO - feature info:[('c_acctbal', 'numerical', 6), ('c_nationkey', 'categorical', 6)]
2021-12-16 19:06:19,192 - utils.model_utils - INFO - load model name:torch_cvae_tpch-1m-customer-with-inc_c_nationkey_ld50_id100_bs1024_ep100_0_binary_gaussian5sample_train
2021-12-16 19:06:19,196 - utils.model_utils - INFO - load torch model time elapsed:0.004665659740567207
2021-12-16 19:06:19,196 - models.pytorch_cvae - INFO - load model time elapsed:2.6939791375771165
2021-12-16 19:06:19,196 - utils.dataset_utils - INFO - load existing dataset(light):tpch-1m-supplier_s_nationkey#s_suppkey_s_acctbal_s_nationkey_binary_gaussian5_0
2021-12-16 19:06:19,199 - utils.dataset_utils - INFO - load dataset(light) time elapsed:0.002888004295527935
2021-12-16 19:06:19,199 - models.pytorch_cvae - INFO - feature info:[('s_acctbal', 'numerical', 6), ('s_nationkey', 'categorical', 6), ('s_suppkey', 'categorical', 15)]
2021-12-16 19:06:19,200 - utils.model_utils - INFO - load model name:torch_cvae_tpch-1m-supplier_s_nationkey_ld50_id100_bs32_ep150_0_binary_gaussian5
2021-12-16 19:06:19,201 - utils.model_utils - INFO - load torch model time elapsed:0.001460726372897625
2021-12-16 19:06:19,201 - models.pytorch_cvae - INFO - load model time elapsed:0.005034890025854111
2021-12-16 19:06:19,201 - __main__ - INFO - multi_sampling No.0 epoch
2021-12-16 19:06:19,202 - models.pytorch_cvae - INFO - statistics sampling rate:0.09
2021-12-16 19:06:19,202 - __main__ - INFO - multi_sampling No.1 epoch
2021-12-16 19:06:19,207 - models.pytorch_cvae - INFO - statistics sampling rate:0.09
2021-12-16 19:06:19,208 - __main__ - INFO - multi_sampling No.2 epoch
2021-12-16 19:06:19,208 - models.pytorch_cvae - INFO - statistics sampling rate:0.09
2021-12-16 19:06:20,810 - models.pytorch_cvae - INFO - sampling time:1.6023501390591264
2021-12-16 19:06:20,902 - models.pytorch_cvae - INFO - sampling time:1.6994226723909378
2021-12-16 19:06:21,150 - models.pytorch_cvae - INFO - sampling time:1.9409899478778243
2021-12-16 19:06:22,255 - models.pytorch_cvae - INFO - statistics sampling rate:0.1
2021-12-16 19:06:22,264 - models.pytorch_cvae - INFO - statistics sampling rate:0.1
2021-12-16 19:06:22,302 - models.pytorch_cvae - INFO - statistics sampling rate:0.1
2021-12-16 19:06:22,397 - models.pytorch_cvae - INFO - sampling time:0.09484609495848417
2021-12-16 19:06:22,563 - models.pytorch_cvae - INFO - sampling time:0.2965037627145648
2021-12-16 19:06:22,606 - models.pytorch_cvae - INFO - sampling time:0.348846553824842
2021-12-16 19:06:22,788 - __main__ - INFO - sample and aggregation time elapsed:3.5797433955594897
2021-12-16 19:06:23,065 - __main__ - INFO - sample and aggregation time elapsed:3.8581195287406445
2021-12-16 19:06:23,102 - __main__ - INFO - sample and aggregation time elapsed:3.9001301676034927
2021-12-16 19:06:23,105 - __main__ - INFO - sample time:3.903702643699944
2021-12-16 19:06:23,118 - __main__ - INFO - aqp result:
             avg(c_acctbal)  avg(s_acctbal)  sum(c_acctbal)  sum(s_acctbal)
c_nationkey                                                                
0           4352.63         4764.74         94249640446.06  103173389380.60
1           4389.73         4670.48         99507702336.11  105871709955.00
2           4336.16         4851.58         104747615829.93 117198408095.92
3           4367.75         5028.23         106579865830.68 122696697533.68
4           4427.22         4590.85         91090732187.53  94457520775.70 
5           4474.59         5030.46         90037700178.64  101222754432.46
6           4436.76         5098.49         101356793505.48 116473808410.86
7           4391.84         5121.44         98246708259.57  114567942737.20
8           4390.64         5570.60         99893871229.04  126739592982.92
9           4348.74         4789.72         98433965613.16  108415718405.97
10          4377.26         5115.49         103405145569.36 120844328769.08
11          4304.68         4619.27         101382367427.40 108791611622.65
12          4386.44         4941.74         97898652595.44  110292143108.55
13          4439.92         5019.03         94933688976.71  107316223015.93
14          4421.93         4810.57         104030054639.59 113173182661.38
15          4402.54         4636.71         93309210769.30  98272131535.34 
16          4373.95         4785.19         95146742183.69  104092522903.28
17          4366.98         4690.34         97328572044.33  104535602103.62
18          4338.55         4855.76         101035714514.66 113080355642.87
19          4346.47         4672.93         94923231438.24  102052945046.85
20          4365.01         5255.65         99160902070.76  119393662869.30
21          4444.17         5008.71         101876309822.69 114817390110.49
22          4427.24         4942.51         102713961423.43 114668491687.44
23          4370.62         5075.29         96674245121.93  112261032397.41
24          4372.39         5102.71         101256879661.20 118169865694.01
2021-12-16 19:06:23,121 - __main__ - INFO - ground truth:
             avg(c_acctbal)  avg(s_acctbal)  sum(c_acctbal)  sum(s_acctbal)
c_nationkey                                                                
0           4489.09         4750.47         97204429060.11  102864283639.34
1           4478.58         5156.38         101521631809.03 116886387814.97
2           4502.84         4926.83         108773860934.93 119016293073.25
3           4510.50         4976.52         110063319836.95 121434781349.97
4           4467.80         4955.13         91925727389.56  101952561544.09
5           4506.93         5017.03         90688332145.90  100952499397.81
6           4489.99         5263.09         102572805214.01 120234077220.52
7           4481.97         4725.51         100262969999.54 105711043954.64
8           4491.71         4898.26         102193355822.35 111442904344.11
9           4507.31         5056.46         102023357487.12 114453365970.99
10          4514.20         4934.04         106640129528.12 116557963141.05
11          4509.51         4846.61         106206568975.75 114145706219.45
12          4495.81         4905.97         100339620692.57 109493748108.56
13          4519.66         4967.01         96638723186.87  106203971323.94
14          4489.09         4748.57         105610059556.98 111714619054.55
15          4513.94         4993.59         95670237506.21  105836044024.01
16          4509.69         5125.84         98099691841.22  111502795597.57
17          4476.99         5194.81         99780562278.61  115778956973.10
18          4470.09         5153.13         104098927638.07 120005532950.10
19          4480.83         4865.91         97857583891.19  106267463992.76
20          4505.29         5210.90         102347462434.85 118377097752.18
21          4500.84         5087.25         103175299651.56 116617824864.37
22          4522.71         4945.33         104928946224.34 114733990724.54
23          4492.85         4974.00         99377984303.50  110020479238.93
24          4507.26         5065.90         104380144828.63 117317398620.77
2021-12-16 19:06:23,132 - __main__ - INFO - relative error:
             avg(c_acctbal)  avg(s_acctbal)  sum(c_acctbal)  sum(s_acctbal)
c_nationkey                                                                
0           0.03            0.00            0.03            0.00           
1           0.02            0.09            0.02            0.09           
2           0.04            0.02            0.04            0.02           
3           0.03            0.01            0.03            0.01           
4           0.01            0.07            0.01            0.07           
5           0.01            0.00            0.01            0.00           
6           0.01            0.03            0.01            0.03           
7           0.02            0.08            0.02            0.08           
8           0.02            0.14            0.02            0.14           
9           0.04            0.05            0.04            0.05           
10          0.03            0.04            0.03            0.04           
11          0.05            0.05            0.05            0.05           
12          0.02            0.01            0.02            0.01           
13          0.02            0.01            0.02            0.01           
14          0.01            0.01            0.01            0.01           
15          0.02            0.07            0.02            0.07           
16          0.03            0.07            0.03            0.07           
17          0.02            0.10            0.02            0.10           
18          0.03            0.06            0.03            0.06           
19          0.03            0.04            0.03            0.04           
20          0.03            0.01            0.03            0.01           
21          0.01            0.02            0.01            0.02           
22          0.02            0.00            0.02            0.00           
23          0.03            0.02            0.03            0.02           
24          0.03            0.01            0.03            0.01           
2021-12-16 19:06:23,132 - __main__ - INFO - relative error average :0.03243049711928164
2021-12-16 19:06:23,132 - __main__ - INFO - relative error normalized average :0.03155262812484487
2021-12-16 19:06:23,132 - __main__ - INFO - relative error var normalized average :0.005016130849024326
2021-12-16 19:06:23,135 - __main__ - INFO - total_time:6.63263411168009
