main.py:20: FutureWarning: Passing a negative integer is deprecated in version 1.0 and will not be supported in future version. Instead, use None to not limit the column width.
  pd.set_option('max_colwidth', -1)
2021-12-16 19:04:04,401 - __main__ - INFO - load query config config/query/customer_with_inc_join_supplier.json successfully
2021-12-16 19:04:04,401 - __main__ - INFO - load train config ./config/train/tpch_customer_with_inc_torch_cvae.json successfully
2021-12-16 19:04:04,401 - __main__ - INFO - load train config ./config/train/tpch_supplier_torch_cvae.json successfully
2021-12-16 19:04:04,401 - utils.dataset_utils - INFO - load existing dataset(light):tpch-1m-customer-with-inc_c_nationkey_c_acctbal_c_nationkey_binary_gaussian5_0sample_train
2021-12-16 19:04:07,257 - utils.dataset_utils - INFO - load dataset(light) time elapsed:2.8558833207935095
2021-12-16 19:04:07,257 - models.pytorch_cvae - INFO - feature info:[('c_acctbal', 'numerical', 6), ('c_nationkey', 'categorical', 6)]
2021-12-16 19:04:07,259 - utils.model_utils - INFO - load model name:torch_cvae_tpch-1m-customer-with-inc_c_nationkey_ld50_id100_bs1024_ep100_0_binary_gaussian5sample_train
2021-12-16 19:04:07,261 - utils.model_utils - INFO - load torch model time elapsed:0.0019664131104946136
2021-12-16 19:04:07,261 - models.pytorch_cvae - INFO - load model time elapsed:2.859225556254387
2021-12-16 19:04:07,261 - utils.dataset_utils - INFO - load existing dataset(light):tpch-1m-supplier_s_nationkey#s_suppkey_s_acctbal_s_nationkey_binary_gaussian5_0
2021-12-16 19:04:07,263 - utils.dataset_utils - INFO - load dataset(light) time elapsed:0.0026484206318855286
2021-12-16 19:04:07,263 - models.pytorch_cvae - INFO - feature info:[('s_acctbal', 'numerical', 6), ('s_nationkey', 'categorical', 6), ('s_suppkey', 'categorical', 15)]
2021-12-16 19:04:07,264 - utils.model_utils - INFO - load model name:torch_cvae_tpch-1m-supplier_s_nationkey_ld50_id100_bs32_ep150_0_binary_gaussian5
2021-12-16 19:04:07,269 - utils.model_utils - INFO - load torch model time elapsed:0.004696640186011791
2021-12-16 19:04:07,269 - models.pytorch_cvae - INFO - load model time elapsed:0.00802482571452856
2021-12-16 19:04:07,269 - __main__ - INFO - multi_sampling No.0 epoch
2021-12-16 19:04:07,269 - models.pytorch_cvae - INFO - statistics sampling rate:0.04
2021-12-16 19:04:07,269 - __main__ - INFO - multi_sampling No.1 epoch
2021-12-16 19:04:07,276 - models.pytorch_cvae - INFO - statistics sampling rate:0.04
2021-12-16 19:04:07,276 - __main__ - INFO - multi_sampling No.2 epoch
2021-12-16 19:04:07,277 - models.pytorch_cvae - INFO - statistics sampling rate:0.04
2021-12-16 19:04:08,393 - models.pytorch_cvae - INFO - sampling time:1.1233046846464276
2021-12-16 19:04:08,489 - models.pytorch_cvae - INFO - sampling time:1.2123925164341927
2021-12-16 19:04:09,004 - models.pytorch_cvae - INFO - statistics sampling rate:0.1
2021-12-16 19:04:09,007 - models.pytorch_cvae - INFO - sampling time:1.7292921422049403
2021-12-16 19:04:09,013 - models.pytorch_cvae - INFO - statistics sampling rate:0.1
2021-12-16 19:04:09,132 - models.pytorch_cvae - INFO - statistics sampling rate:0.1
2021-12-16 19:04:09,224 - models.pytorch_cvae - INFO - sampling time:0.09238646365702152
2021-12-16 19:04:09,349 - models.pytorch_cvae - INFO - sampling time:0.3436084231361747
2021-12-16 19:04:09,386 - models.pytorch_cvae - INFO - sampling time:0.37245872989296913
2021-12-16 19:04:09,419 - __main__ - INFO - sample and aggregation time elapsed:2.141544844955206
2021-12-16 19:04:09,617 - __main__ - INFO - sample and aggregation time elapsed:2.341900108382106
2021-12-16 19:04:09,622 - __main__ - INFO - sample and aggregation time elapsed:2.3530982565134764
2021-12-16 19:04:09,627 - __main__ - INFO - sample time:2.3579133385792375
2021-12-16 19:04:09,641 - __main__ - INFO - aqp result:
             avg(c_acctbal)  avg(s_acctbal)  sum(c_acctbal)  sum(s_acctbal)
c_nationkey                                                                
0           4333.64         5376.12         93838405363.95  116411754422.98
1           4369.80         4561.83         99055890193.79  103408968144.80
2           4387.56         4624.88         105989116168.71 111721970059.02
3           4375.81         4808.62         106776687707.46 117337770163.13
4           4473.24         5070.68         92037661514.47  104330114695.12
5           4430.13         5110.37         89142974381.53  102830849659.50
6           4429.93         5229.34         101200794499.93 119463058144.52
7           4394.11         5294.40         98297466428.24  118437118517.19
8           4360.50         4671.58         99207988131.31  106285509339.21
9           4420.92         5071.11         100067951072.31 114784965429.39
10          4344.71         4524.71         102636036003.44 106888227531.80
11          4439.14         4932.14         104549182752.46 116160053048.23
12          4403.87         4878.77         98287606871.44  108886742046.38
13          4330.20         5009.69         92587667382.61  107116549186.84
14          4323.76         4588.68         101720654801.20 107953091658.22
15          4304.24         4835.32         91225639777.67  102481690228.37
16          4372.97         5232.86         95125579986.66  113830690098.31
17          4364.96         5054.17         97283575112.94  112644333450.42
18          4394.16         4849.56         102330826396.78 112935939236.09
19          4380.05         5563.67         95656674742.55  121505849530.89
20          4394.53         4648.87         99831477265.60  105609335291.40
21          4411.45         5277.24         101126210635.18 120973081312.73
22          4409.16         5195.10         102294501217.92 120528866839.21
23          4416.33         4954.70         97685462253.65  109593607140.77
24          4307.38         4811.13         99751432030.07  111417222653.04
2021-12-16 19:04:09,644 - __main__ - INFO - ground truth:
             avg(c_acctbal)  avg(s_acctbal)  sum(c_acctbal)  sum(s_acctbal)
c_nationkey                                                                
0           4489.09         4750.47         97204429060.11  102864283639.34
1           4478.58         5156.38         101521631809.03 116886387814.97
2           4502.84         4926.83         108773860934.93 119016293073.25
3           4510.50         4976.52         110063319836.95 121434781349.97
4           4467.80         4955.13         91925727389.56  101952561544.09
5           4506.93         5017.03         90688332145.90  100952499397.81
6           4489.99         5263.09         102572805214.01 120234077220.52
7           4481.97         4725.51         100262969999.54 105711043954.64
8           4491.71         4898.26         102193355822.35 111442904344.11
9           4507.31         5056.46         102023357487.12 114453365970.99
10          4514.20         4934.04         106640129528.12 116557963141.05
11          4509.51         4846.61         106206568975.75 114145706219.45
12          4495.81         4905.97         100339620692.57 109493748108.56
13          4519.66         4967.01         96638723186.87  106203971323.94
14          4489.09         4748.57         105610059556.98 111714619054.55
15          4513.94         4993.59         95670237506.21  105836044024.01
16          4509.69         5125.84         98099691841.22  111502795597.57
17          4476.99         5194.81         99780562278.61  115778956973.10
18          4470.09         5153.13         104098927638.07 120005532950.10
19          4480.83         4865.91         97857583891.19  106267463992.76
20          4505.29         5210.90         102347462434.85 118377097752.18
21          4500.84         5087.25         103175299651.56 116617824864.37
22          4522.71         4945.33         104928946224.34 114733990724.54
23          4492.85         4974.00         99377984303.50  110020479238.93
24          4507.26         5065.90         104380144828.63 117317398620.77
2021-12-16 19:04:09,656 - __main__ - INFO - relative error:
             avg(c_acctbal)  avg(s_acctbal)  sum(c_acctbal)  sum(s_acctbal)
c_nationkey                                                                
0           0.03            0.13            0.03            0.13           
1           0.02            0.12            0.02            0.12           
2           0.03            0.06            0.03            0.06           
3           0.03            0.03            0.03            0.03           
4           0.00            0.02            0.00            0.02           
5           0.02            0.02            0.02            0.02           
6           0.01            0.01            0.01            0.01           
7           0.02            0.12            0.02            0.12           
8           0.03            0.05            0.03            0.05           
9           0.02            0.00            0.02            0.00           
10          0.04            0.08            0.04            0.08           
11          0.02            0.02            0.02            0.02           
12          0.02            0.01            0.02            0.01           
13          0.04            0.01            0.04            0.01           
14          0.04            0.03            0.04            0.03           
15          0.05            0.03            0.05            0.03           
16          0.03            0.02            0.03            0.02           
17          0.03            0.03            0.03            0.03           
18          0.02            0.06            0.02            0.06           
19          0.02            0.14            0.02            0.14           
20          0.02            0.11            0.02            0.11           
21          0.02            0.04            0.02            0.04           
22          0.03            0.05            0.03            0.05           
23          0.02            0.00            0.02            0.00           
24          0.04            0.05            0.04            0.05           
2021-12-16 19:04:09,656 - __main__ - INFO - relative error average :0.037574620730521494
2021-12-16 19:04:09,656 - __main__ - INFO - relative error normalized average :0.03636488692130646
2021-12-16 19:04:09,656 - __main__ - INFO - relative error var normalized average :0.00686741450528562
2021-12-16 19:04:09,658 - __main__ - INFO - total_time:5.257150122895837
