main.py:20: FutureWarning: Passing a negative integer is deprecated in version 1.0 and will not be supported in future version. Instead, use None to not limit the column width.
  pd.set_option('max_colwidth', -1)
2021-12-16 19:05:21,375 - __main__ - INFO - load query config config/query/customer_with_inc_join_supplier.json successfully
2021-12-16 19:05:21,375 - __main__ - INFO - load train config ./config/train/tpch_customer_with_inc_torch_cvae.json successfully
2021-12-16 19:05:21,375 - __main__ - INFO - load train config ./config/train/tpch_supplier_torch_cvae.json successfully
2021-12-16 19:05:21,375 - utils.dataset_utils - INFO - load existing dataset(light):tpch-1m-customer-with-inc_c_nationkey_c_acctbal_c_nationkey_binary_gaussian5_0sample_train
2021-12-16 19:05:24,116 - utils.dataset_utils - INFO - load dataset(light) time elapsed:2.740454874932766
2021-12-16 19:05:24,116 - models.pytorch_cvae - INFO - feature info:[('c_acctbal', 'numerical', 6), ('c_nationkey', 'categorical', 6)]
2021-12-16 19:05:24,117 - utils.model_utils - INFO - load model name:torch_cvae_tpch-1m-customer-with-inc_c_nationkey_ld50_id100_bs1024_ep100_0_binary_gaussian5sample_train
2021-12-16 19:05:24,122 - utils.model_utils - INFO - load torch model time elapsed:0.004783764481544495
2021-12-16 19:05:24,122 - models.pytorch_cvae - INFO - load model time elapsed:2.746586075052619
2021-12-16 19:05:24,122 - utils.dataset_utils - INFO - load existing dataset(light):tpch-1m-supplier_s_nationkey#s_suppkey_s_acctbal_s_nationkey_binary_gaussian5_0
2021-12-16 19:05:24,125 - utils.dataset_utils - INFO - load dataset(light) time elapsed:0.0029577193781733513
2021-12-16 19:05:24,125 - models.pytorch_cvae - INFO - feature info:[('s_acctbal', 'numerical', 6), ('s_nationkey', 'categorical', 6), ('s_suppkey', 'categorical', 15)]
2021-12-16 19:05:24,125 - utils.model_utils - INFO - load model name:torch_cvae_tpch-1m-supplier_s_nationkey_ld50_id100_bs32_ep150_0_binary_gaussian5
2021-12-16 19:05:24,127 - utils.model_utils - INFO - load torch model time elapsed:0.001484449952840805
2021-12-16 19:05:24,127 - models.pytorch_cvae - INFO - load model time elapsed:0.005100621841847897
2021-12-16 19:05:24,127 - __main__ - INFO - multi_sampling No.0 epoch
2021-12-16 19:05:24,127 - models.pytorch_cvae - INFO - statistics sampling rate:0.07
2021-12-16 19:05:24,128 - __main__ - INFO - multi_sampling No.1 epoch
2021-12-16 19:05:24,133 - models.pytorch_cvae - INFO - statistics sampling rate:0.07
2021-12-16 19:05:24,133 - __main__ - INFO - multi_sampling No.2 epoch
2021-12-16 19:05:24,134 - models.pytorch_cvae - INFO - statistics sampling rate:0.07
2021-12-16 19:05:25,608 - models.pytorch_cvae - INFO - sampling time:1.480294675566256
2021-12-16 19:05:25,622 - models.pytorch_cvae - INFO - sampling time:1.4869387308135629
2021-12-16 19:05:26,208 - models.pytorch_cvae - INFO - sampling time:2.074458601884544
2021-12-16 19:05:26,419 - models.pytorch_cvae - INFO - statistics sampling rate:0.1
2021-12-16 19:05:26,796 - models.pytorch_cvae - INFO - statistics sampling rate:0.1
2021-12-16 19:05:26,816 - models.pytorch_cvae - INFO - statistics sampling rate:0.1
2021-12-16 19:05:26,908 - models.pytorch_cvae - INFO - sampling time:0.09200563281774521
2021-12-16 19:05:26,963 - models.pytorch_cvae - INFO - sampling time:0.5441582538187504
2021-12-16 19:05:27,134 - models.pytorch_cvae - INFO - sampling time:0.3270221743732691
2021-12-16 19:05:27,197 - __main__ - INFO - sample and aggregation time elapsed:3.0645753890275955
2021-12-16 19:05:27,254 - __main__ - INFO - sample and aggregation time elapsed:3.1266757883131504
2021-12-16 19:05:27,384 - __main__ - INFO - sample and aggregation time elapsed:3.2497687563300133
2021-12-16 19:05:27,388 - __main__ - INFO - sample time:3.261247077025473
2021-12-16 19:05:27,401 - __main__ - INFO - aqp result:
             avg(c_acctbal)  avg(s_acctbal)  sum(c_acctbal)  sum(s_acctbal)
c_nationkey                                                                
0           4489.59         5388.80         97215394361.90  116686311911.87
1           4408.05         4605.26         99922997509.18  104393318754.78
2           4338.66         4911.39         104808010404.78 118643262390.54
3           4364.68         5187.03         106504946570.71 126571610477.71
4           4457.37         5317.19         91711019572.07  109401994023.41
5           4455.70         4730.56         89657618722.43  95188162434.59 
6           4409.35         5028.12         100730598193.04 114866116704.88
7           4444.02         4759.03         99413978090.20  106460782121.30
8           4344.27         4763.96         98838725785.85  108387363713.49
9           4369.11         5094.07         98895234662.12  115304626990.18
10          4387.15         4606.70         103638587540.63 108825163849.16
11          4391.69         4920.79         103431735867.50 115892774392.53
12          4382.36         4776.58         97807559822.87  106605881777.71
13          4367.42         5168.88         93383656523.35  110520283692.87
14          4440.08         4329.56         104457022984.33 101857089660.28
15          4365.33         4680.55         92520539615.61  99201259794.31 
16          4286.17         5396.17         93237403865.19  117383241389.75
17          4415.23         4927.86         98404083201.63  109829188065.89
18          4367.51         4659.85         101710107345.42 108518162678.34
19          4348.27         4551.04         94962614596.16  99390827519.23 
20          4428.69         4972.99         100607380252.46 112972431883.37
21          4396.15         5394.93         100775388262.34 123671103925.73
22          4438.32         4819.43         102971139092.12 111813165210.95
23          4346.74         4565.34         96146008407.53  100981444710.35
24          4251.66         5192.86         98461045449.57  120257552027.52
2021-12-16 19:05:27,404 - __main__ - INFO - ground truth:
             avg(c_acctbal)  avg(s_acctbal)  sum(c_acctbal)  sum(s_acctbal)
c_nationkey                                                                
0           4489.09         4750.47         97204429060.11  102864283639.34
1           4478.58         5156.38         101521631809.03 116886387814.97
2           4502.84         4926.83         108773860934.93 119016293073.25
3           4510.50         4976.52         110063319836.95 121434781349.97
4           4467.80         4955.13         91925727389.56  101952561544.09
5           4506.93         5017.03         90688332145.90  100952499397.81
6           4489.99         5263.09         102572805214.01 120234077220.52
7           4481.97         4725.51         100262969999.54 105711043954.64
8           4491.71         4898.26         102193355822.35 111442904344.11
9           4507.31         5056.46         102023357487.12 114453365970.99
10          4514.20         4934.04         106640129528.12 116557963141.05
11          4509.51         4846.61         106206568975.75 114145706219.45
12          4495.81         4905.97         100339620692.57 109493748108.56
13          4519.66         4967.01         96638723186.87  106203971323.94
14          4489.09         4748.57         105610059556.98 111714619054.55
15          4513.94         4993.59         95670237506.21  105836044024.01
16          4509.69         5125.84         98099691841.22  111502795597.57
17          4476.99         5194.81         99780562278.61  115778956973.10
18          4470.09         5153.13         104098927638.07 120005532950.10
19          4480.83         4865.91         97857583891.19  106267463992.76
20          4505.29         5210.90         102347462434.85 118377097752.18
21          4500.84         5087.25         103175299651.56 116617824864.37
22          4522.71         4945.33         104928946224.34 114733990724.54
23          4492.85         4974.00         99377984303.50  110020479238.93
24          4507.26         5065.90         104380144828.63 117317398620.77
2021-12-16 19:05:27,415 - __main__ - INFO - relative error:
             avg(c_acctbal)  avg(s_acctbal)  sum(c_acctbal)  sum(s_acctbal)
c_nationkey                                                                
0           0.00            0.13            0.00            0.13           
1           0.02            0.11            0.02            0.11           
2           0.04            0.00            0.04            0.00           
3           0.03            0.04            0.03            0.04           
4           0.00            0.07            0.00            0.07           
5           0.01            0.06            0.01            0.06           
6           0.02            0.04            0.02            0.04           
7           0.01            0.01            0.01            0.01           
8           0.03            0.03            0.03            0.03           
9           0.03            0.01            0.03            0.01           
10          0.03            0.07            0.03            0.07           
11          0.03            0.02            0.03            0.02           
12          0.03            0.03            0.03            0.03           
13          0.03            0.04            0.03            0.04           
14          0.01            0.09            0.01            0.09           
15          0.03            0.06            0.03            0.06           
16          0.05            0.05            0.05            0.05           
17          0.01            0.05            0.01            0.05           
18          0.02            0.10            0.02            0.10           
19          0.03            0.06            0.03            0.06           
20          0.02            0.05            0.02            0.05           
21          0.02            0.06            0.02            0.06           
22          0.02            0.03            0.02            0.03           
23          0.03            0.08            0.03            0.08           
24          0.06            0.03            0.06            0.03           
2021-12-16 19:05:27,415 - __main__ - INFO - relative error average :0.03831513137095483
2021-12-16 19:05:27,415 - __main__ - INFO - relative error normalized average :0.037212762785215625
2021-12-16 19:05:27,415 - __main__ - INFO - relative error var normalized average :0.006264426350136132
2021-12-16 19:05:27,417 - __main__ - INFO - total_time:6.0416915053501725
