main.py:20: FutureWarning: Passing a negative integer is deprecated in version 1.0 and will not be supported in future version. Instead, use None to not limit the column width.
  pd.set_option('max_colwidth', -1)
2021-12-16 19:05:03,631 - __main__ - INFO - load query config config/query/customer_with_inc_join_supplier.json successfully
2021-12-16 19:05:03,631 - __main__ - INFO - load train config ./config/train/tpch_customer_with_inc_torch_cvae.json successfully
2021-12-16 19:05:03,631 - __main__ - INFO - load train config ./config/train/tpch_supplier_torch_cvae.json successfully
2021-12-16 19:05:03,631 - utils.dataset_utils - INFO - load existing dataset(light):tpch-1m-customer-with-inc_c_nationkey_c_acctbal_c_nationkey_binary_gaussian5_0sample_train
2021-12-16 19:05:06,362 - utils.dataset_utils - INFO - load dataset(light) time elapsed:2.7312970776110888
2021-12-16 19:05:06,362 - models.pytorch_cvae - INFO - feature info:[('c_acctbal', 'numerical', 6), ('c_nationkey', 'categorical', 6)]
2021-12-16 19:05:06,363 - utils.model_utils - INFO - load model name:torch_cvae_tpch-1m-customer-with-inc_c_nationkey_ld50_id100_bs1024_ep100_0_binary_gaussian5sample_train
2021-12-16 19:05:06,367 - utils.model_utils - INFO - load torch model time elapsed:0.0038117049261927605
2021-12-16 19:05:06,367 - models.pytorch_cvae - INFO - load model time elapsed:2.736441065557301
2021-12-16 19:05:06,367 - utils.dataset_utils - INFO - load existing dataset(light):tpch-1m-supplier_s_nationkey#s_suppkey_s_acctbal_s_nationkey_binary_gaussian5_0
2021-12-16 19:05:06,370 - utils.dataset_utils - INFO - load dataset(light) time elapsed:0.002849477343261242
2021-12-16 19:05:06,370 - models.pytorch_cvae - INFO - feature info:[('s_acctbal', 'numerical', 6), ('s_nationkey', 'categorical', 6), ('s_suppkey', 'categorical', 15)]
2021-12-16 19:05:06,371 - utils.model_utils - INFO - load model name:torch_cvae_tpch-1m-supplier_s_nationkey_ld50_id100_bs32_ep150_0_binary_gaussian5
2021-12-16 19:05:06,372 - utils.model_utils - INFO - load torch model time elapsed:0.0013660583645105362
2021-12-16 19:05:06,372 - models.pytorch_cvae - INFO - load model time elapsed:0.004870520904660225
2021-12-16 19:05:06,372 - __main__ - INFO - multi_sampling No.0 epoch
2021-12-16 19:05:06,373 - models.pytorch_cvae - INFO - statistics sampling rate:0.07
2021-12-16 19:05:06,373 - __main__ - INFO - multi_sampling No.1 epoch
2021-12-16 19:05:06,379 - models.pytorch_cvae - INFO - statistics sampling rate:0.07
2021-12-16 19:05:06,379 - __main__ - INFO - multi_sampling No.2 epoch
2021-12-16 19:05:06,381 - models.pytorch_cvae - INFO - statistics sampling rate:0.07
2021-12-16 19:05:07,568 - models.pytorch_cvae - INFO - sampling time:1.1951225362718105
2021-12-16 19:05:07,572 - models.pytorch_cvae - INFO - sampling time:1.1909418050199747
2021-12-16 19:05:08,261 - models.pytorch_cvae - INFO - sampling time:1.8817091239616275
2021-12-16 19:05:08,627 - models.pytorch_cvae - INFO - statistics sampling rate:0.1
2021-12-16 19:05:08,671 - models.pytorch_cvae - INFO - statistics sampling rate:0.1
2021-12-16 19:05:08,778 - models.pytorch_cvae - INFO - statistics sampling rate:0.1
2021-12-16 19:05:08,839 - models.pytorch_cvae - INFO - sampling time:0.16793770343065262
2021-12-16 19:05:08,893 - models.pytorch_cvae - INFO - sampling time:0.11428393330425024
2021-12-16 19:05:09,020 - models.pytorch_cvae - INFO - sampling time:0.3912772675976157
2021-12-16 19:05:09,216 - __main__ - INFO - sample and aggregation time elapsed:2.8355662832036614
2021-12-16 19:05:09,271 - __main__ - INFO - sample and aggregation time elapsed:2.8923027254641056
2021-12-16 19:05:09,345 - __main__ - INFO - sample and aggregation time elapsed:2.972794644534588
2021-12-16 19:05:09,350 - __main__ - INFO - sample time:2.977699000388384
2021-12-16 19:05:09,364 - __main__ - INFO - aqp result:
             avg(c_acctbal)  avg(s_acctbal)  sum(c_acctbal)  sum(s_acctbal)
c_nationkey                                                                
0           4336.03         5164.98         93890256214.04  111839921017.57
1           4474.61         4934.56         101431639396.03 111857953461.92
2           4348.86         5181.21         105054388042.29 125161109439.43
3           4388.49         5168.09         107085936324.02 126109419190.07
4           4408.61         5000.89         90707771445.40  102894025839.60
5           4421.58         5119.57         88971049960.81  103015959623.28
6           4466.64         4880.14         102039426770.51 111485764905.90
7           4462.89         4601.44         99836067414.38  102935590934.70
8           4361.85         5055.95         99238828727.08  115030543670.28
9           4362.74         4963.95         98750896768.83  112359348818.47
10          4352.36         4671.61         102816825368.32 110358510108.28
11          4422.92         4969.03         104167168908.46 117028943448.96
12          4366.86         5051.71         97461708401.77  112746514846.21
13          4318.51         4579.65         92337763092.65  97921518230.48 
14          4443.92         4931.50         104547497609.95 116018280634.58
15          4371.65         4648.57         92654324191.20  98523544077.56 
16          4383.54         5628.88         95355453197.86  122445527901.22
17          4364.63         5181.05         97276398463.36  115472113502.19
18          4349.60         4735.83         101293015535.35 110287407355.09
19          4339.33         5101.52         94767405921.04  111412946629.60
20          4401.86         5216.61         99997946687.18  118506742888.29
21          4401.42         4896.74         100896181986.10 112250690043.07
22          4341.21         4971.74         100718116345.32 115346817055.65
23          4408.18         4907.75         97505060109.13  108555200996.56
24          4402.55         4937.10         101955401195.10 114334528148.15
2021-12-16 19:05:09,367 - __main__ - INFO - ground truth:
             avg(c_acctbal)  avg(s_acctbal)  sum(c_acctbal)  sum(s_acctbal)
c_nationkey                                                                
0           4489.09         4750.47         97204429060.11  102864283639.34
1           4478.58         5156.38         101521631809.03 116886387814.97
2           4502.84         4926.83         108773860934.93 119016293073.25
3           4510.50         4976.52         110063319836.95 121434781349.97
4           4467.80         4955.13         91925727389.56  101952561544.09
5           4506.93         5017.03         90688332145.90  100952499397.81
6           4489.99         5263.09         102572805214.01 120234077220.52
7           4481.97         4725.51         100262969999.54 105711043954.64
8           4491.71         4898.26         102193355822.35 111442904344.11
9           4507.31         5056.46         102023357487.12 114453365970.99
10          4514.20         4934.04         106640129528.12 116557963141.05
11          4509.51         4846.61         106206568975.75 114145706219.45
12          4495.81         4905.97         100339620692.57 109493748108.56
13          4519.66         4967.01         96638723186.87  106203971323.94
14          4489.09         4748.57         105610059556.98 111714619054.55
15          4513.94         4993.59         95670237506.21  105836044024.01
16          4509.69         5125.84         98099691841.22  111502795597.57
17          4476.99         5194.81         99780562278.61  115778956973.10
18          4470.09         5153.13         104098927638.07 120005532950.10
19          4480.83         4865.91         97857583891.19  106267463992.76
20          4505.29         5210.90         102347462434.85 118377097752.18
21          4500.84         5087.25         103175299651.56 116617824864.37
22          4522.71         4945.33         104928946224.34 114733990724.54
23          4492.85         4974.00         99377984303.50  110020479238.93
24          4507.26         5065.90         104380144828.63 117317398620.77
2021-12-16 19:05:09,378 - __main__ - INFO - relative error:
             avg(c_acctbal)  avg(s_acctbal)  sum(c_acctbal)  sum(s_acctbal)
c_nationkey                                                                
0           0.03            0.09            0.03            0.09           
1           0.00            0.04            0.00            0.04           
2           0.03            0.05            0.03            0.05           
3           0.03            0.04            0.03            0.04           
4           0.01            0.01            0.01            0.01           
5           0.02            0.02            0.02            0.02           
6           0.01            0.07            0.01            0.07           
7           0.00            0.03            0.00            0.03           
8           0.03            0.03            0.03            0.03           
9           0.03            0.02            0.03            0.02           
10          0.04            0.05            0.04            0.05           
11          0.02            0.03            0.02            0.03           
12          0.03            0.03            0.03            0.03           
13          0.04            0.08            0.04            0.08           
14          0.01            0.04            0.01            0.04           
15          0.03            0.07            0.03            0.07           
16          0.03            0.10            0.03            0.10           
17          0.03            0.00            0.03            0.00           
18          0.03            0.08            0.03            0.08           
19          0.03            0.05            0.03            0.05           
20          0.02            0.00            0.02            0.00           
21          0.02            0.04            0.02            0.04           
22          0.04            0.01            0.04            0.01           
23          0.02            0.01            0.02            0.01           
24          0.02            0.03            0.02            0.03           
2021-12-16 19:05:09,378 - __main__ - INFO - relative error average :0.032273925931077044
2021-12-16 19:05:09,378 - __main__ - INFO - relative error normalized average :0.031522476173058284
2021-12-16 19:05:09,378 - __main__ - INFO - relative error var normalized average :0.0041935548270191315
2021-12-16 19:05:09,380 - __main__ - INFO - total_time:5.749813354574144
