main.py:20: FutureWarning: Passing a negative integer is deprecated in version 1.0 and will not be supported in future version. Instead, use None to not limit the column width.
  pd.set_option('max_colwidth', -1)
2021-12-16 19:02:40,575 - __main__ - INFO - load query config config/query/customer_with_inc_join_supplier.json successfully
2021-12-16 19:02:40,575 - __main__ - INFO - load train config ./config/train/tpch_customer_with_inc_torch_cvae.json successfully
2021-12-16 19:02:40,575 - __main__ - INFO - load train config ./config/train/tpch_supplier_torch_cvae.json successfully
2021-12-16 19:02:40,575 - utils.dataset_utils - INFO - load existing dataset(light):tpch-1m-customer-with-inc_c_nationkey_c_acctbal_c_nationkey_binary_gaussian5_0sample_train
2021-12-16 19:02:43,313 - utils.dataset_utils - INFO - load dataset(light) time elapsed:2.737859678454697
2021-12-16 19:02:43,313 - models.pytorch_cvae - INFO - feature info:[('c_acctbal', 'numerical', 6), ('c_nationkey', 'categorical', 6)]
2021-12-16 19:02:43,314 - utils.model_utils - INFO - load model name:torch_cvae_tpch-1m-customer-with-inc_c_nationkey_ld50_id100_bs1024_ep100_0_binary_gaussian5sample_train
2021-12-16 19:02:43,319 - utils.model_utils - INFO - load torch model time elapsed:0.004571679979562759
2021-12-16 19:02:43,319 - models.pytorch_cvae - INFO - load model time elapsed:2.743838431313634
2021-12-16 19:02:43,319 - utils.dataset_utils - INFO - load existing dataset(light):tpch-1m-supplier_s_nationkey#s_suppkey_s_acctbal_s_nationkey_binary_gaussian5_0
2021-12-16 19:02:43,322 - utils.dataset_utils - INFO - load dataset(light) time elapsed:0.0029850630089640617
2021-12-16 19:02:43,322 - models.pytorch_cvae - INFO - feature info:[('s_acctbal', 'numerical', 6), ('s_nationkey', 'categorical', 6), ('s_suppkey', 'categorical', 15)]
2021-12-16 19:02:43,322 - utils.model_utils - INFO - load model name:torch_cvae_tpch-1m-supplier_s_nationkey_ld50_id100_bs32_ep150_0_binary_gaussian5
2021-12-16 19:02:43,324 - utils.model_utils - INFO - load torch model time elapsed:0.0015138769522309303
2021-12-16 19:02:43,324 - models.pytorch_cvae - INFO - load model time elapsed:0.005206042900681496
2021-12-16 19:02:43,324 - __main__ - INFO - multi_sampling No.0 epoch
2021-12-16 19:02:43,324 - models.pytorch_cvae - INFO - statistics sampling rate:0.01
2021-12-16 19:02:43,325 - __main__ - INFO - multi_sampling No.1 epoch
2021-12-16 19:02:43,330 - models.pytorch_cvae - INFO - statistics sampling rate:0.01
2021-12-16 19:02:43,331 - __main__ - INFO - multi_sampling No.2 epoch
2021-12-16 19:02:43,332 - models.pytorch_cvae - INFO - statistics sampling rate:0.01
2021-12-16 19:02:43,904 - models.pytorch_cvae - INFO - sampling time:0.5713198613375425
2021-12-16 19:02:43,931 - models.pytorch_cvae - INFO - statistics sampling rate:0.1
2021-12-16 19:02:44,028 - models.pytorch_cvae - INFO - sampling time:0.6972835790365934
2021-12-16 19:02:44,072 - models.pytorch_cvae - INFO - sampling time:0.7471573678776622
2021-12-16 19:02:44,079 - models.pytorch_cvae - INFO - statistics sampling rate:0.1
2021-12-16 19:02:44,126 - models.pytorch_cvae - INFO - statistics sampling rate:0.1
2021-12-16 19:02:44,217 - models.pytorch_cvae - INFO - sampling time:0.28554287552833557
2021-12-16 19:02:44,287 - models.pytorch_cvae - INFO - sampling time:0.16055184230208397
2021-12-16 19:02:44,310 - __main__ - INFO - sample and aggregation time elapsed:0.9783812155947089
2021-12-16 19:02:44,358 - __main__ - INFO - sample and aggregation time elapsed:1.0338276829570532
2021-12-16 19:02:44,373 - models.pytorch_cvae - INFO - sampling time:0.29381582979112864
2021-12-16 19:02:44,424 - __main__ - INFO - sample and aggregation time elapsed:1.0939562683925033
2021-12-16 19:02:44,428 - __main__ - INFO - sample time:1.104411419481039
2021-12-16 19:02:44,441 - __main__ - INFO - aqp result:
             avg(c_acctbal)  avg(s_acctbal)  sum(c_acctbal)  sum(s_acctbal)
c_nationkey                                                                
0           4467.57         4803.78         96738561370.62  104018602475.35
1           4462.08         5047.20         101147813370.07 114411473830.38
2           4311.79         4600.98         104158748845.74 111144653796.20
3           4419.47         5056.33         107841986661.10 123382286185.25
4           4291.41         4933.88         88296466164.89  101515381534.98
5           4547.99         4942.34         91514544697.95  99449619123.50 
6           4446.51         4761.83         101579543325.43 108782955025.20
7           4287.21         4941.39         95906018436.51  110540292907.49
8           4300.59         4951.04         97844917537.98  112643669299.47
9           4340.73         4866.58         98252652472.56  110155484548.41
10          4286.79         4875.41         101267787433.75 115173005351.06
11          4421.19         4965.60         104126410703.57 116948260747.36
12          4420.84         4854.31         98666451595.34  108340718775.75
13          4367.06         5074.14         93375971761.92  108494601554.23
14          4429.24         4705.80         104202080358.13 110708378632.77
15          4539.92         4881.58         96220769883.09  103462004254.97
16          4253.69         5346.65         92530725618.08  116305954897.09
17          4304.74         4993.43         95941446208.06  111290650260.96
18          4297.33         4307.79         100075832279.22 100319385036.88
19          4288.35         5002.43         93653999634.67  109248761384.90
20          4285.45         5031.85         97353337862.88  114309488089.35
21          4414.91         5176.81         101205398222.00 118670884876.49
22          4274.52         5458.77         99170894124.52  126646143115.44
23          4316.00         4867.91         95466248668.57  107674018035.10
24          4446.21         5486.59         102966361555.95 127059686417.73
2021-12-16 19:02:44,444 - __main__ - INFO - ground truth:
             avg(c_acctbal)  avg(s_acctbal)  sum(c_acctbal)  sum(s_acctbal)
c_nationkey                                                                
0           4489.09         4750.47         97204429060.11  102864283639.34
1           4478.58         5156.38         101521631809.03 116886387814.97
2           4502.84         4926.83         108773860934.93 119016293073.25
3           4510.50         4976.52         110063319836.95 121434781349.97
4           4467.80         4955.13         91925727389.56  101952561544.09
5           4506.93         5017.03         90688332145.90  100952499397.81
6           4489.99         5263.09         102572805214.01 120234077220.52
7           4481.97         4725.51         100262969999.54 105711043954.64
8           4491.71         4898.26         102193355822.35 111442904344.11
9           4507.31         5056.46         102023357487.12 114453365970.99
10          4514.20         4934.04         106640129528.12 116557963141.05
11          4509.51         4846.61         106206568975.75 114145706219.45
12          4495.81         4905.97         100339620692.57 109493748108.56
13          4519.66         4967.01         96638723186.87  106203971323.94
14          4489.09         4748.57         105610059556.98 111714619054.55
15          4513.94         4993.59         95670237506.21  105836044024.01
16          4509.69         5125.84         98099691841.22  111502795597.57
17          4476.99         5194.81         99780562278.61  115778956973.10
18          4470.09         5153.13         104098927638.07 120005532950.10
19          4480.83         4865.91         97857583891.19  106267463992.76
20          4505.29         5210.90         102347462434.85 118377097752.18
21          4500.84         5087.25         103175299651.56 116617824864.37
22          4522.71         4945.33         104928946224.34 114733990724.54
23          4492.85         4974.00         99377984303.50  110020479238.93
24          4507.26         5065.90         104380144828.63 117317398620.77
2021-12-16 19:02:44,455 - __main__ - INFO - relative error:
             avg(c_acctbal)  avg(s_acctbal)  sum(c_acctbal)  sum(s_acctbal)
c_nationkey                                                                
0           0.00            0.01            0.00            0.01           
1           0.00            0.02            0.00            0.02           
2           0.04            0.07            0.04            0.07           
3           0.02            0.02            0.02            0.02           
4           0.04            0.00            0.04            0.00           
5           0.01            0.01            0.01            0.01           
6           0.01            0.10            0.01            0.10           
7           0.04            0.05            0.04            0.05           
8           0.04            0.01            0.04            0.01           
9           0.04            0.04            0.04            0.04           
10          0.05            0.01            0.05            0.01           
11          0.02            0.02            0.02            0.02           
12          0.02            0.01            0.02            0.01           
13          0.03            0.02            0.03            0.02           
14          0.01            0.01            0.01            0.01           
15          0.01            0.02            0.01            0.02           
16          0.06            0.04            0.06            0.04           
17          0.04            0.04            0.04            0.04           
18          0.04            0.16            0.04            0.16           
19          0.04            0.03            0.04            0.03           
20          0.05            0.03            0.05            0.03           
21          0.02            0.02            0.02            0.02           
22          0.05            0.10            0.05            0.10           
23          0.04            0.02            0.04            0.02           
24          0.01            0.08            0.01            0.08           
2021-12-16 19:02:44,455 - __main__ - INFO - relative error average :0.03402803275600528
2021-12-16 19:02:44,456 - __main__ - INFO - relative error normalized average :0.033058633257158035
2021-12-16 19:02:44,456 - __main__ - INFO - relative error var normalized average :0.005389683261989924
2021-12-16 19:02:44,457 - __main__ - INFO - total_time:3.882968319579959
