main.py:20: FutureWarning: Passing a negative integer is deprecated in version 1.0 and will not be supported in future version. Instead, use None to not limit the column width.
  pd.set_option('max_colwidth', -1)
2021-12-16 19:04:55,294 - __main__ - INFO - load query config config/query/customer_with_inc_join_supplier.json successfully
2021-12-16 19:04:55,294 - __main__ - INFO - load train config ./config/train/tpch_customer_with_inc_torch_cvae.json successfully
2021-12-16 19:04:55,294 - __main__ - INFO - load train config ./config/train/tpch_supplier_torch_cvae.json successfully
2021-12-16 19:04:55,294 - utils.dataset_utils - INFO - load existing dataset(light):tpch-1m-customer-with-inc_c_nationkey_c_acctbal_c_nationkey_binary_gaussian5_0sample_train
2021-12-16 19:04:58,028 - utils.dataset_utils - INFO - load dataset(light) time elapsed:2.7338720187544823
2021-12-16 19:04:58,028 - models.pytorch_cvae - INFO - feature info:[('c_acctbal', 'numerical', 6), ('c_nationkey', 'categorical', 6)]
2021-12-16 19:04:58,029 - utils.model_utils - INFO - load model name:torch_cvae_tpch-1m-customer-with-inc_c_nationkey_ld50_id100_bs1024_ep100_0_binary_gaussian5sample_train
2021-12-16 19:04:58,032 - utils.model_utils - INFO - load torch model time elapsed:0.0025327419862151146
2021-12-16 19:04:58,032 - models.pytorch_cvae - INFO - load model time elapsed:2.7377443304285407
2021-12-16 19:04:58,032 - utils.dataset_utils - INFO - load existing dataset(light):tpch-1m-supplier_s_nationkey#s_suppkey_s_acctbal_s_nationkey_binary_gaussian5_0
2021-12-16 19:04:58,035 - utils.dataset_utils - INFO - load dataset(light) time elapsed:0.0028653815388679504
2021-12-16 19:04:58,035 - models.pytorch_cvae - INFO - feature info:[('s_acctbal', 'numerical', 6), ('s_nationkey', 'categorical', 6), ('s_suppkey', 'categorical', 15)]
2021-12-16 19:04:58,035 - utils.model_utils - INFO - load model name:torch_cvae_tpch-1m-supplier_s_nationkey_ld50_id100_bs32_ep150_0_binary_gaussian5
2021-12-16 19:04:58,037 - utils.model_utils - INFO - load torch model time elapsed:0.0015315981581807137
2021-12-16 19:04:58,037 - models.pytorch_cvae - INFO - load model time elapsed:0.005052441731095314
2021-12-16 19:04:58,037 - __main__ - INFO - multi_sampling No.0 epoch
2021-12-16 19:04:58,038 - models.pytorch_cvae - INFO - statistics sampling rate:0.06
2021-12-16 19:04:58,038 - __main__ - INFO - multi_sampling No.1 epoch
2021-12-16 19:04:58,043 - models.pytorch_cvae - INFO - statistics sampling rate:0.06
2021-12-16 19:04:58,043 - __main__ - INFO - multi_sampling No.2 epoch
2021-12-16 19:04:58,044 - models.pytorch_cvae - INFO - statistics sampling rate:0.06
2021-12-16 19:04:59,172 - models.pytorch_cvae - INFO - sampling time:1.1280585760250688
2021-12-16 19:04:59,266 - models.pytorch_cvae - INFO - sampling time:1.2278019227087498
2021-12-16 19:04:59,681 - models.pytorch_cvae - INFO - statistics sampling rate:0.1
2021-12-16 19:04:59,720 - models.pytorch_cvae - INFO - statistics sampling rate:0.1
2021-12-16 19:04:59,856 - models.pytorch_cvae - INFO - sampling time:1.811151621863246
2021-12-16 19:05:00,005 - models.pytorch_cvae - INFO - statistics sampling rate:0.1
2021-12-16 19:05:00,074 - models.pytorch_cvae - INFO - sampling time:0.3541272133588791
2021-12-16 19:05:00,204 - models.pytorch_cvae - INFO - sampling time:0.5225299717858434
2021-12-16 19:05:00,270 - models.pytorch_cvae - INFO - sampling time:0.2650716220960021
2021-12-16 19:05:00,341 - __main__ - INFO - sample and aggregation time elapsed:2.3032837016507983
2021-12-16 19:05:00,449 - __main__ - INFO - sample and aggregation time elapsed:2.406296206638217
2021-12-16 19:05:00,501 - __main__ - INFO - sample and aggregation time elapsed:2.4565475257113576
2021-12-16 19:05:00,503 - __main__ - INFO - sample time:2.466008304618299
2021-12-16 19:05:00,512 - __main__ - INFO - aqp result:
             avg(c_acctbal)  avg(s_acctbal)  sum(c_acctbal)  sum(s_acctbal)
c_nationkey                                                                
0           4385.75         5365.08         94966780693.63  116172718294.92
1           4394.43         4893.23         99614163365.28  110921234342.70
2           4440.30         4804.45         107263286212.07 116059878071.69
3           4402.35         4495.57         107424303025.43 109698839012.28
4           4368.02         5645.86         89872738365.31  116164485220.13
5           4404.99         4999.64         88637149848.86  100602645532.26
6           4417.54         4826.00         100917587456.76 110248782167.06
7           4421.76         4890.96         98916022607.69  109412197233.41
8           4345.65         4972.01         98870256488.18  113120923648.59
9           4387.26         4882.08         99305958033.81  110506206405.92
10          4285.77         4955.79         101243697581.09 117071689848.86
11          4386.60         4880.04         103311667834.32 114933013999.10
12          4398.03         5066.27         98157260111.41  113071346646.43
13          4410.92         4746.61         94313656050.07  101491467284.91
14          4430.49         4608.25         104231417903.73 108413378282.10
15          4387.50         4723.55         92990350817.37  100112714661.94
16          4405.23         5250.82         95827354907.35  114221451280.94
17          4381.73         5086.21         97657487263.47  113358519304.56
18          4370.63         5419.77         101782747012.77 126214926013.60
19          4398.95         5113.49         96069352031.45  111674422642.45
20          4351.82         5356.95         98861143511.83  121695005111.31
21          4416.13         5632.72         101233508769.53 129121903648.46
22          4397.51         5129.26         102024359626.68 119001216632.96
23          4421.30         4624.73         97795268042.78  102295102065.23
24          4361.55         4781.47         101005803554.81 110730470787.78
2021-12-16 19:05:00,514 - __main__ - INFO - ground truth:
             avg(c_acctbal)  avg(s_acctbal)  sum(c_acctbal)  sum(s_acctbal)
c_nationkey                                                                
0           4489.09         4750.47         97204429060.11  102864283639.34
1           4478.58         5156.38         101521631809.03 116886387814.97
2           4502.84         4926.83         108773860934.93 119016293073.25
3           4510.50         4976.52         110063319836.95 121434781349.97
4           4467.80         4955.13         91925727389.56  101952561544.09
5           4506.93         5017.03         90688332145.90  100952499397.81
6           4489.99         5263.09         102572805214.01 120234077220.52
7           4481.97         4725.51         100262969999.54 105711043954.64
8           4491.71         4898.26         102193355822.35 111442904344.11
9           4507.31         5056.46         102023357487.12 114453365970.99
10          4514.20         4934.04         106640129528.12 116557963141.05
11          4509.51         4846.61         106206568975.75 114145706219.45
12          4495.81         4905.97         100339620692.57 109493748108.56
13          4519.66         4967.01         96638723186.87  106203971323.94
14          4489.09         4748.57         105610059556.98 111714619054.55
15          4513.94         4993.59         95670237506.21  105836044024.01
16          4509.69         5125.84         98099691841.22  111502795597.57
17          4476.99         5194.81         99780562278.61  115778956973.10
18          4470.09         5153.13         104098927638.07 120005532950.10
19          4480.83         4865.91         97857583891.19  106267463992.76
20          4505.29         5210.90         102347462434.85 118377097752.18
21          4500.84         5087.25         103175299651.56 116617824864.37
22          4522.71         4945.33         104928946224.34 114733990724.54
23          4492.85         4974.00         99377984303.50  110020479238.93
24          4507.26         5065.90         104380144828.63 117317398620.77
2021-12-16 19:05:00,523 - __main__ - INFO - relative error:
             avg(c_acctbal)  avg(s_acctbal)  sum(c_acctbal)  sum(s_acctbal)
c_nationkey                                                                
0           0.02            0.13            0.02            0.13           
1           0.02            0.05            0.02            0.05           
2           0.01            0.02            0.01            0.02           
3           0.02            0.10            0.02            0.10           
4           0.02            0.14            0.02            0.14           
5           0.02            0.00            0.02            0.00           
6           0.02            0.08            0.02            0.08           
7           0.01            0.04            0.01            0.04           
8           0.03            0.02            0.03            0.02           
9           0.03            0.03            0.03            0.03           
10          0.05            0.00            0.05            0.00           
11          0.03            0.01            0.03            0.01           
12          0.02            0.03            0.02            0.03           
13          0.02            0.04            0.02            0.04           
14          0.01            0.03            0.01            0.03           
15          0.03            0.05            0.03            0.05           
16          0.02            0.02            0.02            0.02           
17          0.02            0.02            0.02            0.02           
18          0.02            0.05            0.02            0.05           
19          0.02            0.05            0.02            0.05           
20          0.03            0.03            0.03            0.03           
21          0.02            0.11            0.02            0.11           
22          0.03            0.04            0.03            0.04           
23          0.02            0.07            0.02            0.07           
24          0.03            0.06            0.03            0.06           
2021-12-16 19:05:00,523 - __main__ - INFO - relative error average :0.036458602761382325
2021-12-16 19:05:00,523 - __main__ - INFO - relative error normalized average :0.03540128736488508
2021-12-16 19:05:00,523 - __main__ - INFO - relative error var normalized average :0.006093132776317292
2021-12-16 19:05:00,526 - __main__ - INFO - total_time:5.232099449262023
