main.py:20: FutureWarning: Passing a negative integer is deprecated in version 1.0 and will not be supported in future version. Instead, use None to not limit the column width.
  pd.set_option('max_colwidth', -1)
2021-12-16 19:05:39,678 - __main__ - INFO - load query config config/query/customer_with_inc_join_supplier.json successfully
2021-12-16 19:05:39,678 - __main__ - INFO - load train config ./config/train/tpch_customer_with_inc_torch_cvae.json successfully
2021-12-16 19:05:39,678 - __main__ - INFO - load train config ./config/train/tpch_supplier_torch_cvae.json successfully
2021-12-16 19:05:39,678 - utils.dataset_utils - INFO - load existing dataset(light):tpch-1m-customer-with-inc_c_nationkey_c_acctbal_c_nationkey_binary_gaussian5_0sample_train
2021-12-16 19:05:42,415 - utils.dataset_utils - INFO - load dataset(light) time elapsed:2.737025287002325
2021-12-16 19:05:42,415 - models.pytorch_cvae - INFO - feature info:[('c_acctbal', 'numerical', 6), ('c_nationkey', 'categorical', 6)]
2021-12-16 19:05:42,416 - utils.model_utils - INFO - load model name:torch_cvae_tpch-1m-customer-with-inc_c_nationkey_ld50_id100_bs1024_ep100_0_binary_gaussian5sample_train
2021-12-16 19:05:42,421 - utils.model_utils - INFO - load torch model time elapsed:0.004776122979819775
2021-12-16 19:05:42,421 - models.pytorch_cvae - INFO - load model time elapsed:2.743135512806475
2021-12-16 19:05:42,421 - utils.dataset_utils - INFO - load existing dataset(light):tpch-1m-supplier_s_nationkey#s_suppkey_s_acctbal_s_nationkey_binary_gaussian5_0
2021-12-16 19:05:42,424 - utils.dataset_utils - INFO - load dataset(light) time elapsed:0.0026477575302124023
2021-12-16 19:05:42,424 - models.pytorch_cvae - INFO - feature info:[('s_acctbal', 'numerical', 6), ('s_nationkey', 'categorical', 6), ('s_suppkey', 'categorical', 15)]
2021-12-16 19:05:42,425 - utils.model_utils - INFO - load model name:torch_cvae_tpch-1m-supplier_s_nationkey_ld50_id100_bs32_ep150_0_binary_gaussian5
2021-12-16 19:05:42,426 - utils.model_utils - INFO - load torch model time elapsed:0.0014795782044529915
2021-12-16 19:05:42,426 - models.pytorch_cvae - INFO - load model time elapsed:0.004777044989168644
2021-12-16 19:05:42,426 - __main__ - INFO - multi_sampling No.0 epoch
2021-12-16 19:05:42,427 - models.pytorch_cvae - INFO - statistics sampling rate:0.08
2021-12-16 19:05:42,427 - __main__ - INFO - multi_sampling No.1 epoch
2021-12-16 19:05:42,433 - models.pytorch_cvae - INFO - statistics sampling rate:0.08
2021-12-16 19:05:42,433 - __main__ - INFO - multi_sampling No.2 epoch
2021-12-16 19:05:42,434 - models.pytorch_cvae - INFO - statistics sampling rate:0.08
2021-12-16 19:05:43,927 - models.pytorch_cvae - INFO - sampling time:1.5004427479580045
2021-12-16 19:05:44,048 - models.pytorch_cvae - INFO - sampling time:1.6151295229792595
2021-12-16 19:05:44,200 - models.pytorch_cvae - INFO - sampling time:1.765994000248611
2021-12-16 19:05:44,966 - models.pytorch_cvae - INFO - statistics sampling rate:0.1
2021-12-16 19:05:45,041 - models.pytorch_cvae - INFO - statistics sampling rate:0.1
2021-12-16 19:05:45,112 - models.pytorch_cvae - INFO - statistics sampling rate:0.1
2021-12-16 19:05:45,223 - models.pytorch_cvae - INFO - sampling time:0.11082333046942949
2021-12-16 19:05:45,241 - models.pytorch_cvae - INFO - sampling time:0.272800263017416
2021-12-16 19:05:45,346 - models.pytorch_cvae - INFO - sampling time:0.3040250549092889
2021-12-16 19:05:45,652 - __main__ - INFO - sample and aggregation time elapsed:3.2183356154710054
2021-12-16 19:05:45,760 - __main__ - INFO - sample and aggregation time elapsed:3.33366865105927
2021-12-16 19:05:45,810 - __main__ - INFO - sample and aggregation time elapsed:3.3771179197356105
2021-12-16 19:05:45,815 - __main__ - INFO - sample time:3.388526139780879
2021-12-16 19:05:45,829 - __main__ - INFO - aqp result:
             avg(c_acctbal)  avg(s_acctbal)  sum(c_acctbal)  sum(s_acctbal)
c_nationkey                                                                
0           4359.80         4865.84         94405036468.23  105362534404.54
1           4402.95         5006.34         99807327730.00  113485173072.71
2           4382.50         5029.35         105866992979.19 121492762423.96
3           4323.45         5203.59         105498957600.98 126975816776.15
4           4461.77         4999.23         91801690625.46  102859881398.17
5           4404.73         4763.00         88631977923.81  95841064739.56 
6           4400.18         5303.16         100521146301.36 121149500507.30
7           4366.76         5156.95         97685737207.27  115362440963.61
8           4339.55         4973.67         98731331238.08  113158688268.15
9           4321.95         5540.49         97827583761.12  125409396228.41
10          4349.19         5114.22         102742063278.36 120814470828.60
11          4397.14         4493.37         103559963477.19 105826480779.27
12          4414.29         5007.45         98520246433.85  111758705712.24
13          4434.21         4797.75         94811774658.77  102584811608.70
14          4413.43         4950.93         103830083461.35 116475297783.58
15          4416.80         4630.68         93611391469.40  98144369772.53 
16          4344.89         5321.79         94514649889.08  115765281208.79
17          4334.03         5251.01         96594218912.56  117031356097.72
18          4372.08         5267.65         101816519350.11 122672480214.93
19          4369.69         4502.29         95430358296.66  98326238132.10 
20          4373.35         4875.11         99350179486.42  110748816086.84
21          4408.45         4945.39         101057439831.65 113365830799.47
22          4377.66         5270.45         101563802243.84 122277038913.49
23          4383.92         4833.20         96968498216.88  106906212220.41
24          4329.40         5552.71         100261419717.26 128591059756.61
2021-12-16 19:05:45,832 - __main__ - INFO - ground truth:
             avg(c_acctbal)  avg(s_acctbal)  sum(c_acctbal)  sum(s_acctbal)
c_nationkey                                                                
0           4489.09         4750.47         97204429060.11  102864283639.34
1           4478.58         5156.38         101521631809.03 116886387814.97
2           4502.84         4926.83         108773860934.93 119016293073.25
3           4510.50         4976.52         110063319836.95 121434781349.97
4           4467.80         4955.13         91925727389.56  101952561544.09
5           4506.93         5017.03         90688332145.90  100952499397.81
6           4489.99         5263.09         102572805214.01 120234077220.52
7           4481.97         4725.51         100262969999.54 105711043954.64
8           4491.71         4898.26         102193355822.35 111442904344.11
9           4507.31         5056.46         102023357487.12 114453365970.99
10          4514.20         4934.04         106640129528.12 116557963141.05
11          4509.51         4846.61         106206568975.75 114145706219.45
12          4495.81         4905.97         100339620692.57 109493748108.56
13          4519.66         4967.01         96638723186.87  106203971323.94
14          4489.09         4748.57         105610059556.98 111714619054.55
15          4513.94         4993.59         95670237506.21  105836044024.01
16          4509.69         5125.84         98099691841.22  111502795597.57
17          4476.99         5194.81         99780562278.61  115778956973.10
18          4470.09         5153.13         104098927638.07 120005532950.10
19          4480.83         4865.91         97857583891.19  106267463992.76
20          4505.29         5210.90         102347462434.85 118377097752.18
21          4500.84         5087.25         103175299651.56 116617824864.37
22          4522.71         4945.33         104928946224.34 114733990724.54
23          4492.85         4974.00         99377984303.50  110020479238.93
24          4507.26         5065.90         104380144828.63 117317398620.77
2021-12-16 19:05:45,843 - __main__ - INFO - relative error:
             avg(c_acctbal)  avg(s_acctbal)  sum(c_acctbal)  sum(s_acctbal)
c_nationkey                                                                
0           0.03            0.02            0.03            0.02           
1           0.02            0.03            0.02            0.03           
2           0.03            0.02            0.03            0.02           
3           0.04            0.05            0.04            0.05           
4           0.00            0.01            0.00            0.01           
5           0.02            0.05            0.02            0.05           
6           0.02            0.01            0.02            0.01           
7           0.03            0.09            0.03            0.09           
8           0.03            0.02            0.03            0.02           
9           0.04            0.10            0.04            0.10           
10          0.04            0.04            0.04            0.04           
11          0.02            0.07            0.02            0.07           
12          0.02            0.02            0.02            0.02           
13          0.02            0.03            0.02            0.03           
14          0.02            0.04            0.02            0.04           
15          0.02            0.07            0.02            0.07           
16          0.04            0.04            0.04            0.04           
17          0.03            0.01            0.03            0.01           
18          0.02            0.02            0.02            0.02           
19          0.02            0.07            0.02            0.07           
20          0.03            0.06            0.03            0.06           
21          0.02            0.03            0.02            0.03           
22          0.03            0.07            0.03            0.07           
23          0.02            0.03            0.02            0.03           
24          0.04            0.10            0.04            0.10           
2021-12-16 19:05:45,843 - __main__ - INFO - relative error average :0.035072083783076316
2021-12-16 19:05:45,843 - __main__ - INFO - relative error normalized average :0.03423063498448852
2021-12-16 19:05:45,844 - __main__ - INFO - relative error var normalized average :0.004678769429407823
2021-12-16 19:05:45,845 - __main__ - INFO - total_time:6.1670577535405755
