main.py:20: FutureWarning: Passing a negative integer is deprecated in version 1.0 and will not be supported in future version. Instead, use None to not limit the column width.
  pd.set_option('max_colwidth', -1)
2021-12-16 19:04:21,121 - __main__ - INFO - load query config config/query/customer_with_inc_join_supplier.json successfully
2021-12-16 19:04:21,121 - __main__ - INFO - load train config ./config/train/tpch_customer_with_inc_torch_cvae.json successfully
2021-12-16 19:04:21,121 - __main__ - INFO - load train config ./config/train/tpch_supplier_torch_cvae.json successfully
2021-12-16 19:04:21,121 - utils.dataset_utils - INFO - load existing dataset(light):tpch-1m-customer-with-inc_c_nationkey_c_acctbal_c_nationkey_binary_gaussian5_0sample_train
2021-12-16 19:04:23,849 - utils.dataset_utils - INFO - load dataset(light) time elapsed:2.7279304023832083
2021-12-16 19:04:23,849 - models.pytorch_cvae - INFO - feature info:[('c_acctbal', 'numerical', 6), ('c_nationkey', 'categorical', 6)]
2021-12-16 19:04:23,850 - utils.model_utils - INFO - load model name:torch_cvae_tpch-1m-customer-with-inc_c_nationkey_ld50_id100_bs1024_ep100_0_binary_gaussian5sample_train
2021-12-16 19:04:23,852 - utils.model_utils - INFO - load torch model time elapsed:0.0019792960956692696
2021-12-16 19:04:23,853 - models.pytorch_cvae - INFO - load model time elapsed:2.731283056549728
2021-12-16 19:04:23,853 - utils.dataset_utils - INFO - load existing dataset(light):tpch-1m-supplier_s_nationkey#s_suppkey_s_acctbal_s_nationkey_binary_gaussian5_0
2021-12-16 19:04:23,855 - utils.dataset_utils - INFO - load dataset(light) time elapsed:0.00276927649974823
2021-12-16 19:04:23,855 - models.pytorch_cvae - INFO - feature info:[('s_acctbal', 'numerical', 6), ('s_nationkey', 'categorical', 6), ('s_suppkey', 'categorical', 15)]
2021-12-16 19:04:23,856 - utils.model_utils - INFO - load model name:torch_cvae_tpch-1m-supplier_s_nationkey_ld50_id100_bs32_ep150_0_binary_gaussian5
2021-12-16 19:04:23,857 - utils.model_utils - INFO - load torch model time elapsed:0.001394537277519703
2021-12-16 19:04:23,857 - models.pytorch_cvae - INFO - load model time elapsed:0.004836120642721653
2021-12-16 19:04:23,857 - __main__ - INFO - multi_sampling No.0 epoch
2021-12-16 19:04:23,858 - models.pytorch_cvae - INFO - statistics sampling rate:0.05
2021-12-16 19:04:23,858 - __main__ - INFO - multi_sampling No.1 epoch
2021-12-16 19:04:23,864 - models.pytorch_cvae - INFO - statistics sampling rate:0.05
2021-12-16 19:04:23,864 - __main__ - INFO - multi_sampling No.2 epoch
2021-12-16 19:04:23,865 - models.pytorch_cvae - INFO - statistics sampling rate:0.05
2021-12-16 19:04:25,081 - models.pytorch_cvae - INFO - sampling time:1.2152330642566085
2021-12-16 19:04:25,108 - models.pytorch_cvae - INFO - sampling time:1.2494050497189164
2021-12-16 19:04:25,268 - models.pytorch_cvae - INFO - sampling time:1.4039363451302052
2021-12-16 19:04:25,828 - models.pytorch_cvae - INFO - statistics sampling rate:0.1
2021-12-16 19:04:25,869 - models.pytorch_cvae - INFO - statistics sampling rate:0.1
2021-12-16 19:04:25,883 - models.pytorch_cvae - INFO - statistics sampling rate:0.1
2021-12-16 19:04:25,989 - models.pytorch_cvae - INFO - sampling time:0.16061524581164122
2021-12-16 19:04:26,020 - models.pytorch_cvae - INFO - sampling time:0.13664590753614902
2021-12-16 19:04:26,115 - models.pytorch_cvae - INFO - sampling time:0.2452604928985238
2021-12-16 19:04:26,295 - __main__ - INFO - sample and aggregation time elapsed:2.430912785232067
2021-12-16 19:04:26,326 - __main__ - INFO - sample and aggregation time elapsed:2.4629039745777845
2021-12-16 19:04:26,352 - __main__ - INFO - sample and aggregation time elapsed:2.494591573253274
2021-12-16 19:04:26,357 - __main__ - INFO - sample time:2.4995207665488124
2021-12-16 19:04:26,371 - __main__ - INFO - aqp result:
             avg(c_acctbal)  avg(s_acctbal)  sum(c_acctbal)  sum(s_acctbal)
c_nationkey                                                                
0           4401.10         4755.70         95299265120.62  102977629371.79
1           4423.93         5413.57         100282880787.41 122716412781.40
2           4382.98         5193.95         105878590286.18 125468981063.81
3           4342.35         4891.37         105960116271.70 119357174380.50
4           4432.04         4885.49         91189961906.11  100519694351.76
5           4391.28         4665.59         88361311305.06  93881000999.49 
6           4408.45         5002.48         100710021488.28 114280413788.18
7           4318.89         4522.11         96614854057.86  101160788184.79
8           4313.51         4550.36         98138943004.98  103527650766.75
9           4432.99         5041.03         100341065980.87 114104136949.46
10          4390.29         4569.59         103712833262.93 107948545747.17
11          4363.32         4811.97         102763367713.72 113329825480.83
12          4342.03         5023.94         96907377825.85  112126768298.20
13          4426.19         4930.66         94640167186.35  105426620903.31
14          4409.05         4902.84         103727190842.70 115343968407.52
15          4389.65         5012.24         93036001187.98  106231409107.23
16          4375.80         5526.83         95187124875.67  120225521181.55
17          4380.56         5130.07         97631277394.47  114335899297.80
18          4377.29         5015.20         101937801799.27 116793533657.16
19          4380.38         5088.79         95663768590.19  111134976507.22
20          4425.63         4714.04         100537808380.39 107089799712.79
21          4401.39         4556.44         100895593268.07 104449711458.67
22          4397.36         4770.92         102020779863.67 110687620943.51
23          4414.66         4559.70         97648538010.16  100856580883.37
24          4368.99         5111.08         101178105467.13 118363687775.78
2021-12-16 19:04:26,374 - __main__ - INFO - ground truth:
             avg(c_acctbal)  avg(s_acctbal)  sum(c_acctbal)  sum(s_acctbal)
c_nationkey                                                                
0           4489.09         4750.47         97204429060.11  102864283639.34
1           4478.58         5156.38         101521631809.03 116886387814.97
2           4502.84         4926.83         108773860934.93 119016293073.25
3           4510.50         4976.52         110063319836.95 121434781349.97
4           4467.80         4955.13         91925727389.56  101952561544.09
5           4506.93         5017.03         90688332145.90  100952499397.81
6           4489.99         5263.09         102572805214.01 120234077220.52
7           4481.97         4725.51         100262969999.54 105711043954.64
8           4491.71         4898.26         102193355822.35 111442904344.11
9           4507.31         5056.46         102023357487.12 114453365970.99
10          4514.20         4934.04         106640129528.12 116557963141.05
11          4509.51         4846.61         106206568975.75 114145706219.45
12          4495.81         4905.97         100339620692.57 109493748108.56
13          4519.66         4967.01         96638723186.87  106203971323.94
14          4489.09         4748.57         105610059556.98 111714619054.55
15          4513.94         4993.59         95670237506.21  105836044024.01
16          4509.69         5125.84         98099691841.22  111502795597.57
17          4476.99         5194.81         99780562278.61  115778956973.10
18          4470.09         5153.13         104098927638.07 120005532950.10
19          4480.83         4865.91         97857583891.19  106267463992.76
20          4505.29         5210.90         102347462434.85 118377097752.18
21          4500.84         5087.25         103175299651.56 116617824864.37
22          4522.71         4945.33         104928946224.34 114733990724.54
23          4492.85         4974.00         99377984303.50  110020479238.93
24          4507.26         5065.90         104380144828.63 117317398620.77
2021-12-16 19:04:26,386 - __main__ - INFO - relative error:
             avg(c_acctbal)  avg(s_acctbal)  sum(c_acctbal)  sum(s_acctbal)
c_nationkey                                                                
0           0.02            0.00            0.02            0.00           
1           0.01            0.05            0.01            0.05           
2           0.03            0.05            0.03            0.05           
3           0.04            0.02            0.04            0.02           
4           0.01            0.01            0.01            0.01           
5           0.03            0.07            0.03            0.07           
6           0.02            0.05            0.02            0.05           
7           0.04            0.04            0.04            0.04           
8           0.04            0.07            0.04            0.07           
9           0.02            0.00            0.02            0.00           
10          0.03            0.07            0.03            0.07           
11          0.03            0.01            0.03            0.01           
12          0.03            0.02            0.03            0.02           
13          0.02            0.01            0.02            0.01           
14          0.02            0.03            0.02            0.03           
15          0.03            0.00            0.03            0.00           
16          0.03            0.08            0.03            0.08           
17          0.02            0.01            0.02            0.01           
18          0.02            0.03            0.02            0.03           
19          0.02            0.05            0.02            0.05           
20          0.02            0.10            0.02            0.10           
21          0.02            0.10            0.02            0.10           
22          0.03            0.04            0.03            0.04           
23          0.02            0.08            0.02            0.08           
24          0.03            0.01            0.03            0.01           
2021-12-16 19:04:26,386 - __main__ - INFO - relative error average :0.03244505127451363
2021-12-16 19:04:26,386 - __main__ - INFO - relative error normalized average :0.03165107391197819
2021-12-16 19:04:26,386 - __main__ - INFO - relative error var normalized average :0.004604194085988566
2021-12-16 19:04:26,387 - __main__ - INFO - total_time:5.266249533742666
