main.py:20: FutureWarning: Passing a negative integer is deprecated in version 1.0 and will not be supported in future version. Instead, use None to not limit the column width.
  pd.set_option('max_colwidth', -1)
2021-12-16 19:06:36,239 - __main__ - INFO - load query config config/query/customer_with_inc_join_supplier.json successfully
2021-12-16 19:06:36,240 - __main__ - INFO - load train config ./config/train/tpch_customer_with_inc_torch_cvae.json successfully
2021-12-16 19:06:36,240 - __main__ - INFO - load train config ./config/train/tpch_supplier_torch_cvae.json successfully
2021-12-16 19:06:36,240 - utils.dataset_utils - INFO - load existing dataset(light):tpch-1m-customer-with-inc_c_nationkey_c_acctbal_c_nationkey_binary_gaussian5_0sample_train
2021-12-16 19:06:38,977 - utils.dataset_utils - INFO - load dataset(light) time elapsed:2.73748086579144
2021-12-16 19:06:38,977 - models.pytorch_cvae - INFO - feature info:[('c_acctbal', 'numerical', 6), ('c_nationkey', 'categorical', 6)]
2021-12-16 19:06:38,979 - utils.model_utils - INFO - load model name:torch_cvae_tpch-1m-customer-with-inc_c_nationkey_ld50_id100_bs1024_ep100_0_binary_gaussian5sample_train
2021-12-16 19:06:38,981 - utils.model_utils - INFO - load torch model time elapsed:0.0026127630844712257
2021-12-16 19:06:38,981 - models.pytorch_cvae - INFO - load model time elapsed:2.7414377741515636
2021-12-16 19:06:38,981 - utils.dataset_utils - INFO - load existing dataset(light):tpch-1m-supplier_s_nationkey#s_suppkey_s_acctbal_s_nationkey_binary_gaussian5_0
2021-12-16 19:06:38,984 - utils.dataset_utils - INFO - load dataset(light) time elapsed:0.0026248255744576454
2021-12-16 19:06:38,984 - models.pytorch_cvae - INFO - feature info:[('s_acctbal', 'numerical', 6), ('s_nationkey', 'categorical', 6), ('s_suppkey', 'categorical', 15)]
2021-12-16 19:06:38,984 - utils.model_utils - INFO - load model name:torch_cvae_tpch-1m-supplier_s_nationkey_ld50_id100_bs32_ep150_0_binary_gaussian5
2021-12-16 19:06:38,987 - utils.model_utils - INFO - load torch model time elapsed:0.0027251308783888817
2021-12-16 19:06:38,987 - models.pytorch_cvae - INFO - load model time elapsed:0.0060213543474674225
2021-12-16 19:06:38,987 - __main__ - INFO - multi_sampling No.0 epoch
2021-12-16 19:06:38,988 - models.pytorch_cvae - INFO - statistics sampling rate:0.1
2021-12-16 19:06:38,988 - __main__ - INFO - multi_sampling No.1 epoch
2021-12-16 19:06:38,993 - models.pytorch_cvae - INFO - statistics sampling rate:0.1
2021-12-16 19:06:38,994 - __main__ - INFO - multi_sampling No.2 epoch
2021-12-16 19:06:38,994 - models.pytorch_cvae - INFO - statistics sampling rate:0.1
2021-12-16 19:06:40,460 - models.pytorch_cvae - INFO - sampling time:1.4722547959536314
2021-12-16 19:06:40,519 - models.pytorch_cvae - INFO - sampling time:1.524688090197742
2021-12-16 19:06:41,357 - models.pytorch_cvae - INFO - sampling time:2.3613197449594736
2021-12-16 19:06:41,922 - models.pytorch_cvae - INFO - statistics sampling rate:0.1
2021-12-16 19:06:42,164 - models.pytorch_cvae - INFO - statistics sampling rate:0.1
2021-12-16 19:06:42,190 - models.pytorch_cvae - INFO - statistics sampling rate:0.1
2021-12-16 19:06:42,300 - models.pytorch_cvae - INFO - sampling time:0.11056881304830313
2021-12-16 19:06:42,362 - models.pytorch_cvae - INFO - sampling time:0.43838225305080414
2021-12-16 19:06:42,465 - models.pytorch_cvae - INFO - sampling time:0.299903298728168
2021-12-16 19:06:42,944 - __main__ - INFO - sample and aggregation time elapsed:3.951226979494095
2021-12-16 19:06:43,033 - __main__ - INFO - sample and aggregation time elapsed:4.0451157130301
2021-12-16 19:06:43,138 - __main__ - INFO - sample and aggregation time elapsed:4.144062896259129
2021-12-16 19:06:43,143 - __main__ - INFO - sample time:4.1557349264621735
2021-12-16 19:06:43,156 - __main__ - INFO - aqp result:
             avg(c_acctbal)  avg(s_acctbal)  sum(c_acctbal)  sum(s_acctbal)
c_nationkey                                                                
0           4385.08         4681.17         94952375626.72  101363652754.77
1           4433.35         4796.05         100496363550.69 108718341043.74
2           4383.48         5163.88         105890729215.81 124742651209.45
3           4391.69         5393.14         107164024702.88 131601192364.46
4           4371.81         4820.19         89950767607.35  99176129115.40 
5           4420.01         4748.59         88939347907.65  95550956793.15 
6           4435.53         5369.58         101328744697.16 122666691397.84
7           4392.76         4856.51         98267309011.98  108641555767.84
8           4331.32         4415.11         98544255993.96  100450399790.15
9           4368.41         4806.15         98879272906.94  108787503787.78
10          4336.09         4935.67         102432385602.67 116596463262.04
11          4359.66         4986.29         102677370373.17 117435456903.02
12          4402.72         4521.01         98261952577.73  100901993112.20
13          4421.29         4686.29         94535343520.89  100201530185.73
14          4366.16         4651.52         102718011393.36 109431491395.92
15          4358.98         4314.22         92385864916.14  91437116232.18 
16          4356.68         4798.39         94771162626.32  104379650483.39
17          4341.82         5184.88         96767823082.23  115557550261.46
18          4369.32         4986.68         101752299094.98 116129216582.51
19          4405.02         5346.17         96201903470.76  116755802608.59
20          4335.31         5361.83         98486022251.79  121805826082.85
21          4386.94         5225.65         100564297109.30 119790480618.82
22          4387.67         5116.21         101796100980.64 118698522639.32
23          4393.40         4173.29         97178163195.54  92309645451.50 
24          4269.60         5023.18         98876501923.34  116327951800.88
2021-12-16 19:06:43,159 - __main__ - INFO - ground truth:
             avg(c_acctbal)  avg(s_acctbal)  sum(c_acctbal)  sum(s_acctbal)
c_nationkey                                                                
0           4489.09         4750.47         97204429060.11  102864283639.34
1           4478.58         5156.38         101521631809.03 116886387814.97
2           4502.84         4926.83         108773860934.93 119016293073.25
3           4510.50         4976.52         110063319836.95 121434781349.97
4           4467.80         4955.13         91925727389.56  101952561544.09
5           4506.93         5017.03         90688332145.90  100952499397.81
6           4489.99         5263.09         102572805214.01 120234077220.52
7           4481.97         4725.51         100262969999.54 105711043954.64
8           4491.71         4898.26         102193355822.35 111442904344.11
9           4507.31         5056.46         102023357487.12 114453365970.99
10          4514.20         4934.04         106640129528.12 116557963141.05
11          4509.51         4846.61         106206568975.75 114145706219.45
12          4495.81         4905.97         100339620692.57 109493748108.56
13          4519.66         4967.01         96638723186.87  106203971323.94
14          4489.09         4748.57         105610059556.98 111714619054.55
15          4513.94         4993.59         95670237506.21  105836044024.01
16          4509.69         5125.84         98099691841.22  111502795597.57
17          4476.99         5194.81         99780562278.61  115778956973.10
18          4470.09         5153.13         104098927638.07 120005532950.10
19          4480.83         4865.91         97857583891.19  106267463992.76
20          4505.29         5210.90         102347462434.85 118377097752.18
21          4500.84         5087.25         103175299651.56 116617824864.37
22          4522.71         4945.33         104928946224.34 114733990724.54
23          4492.85         4974.00         99377984303.50  110020479238.93
24          4507.26         5065.90         104380144828.63 117317398620.77
2021-12-16 19:06:43,170 - __main__ - INFO - relative error:
             avg(c_acctbal)  avg(s_acctbal)  sum(c_acctbal)  sum(s_acctbal)
c_nationkey                                                                
0           0.02            0.01            0.02            0.01           
1           0.01            0.07            0.01            0.07           
2           0.03            0.05            0.03            0.05           
3           0.03            0.08            0.03            0.08           
4           0.02            0.03            0.02            0.03           
5           0.02            0.05            0.02            0.05           
6           0.01            0.02            0.01            0.02           
7           0.02            0.03            0.02            0.03           
8           0.04            0.10            0.04            0.10           
9           0.03            0.05            0.03            0.05           
10          0.04            0.00            0.04            0.00           
11          0.03            0.03            0.03            0.03           
12          0.02            0.08            0.02            0.08           
13          0.02            0.06            0.02            0.06           
14          0.03            0.02            0.03            0.02           
15          0.03            0.14            0.03            0.14           
16          0.03            0.06            0.03            0.06           
17          0.03            0.00            0.03            0.00           
18          0.02            0.03            0.02            0.03           
19          0.02            0.10            0.02            0.10           
20          0.04            0.03            0.04            0.03           
21          0.03            0.03            0.03            0.03           
22          0.03            0.03            0.03            0.03           
23          0.02            0.16            0.02            0.16           
24          0.05            0.01            0.05            0.01           
2021-12-16 19:06:43,170 - __main__ - INFO - relative error average :0.03888691183632418
2021-12-16 19:06:43,170 - __main__ - INFO - relative error normalized average :0.037681549880636996
2021-12-16 19:06:43,170 - __main__ - INFO - relative error var normalized average :0.0067186040046026616
2021-12-16 19:06:43,172 - __main__ - INFO - total_time:6.932245845906436
