main.py:20: FutureWarning: Passing a negative integer is deprecated in version 1.0 and will not be supported in future version. Instead, use None to not limit the column width.
  pd.set_option('max_colwidth', -1)
2021-12-16 19:03:23,860 - __main__ - INFO - load query config config/query/customer_with_inc_join_supplier.json successfully
2021-12-16 19:03:23,860 - __main__ - INFO - load train config ./config/train/tpch_customer_with_inc_torch_cvae.json successfully
2021-12-16 19:03:23,860 - __main__ - INFO - load train config ./config/train/tpch_supplier_torch_cvae.json successfully
2021-12-16 19:03:23,860 - utils.dataset_utils - INFO - load existing dataset(light):tpch-1m-customer-with-inc_c_nationkey_c_acctbal_c_nationkey_binary_gaussian5_0sample_train
2021-12-16 19:03:26,596 - utils.dataset_utils - INFO - load dataset(light) time elapsed:2.7361032282933593
2021-12-16 19:03:26,596 - models.pytorch_cvae - INFO - feature info:[('c_acctbal', 'numerical', 6), ('c_nationkey', 'categorical', 6)]
2021-12-16 19:03:26,597 - utils.model_utils - INFO - load model name:torch_cvae_tpch-1m-customer-with-inc_c_nationkey_ld50_id100_bs1024_ep100_0_binary_gaussian5sample_train
2021-12-16 19:03:26,599 - utils.model_utils - INFO - load torch model time elapsed:0.0019831685349345207
2021-12-16 19:03:26,599 - models.pytorch_cvae - INFO - load model time elapsed:2.7394311670213938
2021-12-16 19:03:26,599 - utils.dataset_utils - INFO - load existing dataset(light):tpch-1m-supplier_s_nationkey#s_suppkey_s_acctbal_s_nationkey_binary_gaussian5_0
2021-12-16 19:03:26,602 - utils.dataset_utils - INFO - load dataset(light) time elapsed:0.002952936105430126
2021-12-16 19:03:26,602 - models.pytorch_cvae - INFO - feature info:[('s_acctbal', 'numerical', 6), ('s_nationkey', 'categorical', 6), ('s_suppkey', 'categorical', 15)]
2021-12-16 19:03:26,603 - utils.model_utils - INFO - load model name:torch_cvae_tpch-1m-supplier_s_nationkey_ld50_id100_bs32_ep150_0_binary_gaussian5
2021-12-16 19:03:26,604 - utils.model_utils - INFO - load torch model time elapsed:0.0014638183638453484
2021-12-16 19:03:26,604 - models.pytorch_cvae - INFO - load model time elapsed:0.005103442817926407
2021-12-16 19:03:26,604 - __main__ - INFO - multi_sampling No.0 epoch
2021-12-16 19:03:26,605 - models.pytorch_cvae - INFO - statistics sampling rate:0.03
2021-12-16 19:03:26,605 - __main__ - INFO - multi_sampling No.1 epoch
2021-12-16 19:03:26,610 - models.pytorch_cvae - INFO - statistics sampling rate:0.03
2021-12-16 19:03:26,611 - __main__ - INFO - multi_sampling No.2 epoch
2021-12-16 19:03:26,612 - models.pytorch_cvae - INFO - statistics sampling rate:0.03
2021-12-16 19:03:27,533 - models.pytorch_cvae - INFO - sampling time:0.9277812857180834
2021-12-16 19:03:27,703 - models.pytorch_cvae - INFO - statistics sampling rate:0.1
2021-12-16 19:03:27,722 - models.pytorch_cvae - INFO - sampling time:1.1085970532149076
2021-12-16 19:03:27,795 - models.pytorch_cvae - INFO - sampling time:1.1838744953274727
2021-12-16 19:03:27,883 - models.pytorch_cvae - INFO - statistics sampling rate:0.1
2021-12-16 19:03:27,917 - models.pytorch_cvae - INFO - statistics sampling rate:0.1
2021-12-16 19:03:28,016 - models.pytorch_cvae - INFO - sampling time:0.09813653212040663
2021-12-16 19:03:28,076 - models.pytorch_cvae - INFO - sampling time:0.37189000844955444
2021-12-16 19:03:28,178 - __main__ - INFO - sample and aggregation time elapsed:1.5678054811432958
2021-12-16 19:03:28,202 - models.pytorch_cvae - INFO - sampling time:0.3134356141090393
2021-12-16 19:03:28,223 - __main__ - INFO - sample and aggregation time elapsed:1.618569042533636
2021-12-16 19:03:28,312 - __main__ - INFO - sample and aggregation time elapsed:1.69989072997123
2021-12-16 19:03:28,318 - __main__ - INFO - sample time:1.7131613669916987
2021-12-16 19:03:28,331 - __main__ - INFO - aqp result:
             avg(c_acctbal)  avg(s_acctbal)  sum(c_acctbal)  sum(s_acctbal)
c_nationkey                                                                
0           4352.44         5011.06         94245495016.38  108507061702.75
1           4476.24         5042.05         101468672778.29 114294634889.54
2           4372.29         4909.43         105620286650.92 118595852752.77
3           4341.61         5159.76         105942031611.39 125906162948.15
4           4464.15         5133.18         91850658944.07  105615961942.20
5           4330.38         5138.03         87135831246.58  103387261323.42
6           4505.10         4856.65         102918054484.70 110949051388.53
7           4477.07         4917.77         100153337095.91 110011911071.41
8           4292.69         5174.85         97665272274.89  117735750959.23
9           4331.62         4628.50         98046567957.35  104766417191.00
10          4379.82         4640.78         103465498732.17 109630184645.68
11          4441.95         5249.34         104615418403.11 123630616343.29
12          4451.97         4863.37         99361066890.75  108543081561.68
13          4380.28         4576.35         93658499224.93  97850908580.68 
14          4411.19         4645.65         103777550929.75 109293280379.80
15          4350.75         4696.08         92211447359.40  99530441080.80 
16          4378.94         4872.03         95255459676.09  105981617515.54
17          4331.96         5163.41         96548185420.79  115079013608.78
18          4260.03         4954.49         99207119127.65  115379586559.20
19          4409.32         4430.68         96295749486.47  96762355225.06 
20          4394.79         4440.48         99837299965.84  100875332557.19
21          4407.27         4838.57         101030331841.53 110917174169.84
22          4413.07         5169.00         102385377544.45 119923321574.97
23          4470.40         5126.81         98881393132.23  113400667180.22
24          4291.73         5073.07         99388974146.33  117483477847.78
2021-12-16 19:03:28,334 - __main__ - INFO - ground truth:
             avg(c_acctbal)  avg(s_acctbal)  sum(c_acctbal)  sum(s_acctbal)
c_nationkey                                                                
0           4489.09         4750.47         97204429060.11  102864283639.34
1           4478.58         5156.38         101521631809.03 116886387814.97
2           4502.84         4926.83         108773860934.93 119016293073.25
3           4510.50         4976.52         110063319836.95 121434781349.97
4           4467.80         4955.13         91925727389.56  101952561544.09
5           4506.93         5017.03         90688332145.90  100952499397.81
6           4489.99         5263.09         102572805214.01 120234077220.52
7           4481.97         4725.51         100262969999.54 105711043954.64
8           4491.71         4898.26         102193355822.35 111442904344.11
9           4507.31         5056.46         102023357487.12 114453365970.99
10          4514.20         4934.04         106640129528.12 116557963141.05
11          4509.51         4846.61         106206568975.75 114145706219.45
12          4495.81         4905.97         100339620692.57 109493748108.56
13          4519.66         4967.01         96638723186.87  106203971323.94
14          4489.09         4748.57         105610059556.98 111714619054.55
15          4513.94         4993.59         95670237506.21  105836044024.01
16          4509.69         5125.84         98099691841.22  111502795597.57
17          4476.99         5194.81         99780562278.61  115778956973.10
18          4470.09         5153.13         104098927638.07 120005532950.10
19          4480.83         4865.91         97857583891.19  106267463992.76
20          4505.29         5210.90         102347462434.85 118377097752.18
21          4500.84         5087.25         103175299651.56 116617824864.37
22          4522.71         4945.33         104928946224.34 114733990724.54
23          4492.85         4974.00         99377984303.50  110020479238.93
24          4507.26         5065.90         104380144828.63 117317398620.77
2021-12-16 19:03:28,345 - __main__ - INFO - relative error:
             avg(c_acctbal)  avg(s_acctbal)  sum(c_acctbal)  sum(s_acctbal)
c_nationkey                                                                
0           0.03            0.05            0.03            0.05           
1           0.00            0.02            0.00            0.02           
2           0.03            0.00            0.03            0.00           
3           0.04            0.04            0.04            0.04           
4           0.00            0.04            0.00            0.04           
5           0.04            0.02            0.04            0.02           
6           0.00            0.08            0.00            0.08           
7           0.00            0.04            0.00            0.04           
8           0.04            0.06            0.04            0.06           
9           0.04            0.08            0.04            0.08           
10          0.03            0.06            0.03            0.06           
11          0.01            0.08            0.01            0.08           
12          0.01            0.01            0.01            0.01           
13          0.03            0.08            0.03            0.08           
14          0.02            0.02            0.02            0.02           
15          0.04            0.06            0.04            0.06           
16          0.03            0.05            0.03            0.05           
17          0.03            0.01            0.03            0.01           
18          0.05            0.04            0.05            0.04           
19          0.02            0.09            0.02            0.09           
20          0.02            0.15            0.02            0.15           
21          0.02            0.05            0.02            0.05           
22          0.02            0.05            0.02            0.05           
23          0.00            0.03            0.00            0.03           
24          0.05            0.00            0.05            0.00           
2021-12-16 19:03:28,345 - __main__ - INFO - relative error average :0.036318246969234344
2021-12-16 19:03:28,345 - __main__ - INFO - relative error normalized average :0.0352959375207093
2021-12-16 19:03:28,345 - __main__ - INFO - relative error var normalized average :0.0059469006564325175
2021-12-16 19:03:28,347 - __main__ - INFO - total_time:4.4872073931619525
