main.py:20: FutureWarning: Passing a negative integer is deprecated in version 1.0 and will not be supported in future version. Instead, use None to not limit the column width.
  pd.set_option('max_colwidth', -1)
2021-12-16 19:05:30,455 - __main__ - INFO - load query config config/query/customer_with_inc_join_supplier.json successfully
2021-12-16 19:05:30,455 - __main__ - INFO - load train config ./config/train/tpch_customer_with_inc_torch_cvae.json successfully
2021-12-16 19:05:30,455 - __main__ - INFO - load train config ./config/train/tpch_supplier_torch_cvae.json successfully
2021-12-16 19:05:30,455 - utils.dataset_utils - INFO - load existing dataset(light):tpch-1m-customer-with-inc_c_nationkey_c_acctbal_c_nationkey_binary_gaussian5_0sample_train
2021-12-16 19:05:33,199 - utils.dataset_utils - INFO - load dataset(light) time elapsed:2.743698848411441
2021-12-16 19:05:33,199 - models.pytorch_cvae - INFO - feature info:[('c_acctbal', 'numerical', 6), ('c_nationkey', 'categorical', 6)]
2021-12-16 19:05:33,200 - utils.model_utils - INFO - load model name:torch_cvae_tpch-1m-customer-with-inc_c_nationkey_ld50_id100_bs1024_ep100_0_binary_gaussian5sample_train
2021-12-16 19:05:33,205 - utils.model_utils - INFO - load torch model time elapsed:0.00438284408301115
2021-12-16 19:05:33,205 - models.pytorch_cvae - INFO - load model time elapsed:2.749427951872349
2021-12-16 19:05:33,205 - utils.dataset_utils - INFO - load existing dataset(light):tpch-1m-supplier_s_nationkey#s_suppkey_s_acctbal_s_nationkey_binary_gaussian5_0
2021-12-16 19:05:33,207 - utils.dataset_utils - INFO - load dataset(light) time elapsed:0.0027140500023961067
2021-12-16 19:05:33,207 - models.pytorch_cvae - INFO - feature info:[('s_acctbal', 'numerical', 6), ('s_nationkey', 'categorical', 6), ('s_suppkey', 'categorical', 15)]
2021-12-16 19:05:33,208 - utils.model_utils - INFO - load model name:torch_cvae_tpch-1m-supplier_s_nationkey_ld50_id100_bs32_ep150_0_binary_gaussian5
2021-12-16 19:05:33,210 - utils.model_utils - INFO - load torch model time elapsed:0.0015260884538292885
2021-12-16 19:05:33,210 - models.pytorch_cvae - INFO - load model time elapsed:0.004908562637865543
2021-12-16 19:05:33,210 - __main__ - INFO - multi_sampling No.0 epoch
2021-12-16 19:05:33,210 - models.pytorch_cvae - INFO - statistics sampling rate:0.08
2021-12-16 19:05:33,210 - __main__ - INFO - multi_sampling No.1 epoch
2021-12-16 19:05:33,216 - models.pytorch_cvae - INFO - statistics sampling rate:0.08
2021-12-16 19:05:33,216 - __main__ - INFO - multi_sampling No.2 epoch
2021-12-16 19:05:33,217 - models.pytorch_cvae - INFO - statistics sampling rate:0.08
2021-12-16 19:05:34,733 - models.pytorch_cvae - INFO - sampling time:1.522705728188157
2021-12-16 19:05:34,792 - models.pytorch_cvae - INFO - sampling time:1.5760837811976671
2021-12-16 19:05:34,799 - models.pytorch_cvae - INFO - sampling time:1.5815676217898726
2021-12-16 19:05:35,740 - models.pytorch_cvae - INFO - statistics sampling rate:0.1
2021-12-16 19:05:35,772 - models.pytorch_cvae - INFO - statistics sampling rate:0.1
2021-12-16 19:05:35,855 - models.pytorch_cvae - INFO - statistics sampling rate:0.1
2021-12-16 19:05:35,944 - models.pytorch_cvae - INFO - sampling time:0.08822633232921362
2021-12-16 19:05:36,054 - models.pytorch_cvae - INFO - sampling time:0.3126221979036927
2021-12-16 19:05:36,111 - models.pytorch_cvae - INFO - sampling time:0.33798189647495747
2021-12-16 19:05:36,330 - __main__ - INFO - sample and aggregation time elapsed:3.114631934091449
2021-12-16 19:05:36,469 - __main__ - INFO - sample and aggregation time elapsed:3.258997594937682
2021-12-16 19:05:36,529 - __main__ - INFO - sample and aggregation time elapsed:3.3119888929650187
2021-12-16 19:05:36,531 - __main__ - INFO - sample time:3.321630516089499
2021-12-16 19:05:36,538 - __main__ - INFO - aqp result:
             avg(c_acctbal)  avg(s_acctbal)  sum(c_acctbal)  sum(s_acctbal)
c_nationkey                                                                
0           4366.36         4573.55         94546979559.70  99033398186.98 
1           4398.47         5156.64         99705796931.40  116892227554.39
2           4348.62         4766.60         105048472225.70 115145529809.15
3           4392.74         5365.64         107189642343.03 130929925227.45
4           4407.38         5122.09         90682591764.55  105387883115.77
5           4441.12         4704.23         89364068244.30  94658488624.60 
6           4370.05         4664.96         99832656777.31  106569833741.67
7           4386.76         4537.63         98133032375.04  101507954612.24
8           4308.81         4857.26         98031986936.13  110510045744.13
9           4405.88         4815.89         99727480253.66  109008038432.60
10          4323.35         4713.11         102131414729.28 111338865849.69
11          4332.43         4852.16         102036033720.00 114276377359.86
12          4465.97         4970.74         99673587362.19  110939380902.12
13          4391.90         5109.24         93907070109.31  109245019241.44
14          4435.09         4618.32         104339599104.28 108650427847.37
15          4388.90         5239.13         93020047759.38  111040064599.46
16          4429.53         4918.92         96355959003.57  107001699292.82
17          4365.04         5481.57         97285478034.48  122169931051.97
18          4305.89         5103.43         100275013877.35 118848044838.48
19          4341.29         4999.04         94810164631.92  109174930141.38
20          4433.22         4935.58         100710264504.80 112122559947.77
21          4360.36         5548.94         99954994317.79  127201520798.85
22          4350.55         4866.28         100934882328.75 112900002224.50
23          4361.68         4750.12         96476668862.87  105068527412.72
24          4327.53         5058.83         100218092962.07 117153518989.24
2021-12-16 19:05:36,540 - __main__ - INFO - ground truth:
             avg(c_acctbal)  avg(s_acctbal)  sum(c_acctbal)  sum(s_acctbal)
c_nationkey                                                                
0           4489.09         4750.47         97204429060.11  102864283639.34
1           4478.58         5156.38         101521631809.03 116886387814.97
2           4502.84         4926.83         108773860934.93 119016293073.25
3           4510.50         4976.52         110063319836.95 121434781349.97
4           4467.80         4955.13         91925727389.56  101952561544.09
5           4506.93         5017.03         90688332145.90  100952499397.81
6           4489.99         5263.09         102572805214.01 120234077220.52
7           4481.97         4725.51         100262969999.54 105711043954.64
8           4491.71         4898.26         102193355822.35 111442904344.11
9           4507.31         5056.46         102023357487.12 114453365970.99
10          4514.20         4934.04         106640129528.12 116557963141.05
11          4509.51         4846.61         106206568975.75 114145706219.45
12          4495.81         4905.97         100339620692.57 109493748108.56
13          4519.66         4967.01         96638723186.87  106203971323.94
14          4489.09         4748.57         105610059556.98 111714619054.55
15          4513.94         4993.59         95670237506.21  105836044024.01
16          4509.69         5125.84         98099691841.22  111502795597.57
17          4476.99         5194.81         99780562278.61  115778956973.10
18          4470.09         5153.13         104098927638.07 120005532950.10
19          4480.83         4865.91         97857583891.19  106267463992.76
20          4505.29         5210.90         102347462434.85 118377097752.18
21          4500.84         5087.25         103175299651.56 116617824864.37
22          4522.71         4945.33         104928946224.34 114733990724.54
23          4492.85         4974.00         99377984303.50  110020479238.93
24          4507.26         5065.90         104380144828.63 117317398620.77
2021-12-16 19:05:36,552 - __main__ - INFO - relative error:
             avg(c_acctbal)  avg(s_acctbal)  sum(c_acctbal)  sum(s_acctbal)
c_nationkey                                                                
0           0.03            0.04            0.03            0.04           
1           0.02            0.00            0.02            0.00           
2           0.03            0.03            0.03            0.03           
3           0.03            0.08            0.03            0.08           
4           0.01            0.03            0.01            0.03           
5           0.01            0.06            0.01            0.06           
6           0.03            0.11            0.03            0.11           
7           0.02            0.04            0.02            0.04           
8           0.04            0.01            0.04            0.01           
9           0.02            0.05            0.02            0.05           
10          0.04            0.04            0.04            0.04           
11          0.04            0.00            0.04            0.00           
12          0.01            0.01            0.01            0.01           
13          0.03            0.03            0.03            0.03           
14          0.01            0.03            0.01            0.03           
15          0.03            0.05            0.03            0.05           
16          0.02            0.04            0.02            0.04           
17          0.03            0.06            0.03            0.06           
18          0.04            0.01            0.04            0.01           
19          0.03            0.03            0.03            0.03           
20          0.02            0.05            0.02            0.05           
21          0.03            0.09            0.03            0.09           
22          0.04            0.02            0.04            0.02           
23          0.03            0.05            0.03            0.05           
24          0.04            0.00            0.04            0.00           
2021-12-16 19:05:36,552 - __main__ - INFO - relative error average :0.03244772481452974
2021-12-16 19:05:36,552 - __main__ - INFO - relative error normalized average :0.0317076545444666
2021-12-16 19:05:36,552 - __main__ - INFO - relative error var normalized average :0.004163554073762255
2021-12-16 19:05:36,554 - __main__ - INFO - total_time:6.098893169313669
