main.py:20: FutureWarning: Passing a negative integer is deprecated in version 1.0 and will not be supported in future version. Instead, use None to not limit the column width.
  pd.set_option('max_colwidth', -1)
2021-12-16 19:04:29,422 - __main__ - INFO - load query config config/query/customer_with_inc_join_supplier.json successfully
2021-12-16 19:04:29,422 - __main__ - INFO - load train config ./config/train/tpch_customer_with_inc_torch_cvae.json successfully
2021-12-16 19:04:29,422 - __main__ - INFO - load train config ./config/train/tpch_supplier_torch_cvae.json successfully
2021-12-16 19:04:29,422 - utils.dataset_utils - INFO - load existing dataset(light):tpch-1m-customer-with-inc_c_nationkey_c_acctbal_c_nationkey_binary_gaussian5_0sample_train
2021-12-16 19:04:32,155 - utils.dataset_utils - INFO - load dataset(light) time elapsed:2.732289405539632
2021-12-16 19:04:32,155 - models.pytorch_cvae - INFO - feature info:[('c_acctbal', 'numerical', 6), ('c_nationkey', 'categorical', 6)]
2021-12-16 19:04:32,156 - utils.model_utils - INFO - load model name:torch_cvae_tpch-1m-customer-with-inc_c_nationkey_ld50_id100_bs1024_ep100_0_binary_gaussian5sample_train
2021-12-16 19:04:32,158 - utils.model_utils - INFO - load torch model time elapsed:0.0022162236273288727
2021-12-16 19:04:32,158 - models.pytorch_cvae - INFO - load model time elapsed:2.735877426341176
2021-12-16 19:04:32,158 - utils.dataset_utils - INFO - load existing dataset(light):tpch-1m-supplier_s_nationkey#s_suppkey_s_acctbal_s_nationkey_binary_gaussian5_0
2021-12-16 19:04:32,161 - utils.dataset_utils - INFO - load dataset(light) time elapsed:0.0029278183355927467
2021-12-16 19:04:32,161 - models.pytorch_cvae - INFO - feature info:[('s_acctbal', 'numerical', 6), ('s_nationkey', 'categorical', 6), ('s_suppkey', 'categorical', 15)]
2021-12-16 19:04:32,162 - utils.model_utils - INFO - load model name:torch_cvae_tpch-1m-supplier_s_nationkey_ld50_id100_bs32_ep150_0_binary_gaussian5
2021-12-16 19:04:32,165 - utils.model_utils - INFO - load torch model time elapsed:0.0030658766627311707
2021-12-16 19:04:32,165 - models.pytorch_cvae - INFO - load model time elapsed:0.006643509492278099
2021-12-16 19:04:32,165 - __main__ - INFO - multi_sampling No.0 epoch
2021-12-16 19:04:32,165 - models.pytorch_cvae - INFO - statistics sampling rate:0.05
2021-12-16 19:04:32,165 - __main__ - INFO - multi_sampling No.1 epoch
2021-12-16 19:04:32,171 - models.pytorch_cvae - INFO - statistics sampling rate:0.05
2021-12-16 19:04:32,172 - __main__ - INFO - multi_sampling No.2 epoch
2021-12-16 19:04:32,173 - models.pytorch_cvae - INFO - statistics sampling rate:0.05
2021-12-16 19:04:33,423 - models.pytorch_cvae - INFO - sampling time:1.2570164483040571
2021-12-16 19:04:33,425 - models.pytorch_cvae - INFO - sampling time:1.2527378527447581
2021-12-16 19:04:33,789 - models.pytorch_cvae - INFO - sampling time:1.6159057635813951
2021-12-16 19:04:34,168 - models.pytorch_cvae - INFO - statistics sampling rate:0.1
2021-12-16 19:04:34,194 - models.pytorch_cvae - INFO - statistics sampling rate:0.1
2021-12-16 19:04:34,282 - models.pytorch_cvae - INFO - statistics sampling rate:0.1
2021-12-16 19:04:34,376 - models.pytorch_cvae - INFO - sampling time:0.09403752628713846
2021-12-16 19:04:34,549 - models.pytorch_cvae - INFO - sampling time:0.3807331370189786
2021-12-16 19:04:34,554 - models.pytorch_cvae - INFO - sampling time:0.35869281738996506
2021-12-16 19:04:34,622 - __main__ - INFO - sample and aggregation time elapsed:2.4492582846432924
2021-12-16 19:04:34,790 - __main__ - INFO - sample and aggregation time elapsed:2.6243912130594254
2021-12-16 19:04:34,791 - __main__ - INFO - sample and aggregation time elapsed:2.6207066234201193
2021-12-16 19:04:34,796 - __main__ - INFO - sample time:2.6312022311612964
2021-12-16 19:04:34,810 - __main__ - INFO - aqp result:
             avg(c_acctbal)  avg(s_acctbal)  sum(c_acctbal)  sum(s_acctbal)
c_nationkey                                                                
0           4382.89         5008.86         94904949609.94  108459263418.35
1           4375.38         4555.43         99182415835.24  103263770332.47
2           4368.13         4585.38         105519910714.46 110767903034.79
3           4343.88         5514.31         105997381276.99 134557748661.38
4           4409.91         4781.76         90734636250.77  98385527658.17 
5           4444.35         4795.68         89429133815.15  96498691307.99 
6           4404.14         5253.57         100611606070.98 120016560768.59
7           4370.03         5090.92         97758853892.77  113885314961.51
8           4286.40         4279.38         97522191424.74  97362543124.51 
9           4376.49         5276.81         99062083039.65  119440986077.60
10          4364.25         4516.54         103097825012.49 106695212303.50
11          4372.10         4508.61         102970148247.58 106185221186.01
12          4365.14         5074.61         97423274212.80  113257460792.76
13          4380.84         4901.75         93670572047.06  104808446850.67
14          4318.26         4038.40         101591158332.44 95007150739.85 
15          4432.00         4682.92         93933475355.87  99251588470.30 
16          4357.26         5099.21         94783732748.67  110923393553.34
17          4390.04         5338.10         97842644063.24  118972508887.38
18          4362.84         4980.75         101601301621.86 115991178035.42
19          4343.47         5140.99         94857652739.82  112274942843.77
20          4414.32         5235.31         100280983548.51 118931538344.63
21          4432.95         5147.67         101619060873.23 118002835245.54
22          4419.80         5061.11         102541549458.60 117420055748.78
23          4407.37         4831.54         97487209922.83  106869373666.70
24          4321.04         5463.01         100067682507.56 126513646135.76
2021-12-16 19:04:34,813 - __main__ - INFO - ground truth:
             avg(c_acctbal)  avg(s_acctbal)  sum(c_acctbal)  sum(s_acctbal)
c_nationkey                                                                
0           4489.09         4750.47         97204429060.11  102864283639.34
1           4478.58         5156.38         101521631809.03 116886387814.97
2           4502.84         4926.83         108773860934.93 119016293073.25
3           4510.50         4976.52         110063319836.95 121434781349.97
4           4467.80         4955.13         91925727389.56  101952561544.09
5           4506.93         5017.03         90688332145.90  100952499397.81
6           4489.99         5263.09         102572805214.01 120234077220.52
7           4481.97         4725.51         100262969999.54 105711043954.64
8           4491.71         4898.26         102193355822.35 111442904344.11
9           4507.31         5056.46         102023357487.12 114453365970.99
10          4514.20         4934.04         106640129528.12 116557963141.05
11          4509.51         4846.61         106206568975.75 114145706219.45
12          4495.81         4905.97         100339620692.57 109493748108.56
13          4519.66         4967.01         96638723186.87  106203971323.94
14          4489.09         4748.57         105610059556.98 111714619054.55
15          4513.94         4993.59         95670237506.21  105836044024.01
16          4509.69         5125.84         98099691841.22  111502795597.57
17          4476.99         5194.81         99780562278.61  115778956973.10
18          4470.09         5153.13         104098927638.07 120005532950.10
19          4480.83         4865.91         97857583891.19  106267463992.76
20          4505.29         5210.90         102347462434.85 118377097752.18
21          4500.84         5087.25         103175299651.56 116617824864.37
22          4522.71         4945.33         104928946224.34 114733990724.54
23          4492.85         4974.00         99377984303.50  110020479238.93
24          4507.26         5065.90         104380144828.63 117317398620.77
2021-12-16 19:04:34,825 - __main__ - INFO - relative error:
             avg(c_acctbal)  avg(s_acctbal)  sum(c_acctbal)  sum(s_acctbal)
c_nationkey                                                                
0           0.02            0.05            0.02            0.05           
1           0.02            0.12            0.02            0.12           
2           0.03            0.07            0.03            0.07           
3           0.04            0.11            0.04            0.11           
4           0.01            0.03            0.01            0.03           
5           0.01            0.04            0.01            0.04           
6           0.02            0.00            0.02            0.00           
7           0.02            0.08            0.02            0.08           
8           0.05            0.13            0.05            0.13           
9           0.03            0.04            0.03            0.04           
10          0.03            0.08            0.03            0.08           
11          0.03            0.07            0.03            0.07           
12          0.03            0.03            0.03            0.03           
13          0.03            0.01            0.03            0.01           
14          0.04            0.15            0.04            0.15           
15          0.02            0.06            0.02            0.06           
16          0.03            0.01            0.03            0.01           
17          0.02            0.03            0.02            0.03           
18          0.02            0.03            0.02            0.03           
19          0.03            0.06            0.03            0.06           
20          0.02            0.00            0.02            0.00           
21          0.02            0.01            0.02            0.01           
22          0.02            0.02            0.02            0.02           
23          0.02            0.03            0.02            0.03           
24          0.04            0.08            0.04            0.08           
2021-12-16 19:04:34,825 - __main__ - INFO - relative error average :0.04050035930311945
2021-12-16 19:04:34,825 - __main__ - INFO - relative error normalized average :0.039220039727545696
2021-12-16 19:04:34,825 - __main__ - INFO - relative error var normalized average :0.007268546832595337
2021-12-16 19:04:34,827 - __main__ - INFO - total_time:5.405028369277716
