main.py:20: FutureWarning: Passing a negative integer is deprecated in version 1.0 and will not be supported in future version. Instead, use None to not limit the column width.
  pd.set_option('max_colwidth', -1)
2021-12-16 19:03:08,909 - __main__ - INFO - load query config config/query/customer_with_inc_join_supplier.json successfully
2021-12-16 19:03:08,909 - __main__ - INFO - load train config ./config/train/tpch_customer_with_inc_torch_cvae.json successfully
2021-12-16 19:03:08,909 - __main__ - INFO - load train config ./config/train/tpch_supplier_torch_cvae.json successfully
2021-12-16 19:03:08,909 - utils.dataset_utils - INFO - load existing dataset(light):tpch-1m-customer-with-inc_c_nationkey_c_acctbal_c_nationkey_binary_gaussian5_0sample_train
2021-12-16 19:03:11,650 - utils.dataset_utils - INFO - load dataset(light) time elapsed:2.740226909518242
2021-12-16 19:03:11,650 - models.pytorch_cvae - INFO - feature info:[('c_acctbal', 'numerical', 6), ('c_nationkey', 'categorical', 6)]
2021-12-16 19:03:11,651 - utils.model_utils - INFO - load model name:torch_cvae_tpch-1m-customer-with-inc_c_nationkey_ld50_id100_bs1024_ep100_0_binary_gaussian5sample_train
2021-12-16 19:03:11,655 - utils.model_utils - INFO - load torch model time elapsed:0.003907156176865101
2021-12-16 19:03:11,655 - models.pytorch_cvae - INFO - load model time elapsed:2.7454920802265406
2021-12-16 19:03:11,655 - utils.dataset_utils - INFO - load existing dataset(light):tpch-1m-supplier_s_nationkey#s_suppkey_s_acctbal_s_nationkey_binary_gaussian5_0
2021-12-16 19:03:11,658 - utils.dataset_utils - INFO - load dataset(light) time elapsed:0.0028529567644000053
2021-12-16 19:03:11,658 - models.pytorch_cvae - INFO - feature info:[('s_acctbal', 'numerical', 6), ('s_nationkey', 'categorical', 6), ('s_suppkey', 'categorical', 15)]
2021-12-16 19:03:11,658 - utils.model_utils - INFO - load model name:torch_cvae_tpch-1m-supplier_s_nationkey_ld50_id100_bs32_ep150_0_binary_gaussian5
2021-12-16 19:03:11,660 - utils.model_utils - INFO - load torch model time elapsed:0.0014735246077179909
2021-12-16 19:03:11,660 - models.pytorch_cvae - INFO - load model time elapsed:0.004980249330401421
2021-12-16 19:03:11,660 - __main__ - INFO - multi_sampling No.0 epoch
2021-12-16 19:03:11,660 - models.pytorch_cvae - INFO - statistics sampling rate:0.02
2021-12-16 19:03:11,661 - __main__ - INFO - multi_sampling No.1 epoch
2021-12-16 19:03:11,666 - models.pytorch_cvae - INFO - statistics sampling rate:0.02
2021-12-16 19:03:11,666 - __main__ - INFO - multi_sampling No.2 epoch
2021-12-16 19:03:11,667 - models.pytorch_cvae - INFO - statistics sampling rate:0.02
2021-12-16 19:03:12,597 - models.pytorch_cvae - INFO - sampling time:0.9289761548861861
2021-12-16 19:03:12,600 - models.pytorch_cvae - INFO - sampling time:0.9395072562620044
2021-12-16 19:03:12,601 - models.pytorch_cvae - INFO - sampling time:0.9349484974518418
2021-12-16 19:03:12,930 - models.pytorch_cvae - INFO - statistics sampling rate:0.1
2021-12-16 19:03:12,975 - models.pytorch_cvae - INFO - statistics sampling rate:0.1
2021-12-16 19:03:12,984 - models.pytorch_cvae - INFO - statistics sampling rate:0.1
2021-12-16 19:03:13,089 - models.pytorch_cvae - INFO - sampling time:0.15733813494443893
2021-12-16 19:03:13,159 - models.pytorch_cvae - INFO - sampling time:0.1743996050208807
2021-12-16 19:03:13,249 - models.pytorch_cvae - INFO - sampling time:0.2739015044644475
2021-12-16 19:03:13,259 - __main__ - INFO - sample and aggregation time elapsed:1.5935776103287935
2021-12-16 19:03:13,345 - __main__ - INFO - sample and aggregation time elapsed:1.6852644616737962
2021-12-16 19:03:13,378 - __main__ - INFO - sample and aggregation time elapsed:1.7112955618649721
2021-12-16 19:03:13,383 - __main__ - INFO - sample time:1.7228446966037154
2021-12-16 19:03:13,396 - __main__ - INFO - aqp result:
             avg(c_acctbal)  avg(s_acctbal)  sum(c_acctbal)  sum(s_acctbal)
c_nationkey                                                                
0           4473.88         4741.85         96875061467.52  102677613559.98
1           4415.15         4976.71         100083875269.26 112813590130.77
2           4321.26         5227.29         104387538775.22 126274285861.28
3           4255.57         5114.68         103842510830.15 124806312559.19
4           4356.97         4886.01         89645286841.75  100530424065.01
5           4396.27         4964.63         88461768848.86  99898120337.86 
6           4525.77         4957.07         103390264847.61 113243099550.14
7           4506.10         4674.29         100802781844.70 104565114205.69
8           4404.39         5095.76         100206537362.34 115936434684.21
9           4483.48         5023.60         101483838766.03 113709666871.84
10          4343.92         4770.90         102617390363.87 112704072972.20
11          4402.58         5116.06         103688223429.57 120491711372.12
12          4339.70         4972.47         96855585943.63  110977888870.76
13          4475.50         4989.83         95694436514.48  106691837913.65
14          4450.27         4621.92         104696724124.97 108735105321.51
15          4393.82         4828.62         93124351110.51  102339575139.14
16          4374.86         5215.25         95166584752.50  113447738695.00
17          4365.34         4986.02         97292024956.89  111125463579.63
18          4318.54         4709.32         100569718041.78 109670149183.12
19          4307.12         5083.39         94063971686.90  111016977214.06
20          4454.24         5277.39         101187766866.18 119887539401.08
21          4419.14         4948.00         101302390145.87 113425737460.82
22          4384.94         4765.84         101732591363.36 110569821224.73
23          4366.32         4956.91         96579252457.67  109642641475.48
24          4498.22         4608.41         104170890637.43 106722779999.27
2021-12-16 19:03:13,399 - __main__ - INFO - ground truth:
             avg(c_acctbal)  avg(s_acctbal)  sum(c_acctbal)  sum(s_acctbal)
c_nationkey                                                                
0           4489.09         4750.47         97204429060.11  102864283639.34
1           4478.58         5156.38         101521631809.03 116886387814.97
2           4502.84         4926.83         108773860934.93 119016293073.25
3           4510.50         4976.52         110063319836.95 121434781349.97
4           4467.80         4955.13         91925727389.56  101952561544.09
5           4506.93         5017.03         90688332145.90  100952499397.81
6           4489.99         5263.09         102572805214.01 120234077220.52
7           4481.97         4725.51         100262969999.54 105711043954.64
8           4491.71         4898.26         102193355822.35 111442904344.11
9           4507.31         5056.46         102023357487.12 114453365970.99
10          4514.20         4934.04         106640129528.12 116557963141.05
11          4509.51         4846.61         106206568975.75 114145706219.45
12          4495.81         4905.97         100339620692.57 109493748108.56
13          4519.66         4967.01         96638723186.87  106203971323.94
14          4489.09         4748.57         105610059556.98 111714619054.55
15          4513.94         4993.59         95670237506.21  105836044024.01
16          4509.69         5125.84         98099691841.22  111502795597.57
17          4476.99         5194.81         99780562278.61  115778956973.10
18          4470.09         5153.13         104098927638.07 120005532950.10
19          4480.83         4865.91         97857583891.19  106267463992.76
20          4505.29         5210.90         102347462434.85 118377097752.18
21          4500.84         5087.25         103175299651.56 116617824864.37
22          4522.71         4945.33         104928946224.34 114733990724.54
23          4492.85         4974.00         99377984303.50  110020479238.93
24          4507.26         5065.90         104380144828.63 117317398620.77
2021-12-16 19:03:13,410 - __main__ - INFO - relative error:
             avg(c_acctbal)  avg(s_acctbal)  sum(c_acctbal)  sum(s_acctbal)
c_nationkey                                                                
0           0.00            0.00            0.00            0.00           
1           0.01            0.03            0.01            0.03           
2           0.04            0.06            0.04            0.06           
3           0.06            0.03            0.06            0.03           
4           0.02            0.01            0.02            0.01           
5           0.02            0.01            0.02            0.01           
6           0.01            0.06            0.01            0.06           
7           0.01            0.01            0.01            0.01           
8           0.02            0.04            0.02            0.04           
9           0.01            0.01            0.01            0.01           
10          0.04            0.03            0.04            0.03           
11          0.02            0.06            0.02            0.06           
12          0.03            0.01            0.03            0.01           
13          0.01            0.00            0.01            0.00           
14          0.01            0.03            0.01            0.03           
15          0.03            0.03            0.03            0.03           
16          0.03            0.02            0.03            0.02           
17          0.02            0.04            0.02            0.04           
18          0.03            0.09            0.03            0.09           
19          0.04            0.04            0.04            0.04           
20          0.01            0.01            0.01            0.01           
21          0.02            0.03            0.02            0.03           
22          0.03            0.04            0.03            0.04           
23          0.03            0.00            0.03            0.00           
24          0.00            0.09            0.00            0.09           
2021-12-16 19:03:13,410 - __main__ - INFO - relative error average :0.02702775895535847
2021-12-16 19:03:13,410 - __main__ - INFO - relative error normalized average :0.026475040563353803
2021-12-16 19:03:13,410 - __main__ - INFO - relative error var normalized average :0.0030417357169266013
2021-12-16 19:03:13,412 - __main__ - INFO - total_time:4.503290005028248
