main.py:19: FutureWarning: Passing a negative integer is deprecated in version 1.0 and will not be supported in future version. Instead, use None to not limit the column width.
  pd.set_option('max_colwidth', -1)
2022-07-11 16:18:19,352 - main.py[line:581] - INFO: load query config config/query/census.json successfully
2022-07-11 16:18:19,352 - main.py[line:588] - INFO: load train config ./config/train/census_a_torch_cvae.json successfully
2022-07-11 16:18:19,352 - main.py[line:588] - INFO: load train config ./config/train/census_b_torch_cvae.json successfully
2022-07-11 16:18:19,352 - dataset_utils.py[line:567] - INFO: load existing dataset(light):census-adult-a_a_education_num_a_fnlwgt#a_age#a_hours_per_week_a_education_num_binary_gaussian5_0
2022-07-11 16:18:19,433 - dataset_utils.py[line:576] - INFO: load dataset(light) time elapsed:0.08039727061986923
2022-07-11 16:18:19,433 - pytorch_cvae.py[line:276] - INFO: feature info:[('a_fnlwgt', 'numerical', 6), ('a_age', 'numerical', 6), ('a_hours_per_week', 'numerical', 6), ('a_education_num', 'categorical', 5)]
2022-07-11 16:18:19,434 - model_utils.py[line:75] - INFO: load model name:torch_cvae_census-adult-a_a_education_num_ld50_id100_bs512_ep100_0_binary_gaussian5
2022-07-11 16:18:21,509 - model_utils.py[line:86] - INFO: load torch model time elapsed:2.07479714974761
2022-07-11 16:18:21,509 - pytorch_cvae.py[line:286] - INFO: load model time elapsed:2.156683150678873
2022-07-11 16:18:21,509 - dataset_utils.py[line:567] - INFO: load existing dataset(light):census-adult-b_b_education_num__b_education_num_binary_gaussian5_0
2022-07-11 16:18:21,518 - dataset_utils.py[line:576] - INFO: load dataset(light) time elapsed:0.008841421455144882
2022-07-11 16:18:21,518 - pytorch_cvae.py[line:276] - INFO: feature info:[('b_education_num', 'categorical', 5)]
2022-07-11 16:18:21,519 - model_utils.py[line:75] - INFO: load model name:torch_cvae_census-adult-b_b_education_num_ld50_id100_bs512_ep100_0_binary_gaussian5
2022-07-11 16:18:21,520 - model_utils.py[line:86] - INFO: load torch model time elapsed:0.0013816803693771362
2022-07-11 16:18:21,520 - pytorch_cvae.py[line:286] - INFO: load model time elapsed:0.010948382318019867
2022-07-11 16:18:21,520 - main.py[line:525] - INFO: multi_sampling No.0 epoch
2022-07-11 16:18:21,525 - main.py[line:525] - INFO: multi_sampling No.1 epoch
2022-07-11 16:18:21,526 - main.py[line:525] - INFO: multi_sampling No.2 epoch
2022-07-11 16:18:22,069 - pytorch_cvae.py[line:399] - INFO: sampling time:0.5434872023761272
2022-07-11 16:18:22,102 - pytorch_cvae.py[line:419] - INFO: house sampling rate:0.05
2022-07-11 16:18:22,174 - pytorch_cvae.py[line:399] - INFO: sampling time:0.6531693562865257
2022-07-11 16:18:22,213 - pytorch_cvae.py[line:399] - INFO: sampling time:0.6870656572282314
2022-07-11 16:18:22,276 - pytorch_cvae.py[line:419] - INFO: house sampling rate:0.05
2022-07-11 16:18:22,301 - pytorch_cvae.py[line:419] - INFO: house sampling rate:0.05
2022-07-11 16:18:22,357 - pytorch_cvae.py[line:399] - INFO: sampling time:0.2544352449476719
2022-07-11 16:18:22,411 - pytorch_cvae.py[line:399] - INFO: sampling time:0.10983148589730263
2022-07-11 16:18:22,514 - pytorch_cvae.py[line:399] - INFO: sampling time:0.2145460583269596
2022-07-11 16:18:23,011 - main.py[line:509] - INFO: sample and aggregation time elapsed:1.4857679307460785
2022-07-11 16:18:23,074 - main.py[line:509] - INFO: sample and aggregation time elapsed:1.547744009643793
2022-07-11 16:18:23,144 - main.py[line:509] - INFO: sample and aggregation time elapsed:1.623829334974289
2022-07-11 16:18:23,149 - main.py[line:542] - INFO: sample time: 1.628542885184288
2022-07-11 16:18:23,171 - main.py[line:99] - INFO: aqp result:
                 avg(a_age)  avg(a_hours_per_week)  avg(a_fnlwgt)  \
a_education_num                                                     
1               38.48       38.84                  172951.90        
2               38.42       39.31                  166405.50        
3               38.57       39.76                  170515.12        
4               39.05       39.66                  170904.12        
5               39.03       39.67                  169921.11        
6               38.24       39.43                  170324.67        
7               38.77       39.62                  170408.92        
8               38.93       39.95                  169781.57        
9               38.23       39.51                  169712.20        
10              38.82       39.31                  169692.60        
11              38.43       40.40                  172133.36        
12              38.34       39.92                  168268.95        
13              38.78       39.49                  166425.02        
14              37.76       39.72                  170905.81        
15              37.59       39.81                  174433.20        
16              37.74       40.29                  171282.26        

                    sum(a_age)  sum(a_hours_per_week)      sum(a_fnlwgt)  
a_education_num                                                           
1               2000506.34     2019196.87             8990731329.53       
2               22807512.00    23336497.19            98784399687.20      
3               95417441.91    98370857.85            421884615293.47     
4               355911348.88   361512684.76           1557669494551.22    
5               209963106.49   213412868.26           914156336096.54     
6               681373339.71   702499878.00           3034926925362.47    
7               1166082492.85  1191531355.60          5125511281563.59    
8               146166564.13   150015862.91           637476795004.16     
9               88559258150.19 91512447469.39         393118828744459.75  
10              44689596000.79 45248685924.18         195349998988444.09  
11              1529490538.35  1607967320.40          6851062933255.35    
12              929465270.14   967682332.45           4079330540512.74    
13              23591509146.82 24025828683.93         101243106214404.55  
14              2333803155.35  2454831539.18          10563071463280.34   
15              260031239.85   275416042.67           1206742029941.76    
16              136212675.76   145388881.26           618153611385.03     
2022-07-11 16:18:23,173 - main.py[line:100] - INFO: ground truth:
                  sum(a_age)  avg(a_age)  sum(a_hours_per_week)  \
a_education_num                                                   
1                2031480     39.08       2082643.20               
10               44452980128 38.56       45549279985.55           
11               1525713214  38.28       1584781427.69            
12               944372871   38.90       966552746.34             
13               23507072916 38.59       24078556514.48           
14               2392708715  38.66       2446393121.33            
15               267829688   38.66       274754216.44             
16               138387097   38.29       143994096.38             
2                23100702    38.86       23688203.98              
3                96651470    39.01       99301299.12              
4                351713883   38.54       362354449.21             
5                208430442   38.69       211279237.14             
6                682399872   38.25       699976780.53             
7                1167390896  38.76       1197998019.35            
8                143650815   38.21       147510782.09             
9                89422406979 38.55       91544134894.67           

                 avg(a_hours_per_week)      sum(a_fnlwgt)  avg(a_fnlwgt)  
a_education_num                                                           
1               40.06                  9230224059.94      177558.94       
10              39.51                  205404792384807.09 178188.57       
11              39.76                  7056779504246.63   177065.92       
12              39.82                  4299598708023.12   177118.04       
13              39.53                  107642516109517.23 176708.86       
14              39.53                  10917581923528.38  176403.89       
15              39.66                  1227094390856.00   177135.74       
16              39.85                  633778561363.00    175377.27       
2               39.85                  103819245989.45    174650.21       
3               40.08                  438226364458.29    176884.20       
4               39.70                  1642737882074.27   179997.64       
5               39.22                  961460560464.34    178476.56       
6               39.23                  3146896115757.28   176374.01       
7               39.78                  5236529708342.73   173866.28       
8               39.23                  666164527647.66    177184.56       
9               39.47                  410400044228388.38 176936.08       
2022-07-11 16:18:23,183 - main.py[line:550] - INFO: relative error:
                 avg(a_age)  avg(a_fnlwgt)  avg(a_hours_per_week)  sum(a_age)  \
a_education_num                                                                 
1               0.02        0.03           0.03                   0.02          
2               0.01        0.05           0.01                   0.01          
3               0.01        0.04           0.01                   0.01          
4               0.01        0.05           0.00                   0.01          
5               0.01        0.05           0.01                   0.01          
6               0.00        0.03           0.00                   0.00          
7               0.00        0.02           0.00                   0.00          
8               0.02        0.04           0.02                   0.02          
9               0.01        0.04           0.00                   0.01          
10              0.01        0.05           0.01                   0.01          
11              0.00        0.03           0.02                   0.00          
12              0.01        0.05           0.00                   0.02          
13              0.00        0.06           0.00                   0.00          
14              0.02        0.03           0.00                   0.02          
15              0.03        0.02           0.00                   0.03          
16              0.01        0.02           0.01                   0.02          

                 sum(a_fnlwgt)  sum(a_hours_per_week)  
a_education_num                                        
1               0.03           0.03                    
2               0.05           0.01                    
3               0.04           0.01                    
4               0.05           0.00                    
5               0.05           0.01                    
6               0.04           0.00                    
7               0.02           0.01                    
8               0.04           0.02                    
9               0.04           0.00                    
10              0.05           0.01                    
11              0.03           0.01                    
12              0.05           0.00                    
13              0.06           0.00                    
14              0.03           0.00                    
15              0.02           0.00                    
16              0.02           0.01                    
2022-07-11 16:18:23,184 - main.py[line:551] - INFO: relative error normalized:
                 avg(a_age)  avg(a_fnlwgt)  avg(a_hours_per_week)  sum(a_age)  \
a_education_num                                                                 
1               0.02        0.03           0.03                   0.02          
2               0.01        0.05           0.01                   0.01          
3               0.01        0.04           0.01                   0.01          
4               0.01        0.05           0.00                   0.01          
5               0.01        0.05           0.01                   0.01          
6               0.00        0.03           0.00                   0.00          
7               0.00        0.02           0.00                   0.00          
8               0.02        0.04           0.02                   0.02          
9               0.01        0.04           0.00                   0.01          
10              0.01        0.05           0.01                   0.01          
11              0.00        0.03           0.02                   0.00          
12              0.01        0.05           0.00                   0.02          
13              0.00        0.06           0.00                   0.00          
14              0.02        0.03           0.00                   0.02          
15              0.03        0.02           0.00                   0.03          
16              0.01        0.02           0.01                   0.02          

                 sum(a_fnlwgt)  sum(a_hours_per_week)  
a_education_num                                        
1               0.03           0.03                    
2               0.05           0.01                    
3               0.04           0.01                    
4               0.05           0.00                    
5               0.05           0.01                    
6               0.03           0.00                    
7               0.02           0.01                    
8               0.04           0.02                    
9               0.04           0.00                    
10              0.05           0.01                    
11              0.03           0.01                    
12              0.05           0.00                    
13              0.06           0.00                    
14              0.03           0.00                    
15              0.02           0.00                    
16              0.02           0.01                    
2022-07-11 16:18:23,184 - main.py[line:554] - INFO: relative error average: 0.019323520241618004
2022-07-11 16:18:23,184 - main.py[line:555] - INFO: relative error normalized average: 0.0190088320975678
2022-07-11 16:18:23,185 - main.py[line:601] - INFO: total_time:3.8324745893478394
categorical_columns: ['a_education_num_0', 'a_education_num_1', 'a_education_num_2', 'a_education_num_3', 'a_education_num_4']
categorical_columns: ['a_education_num_0', 'a_education_num_1', 'a_education_num_2', 'a_education_num_3', 'a_education_num_4']
categorical_columns: ['a_education_num_0', 'a_education_num_1', 'a_education_num_2', 'a_education_num_3', 'a_education_num_4']
categorical_columns: ['b_education_num_0', 'b_education_num_1', 'b_education_num_2', 'b_education_num_3', 'b_education_num_4']
categorical_columns: ['b_education_num_0', 'b_education_num_1', 'b_education_num_2', 'b_education_num_3', 'b_education_num_4']
categorical_columns: ['b_education_num_0', 'b_education_num_1', 'b_education_num_2', 'b_education_num_3', 'b_education_num_4']
