main.py:19: FutureWarning: Passing a negative integer is deprecated in version 1.0 and will not be supported in future version. Instead, use None to not limit the column width.
  pd.set_option('max_colwidth', -1)
2022-07-11 16:18:26,212 - main.py[line:581] - INFO: load query config config/query/census.json successfully
2022-07-11 16:18:26,212 - main.py[line:588] - INFO: load train config ./config/train/census_a_torch_cvae.json successfully
2022-07-11 16:18:26,212 - main.py[line:588] - INFO: load train config ./config/train/census_b_torch_cvae.json successfully
2022-07-11 16:18:26,212 - dataset_utils.py[line:567] - INFO: load existing dataset(light):census-adult-a_a_education_num_a_fnlwgt#a_age#a_hours_per_week_a_education_num_binary_gaussian5_0
2022-07-11 16:18:26,292 - dataset_utils.py[line:576] - INFO: load dataset(light) time elapsed:0.07988457009196281
2022-07-11 16:18:26,292 - pytorch_cvae.py[line:276] - INFO: feature info:[('a_fnlwgt', 'numerical', 6), ('a_age', 'numerical', 6), ('a_hours_per_week', 'numerical', 6), ('a_education_num', 'categorical', 5)]
2022-07-11 16:18:26,293 - model_utils.py[line:75] - INFO: load model name:torch_cvae_census-adult-a_a_education_num_ld50_id100_bs512_ep100_0_binary_gaussian5
2022-07-11 16:18:28,363 - model_utils.py[line:86] - INFO: load torch model time elapsed:2.0693067386746407
2022-07-11 16:18:28,363 - pytorch_cvae.py[line:286] - INFO: load model time elapsed:2.150696448981762
2022-07-11 16:18:28,363 - dataset_utils.py[line:567] - INFO: load existing dataset(light):census-adult-b_b_education_num__b_education_num_binary_gaussian5_0
2022-07-11 16:18:28,370 - dataset_utils.py[line:576] - INFO: load dataset(light) time elapsed:0.007674448192119598
2022-07-11 16:18:28,371 - pytorch_cvae.py[line:276] - INFO: feature info:[('b_education_num', 'categorical', 5)]
2022-07-11 16:18:28,371 - model_utils.py[line:75] - INFO: load model name:torch_cvae_census-adult-b_b_education_num_ld50_id100_bs512_ep100_0_binary_gaussian5
2022-07-11 16:18:28,372 - model_utils.py[line:86] - INFO: load torch model time elapsed:0.0013880655169487
2022-07-11 16:18:28,373 - pytorch_cvae.py[line:286] - INFO: load model time elapsed:0.009797990322113037
2022-07-11 16:18:28,373 - main.py[line:525] - INFO: multi_sampling No.0 epoch
2022-07-11 16:18:28,378 - main.py[line:525] - INFO: multi_sampling No.1 epoch
2022-07-11 16:18:28,378 - main.py[line:525] - INFO: multi_sampling No.2 epoch
2022-07-11 16:18:28,953 - pytorch_cvae.py[line:399] - INFO: sampling time:0.5747634097933769
2022-07-11 16:18:29,000 - pytorch_cvae.py[line:419] - INFO: house sampling rate:0.05
2022-07-11 16:18:29,083 - pytorch_cvae.py[line:399] - INFO: sampling time:0.7045916803181171
2022-07-11 16:18:29,147 - pytorch_cvae.py[line:399] - INFO: sampling time:0.7737992219626904
2022-07-11 16:18:29,212 - pytorch_cvae.py[line:419] - INFO: house sampling rate:0.05
2022-07-11 16:18:29,248 - pytorch_cvae.py[line:419] - INFO: house sampling rate:0.05
2022-07-11 16:18:29,286 - pytorch_cvae.py[line:399] - INFO: sampling time:0.2849741131067276
2022-07-11 16:18:29,348 - pytorch_cvae.py[line:399] - INFO: sampling time:0.1353420428931713
2022-07-11 16:18:29,496 - pytorch_cvae.py[line:399] - INFO: sampling time:0.24865685403347015
2022-07-11 16:18:30,370 - main.py[line:509] - INFO: sample and aggregation time elapsed:1.9927539974451065
2022-07-11 16:18:30,433 - main.py[line:509] - INFO: sample and aggregation time elapsed:2.055054262280464
2022-07-11 16:18:30,619 - main.py[line:509] - INFO: sample and aggregation time elapsed:2.246499214321375
2022-07-11 16:18:30,624 - main.py[line:542] - INFO: sample time: 2.2514097318053246
2022-07-11 16:18:30,646 - main.py[line:99] - INFO: aqp result:
                 avg(a_age)  avg(a_hours_per_week)  avg(a_fnlwgt)  \
a_education_num                                                     
1               38.05       39.41                  171255.72        
2               38.72       39.20                  167397.12        
3               38.45       39.90                  170473.75        
4               38.52       40.09                  167740.06        
5               38.31       39.65                  166873.47        
6               39.21       39.75                  167484.59        
7               38.36       39.72                  171029.55        
8               38.38       40.35                  172059.59        
9               38.30       39.65                  171825.60        
10              38.90       40.05                  172038.27        
11              38.38       39.48                  171004.91        
12              38.27       39.79                  171772.99        
13              38.24       39.86                  167723.44        
14              37.81       40.29                  172364.13        
15              37.90       40.21                  168019.86        
16              37.58       39.64                  170677.37        

                    sum(a_age)  sum(a_hours_per_week)      sum(a_fnlwgt)  
a_education_num                                                           
1               1978156.34     2048555.68             8902557461.07       
2               23005814.30    23291332.49            99462909873.01      
3               95225843.84    98796191.64            422157169029.61     
4               351429387.06   365747403.66           1530190315260.57    
5               206281093.90   213514602.40           898556639589.64     
6               699270416.77   708989010.04           2986965597291.93    
7               1154923350.76  1195734321.41          5148789960073.62    
8               144239241.16   151620482.08           646607395492.95     
9               88790333508.53 91926325105.85         398369158035601.50  
10              44819473094.24 46148094745.31         198226922773218.16  
11              1529044019.14  1572608501.81          6812204908051.19    
12              928503305.35   965581717.69           4167988407022.23    
13              23283834478.43 24271511634.22         102123678869866.52  
14              2338815099.82  2492454252.15          10662785291072.63   
15              262430471.62   278427353.32           1163421676933.06    
16              135745412.79   143190078.55           616519322087.94     
2022-07-11 16:18:30,648 - main.py[line:100] - INFO: ground truth:
                  sum(a_age)  avg(a_age)  sum(a_hours_per_week)  \
a_education_num                                                   
1                2031480     39.08       2082643.20               
10               44452980128 38.56       45549279985.55           
11               1525713214  38.28       1584781427.69            
12               944372871   38.90       966552746.34             
13               23507072916 38.59       24078556514.48           
14               2392708715  38.66       2446393121.33            
15               267829688   38.66       274754216.44             
16               138387097   38.29       143994096.38             
2                23100702    38.86       23688203.98              
3                96651470    39.01       99301299.12              
4                351713883   38.54       362354449.21             
5                208430442   38.69       211279237.14             
6                682399872   38.25       699976780.53             
7                1167390896  38.76       1197998019.35            
8                143650815   38.21       147510782.09             
9                89422406979 38.55       91544134894.67           

                 avg(a_hours_per_week)      sum(a_fnlwgt)  avg(a_fnlwgt)  
a_education_num                                                           
1               40.06                  9230224059.94      177558.94       
10              39.51                  205404792384807.09 178188.57       
11              39.76                  7056779504246.63   177065.92       
12              39.82                  4299598708023.12   177118.04       
13              39.53                  107642516109517.23 176708.86       
14              39.53                  10917581923528.38  176403.89       
15              39.66                  1227094390856.00   177135.74       
16              39.85                  633778561363.00    175377.27       
2               39.85                  103819245989.45    174650.21       
3               40.08                  438226364458.29    176884.20       
4               39.70                  1642737882074.27   179997.64       
5               39.22                  961460560464.34    178476.56       
6               39.23                  3146896115757.28   176374.01       
7               39.78                  5236529708342.73   173866.28       
8               39.23                  666164527647.66    177184.56       
9               39.47                  410400044228388.38 176936.08       
2022-07-11 16:18:30,658 - main.py[line:550] - INFO: relative error:
                 avg(a_age)  avg(a_fnlwgt)  avg(a_hours_per_week)  sum(a_age)  \
a_education_num                                                                 
1               0.03        0.04           0.02                   0.03          
2               0.00        0.04           0.02                   0.00          
3               0.01        0.04           0.00                   0.01          
4               0.00        0.07           0.01                   0.00          
5               0.01        0.07           0.01                   0.01          
6               0.03        0.05           0.01                   0.02          
7               0.01        0.02           0.00                   0.01          
8               0.00        0.03           0.03                   0.00          
9               0.01        0.03           0.00                   0.01          
10              0.01        0.03           0.01                   0.01          
11              0.00        0.03           0.01                   0.00          
12              0.02        0.03           0.00                   0.02          
13              0.01        0.05           0.01                   0.01          
14              0.02        0.02           0.02                   0.02          
15              0.02        0.05           0.01                   0.02          
16              0.02        0.03           0.01                   0.02          

                 sum(a_fnlwgt)  sum(a_hours_per_week)  
a_education_num                                        
1               0.04           0.02                    
2               0.04           0.02                    
3               0.04           0.01                    
4               0.07           0.01                    
5               0.07           0.01                    
6               0.05           0.01                    
7               0.02           0.00                    
8               0.03           0.03                    
9               0.03           0.00                    
10              0.03           0.01                    
11              0.03           0.01                    
12              0.03           0.00                    
13              0.05           0.01                    
14              0.02           0.02                    
15              0.05           0.01                    
16              0.03           0.01                    
2022-07-11 16:18:30,659 - main.py[line:551] - INFO: relative error normalized:
                 avg(a_age)  avg(a_fnlwgt)  avg(a_hours_per_week)  sum(a_age)  \
a_education_num                                                                 
1               0.03        0.03           0.02                   0.03          
2               0.00        0.04           0.02                   0.00          
3               0.01        0.04           0.00                   0.01          
4               0.00        0.07           0.01                   0.00          
5               0.01        0.06           0.01                   0.01          
6               0.02        0.05           0.01                   0.02          
7               0.01        0.02           0.00                   0.01          
8               0.00        0.03           0.03                   0.00          
9               0.01        0.03           0.00                   0.01          
10              0.01        0.03           0.01                   0.01          
11              0.00        0.03           0.01                   0.00          
12              0.02        0.03           0.00                   0.02          
13              0.01        0.05           0.01                   0.01          
14              0.02        0.02           0.02                   0.02          
15              0.02        0.05           0.01                   0.02          
16              0.02        0.03           0.01                   0.02          

                 sum(a_fnlwgt)  sum(a_hours_per_week)  
a_education_num                                        
1               0.03           0.02                    
2               0.04           0.02                    
3               0.04           0.01                    
4               0.07           0.01                    
5               0.06           0.01                    
6               0.05           0.01                    
7               0.02           0.00                    
8               0.03           0.03                    
9               0.03           0.00                    
10              0.03           0.01                    
11              0.03           0.01                    
12              0.03           0.00                    
13              0.05           0.01                    
14              0.02           0.02                    
15              0.05           0.01                    
16              0.03           0.01                    
2022-07-11 16:18:30,659 - main.py[line:554] - INFO: relative error average: 0.020793698747568982
2022-07-11 16:18:30,660 - main.py[line:555] - INFO: relative error normalized average: 0.020446866371590055
2022-07-11 16:18:30,660 - main.py[line:601] - INFO: total_time:4.448141064494848
categorical_columns: ['a_education_num_0', 'a_education_num_1', 'a_education_num_2', 'a_education_num_3', 'a_education_num_4']
categorical_columns: ['a_education_num_0', 'a_education_num_1', 'a_education_num_2', 'a_education_num_3', 'a_education_num_4']
categorical_columns: ['a_education_num_0', 'a_education_num_1', 'a_education_num_2', 'a_education_num_3', 'a_education_num_4']
categorical_columns: ['b_education_num_0', 'b_education_num_1', 'b_education_num_2', 'b_education_num_3', 'b_education_num_4']
categorical_columns: ['b_education_num_0', 'b_education_num_1', 'b_education_num_2', 'b_education_num_3', 'b_education_num_4']
categorical_columns: ['b_education_num_0', 'b_education_num_1', 'b_education_num_2', 'b_education_num_3', 'b_education_num_4']
