main.py:19: FutureWarning: Passing a negative integer is deprecated in version 1.0 and will not be supported in future version. Instead, use None to not limit the column width.
  pd.set_option('max_colwidth', -1)
2022-07-11 16:19:07,899 - main.py[line:581] - INFO: load query config config/query/census.json successfully
2022-07-11 16:19:07,899 - main.py[line:588] - INFO: load train config ./config/train/census_a_torch_cvae.json successfully
2022-07-11 16:19:07,899 - main.py[line:588] - INFO: load train config ./config/train/census_b_torch_cvae.json successfully
2022-07-11 16:19:07,899 - dataset_utils.py[line:567] - INFO: load existing dataset(light):census-adult-a_a_education_num_a_fnlwgt#a_age#a_hours_per_week_a_education_num_binary_gaussian5_0
2022-07-11 16:19:07,992 - dataset_utils.py[line:576] - INFO: load dataset(light) time elapsed:0.09272503480315208
2022-07-11 16:19:07,992 - pytorch_cvae.py[line:276] - INFO: feature info:[('a_fnlwgt', 'numerical', 6), ('a_age', 'numerical', 6), ('a_hours_per_week', 'numerical', 6), ('a_education_num', 'categorical', 5)]
2022-07-11 16:19:07,995 - model_utils.py[line:75] - INFO: load model name:torch_cvae_census-adult-a_a_education_num_ld50_id100_bs512_ep100_0_binary_gaussian5
2022-07-11 16:19:10,062 - model_utils.py[line:86] - INFO: load torch model time elapsed:2.067457366734743
2022-07-11 16:19:10,062 - pytorch_cvae.py[line:286] - INFO: load model time elapsed:2.162942349910736
2022-07-11 16:19:10,062 - dataset_utils.py[line:567] - INFO: load existing dataset(light):census-adult-b_b_education_num__b_education_num_binary_gaussian5_0
2022-07-11 16:19:10,071 - dataset_utils.py[line:576] - INFO: load dataset(light) time elapsed:0.009188733994960785
2022-07-11 16:19:10,071 - pytorch_cvae.py[line:276] - INFO: feature info:[('b_education_num', 'categorical', 5)]
2022-07-11 16:19:10,072 - model_utils.py[line:75] - INFO: load model name:torch_cvae_census-adult-b_b_education_num_ld50_id100_bs512_ep100_0_binary_gaussian5
2022-07-11 16:19:10,073 - model_utils.py[line:86] - INFO: load torch model time elapsed:0.0013817809522151947
2022-07-11 16:19:10,073 - pytorch_cvae.py[line:286] - INFO: load model time elapsed:0.011300936341285706
2022-07-11 16:19:10,073 - main.py[line:525] - INFO: multi_sampling No.0 epoch
2022-07-11 16:19:10,079 - main.py[line:525] - INFO: multi_sampling No.1 epoch
2022-07-11 16:19:10,079 - main.py[line:525] - INFO: multi_sampling No.2 epoch
2022-07-11 16:19:10,682 - pytorch_cvae.py[line:399] - INFO: sampling time:0.6026505716145039
2022-07-11 16:19:10,839 - pytorch_cvae.py[line:419] - INFO: house sampling rate:0.05
2022-07-11 16:19:10,935 - pytorch_cvae.py[line:399] - INFO: sampling time:0.8605395630002022
2022-07-11 16:19:11,008 - pytorch_cvae.py[line:399] - INFO: sampling time:0.9293058440089226
2022-07-11 16:19:11,260 - pytorch_cvae.py[line:419] - INFO: house sampling rate:0.05
2022-07-11 16:19:11,291 - pytorch_cvae.py[line:419] - INFO: house sampling rate:0.05
2022-07-11 16:19:11,344 - pytorch_cvae.py[line:399] - INFO: sampling time:0.5046798698604107
2022-07-11 16:19:11,400 - pytorch_cvae.py[line:399] - INFO: sampling time:0.10834883898496628
2022-07-11 16:19:11,446 - pytorch_cvae.py[line:399] - INFO: sampling time:0.1848575919866562
2022-07-11 16:19:14,070 - main.py[line:509] - INFO: sample and aggregation time elapsed:3.9908206425607204
2022-07-11 16:19:14,210 - main.py[line:509] - INFO: sample and aggregation time elapsed:4.136209085583687
2022-07-11 16:19:14,351 - main.py[line:509] - INFO: sample and aggregation time elapsed:4.272112432867289
2022-07-11 16:19:14,356 - main.py[line:542] - INFO: sample time: 4.282172039151192
2022-07-11 16:19:14,378 - main.py[line:99] - INFO: aqp result:
                 avg(a_age)  avg(a_hours_per_week)  avg(a_fnlwgt)  \
a_education_num                                                     
1               38.94       39.31                  175721.06        
2               38.61       39.28                  166825.61        
3               38.48       39.60                  171243.41        
4               38.57       39.42                  170317.14        
5               38.63       39.62                  169545.60        
6               38.69       39.60                  170777.95        
7               38.32       39.66                  171029.69        
8               38.45       40.14                  171732.92        
9               38.43       39.67                  170541.13        
10              38.42       39.57                  171470.23        
11              38.07       39.70                  171391.68        
12              38.21       39.87                  169949.70        
13              38.23       39.54                  170205.71        
14              38.20       39.97                  171912.85        
15              38.17       40.04                  167268.71        
16              37.74       39.84                  170692.60        

                    sum(a_age)  sum(a_hours_per_week)      sum(a_fnlwgt)  
a_education_num                                                           
1               2024377.51     2043417.25             9134683490.49       
2               22953641.90    23352033.86            99167984877.05      
3               95337837.11    98103482.56            424251448549.00     
4               351975446.11   359774314.29           1554389300792.80    
5               208100947.52   213436505.21           913349104005.48     
6               690246577.08   706481003.18           3047050242406.73    
7               1154132957.56  1194415025.96          5151096827069.34    
8               144548385.94   150922579.30           645667867179.44     
9               89135724759.06 92003106547.43         395567069661867.50  
10              44289544561.89 45614905437.14         197660296401067.88  
11              1517355834.64  1582218240.32          6830638583637.96    
12              927530760.48   967978479.69           4125584837832.94    
13              23285052249.50 24087948963.27         103681107086102.12  
14              2364024014.99  2473426219.32          10639632748115.37   
15              264386057.37   277361131.76           1158741272719.65    
16              136396368.46   143986124.24           616849078527.00     
2022-07-11 16:19:14,380 - main.py[line:100] - INFO: ground truth:
                  sum(a_age)  avg(a_age)  sum(a_hours_per_week)  \
a_education_num                                                   
1                2031480     39.08       2082643.20               
10               44452980128 38.56       45549279985.55           
11               1525713214  38.28       1584781427.69            
12               944372871   38.90       966552746.34             
13               23507072916 38.59       24078556514.48           
14               2392708715  38.66       2446393121.33            
15               267829688   38.66       274754216.44             
16               138387097   38.29       143994096.38             
2                23100702    38.86       23688203.98              
3                96651470    39.01       99301299.12              
4                351713883   38.54       362354449.21             
5                208430442   38.69       211279237.14             
6                682399872   38.25       699976780.53             
7                1167390896  38.76       1197998019.35            
8                143650815   38.21       147510782.09             
9                89422406979 38.55       91544134894.67           

                 avg(a_hours_per_week)      sum(a_fnlwgt)  avg(a_fnlwgt)  
a_education_num                                                           
1               40.06                  9230224059.94      177558.94       
10              39.51                  205404792384807.09 178188.57       
11              39.76                  7056779504246.63   177065.92       
12              39.82                  4299598708023.12   177118.04       
13              39.53                  107642516109517.23 176708.86       
14              39.53                  10917581923528.38  176403.89       
15              39.66                  1227094390856.00   177135.74       
16              39.85                  633778561363.00    175377.27       
2               39.85                  103819245989.45    174650.21       
3               40.08                  438226364458.29    176884.20       
4               39.70                  1642737882074.27   179997.64       
5               39.22                  961460560464.34    178476.56       
6               39.23                  3146896115757.28   176374.01       
7               39.78                  5236529708342.73   173866.28       
8               39.23                  666164527647.66    177184.56       
9               39.47                  410400044228388.38 176936.08       
2022-07-11 16:19:14,390 - main.py[line:550] - INFO: relative error:
                 avg(a_age)  avg(a_fnlwgt)  avg(a_hours_per_week)  sum(a_age)  \
a_education_num                                                                 
1               0.00        0.01           0.02                   0.00          
2               0.01        0.04           0.01                   0.01          
3               0.01        0.03           0.01                   0.01          
4               0.00        0.05           0.01                   0.00          
5               0.00        0.05           0.01                   0.00          
6               0.01        0.03           0.01                   0.01          
7               0.01        0.02           0.00                   0.01          
8               0.01        0.03           0.02                   0.01          
9               0.00        0.04           0.01                   0.00          
10              0.00        0.04           0.00                   0.00          
11              0.01        0.03           0.00                   0.01          
12              0.02        0.04           0.00                   0.02          
13              0.01        0.04           0.00                   0.01          
14              0.01        0.03           0.01                   0.01          
15              0.01        0.06           0.01                   0.01          
16              0.01        0.03           0.00                   0.01          

                 sum(a_fnlwgt)  sum(a_hours_per_week)  
a_education_num                                        
1               0.01           0.02                    
2               0.04           0.01                    
3               0.03           0.01                    
4               0.05           0.01                    
5               0.05           0.01                    
6               0.03           0.01                    
7               0.02           0.00                    
8               0.03           0.02                    
9               0.04           0.01                    
10              0.04           0.00                    
11              0.03           0.00                    
12              0.04           0.00                    
13              0.04           0.00                    
14              0.03           0.01                    
15              0.06           0.01                    
16              0.03           0.00                    
2022-07-11 16:19:14,391 - main.py[line:551] - INFO: relative error normalized:
                 avg(a_age)  avg(a_fnlwgt)  avg(a_hours_per_week)  sum(a_age)  \
a_education_num                                                                 
1               0.00        0.01           0.02                   0.00          
2               0.01        0.04           0.01                   0.01          
3               0.01        0.03           0.01                   0.01          
4               0.00        0.05           0.01                   0.00          
5               0.00        0.05           0.01                   0.00          
6               0.01        0.03           0.01                   0.01          
7               0.01        0.02           0.00                   0.01          
8               0.01        0.03           0.02                   0.01          
9               0.00        0.04           0.01                   0.00          
10              0.00        0.04           0.00                   0.00          
11              0.01        0.03           0.00                   0.01          
12              0.02        0.04           0.00                   0.02          
13              0.01        0.04           0.00                   0.01          
14              0.01        0.03           0.01                   0.01          
15              0.01        0.05           0.01                   0.01          
16              0.01        0.03           0.00                   0.01          

                 sum(a_fnlwgt)  sum(a_hours_per_week)  
a_education_num                                        
1               0.01           0.02                    
2               0.04           0.01                    
3               0.03           0.01                    
4               0.05           0.01                    
5               0.05           0.01                    
6               0.03           0.01                    
7               0.02           0.00                    
8               0.03           0.02                    
9               0.04           0.01                    
10              0.04           0.00                    
11              0.03           0.00                    
12              0.04           0.00                    
13              0.04           0.00                    
14              0.03           0.01                    
15              0.05           0.01                    
16              0.03           0.00                    
2022-07-11 16:19:14,391 - main.py[line:554] - INFO: relative error average: 0.017142277595914916
2022-07-11 16:19:14,391 - main.py[line:555] - INFO: relative error normalized average: 0.016883047827867828
2022-07-11 16:19:14,391 - main.py[line:601] - INFO: total_time:6.49270835518837
categorical_columns: ['a_education_num_0', 'a_education_num_1', 'a_education_num_2', 'a_education_num_3', 'a_education_num_4']
categorical_columns: ['a_education_num_0', 'a_education_num_1', 'a_education_num_2', 'a_education_num_3', 'a_education_num_4']
categorical_columns: ['a_education_num_0', 'a_education_num_1', 'a_education_num_2', 'a_education_num_3', 'a_education_num_4']
categorical_columns: ['b_education_num_0', 'b_education_num_1', 'b_education_num_2', 'b_education_num_3', 'b_education_num_4']
categorical_columns: ['b_education_num_0', 'b_education_num_1', 'b_education_num_2', 'b_education_num_3', 'b_education_num_4']
categorical_columns: ['b_education_num_0', 'b_education_num_1', 'b_education_num_2', 'b_education_num_3', 'b_education_num_4']
