main.py:19: FutureWarning: Passing a negative integer is deprecated in version 1.0 and will not be supported in future version. Instead, use None to not limit the column width.
  pd.set_option('max_colwidth', -1)
2022-07-11 16:19:17,402 - main.py[line:581] - INFO: load query config config/query/census.json successfully
2022-07-11 16:19:17,402 - main.py[line:588] - INFO: load train config ./config/train/census_a_torch_cvae.json successfully
2022-07-11 16:19:17,402 - main.py[line:588] - INFO: load train config ./config/train/census_b_torch_cvae.json successfully
2022-07-11 16:19:17,402 - dataset_utils.py[line:567] - INFO: load existing dataset(light):census-adult-a_a_education_num_a_fnlwgt#a_age#a_hours_per_week_a_education_num_binary_gaussian5_0
2022-07-11 16:19:17,494 - dataset_utils.py[line:576] - INFO: load dataset(light) time elapsed:0.09211570024490356
2022-07-11 16:19:17,495 - pytorch_cvae.py[line:276] - INFO: feature info:[('a_fnlwgt', 'numerical', 6), ('a_age', 'numerical', 6), ('a_hours_per_week', 'numerical', 6), ('a_education_num', 'categorical', 5)]
2022-07-11 16:19:17,497 - model_utils.py[line:75] - INFO: load model name:torch_cvae_census-adult-a_a_education_num_ld50_id100_bs512_ep100_0_binary_gaussian5
2022-07-11 16:19:19,586 - model_utils.py[line:86] - INFO: load torch model time elapsed:2.0886961854994297
2022-07-11 16:19:19,586 - pytorch_cvae.py[line:286] - INFO: load model time elapsed:2.1836018599569798
2022-07-11 16:19:19,586 - dataset_utils.py[line:567] - INFO: load existing dataset(light):census-adult-b_b_education_num__b_education_num_binary_gaussian5_0
2022-07-11 16:19:19,595 - dataset_utils.py[line:576] - INFO: load dataset(light) time elapsed:0.009542476385831833
2022-07-11 16:19:19,595 - pytorch_cvae.py[line:276] - INFO: feature info:[('b_education_num', 'categorical', 5)]
2022-07-11 16:19:19,596 - model_utils.py[line:75] - INFO: load model name:torch_cvae_census-adult-b_b_education_num_ld50_id100_bs512_ep100_0_binary_gaussian5
2022-07-11 16:19:19,597 - model_utils.py[line:86] - INFO: load torch model time elapsed:0.001390613615512848
2022-07-11 16:19:19,597 - pytorch_cvae.py[line:286] - INFO: load model time elapsed:0.011665917932987213
2022-07-11 16:19:19,598 - main.py[line:525] - INFO: multi_sampling No.0 epoch
2022-07-11 16:19:19,603 - main.py[line:525] - INFO: multi_sampling No.1 epoch
2022-07-11 16:19:19,603 - main.py[line:525] - INFO: multi_sampling No.2 epoch
2022-07-11 16:19:20,208 - pytorch_cvae.py[line:399] - INFO: sampling time:0.6054047271609306
2022-07-11 16:19:20,334 - pytorch_cvae.py[line:419] - INFO: house sampling rate:0.05
2022-07-11 16:19:20,459 - pytorch_cvae.py[line:399] - INFO: sampling time:0.8606932386755943
2022-07-11 16:19:20,511 - pytorch_cvae.py[line:399] - INFO: sampling time:0.907463226467371
2022-07-11 16:19:20,884 - pytorch_cvae.py[line:419] - INFO: house sampling rate:0.05
2022-07-11 16:19:20,889 - pytorch_cvae.py[line:419] - INFO: house sampling rate:0.05
2022-07-11 16:19:20,946 - pytorch_cvae.py[line:399] - INFO: sampling time:0.6117456220090389
2022-07-11 16:19:21,035 - pytorch_cvae.py[line:399] - INFO: sampling time:0.1450953669846058
2022-07-11 16:19:21,075 - pytorch_cvae.py[line:399] - INFO: sampling time:0.18929794803261757
2022-07-11 16:19:23,986 - main.py[line:509] - INFO: sample and aggregation time elapsed:4.383222993463278
2022-07-11 16:19:24,113 - main.py[line:509] - INFO: sample and aggregation time elapsed:4.509190212935209
2022-07-11 16:19:24,228 - main.py[line:509] - INFO: sample and aggregation time elapsed:4.630176529288292
2022-07-11 16:19:24,233 - main.py[line:542] - INFO: sample time: 4.635271273553371
2022-07-11 16:19:24,254 - main.py[line:99] - INFO: aqp result:
                 avg(a_age)  avg(a_hours_per_week)  avg(a_fnlwgt)  \
a_education_num                                                     
1               38.61       38.71                  168528.54        
2               38.66       39.13                  169782.74        
3               38.81       39.52                  169509.57        
4               38.33       39.72                  169184.50        
5               38.19       39.81                  170120.39        
6               38.54       39.57                  171885.51        
7               38.03       39.76                  171370.88        
8               38.47       39.91                  169560.21        
9               38.12       39.43                  169029.70        
10              38.16       39.29                  171580.33        
11              38.26       39.87                  167934.94        
12              38.17       39.77                  169297.58        
13              38.00       39.76                  170342.84        
14              38.30       39.91                  170471.84        
15              38.16       40.04                  170358.67        
16              38.01       40.18                  171903.07        

                    sum(a_age)  sum(a_hours_per_week)      sum(a_fnlwgt)  
a_education_num                                                           
1               2007121.81     2012409.76             8760787439.34       
2               22981738.23    23263129.54            100925822333.34     
3               96154444.27    97906143.72            419955898716.13     
4               349642581.83   362349310.53           1543367448628.20    
5               205637991.60   214384740.32           916040163721.68     
6               687271698.08   705638254.27           3065454390897.04    
7               1144756094.39  1196888737.61          5159065541812.70    
8               144583999.29   149995687.20           637214965080.11     
9               88376608128.03 91412594916.15         391887206559426.81  
10              43972170856.56 45268896037.40         197699326268707.09  
11              1524072982.55  1588356037.42          6689908669621.46    
12              926295794.85   964913147.95           4107924983427.31    
13              23135346653.34 24206221038.15         103718637938578.06  
14              2369295277.60  2468655247.79          10545724184329.79   
15              264210604.13   277248139.19           1179616323192.49    
16              137281634.61   145154425.02           620947114946.35     
2022-07-11 16:19:24,257 - main.py[line:100] - INFO: ground truth:
                  sum(a_age)  avg(a_age)  sum(a_hours_per_week)  \
a_education_num                                                   
1                2031480     39.08       2082643.20               
10               44452980128 38.56       45549279985.55           
11               1525713214  38.28       1584781427.69            
12               944372871   38.90       966552746.34             
13               23507072916 38.59       24078556514.48           
14               2392708715  38.66       2446393121.33            
15               267829688   38.66       274754216.44             
16               138387097   38.29       143994096.38             
2                23100702    38.86       23688203.98              
3                96651470    39.01       99301299.12              
4                351713883   38.54       362354449.21             
5                208430442   38.69       211279237.14             
6                682399872   38.25       699976780.53             
7                1167390896  38.76       1197998019.35            
8                143650815   38.21       147510782.09             
9                89422406979 38.55       91544134894.67           

                 avg(a_hours_per_week)      sum(a_fnlwgt)  avg(a_fnlwgt)  
a_education_num                                                           
1               40.06                  9230224059.94      177558.94       
10              39.51                  205404792384807.09 178188.57       
11              39.76                  7056779504246.63   177065.92       
12              39.82                  4299598708023.12   177118.04       
13              39.53                  107642516109517.23 176708.86       
14              39.53                  10917581923528.38  176403.89       
15              39.66                  1227094390856.00   177135.74       
16              39.85                  633778561363.00    175377.27       
2               39.85                  103819245989.45    174650.21       
3               40.08                  438226364458.29    176884.20       
4               39.70                  1642737882074.27   179997.64       
5               39.22                  961460560464.34    178476.56       
6               39.23                  3146896115757.28   176374.01       
7               39.78                  5236529708342.73   173866.28       
8               39.23                  666164527647.66    177184.56       
9               39.47                  410400044228388.38 176936.08       
2022-07-11 16:19:24,266 - main.py[line:550] - INFO: relative error:
                 avg(a_age)  avg(a_fnlwgt)  avg(a_hours_per_week)  sum(a_age)  \
a_education_num                                                                 
1               0.01        0.05           0.03                   0.01          
2               0.01        0.03           0.02                   0.01          
3               0.01        0.04           0.01                   0.01          
4               0.01        0.06           0.00                   0.01          
5               0.01        0.05           0.02                   0.01          
6               0.01        0.03           0.01                   0.01          
7               0.02        0.01           0.00                   0.02          
8               0.01        0.04           0.02                   0.01          
9               0.01        0.04           0.00                   0.01          
10              0.01        0.04           0.01                   0.01          
11              0.00        0.05           0.00                   0.00          
12              0.02        0.04           0.00                   0.02          
13              0.02        0.04           0.01                   0.02          
14              0.01        0.03           0.01                   0.01          
15              0.01        0.04           0.01                   0.01          
16              0.01        0.02           0.01                   0.01          

                 sum(a_fnlwgt)  sum(a_hours_per_week)  
a_education_num                                        
1               0.05           0.03                    
2               0.03           0.02                    
3               0.04           0.01                    
4               0.06           0.00                    
5               0.05           0.01                    
6               0.03           0.01                    
7               0.01           0.00                    
8               0.04           0.02                    
9               0.05           0.00                    
10              0.04           0.01                    
11              0.05           0.00                    
12              0.04           0.00                    
13              0.04           0.01                    
14              0.03           0.01                    
15              0.04           0.01                    
16              0.02           0.01                    
2022-07-11 16:19:24,268 - main.py[line:551] - INFO: relative error normalized:
                 avg(a_age)  avg(a_fnlwgt)  avg(a_hours_per_week)  sum(a_age)  \
a_education_num                                                                 
1               0.01        0.05           0.03                   0.01          
2               0.01        0.03           0.02                   0.01          
3               0.01        0.04           0.01                   0.01          
4               0.01        0.06           0.00                   0.01          
5               0.01        0.05           0.02                   0.01          
6               0.01        0.03           0.01                   0.01          
7               0.02        0.01           0.00                   0.02          
8               0.01        0.04           0.02                   0.01          
9               0.01        0.04           0.00                   0.01          
10              0.01        0.04           0.01                   0.01          
11              0.00        0.05           0.00                   0.00          
12              0.02        0.04           0.00                   0.02          
13              0.02        0.04           0.01                   0.02          
14              0.01        0.03           0.01                   0.01          
15              0.01        0.04           0.01                   0.01          
16              0.01        0.02           0.01                   0.01          

                 sum(a_fnlwgt)  sum(a_hours_per_week)  
a_education_num                                        
1               0.05           0.03                    
2               0.03           0.02                    
3               0.04           0.01                    
4               0.06           0.00                    
5               0.05           0.01                    
6               0.03           0.01                    
7               0.01           0.00                    
8               0.04           0.02                    
9               0.04           0.00                    
10              0.04           0.01                    
11              0.05           0.00                    
12              0.04           0.00                    
13              0.04           0.01                    
14              0.03           0.01                    
15              0.04           0.01                    
16              0.02           0.01                    
2022-07-11 16:19:24,268 - main.py[line:554] - INFO: relative error average: 0.019397462562315834
2022-07-11 16:19:24,268 - main.py[line:555] - INFO: relative error normalized average: 0.019082103764350974
2022-07-11 16:19:24,268 - main.py[line:601] - INFO: total_time:6.866390373557806
categorical_columns: ['a_education_num_0', 'a_education_num_1', 'a_education_num_2', 'a_education_num_3', 'a_education_num_4']
categorical_columns: ['a_education_num_0', 'a_education_num_1', 'a_education_num_2', 'a_education_num_3', 'a_education_num_4']
categorical_columns: ['a_education_num_0', 'a_education_num_1', 'a_education_num_2', 'a_education_num_3', 'a_education_num_4']
categorical_columns: ['b_education_num_0', 'b_education_num_1', 'b_education_num_2', 'b_education_num_3', 'b_education_num_4']
categorical_columns: ['b_education_num_0', 'b_education_num_1', 'b_education_num_2', 'b_education_num_3', 'b_education_num_4']
categorical_columns: ['b_education_num_0', 'b_education_num_1', 'b_education_num_2', 'b_education_num_3', 'b_education_num_4']
